prt-get: updating /usr/ports/core-x86_64/less
prt-get: starting build Wed Jul 26 09:34:42 2023
=======> Building '/home/devel/packages/less#633-2.x86_64.pkg.tar.xz'.
bsdtar -p -o -C /home/devel/building/work/src -xf /home/devel/sources/less-633-beta.tar.gz
cp filter /home/devel/building/work/src
+ build
+ cd less-633
+ ./configure --build=x86_64-unknown-linux-gnu --host=x86_64-unknown-linux-gnu --prefix=/usr --with-regex=pcre2 --with-editor=vim
checking for x86_64-unknown-linux-gnu-gcc... x86_64-unknown-linux-gnu-gcc
checking whether the C compiler works... yes
checking for C compiler default output file name... a.out
checking for suffix of executables... 
checking whether we are cross compiling... no
checking for suffix of object files... o
checking whether we are using the GNU C compiler... yes
checking whether x86_64-unknown-linux-gnu-gcc accepts -g... yes
checking for x86_64-unknown-linux-gnu-gcc option to accept ISO C89... none needed
checking for library containing strerror... none required
checking how to run the C preprocessor... x86_64-unknown-linux-gnu-gcc -E
checking for grep that handles long lines and -e... /usr/bin/grep
checking for egrep... /usr/bin/grep -E
checking whether x86_64-unknown-linux-gnu-gcc needs -traditional... no
checking for a BSD-compatible install... /usr/bin/install -c
checking for special C compiler options needed for large files... no
checking for _FILE_OFFSET_BITS value needed for large files... no
checking for tgoto in -ltinfo... yes
checking for tgoto in -ltinfow... no
checking for initscr in -lxcurses... no
checking for initscr in -lncursesw... yes
checking for initscr in -lncurses... yes
checking for initscr in -lcurses... yes
checking for tgetent in -ltermcap... no
checking for tgetent in -ltermlib... no
checking for library containing regcmp... no
checking for ANSI C header files... yes
checking for sys/types.h... yes
checking for sys/stat.h... yes
checking for stdlib.h... yes
checking for string.h... yes
checking for memory.h... yes
checking for strings.h... yes
checking for inttypes.h... yes
checking for stdint.h... yes
checking for unistd.h... yes
checking for ctype.h... yes
checking for errno.h... yes
checking for fcntl.h... yes
checking for inttypes.h... (cached) yes
checking for limits.h... yes
checking for stdckdint.h... no
checking for stdio.h... yes
checking for stdlib.h... (cached) yes
checking for string.h... (cached) yes
checking for termcap.h... yes
checking for ncurses/termcap.h... no
checking for ncursesw/termcap.h... no
checking for termio.h... yes
checking for termios.h... yes
checking for time.h... yes
checking for unistd.h... (cached) yes
checking for values.h... yes
checking for linux/magic.h... yes
checking for sys/ioctl.h... yes
checking for sys/stream.h... no
checking for sys/types.h... (cached) yes
checking for sys/wait.h... yes
checking for wctype.h... yes
checking whether stat file-mode macros are broken... no
checking for an ANSI C-conforming const... yes
checking for off_t... yes
checking for size_t... yes
checking for working terminal libraries... using -ltinfo
checking for void... yes
checking for const... yes
checking for time_t... yes
checking for st_ino in struct stat... yes
checking for procfs... yes
checking for ANSI function prototypes... yes
checking for fchmod... yes
checking for fsync... yes
checking for nanosleep... yes
checking for poll... yes
checking for popen... yes
checking for realpath... yes
checking for _setjmp... yes
checking for sigprocmask... yes
checking for sigsetmask... yes
checking for snprintf... yes
checking for stat... yes
checking for strsignal... yes
checking for system... yes
checking for ttyname... yes
checking for usleep... yes
checking for memcpy... yes
checking for strchr... yes
checking for strstr... yes
checking for tcgetattr... yes
checking for fileno... yes
checking for strerror... yes
checking for sys_errlist... yes
checking for sigset_t... yes
checking for sigemptyset... yes
checking for errno... yes - in errno.h
checking for locale... yes
checking for ctype functions... yes
checking for wctype functions... yes
checking termcap for ospeed... yes - in termcap.h
checking for pcre2_compile_8 in -lpcre2-8... yes
regular expression library:  pcre2
configure: creating ./config.status
config.status: creating Makefile
config.status: creating defines.h
+ make V=1
test ! -f stamp-h || CONFIG_FILES= CONFIG_HEADERS=defines.h ./config.status
touch stamp-h
x86_64-unknown-linux-gnu-gcc -I. -c -DBINDIR=\"/usr/bin\" -DSYSDIR=\"/usr/etc\"  -O2 -m64 -march=x86-64 -mtune=generic -flto=auto -ffat-lto-objects lesskey.c
x86_64-unknown-linux-gnu-gcc -I. -c -DBINDIR=\"/usr/bin\" -DSYSDIR=\"/usr/etc\"  -O2 -m64 -march=x86-64 -mtune=generic -flto=auto -ffat-lto-objects lessecho.c
x86_64-unknown-linux-gnu-gcc -I. -c -DBINDIR=\"/usr/bin\" -DSYSDIR=\"/usr/etc\"  -O2 -m64 -march=x86-64 -mtune=generic -flto=auto -ffat-lto-objects main.c
x86_64-unknown-linux-gnu-gcc -I. -c -DBINDIR=\"/usr/bin\" -DSYSDIR=\"/usr/etc\"  -O2 -m64 -march=x86-64 -mtune=generic -flto=auto -ffat-lto-objects screen.c
x86_64-unknown-linux-gnu-gcc -I. -c -DBINDIR=\"/usr/bin\" -DSYSDIR=\"/usr/etc\"  -O2 -m64 -march=x86-64 -mtune=generic -flto=auto -ffat-lto-objects brac.c
x86_64-unknown-linux-gnu-gcc -I. -c -DBINDIR=\"/usr/bin\" -DSYSDIR=\"/usr/etc\"  -O2 -m64 -march=x86-64 -mtune=generic -flto=auto -ffat-lto-objects ch.c
x86_64-unknown-linux-gnu-gcc -I. -c -DBINDIR=\"/usr/bin\" -DSYSDIR=\"/usr/etc\"  -O2 -m64 -march=x86-64 -mtune=generic -flto=auto -ffat-lto-objects charset.c
x86_64-unknown-linux-gnu-gcc -I. -c -DBINDIR=\"/usr/bin\" -DSYSDIR=\"/usr/etc\"  -O2 -m64 -march=x86-64 -mtune=generic -flto=auto -ffat-lto-objects cmdbuf.c
x86_64-unknown-linux-gnu-gcc -I. -c -DBINDIR=\"/usr/bin\" -DSYSDIR=\"/usr/etc\"  -O2 -m64 -march=x86-64 -mtune=generic -flto=auto -ffat-lto-objects command.c
x86_64-unknown-linux-gnu-gcc -I. -c -DBINDIR=\"/usr/bin\" -DSYSDIR=\"/usr/etc\"  -O2 -m64 -march=x86-64 -mtune=generic -flto=auto -ffat-lto-objects cvt.c
x86_64-unknown-linux-gnu-gcc -I. -c -DBINDIR=\"/usr/bin\" -DSYSDIR=\"/usr/etc\"  -O2 -m64 -march=x86-64 -mtune=generic -flto=auto -ffat-lto-objects decode.c
x86_64-unknown-linux-gnu-gcc -I. -c -DBINDIR=\"/usr/bin\" -DSYSDIR=\"/usr/etc\"  -O2 -m64 -march=x86-64 -mtune=generic -flto=auto -ffat-lto-objects edit.c
x86_64-unknown-linux-gnu-gcc -I. -c -DBINDIR=\"/usr/bin\" -DSYSDIR=\"/usr/etc\"  -O2 -m64 -march=x86-64 -mtune=generic -flto=auto -ffat-lto-objects filename.c
x86_64-unknown-linux-gnu-gcc -I. -c -DBINDIR=\"/usr/bin\" -DSYSDIR=\"/usr/etc\"  -O2 -m64 -march=x86-64 -mtune=generic -flto=auto -ffat-lto-objects forwback.c
x86_64-unknown-linux-gnu-gcc -I. -c -DBINDIR=\"/usr/bin\" -DSYSDIR=\"/usr/etc\"  -O2 -m64 -march=x86-64 -mtune=generic -flto=auto -ffat-lto-objects help.c
x86_64-unknown-linux-gnu-gcc -I. -c -DBINDIR=\"/usr/bin\" -DSYSDIR=\"/usr/etc\"  -O2 -m64 -march=x86-64 -mtune=generic -flto=auto -ffat-lto-objects ifile.c
x86_64-unknown-linux-gnu-gcc -I. -c -DBINDIR=\"/usr/bin\" -DSYSDIR=\"/usr/etc\"  -O2 -m64 -march=x86-64 -mtune=generic -flto=auto -ffat-lto-objects input.c
x86_64-unknown-linux-gnu-gcc -I. -c -DBINDIR=\"/usr/bin\" -DSYSDIR=\"/usr/etc\"  -O2 -m64 -march=x86-64 -mtune=generic -flto=auto -ffat-lto-objects jump.c
x86_64-unknown-linux-gnu-gcc -I. -c -DBINDIR=\"/usr/bin\" -DSYSDIR=\"/usr/etc\"  -O2 -m64 -march=x86-64 -mtune=generic -flto=auto -ffat-lto-objects line.c
x86_64-unknown-linux-gnu-gcc -I. -c -DBINDIR=\"/usr/bin\" -DSYSDIR=\"/usr/etc\"  -O2 -m64 -march=x86-64 -mtune=generic -flto=auto -ffat-lto-objects linenum.c
x86_64-unknown-linux-gnu-gcc -I. -c -DBINDIR=\"/usr/bin\" -DSYSDIR=\"/usr/etc\"  -O2 -m64 -march=x86-64 -mtune=generic -flto=auto -ffat-lto-objects lsystem.c
x86_64-unknown-linux-gnu-gcc -I. -c -DBINDIR=\"/usr/bin\" -DSYSDIR=\"/usr/etc\"  -O2 -m64 -march=x86-64 -mtune=generic -flto=auto -ffat-lto-objects mark.c
x86_64-unknown-linux-gnu-gcc -I. -c -DBINDIR=\"/usr/bin\" -DSYSDIR=\"/usr/etc\"  -O2 -m64 -march=x86-64 -mtune=generic -flto=auto -ffat-lto-objects optfunc.c
x86_64-unknown-linux-gnu-gcc -I. -c -DBINDIR=\"/usr/bin\" -DSYSDIR=\"/usr/etc\"  -O2 -m64 -march=x86-64 -mtune=generic -flto=auto -ffat-lto-objects option.c
x86_64-unknown-linux-gnu-gcc -I. -c -DBINDIR=\"/usr/bin\" -DSYSDIR=\"/usr/etc\"  -O2 -m64 -march=x86-64 -mtune=generic -flto=auto -ffat-lto-objects opttbl.c
x86_64-unknown-linux-gnu-gcc -I. -c -DBINDIR=\"/usr/bin\" -DSYSDIR=\"/usr/etc\"  -O2 -m64 -march=x86-64 -mtune=generic -flto=auto -ffat-lto-objects os.c
x86_64-unknown-linux-gnu-gcc -I. -c -DBINDIR=\"/usr/bin\" -DSYSDIR=\"/usr/etc\"  -O2 -m64 -march=x86-64 -mtune=generic -flto=auto -ffat-lto-objects output.c
x86_64-unknown-linux-gnu-gcc -I. -c -DBINDIR=\"/usr/bin\" -DSYSDIR=\"/usr/etc\"  -O2 -m64 -march=x86-64 -mtune=generic -flto=auto -ffat-lto-objects pattern.c
x86_64-unknown-linux-gnu-gcc -I. -c -DBINDIR=\"/usr/bin\" -DSYSDIR=\"/usr/etc\"  -O2 -m64 -march=x86-64 -mtune=generic -flto=auto -ffat-lto-objects position.c
x86_64-unknown-linux-gnu-gcc -I. -c -DBINDIR=\"/usr/bin\" -DSYSDIR=\"/usr/etc\"  -O2 -m64 -march=x86-64 -mtune=generic -flto=auto -ffat-lto-objects prompt.c
x86_64-unknown-linux-gnu-gcc -I. -c -DBINDIR=\"/usr/bin\" -DSYSDIR=\"/usr/etc\"  -O2 -m64 -march=x86-64 -mtune=generic -flto=auto -ffat-lto-objects search.c
x86_64-unknown-linux-gnu-gcc -I. -c -DBINDIR=\"/usr/bin\" -DSYSDIR=\"/usr/etc\"  -O2 -m64 -march=x86-64 -mtune=generic -flto=auto -ffat-lto-objects signal.c
x86_64-unknown-linux-gnu-gcc -I. -c -DBINDIR=\"/usr/bin\" -DSYSDIR=\"/usr/etc\"  -O2 -m64 -march=x86-64 -mtune=generic -flto=auto -ffat-lto-objects tags.c
x86_64-unknown-linux-gnu-gcc -I. -c -DBINDIR=\"/usr/bin\" -DSYSDIR=\"/usr/etc\"  -O2 -m64 -march=x86-64 -mtune=generic -flto=auto -ffat-lto-objects ttyin.c
x86_64-unknown-linux-gnu-gcc -I. -c -DBINDIR=\"/usr/bin\" -DSYSDIR=\"/usr/etc\"  -O2 -m64 -march=x86-64 -mtune=generic -flto=auto -ffat-lto-objects version.c
x86_64-unknown-linux-gnu-gcc -I. -c -DBINDIR=\"/usr/bin\" -DSYSDIR=\"/usr/etc\"  -O2 -m64 -march=x86-64 -mtune=generic -flto=auto -ffat-lto-objects xbuf.c
x86_64-unknown-linux-gnu-gcc -I. -c -DBINDIR=\"/usr/bin\" -DSYSDIR=\"/usr/etc\"  -O2 -m64 -march=x86-64 -mtune=generic -flto=auto -ffat-lto-objects lesskey_parse.c
x86_64-unknown-linux-gnu-gcc  -o lessecho lessecho.o version.o
x86_64-unknown-linux-gnu-gcc  -o lesskey lesskey.o lesskey_parse.o xbuf.o version.o
x86_64-unknown-linux-gnu-gcc  -o less main.o screen.o brac.o ch.o charset.o cmdbuf.o command.o cvt.o decode.o edit.o filename.o forwback.o help.o ifile.o input.o jump.o line.o linenum.o lsystem.o mark.o optfunc.o option.o opttbl.o os.o output.o pattern.o position.o prompt.o search.o signal.o tags.o ttyin.o version.o xbuf.o   lesskey_parse.o -ltinfo -lpcre2-8
+ make DESTDIR=/home/devel/building/work/pkg install
./mkinstalldirs /home/devel/building/work/pkg/usr/bin /home/devel/building/work/pkg/usr/share/man/man1
mkdir /home/devel/building/work/pkg/usr
mkdir /home/devel/building/work/pkg/usr/bin
mkdir /home/devel/building/work/pkg/usr/share
mkdir /home/devel/building/work/pkg/usr/share/man
mkdir /home/devel/building/work/pkg/usr/share/man/man1
/usr/bin/install -c less /home/devel/building/work/pkg/usr/bin/less
/usr/bin/install -c lesskey /home/devel/building/work/pkg/usr/bin/lesskey
/usr/bin/install -c lessecho /home/devel/building/work/pkg/usr/bin/lessecho
/usr/bin/install -c -m 644 ./less.nro /home/devel/building/work/pkg/usr/share/man/man1/less.1
/usr/bin/install -c -m 644 ./lesskey.nro /home/devel/building/work/pkg/usr/share/man/man1/lesskey.1
/usr/bin/install -c -m 644 ./lessecho.nro /home/devel/building/work/pkg/usr/share/man/man1/lessecho.1
+ install -m 755 -D /home/devel/building/work/src/filter /home/devel/building/work/pkg/usr/lib/less/filter
=======> Build result:
drwxr-xr-x  0 root   root        0 Jul 26 09:34 usr/
drwxr-xr-x  0 root   root        0 Jul 26 09:34 usr/lib/
drwxr-xr-x  0 root   root        0 Jul 26 09:34 usr/share/
drwxr-xr-x  0 root   root        0 Jul 26 09:34 usr/bin/
-rwxr-xr-x  0 root   root    14504 Jul 26 09:34 usr/bin/lessecho
-rwxr-xr-x  0 root   root    20120 Jul 26 09:34 usr/bin/lesskey
-rwxr-xr-x  0 root   root   201168 Jul 26 09:34 usr/bin/less
drwxr-xr-x  0 root   root        0 Jul 26 09:34 usr/share/man/
drwxr-xr-x  0 root   root        0 Jul 26 09:34 usr/share/man/man1/
-rw-r--r--  0 root   root    26107 Jul 26 09:34 usr/share/man/man1/less.1.gz
-rw-r--r--  0 root   root     4292 Jul 26 09:34 usr/share/man/man1/lesskey.1.gz
-rw-r--r--  0 root   root      728 Jul 26 09:34 usr/share/man/man1/lessecho.1.gz
drwxr-xr-x  0 root   root        0 Jul 26 09:34 usr/lib/less/
-rwxr-xr-x  0 root   root      639 Jul 26 09:34 usr/lib/less/filter
=======> Building '/home/devel/packages/less#633-2.x86_64.pkg.tar.xz' succeeded.
prt-get: Using PKGMK_PACKAGE_DIR: /home/devel/packages
prt-get: reinstalling less 633-2
prt-get: /usr/bin/pkgadd -u less#633-2.x86_64.pkg.tar.xz
prt-get: build done Wed Jul 26 09:34:49 2023

