prt-get: updating /usr/ports/core-x86_64/ed
prt-get: starting build Wed Jul 12 15:30:11 2023
=======> Building '/home/devel/packages/ed#1.19-1.x86_64.pkg.tar.zst'.
bsdtar -p -o -C /home/devel/building/work/src -xf /home/devel/sources/ed-1.19.tar.lz
+ build
+ cd ed-1.19
+ ./configure --prefix=/usr --exec-prefix=/ 'CFLAGS+=-O2 -m64 -march=x86-64 -mtune=generic'

creating config.status
creating Makefile
VPATH = .
prefix = /usr
exec_prefix = 
bindir = $(exec_prefix)/bin
datarootdir = $(prefix)/share
infodir = $(datarootdir)/info
mandir = $(datarootdir)/man
program_prefix = 
CC = gcc
CPPFLAGS = 
CFLAGS = -Wall -W -O2 -O2 -m64 -march=x86-64 -mtune=generic
LDFLAGS = 
MAKEINFO = makeinfo
OK. Now you can run make.
+ make V=1
gcc  -Wall -W -O2 -O2 -m64 -march=x86-64 -mtune=generic -c -o buffer.o buffer.c
gcc  -Wall -W -O2 -O2 -m64 -march=x86-64 -mtune=generic -c -o carg_parser.o carg_parser.c
gcc  -Wall -W -O2 -O2 -m64 -march=x86-64 -mtune=generic -c -o global.o global.c
gcc  -Wall -W -O2 -O2 -m64 -march=x86-64 -mtune=generic -c -o io.o io.c
gcc  -Wall -W -O2 -O2 -m64 -march=x86-64 -mtune=generic -DPROGVERSION=\"1.19\" -c -o main.o main.c
gcc  -Wall -W -O2 -O2 -m64 -march=x86-64 -mtune=generic -c -o main_loop.o main_loop.c
gcc  -Wall -W -O2 -O2 -m64 -march=x86-64 -mtune=generic -c -o regex.o regex.c
gcc  -Wall -W -O2 -O2 -m64 -march=x86-64 -mtune=generic -c -o signal.o signal.c
cat ./red.in > red
chmod a+x red
gcc -Wall -W -O2 -O2 -m64 -march=x86-64 -mtune=generic  -o ed buffer.o carg_parser.o global.o io.o main.o main_loop.o regex.o signal.o
+ make DESTDIR=/home/devel/building/work/pkg install-bin install-man
if [ ! -d "/home/devel/building/work/pkg/bin" ] ; then install -d -m 755 "/home/devel/building/work/pkg/bin" ; fi
if [ ! -d "/home/devel/building/work/pkg/usr/share/man/man1" ] ; then install -d -m 755 "/home/devel/building/work/pkg/usr/share/man/man1" ; fi
install -m 755 ./ed "/home/devel/building/work/pkg/bin/ed"
rm -f "/home/devel/building/work/pkg/usr/share/man/man1/ed.1"*
install -m 755 ./red "/home/devel/building/work/pkg/bin/red"
rm -f "/home/devel/building/work/pkg/usr/share/man/man1/red.1"*
install -m 644 ./doc/ed.1 "/home/devel/building/work/pkg/usr/share/man/man1/ed.1"
cd "/home/devel/building/work/pkg/usr/share/man/man1" && ln -s "ed.1" "red.1"
=======> Build result:
drwxr-xr-x  0 root   root        0 Jul 12 15:30 bin/
-rwxr-xr-x  0 root   root       89 Jul 12 15:30 bin/red
-rwxr-xr-x  0 root   root    55824 Jul 12 15:30 bin/ed
drwxr-xr-x  0 root   root        0 Jul 12 15:30 usr/
drwxr-xr-x  0 root   root        0 Jul 12 15:30 usr/share/
drwxr-xr-x  0 root   root        0 Jul 12 15:30 usr/share/man/
drwxr-xr-x  0 root   root        0 Jul 12 15:30 usr/share/man/man1/
lrwxrwxrwx  0 root   root        0 Jul 12 15:30 usr/share/man/man1/red.1.gz -> ed.1.gz
-rw-r--r--  0 root   root     1386 Jul 12 15:30 usr/share/man/man1/ed.1.gz
=======> Building '/home/devel/packages/ed#1.19-1.x86_64.pkg.tar.zst' succeeded.
prt-get: Using PKGMK_PACKAGE_DIR: /home/devel/packages
prt-get: reinstalling ed 1.19-1
prt-get: /usr/bin/pkgadd -u ed#1.19-1.x86_64.pkg.tar.zst
prt-get: build done Wed Jul 12 15:30:12 2023

