prt-get: updating /usr/ports/core-x86_64/filesystem
prt-get: starting build Wed Jul 12 15:31:08 2023
=======> Building '/home/devel/packages/filesystem#20230426-1.x86_64.pkg.tar.zst'.
cp motd /home/devel/building/work/src
cp shells /home/devel/building/work/src
cp group /home/devel/building/work/src
cp passwd /home/devel/building/work/src
cp shadow /home/devel/building/work/src
cp securetty /home/devel/building/work/src
cp fstab /home/devel/building/work/src
cp mime.types /home/devel/building/work/src
+ build
+ install -d /home/devel/building/work/pkg/bin
+ install -d /home/devel/building/work/pkg/sbin
+ install -d /home/devel/building/work/pkg/boot
+ install -d /home/devel/building/work/pkg/dev
+ install -d /home/devel/building/work/pkg/dev/pts
+ install -d /home/devel/building/work/pkg/proc
+ install -d /home/devel/building/work/pkg/sys
+ install -d /home/devel/building/work/pkg/etc
+ install -d /home/devel/building/work/pkg/media
+ install -d /home/devel/building/work/pkg/mnt
+ install -d /home/devel/building/work/pkg/run
+ install -d /home/devel/building/work/pkg/run/lock
+ install -d /home/devel/building/work/pkg/lib
+ ln -s lib /home/devel/building/work/pkg/lib64
+ install -d /home/devel/building/work/pkg/lib/modules
+ install -d /home/devel/building/work/pkg/lib/firmware
+ install -d /home/devel/building/work/pkg/opt
+ install -d /home/devel/building/work/pkg/opt/bin
+ install -d /home/devel/building/work/pkg/opt/sbin
+ install -d /home/devel/building/work/pkg/usr
+ install -d /home/devel/building/work/pkg/usr/bin /home/devel/building/work/pkg/usr/include /home/devel/building/work/pkg/usr/lib /home/devel/building/work/pkg/usr/sbin /home/devel/building/work/pkg/usr/share /home/devel/building/work/pkg/usr/src
+ ln -s lib /home/devel/building/work/pkg/usr/lib64
+ install -d -p /home/devel/building/work/pkg/usr/share/man/man1 /home/devel/building/work/pkg/usr/share/man/man2 /home/devel/building/work/pkg/usr/share/man/man3 /home/devel/building/work/pkg/usr/share/man/man4 /home/devel/building/work/pkg/usr/share/man/man5 /home/devel/building/work/pkg/usr/share/man/man6 /home/devel/building/work/pkg/usr/share/man/man7 /home/devel/building/work/pkg/usr/share/man/man8
+ ln -s ../var /home/devel/building/work/pkg/usr/var
+ install -d /home/devel/building/work/pkg/var
+ install -d /home/devel/building/work/pkg/var/cache
+ install -d /home/devel/building/work/pkg/var/lib
+ install -d /home/devel/building/work/pkg/var/lib/pkg
+ install -d /home/devel/building/work/pkg/var/log
+ install -d /home/devel/building/work/pkg/var/log/old
+ install -d /home/devel/building/work/pkg/var/log/pkgbuild
+ ln -s ../run /home/devel/building/work/pkg/var/run
+ install -d /home/devel/building/work/pkg/var/spool
+ install -d /home/devel/building/work/pkg/var/ftp
+ install -d /home/devel/building/work/pkg/var/www
+ install -d /home/devel/building/work/pkg/var/empty
+ ln -s spool/mail /home/devel/building/work/pkg/var/mail
+ install -d /home/devel/building/work/pkg/home
+ install -d -m 1777 /home/devel/building/work/pkg/tmp
+ install -d -m 0750 /home/devel/building/work/pkg/root
+ ln -s ../run/lock /home/devel/building/work/pkg/var/lock
+ install -d -m 1777 /home/devel/building/work/pkg/var/spool/mail
+ install -d -m 1777 /home/devel/building/work/pkg/var/tmp
+ install -d -m 1777 /home/devel/building/work/pkg/dev/shm
+ mknod /home/devel/building/work/pkg/dev/console c 5 1
+ chmod 0600 /home/devel/building/work/pkg/dev/console
+ install -m 0644 motd /home/devel/building/work/pkg/etc
+ install -m 0644 shells /home/devel/building/work/pkg/etc
+ install -m 0644 group /home/devel/building/work/pkg/etc
+ install -m 0644 passwd /home/devel/building/work/pkg/etc
+ install -m 0640 shadow /home/devel/building/work/pkg/etc
+ install -m 0644 securetty /home/devel/building/work/pkg/etc
+ install -m 0644 fstab /home/devel/building/work/pkg/etc
+ install -m 0644 mime.types /home/devel/building/work/pkg/etc
+ ln -s /proc/self/mounts /home/devel/building/work/pkg/etc/mtab
+ cat
=======> Build result:
drwxr-xr-x  0 root   root        0 Jul 12 15:31 bin/
drwxr-xr-x  0 root   root        0 Jul 12 15:31 boot/
drwxr-xr-x  0 root   root        0 Jul 12 15:31 dev/
crw-------  0 root   root      5,1 Jul 12 15:31 dev/console
drwxrwxrwt  0 root   root        0 Jul 12 15:31 dev/shm/
drwxr-xr-x  0 root   root        0 Jul 12 15:31 dev/pts/
drwxr-xr-x  0 root   root        0 Jul 12 15:31 etc/
-rw-r--r--  0 root   root       29 Jul 12 15:31 etc/issue
lrwxrwxrwx  0 root   root        0 Jul 12 15:31 etc/mtab -> /proc/self/mounts
-rw-r--r--  0 root   root    67454 Jul 12 15:31 etc/mime.types
-rw-r--r--  0 root   root      987 Jul 12 15:31 etc/fstab
-rw-r--r--  0 root   root     4141 Jul 12 15:31 etc/securetty
-rw-r-----  0 root   root      210 Jul 12 15:31 etc/shadow
-rw-r--r--  0 root   root      486 Jul 12 15:31 etc/passwd
-rw-r--r--  0 root   root      416 Jul 12 15:31 etc/group
-rw-r--r--  0 root   root       90 Jul 12 15:31 etc/shells
-rw-r--r--  0 root   root        0 Jul 12 15:31 etc/motd
drwxr-xr-x  0 root   root        0 Jul 12 15:31 home/
drwxr-xr-x  0 root   root        0 Jul 12 15:31 lib/
drwxr-xr-x  0 root   root        0 Jul 12 15:31 lib/firmware/
drwxr-xr-x  0 root   root        0 Jul 12 15:31 lib/modules/
lrwxrwxrwx  0 root   root        0 Jul 12 15:31 lib64 -> lib
drwxr-xr-x  0 root   root        0 Jul 12 15:31 media/
drwxr-xr-x  0 root   root        0 Jul 12 15:31 mnt/
drwxr-xr-x  0 root   root        0 Jul 12 15:31 opt/
drwxr-xr-x  0 root   root        0 Jul 12 15:31 opt/sbin/
drwxr-xr-x  0 root   root        0 Jul 12 15:31 opt/bin/
drwxr-xr-x  0 root   root        0 Jul 12 15:31 proc/
drwxr-x---  0 root   root        0 Jul 12 15:31 root/
drwxr-xr-x  0 root   root        0 Jul 12 15:31 run/
drwxr-xr-x  0 root   root        0 Jul 12 15:31 run/lock/
drwxr-xr-x  0 root   root        0 Jul 12 15:31 sbin/
drwxr-xr-x  0 root   root        0 Jul 12 15:31 sys/
drwxrwxrwt  0 root   root        0 Jul 12 15:31 tmp/
drwxr-xr-x  0 root   root        0 Jul 12 15:31 usr/
lrwxrwxrwx  0 root   root        0 Jul 12 15:31 usr/var -> ../var
lrwxrwxrwx  0 root   root        0 Jul 12 15:31 usr/lib64 -> lib
drwxr-xr-x  0 root   root        0 Jul 12 15:31 usr/src/
drwxr-xr-x  0 root   root        0 Jul 12 15:31 usr/share/
drwxr-xr-x  0 root   root        0 Jul 12 15:31 usr/sbin/
drwxr-xr-x  0 root   root        0 Jul 12 15:31 usr/lib/
drwxr-xr-x  0 root   root        0 Jul 12 15:31 usr/include/
drwxr-xr-x  0 root   root        0 Jul 12 15:31 usr/bin/
drwxr-xr-x  0 root   root        0 Jul 12 15:31 usr/share/man/
drwxr-xr-x  0 root   root        0 Jul 12 15:31 usr/share/man/man8/
drwxr-xr-x  0 root   root        0 Jul 12 15:31 usr/share/man/man7/
drwxr-xr-x  0 root   root        0 Jul 12 15:31 usr/share/man/man6/
drwxr-xr-x  0 root   root        0 Jul 12 15:31 usr/share/man/man5/
drwxr-xr-x  0 root   root        0 Jul 12 15:31 usr/share/man/man4/
drwxr-xr-x  0 root   root        0 Jul 12 15:31 usr/share/man/man3/
drwxr-xr-x  0 root   root        0 Jul 12 15:31 usr/share/man/man2/
drwxr-xr-x  0 root   root        0 Jul 12 15:31 usr/share/man/man1/
drwxr-xr-x  0 root   root        0 Jul 12 15:31 var/
drwxrwxrwt  0 root   root        0 Jul 12 15:31 var/tmp/
lrwxrwxrwx  0 root   root        0 Jul 12 15:31 var/lock -> ../run/lock
lrwxrwxrwx  0 root   root        0 Jul 12 15:31 var/mail -> spool/mail
drwxr-xr-x  0 root   root        0 Jul 12 15:31 var/empty/
drwxr-xr-x  0 root   root        0 Jul 12 15:31 var/www/
drwxr-xr-x  0 root   root        0 Jul 12 15:31 var/ftp/
drwxr-xr-x  0 root   root        0 Jul 12 15:31 var/spool/
lrwxrwxrwx  0 root   root        0 Jul 12 15:31 var/run -> ../run
drwxr-xr-x  0 root   root        0 Jul 12 15:31 var/log/
drwxr-xr-x  0 root   root        0 Jul 12 15:31 var/lib/
drwxr-xr-x  0 root   root        0 Jul 12 15:31 var/cache/
drwxr-xr-x  0 root   root        0 Jul 12 15:31 var/lib/pkg/
drwxr-xr-x  0 root   root        0 Jul 12 15:31 var/log/pkgbuild/
drwxr-xr-x  0 root   root        0 Jul 12 15:31 var/log/old/
drwxrwxrwt  0 root   root        0 Jul 12 15:31 var/spool/mail/
=======> Building '/home/devel/packages/filesystem#20230426-1.x86_64.pkg.tar.zst' succeeded.
prt-get: Using PKGMK_PACKAGE_DIR: /home/devel/packages
prt-get: reinstalling filesystem 20230426-1
prt-get: /usr/bin/pkgadd -u filesystem#20230426-1.x86_64.pkg.tar.zst
prt-get: build done Wed Jul 12 15:31:08 2023

pkgadd: could not remove /tmp/: Device or resource busy
pkgadd: could not remove /sys/: Device or resource busy
pkgadd: could not remove /proc/: Device or resource busy
pkgadd: could not remove /dev/shm/: Device or resource busy
pkgadd: could not remove /dev/pts/: Device or resource busy
pkgadd: could not remove /dev/: Device or resource busy
pkgadd: rejecting etc/issue, keeping existing version
pkgadd: rejecting etc/fstab, keeping existing version
pkgadd: rejecting etc/shadow, keeping existing version
pkgadd: rejecting etc/passwd, keeping existing version
pkgadd: rejecting etc/group, keeping existing version
