prt-get: updating /usr/ports/opt-x86_64/fribidi
prt-get: starting build Wed Jul 12 15:31:49 2023
=======> Building '/home/devel/packages/fribidi#1.0.13-1.x86_64.pkg.tar.zst'.
bsdtar -p -o -C /home/devel/building/work/src -xf /home/devel/sources/fribidi-1.0.13.tar.xz
+ build
+ cd fribidi-1.0.13
+ ./configure --prefix=/usr
checking for a BSD-compatible install... /usr/bin/install -c
checking whether build environment is sane... yes
checking for a race-free mkdir -p... /bin/mkdir -p
checking for gawk... gawk
checking whether make sets $(MAKE)... yes
checking whether make supports nested variables... yes
checking whether make supports nested variables... (cached) yes
checking whether make supports the include directive... yes (GNU style)
checking for gcc... gcc
checking whether the C compiler works... yes
checking for C compiler default output file name... a.out
checking for suffix of executables... 
checking whether we are cross compiling... no
checking for suffix of object files... o
checking whether the compiler supports GNU C... yes
checking whether gcc accepts -g... yes
checking for gcc option to enable C11 features... none needed
checking whether gcc understands -c and -o together... yes
checking dependency style of gcc... gcc3
checking for ar... ar
checking the archiver (ar) interface... ar
checking build system type... x86_64-pc-linux-gnu
checking host system type... x86_64-pc-linux-gnu
checking how to print strings... printf
checking for a sed that does not truncate output... /bin/sed
checking for grep that handles long lines and -e... /usr/bin/grep
checking for egrep... /usr/bin/grep -E
checking for fgrep... /usr/bin/grep -F
checking for ld used by gcc... /usr/bin/ld
checking if the linker (/usr/bin/ld) is GNU ld... yes
checking for BSD- or MS-compatible name lister (nm)... /usr/bin/nm -B
checking the name lister (/usr/bin/nm -B) interface... BSD nm
checking whether ln -s works... yes
checking the maximum length of command line arguments... 1572864
checking how to convert x86_64-pc-linux-gnu file names to x86_64-pc-linux-gnu format... func_convert_file_noop
checking how to convert x86_64-pc-linux-gnu file names to toolchain format... func_convert_file_noop
checking for /usr/bin/ld option to reload object files... -r
checking for file... file
checking for objdump... objdump
checking how to recognize dependent libraries... pass_all
checking for dlltool... no
checking how to associate runtime and link libraries... printf %s\n
checking for archiver @FILE support... @
checking for strip... strip
checking for ranlib... ranlib
checking command to parse /usr/bin/nm -B output from gcc object... ok
checking for sysroot... no
checking for a working dd... /bin/dd
checking how to truncate binary pipes... /bin/dd bs=4096 count=1
checking for mt... no
checking if : is a manifest tool... no
checking for stdio.h... yes
checking for stdlib.h... yes
checking for string.h... yes
checking for inttypes.h... yes
checking for stdint.h... yes
checking for strings.h... yes
checking for sys/stat.h... yes
checking for sys/types.h... yes
checking for unistd.h... yes
checking for dlfcn.h... yes
checking for objdir... .libs
checking if gcc supports -fno-rtti -fno-exceptions... no
checking for gcc option to produce PIC... -fPIC -DPIC
checking if gcc PIC flag -fPIC -DPIC works... yes
checking if gcc static flag -static works... yes
checking if gcc supports -c -o file.o... yes
checking if gcc supports -c -o file.o... (cached) yes
checking whether the gcc linker (/usr/bin/ld -m elf_x86_64) supports shared libraries... yes
checking whether -lc should be explicitly linked in... no
checking dynamic linker characteristics... GNU/Linux ld.so
checking how to hardcode library paths into programs... immediate
checking whether stripping libraries is possible... yes
checking if libtool supports shared libraries... yes
checking whether to build shared libraries... yes
checking whether to build static libraries... no
checking for gcc... (cached) gcc
checking whether the compiler supports GNU C... (cached) yes
checking whether gcc accepts -g... (cached) yes
checking for gcc option to enable C11 features... (cached) none needed
checking whether gcc understands -c and -o together... (cached) yes
checking dependency style of gcc... (cached) gcc3
checking for pkg-config... /usr/bin/pkg-config
checking pkg-config is at least version 0.9.0... yes
checking for native Win32... no
checking for some Win32 platform... no
checking for egrep... (cached) /usr/bin/grep -E
checking for stdlib.h... (cached) yes
checking for string.h... (cached) yes
checking for strings.h... (cached) yes
checking for wchar.h... yes
checking for asm/page.h... no
checking for sys/times.h... yes
checking for an ANSI C-conforming const... yes
checking how to run the C preprocessor... gcc -E
checking for preprocessor stringizing operator... yes
checking size of int... 4
checking size of short... 2
checking size of void *... 8
checking size of wchar_t... 4
checking for gcc... gcc
checking whether the compiler supports GNU C... (cached) yes
checking whether gcc accepts -g... yes
checking for gcc option to enable C11 features... (cached) none needed
checking whether gcc understands -c and -o together... (cached) yes
checking dependency style of gcc... (cached) gcc3
checking how to run the C preprocessor... gcc -E
checking for memmove... yes
checking for memset... yes
checking for strdup... yes
checking return type of signal handlers... void
checking that generated files are newer than configure... done
configure: creating ./config.status
config.status: creating fribidi.pc
config.status: creating lib/fribidi-config.h
config.status: creating Makefile
config.status: creating gen.tab/Makefile
config.status: creating lib/Makefile
config.status: creating bin/Makefile
config.status: creating doc/Makefile
config.status: creating test/Makefile
config.status: creating test/unicode-conformance/Makefile
config.status: creating config.h
config.status: executing depfiles commands
config.status: executing libtool commands
+ make V=1
make  all-recursive
make[1]: Entering directory '/home/devel/building/work/src/fribidi-1.0.13'
Making all in gen.tab
make[2]: Entering directory '/home/devel/building/work/src/fribidi-1.0.13/gen.tab'
make[2]: Nothing to be done for 'all'.
make[2]: Leaving directory '/home/devel/building/work/src/fribidi-1.0.13/gen.tab'
Making all in lib
make[2]: Entering directory '/home/devel/building/work/src/fribidi-1.0.13/lib'
make  all-am
make[3]: Entering directory '/home/devel/building/work/src/fribidi-1.0.13/lib'
/bin/sh ../libtool  --tag=CC   --mode=compile gcc -DHAVE_CONFIG_H -I. -I..  -DFRIBIDI_BUILD   -O2 -m64 -march=x86-64 -mtune=generic -Wall -ansi  -MT libfribidi_la-fribidi.lo -MD -MP -MF .deps/libfribidi_la-fribidi.Tpo -c -o libfribidi_la-fribidi.lo `test -f 'fribidi.c' || echo './'`fribidi.c
/bin/sh ../libtool  --tag=CC   --mode=compile gcc -DHAVE_CONFIG_H -I. -I..  -DFRIBIDI_BUILD   -O2 -m64 -march=x86-64 -mtune=generic -Wall -ansi  -MT libfribidi_la-fribidi-arabic.lo -MD -MP -MF .deps/libfribidi_la-fribidi-arabic.Tpo -c -o libfribidi_la-fribidi-arabic.lo `test -f 'fribidi-arabic.c' || echo './'`fribidi-arabic.c
/bin/sh ../libtool  --tag=CC   --mode=compile gcc -DHAVE_CONFIG_H -I. -I..  -DFRIBIDI_BUILD   -O2 -m64 -march=x86-64 -mtune=generic -Wall -ansi  -MT libfribidi_la-fribidi-bidi.lo -MD -MP -MF .deps/libfribidi_la-fribidi-bidi.Tpo -c -o libfribidi_la-fribidi-bidi.lo `test -f 'fribidi-bidi.c' || echo './'`fribidi-bidi.c
/bin/sh ../libtool  --tag=CC   --mode=compile gcc -DHAVE_CONFIG_H -I. -I..  -DFRIBIDI_BUILD   -O2 -m64 -march=x86-64 -mtune=generic -Wall -ansi  -MT libfribidi_la-fribidi-bidi-types.lo -MD -MP -MF .deps/libfribidi_la-fribidi-bidi-types.Tpo -c -o libfribidi_la-fribidi-bidi-types.lo `test -f 'fribidi-bidi-types.c' || echo './'`fribidi-bidi-types.c
/bin/sh ../libtool  --tag=CC   --mode=compile gcc -DHAVE_CONFIG_H -I. -I..  -DFRIBIDI_BUILD   -O2 -m64 -march=x86-64 -mtune=generic -Wall -ansi  -MT libfribidi_la-fribidi-char-sets.lo -MD -MP -MF .deps/libfribidi_la-fribidi-char-sets.Tpo -c -o libfribidi_la-fribidi-char-sets.lo `test -f 'fribidi-char-sets.c' || echo './'`fribidi-char-sets.c
/bin/sh ../libtool  --tag=CC   --mode=compile gcc -DHAVE_CONFIG_H -I. -I..  -DFRIBIDI_BUILD   -O2 -m64 -march=x86-64 -mtune=generic -Wall -ansi  -MT libfribidi_la-fribidi-char-sets-cap-rtl.lo -MD -MP -MF .deps/libfribidi_la-fribidi-char-sets-cap-rtl.Tpo -c -o libfribidi_la-fribidi-char-sets-cap-rtl.lo `test -f 'fribidi-char-sets-cap-rtl.c' || echo './'`fribidi-char-sets-cap-rtl.c
/bin/sh ../libtool  --tag=CC   --mode=compile gcc -DHAVE_CONFIG_H -I. -I..  -DFRIBIDI_BUILD   -O2 -m64 -march=x86-64 -mtune=generic -Wall -ansi  -MT libfribidi_la-fribidi-char-sets-cp1255.lo -MD -MP -MF .deps/libfribidi_la-fribidi-char-sets-cp1255.Tpo -c -o libfribidi_la-fribidi-char-sets-cp1255.lo `test -f 'fribidi-char-sets-cp1255.c' || echo './'`fribidi-char-sets-cp1255.c
/bin/sh ../libtool  --tag=CC   --mode=compile gcc -DHAVE_CONFIG_H -I. -I..  -DFRIBIDI_BUILD   -O2 -m64 -march=x86-64 -mtune=generic -Wall -ansi  -MT libfribidi_la-fribidi-char-sets-cp1256.lo -MD -MP -MF .deps/libfribidi_la-fribidi-char-sets-cp1256.Tpo -c -o libfribidi_la-fribidi-char-sets-cp1256.lo `test -f 'fribidi-char-sets-cp1256.c' || echo './'`fribidi-char-sets-cp1256.c
libtool: compile:  gcc -DHAVE_CONFIG_H -I. -I.. -DFRIBIDI_BUILD -O2 -m64 -march=x86-64 -mtune=generic -Wall -ansi -MT libfribidi_la-fribidi.lo -MD -MP -MF .deps/libfribidi_la-fribidi.Tpo -c fribidi.c  -fPIC -DPIC -o .libs/libfribidi_la-fribidi.o
libtool: compile:  gcc -DHAVE_CONFIG_H -I. -I.. -DFRIBIDI_BUILD -O2 -m64 -march=x86-64 -mtune=generic -Wall -ansi -MT libfribidi_la-fribidi-char-sets.lo -MD -MP -MF .deps/libfribidi_la-fribidi-char-sets.Tpo -c fribidi-char-sets.c  -fPIC -DPIC -o .libs/libfribidi_la-fribidi-char-sets.o
libtool: compile:  gcc -DHAVE_CONFIG_H -I. -I.. -DFRIBIDI_BUILD -O2 -m64 -march=x86-64 -mtune=generic -Wall -ansi -MT libfribidi_la-fribidi-arabic.lo -MD -MP -MF .deps/libfribidi_la-fribidi-arabic.Tpo -c fribidi-arabic.c  -fPIC -DPIC -o .libs/libfribidi_la-fribidi-arabic.o
libtool: compile:  gcc -DHAVE_CONFIG_H -I. -I.. -DFRIBIDI_BUILD -O2 -m64 -march=x86-64 -mtune=generic -Wall -ansi -MT libfribidi_la-fribidi-char-sets-cap-rtl.lo -MD -MP -MF .deps/libfribidi_la-fribidi-char-sets-cap-rtl.Tpo -c fribidi-char-sets-cap-rtl.c  -fPIC -DPIC -o .libs/libfribidi_la-fribidi-char-sets-cap-rtl.o
libtool: compile:  gcc -DHAVE_CONFIG_H -I. -I.. -DFRIBIDI_BUILD -O2 -m64 -march=x86-64 -mtune=generic -Wall -ansi -MT libfribidi_la-fribidi-bidi.lo -MD -MP -MF .deps/libfribidi_la-fribidi-bidi.Tpo -c fribidi-bidi.c  -fPIC -DPIC -o .libs/libfribidi_la-fribidi-bidi.o
libtool: compile:  gcc -DHAVE_CONFIG_H -I. -I.. -DFRIBIDI_BUILD -O2 -m64 -march=x86-64 -mtune=generic -Wall -ansi -MT libfribidi_la-fribidi-char-sets-cp1256.lo -MD -MP -MF .deps/libfribidi_la-fribidi-char-sets-cp1256.Tpo -c fribidi-char-sets-cp1256.c  -fPIC -DPIC -o .libs/libfribidi_la-fribidi-char-sets-cp1256.o
libtool: compile:  gcc -DHAVE_CONFIG_H -I. -I.. -DFRIBIDI_BUILD -O2 -m64 -march=x86-64 -mtune=generic -Wall -ansi -MT libfribidi_la-fribidi-bidi-types.lo -MD -MP -MF .deps/libfribidi_la-fribidi-bidi-types.Tpo -c fribidi-bidi-types.c  -fPIC -DPIC -o .libs/libfribidi_la-fribidi-bidi-types.o
libtool: compile:  gcc -DHAVE_CONFIG_H -I. -I.. -DFRIBIDI_BUILD -O2 -m64 -march=x86-64 -mtune=generic -Wall -ansi -MT libfribidi_la-fribidi-char-sets-cp1255.lo -MD -MP -MF .deps/libfribidi_la-fribidi-char-sets-cp1255.Tpo -c fribidi-char-sets-cp1255.c  -fPIC -DPIC -o .libs/libfribidi_la-fribidi-char-sets-cp1255.o
mv -f .deps/libfribidi_la-fribidi-char-sets-cp1255.Tpo .deps/libfribidi_la-fribidi-char-sets-cp1255.Plo
/bin/sh ../libtool  --tag=CC   --mode=compile gcc -DHAVE_CONFIG_H -I. -I..  -DFRIBIDI_BUILD   -O2 -m64 -march=x86-64 -mtune=generic -Wall -ansi  -MT libfribidi_la-fribidi-char-sets-iso8859-6.lo -MD -MP -MF .deps/libfribidi_la-fribidi-char-sets-iso8859-6.Tpo -c -o libfribidi_la-fribidi-char-sets-iso8859-6.lo `test -f 'fribidi-char-sets-iso8859-6.c' || echo './'`fribidi-char-sets-iso8859-6.c
mv -f .deps/libfribidi_la-fribidi-char-sets-cp1256.Tpo .deps/libfribidi_la-fribidi-char-sets-cp1256.Plo
libtool: compile:  gcc -DHAVE_CONFIG_H -I. -I.. -DFRIBIDI_BUILD -O2 -m64 -march=x86-64 -mtune=generic -Wall -ansi -MT libfribidi_la-fribidi-char-sets-iso8859-6.lo -MD -MP -MF .deps/libfribidi_la-fribidi-char-sets-iso8859-6.Tpo -c fribidi-char-sets-iso8859-6.c  -fPIC -DPIC -o .libs/libfribidi_la-fribidi-char-sets-iso8859-6.o
/bin/sh ../libtool  --tag=CC   --mode=compile gcc -DHAVE_CONFIG_H -I. -I..  -DFRIBIDI_BUILD   -O2 -m64 -march=x86-64 -mtune=generic -Wall -ansi  -MT libfribidi_la-fribidi-char-sets-iso8859-8.lo -MD -MP -MF .deps/libfribidi_la-fribidi-char-sets-iso8859-8.Tpo -c -o libfribidi_la-fribidi-char-sets-iso8859-8.lo `test -f 'fribidi-char-sets-iso8859-8.c' || echo './'`fribidi-char-sets-iso8859-8.c
mv -f .deps/libfribidi_la-fribidi-char-sets.Tpo .deps/libfribidi_la-fribidi-char-sets.Plo
/bin/sh ../libtool  --tag=CC   --mode=compile gcc -DHAVE_CONFIG_H -I. -I..  -DFRIBIDI_BUILD   -O2 -m64 -march=x86-64 -mtune=generic -Wall -ansi  -MT libfribidi_la-fribidi-char-sets-utf8.lo -MD -MP -MF .deps/libfribidi_la-fribidi-char-sets-utf8.Tpo -c -o libfribidi_la-fribidi-char-sets-utf8.lo `test -f 'fribidi-char-sets-utf8.c' || echo './'`fribidi-char-sets-utf8.c
mv -f .deps/libfribidi_la-fribidi-arabic.Tpo .deps/libfribidi_la-fribidi-arabic.Plo
/bin/sh ../libtool  --tag=CC   --mode=compile gcc -DHAVE_CONFIG_H -I. -I..  -DFRIBIDI_BUILD   -O2 -m64 -march=x86-64 -mtune=generic -Wall -ansi  -MT libfribidi_la-fribidi-deprecated.lo -MD -MP -MF .deps/libfribidi_la-fribidi-deprecated.Tpo -c -o libfribidi_la-fribidi-deprecated.lo `test -f 'fribidi-deprecated.c' || echo './'`fribidi-deprecated.c
fribidi.c: In function 'fribidi_log2vis':
fribidi.c:245:7: warning: 'memcpy' specified bound between 18446744065119617024 and 18446744073709551612 exceeds maximum object size 9223372036854775807 [-Wstringop-overflow=]
  245 |       memcpy (visual_str, str, len * sizeof (*visual_str));
      |       ^~~~~~~~~~~~~~~~~~~~~~~~~~~~~~~~~~~~~~~~~~~~~~~~~~~~
libtool: compile:  gcc -DHAVE_CONFIG_H -I. -I.. -DFRIBIDI_BUILD -O2 -m64 -march=x86-64 -mtune=generic -Wall -ansi -MT libfribidi_la-fribidi-char-sets-utf8.lo -MD -MP -MF .deps/libfribidi_la-fribidi-char-sets-utf8.Tpo -c fribidi-char-sets-utf8.c  -fPIC -DPIC -o .libs/libfribidi_la-fribidi-char-sets-utf8.o
libtool: compile:  gcc -DHAVE_CONFIG_H -I. -I.. -DFRIBIDI_BUILD -O2 -m64 -march=x86-64 -mtune=generic -Wall -ansi -MT libfribidi_la-fribidi-deprecated.lo -MD -MP -MF .deps/libfribidi_la-fribidi-deprecated.Tpo -c fribidi-deprecated.c  -fPIC -DPIC -o .libs/libfribidi_la-fribidi-deprecated.o
mv -f .deps/libfribidi_la-fribidi-char-sets-iso8859-6.Tpo .deps/libfribidi_la-fribidi-char-sets-iso8859-6.Plo
/bin/sh ../libtool  --tag=CC   --mode=compile gcc -DHAVE_CONFIG_H -I. -I..  -DFRIBIDI_BUILD   -O2 -m64 -march=x86-64 -mtune=generic -Wall -ansi  -MT libfribidi_la-fribidi-joining.lo -MD -MP -MF .deps/libfribidi_la-fribidi-joining.Tpo -c -o libfribidi_la-fribidi-joining.lo `test -f 'fribidi-joining.c' || echo './'`fribidi-joining.c
mv -f .deps/libfribidi_la-fribidi.Tpo .deps/libfribidi_la-fribidi.Plo
/bin/sh ../libtool  --tag=CC   --mode=compile gcc -DHAVE_CONFIG_H -I. -I..  -DFRIBIDI_BUILD   -O2 -m64 -march=x86-64 -mtune=generic -Wall -ansi  -MT libfribidi_la-fribidi-joining-types.lo -MD -MP -MF .deps/libfribidi_la-fribidi-joining-types.Tpo -c -o libfribidi_la-fribidi-joining-types.lo `test -f 'fribidi-joining-types.c' || echo './'`fribidi-joining-types.c
mv -f .deps/libfribidi_la-fribidi-bidi-types.Tpo .deps/libfribidi_la-fribidi-bidi-types.Plo
/bin/sh ../libtool  --tag=CC   --mode=compile gcc -DHAVE_CONFIG_H -I. -I..  -DFRIBIDI_BUILD   -O2 -m64 -march=x86-64 -mtune=generic -Wall -ansi  -MT libfribidi_la-fribidi-mirroring.lo -MD -MP -MF .deps/libfribidi_la-fribidi-mirroring.Tpo -c -o libfribidi_la-fribidi-mirroring.lo `test -f 'fribidi-mirroring.c' || echo './'`fribidi-mirroring.c
libtool: compile:  gcc -DHAVE_CONFIG_H -I. -I.. -DFRIBIDI_BUILD -O2 -m64 -march=x86-64 -mtune=generic -Wall -ansi -MT libfribidi_la-fribidi-char-sets-iso8859-8.lo -MD -MP -MF .deps/libfribidi_la-fribidi-char-sets-iso8859-8.Tpo -c fribidi-char-sets-iso8859-8.c  -fPIC -DPIC -o .libs/libfribidi_la-fribidi-char-sets-iso8859-8.o
mv -f .deps/libfribidi_la-fribidi-char-sets-cap-rtl.Tpo .deps/libfribidi_la-fribidi-char-sets-cap-rtl.Plo
/bin/sh ../libtool  --tag=CC   --mode=compile gcc -DHAVE_CONFIG_H -I. -I..  -DFRIBIDI_BUILD   -O2 -m64 -march=x86-64 -mtune=generic -Wall -ansi  -MT libfribidi_la-fribidi-brackets.lo -MD -MP -MF .deps/libfribidi_la-fribidi-brackets.Tpo -c -o libfribidi_la-fribidi-brackets.lo `test -f 'fribidi-brackets.c' || echo './'`fribidi-brackets.c
libtool: compile:  gcc -DHAVE_CONFIG_H -I. -I.. -DFRIBIDI_BUILD -O2 -m64 -march=x86-64 -mtune=generic -Wall -ansi -MT libfribidi_la-fribidi-joining.lo -MD -MP -MF .deps/libfribidi_la-fribidi-joining.Tpo -c fribidi-joining.c  -fPIC -DPIC -o .libs/libfribidi_la-fribidi-joining.o
libtool: compile:  gcc -DHAVE_CONFIG_H -I. -I.. -DFRIBIDI_BUILD -O2 -m64 -march=x86-64 -mtune=generic -Wall -ansi -MT libfribidi_la-fribidi-joining-types.lo -MD -MP -MF .deps/libfribidi_la-fribidi-joining-types.Tpo -c fribidi-joining-types.c  -fPIC -DPIC -o .libs/libfribidi_la-fribidi-joining-types.o
libtool: compile:  gcc -DHAVE_CONFIG_H -I. -I.. -DFRIBIDI_BUILD -O2 -m64 -march=x86-64 -mtune=generic -Wall -ansi -MT libfribidi_la-fribidi-mirroring.lo -MD -MP -MF .deps/libfribidi_la-fribidi-mirroring.Tpo -c fribidi-mirroring.c  -fPIC -DPIC -o .libs/libfribidi_la-fribidi-mirroring.o
mv -f .deps/libfribidi_la-fribidi-deprecated.Tpo .deps/libfribidi_la-fribidi-deprecated.Plo
/bin/sh ../libtool  --tag=CC   --mode=compile gcc -DHAVE_CONFIG_H -I. -I..  -DFRIBIDI_BUILD   -O2 -m64 -march=x86-64 -mtune=generic -Wall -ansi  -MT libfribidi_la-fribidi-run.lo -MD -MP -MF .deps/libfribidi_la-fribidi-run.Tpo -c -o libfribidi_la-fribidi-run.lo `test -f 'fribidi-run.c' || echo './'`fribidi-run.c
mv -f .deps/libfribidi_la-fribidi-char-sets-iso8859-8.Tpo .deps/libfribidi_la-fribidi-char-sets-iso8859-8.Plo
libtool: compile:  gcc -DHAVE_CONFIG_H -I. -I.. -DFRIBIDI_BUILD -O2 -m64 -march=x86-64 -mtune=generic -Wall -ansi -MT libfribidi_la-fribidi-brackets.lo -MD -MP -MF .deps/libfribidi_la-fribidi-brackets.Tpo -c fribidi-brackets.c  -fPIC -DPIC -o .libs/libfribidi_la-fribidi-brackets.o
/bin/sh ../libtool  --tag=CC   --mode=compile gcc -DHAVE_CONFIG_H -I. -I..  -DFRIBIDI_BUILD   -O2 -m64 -march=x86-64 -mtune=generic -Wall -ansi  -MT libfribidi_la-fribidi-shape.lo -MD -MP -MF .deps/libfribidi_la-fribidi-shape.Tpo -c -o libfribidi_la-fribidi-shape.lo `test -f 'fribidi-shape.c' || echo './'`fribidi-shape.c
mv -f .deps/libfribidi_la-fribidi-char-sets-utf8.Tpo .deps/libfribidi_la-fribidi-char-sets-utf8.Plo
libtool: compile:  gcc -DHAVE_CONFIG_H -I. -I.. -DFRIBIDI_BUILD -O2 -m64 -march=x86-64 -mtune=generic -Wall -ansi -MT libfribidi_la-fribidi-run.lo -MD -MP -MF .deps/libfribidi_la-fribidi-run.Tpo -c fribidi-run.c  -fPIC -DPIC -o .libs/libfribidi_la-fribidi-run.o
libtool: compile:  gcc -DHAVE_CONFIG_H -I. -I.. -DFRIBIDI_BUILD -O2 -m64 -march=x86-64 -mtune=generic -Wall -ansi -MT libfribidi_la-fribidi-shape.lo -MD -MP -MF .deps/libfribidi_la-fribidi-shape.Tpo -c fribidi-shape.c  -fPIC -DPIC -o .libs/libfribidi_la-fribidi-shape.o
mv -f .deps/libfribidi_la-fribidi-mirroring.Tpo .deps/libfribidi_la-fribidi-mirroring.Plo
mv -f .deps/libfribidi_la-fribidi-joining.Tpo .deps/libfribidi_la-fribidi-joining.Plo
mv -f .deps/libfribidi_la-fribidi-brackets.Tpo .deps/libfribidi_la-fribidi-brackets.Plo
mv -f .deps/libfribidi_la-fribidi-shape.Tpo .deps/libfribidi_la-fribidi-shape.Plo
mv -f .deps/libfribidi_la-fribidi-joining-types.Tpo .deps/libfribidi_la-fribidi-joining-types.Plo
mv -f .deps/libfribidi_la-fribidi-run.Tpo .deps/libfribidi_la-fribidi-run.Plo
mv -f .deps/libfribidi_la-fribidi-bidi.Tpo .deps/libfribidi_la-fribidi-bidi.Plo
/bin/sh ../libtool  --tag=CC   --mode=link gcc  -O2 -m64 -march=x86-64 -mtune=generic -Wall -ansi  -no-undefined -version-info 4:0:4 -export-symbols-regex "^fribidi_.*"  -o libfribidi.la -rpath /usr/lib libfribidi_la-fribidi.lo libfribidi_la-fribidi-arabic.lo libfribidi_la-fribidi-bidi.lo libfribidi_la-fribidi-bidi-types.lo libfribidi_la-fribidi-char-sets.lo libfribidi_la-fribidi-char-sets-cap-rtl.lo libfribidi_la-fribidi-char-sets-cp1255.lo libfribidi_la-fribidi-char-sets-cp1256.lo libfribidi_la-fribidi-char-sets-iso8859-6.lo libfribidi_la-fribidi-char-sets-iso8859-8.lo libfribidi_la-fribidi-char-sets-utf8.lo libfribidi_la-fribidi-deprecated.lo libfribidi_la-fribidi-joining.lo libfribidi_la-fribidi-joining-types.lo libfribidi_la-fribidi-mirroring.lo libfribidi_la-fribidi-brackets.lo libfribidi_la-fribidi-run.lo libfribidi_la-fribidi-shape.lo  
libtool: link: /usr/bin/nm -B  .libs/libfribidi_la-fribidi.o .libs/libfribidi_la-fribidi-arabic.o .libs/libfribidi_la-fribidi-bidi.o .libs/libfribidi_la-fribidi-bidi-types.o .libs/libfribidi_la-fribidi-char-sets.o .libs/libfribidi_la-fribidi-char-sets-cap-rtl.o .libs/libfribidi_la-fribidi-char-sets-cp1255.o .libs/libfribidi_la-fribidi-char-sets-cp1256.o .libs/libfribidi_la-fribidi-char-sets-iso8859-6.o .libs/libfribidi_la-fribidi-char-sets-iso8859-8.o .libs/libfribidi_la-fribidi-char-sets-utf8.o .libs/libfribidi_la-fribidi-deprecated.o .libs/libfribidi_la-fribidi-joining.o .libs/libfribidi_la-fribidi-joining-types.o .libs/libfribidi_la-fribidi-mirroring.o .libs/libfribidi_la-fribidi-brackets.o .libs/libfribidi_la-fribidi-run.o .libs/libfribidi_la-fribidi-shape.o   | /bin/sed -n -e 's/^.*[	 ]\([ABCDGIRSTW][ABCDGIRSTW]*\)[	 ][	 ]*\([_A-Za-z][_A-Za-z0-9]*\)$/\1 \2 \2/p' | /bin/sed '/ __gnu_lto/d' | /bin/sed 's/.* //' | sort | uniq > .libs/libfribidi.exp
libtool: link: /usr/bin/grep -E -e "^fribidi_.*" ".libs/libfribidi.exp" > ".libs/libfribidi.expT"
libtool: link: mv -f ".libs/libfribidi.expT" ".libs/libfribidi.exp"
libtool: link: echo "{ global:" > .libs/libfribidi.ver
libtool: link:  cat .libs/libfribidi.exp | /bin/sed -e "s/\(.*\)/\1;/" >> .libs/libfribidi.ver
libtool: link:  echo "local: *; };" >> .libs/libfribidi.ver
libtool: link:  gcc -shared  -fPIC -DPIC  .libs/libfribidi_la-fribidi.o .libs/libfribidi_la-fribidi-arabic.o .libs/libfribidi_la-fribidi-bidi.o .libs/libfribidi_la-fribidi-bidi-types.o .libs/libfribidi_la-fribidi-char-sets.o .libs/libfribidi_la-fribidi-char-sets-cap-rtl.o .libs/libfribidi_la-fribidi-char-sets-cp1255.o .libs/libfribidi_la-fribidi-char-sets-cp1256.o .libs/libfribidi_la-fribidi-char-sets-iso8859-6.o .libs/libfribidi_la-fribidi-char-sets-iso8859-8.o .libs/libfribidi_la-fribidi-char-sets-utf8.o .libs/libfribidi_la-fribidi-deprecated.o .libs/libfribidi_la-fribidi-joining.o .libs/libfribidi_la-fribidi-joining-types.o .libs/libfribidi_la-fribidi-mirroring.o .libs/libfribidi_la-fribidi-brackets.o .libs/libfribidi_la-fribidi-run.o .libs/libfribidi_la-fribidi-shape.o    -O2 -m64 -march=x86-64 -mtune=generic   -Wl,-soname -Wl,libfribidi.so.0 -Wl,-version-script -Wl,.libs/libfribidi.ver -o .libs/libfribidi.so.0.4.0
libtool: link: (cd ".libs" && rm -f "libfribidi.so.0" && ln -s "libfribidi.so.0.4.0" "libfribidi.so.0")
libtool: link: (cd ".libs" && rm -f "libfribidi.so" && ln -s "libfribidi.so.0.4.0" "libfribidi.so")
libtool: link: ( cd ".libs" && rm -f "libfribidi.la" && ln -s "../libfribidi.la" "libfribidi.la" )
make[3]: Leaving directory '/home/devel/building/work/src/fribidi-1.0.13/lib'
make[2]: Leaving directory '/home/devel/building/work/src/fribidi-1.0.13/lib'
Making all in bin
make[2]: Entering directory '/home/devel/building/work/src/fribidi-1.0.13/bin'
gcc -DHAVE_CONFIG_H -I. -I..  -I../lib -I../lib   -O2 -m64 -march=x86-64 -mtune=generic -Wall -ansi  -MT fribidi-main.o -MD -MP -MF .deps/fribidi-main.Tpo -c -o fribidi-main.o fribidi-main.c
gcc -DHAVE_CONFIG_H -I. -I..  -I../lib -I../lib   -O2 -m64 -march=x86-64 -mtune=generic -Wall -ansi  -MT getopt.o -MD -MP -MF .deps/getopt.Tpo -c -o getopt.o getopt.c
gcc -DHAVE_CONFIG_H -I. -I..  -I../lib -I../lib   -O2 -m64 -march=x86-64 -mtune=generic -Wall -ansi  -MT getopt1.o -MD -MP -MF .deps/getopt1.Tpo -c -o getopt1.o getopt1.c
gcc -DHAVE_CONFIG_H -I. -I..  -I../lib -I../lib   -O2 -m64 -march=x86-64 -mtune=generic -Wall -ansi  -MT fribidi-benchmark.o -MD -MP -MF .deps/fribidi-benchmark.Tpo -c -o fribidi-benchmark.o fribidi-benchmark.c
gcc -DHAVE_CONFIG_H -I. -I..  -I../lib -I../lib   -O2 -m64 -march=x86-64 -mtune=generic -Wall -ansi  -MT fribidi-bidi-types.o -MD -MP -MF .deps/fribidi-bidi-types.Tpo -c -o fribidi-bidi-types.o fribidi-bidi-types.c
gcc -DHAVE_CONFIG_H -I. -I..  -I../lib -I../lib   -O2 -m64 -march=x86-64 -mtune=generic -Wall -ansi  -MT fribidi-caprtl2utf8.o -MD -MP -MF .deps/fribidi-caprtl2utf8.Tpo -c -o fribidi-caprtl2utf8.o fribidi-caprtl2utf8.c
mv -f .deps/getopt.Tpo .deps/getopt.Po
mv -f .deps/getopt1.Tpo .deps/getopt1.Po
fribidi-caprtl2utf8.c: In function 'main':
fribidi-caprtl2utf8.c:23:7: warning: 'strncpy' output may be truncated copying 5 bytes from a string of length 8191 [-Wstringop-truncation]
   23 |       strncpy (eol, buf + len, sizeof eol);
      |       ^~~~~~~~~~~~~~~~~~~~~~~~~~~~~~~~~~~~
mv -f .deps/fribidi-bidi-types.Tpo .deps/fribidi-bidi-types.Po
/bin/sh ../libtool  --tag=CC   --mode=link gcc  -O2 -m64 -march=x86-64 -mtune=generic -Wall -ansi    -o fribidi-bidi-types fribidi-bidi-types.o ../lib/libfribidi.la 
mv -f .deps/fribidi-caprtl2utf8.Tpo .deps/fribidi-caprtl2utf8.Po
/bin/sh ../libtool  --tag=CC   --mode=link gcc  -O2 -m64 -march=x86-64 -mtune=generic -Wall -ansi    -o fribidi-caprtl2utf8 fribidi-caprtl2utf8.o ../lib/libfribidi.la 
mv -f .deps/fribidi-benchmark.Tpo .deps/fribidi-benchmark.Po
/bin/sh ../libtool  --tag=CC   --mode=link gcc  -O2 -m64 -march=x86-64 -mtune=generic -Wall -ansi    -o fribidi-benchmark fribidi-benchmark.o getopt.o getopt1.o ../lib/libfribidi.la 
libtool: link: gcc -O2 -m64 -march=x86-64 -mtune=generic -Wall -ansi -o .libs/fribidi-bidi-types fribidi-bidi-types.o  ../lib/.libs/libfribidi.so
libtool: link: gcc -O2 -m64 -march=x86-64 -mtune=generic -Wall -ansi -o .libs/fribidi-caprtl2utf8 fribidi-caprtl2utf8.o  ../lib/.libs/libfribidi.so
libtool: link: gcc -O2 -m64 -march=x86-64 -mtune=generic -Wall -ansi -o .libs/fribidi-benchmark fribidi-benchmark.o getopt.o getopt1.o  ../lib/.libs/libfribidi.so
mv -f .deps/fribidi-main.Tpo .deps/fribidi-main.Po
/bin/sh ../libtool  --tag=CC   --mode=link gcc  -O2 -m64 -march=x86-64 -mtune=generic -Wall -ansi    -o fribidi fribidi-main.o getopt.o getopt1.o ../lib/libfribidi.la 
libtool: link: gcc -O2 -m64 -march=x86-64 -mtune=generic -Wall -ansi -o .libs/fribidi fribidi-main.o getopt.o getopt1.o  ../lib/.libs/libfribidi.so
make[2]: Leaving directory '/home/devel/building/work/src/fribidi-1.0.13/bin'
Making all in doc
make[2]: Entering directory '/home/devel/building/work/src/fribidi-1.0.13/doc'
make[2]: Nothing to be done for 'all'.
make[2]: Leaving directory '/home/devel/building/work/src/fribidi-1.0.13/doc'
Making all in test
make[2]: Entering directory '/home/devel/building/work/src/fribidi-1.0.13/test'
Making all in unicode-conformance
make[3]: Entering directory '/home/devel/building/work/src/fribidi-1.0.13/test/unicode-conformance'
make[3]: Nothing to be done for 'all'.
make[3]: Leaving directory '/home/devel/building/work/src/fribidi-1.0.13/test/unicode-conformance'
make[3]: Entering directory '/home/devel/building/work/src/fribidi-1.0.13/test'
make[3]: Nothing to be done for 'all-am'.
make[3]: Leaving directory '/home/devel/building/work/src/fribidi-1.0.13/test'
make[2]: Leaving directory '/home/devel/building/work/src/fribidi-1.0.13/test'
make[2]: Entering directory '/home/devel/building/work/src/fribidi-1.0.13'
make[2]: Leaving directory '/home/devel/building/work/src/fribidi-1.0.13'
make[1]: Leaving directory '/home/devel/building/work/src/fribidi-1.0.13'
+ make DESTDIR=/home/devel/building/work/pkg install
make  install-recursive
make[1]: Entering directory '/home/devel/building/work/src/fribidi-1.0.13'
Making install in gen.tab
make[2]: Entering directory '/home/devel/building/work/src/fribidi-1.0.13/gen.tab'
make[3]: Entering directory '/home/devel/building/work/src/fribidi-1.0.13/gen.tab'
make[3]: Nothing to be done for 'install-exec-am'.
make[3]: Nothing to be done for 'install-data-am'.
make[3]: Leaving directory '/home/devel/building/work/src/fribidi-1.0.13/gen.tab'
make[2]: Leaving directory '/home/devel/building/work/src/fribidi-1.0.13/gen.tab'
Making install in lib
make[2]: Entering directory '/home/devel/building/work/src/fribidi-1.0.13/lib'
make  install-am
make[3]: Entering directory '/home/devel/building/work/src/fribidi-1.0.13/lib'
make[4]: Entering directory '/home/devel/building/work/src/fribidi-1.0.13/lib'
 /bin/mkdir -p '/home/devel/building/work/pkg/usr/lib'
 /bin/mkdir -p '/home/devel/building/work/pkg/usr/include/fribidi'
 /bin/mkdir -p '/home/devel/building/work/pkg/usr/include/fribidi'
 /bin/sh ../libtool   --mode=install /usr/bin/install -c   libfribidi.la '/home/devel/building/work/pkg/usr/lib'
 /usr/bin/install -c -m 644 fribidi-config.h '/home/devel/building/work/pkg/usr/include/fribidi'
 /usr/bin/install -c -m 644 fribidi-arabic.h fribidi-begindecls.h fribidi-bidi.h fribidi-bidi-types.h fribidi-bidi-types-list.h fribidi-common.h fribidi-char-sets.h fribidi-char-sets-list.h fribidi-deprecated.h fribidi-enddecls.h fribidi-flags.h fribidi-joining.h fribidi-joining-types.h fribidi-joining-types-list.h fribidi-mirroring.h fribidi-brackets.h fribidi-shape.h fribidi-types.h fribidi-unicode.h fribidi-unicode-version.h fribidi.h '/home/devel/building/work/pkg/usr/include/fribidi'
libtool: install: /usr/bin/install -c .libs/libfribidi.so.0.4.0 /home/devel/building/work/pkg/usr/lib/libfribidi.so.0.4.0
libtool: install: (cd /home/devel/building/work/pkg/usr/lib && { ln -s -f libfribidi.so.0.4.0 libfribidi.so.0 || { rm -f libfribidi.so.0 && ln -s libfribidi.so.0.4.0 libfribidi.so.0; }; })
libtool: install: (cd /home/devel/building/work/pkg/usr/lib && { ln -s -f libfribidi.so.0.4.0 libfribidi.so || { rm -f libfribidi.so && ln -s libfribidi.so.0.4.0 libfribidi.so; }; })
libtool: install: /usr/bin/install -c .libs/libfribidi.lai /home/devel/building/work/pkg/usr/lib/libfribidi.la
libtool: warning: remember to run 'libtool --finish /usr/lib'
make[4]: Leaving directory '/home/devel/building/work/src/fribidi-1.0.13/lib'
make[3]: Leaving directory '/home/devel/building/work/src/fribidi-1.0.13/lib'
make[2]: Leaving directory '/home/devel/building/work/src/fribidi-1.0.13/lib'
Making install in bin
make[2]: Entering directory '/home/devel/building/work/src/fribidi-1.0.13/bin'
make[3]: Entering directory '/home/devel/building/work/src/fribidi-1.0.13/bin'
make[3]: Nothing to be done for 'install-data-am'.
 /bin/mkdir -p '/home/devel/building/work/pkg/usr/bin'
  /bin/sh ../libtool   --mode=install /usr/bin/install -c fribidi '/home/devel/building/work/pkg/usr/bin'
libtool: warning: '../lib/libfribidi.la' has not been installed in '/usr/lib'
libtool: install: /usr/bin/install -c .libs/fribidi /home/devel/building/work/pkg/usr/bin/fribidi
make[3]: Leaving directory '/home/devel/building/work/src/fribidi-1.0.13/bin'
make[2]: Leaving directory '/home/devel/building/work/src/fribidi-1.0.13/bin'
Making install in doc
make[2]: Entering directory '/home/devel/building/work/src/fribidi-1.0.13/doc'
make[3]: Entering directory '/home/devel/building/work/src/fribidi-1.0.13/doc'
make[3]: Nothing to be done for 'install-exec-am'.
 /bin/mkdir -p '/home/devel/building/work/pkg/usr/share/man/man3'
 /usr/bin/install -c -m 644 fribidi_charset_to_unicode.3 fribidi_debug_status.3 fribidi_get_bidi_type.3 fribidi_get_bidi_type_name.3 fribidi_get_bidi_types.3 fribidi_get_bracket.3 fribidi_get_bracket_types.3 fribidi_get_joining_type.3 fribidi_get_joining_type_name.3 fribidi_get_joining_types.3 fribidi_get_mirror_char.3 fribidi_get_par_direction.3 fribidi_get_par_embedding_levels.3 fribidi_get_par_embedding_levels_ex.3 fribidi_get_type.3 fribidi_get_type_internal.3 fribidi_join_arabic.3 fribidi_log2vis.3 fribidi_log2vis_get_embedding_levels.3 fribidi_mirroring_status.3 fribidi_parse_charset.3 fribidi_remove_bidi_marks.3 fribidi_reorder_line.3 fribidi_reorder_nsm_status.3 fribidi_set_debug.3 fribidi_set_mirroring.3 fribidi_set_reorder_nsm.3 fribidi_shape.3 fribidi_shape_arabic.3 fribidi_shape_mirroring.3 fribidi_unicode_to_charset.3 '/home/devel/building/work/pkg/usr/share/man/man3'
make[3]: Leaving directory '/home/devel/building/work/src/fribidi-1.0.13/doc'
make[2]: Leaving directory '/home/devel/building/work/src/fribidi-1.0.13/doc'
Making install in test
make[2]: Entering directory '/home/devel/building/work/src/fribidi-1.0.13/test'
Making install in unicode-conformance
make[3]: Entering directory '/home/devel/building/work/src/fribidi-1.0.13/test/unicode-conformance'
make[4]: Entering directory '/home/devel/building/work/src/fribidi-1.0.13/test/unicode-conformance'
make[4]: Nothing to be done for 'install-exec-am'.
make[4]: Nothing to be done for 'install-data-am'.
make[4]: Leaving directory '/home/devel/building/work/src/fribidi-1.0.13/test/unicode-conformance'
make[3]: Leaving directory '/home/devel/building/work/src/fribidi-1.0.13/test/unicode-conformance'
make[3]: Entering directory '/home/devel/building/work/src/fribidi-1.0.13/test'
make[4]: Entering directory '/home/devel/building/work/src/fribidi-1.0.13/test'
make[4]: Nothing to be done for 'install-exec-am'.
make[4]: Nothing to be done for 'install-data-am'.
make[4]: Leaving directory '/home/devel/building/work/src/fribidi-1.0.13/test'
make[3]: Leaving directory '/home/devel/building/work/src/fribidi-1.0.13/test'
make[2]: Leaving directory '/home/devel/building/work/src/fribidi-1.0.13/test'
make[2]: Entering directory '/home/devel/building/work/src/fribidi-1.0.13'
make[3]: Entering directory '/home/devel/building/work/src/fribidi-1.0.13'
make[3]: Nothing to be done for 'install-exec-am'.
 /bin/mkdir -p '/home/devel/building/work/pkg/usr/lib/pkgconfig'
 /usr/bin/install -c -m 644 fribidi.pc '/home/devel/building/work/pkg/usr/lib/pkgconfig'
make[3]: Leaving directory '/home/devel/building/work/src/fribidi-1.0.13'
make[2]: Leaving directory '/home/devel/building/work/src/fribidi-1.0.13'
make[1]: Leaving directory '/home/devel/building/work/src/fribidi-1.0.13'
+ find /home/devel/building/work/pkg -type f -name '*.la' -delete
=======> Build result:
drwxr-xr-x  0 root   root        0 Jul 12 15:31 usr/
drwxr-xr-x  0 root   root        0 Jul 12 15:31 usr/share/
drwxr-xr-x  0 root   root        0 Jul 12 15:31 usr/bin/
drwxr-xr-x  0 root   root        0 Jul 12 15:31 usr/include/
drwxr-xr-x  0 root   root        0 Jul 12 15:31 usr/lib/
drwxr-xr-x  0 root   root        0 Jul 12 15:31 usr/lib/pkgconfig/
lrwxrwxrwx  0 root   root        0 Jul 12 15:31 usr/lib/libfribidi.so -> libfribidi.so.0.4.0
lrwxrwxrwx  0 root   root        0 Jul 12 15:31 usr/lib/libfribidi.so.0 -> libfribidi.so.0.4.0
-rwxr-xr-x  0 root   root   125208 Jul 12 15:31 usr/lib/libfribidi.so.0.4.0
-rw-r--r--  0 root   root      347 Jul 12 15:31 usr/lib/pkgconfig/fribidi.pc
drwxr-xr-x  0 root   root        0 Jul 12 15:31 usr/include/fribidi/
-rw-r--r--  0 root   root     4831 Jul 12 15:31 usr/include/fribidi/fribidi.h
-rw-r--r--  0 root   root      330 Jul 12 15:31 usr/include/fribidi/fribidi-unicode-version.h
-rw-r--r--  0 root   root     3352 Jul 12 15:31 usr/include/fribidi/fribidi-unicode.h
-rw-r--r--  0 root   root     2428 Jul 12 15:31 usr/include/fribidi/fribidi-types.h
-rw-r--r--  0 root   root     2670 Jul 12 15:31 usr/include/fribidi/fribidi-shape.h
-rw-r--r--  0 root   root     3180 Jul 12 15:31 usr/include/fribidi/fribidi-brackets.h
-rw-r--r--  0 root   root     3028 Jul 12 15:31 usr/include/fribidi/fribidi-mirroring.h
-rw-r--r--  0 root   root     1697 Jul 12 15:31 usr/include/fribidi/fribidi-joining-types-list.h
-rw-r--r--  0 root   root     8180 Jul 12 15:31 usr/include/fribidi/fribidi-joining-types.h
-rw-r--r--  0 root   root     2868 Jul 12 15:31 usr/include/fribidi/fribidi-joining.h
-rw-r--r--  0 root   root     2038 Jul 12 15:31 usr/include/fribidi/fribidi-flags.h
-rw-r--r--  0 root   root       74 Jul 12 15:31 usr/include/fribidi/fribidi-enddecls.h
-rw-r--r--  0 root   root     6049 Jul 12 15:31 usr/include/fribidi/fribidi-deprecated.h
-rw-r--r--  0 root   root     2266 Jul 12 15:31 usr/include/fribidi/fribidi-char-sets-list.h
-rw-r--r--  0 root   root     3322 Jul 12 15:31 usr/include/fribidi/fribidi-char-sets.h
-rw-r--r--  0 root   root     4788 Jul 12 15:31 usr/include/fribidi/fribidi-common.h
-rw-r--r--  0 root   root     3773 Jul 12 15:31 usr/include/fribidi/fribidi-bidi-types-list.h
-rw-r--r--  0 root   root    14990 Jul 12 15:31 usr/include/fribidi/fribidi-bidi-types.h
-rw-r--r--  0 root   root     6253 Jul 12 15:31 usr/include/fribidi/fribidi-bidi.h
-rw-r--r--  0 root   root       80 Jul 12 15:31 usr/include/fribidi/fribidi-begindecls.h
-rw-r--r--  0 root   root     2823 Jul 12 15:31 usr/include/fribidi/fribidi-arabic.h
-rw-r--r--  0 root   root      704 Jul 12 15:31 usr/include/fribidi/fribidi-config.h
-rwxr-xr-x  0 root   root    19584 Jul 12 15:31 usr/bin/fribidi
drwxr-xr-x  0 root   root        0 Jul 12 15:31 usr/share/man/
drwxr-xr-x  0 root   root        0 Jul 12 15:31 usr/share/man/man3/
-rw-r--r--  0 root   root      912 Jul 12 15:31 usr/share/man/man3/fribidi_charset_to_unicode.3.gz
-rw-r--r--  0 root   root      527 Jul 12 15:31 usr/share/man/man3/fribidi_debug_status.3.gz
-rw-r--r--  0 root   root      810 Jul 12 15:31 usr/share/man/man3/fribidi_get_bidi_type.3.gz
-rw-r--r--  0 root   root      822 Jul 12 15:31 usr/share/man/man3/fribidi_get_bidi_type_name.3.gz
-rw-r--r--  0 root   root      734 Jul 12 15:31 usr/share/man/man3/fribidi_get_bidi_types.3.gz
-rw-r--r--  0 root   root      805 Jul 12 15:31 usr/share/man/man3/fribidi_get_bracket.3.gz
-rw-r--r--  0 root   root      759 Jul 12 15:31 usr/share/man/man3/fribidi_get_bracket_types.3.gz
-rw-r--r--  0 root   root     1028 Jul 12 15:31 usr/share/man/man3/fribidi_get_joining_type.3.gz
-rw-r--r--  0 root   root      976 Jul 12 15:31 usr/share/man/man3/fribidi_get_joining_type_name.3.gz
-rw-r--r--  0 root   root      927 Jul 12 15:31 usr/share/man/man3/fribidi_get_joining_types.3.gz
-rw-r--r--  0 root   root      796 Jul 12 15:31 usr/share/man/man3/fribidi_get_mirror_char.3.gz
-rw-r--r--  0 root   root     1183 Jul 12 15:31 usr/share/man/man3/fribidi_get_par_direction.3.gz
-rw-r--r--  0 root   root      953 Jul 12 15:31 usr/share/man/man3/fribidi_get_par_embedding_levels.3.gz
-rw-r--r--  0 root   root     1224 Jul 12 15:31 usr/share/man/man3/fribidi_get_par_embedding_levels_ex.3.gz
-rw-r--r--  0 root   root      631 Jul 12 15:31 usr/share/man/man3/fribidi_get_type.3.gz
-rw-r--r--  0 root   root      638 Jul 12 15:31 usr/share/man/man3/fribidi_get_type_internal.3.gz
-rw-r--r--  0 root   root     1145 Jul 12 15:31 usr/share/man/man3/fribidi_join_arabic.3.gz
-rw-r--r--  0 root   root     1251 Jul 12 15:31 usr/share/man/man3/fribidi_log2vis.3.gz
-rw-r--r--  0 root   root      933 Jul 12 15:31 usr/share/man/man3/fribidi_log2vis_get_embedding_levels.3.gz
-rw-r--r--  0 root   root      568 Jul 12 15:31 usr/share/man/man3/fribidi_mirroring_status.3.gz
-rw-r--r--  0 root   root      819 Jul 12 15:31 usr/share/man/man3/fribidi_parse_charset.3.gz
-rw-r--r--  0 root   root     1180 Jul 12 15:31 usr/share/man/man3/fribidi_remove_bidi_marks.3.gz
-rw-r--r--  0 root   root     1729 Jul 12 15:31 usr/share/man/man3/fribidi_reorder_line.3.gz
-rw-r--r--  0 root   root      578 Jul 12 15:31 usr/share/man/man3/fribidi_reorder_nsm_status.3.gz
-rw-r--r--  0 root   root      544 Jul 12 15:31 usr/share/man/man3/fribidi_set_debug.3.gz
-rw-r--r--  0 root   root      781 Jul 12 15:31 usr/share/man/man3/fribidi_set_mirroring.3.gz
-rw-r--r--  0 root   root      867 Jul 12 15:31 usr/share/man/man3/fribidi_set_reorder_nsm.3.gz
-rw-r--r--  0 root   root     1045 Jul 12 15:31 usr/share/man/man3/fribidi_shape.3.gz
-rw-r--r--  0 root   root     1077 Jul 12 15:31 usr/share/man/man3/fribidi_shape_arabic.3.gz
-rw-r--r--  0 root   root      776 Jul 12 15:31 usr/share/man/man3/fribidi_shape_mirroring.3.gz
-rw-r--r--  0 root   root      942 Jul 12 15:31 usr/share/man/man3/fribidi_unicode_to_charset.3.gz
=======> Building '/home/devel/packages/fribidi#1.0.13-1.x86_64.pkg.tar.zst' succeeded.
prt-get: Using PKGMK_PACKAGE_DIR: /home/devel/packages
prt-get: reinstalling fribidi 1.0.13-1
prt-get: /usr/bin/pkgadd -u fribidi#1.0.13-1.x86_64.pkg.tar.zst
prt-get: build done Wed Jul 12 15:31:54 2023

