prt-get: updating /usr/ports/core-x86_64/gdbm
prt-get: starting build Wed Jul 12 17:53:07 2023
=======> Building '/home/devel/packages/gdbm#1.23-1.x86_64.pkg.tar.zst'.
bsdtar -p -o -C /home/devel/building/work/src -xf /home/devel/sources/gdbm-1.23.tar.gz
+ build
+ cd gdbm-1.23
+ ./configure --build=x86_64-unknown-linux-gnu --host=x86_64-unknown-linux-gnu --prefix=/usr --enable-libgdbm-compat --disable-static --disable-nls
checking for a BSD-compatible install... /usr/bin/install -c
checking whether build environment is sane... yes
checking for a thread-safe mkdir -p... /bin/mkdir -p
checking for gawk... gawk
checking whether make sets $(MAKE)... yes
checking whether make supports nested variables... yes
checking whether make supports nested variables... (cached) yes
checking for x86_64-unknown-linux-gnu-gcc... x86_64-unknown-linux-gnu-gcc
checking whether the C compiler works... yes
checking for C compiler default output file name... a.out
checking for suffix of executables... 
checking whether we are cross compiling... no
checking for suffix of object files... o
checking whether we are using the GNU C compiler... yes
checking whether x86_64-unknown-linux-gnu-gcc accepts -g... yes
checking for x86_64-unknown-linux-gnu-gcc option to accept ISO C89... none needed
checking whether x86_64-unknown-linux-gnu-gcc understands -c and -o together... yes
checking for style of include used by make... GNU
checking dependency style of x86_64-unknown-linux-gnu-gcc... gcc3
checking how to run the C preprocessor... x86_64-unknown-linux-gnu-gcc -E
checking build system type... x86_64-unknown-linux-gnu
checking host system type... x86_64-unknown-linux-gnu
checking how to print strings... printf
checking for a sed that does not truncate output... /bin/sed
checking for grep that handles long lines and -e... /usr/bin/grep
checking for egrep... /usr/bin/grep -E
checking for fgrep... /usr/bin/grep -F
checking for ld used by x86_64-unknown-linux-gnu-gcc... /usr/bin/ld
checking if the linker (/usr/bin/ld) is GNU ld... yes
checking for BSD- or MS-compatible name lister (nm)... /usr/bin/x86_64-unknown-linux-gnu-nm -B
checking the name lister (/usr/bin/x86_64-unknown-linux-gnu-nm -B) interface... BSD nm
checking whether ln -s works... yes
checking the maximum length of command line arguments... 1572864
checking how to convert x86_64-unknown-linux-gnu file names to x86_64-unknown-linux-gnu format... func_convert_file_noop
checking how to convert x86_64-unknown-linux-gnu file names to toolchain format... func_convert_file_noop
checking for /usr/bin/ld option to reload object files... -r
checking for x86_64-unknown-linux-gnu-objdump... x86_64-unknown-linux-gnu-objdump
checking how to recognize dependent libraries... pass_all
checking for x86_64-unknown-linux-gnu-dlltool... no
checking for dlltool... no
checking how to associate runtime and link libraries... printf %s\n
checking for x86_64-unknown-linux-gnu-ar... x86_64-unknown-linux-gnu-ar
checking for archiver @FILE support... @
checking for x86_64-unknown-linux-gnu-strip... x86_64-unknown-linux-gnu-strip
checking for x86_64-unknown-linux-gnu-ranlib... x86_64-unknown-linux-gnu-ranlib
checking command to parse /usr/bin/x86_64-unknown-linux-gnu-nm -B output from x86_64-unknown-linux-gnu-gcc object... ok
checking for sysroot... no
checking for a working dd... /bin/dd
checking how to truncate binary pipes... /bin/dd bs=4096 count=1
checking for x86_64-unknown-linux-gnu-mt... no
checking for mt... no
checking if : is a manifest tool... no
checking for ANSI C header files... yes
checking for sys/types.h... yes
checking for sys/stat.h... yes
checking for stdlib.h... yes
checking for string.h... yes
checking for memory.h... yes
checking for strings.h... yes
checking for inttypes.h... yes
checking for stdint.h... yes
checking for unistd.h... yes
checking for dlfcn.h... yes
checking for objdir... .libs
checking if x86_64-unknown-linux-gnu-gcc supports -fno-rtti -fno-exceptions... no
checking for x86_64-unknown-linux-gnu-gcc option to produce PIC... -fPIC -DPIC
checking if x86_64-unknown-linux-gnu-gcc PIC flag -fPIC -DPIC works... yes
checking if x86_64-unknown-linux-gnu-gcc static flag -static works... yes
checking if x86_64-unknown-linux-gnu-gcc supports -c -o file.o... yes
checking if x86_64-unknown-linux-gnu-gcc supports -c -o file.o... (cached) yes
checking whether the x86_64-unknown-linux-gnu-gcc linker (/usr/bin/ld -m elf_x86_64) supports shared libraries... yes
checking whether -lc should be explicitly linked in... no
checking dynamic linker characteristics... GNU/Linux ld.so
checking how to hardcode library paths into programs... immediate
checking whether stripping libraries is possible... yes
checking if libtool supports shared libraries... yes
checking whether to build shared libraries... yes
checking whether to build static libraries... no
checking for bison... /usr/bin/bison
checking for flex... /usr/bin/flex
checking for gzip... /bin/gzip
checking for base64... /usr/bin/base64
checking for special C compiler options needed for large files... no
checking for _FILE_OFFSET_BITS value needed for large files... no
checking for an ANSI C-conforming const... yes
checking for unsigned long long int... yes
checking for TLS qualifier... __thread
checking whether NLS is requested... no
checking for msgfmt... /usr/bin/msgfmt
checking for gmsgfmt... /usr/bin/msgfmt
checking for xgettext... /usr/bin/xgettext
checking for msgmerge... /usr/bin/msgmerge
checking for ld used by x86_64-unknown-linux-gnu-gcc... /usr/bin/ld -m elf_x86_64
checking if the linker (/usr/bin/ld -m elf_x86_64) is GNU ld... yes
checking for shared library run path origin... done
checking for CFPreferencesCopyAppValue... no
checking for CFLocaleCopyCurrent... no
checking whether to use NLS... no
checking sys/file.h usability... yes
checking sys/file.h presence... yes
checking for sys/file.h... yes
checking for string.h... (cached) yes
checking locale.h usability... yes
checking locale.h presence... yes
checking for locale.h... yes
checking getopt.h usability... yes
checking getopt.h presence... yes
checking for getopt.h... yes
checking for ftruncate... yes
checking for flock... yes
checking for lockf... yes
checking for fsync... yes
checking for setlocale... yes
checking for getopt_long... yes
checking for stdlib.h... (cached) yes
checking for unistd.h... (cached) yes
checking for sys/param.h... yes
checking for getpagesize... yes
checking for working mmap... yes
checking for msync... yes
checking for off_t... yes
checking size of off_t... 8
checking for struct stat.st_blksize... yes
checking for struct stat.st_mtim... yes
checking for struct stat.st_mtimespec... no
checking for tputs in -lncurses... no
checking for tputs in -lcurses... no
checking for tputs in -ltermcap... no
checking for readline in -lreadline... yes
checking readline/readline.h usability... yes
checking readline/readline.h presence... yes
checking for readline/readline.h... yes
checking for rl_completion_matches... yes
checking linux/fs.h usability... yes
checking linux/fs.h presence... yes
checking for linux/fs.h... yes
checking for FICLONE ioctl support... yes
checking that generated files are newer than configure... done
configure: creating ./config.status
config.status: creating tests/Makefile
config.status: creating tests/atlocal
config.status: creating po/Makefile.in
config.status: creating tests/gdbmtool/Makefile
config.status: creating Makefile
config.status: creating src/Makefile
config.status: creating src/gdbm.h
config.status: creating tools/Makefile
config.status: creating doc/Makefile
config.status: creating compat/Makefile
config.status: creating autoconf.h
config.status: executing depfiles commands
config.status: executing libtool commands
config.status: executing po-directories commands
config.status: creating po/POTFILES
config.status: creating po/Makefile
config.status: executing tests/atconfig commands
config.status: executing status commands

*******************************************************************
GDBM settings summary:

Compatibility library ......................... yes
Memory mapped I/O ............................. yes
GNU Readline .................................. yes
Debugging support ............................. no
Reflink crash tolerance ....................... yes
*******************************************************************

+ make V=1
make  all-recursive
make[1]: Entering directory '/home/devel/building/work/src/gdbm-1.23'
Making all in po
make[2]: Entering directory '/home/devel/building/work/src/gdbm-1.23/po'
make[2]: Nothing to be done for 'all'.
make[2]: Leaving directory '/home/devel/building/work/src/gdbm-1.23/po'
Making all in src
make[2]: Entering directory '/home/devel/building/work/src/gdbm-1.23/src'
make  all-am
make[3]: Entering directory '/home/devel/building/work/src/gdbm-1.23/src'
/bin/sh ../libtool  --tag=CC   --mode=compile x86_64-unknown-linux-gnu-gcc -DHAVE_CONFIG_H -I. -I..     -O2 -m64 -march=x86-64 -mtune=generic -MT gdbmclose.lo -MD -MP -MF .deps/gdbmclose.Tpo -c -o gdbmclose.lo gdbmclose.c
/bin/sh ../libtool  --tag=CC   --mode=compile x86_64-unknown-linux-gnu-gcc -DHAVE_CONFIG_H -I. -I..     -O2 -m64 -march=x86-64 -mtune=generic -MT gdbmcount.lo -MD -MP -MF .deps/gdbmcount.Tpo -c -o gdbmcount.lo gdbmcount.c
/bin/sh ../libtool  --tag=CC   --mode=compile x86_64-unknown-linux-gnu-gcc -DHAVE_CONFIG_H -I. -I..     -O2 -m64 -march=x86-64 -mtune=generic -MT gdbmdelete.lo -MD -MP -MF .deps/gdbmdelete.Tpo -c -o gdbmdelete.lo gdbmdelete.c
/bin/sh ../libtool  --tag=CC   --mode=compile x86_64-unknown-linux-gnu-gcc -DHAVE_CONFIG_H -I. -I..     -O2 -m64 -march=x86-64 -mtune=generic -MT gdbmdump.lo -MD -MP -MF .deps/gdbmdump.Tpo -c -o gdbmdump.lo gdbmdump.c
/bin/sh ../libtool  --tag=CC   --mode=compile x86_64-unknown-linux-gnu-gcc -DHAVE_CONFIG_H -I. -I..     -O2 -m64 -march=x86-64 -mtune=generic -MT gdbmerrno.lo -MD -MP -MF .deps/gdbmerrno.Tpo -c -o gdbmerrno.lo gdbmerrno.c
/bin/sh ../libtool  --tag=CC   --mode=compile x86_64-unknown-linux-gnu-gcc -DHAVE_CONFIG_H -I. -I..     -O2 -m64 -march=x86-64 -mtune=generic -MT gdbmexists.lo -MD -MP -MF .deps/gdbmexists.Tpo -c -o gdbmexists.lo gdbmexists.c
/bin/sh ../libtool  --tag=CC   --mode=compile x86_64-unknown-linux-gnu-gcc -DHAVE_CONFIG_H -I. -I..     -O2 -m64 -march=x86-64 -mtune=generic -MT gdbmexp.lo -MD -MP -MF .deps/gdbmexp.Tpo -c -o gdbmexp.lo gdbmexp.c
/bin/sh ../libtool  --tag=CC   --mode=compile x86_64-unknown-linux-gnu-gcc -DHAVE_CONFIG_H -I. -I..     -O2 -m64 -march=x86-64 -mtune=generic -MT gdbmfdesc.lo -MD -MP -MF .deps/gdbmfdesc.Tpo -c -o gdbmfdesc.lo gdbmfdesc.c
libtool: compile:  x86_64-unknown-linux-gnu-gcc -DHAVE_CONFIG_H -I. -I.. -O2 -m64 -march=x86-64 -mtune=generic -MT gdbmclose.lo -MD -MP -MF .deps/gdbmclose.Tpo -c gdbmclose.c  -fPIC -DPIC -o .libs/gdbmclose.o
libtool: compile:  x86_64-unknown-linux-gnu-gcc -DHAVE_CONFIG_H -I. -I.. -O2 -m64 -march=x86-64 -mtune=generic -MT gdbmexp.lo -MD -MP -MF .deps/gdbmexp.Tpo -c gdbmexp.c  -fPIC -DPIC -o .libs/gdbmexp.o
libtool: compile:  x86_64-unknown-linux-gnu-gcc -DHAVE_CONFIG_H -I. -I.. -O2 -m64 -march=x86-64 -mtune=generic -MT gdbmdelete.lo -MD -MP -MF .deps/gdbmdelete.Tpo -c gdbmdelete.c  -fPIC -DPIC -o .libs/gdbmdelete.o
libtool: compile:  x86_64-unknown-linux-gnu-gcc -DHAVE_CONFIG_H -I. -I.. -O2 -m64 -march=x86-64 -mtune=generic -MT gdbmerrno.lo -MD -MP -MF .deps/gdbmerrno.Tpo -c gdbmerrno.c  -fPIC -DPIC -o .libs/gdbmerrno.o
libtool: compile:  x86_64-unknown-linux-gnu-gcc -DHAVE_CONFIG_H -I. -I.. -O2 -m64 -march=x86-64 -mtune=generic -MT gdbmexists.lo -MD -MP -MF .deps/gdbmexists.Tpo -c gdbmexists.c  -fPIC -DPIC -o .libs/gdbmexists.o
libtool: compile:  x86_64-unknown-linux-gnu-gcc -DHAVE_CONFIG_H -I. -I.. -O2 -m64 -march=x86-64 -mtune=generic -MT gdbmfdesc.lo -MD -MP -MF .deps/gdbmfdesc.Tpo -c gdbmfdesc.c  -fPIC -DPIC -o .libs/gdbmfdesc.o
libtool: compile:  x86_64-unknown-linux-gnu-gcc -DHAVE_CONFIG_H -I. -I.. -O2 -m64 -march=x86-64 -mtune=generic -MT gdbmdump.lo -MD -MP -MF .deps/gdbmdump.Tpo -c gdbmdump.c  -fPIC -DPIC -o .libs/gdbmdump.o
mv -f .deps/gdbmfdesc.Tpo .deps/gdbmfdesc.Plo
/bin/sh ../libtool  --tag=CC   --mode=compile x86_64-unknown-linux-gnu-gcc -DHAVE_CONFIG_H -I. -I..     -O2 -m64 -march=x86-64 -mtune=generic -MT gdbmfetch.lo -MD -MP -MF .deps/gdbmfetch.Tpo -c -o gdbmfetch.lo gdbmfetch.c
mv -f .deps/gdbmexists.Tpo .deps/gdbmexists.Plo
libtool: compile:  x86_64-unknown-linux-gnu-gcc -DHAVE_CONFIG_H -I. -I.. -O2 -m64 -march=x86-64 -mtune=generic -MT gdbmcount.lo -MD -MP -MF .deps/gdbmcount.Tpo -c gdbmcount.c  -fPIC -DPIC -o .libs/gdbmcount.o
libtool: compile:  x86_64-unknown-linux-gnu-gcc -DHAVE_CONFIG_H -I. -I.. -O2 -m64 -march=x86-64 -mtune=generic -MT gdbmfetch.lo -MD -MP -MF .deps/gdbmfetch.Tpo -c gdbmfetch.c  -fPIC -DPIC -o .libs/gdbmfetch.o
mv -f .deps/gdbmclose.Tpo .deps/gdbmclose.Plo
mv -f .deps/gdbmdelete.Tpo .deps/gdbmdelete.Plo
mv -f .deps/gdbmerrno.Tpo .deps/gdbmerrno.Plo
mv -f .deps/gdbmexp.Tpo .deps/gdbmexp.Plo
/bin/sh ../libtool  --tag=CC   --mode=compile x86_64-unknown-linux-gnu-gcc -DHAVE_CONFIG_H -I. -I..     -O2 -m64 -march=x86-64 -mtune=generic -MT gdbmload.lo -MD -MP -MF .deps/gdbmload.Tpo -c -o gdbmload.lo gdbmload.c
/bin/sh ../libtool  --tag=CC   --mode=compile x86_64-unknown-linux-gnu-gcc -DHAVE_CONFIG_H -I. -I..     -O2 -m64 -march=x86-64 -mtune=generic -MT gdbmopen.lo -MD -MP -MF .deps/gdbmopen.Tpo -c -o gdbmopen.lo gdbmopen.c
/bin/sh ../libtool  --tag=CC   --mode=compile x86_64-unknown-linux-gnu-gcc -DHAVE_CONFIG_H -I. -I..     -O2 -m64 -march=x86-64 -mtune=generic -MT gdbmimp.lo -MD -MP -MF .deps/gdbmimp.Tpo -c -o gdbmimp.lo gdbmimp.c
/bin/sh ../libtool  --tag=CC   --mode=compile x86_64-unknown-linux-gnu-gcc -DHAVE_CONFIG_H -I. -I..     -O2 -m64 -march=x86-64 -mtune=generic -MT gdbmreorg.lo -MD -MP -MF .deps/gdbmreorg.Tpo -c -o gdbmreorg.lo gdbmreorg.c
/bin/sh ../libtool  --tag=CC   --mode=compile x86_64-unknown-linux-gnu-gcc -DHAVE_CONFIG_H -I. -I..     -O2 -m64 -march=x86-64 -mtune=generic -MT gdbmseq.lo -MD -MP -MF .deps/gdbmseq.Tpo -c -o gdbmseq.lo gdbmseq.c
mv -f .deps/gdbmdump.Tpo .deps/gdbmdump.Plo
/bin/sh ../libtool  --tag=CC   --mode=compile x86_64-unknown-linux-gnu-gcc -DHAVE_CONFIG_H -I. -I..     -O2 -m64 -march=x86-64 -mtune=generic -MT gdbmsetopt.lo -MD -MP -MF .deps/gdbmsetopt.Tpo -c -o gdbmsetopt.lo gdbmsetopt.c
mv -f .deps/gdbmcount.Tpo .deps/gdbmcount.Plo
libtool: compile:  x86_64-unknown-linux-gnu-gcc -DHAVE_CONFIG_H -I. -I.. -O2 -m64 -march=x86-64 -mtune=generic -MT gdbmreorg.lo -MD -MP -MF .deps/gdbmreorg.Tpo -c gdbmreorg.c  -fPIC -DPIC -o .libs/gdbmreorg.o
/bin/sh ../libtool  --tag=CC   --mode=compile x86_64-unknown-linux-gnu-gcc -DHAVE_CONFIG_H -I. -I..     -O2 -m64 -march=x86-64 -mtune=generic -MT gdbmstore.lo -MD -MP -MF .deps/gdbmstore.Tpo -c -o gdbmstore.lo gdbmstore.c
libtool: compile:  x86_64-unknown-linux-gnu-gcc -DHAVE_CONFIG_H -I. -I.. -O2 -m64 -march=x86-64 -mtune=generic -MT gdbmopen.lo -MD -MP -MF .deps/gdbmopen.Tpo -c gdbmopen.c  -fPIC -DPIC -o .libs/gdbmopen.o
libtool: compile:  x86_64-unknown-linux-gnu-gcc -DHAVE_CONFIG_H -I. -I.. -O2 -m64 -march=x86-64 -mtune=generic -MT gdbmimp.lo -MD -MP -MF .deps/gdbmimp.Tpo -c gdbmimp.c  -fPIC -DPIC -o .libs/gdbmimp.o
libtool: compile:  x86_64-unknown-linux-gnu-gcc -DHAVE_CONFIG_H -I. -I.. -O2 -m64 -march=x86-64 -mtune=generic -MT gdbmload.lo -MD -MP -MF .deps/gdbmload.Tpo -c gdbmload.c  -fPIC -DPIC -o .libs/gdbmload.o
mv -f .deps/gdbmfetch.Tpo .deps/gdbmfetch.Plo
libtool: compile:  x86_64-unknown-linux-gnu-gcc -DHAVE_CONFIG_H -I. -I.. -O2 -m64 -march=x86-64 -mtune=generic -MT gdbmsetopt.lo -MD -MP -MF .deps/gdbmsetopt.Tpo -c gdbmsetopt.c  -fPIC -DPIC -o .libs/gdbmsetopt.o
/bin/sh ../libtool  --tag=CC   --mode=compile x86_64-unknown-linux-gnu-gcc -DHAVE_CONFIG_H -I. -I..     -O2 -m64 -march=x86-64 -mtune=generic -MT gdbmsync.lo -MD -MP -MF .deps/gdbmsync.Tpo -c -o gdbmsync.lo gdbmsync.c
libtool: compile:  x86_64-unknown-linux-gnu-gcc -DHAVE_CONFIG_H -I. -I.. -O2 -m64 -march=x86-64 -mtune=generic -MT gdbmstore.lo -MD -MP -MF .deps/gdbmstore.Tpo -c gdbmstore.c  -fPIC -DPIC -o .libs/gdbmstore.o
libtool: compile:  x86_64-unknown-linux-gnu-gcc -DHAVE_CONFIG_H -I. -I.. -O2 -m64 -march=x86-64 -mtune=generic -MT gdbmseq.lo -MD -MP -MF .deps/gdbmseq.Tpo -c gdbmseq.c  -fPIC -DPIC -o .libs/gdbmseq.o
mv -f .deps/gdbmreorg.Tpo .deps/gdbmreorg.Plo
/bin/sh ../libtool  --tag=CC   --mode=compile x86_64-unknown-linux-gnu-gcc -DHAVE_CONFIG_H -I. -I..     -O2 -m64 -march=x86-64 -mtune=generic -MT avail.lo -MD -MP -MF .deps/avail.Tpo -c -o avail.lo avail.c
libtool: compile:  x86_64-unknown-linux-gnu-gcc -DHAVE_CONFIG_H -I. -I.. -O2 -m64 -march=x86-64 -mtune=generic -MT gdbmsync.lo -MD -MP -MF .deps/gdbmsync.Tpo -c gdbmsync.c  -fPIC -DPIC -o .libs/gdbmsync.o
libtool: compile:  x86_64-unknown-linux-gnu-gcc -DHAVE_CONFIG_H -I. -I.. -O2 -m64 -march=x86-64 -mtune=generic -MT avail.lo -MD -MP -MF .deps/avail.Tpo -c avail.c  -fPIC -DPIC -o .libs/avail.o
mv -f .deps/gdbmimp.Tpo .deps/gdbmimp.Plo
/bin/sh ../libtool  --tag=CC   --mode=compile x86_64-unknown-linux-gnu-gcc -DHAVE_CONFIG_H -I. -I..     -O2 -m64 -march=x86-64 -mtune=generic -MT base64.lo -MD -MP -MF .deps/base64.Tpo -c -o base64.lo base64.c
mv -f .deps/gdbmstore.Tpo .deps/gdbmstore.Plo
/bin/sh ../libtool  --tag=CC   --mode=compile x86_64-unknown-linux-gnu-gcc -DHAVE_CONFIG_H -I. -I..     -O2 -m64 -march=x86-64 -mtune=generic -MT bucket.lo -MD -MP -MF .deps/bucket.Tpo -c -o bucket.lo bucket.c
mv -f .deps/gdbmseq.Tpo .deps/gdbmseq.Plo
/bin/sh ../libtool  --tag=CC   --mode=compile x86_64-unknown-linux-gnu-gcc -DHAVE_CONFIG_H -I. -I..     -O2 -m64 -march=x86-64 -mtune=generic -MT falloc.lo -MD -MP -MF .deps/falloc.Tpo -c -o falloc.lo falloc.c
libtool: compile:  x86_64-unknown-linux-gnu-gcc -DHAVE_CONFIG_H -I. -I.. -O2 -m64 -march=x86-64 -mtune=generic -MT base64.lo -MD -MP -MF .deps/base64.Tpo -c base64.c  -fPIC -DPIC -o .libs/base64.o
libtool: compile:  x86_64-unknown-linux-gnu-gcc -DHAVE_CONFIG_H -I. -I.. -O2 -m64 -march=x86-64 -mtune=generic -MT bucket.lo -MD -MP -MF .deps/bucket.Tpo -c bucket.c  -fPIC -DPIC -o .libs/bucket.o
mv -f .deps/gdbmsetopt.Tpo .deps/gdbmsetopt.Plo
/bin/sh ../libtool  --tag=CC   --mode=compile x86_64-unknown-linux-gnu-gcc -DHAVE_CONFIG_H -I. -I..     -O2 -m64 -march=x86-64 -mtune=generic -MT findkey.lo -MD -MP -MF .deps/findkey.Tpo -c -o findkey.lo findkey.c
libtool: compile:  x86_64-unknown-linux-gnu-gcc -DHAVE_CONFIG_H -I. -I.. -O2 -m64 -march=x86-64 -mtune=generic -MT falloc.lo -MD -MP -MF .deps/falloc.Tpo -c falloc.c  -fPIC -DPIC -o .libs/falloc.o
mv -f .deps/gdbmsync.Tpo .deps/gdbmsync.Plo
/bin/sh ../libtool  --tag=CC   --mode=compile x86_64-unknown-linux-gnu-gcc -DHAVE_CONFIG_H -I. -I..     -O2 -m64 -march=x86-64 -mtune=generic -MT fullio.lo -MD -MP -MF .deps/fullio.Tpo -c -o fullio.lo fullio.c
libtool: compile:  x86_64-unknown-linux-gnu-gcc -DHAVE_CONFIG_H -I. -I.. -O2 -m64 -march=x86-64 -mtune=generic -MT findkey.lo -MD -MP -MF .deps/findkey.Tpo -c findkey.c  -fPIC -DPIC -o .libs/findkey.o
mv -f .deps/avail.Tpo .deps/avail.Plo
/bin/sh ../libtool  --tag=CC   --mode=compile x86_64-unknown-linux-gnu-gcc -DHAVE_CONFIG_H -I. -I..     -O2 -m64 -march=x86-64 -mtune=generic -MT hash.lo -MD -MP -MF .deps/hash.Tpo -c -o hash.lo hash.c
mv -f .deps/base64.Tpo .deps/base64.Plo
/bin/sh ../libtool  --tag=CC   --mode=compile x86_64-unknown-linux-gnu-gcc -DHAVE_CONFIG_H -I. -I..     -O2 -m64 -march=x86-64 -mtune=generic -MT lock.lo -MD -MP -MF .deps/lock.Tpo -c -o lock.lo lock.c
mv -f .deps/gdbmopen.Tpo .deps/gdbmopen.Plo
/bin/sh ../libtool  --tag=CC   --mode=compile x86_64-unknown-linux-gnu-gcc -DHAVE_CONFIG_H -I. -I..     -O2 -m64 -march=x86-64 -mtune=generic -MT mmap.lo -MD -MP -MF .deps/mmap.Tpo -c -o mmap.lo mmap.c
libtool: compile:  x86_64-unknown-linux-gnu-gcc -DHAVE_CONFIG_H -I. -I.. -O2 -m64 -march=x86-64 -mtune=generic -MT fullio.lo -MD -MP -MF .deps/fullio.Tpo -c fullio.c  -fPIC -DPIC -o .libs/fullio.o
mv -f .deps/gdbmload.Tpo .deps/gdbmload.Plo
/bin/sh ../libtool  --tag=CC   --mode=compile x86_64-unknown-linux-gnu-gcc -DHAVE_CONFIG_H -I. -I..     -O2 -m64 -march=x86-64 -mtune=generic -MT recover.lo -MD -MP -MF .deps/recover.Tpo -c -o recover.lo recover.c
libtool: compile:  x86_64-unknown-linux-gnu-gcc -DHAVE_CONFIG_H -I. -I.. -O2 -m64 -march=x86-64 -mtune=generic -MT hash.lo -MD -MP -MF .deps/hash.Tpo -c hash.c  -fPIC -DPIC -o .libs/hash.o
libtool: compile:  x86_64-unknown-linux-gnu-gcc -DHAVE_CONFIG_H -I. -I.. -O2 -m64 -march=x86-64 -mtune=generic -MT lock.lo -MD -MP -MF .deps/lock.Tpo -c lock.c  -fPIC -DPIC -o .libs/lock.o
mv -f .deps/findkey.Tpo .deps/findkey.Plo
/bin/sh ../libtool  --tag=CC   --mode=compile x86_64-unknown-linux-gnu-gcc -DHAVE_CONFIG_H -I. -I..     -O2 -m64 -march=x86-64 -mtune=generic -MT update.lo -MD -MP -MF .deps/update.Tpo -c -o update.lo update.c
libtool: compile:  x86_64-unknown-linux-gnu-gcc -DHAVE_CONFIG_H -I. -I.. -O2 -m64 -march=x86-64 -mtune=generic -MT recover.lo -MD -MP -MF .deps/recover.Tpo -c recover.c  -fPIC -DPIC -o .libs/recover.o
mv -f .deps/fullio.Tpo .deps/fullio.Plo
/bin/sh ../libtool  --tag=CC   --mode=compile x86_64-unknown-linux-gnu-gcc -DHAVE_CONFIG_H -I. -I..     -O2 -m64 -march=x86-64 -mtune=generic -MT version.lo -MD -MP -MF .deps/version.Tpo -c -o version.lo version.c
mv -f .deps/falloc.Tpo .deps/falloc.Plo
libtool: compile:  x86_64-unknown-linux-gnu-gcc -DHAVE_CONFIG_H -I. -I.. -O2 -m64 -march=x86-64 -mtune=generic -MT mmap.lo -MD -MP -MF .deps/mmap.Tpo -c mmap.c  -fPIC -DPIC -o .libs/mmap.o
mv -f .deps/hash.Tpo .deps/hash.Plo
mv -f .deps/lock.Tpo .deps/lock.Plo
libtool: compile:  x86_64-unknown-linux-gnu-gcc -DHAVE_CONFIG_H -I. -I.. -O2 -m64 -march=x86-64 -mtune=generic -MT version.lo -MD -MP -MF .deps/version.Tpo -c version.c  -fPIC -DPIC -o .libs/version.o
libtool: compile:  x86_64-unknown-linux-gnu-gcc -DHAVE_CONFIG_H -I. -I.. -O2 -m64 -march=x86-64 -mtune=generic -MT update.lo -MD -MP -MF .deps/update.Tpo -c update.c  -fPIC -DPIC -o .libs/update.o
mv -f .deps/version.Tpo .deps/version.Plo
mv -f .deps/bucket.Tpo .deps/bucket.Plo
mv -f .deps/update.Tpo .deps/update.Plo
mv -f .deps/mmap.Tpo .deps/mmap.Plo
mv -f .deps/recover.Tpo .deps/recover.Plo
/bin/sh ../libtool  --tag=CC   --mode=link x86_64-unknown-linux-gnu-gcc  -O2 -m64 -march=x86-64 -mtune=generic -version-info 6:0:0  -o libgdbm.la -rpath /usr/lib gdbmclose.lo gdbmcount.lo gdbmdelete.lo gdbmdump.lo gdbmerrno.lo gdbmexists.lo gdbmexp.lo gdbmfdesc.lo gdbmfetch.lo gdbmload.lo gdbmopen.lo gdbmimp.lo gdbmreorg.lo gdbmseq.lo gdbmsetopt.lo gdbmstore.lo gdbmsync.lo avail.lo base64.lo bucket.lo falloc.lo findkey.lo fullio.lo hash.lo lock.lo mmap.lo recover.lo update.lo version.lo   
libtool: link: x86_64-unknown-linux-gnu-gcc -shared  -fPIC -DPIC  .libs/gdbmclose.o .libs/gdbmcount.o .libs/gdbmdelete.o .libs/gdbmdump.o .libs/gdbmerrno.o .libs/gdbmexists.o .libs/gdbmexp.o .libs/gdbmfdesc.o .libs/gdbmfetch.o .libs/gdbmload.o .libs/gdbmopen.o .libs/gdbmimp.o .libs/gdbmreorg.o .libs/gdbmseq.o .libs/gdbmsetopt.o .libs/gdbmstore.o .libs/gdbmsync.o .libs/avail.o .libs/base64.o .libs/bucket.o .libs/falloc.o .libs/findkey.o .libs/fullio.o .libs/hash.o .libs/lock.o .libs/mmap.o .libs/recover.o .libs/update.o .libs/version.o    -O2 -m64 -march=x86-64 -mtune=generic   -Wl,-soname -Wl,libgdbm.so.6 -o .libs/libgdbm.so.6.0.0
libtool: link: (cd ".libs" && rm -f "libgdbm.so.6" && ln -s "libgdbm.so.6.0.0" "libgdbm.so.6")
libtool: link: (cd ".libs" && rm -f "libgdbm.so" && ln -s "libgdbm.so.6.0.0" "libgdbm.so")
libtool: link: ( cd ".libs" && rm -f "libgdbm.la" && ln -s "../libgdbm.la" "libgdbm.la" )
make[3]: Leaving directory '/home/devel/building/work/src/gdbm-1.23/src'
make[2]: Leaving directory '/home/devel/building/work/src/gdbm-1.23/src'
Making all in tools
make[2]: Entering directory '/home/devel/building/work/src/gdbm-1.23/tools'
make  all-am
make[3]: Entering directory '/home/devel/building/work/src/gdbm-1.23/tools'
x86_64-unknown-linux-gnu-gcc -DHAVE_CONFIG_H -I. -I..  -DLOCALEDIR=\"/usr/share/locale\" -I../src -I../src -I../tools    -O2 -m64 -march=x86-64 -mtune=generic -MT err.o -MD -MP -MF .deps/err.Tpo -c -o err.o err.c
x86_64-unknown-linux-gnu-gcc -DHAVE_CONFIG_H -I. -I..  -DLOCALEDIR=\"/usr/share/locale\" -I../src -I../src -I../tools    -O2 -m64 -march=x86-64 -mtune=generic -MT mem.o -MD -MP -MF .deps/mem.Tpo -c -o mem.o mem.c
x86_64-unknown-linux-gnu-gcc -DHAVE_CONFIG_H -I. -I..  -DLOCALEDIR=\"/usr/share/locale\" -I../src -I../src -I../tools    -O2 -m64 -march=x86-64 -mtune=generic -MT parseopt.o -MD -MP -MF .deps/parseopt.Tpo -c -o parseopt.o parseopt.c
x86_64-unknown-linux-gnu-gcc -DHAVE_CONFIG_H -I. -I..  -DLOCALEDIR=\"/usr/share/locale\" -I../src -I../src -I../tools    -O2 -m64 -march=x86-64 -mtune=generic -MT progname.o -MD -MP -MF .deps/progname.Tpo -c -o progname.o progname.c
x86_64-unknown-linux-gnu-gcc -DHAVE_CONFIG_H -I. -I..  -DLOCALEDIR=\"/usr/share/locale\" -I../src -I../src -I../tools    -O2 -m64 -march=x86-64 -mtune=generic -MT datconv.o -MD -MP -MF .deps/datconv.Tpo -c -o datconv.o datconv.c
x86_64-unknown-linux-gnu-gcc -DHAVE_CONFIG_H -I. -I..  -DLOCALEDIR=\"/usr/share/locale\" -I../src -I../src -I../tools    -O2 -m64 -march=x86-64 -mtune=generic -MT gram.o -MD -MP -MF .deps/gram.Tpo -c -o gram.o gram.c
x86_64-unknown-linux-gnu-gcc -DHAVE_CONFIG_H -I. -I..  -DLOCALEDIR=\"/usr/share/locale\" -I../src -I../src -I../tools    -O2 -m64 -march=x86-64 -mtune=generic -MT input-argv.o -MD -MP -MF .deps/input-argv.Tpo -c -o input-argv.o input-argv.c
x86_64-unknown-linux-gnu-gcc -DHAVE_CONFIG_H -I. -I..  -DLOCALEDIR=\"/usr/share/locale\" -I../src -I../src -I../tools    -O2 -m64 -march=x86-64 -mtune=generic -MT input-file.o -MD -MP -MF .deps/input-file.Tpo -c -o input-file.o input-file.c
mv -f .deps/progname.Tpo .deps/progname.Po
x86_64-unknown-linux-gnu-gcc -DHAVE_CONFIG_H -I. -I..  -DLOCALEDIR=\"/usr/share/locale\" -I../src -I../src -I../tools    -O2 -m64 -march=x86-64 -mtune=generic -MT input-null.o -MD -MP -MF .deps/input-null.Tpo -c -o input-null.o input-null.c
mv -f .deps/err.Tpo .deps/err.Po
x86_64-unknown-linux-gnu-gcc -DHAVE_CONFIG_H -I. -I..  -DLOCALEDIR=\"/usr/share/locale\" -I../src -I../src -I../tools    -O2 -m64 -march=x86-64 -mtune=generic -MT input-std.o -MD -MP -MF .deps/input-std.Tpo -c -o input-std.o input-std.c
mv -f .deps/mem.Tpo .deps/mem.Po
mv -f .deps/input-argv.Tpo .deps/input-argv.Po
mv -f .deps/input-file.Tpo .deps/input-file.Po
x86_64-unknown-linux-gnu-gcc -DHAVE_CONFIG_H -I. -I..  -DLOCALEDIR=\"/usr/share/locale\" -I../src -I../src -I../tools    -O2 -m64 -march=x86-64 -mtune=generic -MT lex.o -MD -MP -MF .deps/lex.Tpo -c -o lex.o lex.c
x86_64-unknown-linux-gnu-gcc -DHAVE_CONFIG_H -I. -I..  -DLOCALEDIR=\"/usr/share/locale\" -I../src -I../src -I../tools    -O2 -m64 -march=x86-64 -mtune=generic -MT gdbmshell.o -MD -MP -MF .deps/gdbmshell.Tpo -c -o gdbmshell.o gdbmshell.c
x86_64-unknown-linux-gnu-gcc -DHAVE_CONFIG_H -I. -I..  -DLOCALEDIR=\"/usr/share/locale\" -I../src -I../src -I../tools    -O2 -m64 -march=x86-64 -mtune=generic -MT var.o -MD -MP -MF .deps/var.Tpo -c -o var.o var.c
mv -f .deps/input-null.Tpo .deps/input-null.Po
x86_64-unknown-linux-gnu-gcc -DHAVE_CONFIG_H -I. -I..  -DLOCALEDIR=\"/usr/share/locale\" -I../src -I../src -I../tools    -O2 -m64 -march=x86-64 -mtune=generic -MT util.o -MD -MP -MF .deps/util.Tpo -c -o util.o util.c
mv -f .deps/input-std.Tpo .deps/input-std.Po
x86_64-unknown-linux-gnu-gcc -DHAVE_CONFIG_H -I. -I..  -DLOCALEDIR=\"/usr/share/locale\" -I../src -I../src -I../tools    -O2 -m64 -march=x86-64 -mtune=generic -MT wordwrap.o -MD -MP -MF .deps/wordwrap.Tpo -c -o wordwrap.o wordwrap.c
mv -f .deps/parseopt.Tpo .deps/parseopt.Po
mv -f .deps/util.Tpo .deps/util.Po
x86_64-unknown-linux-gnu-gcc -DHAVE_CONFIG_H -I. -I..  -DLOCALEDIR=\"/usr/share/locale\" -I../src -I../src -I../tools    -O2 -m64 -march=x86-64 -mtune=generic -MT input-rl.o -MD -MP -MF .deps/input-rl.Tpo -c -o input-rl.o input-rl.c
x86_64-unknown-linux-gnu-gcc -DHAVE_CONFIG_H -I. -I..  -DLOCALEDIR=\"/usr/share/locale\" -I../src -I../src -I../tools    -O2 -m64 -march=x86-64 -mtune=generic -MT gdbmtool.o -MD -MP -MF .deps/gdbmtool.Tpo -c -o gdbmtool.o gdbmtool.c
mv -f .deps/datconv.Tpo .deps/datconv.Po
x86_64-unknown-linux-gnu-gcc -DHAVE_CONFIG_H -I. -I..  -DLOCALEDIR=\"/usr/share/locale\" -I../src -I../src -I../tools    -O2 -m64 -march=x86-64 -mtune=generic -MT gdbm_load.o -MD -MP -MF .deps/gdbm_load.Tpo -c -o gdbm_load.o gdbm_load.c
mv -f .deps/wordwrap.Tpo .deps/wordwrap.Po
x86_64-unknown-linux-gnu-gcc -DHAVE_CONFIG_H -I. -I..  -DLOCALEDIR=\"/usr/share/locale\" -I../src -I../src -I../tools    -O2 -m64 -march=x86-64 -mtune=generic -MT gdbm_dump.o -MD -MP -MF .deps/gdbm_dump.Tpo -c -o gdbm_dump.o gdbm_dump.c
mv -f .deps/gram.Tpo .deps/gram.Po
mv -f .deps/var.Tpo .deps/var.Po
mv -f .deps/gdbm_dump.Tpo .deps/gdbm_dump.Po
mv -f .deps/input-rl.Tpo .deps/input-rl.Po
mv -f .deps/gdbm_load.Tpo .deps/gdbm_load.Po
mv -f .deps/gdbmtool.Tpo .deps/gdbmtool.Po
mv -f .deps/lex.Tpo .deps/lex.Po
mv -f .deps/gdbmshell.Tpo .deps/gdbmshell.Po
rm -f libgdbmapp.a
x86_64-unknown-linux-gnu-ar cru libgdbmapp.a err.o mem.o parseopt.o progname.o datconv.o gram.o input-argv.o input-file.o input-null.o input-std.o lex.o gdbmshell.o var.o util.o wordwrap.o input-rl.o 
x86_64-unknown-linux-gnu-ar: `u' modifier ignored since `D' is the default (see `U')
x86_64-unknown-linux-gnu-ranlib libgdbmapp.a
/bin/sh ../libtool  --tag=CC   --mode=link x86_64-unknown-linux-gnu-gcc  -O2 -m64 -march=x86-64 -mtune=generic   -o gdbmtool gdbmtool.o ./libgdbmapp.a ../src/libgdbm.la -lreadline  
/bin/sh ../libtool  --tag=CC   --mode=link x86_64-unknown-linux-gnu-gcc  -O2 -m64 -march=x86-64 -mtune=generic   -o gdbm_load gdbm_load.o ./libgdbmapp.a ../src/libgdbm.la  
/bin/sh ../libtool  --tag=CC   --mode=link x86_64-unknown-linux-gnu-gcc  -O2 -m64 -march=x86-64 -mtune=generic   -o gdbm_dump gdbm_dump.o ./libgdbmapp.a ../src/libgdbm.la  
libtool: link: x86_64-unknown-linux-gnu-gcc -O2 -m64 -march=x86-64 -mtune=generic -o .libs/gdbm_load gdbm_load.o  ./libgdbmapp.a ../src/.libs/libgdbm.so
libtool: link: x86_64-unknown-linux-gnu-gcc -O2 -m64 -march=x86-64 -mtune=generic -o .libs/gdbm_dump gdbm_dump.o  ./libgdbmapp.a ../src/.libs/libgdbm.so
libtool: link: x86_64-unknown-linux-gnu-gcc -O2 -m64 -march=x86-64 -mtune=generic -o .libs/gdbmtool gdbmtool.o  ./libgdbmapp.a ../src/.libs/libgdbm.so -lreadline
make[3]: Leaving directory '/home/devel/building/work/src/gdbm-1.23/tools'
make[2]: Leaving directory '/home/devel/building/work/src/gdbm-1.23/tools'
Making all in doc
make[2]: Entering directory '/home/devel/building/work/src/gdbm-1.23/doc'
make[2]: Nothing to be done for 'all'.
make[2]: Leaving directory '/home/devel/building/work/src/gdbm-1.23/doc'
Making all in compat
make[2]: Entering directory '/home/devel/building/work/src/gdbm-1.23/compat'
/bin/sh ../libtool  --tag=CC   --mode=compile x86_64-unknown-linux-gnu-gcc -DHAVE_CONFIG_H -I. -I..  -I./../src -I../src   -O2 -m64 -march=x86-64 -mtune=generic -MT dbminit.lo -MD -MP -MF .deps/dbminit.Tpo -c -o dbminit.lo dbminit.c
/bin/sh ../libtool  --tag=CC   --mode=compile x86_64-unknown-linux-gnu-gcc -DHAVE_CONFIG_H -I. -I..  -I./../src -I../src   -O2 -m64 -march=x86-64 -mtune=generic -MT delete.lo -MD -MP -MF .deps/delete.Tpo -c -o delete.lo delete.c
/bin/sh ../libtool  --tag=CC   --mode=compile x86_64-unknown-linux-gnu-gcc -DHAVE_CONFIG_H -I. -I..  -I./../src -I../src   -O2 -m64 -march=x86-64 -mtune=generic -MT fetch.lo -MD -MP -MF .deps/fetch.Tpo -c -o fetch.lo fetch.c
/bin/sh ../libtool  --tag=CC   --mode=compile x86_64-unknown-linux-gnu-gcc -DHAVE_CONFIG_H -I. -I..  -I./../src -I../src   -O2 -m64 -march=x86-64 -mtune=generic -MT store.lo -MD -MP -MF .deps/store.Tpo -c -o store.lo store.c
/bin/sh ../libtool  --tag=CC   --mode=compile x86_64-unknown-linux-gnu-gcc -DHAVE_CONFIG_H -I. -I..  -I./../src -I../src   -O2 -m64 -march=x86-64 -mtune=generic -MT seq.lo -MD -MP -MF .deps/seq.Tpo -c -o seq.lo seq.c
/bin/sh ../libtool  --tag=CC   --mode=compile x86_64-unknown-linux-gnu-gcc -DHAVE_CONFIG_H -I. -I..  -I./../src -I../src   -O2 -m64 -march=x86-64 -mtune=generic -MT close.lo -MD -MP -MF .deps/close.Tpo -c -o close.lo close.c
/bin/sh ../libtool  --tag=CC   --mode=compile x86_64-unknown-linux-gnu-gcc -DHAVE_CONFIG_H -I. -I..  -I./../src -I../src   -O2 -m64 -march=x86-64 -mtune=generic -MT dbmopen.lo -MD -MP -MF .deps/dbmopen.Tpo -c -o dbmopen.lo dbmopen.c
/bin/sh ../libtool  --tag=CC   --mode=compile x86_64-unknown-linux-gnu-gcc -DHAVE_CONFIG_H -I. -I..  -I./../src -I../src   -O2 -m64 -march=x86-64 -mtune=generic -MT dbmdelete.lo -MD -MP -MF .deps/dbmdelete.Tpo -c -o dbmdelete.lo dbmdelete.c
libtool: compile:  x86_64-unknown-linux-gnu-gcc -DHAVE_CONFIG_H -I. -I.. -I./../src -I../src -O2 -m64 -march=x86-64 -mtune=generic -MT close.lo -MD -MP -MF .deps/close.Tpo -c close.c  -fPIC -DPIC -o .libs/close.o
libtool: compile:  x86_64-unknown-linux-gnu-gcc -DHAVE_CONFIG_H -I. -I.. -I./../src -I../src -O2 -m64 -march=x86-64 -mtune=generic -MT delete.lo -MD -MP -MF .deps/delete.Tpo -c delete.c  -fPIC -DPIC -o .libs/delete.o
libtool: compile:  x86_64-unknown-linux-gnu-gcc -DHAVE_CONFIG_H -I. -I.. -I./../src -I../src -O2 -m64 -march=x86-64 -mtune=generic -MT seq.lo -MD -MP -MF .deps/seq.Tpo -c seq.c  -fPIC -DPIC -o .libs/seq.o
libtool: compile:  x86_64-unknown-linux-gnu-gcc -DHAVE_CONFIG_H -I. -I.. -I./../src -I../src -O2 -m64 -march=x86-64 -mtune=generic -MT store.lo -MD -MP -MF .deps/store.Tpo -c store.c  -fPIC -DPIC -o .libs/store.o
libtool: compile:  x86_64-unknown-linux-gnu-gcc -DHAVE_CONFIG_H -I. -I.. -I./../src -I../src -O2 -m64 -march=x86-64 -mtune=generic -MT dbmopen.lo -MD -MP -MF .deps/dbmopen.Tpo -c dbmopen.c  -fPIC -DPIC -o .libs/dbmopen.o
libtool: compile:  x86_64-unknown-linux-gnu-gcc -DHAVE_CONFIG_H -I. -I.. -I./../src -I../src -O2 -m64 -march=x86-64 -mtune=generic -MT dbmdelete.lo -MD -MP -MF .deps/dbmdelete.Tpo -c dbmdelete.c  -fPIC -DPIC -o .libs/dbmdelete.o
libtool: compile:  x86_64-unknown-linux-gnu-gcc -DHAVE_CONFIG_H -I. -I.. -I./../src -I../src -O2 -m64 -march=x86-64 -mtune=generic -MT dbminit.lo -MD -MP -MF .deps/dbminit.Tpo -c dbminit.c  -fPIC -DPIC -o .libs/dbminit.o
mv -f .deps/store.Tpo .deps/store.Plo
/bin/sh ../libtool  --tag=CC   --mode=compile x86_64-unknown-linux-gnu-gcc -DHAVE_CONFIG_H -I. -I..  -I./../src -I../src   -O2 -m64 -march=x86-64 -mtune=generic -MT dbmerr.lo -MD -MP -MF .deps/dbmerr.Tpo -c -o dbmerr.lo dbmerr.c
mv -f .deps/close.Tpo .deps/close.Plo
/bin/sh ../libtool  --tag=CC   --mode=compile x86_64-unknown-linux-gnu-gcc -DHAVE_CONFIG_H -I. -I..  -I./../src -I../src   -O2 -m64 -march=x86-64 -mtune=generic -MT dbmfetch.lo -MD -MP -MF .deps/dbmfetch.Tpo -c -o dbmfetch.lo dbmfetch.c
mv -f .deps/dbmdelete.Tpo .deps/dbmdelete.Plo
/bin/sh ../libtool  --tag=CC   --mode=compile x86_64-unknown-linux-gnu-gcc -DHAVE_CONFIG_H -I. -I..  -I./../src -I../src   -O2 -m64 -march=x86-64 -mtune=generic -MT dbmstore.lo -MD -MP -MF .deps/dbmstore.Tpo -c -o dbmstore.lo dbmstore.c
libtool: compile:  x86_64-unknown-linux-gnu-gcc -DHAVE_CONFIG_H -I. -I.. -I./../src -I../src -O2 -m64 -march=x86-64 -mtune=generic -MT fetch.lo -MD -MP -MF .deps/fetch.Tpo -c fetch.c  -fPIC -DPIC -o .libs/fetch.o
mv -f .deps/delete.Tpo .deps/delete.Plo
/bin/sh ../libtool  --tag=CC   --mode=compile x86_64-unknown-linux-gnu-gcc -DHAVE_CONFIG_H -I. -I..  -I./../src -I../src   -O2 -m64 -march=x86-64 -mtune=generic -MT dbmseq.lo -MD -MP -MF .deps/dbmseq.Tpo -c -o dbmseq.lo dbmseq.c
libtool: compile:  x86_64-unknown-linux-gnu-gcc -DHAVE_CONFIG_H -I. -I.. -I./../src -I../src -O2 -m64 -march=x86-64 -mtune=generic -MT dbmfetch.lo -MD -MP -MF .deps/dbmfetch.Tpo -c dbmfetch.c  -fPIC -DPIC -o .libs/dbmfetch.o
libtool: compile:  x86_64-unknown-linux-gnu-gcc -DHAVE_CONFIG_H -I. -I.. -I./../src -I../src -O2 -m64 -march=x86-64 -mtune=generic -MT dbmseq.lo -MD -MP -MF .deps/dbmseq.Tpo -c dbmseq.c  -fPIC -DPIC -o .libs/dbmseq.o
libtool: compile:  x86_64-unknown-linux-gnu-gcc -DHAVE_CONFIG_H -I. -I.. -I./../src -I../src -O2 -m64 -march=x86-64 -mtune=generic -MT dbmstore.lo -MD -MP -MF .deps/dbmstore.Tpo -c dbmstore.c  -fPIC -DPIC -o .libs/dbmstore.o
mv -f .deps/seq.Tpo .deps/seq.Plo
/bin/sh ../libtool  --tag=CC   --mode=compile x86_64-unknown-linux-gnu-gcc -DHAVE_CONFIG_H -I. -I..  -I./../src -I../src   -O2 -m64 -march=x86-64 -mtune=generic -MT dbmclose.lo -MD -MP -MF .deps/dbmclose.Tpo -c -o dbmclose.lo dbmclose.c
mv -f .deps/dbmopen.Tpo .deps/dbmopen.Plo
/bin/sh ../libtool  --tag=CC   --mode=compile x86_64-unknown-linux-gnu-gcc -DHAVE_CONFIG_H -I. -I..  -I./../src -I../src   -O2 -m64 -march=x86-64 -mtune=generic -MT dbmdirfno.lo -MD -MP -MF .deps/dbmdirfno.Tpo -c -o dbmdirfno.lo dbmdirfno.c
mv -f .deps/fetch.Tpo .deps/fetch.Plo
/bin/sh ../libtool  --tag=CC   --mode=compile x86_64-unknown-linux-gnu-gcc -DHAVE_CONFIG_H -I. -I..  -I./../src -I../src   -O2 -m64 -march=x86-64 -mtune=generic -MT dbmpagfno.lo -MD -MP -MF .deps/dbmpagfno.Tpo -c -o dbmpagfno.lo dbmpagfno.c
libtool: compile:  x86_64-unknown-linux-gnu-gcc -DHAVE_CONFIG_H -I. -I.. -I./../src -I../src -O2 -m64 -march=x86-64 -mtune=generic -MT dbmerr.lo -MD -MP -MF .deps/dbmerr.Tpo -c dbmerr.c  -fPIC -DPIC -o .libs/dbmerr.o
mv -f .deps/dbminit.Tpo .deps/dbminit.Plo
/bin/sh ../libtool  --tag=CC   --mode=compile x86_64-unknown-linux-gnu-gcc -DHAVE_CONFIG_H -I. -I..  -I./../src -I../src   -O2 -m64 -march=x86-64 -mtune=generic -MT dbmrdonly.lo -MD -MP -MF .deps/dbmrdonly.Tpo -c -o dbmrdonly.lo dbmrdonly.c
libtool: compile:  x86_64-unknown-linux-gnu-gcc -DHAVE_CONFIG_H -I. -I.. -I./../src -I../src -O2 -m64 -march=x86-64 -mtune=generic -MT dbmclose.lo -MD -MP -MF .deps/dbmclose.Tpo -c dbmclose.c  -fPIC -DPIC -o .libs/dbmclose.o
mv -f .deps/dbmfetch.Tpo .deps/dbmfetch.Plo
libtool: compile:  x86_64-unknown-linux-gnu-gcc -DHAVE_CONFIG_H -I. -I.. -I./../src -I../src -O2 -m64 -march=x86-64 -mtune=generic -MT dbmpagfno.lo -MD -MP -MF .deps/dbmpagfno.Tpo -c dbmpagfno.c  -fPIC -DPIC -o .libs/dbmpagfno.o
libtool: compile:  x86_64-unknown-linux-gnu-gcc -DHAVE_CONFIG_H -I. -I.. -I./../src -I../src -O2 -m64 -march=x86-64 -mtune=generic -MT dbmrdonly.lo -MD -MP -MF .deps/dbmrdonly.Tpo -c dbmrdonly.c  -fPIC -DPIC -o .libs/dbmrdonly.o
mv -f .deps/dbmstore.Tpo .deps/dbmstore.Plo
mv -f .deps/dbmseq.Tpo .deps/dbmseq.Plo
libtool: compile:  x86_64-unknown-linux-gnu-gcc -DHAVE_CONFIG_H -I. -I.. -I./../src -I../src -O2 -m64 -march=x86-64 -mtune=generic -MT dbmdirfno.lo -MD -MP -MF .deps/dbmdirfno.Tpo -c dbmdirfno.c  -fPIC -DPIC -o .libs/dbmdirfno.o
mv -f .deps/dbmclose.Tpo .deps/dbmclose.Plo
mv -f .deps/dbmpagfno.Tpo .deps/dbmpagfno.Plo
mv -f .deps/dbmerr.Tpo .deps/dbmerr.Plo
mv -f .deps/dbmrdonly.Tpo .deps/dbmrdonly.Plo
mv -f .deps/dbmdirfno.Tpo .deps/dbmdirfno.Plo
/bin/sh ../libtool  --tag=CC   --mode=link x86_64-unknown-linux-gnu-gcc  -O2 -m64 -march=x86-64 -mtune=generic -version-info 4:0:0  -o libgdbm_compat.la -rpath /usr/lib dbminit.lo delete.lo fetch.lo store.lo seq.lo close.lo dbmopen.lo dbmdelete.lo dbmerr.lo dbmfetch.lo dbmstore.lo dbmseq.lo dbmclose.lo dbmdirfno.lo dbmpagfno.lo dbmrdonly.lo ../src/libgdbm.la 
libtool: link: x86_64-unknown-linux-gnu-gcc -shared  -fPIC -DPIC  .libs/dbminit.o .libs/delete.o .libs/fetch.o .libs/store.o .libs/seq.o .libs/close.o .libs/dbmopen.o .libs/dbmdelete.o .libs/dbmerr.o .libs/dbmfetch.o .libs/dbmstore.o .libs/dbmseq.o .libs/dbmclose.o .libs/dbmdirfno.o .libs/dbmpagfno.o .libs/dbmrdonly.o   -Wl,-rpath -Wl,/home/devel/building/work/src/gdbm-1.23/src/.libs ../src/.libs/libgdbm.so  -O2 -m64 -march=x86-64 -mtune=generic   -Wl,-soname -Wl,libgdbm_compat.so.4 -o .libs/libgdbm_compat.so.4.0.0
libtool: link: (cd ".libs" && rm -f "libgdbm_compat.so.4" && ln -s "libgdbm_compat.so.4.0.0" "libgdbm_compat.so.4")
libtool: link: (cd ".libs" && rm -f "libgdbm_compat.so" && ln -s "libgdbm_compat.so.4.0.0" "libgdbm_compat.so")
libtool: link: ( cd ".libs" && rm -f "libgdbm_compat.la" && ln -s "../libgdbm_compat.la" "libgdbm_compat.la" )
make[2]: Leaving directory '/home/devel/building/work/src/gdbm-1.23/compat'
Making all in tests
make[2]: Entering directory '/home/devel/building/work/src/gdbm-1.23/tests'
Making all in gdbmtool
make[3]: Entering directory '/home/devel/building/work/src/gdbm-1.23/tests/gdbmtool'
make[3]: Nothing to be done for 'all'.
make[3]: Leaving directory '/home/devel/building/work/src/gdbm-1.23/tests/gdbmtool'
make[3]: Entering directory '/home/devel/building/work/src/gdbm-1.23/tests'
make[3]: Nothing to be done for 'all-am'.
make[3]: Leaving directory '/home/devel/building/work/src/gdbm-1.23/tests'
make[2]: Leaving directory '/home/devel/building/work/src/gdbm-1.23/tests'
make[2]: Entering directory '/home/devel/building/work/src/gdbm-1.23'
make[2]: Leaving directory '/home/devel/building/work/src/gdbm-1.23'
make[1]: Leaving directory '/home/devel/building/work/src/gdbm-1.23'
+ make DESTDIR=/home/devel/building/work/pkg install
Making install in po
make[1]: Entering directory '/home/devel/building/work/src/gdbm-1.23/po'
if test "gdbm" = "gettext-tools"; then \
  /bin/mkdir -p /home/devel/building/work/pkg/usr/share/gettext/po; \
  for file in Makefile.in.in remove-potcdate.sin quot.sed boldquot.sed en@quot.header en@boldquot.header insert-header.sin Rules-quot   Makevars.template; do \
    /usr/bin/install -c -m 644 ./$file \
		    /home/devel/building/work/pkg/usr/share/gettext/po/$file; \
  done; \
  for file in Makevars; do \
    rm -f /home/devel/building/work/pkg/usr/share/gettext/po/$file; \
  done; \
else \
  : ; \
fi
make[1]: Leaving directory '/home/devel/building/work/src/gdbm-1.23/po'
Making install in src
make[1]: Entering directory '/home/devel/building/work/src/gdbm-1.23/src'
make  install-am
make[2]: Entering directory '/home/devel/building/work/src/gdbm-1.23/src'
make[3]: Entering directory '/home/devel/building/work/src/gdbm-1.23/src'
 /bin/mkdir -p '/home/devel/building/work/pkg/usr/lib'
 /bin/mkdir -p '/home/devel/building/work/pkg/usr/include'
 /bin/sh ../libtool   --mode=install /usr/bin/install -c   libgdbm.la '/home/devel/building/work/pkg/usr/lib'
 /usr/bin/install -c -m 644 gdbm.h '/home/devel/building/work/pkg/usr/include'
libtool: install: /usr/bin/install -c .libs/libgdbm.so.6.0.0 /home/devel/building/work/pkg/usr/lib/libgdbm.so.6.0.0
libtool: install: (cd /home/devel/building/work/pkg/usr/lib && { ln -s -f libgdbm.so.6.0.0 libgdbm.so.6 || { rm -f libgdbm.so.6 && ln -s libgdbm.so.6.0.0 libgdbm.so.6; }; })
libtool: install: (cd /home/devel/building/work/pkg/usr/lib && { ln -s -f libgdbm.so.6.0.0 libgdbm.so || { rm -f libgdbm.so && ln -s libgdbm.so.6.0.0 libgdbm.so; }; })
libtool: install: /usr/bin/install -c .libs/libgdbm.lai /home/devel/building/work/pkg/usr/lib/libgdbm.la
libtool: warning: remember to run 'libtool --finish /usr/lib'
make[3]: Leaving directory '/home/devel/building/work/src/gdbm-1.23/src'
make[2]: Leaving directory '/home/devel/building/work/src/gdbm-1.23/src'
make[1]: Leaving directory '/home/devel/building/work/src/gdbm-1.23/src'
Making install in tools
make[1]: Entering directory '/home/devel/building/work/src/gdbm-1.23/tools'
make  install-am
make[2]: Entering directory '/home/devel/building/work/src/gdbm-1.23/tools'
make[3]: Entering directory '/home/devel/building/work/src/gdbm-1.23/tools'
make[3]: Nothing to be done for 'install-data-am'.
 /bin/mkdir -p '/home/devel/building/work/pkg/usr/bin'
  /bin/sh ../libtool   --mode=install /usr/bin/install -c gdbmtool gdbm_load gdbm_dump '/home/devel/building/work/pkg/usr/bin'
libtool: warning: '../src/libgdbm.la' has not been installed in '/usr/lib'
libtool: install: /usr/bin/install -c .libs/gdbmtool /home/devel/building/work/pkg/usr/bin/gdbmtool
libtool: warning: '../src/libgdbm.la' has not been installed in '/usr/lib'
libtool: install: /usr/bin/install -c .libs/gdbm_load /home/devel/building/work/pkg/usr/bin/gdbm_load
libtool: warning: '../src/libgdbm.la' has not been installed in '/usr/lib'
libtool: install: /usr/bin/install -c .libs/gdbm_dump /home/devel/building/work/pkg/usr/bin/gdbm_dump
make[3]: Leaving directory '/home/devel/building/work/src/gdbm-1.23/tools'
make[2]: Leaving directory '/home/devel/building/work/src/gdbm-1.23/tools'
make[1]: Leaving directory '/home/devel/building/work/src/gdbm-1.23/tools'
Making install in doc
make[1]: Entering directory '/home/devel/building/work/src/gdbm-1.23/doc'
make[2]: Entering directory '/home/devel/building/work/src/gdbm-1.23/doc'
make[2]: Nothing to be done for 'install-exec-am'.
 /bin/mkdir -p '/home/devel/building/work/pkg/usr/share/man/man1'
 /bin/mkdir -p '/home/devel/building/work/pkg/usr/share/man/man3'
 /bin/mkdir -p '/home/devel/building/work/pkg/usr/share/info'
 /usr/bin/install -c -m 644 gdbm_dump.1 gdbm_load.1 gdbmtool.1 '/home/devel/building/work/pkg/usr/share/man/man1'
 /usr/bin/install -c -m 644 gdbm.3 '/home/devel/building/work/pkg/usr/share/man/man3'
 /usr/bin/install -c -m 644 ./gdbm.info '/home/devel/building/work/pkg/usr/share/info'
 install-info --info-dir='/home/devel/building/work/pkg/usr/share/info' '/home/devel/building/work/pkg/usr/share/info/gdbm.info'
make[2]: Leaving directory '/home/devel/building/work/src/gdbm-1.23/doc'
make[1]: Leaving directory '/home/devel/building/work/src/gdbm-1.23/doc'
Making install in compat
make[1]: Entering directory '/home/devel/building/work/src/gdbm-1.23/compat'
make[2]: Entering directory '/home/devel/building/work/src/gdbm-1.23/compat'
 /bin/mkdir -p '/home/devel/building/work/pkg/usr/lib'
 /bin/mkdir -p '/home/devel/building/work/pkg/usr/include'
 /bin/sh ../libtool   --mode=install /usr/bin/install -c   libgdbm_compat.la '/home/devel/building/work/pkg/usr/lib'
 /usr/bin/install -c -m 644 dbm.h ndbm.h '/home/devel/building/work/pkg/usr/include'
libtool: warning: relinking 'libgdbm_compat.la'
libtool: install: (cd /home/devel/building/work/src/gdbm-1.23/compat; /bin/sh "/home/devel/building/work/src/gdbm-1.23/libtool"  --tag CC --mode=relink x86_64-unknown-linux-gnu-gcc -O2 -m64 -march=x86-64 -mtune=generic -version-info 4:0:0 -o libgdbm_compat.la -rpath /usr/lib dbminit.lo delete.lo fetch.lo store.lo seq.lo close.lo dbmopen.lo dbmdelete.lo dbmerr.lo dbmfetch.lo dbmstore.lo dbmseq.lo dbmclose.lo dbmdirfno.lo dbmpagfno.lo dbmrdonly.lo ../src/libgdbm.la -inst-prefix-dir /home/devel/building/work/pkg)
libtool: relink: x86_64-unknown-linux-gnu-gcc -shared  -fPIC -DPIC  .libs/dbminit.o .libs/delete.o .libs/fetch.o .libs/store.o .libs/seq.o .libs/close.o .libs/dbmopen.o .libs/dbmdelete.o .libs/dbmerr.o .libs/dbmfetch.o .libs/dbmstore.o .libs/dbmseq.o .libs/dbmclose.o .libs/dbmdirfno.o .libs/dbmpagfno.o .libs/dbmrdonly.o   -L/home/devel/building/work/pkg/usr/lib -L/usr/lib -lgdbm  -O2 -m64 -march=x86-64 -mtune=generic   -Wl,-soname -Wl,libgdbm_compat.so.4 -o .libs/libgdbm_compat.so.4.0.0
libtool: install: /usr/bin/install -c .libs/libgdbm_compat.so.4.0.0T /home/devel/building/work/pkg/usr/lib/libgdbm_compat.so.4.0.0
libtool: install: (cd /home/devel/building/work/pkg/usr/lib && { ln -s -f libgdbm_compat.so.4.0.0 libgdbm_compat.so.4 || { rm -f libgdbm_compat.so.4 && ln -s libgdbm_compat.so.4.0.0 libgdbm_compat.so.4; }; })
libtool: install: (cd /home/devel/building/work/pkg/usr/lib && { ln -s -f libgdbm_compat.so.4.0.0 libgdbm_compat.so || { rm -f libgdbm_compat.so && ln -s libgdbm_compat.so.4.0.0 libgdbm_compat.so; }; })
libtool: install: /usr/bin/install -c .libs/libgdbm_compat.lai /home/devel/building/work/pkg/usr/lib/libgdbm_compat.la
libtool: warning: remember to run 'libtool --finish /usr/lib'
make[2]: Leaving directory '/home/devel/building/work/src/gdbm-1.23/compat'
make[1]: Leaving directory '/home/devel/building/work/src/gdbm-1.23/compat'
Making install in tests
make[1]: Entering directory '/home/devel/building/work/src/gdbm-1.23/tests'
Making install in gdbmtool
make[2]: Entering directory '/home/devel/building/work/src/gdbm-1.23/tests/gdbmtool'
make[3]: Entering directory '/home/devel/building/work/src/gdbm-1.23/tests/gdbmtool'
make[3]: Nothing to be done for 'install-exec-am'.
make[3]: Nothing to be done for 'install-data-am'.
make[3]: Leaving directory '/home/devel/building/work/src/gdbm-1.23/tests/gdbmtool'
make[2]: Leaving directory '/home/devel/building/work/src/gdbm-1.23/tests/gdbmtool'
make[2]: Entering directory '/home/devel/building/work/src/gdbm-1.23/tests'
make[3]: Entering directory '/home/devel/building/work/src/gdbm-1.23/tests'
make[3]: Nothing to be done for 'install-exec-am'.
make[3]: Nothing to be done for 'install-data-am'.
make[3]: Leaving directory '/home/devel/building/work/src/gdbm-1.23/tests'
make[2]: Leaving directory '/home/devel/building/work/src/gdbm-1.23/tests'
make[1]: Leaving directory '/home/devel/building/work/src/gdbm-1.23/tests'
make[1]: Entering directory '/home/devel/building/work/src/gdbm-1.23'
make[2]: Entering directory '/home/devel/building/work/src/gdbm-1.23'
make[2]: Nothing to be done for 'install-exec-am'.
make[2]: Nothing to be done for 'install-data-am'.
make[2]: Leaving directory '/home/devel/building/work/src/gdbm-1.23'
make[1]: Leaving directory '/home/devel/building/work/src/gdbm-1.23'
+ rm -r /home/devel/building/work/pkg/usr/share/info
+ find /home/devel/building/work/pkg -type f -name '*.la' -delete
=======> Build result:
drwxr-xr-x  0 root   root        0 Jul 12 17:53 usr/
drwxr-xr-x  0 root   root        0 Jul 12 17:53 usr/share/
drwxr-xr-x  0 root   root        0 Jul 12 17:53 usr/bin/
drwxr-xr-x  0 root   root        0 Jul 12 17:53 usr/include/
drwxr-xr-x  0 root   root        0 Jul 12 17:53 usr/lib/
lrwxrwxrwx  0 root   root        0 Jul 12 17:53 usr/lib/libgdbm_compat.so -> libgdbm_compat.so.4.0.0
lrwxrwxrwx  0 root   root        0 Jul 12 17:53 usr/lib/libgdbm_compat.so.4 -> libgdbm_compat.so.4.0.0
-rwxr-xr-x  0 root   root    14464 Jul 12 17:53 usr/lib/libgdbm_compat.so.4.0.0
lrwxrwxrwx  0 root   root        0 Jul 12 17:53 usr/lib/libgdbm.so -> libgdbm.so.6.0.0
lrwxrwxrwx  0 root   root        0 Jul 12 17:53 usr/lib/libgdbm.so.6 -> libgdbm.so.6.0.0
-rwxr-xr-x  0 root   root    72872 Jul 12 17:53 usr/lib/libgdbm.so.6.0.0
-rw-r--r--  0 root   root     2443 Jul 12 17:53 usr/include/ndbm.h
-rw-r--r--  0 root   root     1403 Jul 12 17:53 usr/include/dbm.h
-rw-r--r--  0 root   root    12181 Jul 12 17:53 usr/include/gdbm.h
-rwxr-xr-x  0 root   root    31896 Jul 12 17:53 usr/bin/gdbm_dump
-rwxr-xr-x  0 root   root    32184 Jul 12 17:53 usr/bin/gdbm_load
-rwxr-xr-x  0 root   root   129968 Jul 12 17:53 usr/bin/gdbmtool
drwxr-xr-x  0 root   root        0 Jul 12 17:53 usr/share/man/
drwxr-xr-x  0 root   root        0 Jul 12 17:53 usr/share/man/man3/
drwxr-xr-x  0 root   root        0 Jul 12 17:53 usr/share/man/man1/
-rw-r--r--  0 root   root     1422 Jul 12 17:53 usr/share/man/man1/gdbm_dump.1.gz
-rw-r--r--  0 root   root     1531 Jul 12 17:53 usr/share/man/man1/gdbm_load.1.gz
-rw-r--r--  0 root   root     5599 Jul 12 17:53 usr/share/man/man1/gdbmtool.1.gz
-rw-r--r--  0 root   root    13791 Jul 12 17:53 usr/share/man/man3/gdbm.3.gz
=======> Building '/home/devel/packages/gdbm#1.23-1.x86_64.pkg.tar.zst' succeeded.
prt-get: Using PKGMK_PACKAGE_DIR: /home/devel/packages
prt-get: reinstalling gdbm 1.23-1
prt-get: /usr/bin/pkgadd -u gdbm#1.23-1.x86_64.pkg.tar.zst
prt-get: build done Wed Jul 12 17:53:12 2023

