prt-get: updating /usr/ports/core-x86_64/hdparm
prt-get: starting build Wed Jul 12 18:00:52 2023
=======> Building '/home/devel/packages/hdparm#9.65-1.x86_64.pkg.tar.zst'.
bsdtar -p -o -C /home/devel/building/work/src -xf /home/devel/sources/hdparm-9.65.tar.gz
+ build
+ cd hdparm-9.65
+ make V=1
make -j4 hdparm
make[1]: Entering directory '/home/devel/building/work/src/hdparm-9.65'
make[1]: warning: -j4 forced in submake: resetting jobserver mode.
cc -O2 -W -Wall -Wbad-function-cast -Wcast-align -Wpointer-arith -Wcast-qual -Wshadow -Wstrict-prototypes -Wmissing-prototypes -Wmissing-declarations -fkeep-inline-functions -Wwrite-strings -Waggregate-return -Wnested-externs -Wtrigraphs -O2 -W -Wall -Wbad-function-cast -Wcast-align -Wpointer-arith -Wcast-qual -Wshadow -Wstrict-prototypes -Wmissing-prototypes -Wmissing-declarations -fkeep-inline-functions -Wwrite-strings -Waggregate-return -Wnested-externs -Wtrigraphs -O2 -m64 -march=x86-64 -mtune=generic   -c -o hdparm.o hdparm.c
cc -O2 -W -Wall -Wbad-function-cast -Wcast-align -Wpointer-arith -Wcast-qual -Wshadow -Wstrict-prototypes -Wmissing-prototypes -Wmissing-declarations -fkeep-inline-functions -Wwrite-strings -Waggregate-return -Wnested-externs -Wtrigraphs -O2 -W -Wall -Wbad-function-cast -Wcast-align -Wpointer-arith -Wcast-qual -Wshadow -Wstrict-prototypes -Wmissing-prototypes -Wmissing-declarations -fkeep-inline-functions -Wwrite-strings -Waggregate-return -Wnested-externs -Wtrigraphs -O2 -m64 -march=x86-64 -mtune=generic   -c -o identify.o identify.c
cc -O2 -W -Wall -Wbad-function-cast -Wcast-align -Wpointer-arith -Wcast-qual -Wshadow -Wstrict-prototypes -Wmissing-prototypes -Wmissing-declarations -fkeep-inline-functions -Wwrite-strings -Waggregate-return -Wnested-externs -Wtrigraphs -O2 -W -Wall -Wbad-function-cast -Wcast-align -Wpointer-arith -Wcast-qual -Wshadow -Wstrict-prototypes -Wmissing-prototypes -Wmissing-declarations -fkeep-inline-functions -Wwrite-strings -Waggregate-return -Wnested-externs -Wtrigraphs -O2 -m64 -march=x86-64 -mtune=generic   -c -o sgio.o sgio.c
cc -O2 -W -Wall -Wbad-function-cast -Wcast-align -Wpointer-arith -Wcast-qual -Wshadow -Wstrict-prototypes -Wmissing-prototypes -Wmissing-declarations -fkeep-inline-functions -Wwrite-strings -Waggregate-return -Wnested-externs -Wtrigraphs -O2 -W -Wall -Wbad-function-cast -Wcast-align -Wpointer-arith -Wcast-qual -Wshadow -Wstrict-prototypes -Wmissing-prototypes -Wmissing-declarations -fkeep-inline-functions -Wwrite-strings -Waggregate-return -Wnested-externs -Wtrigraphs -O2 -m64 -march=x86-64 -mtune=generic   -c -o sysfs.o sysfs.c
In file included from /usr/include/unistd.h:25,
                 from hdparm.c:9:
/usr/include/features.h:196:3: warning: #warning "_BSD_SOURCE and _SVID_SOURCE are deprecated, use _DEFAULT_SOURCE" [-Wcpp]
  196 | # warning "_BSD_SOURCE and _SVID_SOURCE are deprecated, use _DEFAULT_SOURCE"
      |   ^~~~~~~
cc -O2 -W -Wall -Wbad-function-cast -Wcast-align -Wpointer-arith -Wcast-qual -Wshadow -Wstrict-prototypes -Wmissing-prototypes -Wmissing-declarations -fkeep-inline-functions -Wwrite-strings -Waggregate-return -Wnested-externs -Wtrigraphs -O2 -W -Wall -Wbad-function-cast -Wcast-align -Wpointer-arith -Wcast-qual -Wshadow -Wstrict-prototypes -Wmissing-prototypes -Wmissing-declarations -fkeep-inline-functions -Wwrite-strings -Waggregate-return -Wnested-externs -Wtrigraphs -O2 -m64 -march=x86-64 -mtune=generic   -c -o geom.o geom.c
cc -O2 -W -Wall -Wbad-function-cast -Wcast-align -Wpointer-arith -Wcast-qual -Wshadow -Wstrict-prototypes -Wmissing-prototypes -Wmissing-declarations -fkeep-inline-functions -Wwrite-strings -Waggregate-return -Wnested-externs -Wtrigraphs -O2 -W -Wall -Wbad-function-cast -Wcast-align -Wpointer-arith -Wcast-qual -Wshadow -Wstrict-prototypes -Wmissing-prototypes -Wmissing-declarations -fkeep-inline-functions -Wwrite-strings -Waggregate-return -Wnested-externs -Wtrigraphs -O2 -m64 -march=x86-64 -mtune=generic   -c -o fallocate.o fallocate.c
cc -O2 -W -Wall -Wbad-function-cast -Wcast-align -Wpointer-arith -Wcast-qual -Wshadow -Wstrict-prototypes -Wmissing-prototypes -Wmissing-declarations -fkeep-inline-functions -Wwrite-strings -Waggregate-return -Wnested-externs -Wtrigraphs -O2 -W -Wall -Wbad-function-cast -Wcast-align -Wpointer-arith -Wcast-qual -Wshadow -Wstrict-prototypes -Wmissing-prototypes -Wmissing-declarations -fkeep-inline-functions -Wwrite-strings -Waggregate-return -Wnested-externs -Wtrigraphs -O2 -m64 -march=x86-64 -mtune=generic   -c -o fibmap.o fibmap.c
cc -O2 -W -Wall -Wbad-function-cast -Wcast-align -Wpointer-arith -Wcast-qual -Wshadow -Wstrict-prototypes -Wmissing-prototypes -Wmissing-declarations -fkeep-inline-functions -Wwrite-strings -Waggregate-return -Wnested-externs -Wtrigraphs -O2 -W -Wall -Wbad-function-cast -Wcast-align -Wpointer-arith -Wcast-qual -Wshadow -Wstrict-prototypes -Wmissing-prototypes -Wmissing-declarations -fkeep-inline-functions -Wwrite-strings -Waggregate-return -Wnested-externs -Wtrigraphs -O2 -m64 -march=x86-64 -mtune=generic   -c -o fwdownload.o fwdownload.c
cc -O2 -W -Wall -Wbad-function-cast -Wcast-align -Wpointer-arith -Wcast-qual -Wshadow -Wstrict-prototypes -Wmissing-prototypes -Wmissing-declarations -fkeep-inline-functions -Wwrite-strings -Waggregate-return -Wnested-externs -Wtrigraphs -O2 -W -Wall -Wbad-function-cast -Wcast-align -Wpointer-arith -Wcast-qual -Wshadow -Wstrict-prototypes -Wmissing-prototypes -Wmissing-declarations -fkeep-inline-functions -Wwrite-strings -Waggregate-return -Wnested-externs -Wtrigraphs -O2 -m64 -march=x86-64 -mtune=generic   -c -o dvdspeed.o dvdspeed.c
cc -O2 -W -Wall -Wbad-function-cast -Wcast-align -Wpointer-arith -Wcast-qual -Wshadow -Wstrict-prototypes -Wmissing-prototypes -Wmissing-declarations -fkeep-inline-functions -Wwrite-strings -Waggregate-return -Wnested-externs -Wtrigraphs -O2 -W -Wall -Wbad-function-cast -Wcast-align -Wpointer-arith -Wcast-qual -Wshadow -Wstrict-prototypes -Wmissing-prototypes -Wmissing-declarations -fkeep-inline-functions -Wwrite-strings -Waggregate-return -Wnested-externs -Wtrigraphs -O2 -m64 -march=x86-64 -mtune=generic   -c -o wdidle3.o wdidle3.c
cc -O2 -W -Wall -Wbad-function-cast -Wcast-align -Wpointer-arith -Wcast-qual -Wshadow -Wstrict-prototypes -Wmissing-prototypes -Wmissing-declarations -fkeep-inline-functions -Wwrite-strings -Waggregate-return -Wnested-externs -Wtrigraphs -O2 -W -Wall -Wbad-function-cast -Wcast-align -Wpointer-arith -Wcast-qual -Wshadow -Wstrict-prototypes -Wmissing-prototypes -Wmissing-declarations -fkeep-inline-functions -Wwrite-strings -Waggregate-return -Wnested-externs -Wtrigraphs -O2 -m64 -march=x86-64 -mtune=generic   -c -o apt.o apt.c
cc  -o hdparm hdparm.o identify.o sgio.o sysfs.o geom.o fallocate.o fibmap.o fwdownload.o dvdspeed.o wdidle3.o apt.o
strip hdparm
make[1]: Leaving directory '/home/devel/building/work/src/hdparm-9.65'
+ make DESTDIR=/home/devel/building/work/pkg install
make -j4 hdparm
make[1]: Entering directory '/home/devel/building/work/src/hdparm-9.65'
make[1]: warning: -j4 forced in submake: resetting jobserver mode.
make[1]: 'hdparm' is up to date.
make[1]: Leaving directory '/home/devel/building/work/src/hdparm-9.65'
if [ ! -z /home/devel/building/work/pkg ]; then install -m 755 -d /home/devel/building/work/pkg ; fi
if [ ! -z /home/devel/building/work/pkg/sbin ]; then install -m 755 -d /home/devel/building/work/pkg/sbin ; fi
if [ ! -z /home/devel/building/work/pkg/usr/share/man ]; then install -m 755 -d /home/devel/building/work/pkg/usr/share/man ; fi
if [ ! -z /home/devel/building/work/pkg/usr/share/man/man8/ ]; then install -m 755 -d /home/devel/building/work/pkg/usr/share/man/man8/ ; fi
if [ -f /home/devel/building/work/pkg/sbin/hdparm ]; then rm -f /home/devel/building/work/pkg/sbin/hdparm ; fi
if [ -f /home/devel/building/work/pkg/usr/share/man/man8/hdparm.8 ]; then rm -f /home/devel/building/work/pkg/usr/share/man/man8/hdparm.8 ;\
elif [ -f /home/devel/building/work/pkg/usr/man/man8/hdparm.8 ]; then rm -f /home/devel/building/work/pkg/usr/man/man8/hdparm.8 ; fi
install -D hdparm /home/devel/building/work/pkg/sbin/hdparm
if [ -d /home/devel/building/work/pkg/usr/share/man ]; then install -m 644 -D hdparm.8 /home/devel/building/work/pkg/usr/share/man/man8/hdparm.8 ;\
elif [ -d /home/devel/building/work/pkg/usr/man ]; then install -m 644 -D hdparm.8 /home/devel/building/work/pkg/usr/man/man8/hdparm.8 ; fi
=======> Build result:
drwxr-xr-x  0 root   root        0 Jul 12 18:00 sbin/
-rwxr-xr-x  0 root   root   127744 Jul 12 18:00 sbin/hdparm
drwxr-xr-x  0 root   root        0 Jul 12 18:00 usr/
drwxr-xr-x  0 root   root        0 Jul 12 18:00 usr/share/
drwxr-xr-x  0 root   root        0 Jul 12 18:00 usr/share/man/
drwxr-xr-x  0 root   root        0 Jul 12 18:00 usr/share/man/man8/
-rw-r--r--  0 root   root    13853 Jul 12 18:00 usr/share/man/man8/hdparm.8.gz
=======> Building '/home/devel/packages/hdparm#9.65-1.x86_64.pkg.tar.zst' succeeded.
prt-get: Using PKGMK_PACKAGE_DIR: /home/devel/packages
prt-get: reinstalling hdparm 9.65-1
prt-get: /usr/bin/pkgadd -u hdparm#9.65-1.x86_64.pkg.tar.zst
prt-get: build done Wed Jul 12 18:00:52 2023

