prt-get: updating /usr/ports/core-x86_64/less
prt-get: starting build Wed Jul 12 18:02:26 2023
=======> Building '/home/devel/packages/less#633-1.x86_64.pkg.tar.zst'.
bsdtar -p -o -C /home/devel/building/work/src -xf /home/devel/sources/less-633-beta.tar.gz
cp filter /home/devel/building/work/src
+ build
+ cd less-633
+ ./configure --prefix=/usr --with-regex=pcre2 --with-editor=vim
checking for gcc... gcc
checking whether the C compiler works... yes
checking for C compiler default output file name... a.out
checking for suffix of executables... 
checking whether we are cross compiling... no
checking for suffix of object files... o
checking whether we are using the GNU C compiler... yes
checking whether gcc accepts -g... yes
checking for gcc option to accept ISO C89... none needed
checking for library containing strerror... none required
checking how to run the C preprocessor... gcc -E
checking for grep that handles long lines and -e... /usr/bin/grep
checking for egrep... /usr/bin/grep -E
checking whether gcc needs -traditional... no
checking for a BSD-compatible install... /usr/bin/install -c
checking for special C compiler options needed for large files... no
checking for _FILE_OFFSET_BITS value needed for large files... no
checking for tgoto in -ltinfo... yes
checking for tgoto in -ltinfow... no
checking for initscr in -lxcurses... no
checking for initscr in -lncursesw... yes
checking for initscr in -lncurses... yes
checking for initscr in -lcurses... yes
checking for tgetent in -ltermcap... no
checking for tgetent in -ltermlib... no
checking for library containing regcmp... no
checking for ANSI C header files... yes
checking for sys/types.h... yes
checking for sys/stat.h... yes
checking for stdlib.h... yes
checking for string.h... yes
checking for memory.h... yes
checking for strings.h... yes
checking for inttypes.h... yes
checking for stdint.h... yes
checking for unistd.h... yes
checking for ctype.h... yes
checking for errno.h... yes
checking for fcntl.h... yes
checking for inttypes.h... (cached) yes
checking for limits.h... yes
checking for stdckdint.h... no
checking for stdio.h... yes
checking for stdlib.h... (cached) yes
checking for string.h... (cached) yes
checking for termcap.h... yes
checking for ncurses/termcap.h... no
checking for ncursesw/termcap.h... no
checking for termio.h... yes
checking for termios.h... yes
checking for time.h... yes
checking for unistd.h... (cached) yes
checking for values.h... yes
checking for linux/magic.h... yes
checking for sys/ioctl.h... yes
checking for sys/stream.h... no
checking for sys/types.h... (cached) yes
checking for sys/wait.h... yes
checking for wctype.h... yes
checking whether stat file-mode macros are broken... no
checking for an ANSI C-conforming const... yes
checking for off_t... yes
checking for size_t... yes
checking for working terminal libraries... using -ltinfo
checking for void... yes
checking for const... yes
checking for time_t... yes
checking for st_ino in struct stat... yes
checking for procfs... yes
checking for ANSI function prototypes... yes
checking for fchmod... yes
checking for fsync... yes
checking for nanosleep... yes
checking for poll... yes
checking for popen... yes
checking for realpath... yes
checking for _setjmp... yes
checking for sigprocmask... yes
checking for sigsetmask... yes
checking for snprintf... yes
checking for stat... yes
checking for strsignal... yes
checking for system... yes
checking for ttyname... yes
checking for usleep... yes
checking for memcpy... yes
checking for strchr... yes
checking for strstr... yes
checking for tcgetattr... yes
checking for fileno... yes
checking for strerror... yes
checking for sys_errlist... yes
checking for sigset_t... yes
checking for sigemptyset... yes
checking for errno... yes - in errno.h
checking for locale... yes
checking for ctype functions... yes
checking for wctype functions... yes
checking termcap for ospeed... yes - in termcap.h
checking for pcre2_compile_8 in -lpcre2-8... yes
regular expression library:  pcre2
configure: creating ./config.status
config.status: creating Makefile
config.status: creating defines.h
+ make V=1
test ! -f stamp-h || CONFIG_FILES= CONFIG_HEADERS=defines.h ./config.status
touch stamp-h
gcc -I. -c -DBINDIR=\"/usr/bin\" -DSYSDIR=\"/usr/etc\"  -O2 -m64 -march=x86-64 -mtune=generic lesskey.c
gcc -I. -c -DBINDIR=\"/usr/bin\" -DSYSDIR=\"/usr/etc\"  -O2 -m64 -march=x86-64 -mtune=generic lessecho.c
gcc -I. -c -DBINDIR=\"/usr/bin\" -DSYSDIR=\"/usr/etc\"  -O2 -m64 -march=x86-64 -mtune=generic main.c
gcc -I. -c -DBINDIR=\"/usr/bin\" -DSYSDIR=\"/usr/etc\"  -O2 -m64 -march=x86-64 -mtune=generic screen.c
gcc -I. -c -DBINDIR=\"/usr/bin\" -DSYSDIR=\"/usr/etc\"  -O2 -m64 -march=x86-64 -mtune=generic brac.c
gcc -I. -c -DBINDIR=\"/usr/bin\" -DSYSDIR=\"/usr/etc\"  -O2 -m64 -march=x86-64 -mtune=generic ch.c
gcc -I. -c -DBINDIR=\"/usr/bin\" -DSYSDIR=\"/usr/etc\"  -O2 -m64 -march=x86-64 -mtune=generic charset.c
gcc -I. -c -DBINDIR=\"/usr/bin\" -DSYSDIR=\"/usr/etc\"  -O2 -m64 -march=x86-64 -mtune=generic cmdbuf.c
gcc -I. -c -DBINDIR=\"/usr/bin\" -DSYSDIR=\"/usr/etc\"  -O2 -m64 -march=x86-64 -mtune=generic command.c
gcc -I. -c -DBINDIR=\"/usr/bin\" -DSYSDIR=\"/usr/etc\"  -O2 -m64 -march=x86-64 -mtune=generic cvt.c
gcc -I. -c -DBINDIR=\"/usr/bin\" -DSYSDIR=\"/usr/etc\"  -O2 -m64 -march=x86-64 -mtune=generic decode.c
gcc -I. -c -DBINDIR=\"/usr/bin\" -DSYSDIR=\"/usr/etc\"  -O2 -m64 -march=x86-64 -mtune=generic edit.c
gcc -I. -c -DBINDIR=\"/usr/bin\" -DSYSDIR=\"/usr/etc\"  -O2 -m64 -march=x86-64 -mtune=generic filename.c
gcc -I. -c -DBINDIR=\"/usr/bin\" -DSYSDIR=\"/usr/etc\"  -O2 -m64 -march=x86-64 -mtune=generic forwback.c
gcc -I. -c -DBINDIR=\"/usr/bin\" -DSYSDIR=\"/usr/etc\"  -O2 -m64 -march=x86-64 -mtune=generic help.c
gcc -I. -c -DBINDIR=\"/usr/bin\" -DSYSDIR=\"/usr/etc\"  -O2 -m64 -march=x86-64 -mtune=generic ifile.c
gcc -I. -c -DBINDIR=\"/usr/bin\" -DSYSDIR=\"/usr/etc\"  -O2 -m64 -march=x86-64 -mtune=generic input.c
gcc -I. -c -DBINDIR=\"/usr/bin\" -DSYSDIR=\"/usr/etc\"  -O2 -m64 -march=x86-64 -mtune=generic jump.c
gcc -I. -c -DBINDIR=\"/usr/bin\" -DSYSDIR=\"/usr/etc\"  -O2 -m64 -march=x86-64 -mtune=generic line.c
gcc -I. -c -DBINDIR=\"/usr/bin\" -DSYSDIR=\"/usr/etc\"  -O2 -m64 -march=x86-64 -mtune=generic linenum.c
gcc -I. -c -DBINDIR=\"/usr/bin\" -DSYSDIR=\"/usr/etc\"  -O2 -m64 -march=x86-64 -mtune=generic lsystem.c
gcc -I. -c -DBINDIR=\"/usr/bin\" -DSYSDIR=\"/usr/etc\"  -O2 -m64 -march=x86-64 -mtune=generic mark.c
gcc -I. -c -DBINDIR=\"/usr/bin\" -DSYSDIR=\"/usr/etc\"  -O2 -m64 -march=x86-64 -mtune=generic optfunc.c
gcc -I. -c -DBINDIR=\"/usr/bin\" -DSYSDIR=\"/usr/etc\"  -O2 -m64 -march=x86-64 -mtune=generic option.c
gcc -I. -c -DBINDIR=\"/usr/bin\" -DSYSDIR=\"/usr/etc\"  -O2 -m64 -march=x86-64 -mtune=generic opttbl.c
gcc -I. -c -DBINDIR=\"/usr/bin\" -DSYSDIR=\"/usr/etc\"  -O2 -m64 -march=x86-64 -mtune=generic os.c
gcc -I. -c -DBINDIR=\"/usr/bin\" -DSYSDIR=\"/usr/etc\"  -O2 -m64 -march=x86-64 -mtune=generic output.c
gcc -I. -c -DBINDIR=\"/usr/bin\" -DSYSDIR=\"/usr/etc\"  -O2 -m64 -march=x86-64 -mtune=generic pattern.c
gcc -I. -c -DBINDIR=\"/usr/bin\" -DSYSDIR=\"/usr/etc\"  -O2 -m64 -march=x86-64 -mtune=generic position.c
gcc -I. -c -DBINDIR=\"/usr/bin\" -DSYSDIR=\"/usr/etc\"  -O2 -m64 -march=x86-64 -mtune=generic prompt.c
gcc -I. -c -DBINDIR=\"/usr/bin\" -DSYSDIR=\"/usr/etc\"  -O2 -m64 -march=x86-64 -mtune=generic search.c
gcc -I. -c -DBINDIR=\"/usr/bin\" -DSYSDIR=\"/usr/etc\"  -O2 -m64 -march=x86-64 -mtune=generic signal.c
gcc -I. -c -DBINDIR=\"/usr/bin\" -DSYSDIR=\"/usr/etc\"  -O2 -m64 -march=x86-64 -mtune=generic tags.c
gcc -I. -c -DBINDIR=\"/usr/bin\" -DSYSDIR=\"/usr/etc\"  -O2 -m64 -march=x86-64 -mtune=generic ttyin.c
gcc -I. -c -DBINDIR=\"/usr/bin\" -DSYSDIR=\"/usr/etc\"  -O2 -m64 -march=x86-64 -mtune=generic version.c
gcc -I. -c -DBINDIR=\"/usr/bin\" -DSYSDIR=\"/usr/etc\"  -O2 -m64 -march=x86-64 -mtune=generic xbuf.c
gcc -I. -c -DBINDIR=\"/usr/bin\" -DSYSDIR=\"/usr/etc\"  -O2 -m64 -march=x86-64 -mtune=generic lesskey_parse.c
gcc  -o lessecho lessecho.o version.o
gcc  -o lesskey lesskey.o lesskey_parse.o xbuf.o version.o
gcc  -o less main.o screen.o brac.o ch.o charset.o cmdbuf.o command.o cvt.o decode.o edit.o filename.o forwback.o help.o ifile.o input.o jump.o line.o linenum.o lsystem.o mark.o optfunc.o option.o opttbl.o os.o output.o pattern.o position.o prompt.o search.o signal.o tags.o ttyin.o version.o xbuf.o   lesskey_parse.o -ltinfo -lpcre2-8
+ make DESTDIR=/home/devel/building/work/pkg install
./mkinstalldirs /home/devel/building/work/pkg/usr/bin /home/devel/building/work/pkg/usr/share/man/man1
mkdir /home/devel/building/work/pkg/usr
mkdir /home/devel/building/work/pkg/usr/bin
mkdir /home/devel/building/work/pkg/usr/share
mkdir /home/devel/building/work/pkg/usr/share/man
mkdir /home/devel/building/work/pkg/usr/share/man/man1
/usr/bin/install -c less /home/devel/building/work/pkg/usr/bin/less
/usr/bin/install -c lesskey /home/devel/building/work/pkg/usr/bin/lesskey
/usr/bin/install -c lessecho /home/devel/building/work/pkg/usr/bin/lessecho
/usr/bin/install -c -m 644 ./less.nro /home/devel/building/work/pkg/usr/share/man/man1/less.1
/usr/bin/install -c -m 644 ./lesskey.nro /home/devel/building/work/pkg/usr/share/man/man1/lesskey.1
/usr/bin/install -c -m 644 ./lessecho.nro /home/devel/building/work/pkg/usr/share/man/man1/lessecho.1
+ install -m 755 -D /home/devel/building/work/src/filter /home/devel/building/work/pkg/usr/lib/less/filter
=======> Build result:
drwxr-xr-x  0 root   root        0 Jul 12 18:02 usr/
drwxr-xr-x  0 root   root        0 Jul 12 18:02 usr/lib/
drwxr-xr-x  0 root   root        0 Jul 12 18:02 usr/share/
drwxr-xr-x  0 root   root        0 Jul 12 18:02 usr/bin/
-rwxr-xr-x  0 root   root    14488 Jul 12 18:02 usr/bin/lessecho
-rwxr-xr-x  0 root   root    24200 Jul 12 18:02 usr/bin/lesskey
-rwxr-xr-x  0 root   root   205376 Jul 12 18:02 usr/bin/less
drwxr-xr-x  0 root   root        0 Jul 12 18:02 usr/share/man/
drwxr-xr-x  0 root   root        0 Jul 12 18:02 usr/share/man/man1/
-rw-r--r--  0 root   root    26107 Jul 12 18:02 usr/share/man/man1/less.1.gz
-rw-r--r--  0 root   root     4292 Jul 12 18:02 usr/share/man/man1/lesskey.1.gz
-rw-r--r--  0 root   root      728 Jul 12 18:02 usr/share/man/man1/lessecho.1.gz
drwxr-xr-x  0 root   root        0 Jul 12 18:02 usr/lib/less/
-rwxr-xr-x  0 root   root      639 Jul 12 18:02 usr/lib/less/filter
=======> Building '/home/devel/packages/less#633-1.x86_64.pkg.tar.zst' succeeded.
prt-get: Using PKGMK_PACKAGE_DIR: /home/devel/packages
prt-get: reinstalling less 633-1
prt-get: /usr/bin/pkgadd -u less#633-1.x86_64.pkg.tar.zst
prt-get: build done Wed Jul 12 18:02:29 2023

