prt-get: updating /usr/ports/opt-x86_64/libksba
prt-get: starting build Wed Jul 12 18:04:09 2023
=======> Building '/home/devel/packages/libksba#1.6.4-2.x86_64.pkg.tar.zst'.
bsdtar -p -o -C /home/devel/building/work/src -xf /home/devel/sources/libksba-1.6.4.tar.bz2
+ build
+ cd libksba-1.6.4
+ CFLAGS+=' -flto=auto -ffat-lto-objects'
+ CXXFLAGS+=' -flto=auto -ffat-lto-objects'
+ ./configure --build=x86_64-unknown-linux-gnu --host=x86_64-unknown-linux-gnu --prefix=/usr
checking for a BSD-compatible install... /usr/bin/install -c
checking whether build environment is sane... yes
checking for a thread-safe mkdir -p... /bin/mkdir -p
checking for gawk... gawk
checking whether make sets $(MAKE)... yes
checking whether make supports nested variables... yes
checking build system type... x86_64-unknown-linux-gnu
checking host system type... x86_64-unknown-linux-gnu
configure: autobuild project... libksba
configure: autobuild revision... 1.6.4
configure: autobuild hostname... ishi
configure: autobuild timestamp... 20230712-180409
checking whether make supports the include directive... yes (GNU style)
checking for x86_64-unknown-linux-gnu-gcc... x86_64-unknown-linux-gnu-gcc
checking whether the C compiler works... yes
checking for C compiler default output file name... a.out
checking for suffix of executables... 
checking whether we are cross compiling... no
checking for suffix of object files... o
checking whether we are using the GNU C compiler... yes
checking whether x86_64-unknown-linux-gnu-gcc accepts -g... yes
checking for x86_64-unknown-linux-gnu-gcc option to accept ISO C89... none needed
checking whether x86_64-unknown-linux-gnu-gcc understands -c and -o together... yes
checking dependency style of x86_64-unknown-linux-gnu-gcc... gcc3
checking how to run the C preprocessor... x86_64-unknown-linux-gnu-gcc -E
checking for grep that handles long lines and -e... /usr/bin/grep
checking for egrep... /usr/bin/grep -E
checking for ANSI C header files... yes
checking for sys/types.h... yes
checking for sys/stat.h... yes
checking for stdlib.h... yes
checking for string.h... yes
checking for memory.h... yes
checking for strings.h... yes
checking for inttypes.h... yes
checking for stdint.h... yes
checking for unistd.h... yes
checking minix/config.h usability... no
checking minix/config.h presence... no
checking for minix/config.h... no
checking whether it is safe to define __EXTENSIONS__... yes
checking how to print strings... printf
checking for a sed that does not truncate output... /bin/sed
checking for fgrep... /usr/bin/grep -F
checking for ld used by x86_64-unknown-linux-gnu-gcc... /usr/bin/ld
checking if the linker (/usr/bin/ld) is GNU ld... yes
checking for BSD- or MS-compatible name lister (nm)... /usr/bin/nm -B
checking the name lister (/usr/bin/nm -B) interface... BSD nm
checking whether ln -s works... yes
checking the maximum length of command line arguments... 1572864
checking whether the shell understands some XSI constructs... yes
checking whether the shell understands "+="... no
checking how to convert x86_64-unknown-linux-gnu file names to x86_64-unknown-linux-gnu format... func_convert_file_noop
checking how to convert x86_64-unknown-linux-gnu file names to toolchain format... func_convert_file_noop
checking for /usr/bin/ld option to reload object files... -r
checking for x86_64-unknown-linux-gnu-objdump... x86_64-unknown-linux-gnu-objdump
checking how to recognize dependent libraries... pass_all
checking for x86_64-unknown-linux-gnu-dlltool... no
checking for dlltool... no
checking how to associate runtime and link libraries... printf %s\n
checking for x86_64-unknown-linux-gnu-ar... x86_64-unknown-linux-gnu-ar
checking for archiver @FILE support... @
checking for x86_64-unknown-linux-gnu-strip... x86_64-unknown-linux-gnu-strip
checking for x86_64-unknown-linux-gnu-ranlib... x86_64-unknown-linux-gnu-ranlib
checking command to parse /usr/bin/nm -B output from x86_64-unknown-linux-gnu-gcc object... ok
checking for sysroot... no
checking for x86_64-unknown-linux-gnu-mt... no
checking for mt... no
checking if : is a manifest tool... no
checking for dlfcn.h... yes
checking for objdir... .libs
checking if x86_64-unknown-linux-gnu-gcc supports -fno-rtti -fno-exceptions... no
checking for x86_64-unknown-linux-gnu-gcc option to produce PIC... -fPIC -DPIC
checking if x86_64-unknown-linux-gnu-gcc PIC flag -fPIC -DPIC works... yes
checking if x86_64-unknown-linux-gnu-gcc static flag -static works... yes
checking if x86_64-unknown-linux-gnu-gcc supports -c -o file.o... yes
checking if x86_64-unknown-linux-gnu-gcc supports -c -o file.o... (cached) yes
checking whether the x86_64-unknown-linux-gnu-gcc linker (/usr/bin/ld -m elf_x86_64) supports shared libraries... yes
checking whether -lc should be explicitly linked in... no
checking dynamic linker characteristics... GNU/Linux ld.so
checking how to hardcode library paths into programs... immediate
checking whether stripping libraries is possible... yes
checking if libtool supports shared libraries... yes
checking whether to build shared libraries... yes
checking whether to build static libraries... no
checking for x86_64-unknown-linux-gnu-windres... no
checking for windres... no
checking whether to enable maintainer-specific portions of Makefiles... no
checking whether make supports nested variables... (cached) yes
checking for gawk... (cached) gawk
checking for x86_64-unknown-linux-gnu-gcc... (cached) x86_64-unknown-linux-gnu-gcc
checking whether we are using the GNU C compiler... (cached) yes
checking whether x86_64-unknown-linux-gnu-gcc accepts -g... (cached) yes
checking for x86_64-unknown-linux-gnu-gcc option to accept ISO C89... (cached) none needed
checking whether x86_64-unknown-linux-gnu-gcc understands -c and -o together... (cached) yes
checking dependency style of x86_64-unknown-linux-gnu-gcc... (cached) gcc3
checking how to run the C preprocessor... x86_64-unknown-linux-gnu-gcc -E
checking whether ln -s works... yes
checking whether make sets $(MAKE)... (cached) yes
checking for bison... bison -y
checking if bison is the parser generator... yes
checking for inline... inline
checking for cc for build... $(CC)
checking if gcc supports -Wpointer-arith... yes
checking if gcc supports -Wno-pointer-sign... yes
checking whether the visibility attribute is supported... yes
checking for broken visibility attribute... no
checking for broken alias attribute... no
checking if gcc supports -fvisibility=hidden... yes
checking for gpg-error-config... /usr/bin/gpg-error-config
checking for gpgrt-config... /usr/bin/gpgrt-config
configure: Use gpgrt-config with /usr/lib as gpg-error-config
checking for GPG Error - version >= 1.8... yes (1.47)
checking for an ANSI C-conforming const... yes
checking whether byte ordering is bigendian... no
checking size of unsigned int... 4
checking size of unsigned long... 8
checking for u32... no
checking for stpcpy... yes
checking for gmtime_r... yes
checking for getenv... yes
checking for size_t... yes
checking for working alloca.h... yes
checking for alloca... yes
checking for valgrind... no
checking whether self tests are run under valgrind... no
checking that generated files are newer than configure... done
configure: creating ./config.status
config.status: creating Makefile
config.status: creating m4/Makefile
config.status: creating gl/Makefile
config.status: creating src/Makefile
config.status: creating src/ksba.h
config.status: creating src/ksba-config
config.status: creating src/ksba.pc
config.status: creating src/versioninfo.rc
config.status: creating tests/Makefile
config.status: creating doc/Makefile
config.status: creating config.h
config.status: executing depfiles commands
config.status: executing libtool commands

        Libksba v1.6.4 has been configured as follows:

        Revision:  5579994  (21881)
        Platform:  x86_64-unknown-linux-gnu


+ make V=1
make  all-recursive
make[1]: Entering directory '/home/devel/building/work/src/libksba-1.6.4'
Making all in m4
make[2]: Entering directory '/home/devel/building/work/src/libksba-1.6.4/m4'
make[2]: Nothing to be done for 'all'.
make[2]: Leaving directory '/home/devel/building/work/src/libksba-1.6.4/m4'
Making all in gl
make[2]: Entering directory '/home/devel/building/work/src/libksba-1.6.4/gl'
cp ./alloca_.h alloca.h-t
mv alloca.h-t alloca.h
make  all-am
make[3]: Entering directory '/home/devel/building/work/src/libksba-1.6.4/gl'
/bin/sh ../libtool  --tag=CC   --mode=compile x86_64-unknown-linux-gnu-gcc -DHAVE_CONFIG_H -I. -I..     -O2 -m64 -march=x86-64 -mtune=generic -flto=auto -ffat-lto-objects -Wall -Wcast-align -Wshadow -Wstrict-prototypes -Wpointer-arith -Wno-pointer-sign -fvisibility=hidden -c -o dummyobj.lo dummyobj.c
libtool: compile:  x86_64-unknown-linux-gnu-gcc -DHAVE_CONFIG_H -I. -I.. -O2 -m64 -march=x86-64 -mtune=generic -flto=auto -ffat-lto-objects -Wall -Wcast-align -Wshadow -Wstrict-prototypes -Wpointer-arith -Wno-pointer-sign -fvisibility=hidden -c dummyobj.c  -fPIC -DPIC -o .libs/dummyobj.o
/bin/sh ../libtool  --tag=CC   --mode=link x86_64-unknown-linux-gnu-gcc  -O2 -m64 -march=x86-64 -mtune=generic -flto=auto -ffat-lto-objects -Wall -Wcast-align -Wshadow -Wstrict-prototypes -Wpointer-arith -Wno-pointer-sign -fvisibility=hidden   -o libgnu.la  dummyobj.lo  
libtool: link: x86_64-unknown-linux-gnu-ar cru .libs/libgnu.a .libs/dummyobj.o 
x86_64-unknown-linux-gnu-ar: `u' modifier ignored since `D' is the default (see `U')
libtool: link: x86_64-unknown-linux-gnu-ranlib .libs/libgnu.a
libtool: link: ( cd ".libs" && rm -f "libgnu.la" && ln -s "../libgnu.la" "libgnu.la" )
make[3]: Leaving directory '/home/devel/building/work/src/libksba-1.6.4/gl'
make[2]: Leaving directory '/home/devel/building/work/src/libksba-1.6.4/gl'
Making all in src
make[2]: Entering directory '/home/devel/building/work/src/libksba-1.6.4/src'
x86_64-unknown-linux-gnu-gcc   \
         -I. -DBUILD_GENTOOLS -o asn1-gentables \
	./asn1-gentables.c \
                `test -f 'asn1-parse.c' || echo './'`asn1-parse.c  \
                ./asn1-func.c      \
                ./gen-help.c
make  all-am
make[3]: Entering directory '/home/devel/building/work/src/libksba-1.6.4/src'
x86_64-unknown-linux-gnu-gcc -DHAVE_CONFIG_H -I. -I..  -I../gl -I../gl    -O2 -m64 -march=x86-64 -mtune=generic -flto=auto -ffat-lto-objects -Wall -Wcast-align -Wshadow -Wstrict-prototypes -Wpointer-arith -Wno-pointer-sign -fvisibility=hidden -MT ber_dump-ber-dump.o -MD -MP -MF .deps/ber_dump-ber-dump.Tpo -c -o ber_dump-ber-dump.o `test -f 'ber-dump.c' || echo './'`ber-dump.c
x86_64-unknown-linux-gnu-gcc -DHAVE_CONFIG_H -I. -I..  -I../gl -I../gl    -O2 -m64 -march=x86-64 -mtune=generic -flto=auto -ffat-lto-objects -Wall -Wcast-align -Wshadow -Wstrict-prototypes -Wpointer-arith -Wno-pointer-sign -fvisibility=hidden -MT ber_dump-ber-decoder.o -MD -MP -MF .deps/ber_dump-ber-decoder.Tpo -c -o ber_dump-ber-decoder.o `test -f 'ber-decoder.c' || echo './'`ber-decoder.c
x86_64-unknown-linux-gnu-gcc -DHAVE_CONFIG_H -I. -I..  -I../gl -I../gl    -O2 -m64 -march=x86-64 -mtune=generic -flto=auto -ffat-lto-objects -Wall -Wcast-align -Wshadow -Wstrict-prototypes -Wpointer-arith -Wno-pointer-sign -fvisibility=hidden -MT ber_dump-ber-help.o -MD -MP -MF .deps/ber_dump-ber-help.Tpo -c -o ber_dump-ber-help.o `test -f 'ber-help.c' || echo './'`ber-help.c
x86_64-unknown-linux-gnu-gcc -DHAVE_CONFIG_H -I. -I..  -I../gl -I../gl    -O2 -m64 -march=x86-64 -mtune=generic -flto=auto -ffat-lto-objects -Wall -Wcast-align -Wshadow -Wstrict-prototypes -Wpointer-arith -Wno-pointer-sign -fvisibility=hidden -MT ber_dump-reader.o -MD -MP -MF .deps/ber_dump-reader.Tpo -c -o ber_dump-reader.o `test -f 'reader.c' || echo './'`reader.c
x86_64-unknown-linux-gnu-gcc -DHAVE_CONFIG_H -I. -I..  -I../gl -I../gl    -O2 -m64 -march=x86-64 -mtune=generic -flto=auto -ffat-lto-objects -Wall -Wcast-align -Wshadow -Wstrict-prototypes -Wpointer-arith -Wno-pointer-sign -fvisibility=hidden -MT ber_dump-writer.o -MD -MP -MF .deps/ber_dump-writer.Tpo -c -o ber_dump-writer.o `test -f 'writer.c' || echo './'`writer.c
x86_64-unknown-linux-gnu-gcc -DHAVE_CONFIG_H -I. -I..  -I../gl -I../gl    -O2 -m64 -march=x86-64 -mtune=generic -flto=auto -ffat-lto-objects -Wall -Wcast-align -Wshadow -Wstrict-prototypes -Wpointer-arith -Wno-pointer-sign -fvisibility=hidden -MT ber_dump-asn1-parse.o -MD -MP -MF .deps/ber_dump-asn1-parse.Tpo -c -o ber_dump-asn1-parse.o `test -f 'asn1-parse.c' || echo './'`asn1-parse.c
x86_64-unknown-linux-gnu-gcc -DHAVE_CONFIG_H -I. -I..  -I../gl -I../gl    -O2 -m64 -march=x86-64 -mtune=generic -flto=auto -ffat-lto-objects -Wall -Wcast-align -Wshadow -Wstrict-prototypes -Wpointer-arith -Wno-pointer-sign -fvisibility=hidden -MT ber_dump-asn1-func.o -MD -MP -MF .deps/ber_dump-asn1-func.Tpo -c -o ber_dump-asn1-func.o `test -f 'asn1-func.c' || echo './'`asn1-func.c
x86_64-unknown-linux-gnu-gcc -DHAVE_CONFIG_H -I. -I..  -I../gl -I../gl    -O2 -m64 -march=x86-64 -mtune=generic -flto=auto -ffat-lto-objects -Wall -Wcast-align -Wshadow -Wstrict-prototypes -Wpointer-arith -Wno-pointer-sign -fvisibility=hidden -MT ber_dump-oid.o -MD -MP -MF .deps/ber_dump-oid.Tpo -c -o ber_dump-oid.o `test -f 'oid.c' || echo './'`oid.c
mv -f .deps/ber_dump-ber-dump.Tpo .deps/ber_dump-ber-dump.Po
x86_64-unknown-linux-gnu-gcc -DHAVE_CONFIG_H -I. -I..  -I../gl -I../gl    -O2 -m64 -march=x86-64 -mtune=generic -flto=auto -ffat-lto-objects -Wall -Wcast-align -Wshadow -Wstrict-prototypes -Wpointer-arith -Wno-pointer-sign -fvisibility=hidden -MT ber_dump-time.o -MD -MP -MF .deps/ber_dump-time.Tpo -c -o ber_dump-time.o `test -f 'time.c' || echo './'`time.c
mv -f .deps/ber_dump-reader.Tpo .deps/ber_dump-reader.Po
x86_64-unknown-linux-gnu-gcc -DHAVE_CONFIG_H -I. -I..  -I../gl -I../gl    -O2 -m64 -march=x86-64 -mtune=generic -flto=auto -ffat-lto-objects -Wall -Wcast-align -Wshadow -Wstrict-prototypes -Wpointer-arith -Wno-pointer-sign -fvisibility=hidden -MT ber_dump-util.o -MD -MP -MF .deps/ber_dump-util.Tpo -c -o ber_dump-util.o `test -f 'util.c' || echo './'`util.c
mv -f .deps/ber_dump-oid.Tpo .deps/ber_dump-oid.Po
/bin/sh ../libtool  --tag=CC   --mode=compile x86_64-unknown-linux-gnu-gcc -DHAVE_CONFIG_H -I. -I..  -I../gl -I../gl    -O2 -m64 -march=x86-64 -mtune=generic -flto=auto -ffat-lto-objects -Wall -Wcast-align -Wshadow -Wstrict-prototypes -Wpointer-arith -Wno-pointer-sign -fvisibility=hidden -MT visibility.lo -MD -MP -MF .deps/visibility.Tpo -c -o visibility.lo visibility.c
mv -f .deps/ber_dump-writer.Tpo .deps/ber_dump-writer.Po
/bin/sh ../libtool  --tag=CC   --mode=compile x86_64-unknown-linux-gnu-gcc -DHAVE_CONFIG_H -I. -I..  -I../gl -I../gl    -O2 -m64 -march=x86-64 -mtune=generic -flto=auto -ffat-lto-objects -Wall -Wcast-align -Wshadow -Wstrict-prototypes -Wpointer-arith -Wno-pointer-sign -fvisibility=hidden -MT reader.lo -MD -MP -MF .deps/reader.Tpo -c -o reader.lo reader.c
libtool: compile:  x86_64-unknown-linux-gnu-gcc -DHAVE_CONFIG_H -I. -I.. -I../gl -I../gl -O2 -m64 -march=x86-64 -mtune=generic -flto=auto -ffat-lto-objects -Wall -Wcast-align -Wshadow -Wstrict-prototypes -Wpointer-arith -Wno-pointer-sign -fvisibility=hidden -MT visibility.lo -MD -MP -MF .deps/visibility.Tpo -c visibility.c  -fPIC -DPIC -o .libs/visibility.o
libtool: compile:  x86_64-unknown-linux-gnu-gcc -DHAVE_CONFIG_H -I. -I.. -I../gl -I../gl -O2 -m64 -march=x86-64 -mtune=generic -flto=auto -ffat-lto-objects -Wall -Wcast-align -Wshadow -Wstrict-prototypes -Wpointer-arith -Wno-pointer-sign -fvisibility=hidden -MT reader.lo -MD -MP -MF .deps/reader.Tpo -c reader.c  -fPIC -DPIC -o .libs/reader.o
mv -f .deps/ber_dump-ber-help.Tpo .deps/ber_dump-ber-help.Po
mv -f .deps/ber_dump-time.Tpo .deps/ber_dump-time.Po
/bin/sh ../libtool  --tag=CC   --mode=compile x86_64-unknown-linux-gnu-gcc -DHAVE_CONFIG_H -I. -I..  -I../gl -I../gl    -O2 -m64 -march=x86-64 -mtune=generic -flto=auto -ffat-lto-objects -Wall -Wcast-align -Wshadow -Wstrict-prototypes -Wpointer-arith -Wno-pointer-sign -fvisibility=hidden -MT writer.lo -MD -MP -MF .deps/writer.Tpo -c -o writer.lo writer.c
/bin/sh ../libtool  --tag=CC   --mode=compile x86_64-unknown-linux-gnu-gcc -DHAVE_CONFIG_H -I. -I..  -I../gl -I../gl    -O2 -m64 -march=x86-64 -mtune=generic -flto=auto -ffat-lto-objects -Wall -Wcast-align -Wshadow -Wstrict-prototypes -Wpointer-arith -Wno-pointer-sign -fvisibility=hidden -MT asn1-parse.lo -MD -MP -MF .deps/asn1-parse.Tpo -c -o asn1-parse.lo asn1-parse.c
mv -f .deps/ber_dump-util.Tpo .deps/ber_dump-util.Po
/bin/sh ../libtool  --tag=CC   --mode=compile x86_64-unknown-linux-gnu-gcc -DHAVE_CONFIG_H -I. -I..  -I../gl -I../gl    -O2 -m64 -march=x86-64 -mtune=generic -flto=auto -ffat-lto-objects -Wall -Wcast-align -Wshadow -Wstrict-prototypes -Wpointer-arith -Wno-pointer-sign -fvisibility=hidden -MT asn1-func.lo -MD -MP -MF .deps/asn1-func.Tpo -c -o asn1-func.lo asn1-func.c
libtool: compile:  x86_64-unknown-linux-gnu-gcc -DHAVE_CONFIG_H -I. -I.. -I../gl -I../gl -O2 -m64 -march=x86-64 -mtune=generic -flto=auto -ffat-lto-objects -Wall -Wcast-align -Wshadow -Wstrict-prototypes -Wpointer-arith -Wno-pointer-sign -fvisibility=hidden -MT asn1-parse.lo -MD -MP -MF .deps/asn1-parse.Tpo -c asn1-parse.c  -fPIC -DPIC -o .libs/asn1-parse.o
libtool: compile:  x86_64-unknown-linux-gnu-gcc -DHAVE_CONFIG_H -I. -I.. -I../gl -I../gl -O2 -m64 -march=x86-64 -mtune=generic -flto=auto -ffat-lto-objects -Wall -Wcast-align -Wshadow -Wstrict-prototypes -Wpointer-arith -Wno-pointer-sign -fvisibility=hidden -MT asn1-func.lo -MD -MP -MF .deps/asn1-func.Tpo -c asn1-func.c  -fPIC -DPIC -o .libs/asn1-func.o
libtool: compile:  x86_64-unknown-linux-gnu-gcc -DHAVE_CONFIG_H -I. -I.. -I../gl -I../gl -O2 -m64 -march=x86-64 -mtune=generic -flto=auto -ffat-lto-objects -Wall -Wcast-align -Wshadow -Wstrict-prototypes -Wpointer-arith -Wno-pointer-sign -fvisibility=hidden -MT writer.lo -MD -MP -MF .deps/writer.Tpo -c writer.c  -fPIC -DPIC -o .libs/writer.o
mv -f .deps/reader.Tpo .deps/reader.Plo
/bin/sh ../libtool  --tag=CC   --mode=compile x86_64-unknown-linux-gnu-gcc -DHAVE_CONFIG_H -I. -I..  -I../gl -I../gl    -O2 -m64 -march=x86-64 -mtune=generic -flto=auto -ffat-lto-objects -Wall -Wcast-align -Wshadow -Wstrict-prototypes -Wpointer-arith -Wno-pointer-sign -fvisibility=hidden -MT asn1-func2.lo -MD -MP -MF .deps/asn1-func2.Tpo -c -o asn1-func2.lo asn1-func2.c
libtool: compile:  x86_64-unknown-linux-gnu-gcc -DHAVE_CONFIG_H -I. -I.. -I../gl -I../gl -O2 -m64 -march=x86-64 -mtune=generic -flto=auto -ffat-lto-objects -Wall -Wcast-align -Wshadow -Wstrict-prototypes -Wpointer-arith -Wno-pointer-sign -fvisibility=hidden -MT asn1-func2.lo -MD -MP -MF .deps/asn1-func2.Tpo -c asn1-func2.c  -fPIC -DPIC -o .libs/asn1-func2.o
mv -f .deps/visibility.Tpo .deps/visibility.Plo
/bin/sh ../libtool  --tag=CC   --mode=compile x86_64-unknown-linux-gnu-gcc -DHAVE_CONFIG_H -I. -I..  -I../gl -I../gl    -O2 -m64 -march=x86-64 -mtune=generic -flto=auto -ffat-lto-objects -Wall -Wcast-align -Wshadow -Wstrict-prototypes -Wpointer-arith -Wno-pointer-sign -fvisibility=hidden -MT ber-help.lo -MD -MP -MF .deps/ber-help.Tpo -c -o ber-help.lo ber-help.c
mv -f .deps/ber_dump-ber-decoder.Tpo .deps/ber_dump-ber-decoder.Po
mv -f .deps/ber_dump-asn1-func.Tpo .deps/ber_dump-asn1-func.Po
/bin/sh ../libtool  --tag=CC   --mode=compile x86_64-unknown-linux-gnu-gcc -DHAVE_CONFIG_H -I. -I..  -I../gl -I../gl    -O2 -m64 -march=x86-64 -mtune=generic -flto=auto -ffat-lto-objects -Wall -Wcast-align -Wshadow -Wstrict-prototypes -Wpointer-arith -Wno-pointer-sign -fvisibility=hidden -MT ber-decoder.lo -MD -MP -MF .deps/ber-decoder.Tpo -c -o ber-decoder.lo ber-decoder.c
/bin/sh ../libtool  --tag=CC   --mode=compile x86_64-unknown-linux-gnu-gcc -DHAVE_CONFIG_H -I. -I..  -I../gl -I../gl    -O2 -m64 -march=x86-64 -mtune=generic -flto=auto -ffat-lto-objects -Wall -Wcast-align -Wshadow -Wstrict-prototypes -Wpointer-arith -Wno-pointer-sign -fvisibility=hidden -MT der-encoder.lo -MD -MP -MF .deps/der-encoder.Tpo -c -o der-encoder.lo der-encoder.c
libtool: compile:  x86_64-unknown-linux-gnu-gcc -DHAVE_CONFIG_H -I. -I.. -I../gl -I../gl -O2 -m64 -march=x86-64 -mtune=generic -flto=auto -ffat-lto-objects -Wall -Wcast-align -Wshadow -Wstrict-prototypes -Wpointer-arith -Wno-pointer-sign -fvisibility=hidden -MT ber-help.lo -MD -MP -MF .deps/ber-help.Tpo -c ber-help.c  -fPIC -DPIC -o .libs/ber-help.o
libtool: compile:  x86_64-unknown-linux-gnu-gcc -DHAVE_CONFIG_H -I. -I.. -I../gl -I../gl -O2 -m64 -march=x86-64 -mtune=generic -flto=auto -ffat-lto-objects -Wall -Wcast-align -Wshadow -Wstrict-prototypes -Wpointer-arith -Wno-pointer-sign -fvisibility=hidden -MT ber-decoder.lo -MD -MP -MF .deps/ber-decoder.Tpo -c ber-decoder.c  -fPIC -DPIC -o .libs/ber-decoder.o
libtool: compile:  x86_64-unknown-linux-gnu-gcc -DHAVE_CONFIG_H -I. -I.. -I../gl -I../gl -O2 -m64 -march=x86-64 -mtune=generic -flto=auto -ffat-lto-objects -Wall -Wcast-align -Wshadow -Wstrict-prototypes -Wpointer-arith -Wno-pointer-sign -fvisibility=hidden -MT der-encoder.lo -MD -MP -MF .deps/der-encoder.Tpo -c der-encoder.c  -fPIC -DPIC -o .libs/der-encoder.o
mv -f .deps/writer.Tpo .deps/writer.Plo
/bin/sh ../libtool  --tag=CC   --mode=compile x86_64-unknown-linux-gnu-gcc -DHAVE_CONFIG_H -I. -I..  -I../gl -I../gl    -O2 -m64 -march=x86-64 -mtune=generic -flto=auto -ffat-lto-objects -Wall -Wcast-align -Wshadow -Wstrict-prototypes -Wpointer-arith -Wno-pointer-sign -fvisibility=hidden -MT der-builder.lo -MD -MP -MF .deps/der-builder.Tpo -c -o der-builder.lo der-builder.c
libtool: compile:  x86_64-unknown-linux-gnu-gcc -DHAVE_CONFIG_H -I. -I.. -I../gl -I../gl -O2 -m64 -march=x86-64 -mtune=generic -flto=auto -ffat-lto-objects -Wall -Wcast-align -Wshadow -Wstrict-prototypes -Wpointer-arith -Wno-pointer-sign -fvisibility=hidden -MT der-builder.lo -MD -MP -MF .deps/der-builder.Tpo -c der-builder.c  -fPIC -DPIC -o .libs/der-builder.o
mv -f .deps/asn1-func2.Tpo .deps/asn1-func2.Plo
/bin/sh ../libtool  --tag=CC   --mode=compile x86_64-unknown-linux-gnu-gcc -DHAVE_CONFIG_H -I. -I..  -I../gl -I../gl    -O2 -m64 -march=x86-64 -mtune=generic -flto=auto -ffat-lto-objects -Wall -Wcast-align -Wshadow -Wstrict-prototypes -Wpointer-arith -Wno-pointer-sign -fvisibility=hidden -MT cert.lo -MD -MP -MF .deps/cert.Tpo -c -o cert.lo cert.c
libtool: compile:  x86_64-unknown-linux-gnu-gcc -DHAVE_CONFIG_H -I. -I.. -I../gl -I../gl -O2 -m64 -march=x86-64 -mtune=generic -flto=auto -ffat-lto-objects -Wall -Wcast-align -Wshadow -Wstrict-prototypes -Wpointer-arith -Wno-pointer-sign -fvisibility=hidden -MT cert.lo -MD -MP -MF .deps/cert.Tpo -c cert.c  -fPIC -DPIC -o .libs/cert.o
mv -f .deps/ber_dump-asn1-parse.Tpo .deps/ber_dump-asn1-parse.Po
/bin/sh ../libtool  --tag=CC   --mode=compile x86_64-unknown-linux-gnu-gcc -DHAVE_CONFIG_H -I. -I..  -I../gl -I../gl    -O2 -m64 -march=x86-64 -mtune=generic -flto=auto -ffat-lto-objects -Wall -Wcast-align -Wshadow -Wstrict-prototypes -Wpointer-arith -Wno-pointer-sign -fvisibility=hidden -MT cms.lo -MD -MP -MF .deps/cms.Tpo -c -o cms.lo cms.c
mv -f .deps/ber-help.Tpo .deps/ber-help.Plo
/bin/sh ../libtool  --tag=CC   --mode=compile x86_64-unknown-linux-gnu-gcc -DHAVE_CONFIG_H -I. -I..  -I../gl -I../gl    -O2 -m64 -march=x86-64 -mtune=generic -flto=auto -ffat-lto-objects -Wall -Wcast-align -Wshadow -Wstrict-prototypes -Wpointer-arith -Wno-pointer-sign -fvisibility=hidden -MT cms-parser.lo -MD -MP -MF .deps/cms-parser.Tpo -c -o cms-parser.lo cms-parser.c
libtool: compile:  x86_64-unknown-linux-gnu-gcc -DHAVE_CONFIG_H -I. -I.. -I../gl -I../gl -O2 -m64 -march=x86-64 -mtune=generic -flto=auto -ffat-lto-objects -Wall -Wcast-align -Wshadow -Wstrict-prototypes -Wpointer-arith -Wno-pointer-sign -fvisibility=hidden -MT cms.lo -MD -MP -MF .deps/cms.Tpo -c cms.c  -fPIC -DPIC -o .libs/cms.o
libtool: compile:  x86_64-unknown-linux-gnu-gcc -DHAVE_CONFIG_H -I. -I.. -I../gl -I../gl -O2 -m64 -march=x86-64 -mtune=generic -flto=auto -ffat-lto-objects -Wall -Wcast-align -Wshadow -Wstrict-prototypes -Wpointer-arith -Wno-pointer-sign -fvisibility=hidden -MT cms-parser.lo -MD -MP -MF .deps/cms-parser.Tpo -c cms-parser.c  -fPIC -DPIC -o .libs/cms-parser.o
mv -f .deps/der-encoder.Tpo .deps/der-encoder.Plo
/bin/sh ../libtool  --tag=CC   --mode=compile x86_64-unknown-linux-gnu-gcc -DHAVE_CONFIG_H -I. -I..  -I../gl -I../gl    -O2 -m64 -march=x86-64 -mtune=generic -flto=auto -ffat-lto-objects -Wall -Wcast-align -Wshadow -Wstrict-prototypes -Wpointer-arith -Wno-pointer-sign -fvisibility=hidden -MT crl.lo -MD -MP -MF .deps/crl.Tpo -c -o crl.lo crl.c
mv -f .deps/asn1-func.Tpo .deps/asn1-func.Plo
/bin/sh ../libtool  --tag=CC   --mode=compile x86_64-unknown-linux-gnu-gcc -DHAVE_CONFIG_H -I. -I..  -I../gl -I../gl    -O2 -m64 -march=x86-64 -mtune=generic -flto=auto -ffat-lto-objects -Wall -Wcast-align -Wshadow -Wstrict-prototypes -Wpointer-arith -Wno-pointer-sign -fvisibility=hidden -MT certreq.lo -MD -MP -MF .deps/certreq.Tpo -c -o certreq.lo certreq.c
libtool: compile:  x86_64-unknown-linux-gnu-gcc -DHAVE_CONFIG_H -I. -I.. -I../gl -I../gl -O2 -m64 -march=x86-64 -mtune=generic -flto=auto -ffat-lto-objects -Wall -Wcast-align -Wshadow -Wstrict-prototypes -Wpointer-arith -Wno-pointer-sign -fvisibility=hidden -MT crl.lo -MD -MP -MF .deps/crl.Tpo -c crl.c  -fPIC -DPIC -o .libs/crl.o
libtool: compile:  x86_64-unknown-linux-gnu-gcc -DHAVE_CONFIG_H -I. -I.. -I../gl -I../gl -O2 -m64 -march=x86-64 -mtune=generic -flto=auto -ffat-lto-objects -Wall -Wcast-align -Wshadow -Wstrict-prototypes -Wpointer-arith -Wno-pointer-sign -fvisibility=hidden -MT certreq.lo -MD -MP -MF .deps/certreq.Tpo -c certreq.c  -fPIC -DPIC -o .libs/certreq.o
mv -f .deps/der-builder.Tpo .deps/der-builder.Plo
mv -f .deps/asn1-parse.Tpo .deps/asn1-parse.Plo
/bin/sh ../libtool  --tag=CC   --mode=compile x86_64-unknown-linux-gnu-gcc -DHAVE_CONFIG_H -I. -I..  -I../gl -I../gl    -O2 -m64 -march=x86-64 -mtune=generic -flto=auto -ffat-lto-objects -Wall -Wcast-align -Wshadow -Wstrict-prototypes -Wpointer-arith -Wno-pointer-sign -fvisibility=hidden -MT ocsp.lo -MD -MP -MF .deps/ocsp.Tpo -c -o ocsp.lo ocsp.c
/bin/sh ../libtool  --tag=CC   --mode=compile x86_64-unknown-linux-gnu-gcc -DHAVE_CONFIG_H -I. -I..  -I../gl -I../gl    -O2 -m64 -march=x86-64 -mtune=generic -flto=auto -ffat-lto-objects -Wall -Wcast-align -Wshadow -Wstrict-prototypes -Wpointer-arith -Wno-pointer-sign -fvisibility=hidden -MT keyinfo.lo -MD -MP -MF .deps/keyinfo.Tpo -c -o keyinfo.lo keyinfo.c
libtool: compile:  x86_64-unknown-linux-gnu-gcc -DHAVE_CONFIG_H -I. -I.. -I../gl -I../gl -O2 -m64 -march=x86-64 -mtune=generic -flto=auto -ffat-lto-objects -Wall -Wcast-align -Wshadow -Wstrict-prototypes -Wpointer-arith -Wno-pointer-sign -fvisibility=hidden -MT ocsp.lo -MD -MP -MF .deps/ocsp.Tpo -c ocsp.c  -fPIC -DPIC -o .libs/ocsp.o
mv -f .deps/ber-decoder.Tpo .deps/ber-decoder.Plo
/bin/sh ../libtool  --tag=CC   --mode=compile x86_64-unknown-linux-gnu-gcc -DHAVE_CONFIG_H -I. -I..  -I../gl -I../gl    -O2 -m64 -march=x86-64 -mtune=generic -flto=auto -ffat-lto-objects -Wall -Wcast-align -Wshadow -Wstrict-prototypes -Wpointer-arith -Wno-pointer-sign -fvisibility=hidden -MT oid.lo -MD -MP -MF .deps/oid.Tpo -c -o oid.lo oid.c
libtool: compile:  x86_64-unknown-linux-gnu-gcc -DHAVE_CONFIG_H -I. -I.. -I../gl -I../gl -O2 -m64 -march=x86-64 -mtune=generic -flto=auto -ffat-lto-objects -Wall -Wcast-align -Wshadow -Wstrict-prototypes -Wpointer-arith -Wno-pointer-sign -fvisibility=hidden -MT keyinfo.lo -MD -MP -MF .deps/keyinfo.Tpo -c keyinfo.c  -fPIC -DPIC -o .libs/keyinfo.o
libtool: compile:  x86_64-unknown-linux-gnu-gcc -DHAVE_CONFIG_H -I. -I.. -I../gl -I../gl -O2 -m64 -march=x86-64 -mtune=generic -flto=auto -ffat-lto-objects -Wall -Wcast-align -Wshadow -Wstrict-prototypes -Wpointer-arith -Wno-pointer-sign -fvisibility=hidden -MT oid.lo -MD -MP -MF .deps/oid.Tpo -c oid.c  -fPIC -DPIC -o .libs/oid.o
mv -f .deps/cms-parser.Tpo .deps/cms-parser.Plo
/bin/sh ../libtool  --tag=CC   --mode=compile x86_64-unknown-linux-gnu-gcc -DHAVE_CONFIG_H -I. -I..  -I../gl -I../gl    -O2 -m64 -march=x86-64 -mtune=generic -flto=auto -ffat-lto-objects -Wall -Wcast-align -Wshadow -Wstrict-prototypes -Wpointer-arith -Wno-pointer-sign -fvisibility=hidden -MT name.lo -MD -MP -MF .deps/name.Tpo -c -o name.lo name.c
libtool: compile:  x86_64-unknown-linux-gnu-gcc -DHAVE_CONFIG_H -I. -I.. -I../gl -I../gl -O2 -m64 -march=x86-64 -mtune=generic -flto=auto -ffat-lto-objects -Wall -Wcast-align -Wshadow -Wstrict-prototypes -Wpointer-arith -Wno-pointer-sign -fvisibility=hidden -MT name.lo -MD -MP -MF .deps/name.Tpo -c name.c  -fPIC -DPIC -o .libs/name.o
mv -f .deps/oid.Tpo .deps/oid.Plo
/bin/sh ../libtool  --tag=CC   --mode=compile x86_64-unknown-linux-gnu-gcc -DHAVE_CONFIG_H -I. -I..  -I../gl -I../gl    -O2 -m64 -march=x86-64 -mtune=generic -flto=auto -ffat-lto-objects -Wall -Wcast-align -Wshadow -Wstrict-prototypes -Wpointer-arith -Wno-pointer-sign -fvisibility=hidden -MT dn.lo -MD -MP -MF .deps/dn.Tpo -c -o dn.lo dn.c
libtool: compile:  x86_64-unknown-linux-gnu-gcc -DHAVE_CONFIG_H -I. -I.. -I../gl -I../gl -O2 -m64 -march=x86-64 -mtune=generic -flto=auto -ffat-lto-objects -Wall -Wcast-align -Wshadow -Wstrict-prototypes -Wpointer-arith -Wno-pointer-sign -fvisibility=hidden -MT dn.lo -MD -MP -MF .deps/dn.Tpo -c dn.c  -fPIC -DPIC -o .libs/dn.o
mv -f .deps/certreq.Tpo .deps/certreq.Plo
/bin/sh ../libtool  --tag=CC   --mode=compile x86_64-unknown-linux-gnu-gcc -DHAVE_CONFIG_H -I. -I..  -I../gl -I../gl    -O2 -m64 -march=x86-64 -mtune=generic -flto=auto -ffat-lto-objects -Wall -Wcast-align -Wshadow -Wstrict-prototypes -Wpointer-arith -Wno-pointer-sign -fvisibility=hidden -MT time.lo -MD -MP -MF .deps/time.Tpo -c -o time.lo time.c
libtool: compile:  x86_64-unknown-linux-gnu-gcc -DHAVE_CONFIG_H -I. -I.. -I../gl -I../gl -O2 -m64 -march=x86-64 -mtune=generic -flto=auto -ffat-lto-objects -Wall -Wcast-align -Wshadow -Wstrict-prototypes -Wpointer-arith -Wno-pointer-sign -fvisibility=hidden -MT time.lo -MD -MP -MF .deps/time.Tpo -c time.c  -fPIC -DPIC -o .libs/time.o
mv -f .deps/name.Tpo .deps/name.Plo
/bin/sh ../libtool  --tag=CC   --mode=compile x86_64-unknown-linux-gnu-gcc -DHAVE_CONFIG_H -I. -I..  -I../gl -I../gl    -O2 -m64 -march=x86-64 -mtune=generic -flto=auto -ffat-lto-objects -Wall -Wcast-align -Wshadow -Wstrict-prototypes -Wpointer-arith -Wno-pointer-sign -fvisibility=hidden -MT version.lo -MD -MP -MF .deps/version.Tpo -c -o version.lo version.c
libtool: compile:  x86_64-unknown-linux-gnu-gcc -DHAVE_CONFIG_H -I. -I.. -I../gl -I../gl -O2 -m64 -march=x86-64 -mtune=generic -flto=auto -ffat-lto-objects -Wall -Wcast-align -Wshadow -Wstrict-prototypes -Wpointer-arith -Wno-pointer-sign -fvisibility=hidden -MT version.lo -MD -MP -MF .deps/version.Tpo -c version.c  -fPIC -DPIC -o .libs/version.o
mv -f .deps/crl.Tpo .deps/crl.Plo
/bin/sh ../libtool  --tag=CC   --mode=compile x86_64-unknown-linux-gnu-gcc -DHAVE_CONFIG_H -I. -I..  -I../gl -I../gl    -O2 -m64 -march=x86-64 -mtune=generic -flto=auto -ffat-lto-objects -Wall -Wcast-align -Wshadow -Wstrict-prototypes -Wpointer-arith -Wno-pointer-sign -fvisibility=hidden -MT util.lo -MD -MP -MF .deps/util.Tpo -c -o util.lo util.c
libtool: compile:  x86_64-unknown-linux-gnu-gcc -DHAVE_CONFIG_H -I. -I.. -I../gl -I../gl -O2 -m64 -march=x86-64 -mtune=generic -flto=auto -ffat-lto-objects -Wall -Wcast-align -Wshadow -Wstrict-prototypes -Wpointer-arith -Wno-pointer-sign -fvisibility=hidden -MT util.lo -MD -MP -MF .deps/util.Tpo -c util.c  -fPIC -DPIC -o .libs/util.o
mv -f .deps/cert.Tpo .deps/cert.Plo
/bin/sh ../libtool  --tag=CC   --mode=compile x86_64-unknown-linux-gnu-gcc -DHAVE_CONFIG_H -I. -I..  -I../gl -I../gl    -O2 -m64 -march=x86-64 -mtune=generic -flto=auto -ffat-lto-objects -Wall -Wcast-align -Wshadow -Wstrict-prototypes -Wpointer-arith -Wno-pointer-sign -fvisibility=hidden -MT asn1-tables.lo -MD -MP -MF .deps/asn1-tables.Tpo -c -o asn1-tables.lo asn1-tables.c
mv -f .deps/time.Tpo .deps/time.Plo
libtool: compile:  x86_64-unknown-linux-gnu-gcc -DHAVE_CONFIG_H -I. -I.. -I../gl -I../gl -O2 -m64 -march=x86-64 -mtune=generic -flto=auto -ffat-lto-objects -Wall -Wcast-align -Wshadow -Wstrict-prototypes -Wpointer-arith -Wno-pointer-sign -fvisibility=hidden -MT asn1-tables.lo -MD -MP -MF .deps/asn1-tables.Tpo -c asn1-tables.c  -fPIC -DPIC -o .libs/asn1-tables.o
/bin/sh ../libtool  --tag=CC   --mode=link x86_64-unknown-linux-gnu-gcc   -O2 -m64 -march=x86-64 -mtune=generic -flto=auto -ffat-lto-objects -Wall -Wcast-align -Wshadow -Wstrict-prototypes -Wpointer-arith -Wno-pointer-sign -fvisibility=hidden   -o ber-dump ber_dump-ber-dump.o ber_dump-ber-decoder.o ber_dump-ber-help.o ber_dump-reader.o ber_dump-writer.o ber_dump-asn1-parse.o ber_dump-asn1-func.o ber_dump-oid.o ber_dump-time.o ber_dump-util.o -lgpg-error ../gl/libgnu.la 
mv -f .deps/version.Tpo .deps/version.Plo
mv -f .deps/util.Tpo .deps/util.Plo
libtool: link: x86_64-unknown-linux-gnu-gcc -O2 -m64 -march=x86-64 -mtune=generic -flto=auto -ffat-lto-objects -Wall -Wcast-align -Wshadow -Wstrict-prototypes -Wpointer-arith -Wno-pointer-sign -fvisibility=hidden -o ber-dump ber_dump-ber-dump.o ber_dump-ber-decoder.o ber_dump-ber-help.o ber_dump-reader.o ber_dump-writer.o ber_dump-asn1-parse.o ber_dump-asn1-func.o ber_dump-oid.o ber_dump-time.o ber_dump-util.o  -lgpg-error ../gl/.libs/libgnu.a
mv -f .deps/ocsp.Tpo .deps/ocsp.Plo
mv -f .deps/asn1-tables.Tpo .deps/asn1-tables.Plo
mv -f .deps/dn.Tpo .deps/dn.Plo
mv -f .deps/cms.Tpo .deps/cms.Plo
mv -f .deps/keyinfo.Tpo .deps/keyinfo.Plo
/bin/sh ../libtool  --tag=CC   --mode=link x86_64-unknown-linux-gnu-gcc   -O2 -m64 -march=x86-64 -mtune=generic -flto=auto -ffat-lto-objects -Wall -Wcast-align -Wshadow -Wstrict-prototypes -Wpointer-arith -Wno-pointer-sign -fvisibility=hidden    -Wl,--version-script=./libksba.vers -version-info 22:4:14   -o libksba.la -rpath /usr/lib visibility.lo reader.lo writer.lo asn1-parse.lo asn1-func.lo asn1-func2.lo ber-help.lo ber-decoder.lo der-encoder.lo der-builder.lo cert.lo cms.lo cms-parser.lo crl.lo certreq.lo ocsp.lo keyinfo.lo oid.lo name.lo dn.lo time.lo version.lo util.lo asn1-tables.lo   -lgpg-error 
libtool: link: x86_64-unknown-linux-gnu-gcc -shared  -fPIC -DPIC  .libs/visibility.o .libs/reader.o .libs/writer.o .libs/asn1-parse.o .libs/asn1-func.o .libs/asn1-func2.o .libs/ber-help.o .libs/ber-decoder.o .libs/der-encoder.o .libs/der-builder.o .libs/cert.o .libs/cms.o .libs/cms-parser.o .libs/crl.o .libs/certreq.o .libs/ocsp.o .libs/keyinfo.o .libs/oid.o .libs/name.o .libs/dn.o .libs/time.o .libs/version.o .libs/util.o .libs/asn1-tables.o   -lgpg-error  -O2 -m64 -march=x86-64 -mtune=generic -flto=auto -Wl,--version-script=./libksba.vers   -Wl,-soname -Wl,libksba.so.8 -o .libs/libksba.so.8.14.4
libtool: link: (cd ".libs" && rm -f "libksba.so.8" && ln -s "libksba.so.8.14.4" "libksba.so.8")
libtool: link: (cd ".libs" && rm -f "libksba.so" && ln -s "libksba.so.8.14.4" "libksba.so")
libtool: link: ( cd ".libs" && rm -f "libksba.la" && ln -s "../libksba.la" "libksba.la" )
make[3]: Leaving directory '/home/devel/building/work/src/libksba-1.6.4/src'
make[2]: Leaving directory '/home/devel/building/work/src/libksba-1.6.4/src'
Making all in tests
make[2]: Entering directory '/home/devel/building/work/src/libksba-1.6.4/tests'
set -e; f="/dev/null"; \
        for i in /etc/dumpasn1 /usr/local/bin /usr/local/share /usr/bin \
                 /usr/share ; do \
          if test -f $i/dumpasn1.cfg; then f=$i/dumpasn1.cfg; break; fi; \
        done; tr -d '\r' <$f | gawk -f ./mkoidtbl.awk >oidtranstbl.h
make  all-am
make[3]: Entering directory '/home/devel/building/work/src/libksba-1.6.4/tests'
x86_64-unknown-linux-gnu-gcc -DHAVE_CONFIG_H -I. -I..      -O2 -m64 -march=x86-64 -mtune=generic -flto=auto -ffat-lto-objects -Wall -Wcast-align -Wshadow -Wstrict-prototypes -Wpointer-arith -Wno-pointer-sign -fvisibility=hidden -MT cert-basic.o -MD -MP -MF .deps/cert-basic.Tpo -c -o cert-basic.o cert-basic.c
x86_64-unknown-linux-gnu-gcc -DHAVE_CONFIG_H -I. -I..      -O2 -m64 -march=x86-64 -mtune=generic -flto=auto -ffat-lto-objects -Wall -Wcast-align -Wshadow -Wstrict-prototypes -Wpointer-arith -Wno-pointer-sign -fvisibility=hidden -MT t-crl-parser.o -MD -MP -MF .deps/t-crl-parser.Tpo -c -o t-crl-parser.o t-crl-parser.c
x86_64-unknown-linux-gnu-gcc -DHAVE_CONFIG_H -I. -I..      -O2 -m64 -march=x86-64 -mtune=generic -flto=auto -ffat-lto-objects -Wall -Wcast-align -Wshadow -Wstrict-prototypes -Wpointer-arith -Wno-pointer-sign -fvisibility=hidden -MT t-dnparser.o -MD -MP -MF .deps/t-dnparser.Tpo -c -o t-dnparser.o t-dnparser.c
x86_64-unknown-linux-gnu-gcc -DHAVE_CONFIG_H -I. -I..      -O2 -m64 -march=x86-64 -mtune=generic -flto=auto -ffat-lto-objects -Wall -Wcast-align -Wshadow -Wstrict-prototypes -Wpointer-arith -Wno-pointer-sign -fvisibility=hidden -MT t-oid.o -MD -MP -MF .deps/t-oid.Tpo -c -o t-oid.o t-oid.c
x86_64-unknown-linux-gnu-gcc -DHAVE_CONFIG_H -I. -I..      -O2 -m64 -march=x86-64 -mtune=generic -flto=auto -ffat-lto-objects -Wall -Wcast-align -Wshadow -Wstrict-prototypes -Wpointer-arith -Wno-pointer-sign -fvisibility=hidden -MT t-reader.o -MD -MP -MF .deps/t-reader.Tpo -c -o t-reader.o t-reader.c
x86_64-unknown-linux-gnu-gcc -DHAVE_CONFIG_H -I. -I..      -O2 -m64 -march=x86-64 -mtune=generic -flto=auto -ffat-lto-objects -Wall -Wcast-align -Wshadow -Wstrict-prototypes -Wpointer-arith -Wno-pointer-sign -fvisibility=hidden -MT t-cms-parser.o -MD -MP -MF .deps/t-cms-parser.Tpo -c -o t-cms-parser.o t-cms-parser.c
x86_64-unknown-linux-gnu-gcc -DHAVE_CONFIG_H -I. -I..      -O2 -m64 -march=x86-64 -mtune=generic -flto=auto -ffat-lto-objects -Wall -Wcast-align -Wshadow -Wstrict-prototypes -Wpointer-arith -Wno-pointer-sign -fvisibility=hidden -MT t-der-builder.o -MD -MP -MF .deps/t-der-builder.Tpo -c -o t-der-builder.o t-der-builder.c
x86_64-unknown-linux-gnu-gcc -DHAVE_CONFIG_H -I. -I..      -O2 -m64 -march=x86-64 -mtune=generic -flto=auto -ffat-lto-objects -Wall -Wcast-align -Wshadow -Wstrict-prototypes -Wpointer-arith -Wno-pointer-sign -fvisibility=hidden -MT t-ocsp.o -MD -MP -MF .deps/t-ocsp.Tpo -c -o t-ocsp.o t-ocsp.c
mv -f .deps/t-oid.Tpo .deps/t-oid.Po
mv -f .deps/t-dnparser.Tpo .deps/t-dnparser.Po
mv -f .deps/t-reader.Tpo .deps/t-reader.Po
mv -f .deps/t-der-builder.Tpo .deps/t-der-builder.Po
x86_64-unknown-linux-gnu-gcc -DHAVE_CONFIG_H -I. -I..      -O2 -m64 -march=x86-64 -mtune=generic -flto=auto -ffat-lto-objects -Wall -Wcast-align -Wshadow -Wstrict-prototypes -Wpointer-arith -Wno-pointer-sign -fvisibility=hidden -MT sha1.o -MD -MP -MF .deps/sha1.Tpo -c -o sha1.o sha1.c
/bin/sh ../libtool  --tag=CC   --mode=link x86_64-unknown-linux-gnu-gcc   -O2 -m64 -march=x86-64 -mtune=generic -flto=auto -ffat-lto-objects -Wall -Wcast-align -Wshadow -Wstrict-prototypes -Wpointer-arith -Wno-pointer-sign -fvisibility=hidden -no-install   -o t-dnparser t-dnparser.o ../src/libksba.la -lgpg-error  
/bin/sh ../libtool  --tag=CC   --mode=link x86_64-unknown-linux-gnu-gcc   -O2 -m64 -march=x86-64 -mtune=generic -flto=auto -ffat-lto-objects -Wall -Wcast-align -Wshadow -Wstrict-prototypes -Wpointer-arith -Wno-pointer-sign -fvisibility=hidden -no-install   -o t-oid t-oid.o ../src/libksba.la -lgpg-error  
/bin/sh ../libtool  --tag=CC   --mode=link x86_64-unknown-linux-gnu-gcc   -O2 -m64 -march=x86-64 -mtune=generic -flto=auto -ffat-lto-objects -Wall -Wcast-align -Wshadow -Wstrict-prototypes -Wpointer-arith -Wno-pointer-sign -fvisibility=hidden -no-install   -o t-reader t-reader.o ../src/libksba.la -lgpg-error  
mv -f .deps/t-cms-parser.Tpo .deps/t-cms-parser.Po
mv -f .deps/t-crl-parser.Tpo .deps/t-crl-parser.Po
/bin/sh ../libtool  --tag=CC   --mode=link x86_64-unknown-linux-gnu-gcc   -O2 -m64 -march=x86-64 -mtune=generic -flto=auto -ffat-lto-objects -Wall -Wcast-align -Wshadow -Wstrict-prototypes -Wpointer-arith -Wno-pointer-sign -fvisibility=hidden -no-install   -o t-der-builder t-der-builder.o ../src/libksba.la -lgpg-error  
/bin/sh ../libtool  --tag=CC   --mode=link x86_64-unknown-linux-gnu-gcc   -O2 -m64 -march=x86-64 -mtune=generic -flto=auto -ffat-lto-objects -Wall -Wcast-align -Wshadow -Wstrict-prototypes -Wpointer-arith -Wno-pointer-sign -fvisibility=hidden -no-install   -o t-crl-parser t-crl-parser.o ../src/libksba.la -lgpg-error  
libtool: link: x86_64-unknown-linux-gnu-gcc -O2 -m64 -march=x86-64 -mtune=generic -flto=auto -ffat-lto-objects -Wall -Wcast-align -Wshadow -Wstrict-prototypes -Wpointer-arith -Wno-pointer-sign -fvisibility=hidden -o t-oid t-oid.o  ../src/.libs/libksba.so -lgpg-error -Wl,-rpath -Wl,/home/devel/building/work/src/libksba-1.6.4/src/.libs
libtool: link: x86_64-unknown-linux-gnu-gcc -O2 -m64 -march=x86-64 -mtune=generic -flto=auto -ffat-lto-objects -Wall -Wcast-align -Wshadow -Wstrict-prototypes -Wpointer-arith -Wno-pointer-sign -fvisibility=hidden -o t-reader t-reader.o  ../src/.libs/libksba.so -lgpg-error -Wl,-rpath -Wl,/home/devel/building/work/src/libksba-1.6.4/src/.libs
libtool: link: x86_64-unknown-linux-gnu-gcc -O2 -m64 -march=x86-64 -mtune=generic -flto=auto -ffat-lto-objects -Wall -Wcast-align -Wshadow -Wstrict-prototypes -Wpointer-arith -Wno-pointer-sign -fvisibility=hidden -o t-dnparser t-dnparser.o  ../src/.libs/libksba.so -lgpg-error -Wl,-rpath -Wl,/home/devel/building/work/src/libksba-1.6.4/src/.libs
libtool: link: x86_64-unknown-linux-gnu-gcc -O2 -m64 -march=x86-64 -mtune=generic -flto=auto -ffat-lto-objects -Wall -Wcast-align -Wshadow -Wstrict-prototypes -Wpointer-arith -Wno-pointer-sign -fvisibility=hidden -o t-der-builder t-der-builder.o  ../src/.libs/libksba.so -lgpg-error -Wl,-rpath -Wl,/home/devel/building/work/src/libksba-1.6.4/src/.libs
libtool: link: x86_64-unknown-linux-gnu-gcc -O2 -m64 -march=x86-64 -mtune=generic -flto=auto -ffat-lto-objects -Wall -Wcast-align -Wshadow -Wstrict-prototypes -Wpointer-arith -Wno-pointer-sign -fvisibility=hidden -o t-crl-parser t-crl-parser.o  ../src/.libs/libksba.so -lgpg-error -Wl,-rpath -Wl,/home/devel/building/work/src/libksba-1.6.4/src/.libs
mv -f .deps/t-ocsp.Tpo .deps/t-ocsp.Po
/bin/sh ../libtool  --tag=CC   --mode=link x86_64-unknown-linux-gnu-gcc   -O2 -m64 -march=x86-64 -mtune=generic -flto=auto -ffat-lto-objects -Wall -Wcast-align -Wshadow -Wstrict-prototypes -Wpointer-arith -Wno-pointer-sign -fvisibility=hidden -no-install   -o t-cms-parser t-cms-parser.o ../src/libksba.la -lgpg-error  
mv -f .deps/cert-basic.Tpo .deps/cert-basic.Po
/bin/sh ../libtool  --tag=CC   --mode=link x86_64-unknown-linux-gnu-gcc   -O2 -m64 -march=x86-64 -mtune=generic -flto=auto -ffat-lto-objects -Wall -Wcast-align -Wshadow -Wstrict-prototypes -Wpointer-arith -Wno-pointer-sign -fvisibility=hidden -no-install   -o cert-basic cert-basic.o ../src/libksba.la -lgpg-error  
libtool: link: x86_64-unknown-linux-gnu-gcc -O2 -m64 -march=x86-64 -mtune=generic -flto=auto -ffat-lto-objects -Wall -Wcast-align -Wshadow -Wstrict-prototypes -Wpointer-arith -Wno-pointer-sign -fvisibility=hidden -o t-cms-parser t-cms-parser.o  ../src/.libs/libksba.so -lgpg-error -Wl,-rpath -Wl,/home/devel/building/work/src/libksba-1.6.4/src/.libs
libtool: link: x86_64-unknown-linux-gnu-gcc -O2 -m64 -march=x86-64 -mtune=generic -flto=auto -ffat-lto-objects -Wall -Wcast-align -Wshadow -Wstrict-prototypes -Wpointer-arith -Wno-pointer-sign -fvisibility=hidden -o cert-basic cert-basic.o  ../src/.libs/libksba.so -lgpg-error -Wl,-rpath -Wl,/home/devel/building/work/src/libksba-1.6.4/src/.libs
mv -f .deps/sha1.Tpo .deps/sha1.Po
/bin/sh ../libtool  --tag=CC   --mode=link x86_64-unknown-linux-gnu-gcc   -O2 -m64 -march=x86-64 -mtune=generic -flto=auto -ffat-lto-objects -Wall -Wcast-align -Wshadow -Wstrict-prototypes -Wpointer-arith -Wno-pointer-sign -fvisibility=hidden -no-install   -o t-ocsp t-ocsp.o sha1.o ../src/libksba.la -lgpg-error  
libtool: link: x86_64-unknown-linux-gnu-gcc -O2 -m64 -march=x86-64 -mtune=generic -flto=auto -ffat-lto-objects -Wall -Wcast-align -Wshadow -Wstrict-prototypes -Wpointer-arith -Wno-pointer-sign -fvisibility=hidden -o t-ocsp t-ocsp.o sha1.o  ../src/.libs/libksba.so -lgpg-error -Wl,-rpath -Wl,/home/devel/building/work/src/libksba-1.6.4/src/.libs
make[3]: Leaving directory '/home/devel/building/work/src/libksba-1.6.4/tests'
make[2]: Leaving directory '/home/devel/building/work/src/libksba-1.6.4/tests'
Making all in doc
make[2]: Entering directory '/home/devel/building/work/src/libksba-1.6.4/doc'
make[2]: Nothing to be done for 'all'.
make[2]: Leaving directory '/home/devel/building/work/src/libksba-1.6.4/doc'
make[2]: Entering directory '/home/devel/building/work/src/libksba-1.6.4'
make[2]: Leaving directory '/home/devel/building/work/src/libksba-1.6.4'
make[1]: Leaving directory '/home/devel/building/work/src/libksba-1.6.4'
+ make DESTDIR=/home/devel/building/work/pkg install
Making install in m4
make[1]: Entering directory '/home/devel/building/work/src/libksba-1.6.4/m4'
make[2]: Entering directory '/home/devel/building/work/src/libksba-1.6.4/m4'
make[2]: Nothing to be done for 'install-exec-am'.
make[2]: Nothing to be done for 'install-data-am'.
make[2]: Leaving directory '/home/devel/building/work/src/libksba-1.6.4/m4'
make[1]: Leaving directory '/home/devel/building/work/src/libksba-1.6.4/m4'
Making install in gl
make[1]: Entering directory '/home/devel/building/work/src/libksba-1.6.4/gl'
make  install-am
make[2]: Entering directory '/home/devel/building/work/src/libksba-1.6.4/gl'
make[3]: Entering directory '/home/devel/building/work/src/libksba-1.6.4/gl'
make[3]: Nothing to be done for 'install-exec-am'.
make[3]: Nothing to be done for 'install-data-am'.
make[3]: Leaving directory '/home/devel/building/work/src/libksba-1.6.4/gl'
make[2]: Leaving directory '/home/devel/building/work/src/libksba-1.6.4/gl'
make[1]: Leaving directory '/home/devel/building/work/src/libksba-1.6.4/gl'
Making install in src
make[1]: Entering directory '/home/devel/building/work/src/libksba-1.6.4/src'
make  install-am
make[2]: Entering directory '/home/devel/building/work/src/libksba-1.6.4/src'
make[3]: Entering directory '/home/devel/building/work/src/libksba-1.6.4/src'
 /bin/mkdir -p '/home/devel/building/work/pkg/usr/bin'
 /usr/bin/install -c ksba-config '/home/devel/building/work/pkg/usr/bin'
 /bin/mkdir -p '/home/devel/building/work/pkg/usr/lib'
 /bin/mkdir -p '/home/devel/building/work/pkg/usr/share/aclocal'
 /bin/sh ../libtool   --mode=install /usr/bin/install -c   libksba.la '/home/devel/building/work/pkg/usr/lib'
 /bin/mkdir -p '/home/devel/building/work/pkg/usr/include'
 /bin/mkdir -p '/home/devel/building/work/pkg/usr/lib/pkgconfig'
libtool: install: /usr/bin/install -c .libs/libksba.so.8.14.4 /home/devel/building/work/pkg/usr/lib/libksba.so.8.14.4
 /usr/bin/install -c -m 644 ksba.m4 '/home/devel/building/work/pkg/usr/share/aclocal'
libtool: install: (cd /home/devel/building/work/pkg/usr/lib && { ln -s -f libksba.so.8.14.4 libksba.so.8 || { rm -f libksba.so.8 && ln -s libksba.so.8.14.4 libksba.so.8; }; })
libtool: install: (cd /home/devel/building/work/pkg/usr/lib && { ln -s -f libksba.so.8.14.4 libksba.so || { rm -f libksba.so && ln -s libksba.so.8.14.4 libksba.so; }; })
 /usr/bin/install -c -m 644 ksba.h '/home/devel/building/work/pkg/usr/include'
 /usr/bin/install -c -m 644 ksba.pc '/home/devel/building/work/pkg/usr/lib/pkgconfig'
libtool: install: /usr/bin/install -c .libs/libksba.lai /home/devel/building/work/pkg/usr/lib/libksba.la
libtool: install: warning: remember to run `libtool --finish /usr/lib'
make[3]: Leaving directory '/home/devel/building/work/src/libksba-1.6.4/src'
make[2]: Leaving directory '/home/devel/building/work/src/libksba-1.6.4/src'
make[1]: Leaving directory '/home/devel/building/work/src/libksba-1.6.4/src'
Making install in tests
make[1]: Entering directory '/home/devel/building/work/src/libksba-1.6.4/tests'
make  install-am
make[2]: Entering directory '/home/devel/building/work/src/libksba-1.6.4/tests'
make[3]: Entering directory '/home/devel/building/work/src/libksba-1.6.4/tests'
make[3]: Nothing to be done for 'install-exec-am'.
make[3]: Nothing to be done for 'install-data-am'.
make[3]: Leaving directory '/home/devel/building/work/src/libksba-1.6.4/tests'
make[2]: Leaving directory '/home/devel/building/work/src/libksba-1.6.4/tests'
make[1]: Leaving directory '/home/devel/building/work/src/libksba-1.6.4/tests'
Making install in doc
make[1]: Entering directory '/home/devel/building/work/src/libksba-1.6.4/doc'
make[2]: Entering directory '/home/devel/building/work/src/libksba-1.6.4/doc'
make[2]: Nothing to be done for 'install-exec-am'.
 /bin/mkdir -p '/home/devel/building/work/pkg/usr/share/info'
 /usr/bin/install -c -m 644 ./ksba.info '/home/devel/building/work/pkg/usr/share/info'
 install-info --info-dir='/home/devel/building/work/pkg/usr/share/info' '/home/devel/building/work/pkg/usr/share/info/ksba.info'
make[2]: Leaving directory '/home/devel/building/work/src/libksba-1.6.4/doc'
make[1]: Leaving directory '/home/devel/building/work/src/libksba-1.6.4/doc'
make[1]: Entering directory '/home/devel/building/work/src/libksba-1.6.4'
make[2]: Entering directory '/home/devel/building/work/src/libksba-1.6.4'
make[2]: Nothing to be done for 'install-exec-am'.
make[2]: Nothing to be done for 'install-data-am'.
make[2]: Leaving directory '/home/devel/building/work/src/libksba-1.6.4'
make[1]: Leaving directory '/home/devel/building/work/src/libksba-1.6.4'
+ rm -r /home/devel/building/work/pkg/usr/share/info
+ find /home/devel/building/work/pkg -type f -name '*.la' -delete
=======> Build result:
drwxr-xr-x  0 root   root        0 Jul 12 18:04 usr/
drwxr-xr-x  0 root   root        0 Jul 12 18:04 usr/include/
drwxr-xr-x  0 root   root        0 Jul 12 18:04 usr/share/
drwxr-xr-x  0 root   root        0 Jul 12 18:04 usr/lib/
drwxr-xr-x  0 root   root        0 Jul 12 18:04 usr/bin/
-rwxr-xr-x  0 root   root     2820 Jul 12 18:04 usr/bin/ksba-config
lrwxrwxrwx  0 root   root        0 Jul 12 18:04 usr/lib/libksba.so -> libksba.so.8.14.4
lrwxrwxrwx  0 root   root        0 Jul 12 18:04 usr/lib/libksba.so.8 -> libksba.so.8.14.4
-rwxr-xr-x  0 root   root   264680 Jul 12 18:04 usr/lib/libksba.so.8.14.4
drwxr-xr-x  0 root   root        0 Jul 12 18:04 usr/lib/pkgconfig/
-rw-r--r--  0 root   root      326 Jul 12 18:04 usr/lib/pkgconfig/ksba.pc
drwxr-xr-x  0 root   root        0 Jul 12 18:04 usr/share/aclocal/
-rw-r--r--  0 root   root     5634 Jul 12 18:04 usr/share/aclocal/ksba.m4
-rw-r--r--  0 root   root    26921 Jul 12 18:04 usr/include/ksba.h
=======> Building '/home/devel/packages/libksba#1.6.4-2.x86_64.pkg.tar.zst' succeeded.
prt-get: Using PKGMK_PACKAGE_DIR: /home/devel/packages
prt-get: reinstalling libksba 1.6.4-2
prt-get: /usr/bin/pkgadd -u libksba#1.6.4-2.x86_64.pkg.tar.zst
prt-get: build done Wed Jul 12 18:04:19 2023

