prt-get: updating /usr/ports/core-x86_64/libxml2
prt-get: starting build Wed Jul 12 18:06:26 2023
=======> Building '/home/devel/packages/libxml2#2.11.4-1.x86_64.pkg.tar.zst'.
bsdtar -p -o -C /home/devel/building/work/src -xf /home/devel/sources/libxml2-2.11.4.tar.xz
+ build
+ cd libxml2-2.11.4
+ ./configure --prefix=/usr --sysconfdir=/etc --disable-static --with-threads --with-history --without-python
checking build system type... x86_64-pc-linux-gnu
checking host system type... x86_64-pc-linux-gnu
checking for a BSD-compatible install... /usr/bin/install -c
checking whether build environment is sane... yes
checking for a race-free mkdir -p... /bin/mkdir -p
checking for gawk... gawk
checking whether make sets $(MAKE)... yes
checking whether make supports nested variables... yes
checking whether to enable maintainer-specific portions of Makefiles... yes
checking whether make supports nested variables... (cached) yes
checking for gcc... gcc
checking whether the C compiler works... yes
checking for C compiler default output file name... a.out
checking for suffix of executables... 
checking whether we are cross compiling... no
checking for suffix of object files... o
checking whether the compiler supports GNU C... yes
checking whether gcc accepts -g... yes
checking for gcc option to enable C11 features... none needed
checking whether gcc understands -c and -o together... yes
checking whether make supports the include directive... yes (GNU style)
checking dependency style of gcc... gcc3
checking whether ln -s works... yes
checking for tar... /bin/tar
checking for perl... /usr/bin/perl
checking for wget... /usr/bin/wget
checking for xsltproc... /usr/bin/xsltproc
checking for pkg-config... /usr/bin/pkg-config
checking pkg-config is at least version 0.9.0... yes
checking how to print strings... printf
checking for a sed that does not truncate output... /bin/sed
checking for grep that handles long lines and -e... /usr/bin/grep
checking for egrep... /usr/bin/grep -E
checking for fgrep... /usr/bin/grep -F
checking for ld used by gcc... /usr/bin/ld
checking if the linker (/usr/bin/ld) is GNU ld... yes
checking for BSD- or MS-compatible name lister (nm)... /usr/bin/nm -B
checking the name lister (/usr/bin/nm -B) interface... BSD nm
checking the maximum length of command line arguments... 1572864
checking how to convert x86_64-pc-linux-gnu file names to x86_64-pc-linux-gnu format... func_convert_file_noop
checking how to convert x86_64-pc-linux-gnu file names to toolchain format... func_convert_file_noop
checking for /usr/bin/ld option to reload object files... -r
checking for objdump... objdump
checking how to recognize dependent libraries... pass_all
checking for dlltool... no
checking how to associate runtime and link libraries... printf %s\n
checking for ar... ar
checking for archiver @FILE support... @
checking for strip... strip
checking for ranlib... ranlib
checking command to parse /usr/bin/nm -B output from gcc object... ok
checking for sysroot... no
checking for a working dd... /bin/dd
checking how to truncate binary pipes... /bin/dd bs=4096 count=1
checking for mt... no
checking if : is a manifest tool... no
checking for stdio.h... yes
checking for stdlib.h... yes
checking for string.h... yes
checking for inttypes.h... yes
checking for stdint.h... yes
checking for strings.h... yes
checking for sys/stat.h... yes
checking for sys/types.h... yes
checking for unistd.h... yes
checking for dlfcn.h... yes
checking for objdir... .libs
checking if gcc supports -fno-rtti -fno-exceptions... no
checking for gcc option to produce PIC... -fPIC -DPIC
checking if gcc PIC flag -fPIC -DPIC works... yes
checking if gcc static flag -static works... yes
checking if gcc supports -c -o file.o... yes
checking if gcc supports -c -o file.o... (cached) yes
checking whether the gcc linker (/usr/bin/ld -m elf_x86_64) supports shared libraries... yes
checking whether -lc should be explicitly linked in... no
checking dynamic linker characteristics... GNU/Linux ld.so
checking how to hardcode library paths into programs... immediate
checking whether stripping libraries is possible... yes
checking if libtool supports shared libraries... yes
checking whether to build shared libraries... yes
checking whether to build static libraries... no
checking for cos in -lm... yes
checking for stdint.h... (cached) yes
checking for inttypes.h... (cached) yes
checking for fcntl.h... yes
checking for unistd.h... (cached) yes
checking for sys/stat.h... (cached) yes
checking for sys/mman.h... yes
checking for sys/socket.h... yes
checking for netinet/in.h... yes
checking for arpa/inet.h... yes
checking for netdb.h... yes
checking for sys/select.h... yes
checking for poll.h... yes
checking for sys/time.h... yes
checking for sys/timeb.h... yes
checking for dl.h... no
checking for dlfcn.h... (cached) yes
checking for glob.h... yes
checking for uint32_t... yes
checking for snprintf... yes
checking for vsnprintf... yes
checking for gettimeofday... yes
checking for ftime... yes
checking for stat... yes
checking for rand_r... yes
checking for isascii... yes
checking for mmap... yes
checking for munmap... yes
checking for putenv... yes
checking for va_copy... yes
checking whether va_list is an array type... yes
checking for library containing gethostbyname... none required
checking for library containing connect... none required
checking for type of socket length (socklen_t)... socklen_t *
checking whether to enable IPv6... yes
checking whether __attribute__((destructor)) is accepted... yes
checking whether the linker accepts -Wl,--undefined-version... yes
checking for library containing dlopen... none required
checking for pthread.h... yes
checking for library containing pthread_join... none required
Enabling xmllint shell history
checking for tputs in -lncurses... no
checking for tputs in -lcurses... no
checking for tputs in -ltermcap... no
checking for tputs in -lterminfo... no
checking for tputs in -ltermlib... no
checking for readline/history.h... yes
checking for append_history in -lhistory... yes
checking for readline/readline.h... yes
checking for readline in -lreadline... yes
checking for Z... yes
checking for LZMA... yes
checking for iconv.h... yes
checking for library containing iconv... none required
Disabling ICU support
Disabling code coverage for GCC
checking that generated files are newer than configure... done
configure: creating ./config.status
config.status: creating Makefile
config.status: creating include/Makefile
config.status: creating include/libxml/Makefile
config.status: creating include/private/Makefile
config.status: creating doc/Makefile
config.status: creating doc/examples/Makefile
config.status: creating doc/devhelp/Makefile
config.status: creating example/Makefile
config.status: creating fuzz/Makefile
config.status: creating python/Makefile
config.status: creating python/tests/Makefile
config.status: creating xstc/Makefile
config.status: creating include/libxml/xmlversion.h
config.status: creating libxml-2.0.pc
config.status: creating libxml-2.0-uninstalled.pc
config.status: creating libxml2-config.cmake
config.status: creating python/setup.py
config.status: creating xml2-config
config.status: creating config.h
config.status: executing depfiles commands
config.status: executing libtool commands
+ make V=1
make  all-recursive
make[1]: Entering directory '/home/devel/building/work/src/libxml2-2.11.4'
Making all in include
make[2]: Entering directory '/home/devel/building/work/src/libxml2-2.11.4/include'
Making all in libxml
make[3]: Entering directory '/home/devel/building/work/src/libxml2-2.11.4/include/libxml'
make[3]: Nothing to be done for 'all'.
make[3]: Leaving directory '/home/devel/building/work/src/libxml2-2.11.4/include/libxml'
Making all in private
make[3]: Entering directory '/home/devel/building/work/src/libxml2-2.11.4/include/private'
make[3]: Nothing to be done for 'all'.
make[3]: Leaving directory '/home/devel/building/work/src/libxml2-2.11.4/include/private'
make[3]: Entering directory '/home/devel/building/work/src/libxml2-2.11.4/include'
make[3]: Nothing to be done for 'all-am'.
make[3]: Leaving directory '/home/devel/building/work/src/libxml2-2.11.4/include'
make[2]: Leaving directory '/home/devel/building/work/src/libxml2-2.11.4/include'
Making all in .
make[2]: Entering directory '/home/devel/building/work/src/libxml2-2.11.4'
gcc -DHAVE_CONFIG_H -I.  -I./include -I./include -DSYSCONFDIR='"/etc"'  -pedantic -Wall -Wextra -Wshadow -Wpointer-arith -Wcast-align -Wwrite-strings -Waggregate-return -Wstrict-prototypes -Wmissing-prototypes -Wnested-externs -Winline -Wno-long-long -Wno-format-extra-args   -O2 -m64 -march=x86-64 -mtune=generic -MT xmllint-xmllint.o -MD -MP -MF .deps/xmllint-xmllint.Tpo -c -o xmllint-xmllint.o `test -f 'xmllint.c' || echo './'`xmllint.c
/bin/sh ./libtool  --tag=CC   --mode=compile gcc -DHAVE_CONFIG_H -I.  -I./include -I./include -DSYSCONFDIR='"/etc"'  -pedantic -Wall -Wextra -Wshadow -Wpointer-arith -Wcast-align -Wwrite-strings -Waggregate-return -Wstrict-prototypes -Wmissing-prototypes -Wnested-externs -Winline -Wno-long-long -Wno-format-extra-args -D_REENTRANT   -O2 -m64 -march=x86-64 -mtune=generic -MT libxml2_la-buf.lo -MD -MP -MF .deps/libxml2_la-buf.Tpo -c -o libxml2_la-buf.lo `test -f 'buf.c' || echo './'`buf.c
/bin/sh ./libtool  --tag=CC   --mode=compile gcc -DHAVE_CONFIG_H -I.  -I./include -I./include -DSYSCONFDIR='"/etc"'  -pedantic -Wall -Wextra -Wshadow -Wpointer-arith -Wcast-align -Wwrite-strings -Waggregate-return -Wstrict-prototypes -Wmissing-prototypes -Wnested-externs -Winline -Wno-long-long -Wno-format-extra-args -D_REENTRANT   -O2 -m64 -march=x86-64 -mtune=generic -MT libxml2_la-chvalid.lo -MD -MP -MF .deps/libxml2_la-chvalid.Tpo -c -o libxml2_la-chvalid.lo `test -f 'chvalid.c' || echo './'`chvalid.c
/bin/sh ./libtool  --tag=CC   --mode=compile gcc -DHAVE_CONFIG_H -I.  -I./include -I./include -DSYSCONFDIR='"/etc"'  -pedantic -Wall -Wextra -Wshadow -Wpointer-arith -Wcast-align -Wwrite-strings -Waggregate-return -Wstrict-prototypes -Wmissing-prototypes -Wnested-externs -Winline -Wno-long-long -Wno-format-extra-args -D_REENTRANT   -O2 -m64 -march=x86-64 -mtune=generic -MT libxml2_la-dict.lo -MD -MP -MF .deps/libxml2_la-dict.Tpo -c -o libxml2_la-dict.lo `test -f 'dict.c' || echo './'`dict.c
/bin/sh ./libtool  --tag=CC   --mode=compile gcc -DHAVE_CONFIG_H -I.  -I./include -I./include -DSYSCONFDIR='"/etc"'  -pedantic -Wall -Wextra -Wshadow -Wpointer-arith -Wcast-align -Wwrite-strings -Waggregate-return -Wstrict-prototypes -Wmissing-prototypes -Wnested-externs -Winline -Wno-long-long -Wno-format-extra-args -D_REENTRANT   -O2 -m64 -march=x86-64 -mtune=generic -MT libxml2_la-entities.lo -MD -MP -MF .deps/libxml2_la-entities.Tpo -c -o libxml2_la-entities.lo `test -f 'entities.c' || echo './'`entities.c
/bin/sh ./libtool  --tag=CC   --mode=compile gcc -DHAVE_CONFIG_H -I.  -I./include -I./include -DSYSCONFDIR='"/etc"'  -pedantic -Wall -Wextra -Wshadow -Wpointer-arith -Wcast-align -Wwrite-strings -Waggregate-return -Wstrict-prototypes -Wmissing-prototypes -Wnested-externs -Winline -Wno-long-long -Wno-format-extra-args -D_REENTRANT   -O2 -m64 -march=x86-64 -mtune=generic -MT libxml2_la-encoding.lo -MD -MP -MF .deps/libxml2_la-encoding.Tpo -c -o libxml2_la-encoding.lo `test -f 'encoding.c' || echo './'`encoding.c
/bin/sh ./libtool  --tag=CC   --mode=compile gcc -DHAVE_CONFIG_H -I.  -I./include -I./include -DSYSCONFDIR='"/etc"'  -pedantic -Wall -Wextra -Wshadow -Wpointer-arith -Wcast-align -Wwrite-strings -Waggregate-return -Wstrict-prototypes -Wmissing-prototypes -Wnested-externs -Winline -Wno-long-long -Wno-format-extra-args -D_REENTRANT   -O2 -m64 -march=x86-64 -mtune=generic -MT libxml2_la-error.lo -MD -MP -MF .deps/libxml2_la-error.Tpo -c -o libxml2_la-error.lo `test -f 'error.c' || echo './'`error.c
/bin/sh ./libtool  --tag=CC   --mode=compile gcc -DHAVE_CONFIG_H -I.  -I./include -I./include -DSYSCONFDIR='"/etc"'  -pedantic -Wall -Wextra -Wshadow -Wpointer-arith -Wcast-align -Wwrite-strings -Waggregate-return -Wstrict-prototypes -Wmissing-prototypes -Wnested-externs -Winline -Wno-long-long -Wno-format-extra-args -D_REENTRANT   -O2 -m64 -march=x86-64 -mtune=generic -MT libxml2_la-globals.lo -MD -MP -MF .deps/libxml2_la-globals.Tpo -c -o libxml2_la-globals.lo `test -f 'globals.c' || echo './'`globals.c
libtool: compile:  gcc -DHAVE_CONFIG_H -I. -I./include -I./include -DSYSCONFDIR=\"/etc\" -pedantic -Wall -Wextra -Wshadow -Wpointer-arith -Wcast-align -Wwrite-strings -Waggregate-return -Wstrict-prototypes -Wmissing-prototypes -Wnested-externs -Winline -Wno-long-long -Wno-format-extra-args -D_REENTRANT -O2 -m64 -march=x86-64 -mtune=generic -MT libxml2_la-entities.lo -MD -MP -MF .deps/libxml2_la-entities.Tpo -c entities.c  -fPIC -DPIC -o .libs/libxml2_la-entities.o
libtool: compile:  gcc -DHAVE_CONFIG_H -I. -I./include -I./include -DSYSCONFDIR=\"/etc\" -pedantic -Wall -Wextra -Wshadow -Wpointer-arith -Wcast-align -Wwrite-strings -Waggregate-return -Wstrict-prototypes -Wmissing-prototypes -Wnested-externs -Winline -Wno-long-long -Wno-format-extra-args -D_REENTRANT -O2 -m64 -march=x86-64 -mtune=generic -MT libxml2_la-buf.lo -MD -MP -MF .deps/libxml2_la-buf.Tpo -c buf.c  -fPIC -DPIC -o .libs/libxml2_la-buf.o
libtool: compile:  gcc -DHAVE_CONFIG_H -I. -I./include -I./include -DSYSCONFDIR=\"/etc\" -pedantic -Wall -Wextra -Wshadow -Wpointer-arith -Wcast-align -Wwrite-strings -Waggregate-return -Wstrict-prototypes -Wmissing-prototypes -Wnested-externs -Winline -Wno-long-long -Wno-format-extra-args -D_REENTRANT -O2 -m64 -march=x86-64 -mtune=generic -MT libxml2_la-chvalid.lo -MD -MP -MF .deps/libxml2_la-chvalid.Tpo -c chvalid.c  -fPIC -DPIC -o .libs/libxml2_la-chvalid.o
libtool: compile:  gcc -DHAVE_CONFIG_H -I. -I./include -I./include -DSYSCONFDIR=\"/etc\" -pedantic -Wall -Wextra -Wshadow -Wpointer-arith -Wcast-align -Wwrite-strings -Waggregate-return -Wstrict-prototypes -Wmissing-prototypes -Wnested-externs -Winline -Wno-long-long -Wno-format-extra-args -D_REENTRANT -O2 -m64 -march=x86-64 -mtune=generic -MT libxml2_la-dict.lo -MD -MP -MF .deps/libxml2_la-dict.Tpo -c dict.c  -fPIC -DPIC -o .libs/libxml2_la-dict.o
libtool: compile:  gcc -DHAVE_CONFIG_H -I. -I./include -I./include -DSYSCONFDIR=\"/etc\" -pedantic -Wall -Wextra -Wshadow -Wpointer-arith -Wcast-align -Wwrite-strings -Waggregate-return -Wstrict-prototypes -Wmissing-prototypes -Wnested-externs -Winline -Wno-long-long -Wno-format-extra-args -D_REENTRANT -O2 -m64 -march=x86-64 -mtune=generic -MT libxml2_la-encoding.lo -MD -MP -MF .deps/libxml2_la-encoding.Tpo -c encoding.c  -fPIC -DPIC -o .libs/libxml2_la-encoding.o
libtool: compile:  gcc -DHAVE_CONFIG_H -I. -I./include -I./include -DSYSCONFDIR=\"/etc\" -pedantic -Wall -Wextra -Wshadow -Wpointer-arith -Wcast-align -Wwrite-strings -Waggregate-return -Wstrict-prototypes -Wmissing-prototypes -Wnested-externs -Winline -Wno-long-long -Wno-format-extra-args -D_REENTRANT -O2 -m64 -march=x86-64 -mtune=generic -MT libxml2_la-error.lo -MD -MP -MF .deps/libxml2_la-error.Tpo -c error.c  -fPIC -DPIC -o .libs/libxml2_la-error.o
mv -f .deps/libxml2_la-chvalid.Tpo .deps/libxml2_la-chvalid.Plo
/bin/sh ./libtool  --tag=CC   --mode=compile gcc -DHAVE_CONFIG_H -I.  -I./include -I./include -DSYSCONFDIR='"/etc"'  -pedantic -Wall -Wextra -Wshadow -Wpointer-arith -Wcast-align -Wwrite-strings -Waggregate-return -Wstrict-prototypes -Wmissing-prototypes -Wnested-externs -Winline -Wno-long-long -Wno-format-extra-args -D_REENTRANT   -O2 -m64 -march=x86-64 -mtune=generic -MT libxml2_la-hash.lo -MD -MP -MF .deps/libxml2_la-hash.Tpo -c -o libxml2_la-hash.lo `test -f 'hash.c' || echo './'`hash.c
libtool: compile:  gcc -DHAVE_CONFIG_H -I. -I./include -I./include -DSYSCONFDIR=\"/etc\" -pedantic -Wall -Wextra -Wshadow -Wpointer-arith -Wcast-align -Wwrite-strings -Waggregate-return -Wstrict-prototypes -Wmissing-prototypes -Wnested-externs -Winline -Wno-long-long -Wno-format-extra-args -D_REENTRANT -O2 -m64 -march=x86-64 -mtune=generic -MT libxml2_la-globals.lo -MD -MP -MF .deps/libxml2_la-globals.Tpo -c globals.c  -fPIC -DPIC -o .libs/libxml2_la-globals.o
libtool: compile:  gcc -DHAVE_CONFIG_H -I. -I./include -I./include -DSYSCONFDIR=\"/etc\" -pedantic -Wall -Wextra -Wshadow -Wpointer-arith -Wcast-align -Wwrite-strings -Waggregate-return -Wstrict-prototypes -Wmissing-prototypes -Wnested-externs -Winline -Wno-long-long -Wno-format-extra-args -D_REENTRANT -O2 -m64 -march=x86-64 -mtune=generic -MT libxml2_la-hash.lo -MD -MP -MF .deps/libxml2_la-hash.Tpo -c hash.c  -fPIC -DPIC -o .libs/libxml2_la-hash.o
mv -f .deps/libxml2_la-entities.Tpo .deps/libxml2_la-entities.Plo
/bin/sh ./libtool  --tag=CC   --mode=compile gcc -DHAVE_CONFIG_H -I.  -I./include -I./include -DSYSCONFDIR='"/etc"'  -pedantic -Wall -Wextra -Wshadow -Wpointer-arith -Wcast-align -Wwrite-strings -Waggregate-return -Wstrict-prototypes -Wmissing-prototypes -Wnested-externs -Winline -Wno-long-long -Wno-format-extra-args -D_REENTRANT   -O2 -m64 -march=x86-64 -mtune=generic -MT libxml2_la-list.lo -MD -MP -MF .deps/libxml2_la-list.Tpo -c -o libxml2_la-list.lo `test -f 'list.c' || echo './'`list.c
mv -f .deps/libxml2_la-buf.Tpo .deps/libxml2_la-buf.Plo
/bin/sh ./libtool  --tag=CC   --mode=compile gcc -DHAVE_CONFIG_H -I.  -I./include -I./include -DSYSCONFDIR='"/etc"'  -pedantic -Wall -Wextra -Wshadow -Wpointer-arith -Wcast-align -Wwrite-strings -Waggregate-return -Wstrict-prototypes -Wmissing-prototypes -Wnested-externs -Winline -Wno-long-long -Wno-format-extra-args -D_REENTRANT   -O2 -m64 -march=x86-64 -mtune=generic -MT libxml2_la-parser.lo -MD -MP -MF .deps/libxml2_la-parser.Tpo -c -o libxml2_la-parser.lo `test -f 'parser.c' || echo './'`parser.c
mv -f .deps/libxml2_la-dict.Tpo .deps/libxml2_la-dict.Plo
/bin/sh ./libtool  --tag=CC   --mode=compile gcc -DHAVE_CONFIG_H -I.  -I./include -I./include -DSYSCONFDIR='"/etc"'  -pedantic -Wall -Wextra -Wshadow -Wpointer-arith -Wcast-align -Wwrite-strings -Waggregate-return -Wstrict-prototypes -Wmissing-prototypes -Wnested-externs -Winline -Wno-long-long -Wno-format-extra-args -D_REENTRANT   -O2 -m64 -march=x86-64 -mtune=generic -MT libxml2_la-parserInternals.lo -MD -MP -MF .deps/libxml2_la-parserInternals.Tpo -c -o libxml2_la-parserInternals.lo `test -f 'parserInternals.c' || echo './'`parserInternals.c
mv -f .deps/libxml2_la-globals.Tpo .deps/libxml2_la-globals.Plo
/bin/sh ./libtool  --tag=CC   --mode=compile gcc -DHAVE_CONFIG_H -I.  -I./include -I./include -DSYSCONFDIR='"/etc"'  -pedantic -Wall -Wextra -Wshadow -Wpointer-arith -Wcast-align -Wwrite-strings -Waggregate-return -Wstrict-prototypes -Wmissing-prototypes -Wnested-externs -Winline -Wno-long-long -Wno-format-extra-args -D_REENTRANT   -O2 -m64 -march=x86-64 -mtune=generic -MT libxml2_la-SAX2.lo -MD -MP -MF .deps/libxml2_la-SAX2.Tpo -c -o libxml2_la-SAX2.lo `test -f 'SAX2.c' || echo './'`SAX2.c
libtool: compile:  gcc -DHAVE_CONFIG_H -I. -I./include -I./include -DSYSCONFDIR=\"/etc\" -pedantic -Wall -Wextra -Wshadow -Wpointer-arith -Wcast-align -Wwrite-strings -Waggregate-return -Wstrict-prototypes -Wmissing-prototypes -Wnested-externs -Winline -Wno-long-long -Wno-format-extra-args -D_REENTRANT -O2 -m64 -march=x86-64 -mtune=generic -MT libxml2_la-list.lo -MD -MP -MF .deps/libxml2_la-list.Tpo -c list.c  -fPIC -DPIC -o .libs/libxml2_la-list.o
libtool: compile:  gcc -DHAVE_CONFIG_H -I. -I./include -I./include -DSYSCONFDIR=\"/etc\" -pedantic -Wall -Wextra -Wshadow -Wpointer-arith -Wcast-align -Wwrite-strings -Waggregate-return -Wstrict-prototypes -Wmissing-prototypes -Wnested-externs -Winline -Wno-long-long -Wno-format-extra-args -D_REENTRANT -O2 -m64 -march=x86-64 -mtune=generic -MT libxml2_la-parser.lo -MD -MP -MF .deps/libxml2_la-parser.Tpo -c parser.c  -fPIC -DPIC -o .libs/libxml2_la-parser.o
libtool: compile:  gcc -DHAVE_CONFIG_H -I. -I./include -I./include -DSYSCONFDIR=\"/etc\" -pedantic -Wall -Wextra -Wshadow -Wpointer-arith -Wcast-align -Wwrite-strings -Waggregate-return -Wstrict-prototypes -Wmissing-prototypes -Wnested-externs -Winline -Wno-long-long -Wno-format-extra-args -D_REENTRANT -O2 -m64 -march=x86-64 -mtune=generic -MT libxml2_la-parserInternals.lo -MD -MP -MF .deps/libxml2_la-parserInternals.Tpo -c parserInternals.c  -fPIC -DPIC -o .libs/libxml2_la-parserInternals.o
mv -f .deps/libxml2_la-error.Tpo .deps/libxml2_la-error.Plo
/bin/sh ./libtool  --tag=CC   --mode=compile gcc -DHAVE_CONFIG_H -I.  -I./include -I./include -DSYSCONFDIR='"/etc"'  -pedantic -Wall -Wextra -Wshadow -Wpointer-arith -Wcast-align -Wwrite-strings -Waggregate-return -Wstrict-prototypes -Wmissing-prototypes -Wnested-externs -Winline -Wno-long-long -Wno-format-extra-args -D_REENTRANT   -O2 -m64 -march=x86-64 -mtune=generic -MT libxml2_la-threads.lo -MD -MP -MF .deps/libxml2_la-threads.Tpo -c -o libxml2_la-threads.lo `test -f 'threads.c' || echo './'`threads.c
mv -f .deps/libxml2_la-hash.Tpo .deps/libxml2_la-hash.Plo
/bin/sh ./libtool  --tag=CC   --mode=compile gcc -DHAVE_CONFIG_H -I.  -I./include -I./include -DSYSCONFDIR='"/etc"'  -pedantic -Wall -Wextra -Wshadow -Wpointer-arith -Wcast-align -Wwrite-strings -Waggregate-return -Wstrict-prototypes -Wmissing-prototypes -Wnested-externs -Winline -Wno-long-long -Wno-format-extra-args -D_REENTRANT   -O2 -m64 -march=x86-64 -mtune=generic -MT libxml2_la-tree.lo -MD -MP -MF .deps/libxml2_la-tree.Tpo -c -o libxml2_la-tree.lo `test -f 'tree.c' || echo './'`tree.c
libtool: compile:  gcc -DHAVE_CONFIG_H -I. -I./include -I./include -DSYSCONFDIR=\"/etc\" -pedantic -Wall -Wextra -Wshadow -Wpointer-arith -Wcast-align -Wwrite-strings -Waggregate-return -Wstrict-prototypes -Wmissing-prototypes -Wnested-externs -Winline -Wno-long-long -Wno-format-extra-args -D_REENTRANT -O2 -m64 -march=x86-64 -mtune=generic -MT libxml2_la-SAX2.lo -MD -MP -MF .deps/libxml2_la-SAX2.Tpo -c SAX2.c  -fPIC -DPIC -o .libs/libxml2_la-SAX2.o
libtool: compile:  gcc -DHAVE_CONFIG_H -I. -I./include -I./include -DSYSCONFDIR=\"/etc\" -pedantic -Wall -Wextra -Wshadow -Wpointer-arith -Wcast-align -Wwrite-strings -Waggregate-return -Wstrict-prototypes -Wmissing-prototypes -Wnested-externs -Winline -Wno-long-long -Wno-format-extra-args -D_REENTRANT -O2 -m64 -march=x86-64 -mtune=generic -MT libxml2_la-tree.lo -MD -MP -MF .deps/libxml2_la-tree.Tpo -c tree.c  -fPIC -DPIC -o .libs/libxml2_la-tree.o
mv -f .deps/libxml2_la-list.Tpo .deps/libxml2_la-list.Plo
/bin/sh ./libtool  --tag=CC   --mode=compile gcc -DHAVE_CONFIG_H -I.  -I./include -I./include -DSYSCONFDIR='"/etc"'  -pedantic -Wall -Wextra -Wshadow -Wpointer-arith -Wcast-align -Wwrite-strings -Waggregate-return -Wstrict-prototypes -Wmissing-prototypes -Wnested-externs -Winline -Wno-long-long -Wno-format-extra-args -D_REENTRANT   -O2 -m64 -march=x86-64 -mtune=generic -MT libxml2_la-uri.lo -MD -MP -MF .deps/libxml2_la-uri.Tpo -c -o libxml2_la-uri.lo `test -f 'uri.c' || echo './'`uri.c
libtool: compile:  gcc -DHAVE_CONFIG_H -I. -I./include -I./include -DSYSCONFDIR=\"/etc\" -pedantic -Wall -Wextra -Wshadow -Wpointer-arith -Wcast-align -Wwrite-strings -Waggregate-return -Wstrict-prototypes -Wmissing-prototypes -Wnested-externs -Winline -Wno-long-long -Wno-format-extra-args -D_REENTRANT -O2 -m64 -march=x86-64 -mtune=generic -MT libxml2_la-threads.lo -MD -MP -MF .deps/libxml2_la-threads.Tpo -c threads.c  -fPIC -DPIC -o .libs/libxml2_la-threads.o
mv -f .deps/libxml2_la-encoding.Tpo .deps/libxml2_la-encoding.Plo
/bin/sh ./libtool  --tag=CC   --mode=compile gcc -DHAVE_CONFIG_H -I.  -I./include -I./include -DSYSCONFDIR='"/etc"'  -pedantic -Wall -Wextra -Wshadow -Wpointer-arith -Wcast-align -Wwrite-strings -Waggregate-return -Wstrict-prototypes -Wmissing-prototypes -Wnested-externs -Winline -Wno-long-long -Wno-format-extra-args -D_REENTRANT   -O2 -m64 -march=x86-64 -mtune=generic -MT libxml2_la-valid.lo -MD -MP -MF .deps/libxml2_la-valid.Tpo -c -o libxml2_la-valid.lo `test -f 'valid.c' || echo './'`valid.c
libtool: compile:  gcc -DHAVE_CONFIG_H -I. -I./include -I./include -DSYSCONFDIR=\"/etc\" -pedantic -Wall -Wextra -Wshadow -Wpointer-arith -Wcast-align -Wwrite-strings -Waggregate-return -Wstrict-prototypes -Wmissing-prototypes -Wnested-externs -Winline -Wno-long-long -Wno-format-extra-args -D_REENTRANT -O2 -m64 -march=x86-64 -mtune=generic -MT libxml2_la-uri.lo -MD -MP -MF .deps/libxml2_la-uri.Tpo -c uri.c  -fPIC -DPIC -o .libs/libxml2_la-uri.o
libtool: compile:  gcc -DHAVE_CONFIG_H -I. -I./include -I./include -DSYSCONFDIR=\"/etc\" -pedantic -Wall -Wextra -Wshadow -Wpointer-arith -Wcast-align -Wwrite-strings -Waggregate-return -Wstrict-prototypes -Wmissing-prototypes -Wnested-externs -Winline -Wno-long-long -Wno-format-extra-args -D_REENTRANT -O2 -m64 -march=x86-64 -mtune=generic -MT libxml2_la-valid.lo -MD -MP -MF .deps/libxml2_la-valid.Tpo -c valid.c  -fPIC -DPIC -o .libs/libxml2_la-valid.o
mv -f .deps/libxml2_la-threads.Tpo .deps/libxml2_la-threads.Plo
/bin/sh ./libtool  --tag=CC   --mode=compile gcc -DHAVE_CONFIG_H -I.  -I./include -I./include -DSYSCONFDIR='"/etc"'  -pedantic -Wall -Wextra -Wshadow -Wpointer-arith -Wcast-align -Wwrite-strings -Waggregate-return -Wstrict-prototypes -Wmissing-prototypes -Wnested-externs -Winline -Wno-long-long -Wno-format-extra-args -D_REENTRANT   -O2 -m64 -march=x86-64 -mtune=generic -MT libxml2_la-xmlIO.lo -MD -MP -MF .deps/libxml2_la-xmlIO.Tpo -c -o libxml2_la-xmlIO.lo `test -f 'xmlIO.c' || echo './'`xmlIO.c
libtool: compile:  gcc -DHAVE_CONFIG_H -I. -I./include -I./include -DSYSCONFDIR=\"/etc\" -pedantic -Wall -Wextra -Wshadow -Wpointer-arith -Wcast-align -Wwrite-strings -Waggregate-return -Wstrict-prototypes -Wmissing-prototypes -Wnested-externs -Winline -Wno-long-long -Wno-format-extra-args -D_REENTRANT -O2 -m64 -march=x86-64 -mtune=generic -MT libxml2_la-xmlIO.lo -MD -MP -MF .deps/libxml2_la-xmlIO.Tpo -c xmlIO.c  -fPIC -DPIC -o .libs/libxml2_la-xmlIO.o
mv -f .deps/libxml2_la-parserInternals.Tpo .deps/libxml2_la-parserInternals.Plo
/bin/sh ./libtool  --tag=CC   --mode=compile gcc -DHAVE_CONFIG_H -I.  -I./include -I./include -DSYSCONFDIR='"/etc"'  -pedantic -Wall -Wextra -Wshadow -Wpointer-arith -Wcast-align -Wwrite-strings -Waggregate-return -Wstrict-prototypes -Wmissing-prototypes -Wnested-externs -Winline -Wno-long-long -Wno-format-extra-args -D_REENTRANT   -O2 -m64 -march=x86-64 -mtune=generic -MT libxml2_la-xmlmemory.lo -MD -MP -MF .deps/libxml2_la-xmlmemory.Tpo -c -o libxml2_la-xmlmemory.lo `test -f 'xmlmemory.c' || echo './'`xmlmemory.c
libtool: compile:  gcc -DHAVE_CONFIG_H -I. -I./include -I./include -DSYSCONFDIR=\"/etc\" -pedantic -Wall -Wextra -Wshadow -Wpointer-arith -Wcast-align -Wwrite-strings -Waggregate-return -Wstrict-prototypes -Wmissing-prototypes -Wnested-externs -Winline -Wno-long-long -Wno-format-extra-args -D_REENTRANT -O2 -m64 -march=x86-64 -mtune=generic -MT libxml2_la-xmlmemory.lo -MD -MP -MF .deps/libxml2_la-xmlmemory.Tpo -c xmlmemory.c  -fPIC -DPIC -o .libs/libxml2_la-xmlmemory.o
mv -f .deps/xmllint-xmllint.Tpo .deps/xmllint-xmllint.Po
/bin/sh ./libtool  --tag=CC   --mode=compile gcc -DHAVE_CONFIG_H -I.  -I./include -I./include -DSYSCONFDIR='"/etc"'  -pedantic -Wall -Wextra -Wshadow -Wpointer-arith -Wcast-align -Wwrite-strings -Waggregate-return -Wstrict-prototypes -Wmissing-prototypes -Wnested-externs -Winline -Wno-long-long -Wno-format-extra-args -D_REENTRANT   -O2 -m64 -march=x86-64 -mtune=generic -MT libxml2_la-xmlstring.lo -MD -MP -MF .deps/libxml2_la-xmlstring.Tpo -c -o libxml2_la-xmlstring.lo `test -f 'xmlstring.c' || echo './'`xmlstring.c
mv -f .deps/libxml2_la-SAX2.Tpo .deps/libxml2_la-SAX2.Plo
/bin/sh ./libtool  --tag=CC   --mode=compile gcc -DHAVE_CONFIG_H -I.  -I./include -I./include -DSYSCONFDIR='"/etc"'  -pedantic -Wall -Wextra -Wshadow -Wpointer-arith -Wcast-align -Wwrite-strings -Waggregate-return -Wstrict-prototypes -Wmissing-prototypes -Wnested-externs -Winline -Wno-long-long -Wno-format-extra-args -D_REENTRANT   -O2 -m64 -march=x86-64 -mtune=generic -MT libxml2_la-c14n.lo -MD -MP -MF .deps/libxml2_la-c14n.Tpo -c -o libxml2_la-c14n.lo `test -f 'c14n.c' || echo './'`c14n.c
mv -f .deps/libxml2_la-xmlmemory.Tpo .deps/libxml2_la-xmlmemory.Plo
/bin/sh ./libtool  --tag=CC   --mode=compile gcc -DHAVE_CONFIG_H -I.  -I./include -I./include -DSYSCONFDIR='"/etc"'  -pedantic -Wall -Wextra -Wshadow -Wpointer-arith -Wcast-align -Wwrite-strings -Waggregate-return -Wstrict-prototypes -Wmissing-prototypes -Wnested-externs -Winline -Wno-long-long -Wno-format-extra-args -D_REENTRANT   -O2 -m64 -march=x86-64 -mtune=generic -MT libxml2_la-catalog.lo -MD -MP -MF .deps/libxml2_la-catalog.Tpo -c -o libxml2_la-catalog.lo `test -f 'catalog.c' || echo './'`catalog.c
libtool: compile:  gcc -DHAVE_CONFIG_H -I. -I./include -I./include -DSYSCONFDIR=\"/etc\" -pedantic -Wall -Wextra -Wshadow -Wpointer-arith -Wcast-align -Wwrite-strings -Waggregate-return -Wstrict-prototypes -Wmissing-prototypes -Wnested-externs -Winline -Wno-long-long -Wno-format-extra-args -D_REENTRANT -O2 -m64 -march=x86-64 -mtune=generic -MT libxml2_la-xmlstring.lo -MD -MP -MF .deps/libxml2_la-xmlstring.Tpo -c xmlstring.c  -fPIC -DPIC -o .libs/libxml2_la-xmlstring.o
libtool: compile:  gcc -DHAVE_CONFIG_H -I. -I./include -I./include -DSYSCONFDIR=\"/etc\" -pedantic -Wall -Wextra -Wshadow -Wpointer-arith -Wcast-align -Wwrite-strings -Waggregate-return -Wstrict-prototypes -Wmissing-prototypes -Wnested-externs -Winline -Wno-long-long -Wno-format-extra-args -D_REENTRANT -O2 -m64 -march=x86-64 -mtune=generic -MT libxml2_la-c14n.lo -MD -MP -MF .deps/libxml2_la-c14n.Tpo -c c14n.c  -fPIC -DPIC -o .libs/libxml2_la-c14n.o
libtool: compile:  gcc -DHAVE_CONFIG_H -I. -I./include -I./include -DSYSCONFDIR=\"/etc\" -pedantic -Wall -Wextra -Wshadow -Wpointer-arith -Wcast-align -Wwrite-strings -Waggregate-return -Wstrict-prototypes -Wmissing-prototypes -Wnested-externs -Winline -Wno-long-long -Wno-format-extra-args -D_REENTRANT -O2 -m64 -march=x86-64 -mtune=generic -MT libxml2_la-catalog.lo -MD -MP -MF .deps/libxml2_la-catalog.Tpo -c catalog.c  -fPIC -DPIC -o .libs/libxml2_la-catalog.o
mv -f .deps/libxml2_la-uri.Tpo .deps/libxml2_la-uri.Plo
/bin/sh ./libtool  --tag=CC   --mode=compile gcc -DHAVE_CONFIG_H -I.  -I./include -I./include -DSYSCONFDIR='"/etc"'  -pedantic -Wall -Wextra -Wshadow -Wpointer-arith -Wcast-align -Wwrite-strings -Waggregate-return -Wstrict-prototypes -Wmissing-prototypes -Wnested-externs -Winline -Wno-long-long -Wno-format-extra-args -D_REENTRANT   -O2 -m64 -march=x86-64 -mtune=generic -MT libxml2_la-debugXML.lo -MD -MP -MF .deps/libxml2_la-debugXML.Tpo -c -o libxml2_la-debugXML.lo `test -f 'debugXML.c' || echo './'`debugXML.c
mv -f .deps/libxml2_la-xmlstring.Tpo .deps/libxml2_la-xmlstring.Plo
/bin/sh ./libtool  --tag=CC   --mode=compile gcc -DHAVE_CONFIG_H -I.  -I./include -I./include -DSYSCONFDIR='"/etc"'  -pedantic -Wall -Wextra -Wshadow -Wpointer-arith -Wcast-align -Wwrite-strings -Waggregate-return -Wstrict-prototypes -Wmissing-prototypes -Wnested-externs -Winline -Wno-long-long -Wno-format-extra-args -D_REENTRANT   -O2 -m64 -march=x86-64 -mtune=generic -MT libxml2_la-HTMLparser.lo -MD -MP -MF .deps/libxml2_la-HTMLparser.Tpo -c -o libxml2_la-HTMLparser.lo `test -f 'HTMLparser.c' || echo './'`HTMLparser.c
libtool: compile:  gcc -DHAVE_CONFIG_H -I. -I./include -I./include -DSYSCONFDIR=\"/etc\" -pedantic -Wall -Wextra -Wshadow -Wpointer-arith -Wcast-align -Wwrite-strings -Waggregate-return -Wstrict-prototypes -Wmissing-prototypes -Wnested-externs -Winline -Wno-long-long -Wno-format-extra-args -D_REENTRANT -O2 -m64 -march=x86-64 -mtune=generic -MT libxml2_la-HTMLparser.lo -MD -MP -MF .deps/libxml2_la-HTMLparser.Tpo -c HTMLparser.c  -fPIC -DPIC -o .libs/libxml2_la-HTMLparser.o
mv -f .deps/libxml2_la-xmlIO.Tpo .deps/libxml2_la-xmlIO.Plo
/bin/sh ./libtool  --tag=CC   --mode=compile gcc -DHAVE_CONFIG_H -I.  -I./include -I./include -DSYSCONFDIR='"/etc"'  -pedantic -Wall -Wextra -Wshadow -Wpointer-arith -Wcast-align -Wwrite-strings -Waggregate-return -Wstrict-prototypes -Wmissing-prototypes -Wnested-externs -Winline -Wno-long-long -Wno-format-extra-args -D_REENTRANT   -O2 -m64 -march=x86-64 -mtune=generic -MT libxml2_la-HTMLtree.lo -MD -MP -MF .deps/libxml2_la-HTMLtree.Tpo -c -o libxml2_la-HTMLtree.lo `test -f 'HTMLtree.c' || echo './'`HTMLtree.c
libtool: compile:  gcc -DHAVE_CONFIG_H -I. -I./include -I./include -DSYSCONFDIR=\"/etc\" -pedantic -Wall -Wextra -Wshadow -Wpointer-arith -Wcast-align -Wwrite-strings -Waggregate-return -Wstrict-prototypes -Wmissing-prototypes -Wnested-externs -Winline -Wno-long-long -Wno-format-extra-args -D_REENTRANT -O2 -m64 -march=x86-64 -mtune=generic -MT libxml2_la-debugXML.lo -MD -MP -MF .deps/libxml2_la-debugXML.Tpo -c debugXML.c  -fPIC -DPIC -o .libs/libxml2_la-debugXML.o
libtool: compile:  gcc -DHAVE_CONFIG_H -I. -I./include -I./include -DSYSCONFDIR=\"/etc\" -pedantic -Wall -Wextra -Wshadow -Wpointer-arith -Wcast-align -Wwrite-strings -Waggregate-return -Wstrict-prototypes -Wmissing-prototypes -Wnested-externs -Winline -Wno-long-long -Wno-format-extra-args -D_REENTRANT -O2 -m64 -march=x86-64 -mtune=generic -MT libxml2_la-HTMLtree.lo -MD -MP -MF .deps/libxml2_la-HTMLtree.Tpo -c HTMLtree.c  -fPIC -DPIC -o .libs/libxml2_la-HTMLtree.o
mv -f .deps/libxml2_la-c14n.Tpo .deps/libxml2_la-c14n.Plo
/bin/sh ./libtool  --tag=CC   --mode=compile gcc -DHAVE_CONFIG_H -I.  -I./include -I./include -DSYSCONFDIR='"/etc"'  -pedantic -Wall -Wextra -Wshadow -Wpointer-arith -Wcast-align -Wwrite-strings -Waggregate-return -Wstrict-prototypes -Wmissing-prototypes -Wnested-externs -Winline -Wno-long-long -Wno-format-extra-args -D_REENTRANT   -O2 -m64 -march=x86-64 -mtune=generic -MT libxml2_la-nanohttp.lo -MD -MP -MF .deps/libxml2_la-nanohttp.Tpo -c -o libxml2_la-nanohttp.lo `test -f 'nanohttp.c' || echo './'`nanohttp.c
libtool: compile:  gcc -DHAVE_CONFIG_H -I. -I./include -I./include -DSYSCONFDIR=\"/etc\" -pedantic -Wall -Wextra -Wshadow -Wpointer-arith -Wcast-align -Wwrite-strings -Waggregate-return -Wstrict-prototypes -Wmissing-prototypes -Wnested-externs -Winline -Wno-long-long -Wno-format-extra-args -D_REENTRANT -O2 -m64 -march=x86-64 -mtune=generic -MT libxml2_la-nanohttp.lo -MD -MP -MF .deps/libxml2_la-nanohttp.Tpo -c nanohttp.c  -fPIC -DPIC -o .libs/libxml2_la-nanohttp.o
mv -f .deps/libxml2_la-HTMLtree.Tpo .deps/libxml2_la-HTMLtree.Plo
/bin/sh ./libtool  --tag=CC   --mode=compile gcc -DHAVE_CONFIG_H -I.  -I./include -I./include -DSYSCONFDIR='"/etc"'  -pedantic -Wall -Wextra -Wshadow -Wpointer-arith -Wcast-align -Wwrite-strings -Waggregate-return -Wstrict-prototypes -Wmissing-prototypes -Wnested-externs -Winline -Wno-long-long -Wno-format-extra-args -D_REENTRANT   -O2 -m64 -march=x86-64 -mtune=generic -MT libxml2_la-xzlib.lo -MD -MP -MF .deps/libxml2_la-xzlib.Tpo -c -o libxml2_la-xzlib.lo `test -f 'xzlib.c' || echo './'`xzlib.c
libtool: compile:  gcc -DHAVE_CONFIG_H -I. -I./include -I./include -DSYSCONFDIR=\"/etc\" -pedantic -Wall -Wextra -Wshadow -Wpointer-arith -Wcast-align -Wwrite-strings -Waggregate-return -Wstrict-prototypes -Wmissing-prototypes -Wnested-externs -Winline -Wno-long-long -Wno-format-extra-args -D_REENTRANT -O2 -m64 -march=x86-64 -mtune=generic -MT libxml2_la-xzlib.lo -MD -MP -MF .deps/libxml2_la-xzlib.Tpo -c xzlib.c  -fPIC -DPIC -o .libs/libxml2_la-xzlib.o
mv -f .deps/libxml2_la-valid.Tpo .deps/libxml2_la-valid.Plo
/bin/sh ./libtool  --tag=CC   --mode=compile gcc -DHAVE_CONFIG_H -I.  -I./include -I./include -DSYSCONFDIR='"/etc"'  -pedantic -Wall -Wextra -Wshadow -Wpointer-arith -Wcast-align -Wwrite-strings -Waggregate-return -Wstrict-prototypes -Wmissing-prototypes -Wnested-externs -Winline -Wno-long-long -Wno-format-extra-args -D_REENTRANT   -O2 -m64 -march=x86-64 -mtune=generic -MT libxml2_la-xmlmodule.lo -MD -MP -MF .deps/libxml2_la-xmlmodule.Tpo -c -o libxml2_la-xmlmodule.lo `test -f 'xmlmodule.c' || echo './'`xmlmodule.c
mv -f .deps/libxml2_la-catalog.Tpo .deps/libxml2_la-catalog.Plo
/bin/sh ./libtool  --tag=CC   --mode=compile gcc -DHAVE_CONFIG_H -I.  -I./include -I./include -DSYSCONFDIR='"/etc"'  -pedantic -Wall -Wextra -Wshadow -Wpointer-arith -Wcast-align -Wwrite-strings -Waggregate-return -Wstrict-prototypes -Wmissing-prototypes -Wnested-externs -Winline -Wno-long-long -Wno-format-extra-args -D_REENTRANT   -O2 -m64 -march=x86-64 -mtune=generic -MT libxml2_la-xmlsave.lo -MD -MP -MF .deps/libxml2_la-xmlsave.Tpo -c -o libxml2_la-xmlsave.lo `test -f 'xmlsave.c' || echo './'`xmlsave.c
libtool: compile:  gcc -DHAVE_CONFIG_H -I. -I./include -I./include -DSYSCONFDIR=\"/etc\" -pedantic -Wall -Wextra -Wshadow -Wpointer-arith -Wcast-align -Wwrite-strings -Waggregate-return -Wstrict-prototypes -Wmissing-prototypes -Wnested-externs -Winline -Wno-long-long -Wno-format-extra-args -D_REENTRANT -O2 -m64 -march=x86-64 -mtune=generic -MT libxml2_la-xmlmodule.lo -MD -MP -MF .deps/libxml2_la-xmlmodule.Tpo -c xmlmodule.c  -fPIC -DPIC -o .libs/libxml2_la-xmlmodule.o
mv -f .deps/libxml2_la-nanohttp.Tpo .deps/libxml2_la-nanohttp.Plo
/bin/sh ./libtool  --tag=CC   --mode=compile gcc -DHAVE_CONFIG_H -I.  -I./include -I./include -DSYSCONFDIR='"/etc"'  -pedantic -Wall -Wextra -Wshadow -Wpointer-arith -Wcast-align -Wwrite-strings -Waggregate-return -Wstrict-prototypes -Wmissing-prototypes -Wnested-externs -Winline -Wno-long-long -Wno-format-extra-args -D_REENTRANT   -O2 -m64 -march=x86-64 -mtune=generic -MT libxml2_la-pattern.lo -MD -MP -MF .deps/libxml2_la-pattern.Tpo -c -o libxml2_la-pattern.lo `test -f 'pattern.c' || echo './'`pattern.c
mv -f .deps/libxml2_la-xmlmodule.Tpo .deps/libxml2_la-xmlmodule.Plo
libtool: compile:  gcc -DHAVE_CONFIG_H -I. -I./include -I./include -DSYSCONFDIR=\"/etc\" -pedantic -Wall -Wextra -Wshadow -Wpointer-arith -Wcast-align -Wwrite-strings -Waggregate-return -Wstrict-prototypes -Wmissing-prototypes -Wnested-externs -Winline -Wno-long-long -Wno-format-extra-args -D_REENTRANT -O2 -m64 -march=x86-64 -mtune=generic -MT libxml2_la-xmlsave.lo -MD -MP -MF .deps/libxml2_la-xmlsave.Tpo -c xmlsave.c  -fPIC -DPIC -o .libs/libxml2_la-xmlsave.o
libtool: compile:  gcc -DHAVE_CONFIG_H -I. -I./include -I./include -DSYSCONFDIR=\"/etc\" -pedantic -Wall -Wextra -Wshadow -Wpointer-arith -Wcast-align -Wwrite-strings -Waggregate-return -Wstrict-prototypes -Wmissing-prototypes -Wnested-externs -Winline -Wno-long-long -Wno-format-extra-args -D_REENTRANT -O2 -m64 -march=x86-64 -mtune=generic -MT libxml2_la-pattern.lo -MD -MP -MF .deps/libxml2_la-pattern.Tpo -c pattern.c  -fPIC -DPIC -o .libs/libxml2_la-pattern.o
mv -f .deps/libxml2_la-xzlib.Tpo .deps/libxml2_la-xzlib.Plo
/bin/sh ./libtool  --tag=CC   --mode=compile gcc -DHAVE_CONFIG_H -I.  -I./include -I./include -DSYSCONFDIR='"/etc"'  -pedantic -Wall -Wextra -Wshadow -Wpointer-arith -Wcast-align -Wwrite-strings -Waggregate-return -Wstrict-prototypes -Wmissing-prototypes -Wnested-externs -Winline -Wno-long-long -Wno-format-extra-args -D_REENTRANT   -O2 -m64 -march=x86-64 -mtune=generic -MT libxml2_la-xmlreader.lo -MD -MP -MF .deps/libxml2_la-xmlreader.Tpo -c -o libxml2_la-xmlreader.lo `test -f 'xmlreader.c' || echo './'`xmlreader.c
/bin/sh ./libtool  --tag=CC   --mode=compile gcc -DHAVE_CONFIG_H -I.  -I./include -I./include -DSYSCONFDIR='"/etc"'  -pedantic -Wall -Wextra -Wshadow -Wpointer-arith -Wcast-align -Wwrite-strings -Waggregate-return -Wstrict-prototypes -Wmissing-prototypes -Wnested-externs -Winline -Wno-long-long -Wno-format-extra-args -D_REENTRANT   -O2 -m64 -march=x86-64 -mtune=generic -MT libxml2_la-xmlregexp.lo -MD -MP -MF .deps/libxml2_la-xmlregexp.Tpo -c -o libxml2_la-xmlregexp.lo `test -f 'xmlregexp.c' || echo './'`xmlregexp.c
libtool: compile:  gcc -DHAVE_CONFIG_H -I. -I./include -I./include -DSYSCONFDIR=\"/etc\" -pedantic -Wall -Wextra -Wshadow -Wpointer-arith -Wcast-align -Wwrite-strings -Waggregate-return -Wstrict-prototypes -Wmissing-prototypes -Wnested-externs -Winline -Wno-long-long -Wno-format-extra-args -D_REENTRANT -O2 -m64 -march=x86-64 -mtune=generic -MT libxml2_la-xmlreader.lo -MD -MP -MF .deps/libxml2_la-xmlreader.Tpo -c xmlreader.c  -fPIC -DPIC -o .libs/libxml2_la-xmlreader.o
mv -f .deps/libxml2_la-debugXML.Tpo .deps/libxml2_la-debugXML.Plo
/bin/sh ./libtool  --tag=CC   --mode=compile gcc -DHAVE_CONFIG_H -I.  -I./include -I./include -DSYSCONFDIR='"/etc"'  -pedantic -Wall -Wextra -Wshadow -Wpointer-arith -Wcast-align -Wwrite-strings -Waggregate-return -Wstrict-prototypes -Wmissing-prototypes -Wnested-externs -Winline -Wno-long-long -Wno-format-extra-args -D_REENTRANT   -O2 -m64 -march=x86-64 -mtune=generic -MT libxml2_la-xmlunicode.lo -MD -MP -MF .deps/libxml2_la-xmlunicode.Tpo -c -o libxml2_la-xmlunicode.lo `test -f 'xmlunicode.c' || echo './'`xmlunicode.c
libtool: compile:  gcc -DHAVE_CONFIG_H -I. -I./include -I./include -DSYSCONFDIR=\"/etc\" -pedantic -Wall -Wextra -Wshadow -Wpointer-arith -Wcast-align -Wwrite-strings -Waggregate-return -Wstrict-prototypes -Wmissing-prototypes -Wnested-externs -Winline -Wno-long-long -Wno-format-extra-args -D_REENTRANT -O2 -m64 -march=x86-64 -mtune=generic -MT libxml2_la-xmlregexp.lo -MD -MP -MF .deps/libxml2_la-xmlregexp.Tpo -c xmlregexp.c  -fPIC -DPIC -o .libs/libxml2_la-xmlregexp.o
libtool: compile:  gcc -DHAVE_CONFIG_H -I. -I./include -I./include -DSYSCONFDIR=\"/etc\" -pedantic -Wall -Wextra -Wshadow -Wpointer-arith -Wcast-align -Wwrite-strings -Waggregate-return -Wstrict-prototypes -Wmissing-prototypes -Wnested-externs -Winline -Wno-long-long -Wno-format-extra-args -D_REENTRANT -O2 -m64 -march=x86-64 -mtune=generic -MT libxml2_la-xmlunicode.lo -MD -MP -MF .deps/libxml2_la-xmlunicode.Tpo -c xmlunicode.c  -fPIC -DPIC -o .libs/libxml2_la-xmlunicode.o
mv -f .deps/libxml2_la-xmlunicode.Tpo .deps/libxml2_la-xmlunicode.Plo
/bin/sh ./libtool  --tag=CC   --mode=compile gcc -DHAVE_CONFIG_H -I.  -I./include -I./include -DSYSCONFDIR='"/etc"'  -pedantic -Wall -Wextra -Wshadow -Wpointer-arith -Wcast-align -Wwrite-strings -Waggregate-return -Wstrict-prototypes -Wmissing-prototypes -Wnested-externs -Winline -Wno-long-long -Wno-format-extra-args -D_REENTRANT   -O2 -m64 -march=x86-64 -mtune=generic -MT libxml2_la-relaxng.lo -MD -MP -MF .deps/libxml2_la-relaxng.Tpo -c -o libxml2_la-relaxng.lo `test -f 'relaxng.c' || echo './'`relaxng.c
mv -f .deps/libxml2_la-pattern.Tpo .deps/libxml2_la-pattern.Plo
/bin/sh ./libtool  --tag=CC   --mode=compile gcc -DHAVE_CONFIG_H -I.  -I./include -I./include -DSYSCONFDIR='"/etc"'  -pedantic -Wall -Wextra -Wshadow -Wpointer-arith -Wcast-align -Wwrite-strings -Waggregate-return -Wstrict-prototypes -Wmissing-prototypes -Wnested-externs -Winline -Wno-long-long -Wno-format-extra-args -D_REENTRANT   -O2 -m64 -march=x86-64 -mtune=generic -MT libxml2_la-xmlschemas.lo -MD -MP -MF .deps/libxml2_la-xmlschemas.Tpo -c -o libxml2_la-xmlschemas.lo `test -f 'xmlschemas.c' || echo './'`xmlschemas.c
libtool: compile:  gcc -DHAVE_CONFIG_H -I. -I./include -I./include -DSYSCONFDIR=\"/etc\" -pedantic -Wall -Wextra -Wshadow -Wpointer-arith -Wcast-align -Wwrite-strings -Waggregate-return -Wstrict-prototypes -Wmissing-prototypes -Wnested-externs -Winline -Wno-long-long -Wno-format-extra-args -D_REENTRANT -O2 -m64 -march=x86-64 -mtune=generic -MT libxml2_la-relaxng.lo -MD -MP -MF .deps/libxml2_la-relaxng.Tpo -c relaxng.c  -fPIC -DPIC -o .libs/libxml2_la-relaxng.o
mv -f .deps/libxml2_la-xmlsave.Tpo .deps/libxml2_la-xmlsave.Plo
/bin/sh ./libtool  --tag=CC   --mode=compile gcc -DHAVE_CONFIG_H -I.  -I./include -I./include -DSYSCONFDIR='"/etc"'  -pedantic -Wall -Wextra -Wshadow -Wpointer-arith -Wcast-align -Wwrite-strings -Waggregate-return -Wstrict-prototypes -Wmissing-prototypes -Wnested-externs -Winline -Wno-long-long -Wno-format-extra-args -D_REENTRANT   -O2 -m64 -march=x86-64 -mtune=generic -MT libxml2_la-xmlschemastypes.lo -MD -MP -MF .deps/libxml2_la-xmlschemastypes.Tpo -c -o libxml2_la-xmlschemastypes.lo `test -f 'xmlschemastypes.c' || echo './'`xmlschemastypes.c
mv -f .deps/libxml2_la-tree.Tpo .deps/libxml2_la-tree.Plo
libtool: compile:  gcc -DHAVE_CONFIG_H -I. -I./include -I./include -DSYSCONFDIR=\"/etc\" -pedantic -Wall -Wextra -Wshadow -Wpointer-arith -Wcast-align -Wwrite-strings -Waggregate-return -Wstrict-prototypes -Wmissing-prototypes -Wnested-externs -Winline -Wno-long-long -Wno-format-extra-args -D_REENTRANT -O2 -m64 -march=x86-64 -mtune=generic -MT libxml2_la-xmlschemas.lo -MD -MP -MF .deps/libxml2_la-xmlschemas.Tpo -c xmlschemas.c  -fPIC -DPIC -o .libs/libxml2_la-xmlschemas.o
/bin/sh ./libtool  --tag=CC   --mode=compile gcc -DHAVE_CONFIG_H -I.  -I./include -I./include -DSYSCONFDIR='"/etc"'  -pedantic -Wall -Wextra -Wshadow -Wpointer-arith -Wcast-align -Wwrite-strings -Waggregate-return -Wstrict-prototypes -Wmissing-prototypes -Wnested-externs -Winline -Wno-long-long -Wno-format-extra-args -D_REENTRANT   -O2 -m64 -march=x86-64 -mtune=generic -MT libxml2_la-schematron.lo -MD -MP -MF .deps/libxml2_la-schematron.Tpo -c -o libxml2_la-schematron.lo `test -f 'schematron.c' || echo './'`schematron.c
libtool: compile:  gcc -DHAVE_CONFIG_H -I. -I./include -I./include -DSYSCONFDIR=\"/etc\" -pedantic -Wall -Wextra -Wshadow -Wpointer-arith -Wcast-align -Wwrite-strings -Waggregate-return -Wstrict-prototypes -Wmissing-prototypes -Wnested-externs -Winline -Wno-long-long -Wno-format-extra-args -D_REENTRANT -O2 -m64 -march=x86-64 -mtune=generic -MT libxml2_la-xmlschemastypes.lo -MD -MP -MF .deps/libxml2_la-xmlschemastypes.Tpo -c xmlschemastypes.c  -fPIC -DPIC -o .libs/libxml2_la-xmlschemastypes.o
libtool: compile:  gcc -DHAVE_CONFIG_H -I. -I./include -I./include -DSYSCONFDIR=\"/etc\" -pedantic -Wall -Wextra -Wshadow -Wpointer-arith -Wcast-align -Wwrite-strings -Waggregate-return -Wstrict-prototypes -Wmissing-prototypes -Wnested-externs -Winline -Wno-long-long -Wno-format-extra-args -D_REENTRANT -O2 -m64 -march=x86-64 -mtune=generic -MT libxml2_la-schematron.lo -MD -MP -MF .deps/libxml2_la-schematron.Tpo -c schematron.c  -fPIC -DPIC -o .libs/libxml2_la-schematron.o
mv -f .deps/libxml2_la-HTMLparser.Tpo .deps/libxml2_la-HTMLparser.Plo
/bin/sh ./libtool  --tag=CC   --mode=compile gcc -DHAVE_CONFIG_H -I.  -I./include -I./include -DSYSCONFDIR='"/etc"'  -pedantic -Wall -Wextra -Wshadow -Wpointer-arith -Wcast-align -Wwrite-strings -Waggregate-return -Wstrict-prototypes -Wmissing-prototypes -Wnested-externs -Winline -Wno-long-long -Wno-format-extra-args -D_REENTRANT   -O2 -m64 -march=x86-64 -mtune=generic -MT libxml2_la-xmlwriter.lo -MD -MP -MF .deps/libxml2_la-xmlwriter.Tpo -c -o libxml2_la-xmlwriter.lo `test -f 'xmlwriter.c' || echo './'`xmlwriter.c
libtool: compile:  gcc -DHAVE_CONFIG_H -I. -I./include -I./include -DSYSCONFDIR=\"/etc\" -pedantic -Wall -Wextra -Wshadow -Wpointer-arith -Wcast-align -Wwrite-strings -Waggregate-return -Wstrict-prototypes -Wmissing-prototypes -Wnested-externs -Winline -Wno-long-long -Wno-format-extra-args -D_REENTRANT -O2 -m64 -march=x86-64 -mtune=generic -MT libxml2_la-xmlwriter.lo -MD -MP -MF .deps/libxml2_la-xmlwriter.Tpo -c xmlwriter.c  -fPIC -DPIC -o .libs/libxml2_la-xmlwriter.o
mv -f .deps/libxml2_la-xmlreader.Tpo .deps/libxml2_la-xmlreader.Plo
/bin/sh ./libtool  --tag=CC   --mode=compile gcc -DHAVE_CONFIG_H -I.  -I./include -I./include -DSYSCONFDIR='"/etc"'  -pedantic -Wall -Wextra -Wshadow -Wpointer-arith -Wcast-align -Wwrite-strings -Waggregate-return -Wstrict-prototypes -Wmissing-prototypes -Wnested-externs -Winline -Wno-long-long -Wno-format-extra-args -D_REENTRANT   -O2 -m64 -march=x86-64 -mtune=generic -MT libxml2_la-xinclude.lo -MD -MP -MF .deps/libxml2_la-xinclude.Tpo -c -o libxml2_la-xinclude.lo `test -f 'xinclude.c' || echo './'`xinclude.c
mv -f .deps/libxml2_la-schematron.Tpo .deps/libxml2_la-schematron.Plo
/bin/sh ./libtool  --tag=CC   --mode=compile gcc -DHAVE_CONFIG_H -I.  -I./include -I./include -DSYSCONFDIR='"/etc"'  -pedantic -Wall -Wextra -Wshadow -Wpointer-arith -Wcast-align -Wwrite-strings -Waggregate-return -Wstrict-prototypes -Wmissing-prototypes -Wnested-externs -Winline -Wno-long-long -Wno-format-extra-args -D_REENTRANT   -O2 -m64 -march=x86-64 -mtune=generic -MT libxml2_la-xpath.lo -MD -MP -MF .deps/libxml2_la-xpath.Tpo -c -o libxml2_la-xpath.lo `test -f 'xpath.c' || echo './'`xpath.c
libtool: compile:  gcc -DHAVE_CONFIG_H -I. -I./include -I./include -DSYSCONFDIR=\"/etc\" -pedantic -Wall -Wextra -Wshadow -Wpointer-arith -Wcast-align -Wwrite-strings -Waggregate-return -Wstrict-prototypes -Wmissing-prototypes -Wnested-externs -Winline -Wno-long-long -Wno-format-extra-args -D_REENTRANT -O2 -m64 -march=x86-64 -mtune=generic -MT libxml2_la-xinclude.lo -MD -MP -MF .deps/libxml2_la-xinclude.Tpo -c xinclude.c  -fPIC -DPIC -o .libs/libxml2_la-xinclude.o
libtool: compile:  gcc -DHAVE_CONFIG_H -I. -I./include -I./include -DSYSCONFDIR=\"/etc\" -pedantic -Wall -Wextra -Wshadow -Wpointer-arith -Wcast-align -Wwrite-strings -Waggregate-return -Wstrict-prototypes -Wmissing-prototypes -Wnested-externs -Winline -Wno-long-long -Wno-format-extra-args -D_REENTRANT -O2 -m64 -march=x86-64 -mtune=generic -MT libxml2_la-xpath.lo -MD -MP -MF .deps/libxml2_la-xpath.Tpo -c xpath.c  -fPIC -DPIC -o .libs/libxml2_la-xpath.o
mv -f .deps/libxml2_la-xmlregexp.Tpo .deps/libxml2_la-xmlregexp.Plo
/bin/sh ./libtool  --tag=CC   --mode=compile gcc -DHAVE_CONFIG_H -I.  -I./include -I./include -DSYSCONFDIR='"/etc"'  -pedantic -Wall -Wextra -Wshadow -Wpointer-arith -Wcast-align -Wwrite-strings -Waggregate-return -Wstrict-prototypes -Wmissing-prototypes -Wnested-externs -Winline -Wno-long-long -Wno-format-extra-args -D_REENTRANT   -O2 -m64 -march=x86-64 -mtune=generic -MT libxml2_la-xlink.lo -MD -MP -MF .deps/libxml2_la-xlink.Tpo -c -o libxml2_la-xlink.lo `test -f 'xlink.c' || echo './'`xlink.c
libtool: compile:  gcc -DHAVE_CONFIG_H -I. -I./include -I./include -DSYSCONFDIR=\"/etc\" -pedantic -Wall -Wextra -Wshadow -Wpointer-arith -Wcast-align -Wwrite-strings -Waggregate-return -Wstrict-prototypes -Wmissing-prototypes -Wnested-externs -Winline -Wno-long-long -Wno-format-extra-args -D_REENTRANT -O2 -m64 -march=x86-64 -mtune=generic -MT libxml2_la-xlink.lo -MD -MP -MF .deps/libxml2_la-xlink.Tpo -c xlink.c  -fPIC -DPIC -o .libs/libxml2_la-xlink.o
mv -f .deps/libxml2_la-xmlwriter.Tpo .deps/libxml2_la-xmlwriter.Plo
mv -f .deps/libxml2_la-xinclude.Tpo .deps/libxml2_la-xinclude.Plo
/bin/sh ./libtool  --tag=CC   --mode=compile gcc -DHAVE_CONFIG_H -I.  -I./include -I./include -DSYSCONFDIR='"/etc"'  -pedantic -Wall -Wextra -Wshadow -Wpointer-arith -Wcast-align -Wwrite-strings -Waggregate-return -Wstrict-prototypes -Wmissing-prototypes -Wnested-externs -Winline -Wno-long-long -Wno-format-extra-args -D_REENTRANT   -O2 -m64 -march=x86-64 -mtune=generic -MT libxml2_la-xpointer.lo -MD -MP -MF .deps/libxml2_la-xpointer.Tpo -c -o libxml2_la-xpointer.lo `test -f 'xpointer.c' || echo './'`xpointer.c
gcc -DHAVE_CONFIG_H -I.  -I./include -I./include -DSYSCONFDIR='"/etc"'  -pedantic -Wall -Wextra -Wshadow -Wpointer-arith -Wcast-align -Wwrite-strings -Waggregate-return -Wstrict-prototypes -Wmissing-prototypes -Wnested-externs -Winline -Wno-long-long -Wno-format-extra-args   -O2 -m64 -march=x86-64 -mtune=generic -MT xmlcatalog-xmlcatalog.o -MD -MP -MF .deps/xmlcatalog-xmlcatalog.Tpo -c -o xmlcatalog-xmlcatalog.o `test -f 'xmlcatalog.c' || echo './'`xmlcatalog.c
mv -f .deps/libxml2_la-xlink.Tpo .deps/libxml2_la-xlink.Plo
/bin/sh ./libtool  --tag=CC   --mode=compile gcc -DHAVE_CONFIG_H -I.  -I./include -I./include -DSYSCONFDIR='"/etc"'  -pedantic -Wall -Wextra -Wshadow -Wpointer-arith -Wcast-align -Wwrite-strings -Waggregate-return -Wstrict-prototypes -Wmissing-prototypes -Wnested-externs -Winline -Wno-long-long -Wno-format-extra-args -O2 -m64 -march=x86-64 -mtune=generic -MT testdso.lo -MD -MP -MF .deps/testdso.Tpo -c -o testdso.lo testdso.c
libtool: compile:  gcc -DHAVE_CONFIG_H -I. -I./include -I./include -DSYSCONFDIR=\"/etc\" -pedantic -Wall -Wextra -Wshadow -Wpointer-arith -Wcast-align -Wwrite-strings -Waggregate-return -Wstrict-prototypes -Wmissing-prototypes -Wnested-externs -Winline -Wno-long-long -Wno-format-extra-args -D_REENTRANT -O2 -m64 -march=x86-64 -mtune=generic -MT libxml2_la-xpointer.lo -MD -MP -MF .deps/libxml2_la-xpointer.Tpo -c xpointer.c  -fPIC -DPIC -o .libs/libxml2_la-xpointer.o
libtool: compile:  gcc -DHAVE_CONFIG_H -I. -I./include -I./include -DSYSCONFDIR=\"/etc\" -pedantic -Wall -Wextra -Wshadow -Wpointer-arith -Wcast-align -Wwrite-strings -Waggregate-return -Wstrict-prototypes -Wmissing-prototypes -Wnested-externs -Winline -Wno-long-long -Wno-format-extra-args -O2 -m64 -march=x86-64 -mtune=generic -MT testdso.lo -MD -MP -MF .deps/testdso.Tpo -c testdso.c  -fPIC -DPIC -o .libs/testdso.o
mv -f .deps/testdso.Tpo .deps/testdso.Plo
/bin/sh ./libtool  --tag=CC   --mode=link gcc -pedantic -Wall -Wextra -Wshadow -Wpointer-arith -Wcast-align -Wwrite-strings -Waggregate-return -Wstrict-prototypes -Wmissing-prototypes -Wnested-externs -Winline -Wno-long-long -Wno-format-extra-args -O2 -m64 -march=x86-64 -mtune=generic  -module -no-undefined -avoid-version -rpath /usr/lib  -o testdso.la  testdso.lo  
mv -f .deps/libxml2_la-xpointer.Tpo .deps/libxml2_la-xpointer.Plo
mv -f .deps/xmlcatalog-xmlcatalog.Tpo .deps/xmlcatalog-xmlcatalog.Po
libtool: link: gcc -shared  -fPIC -DPIC  .libs/testdso.o    -O2 -m64 -march=x86-64 -mtune=generic   -Wl,-soname -Wl,testdso.so -o .libs/testdso.so
libtool: link: ( cd ".libs" && rm -f "testdso.la" && ln -s "../testdso.la" "testdso.la" )
mv -f .deps/libxml2_la-parser.Tpo .deps/libxml2_la-parser.Plo
mv -f .deps/libxml2_la-xmlschemastypes.Tpo .deps/libxml2_la-xmlschemastypes.Plo
mv -f .deps/libxml2_la-relaxng.Tpo .deps/libxml2_la-relaxng.Plo
mv -f .deps/libxml2_la-xpath.Tpo .deps/libxml2_la-xpath.Plo
mv -f .deps/libxml2_la-xmlschemas.Tpo .deps/libxml2_la-xmlschemas.Plo
/bin/sh ./libtool  --tag=CC   --mode=link gcc -pedantic -Wall -Wextra -Wshadow -Wpointer-arith -Wcast-align -Wwrite-strings -Waggregate-return -Wstrict-prototypes -Wmissing-prototypes -Wnested-externs -Winline -Wno-long-long -Wno-format-extra-args -D_REENTRANT   -O2 -m64 -march=x86-64 -mtune=generic  -no-undefined -version-info 13:4:11  -Wl,--undefined-version -Wl,--version-script=./libxml2.syms  -o libxml2.la -rpath /usr/lib libxml2_la-buf.lo libxml2_la-chvalid.lo libxml2_la-dict.lo libxml2_la-entities.lo libxml2_la-encoding.lo libxml2_la-error.lo libxml2_la-globals.lo libxml2_la-hash.lo libxml2_la-list.lo libxml2_la-parser.lo libxml2_la-parserInternals.lo libxml2_la-SAX2.lo libxml2_la-threads.lo libxml2_la-tree.lo libxml2_la-uri.lo libxml2_la-valid.lo libxml2_la-xmlIO.lo libxml2_la-xmlmemory.lo libxml2_la-xmlstring.lo libxml2_la-c14n.lo libxml2_la-catalog.lo libxml2_la-debugXML.lo  libxml2_la-HTMLparser.lo libxml2_la-HTMLtree.lo libxml2_la-nanohttp.lo   libxml2_la-xzlib.lo libxml2_la-xmlmodule.lo libxml2_la-xmlsave.lo libxml2_la-pattern.lo libxml2_la-xmlreader.lo libxml2_la-xmlregexp.lo libxml2_la-xmlunicode.lo libxml2_la-relaxng.lo libxml2_la-xmlschemas.lo libxml2_la-xmlschemastypes.lo  libxml2_la-schematron.lo  libxml2_la-xmlwriter.lo libxml2_la-xinclude.lo libxml2_la-xpath.lo libxml2_la-xlink.lo libxml2_la-xpointer.lo -lz -llzma    -lm  
libtool: link: gcc -shared  -fPIC -DPIC  .libs/libxml2_la-buf.o .libs/libxml2_la-chvalid.o .libs/libxml2_la-dict.o .libs/libxml2_la-entities.o .libs/libxml2_la-encoding.o .libs/libxml2_la-error.o .libs/libxml2_la-globals.o .libs/libxml2_la-hash.o .libs/libxml2_la-list.o .libs/libxml2_la-parser.o .libs/libxml2_la-parserInternals.o .libs/libxml2_la-SAX2.o .libs/libxml2_la-threads.o .libs/libxml2_la-tree.o .libs/libxml2_la-uri.o .libs/libxml2_la-valid.o .libs/libxml2_la-xmlIO.o .libs/libxml2_la-xmlmemory.o .libs/libxml2_la-xmlstring.o .libs/libxml2_la-c14n.o .libs/libxml2_la-catalog.o .libs/libxml2_la-debugXML.o .libs/libxml2_la-HTMLparser.o .libs/libxml2_la-HTMLtree.o .libs/libxml2_la-nanohttp.o .libs/libxml2_la-xzlib.o .libs/libxml2_la-xmlmodule.o .libs/libxml2_la-xmlsave.o .libs/libxml2_la-pattern.o .libs/libxml2_la-xmlreader.o .libs/libxml2_la-xmlregexp.o .libs/libxml2_la-xmlunicode.o .libs/libxml2_la-relaxng.o .libs/libxml2_la-xmlschemas.o .libs/libxml2_la-xmlschemastypes.o .libs/libxml2_la-schematron.o .libs/libxml2_la-xmlwriter.o .libs/libxml2_la-xinclude.o .libs/libxml2_la-xpath.o .libs/libxml2_la-xlink.o .libs/libxml2_la-xpointer.o   -lz -llzma -lm  -O2 -m64 -march=x86-64 -mtune=generic -Wl,--undefined-version -Wl,--version-script=./libxml2.syms   -Wl,-soname -Wl,libxml2.so.2 -o .libs/libxml2.so.2.11.4
libtool: link: (cd ".libs" && rm -f "libxml2.so.2" && ln -s "libxml2.so.2.11.4" "libxml2.so.2")
libtool: link: (cd ".libs" && rm -f "libxml2.so" && ln -s "libxml2.so.2.11.4" "libxml2.so")
libtool: link: ( cd ".libs" && rm -f "libxml2.la" && ln -s "../libxml2.la" "libxml2.la" )
/bin/sh ./libtool  --tag=CC   --mode=link gcc -pedantic -Wall -Wextra -Wshadow -Wpointer-arith -Wcast-align -Wwrite-strings -Waggregate-return -Wstrict-prototypes -Wmissing-prototypes -Wnested-externs -Winline -Wno-long-long -Wno-format-extra-args   -O2 -m64 -march=x86-64 -mtune=generic   -o xmllint xmllint-xmllint.o -lreadline -lhistory  ./libxml2.la 
/bin/sh ./libtool  --tag=CC   --mode=link gcc -pedantic -Wall -Wextra -Wshadow -Wpointer-arith -Wcast-align -Wwrite-strings -Waggregate-return -Wstrict-prototypes -Wmissing-prototypes -Wnested-externs -Winline -Wno-long-long -Wno-format-extra-args   -O2 -m64 -march=x86-64 -mtune=generic   -o xmlcatalog xmlcatalog-xmlcatalog.o -lreadline -lhistory  ./libxml2.la 
libtool: link: gcc -pedantic -Wall -Wextra -Wshadow -Wpointer-arith -Wcast-align -Wwrite-strings -Waggregate-return -Wstrict-prototypes -Wmissing-prototypes -Wnested-externs -Winline -Wno-long-long -Wno-format-extra-args -O2 -m64 -march=x86-64 -mtune=generic -o .libs/xmlcatalog xmlcatalog-xmlcatalog.o  -lreadline -lhistory ./.libs/libxml2.so
libtool: link: gcc -pedantic -Wall -Wextra -Wshadow -Wpointer-arith -Wcast-align -Wwrite-strings -Waggregate-return -Wstrict-prototypes -Wmissing-prototypes -Wnested-externs -Winline -Wno-long-long -Wno-format-extra-args -O2 -m64 -march=x86-64 -mtune=generic -o .libs/xmllint xmllint-xmllint.o  -lreadline -lhistory ./.libs/libxml2.so
make[2]: Leaving directory '/home/devel/building/work/src/libxml2-2.11.4'
Making all in doc
make[2]: Entering directory '/home/devel/building/work/src/libxml2-2.11.4/doc'
Making all in .
make[3]: Entering directory '/home/devel/building/work/src/libxml2-2.11.4/doc'
make[3]: Nothing to be done for 'all-am'.
make[3]: Leaving directory '/home/devel/building/work/src/libxml2-2.11.4/doc'
Making all in devhelp
make[3]: Entering directory '/home/devel/building/work/src/libxml2-2.11.4/doc/devhelp'
make[3]: Nothing to be done for 'all'.
make[3]: Leaving directory '/home/devel/building/work/src/libxml2-2.11.4/doc/devhelp'
Making all in examples
make[3]: Entering directory '/home/devel/building/work/src/libxml2-2.11.4/doc/examples'
make[3]: Nothing to be done for 'all'.
make[3]: Leaving directory '/home/devel/building/work/src/libxml2-2.11.4/doc/examples'
make[2]: Leaving directory '/home/devel/building/work/src/libxml2-2.11.4/doc'
Making all in example
make[2]: Entering directory '/home/devel/building/work/src/libxml2-2.11.4/example'
make[2]: Nothing to be done for 'all'.
make[2]: Leaving directory '/home/devel/building/work/src/libxml2-2.11.4/example'
Making all in xstc
make[2]: Entering directory '/home/devel/building/work/src/libxml2-2.11.4/xstc'
make[2]: Nothing to be done for 'all'.
make[2]: Leaving directory '/home/devel/building/work/src/libxml2-2.11.4/xstc'
Making all in fuzz
make[2]: Entering directory '/home/devel/building/work/src/libxml2-2.11.4/fuzz'
make[2]: Nothing to be done for 'all'.
make[2]: Leaving directory '/home/devel/building/work/src/libxml2-2.11.4/fuzz'
make[1]: Leaving directory '/home/devel/building/work/src/libxml2-2.11.4'
+ make DESTDIR=/home/devel/building/work/pkg install
Making install in include
make[1]: Entering directory '/home/devel/building/work/src/libxml2-2.11.4/include'
Making install in libxml
make[2]: Entering directory '/home/devel/building/work/src/libxml2-2.11.4/include/libxml'
make[3]: Entering directory '/home/devel/building/work/src/libxml2-2.11.4/include/libxml'
make[3]: Nothing to be done for 'install-exec-am'.
 /bin/mkdir -p '/home/devel/building/work/pkg/usr/include/libxml2/libxml'
 /bin/mkdir -p '/home/devel/building/work/pkg/usr/include/libxml2/libxml'
 /usr/bin/install -c -m 644 xmlversion.h '/home/devel/building/work/pkg/usr/include/libxml2/libxml'
 /usr/bin/install -c -m 644 SAX.h entities.h encoding.h parser.h parserInternals.h xmlerror.h HTMLparser.h HTMLtree.h debugXML.h tree.h list.h hash.h xpath.h xpathInternals.h xpointer.h xinclude.h xmlIO.h xmlmemory.h nanohttp.h nanoftp.h uri.h valid.h xlink.h catalog.h threads.h globals.h c14n.h xmlautomata.h xmlregexp.h xmlmodule.h xmlschemas.h schemasInternals.h xmlschemastypes.h xmlstring.h xmlunicode.h xmlreader.h relaxng.h dict.h SAX2.h xmlexports.h '/home/devel/building/work/pkg/usr/include/libxml2/libxml'
 /usr/bin/install -c -m 644 xmlwriter.h chvalid.h pattern.h xmlsave.h schematron.h '/home/devel/building/work/pkg/usr/include/libxml2/libxml'
make[3]: Leaving directory '/home/devel/building/work/src/libxml2-2.11.4/include/libxml'
make[2]: Leaving directory '/home/devel/building/work/src/libxml2-2.11.4/include/libxml'
Making install in private
make[2]: Entering directory '/home/devel/building/work/src/libxml2-2.11.4/include/private'
make[3]: Entering directory '/home/devel/building/work/src/libxml2-2.11.4/include/private'
make[3]: Nothing to be done for 'install-exec-am'.
make[3]: Nothing to be done for 'install-data-am'.
make[3]: Leaving directory '/home/devel/building/work/src/libxml2-2.11.4/include/private'
make[2]: Leaving directory '/home/devel/building/work/src/libxml2-2.11.4/include/private'
make[2]: Entering directory '/home/devel/building/work/src/libxml2-2.11.4/include'
make[3]: Entering directory '/home/devel/building/work/src/libxml2-2.11.4/include'
make[3]: Nothing to be done for 'install-exec-am'.
make[3]: Nothing to be done for 'install-data-am'.
make[3]: Leaving directory '/home/devel/building/work/src/libxml2-2.11.4/include'
make[2]: Leaving directory '/home/devel/building/work/src/libxml2-2.11.4/include'
make[1]: Leaving directory '/home/devel/building/work/src/libxml2-2.11.4/include'
Making install in .
make[1]: Entering directory '/home/devel/building/work/src/libxml2-2.11.4'
make[2]: Entering directory '/home/devel/building/work/src/libxml2-2.11.4'
 /bin/mkdir -p '/home/devel/building/work/pkg/usr/bin'
 /bin/mkdir -p '/home/devel/building/work/pkg/usr/lib/cmake/libxml2'
 /bin/mkdir -p '/home/devel/building/work/pkg/usr/share/aclocal'
 /bin/mkdir -p '/home/devel/building/work/pkg/usr/share/doc/libxml2/examples'
 /bin/mkdir -p '/home/devel/building/work/pkg/usr/lib/pkgconfig'
 /bin/mkdir -p '/home/devel/building/work/pkg/usr/lib'
 /bin/sh ./libtool   --mode=install /usr/bin/install -c   libxml2.la '/home/devel/building/work/pkg/usr/lib'
 /usr/bin/install -c -m 644 libxml2-config.cmake '/home/devel/building/work/pkg/usr/lib/cmake/libxml2'
 /usr/bin/install -c xml2-config '/home/devel/building/work/pkg/usr/bin'
 /usr/bin/install -c -m 644 libxml-2.0.pc '/home/devel/building/work/pkg/usr/lib/pkgconfig'
 /usr/bin/install -c -m 644 libxml.m4 '/home/devel/building/work/pkg/usr/share/aclocal'
 /usr/bin/install -c -m 644 xmllint.c '/home/devel/building/work/pkg/usr/share/doc/libxml2/examples'
libtool: install: /usr/bin/install -c .libs/libxml2.so.2.11.4 /home/devel/building/work/pkg/usr/lib/libxml2.so.2.11.4
libtool: install: (cd /home/devel/building/work/pkg/usr/lib && { ln -s -f libxml2.so.2.11.4 libxml2.so.2 || { rm -f libxml2.so.2 && ln -s libxml2.so.2.11.4 libxml2.so.2; }; })
libtool: install: (cd /home/devel/building/work/pkg/usr/lib && { ln -s -f libxml2.so.2.11.4 libxml2.so || { rm -f libxml2.so && ln -s libxml2.so.2.11.4 libxml2.so; }; })
libtool: install: /usr/bin/install -c .libs/libxml2.lai /home/devel/building/work/pkg/usr/lib/libxml2.la
libtool: warning: remember to run 'libtool --finish /usr/lib'
 /bin/mkdir -p '/home/devel/building/work/pkg/usr/bin'
  /bin/sh ./libtool   --mode=install /usr/bin/install -c xmllint xmlcatalog '/home/devel/building/work/pkg/usr/bin'
libtool: warning: './libxml2.la' has not been installed in '/usr/lib'
libtool: install: /usr/bin/install -c .libs/xmllint /home/devel/building/work/pkg/usr/bin/xmllint
libtool: warning: './libxml2.la' has not been installed in '/usr/lib'
libtool: install: /usr/bin/install -c .libs/xmlcatalog /home/devel/building/work/pkg/usr/bin/xmlcatalog
make[2]: Leaving directory '/home/devel/building/work/src/libxml2-2.11.4'
make[1]: Leaving directory '/home/devel/building/work/src/libxml2-2.11.4'
Making install in doc
make[1]: Entering directory '/home/devel/building/work/src/libxml2-2.11.4/doc'
Making install in .
make[2]: Entering directory '/home/devel/building/work/src/libxml2-2.11.4/doc'
make[3]: Entering directory '/home/devel/building/work/src/libxml2-2.11.4/doc'
make[3]: Nothing to be done for 'install-exec-am'.
 /bin/mkdir -p '/home/devel/building/work/pkg/usr/share/man/man1'
 /bin/mkdir -p '/home/devel/building/work/pkg/usr/share/doc/libxml2'
 /usr/bin/install -c -m 644 xml2-config.1 xmllint.1 xmlcatalog.1 '/home/devel/building/work/pkg/usr/share/man/man1'
 /bin/mkdir -p '/home/devel/building/work/pkg/usr/share/doc/libxml2/tutorial/images'
 /usr/bin/install -c -m 644  tutorial/images/blank.png tutorial/images/caution.png tutorial/images/draft.png tutorial/images/home.png tutorial/images/important.png tutorial/images/next.png tutorial/images/note.png tutorial/images/prev.png tutorial/images/tip.png tutorial/images/toc-blank.png tutorial/images/toc-minus.png tutorial/images/toc-plus.png tutorial/images/up.png tutorial/images/warning.png '/home/devel/building/work/pkg/usr/share/doc/libxml2/tutorial/images'
 /usr/bin/install -c -m 644  xmlcatalog.html xmllint.html '/home/devel/building/work/pkg/usr/share/doc/libxml2/.'
 /bin/mkdir -p '/home/devel/building/work/pkg/usr/share/doc/libxml2/tutorial/images/callouts'
 /usr/bin/install -c -m 644  tutorial/images/callouts/1.png tutorial/images/callouts/10.png tutorial/images/callouts/2.png tutorial/images/callouts/3.png tutorial/images/callouts/4.png tutorial/images/callouts/5.png tutorial/images/callouts/6.png tutorial/images/callouts/7.png tutorial/images/callouts/8.png tutorial/images/callouts/9.png '/home/devel/building/work/pkg/usr/share/doc/libxml2/tutorial/images/callouts'
 /bin/mkdir -p '/home/devel/building/work/pkg/usr/share/doc/libxml2/tutorial'
 /usr/bin/install -c -m 644  tutorial/apa.html tutorial/apb.html tutorial/apc.html tutorial/apd.html tutorial/ape.html tutorial/apf.html tutorial/apg.html tutorial/aph.html tutorial/api.html tutorial/ar01s02.html tutorial/ar01s03.html tutorial/ar01s04.html tutorial/ar01s05.html tutorial/ar01s06.html tutorial/ar01s07.html tutorial/ar01s08.html tutorial/ar01s09.html tutorial/includeaddattribute.c tutorial/includeaddkeyword.c tutorial/includeconvert.c tutorial/includegetattribute.c tutorial/includekeyword.c tutorial/includexpath.c tutorial/index.html tutorial/ix01.html '/home/devel/building/work/pkg/usr/share/doc/libxml2/tutorial'
make[3]: Leaving directory '/home/devel/building/work/src/libxml2-2.11.4/doc'
make[2]: Leaving directory '/home/devel/building/work/src/libxml2-2.11.4/doc'
Making install in devhelp
make[2]: Entering directory '/home/devel/building/work/src/libxml2-2.11.4/doc/devhelp'
make[3]: Entering directory '/home/devel/building/work/src/libxml2-2.11.4/doc/devhelp'
make[3]: Nothing to be done for 'install-exec-am'.
 /bin/mkdir -p '/home/devel/building/work/pkg/usr/share/gtk-doc/html/libxml2'
 /usr/bin/install -c -m 644 libxml2.devhelp2 general.html index.html libxml2-c14n.html libxml2-catalog.html libxml2-chvalid.html libxml2-debugXML.html libxml2-dict.html libxml2-encoding.html libxml2-entities.html libxml2-globals.html libxml2-hash.html libxml2-HTMLparser.html libxml2-HTMLtree.html libxml2-list.html libxml2-nanoftp.html libxml2-nanohttp.html libxml2-parser.html libxml2-parserInternals.html libxml2-pattern.html libxml2-relaxng.html libxml2-SAX2.html libxml2-SAX.html libxml2-schemasInternals.html libxml2-schematron.html libxml2-threads.html libxml2-tree.html libxml2-uri.html libxml2-valid.html libxml2-xinclude.html libxml2-xlink.html libxml2-xmlautomata.html libxml2-xmlerror.html libxml2-xmlexports.html libxml2-xmlIO.html libxml2-xmlmemory.html libxml2-xmlmodule.html libxml2-xmlreader.html libxml2-xmlregexp.html libxml2-xmlsave.html '/home/devel/building/work/pkg/usr/share/gtk-doc/html/libxml2'
 /usr/bin/install -c -m 644 libxml2-xmlschemas.html libxml2-xmlschemastypes.html libxml2-xmlstring.html libxml2-xmlunicode.html libxml2-xmlversion.html libxml2-xmlwriter.html libxml2-xpath.html libxml2-xpathInternals.html libxml2-xpointer.html home.png left.png right.png up.png style.css '/home/devel/building/work/pkg/usr/share/gtk-doc/html/libxml2'
make[3]: Leaving directory '/home/devel/building/work/src/libxml2-2.11.4/doc/devhelp'
make[2]: Leaving directory '/home/devel/building/work/src/libxml2-2.11.4/doc/devhelp'
Making install in examples
make[2]: Entering directory '/home/devel/building/work/src/libxml2-2.11.4/doc/examples'
make[3]: Entering directory '/home/devel/building/work/src/libxml2-2.11.4/doc/examples'
make[3]: Nothing to be done for 'install-exec-am'.
/bin/mkdir -p /home/devel/building/work/pkg/usr/share/doc/libxml2/examples
/usr/bin/install -c -m 0644 ./*.html ./*.c /home/devel/building/work/pkg/usr/share/doc/libxml2/examples/
make[3]: Leaving directory '/home/devel/building/work/src/libxml2-2.11.4/doc/examples'
make[2]: Leaving directory '/home/devel/building/work/src/libxml2-2.11.4/doc/examples'
make[1]: Leaving directory '/home/devel/building/work/src/libxml2-2.11.4/doc'
Making install in example
make[1]: Entering directory '/home/devel/building/work/src/libxml2-2.11.4/example'
make[2]: Entering directory '/home/devel/building/work/src/libxml2-2.11.4/example'
make[2]: Nothing to be done for 'install-exec-am'.
make[2]: Nothing to be done for 'install-data-am'.
make[2]: Leaving directory '/home/devel/building/work/src/libxml2-2.11.4/example'
make[1]: Leaving directory '/home/devel/building/work/src/libxml2-2.11.4/example'
Making install in xstc
make[1]: Entering directory '/home/devel/building/work/src/libxml2-2.11.4/xstc'
make[2]: Entering directory '/home/devel/building/work/src/libxml2-2.11.4/xstc'
make[2]: Nothing to be done for 'install-exec-am'.
make[2]: Nothing to be done for 'install-data-am'.
make[2]: Leaving directory '/home/devel/building/work/src/libxml2-2.11.4/xstc'
make[1]: Leaving directory '/home/devel/building/work/src/libxml2-2.11.4/xstc'
Making install in fuzz
make[1]: Entering directory '/home/devel/building/work/src/libxml2-2.11.4/fuzz'
make[2]: Entering directory '/home/devel/building/work/src/libxml2-2.11.4/fuzz'
make[2]: Nothing to be done for 'install-exec-am'.
make[2]: Nothing to be done for 'install-data-am'.
make[2]: Leaving directory '/home/devel/building/work/src/libxml2-2.11.4/fuzz'
make[1]: Leaving directory '/home/devel/building/work/src/libxml2-2.11.4/fuzz'
+ rm -r /home/devel/building/work/pkg/usr/share/doc /home/devel/building/work/pkg/usr/share/gtk-doc
+ find /home/devel/building/work/pkg -type f -name '*.la' -delete
=======> Build result:
drwxr-xr-x  0 root   root        0 Jul 12 18:06 usr/
drwxr-xr-x  0 root   root        0 Jul 12 18:06 usr/share/
drwxr-xr-x  0 root   root        0 Jul 12 18:06 usr/lib/
drwxr-xr-x  0 root   root        0 Jul 12 18:06 usr/bin/
drwxr-xr-x  0 root   root        0 Jul 12 18:06 usr/include/
drwxr-xr-x  0 root   root        0 Jul 12 18:06 usr/include/libxml2/
drwxr-xr-x  0 root   root        0 Jul 12 18:06 usr/include/libxml2/libxml/
-rw-r--r--  0 root   root     4226 Jul 12 18:06 usr/include/libxml2/libxml/schematron.h
-rw-r--r--  0 root   root     2257 Jul 12 18:06 usr/include/libxml2/libxml/xmlsave.h
-rw-r--r--  0 root   root     2466 Jul 12 18:06 usr/include/libxml2/libxml/pattern.h
-rw-r--r--  0 root   root     5087 Jul 12 18:06 usr/include/libxml2/libxml/chvalid.h
-rw-r--r--  0 root   root    20625 Jul 12 18:06 usr/include/libxml2/libxml/xmlwriter.h
-rw-r--r--  0 root   root      992 Jul 12 18:06 usr/include/libxml2/libxml/xmlexports.h
-rw-r--r--  0 root   root     4469 Jul 12 18:06 usr/include/libxml2/libxml/SAX2.h
-rw-r--r--  0 root   root     1740 Jul 12 18:06 usr/include/libxml2/libxml/dict.h
-rw-r--r--  0 root   root     5801 Jul 12 18:06 usr/include/libxml2/libxml/relaxng.h
-rw-r--r--  0 root   root    11911 Jul 12 18:06 usr/include/libxml2/libxml/xmlreader.h
-rw-r--r--  0 root   root     8665 Jul 12 18:06 usr/include/libxml2/libxml/xmlunicode.h
-rw-r--r--  0 root   root     5271 Jul 12 18:06 usr/include/libxml2/libxml/xmlstring.h
-rw-r--r--  0 root   root     4583 Jul 12 18:06 usr/include/libxml2/libxml/xmlschemastypes.h
-rw-r--r--  0 root   root    26208 Jul 12 18:06 usr/include/libxml2/libxml/schemasInternals.h
-rw-r--r--  0 root   root     6825 Jul 12 18:06 usr/include/libxml2/libxml/xmlschemas.h
-rw-r--r--  0 root   root     1138 Jul 12 18:06 usr/include/libxml2/libxml/xmlmodule.h
-rw-r--r--  0 root   root     5218 Jul 12 18:06 usr/include/libxml2/libxml/xmlregexp.h
-rw-r--r--  0 root   root     3787 Jul 12 18:06 usr/include/libxml2/libxml/xmlautomata.h
-rw-r--r--  0 root   root     3085 Jul 12 18:06 usr/include/libxml2/libxml/c14n.h
-rw-r--r--  0 root   root    14402 Jul 12 18:06 usr/include/libxml2/libxml/globals.h
-rw-r--r--  0 root   root     1875 Jul 12 18:06 usr/include/libxml2/libxml/threads.h
-rw-r--r--  0 root   root     4618 Jul 12 18:06 usr/include/libxml2/libxml/catalog.h
-rw-r--r--  0 root   root     5002 Jul 12 18:06 usr/include/libxml2/libxml/xlink.h
-rw-r--r--  0 root   root    12781 Jul 12 18:06 usr/include/libxml2/libxml/valid.h
-rw-r--r--  0 root   root     2544 Jul 12 18:06 usr/include/libxml2/libxml/uri.h
-rw-r--r--  0 root   root     3964 Jul 12 18:06 usr/include/libxml2/libxml/nanoftp.h
-rw-r--r--  0 root   root     1869 Jul 12 18:06 usr/include/libxml2/libxml/nanohttp.h
-rw-r--r--  0 root   root     5825 Jul 12 18:06 usr/include/libxml2/libxml/xmlmemory.h
-rw-r--r--  0 root   root    10203 Jul 12 18:06 usr/include/libxml2/libxml/xmlIO.h
-rw-r--r--  0 root   root     2887 Jul 12 18:06 usr/include/libxml2/libxml/xinclude.h
-rw-r--r--  0 root   root     3616 Jul 12 18:06 usr/include/libxml2/libxml/xpointer.h
-rw-r--r--  0 root   root    18417 Jul 12 18:06 usr/include/libxml2/libxml/xpathInternals.h
-rw-r--r--  0 root   root    16419 Jul 12 18:06 usr/include/libxml2/libxml/xpath.h
-rw-r--r--  0 root   root     6401 Jul 12 18:06 usr/include/libxml2/libxml/hash.h
-rw-r--r--  0 root   root     3140 Jul 12 18:06 usr/include/libxml2/libxml/list.h
-rw-r--r--  0 root   root    36886 Jul 12 18:06 usr/include/libxml2/libxml/tree.h
-rw-r--r--  0 root   root     4928 Jul 12 18:06 usr/include/libxml2/libxml/debugXML.h
-rw-r--r--  0 root   root     3502 Jul 12 18:06 usr/include/libxml2/libxml/HTMLtree.h
-rw-r--r--  0 root   root     9489 Jul 12 18:06 usr/include/libxml2/libxml/HTMLparser.h
-rw-r--r--  0 root   root    36101 Jul 12 18:06 usr/include/libxml2/libxml/xmlerror.h
-rw-r--r--  0 root   root    16579 Jul 12 18:06 usr/include/libxml2/libxml/parserInternals.h
-rw-r--r--  0 root   root    39606 Jul 12 18:06 usr/include/libxml2/libxml/parser.h
-rw-r--r--  0 root   root     7909 Jul 12 18:06 usr/include/libxml2/libxml/encoding.h
-rw-r--r--  0 root   root     4550 Jul 12 18:06 usr/include/libxml2/libxml/entities.h
-rw-r--r--  0 root   root     4457 Jul 12 18:06 usr/include/libxml2/libxml/SAX.h
-rw-r--r--  0 root   root     9306 Jul 12 18:06 usr/include/libxml2/libxml/xmlversion.h
-rwxr-xr-x  0 root   root    18752 Jul 12 18:06 usr/bin/xmlcatalog
-rwxr-xr-x  0 root   root    65800 Jul 12 18:06 usr/bin/xmllint
-rwxr-xr-x  0 root   root     1770 Jul 12 18:06 usr/bin/xml2-config
lrwxrwxrwx  0 root   root        0 Jul 12 18:06 usr/lib/libxml2.so -> libxml2.so.2.11.4
lrwxrwxrwx  0 root   root        0 Jul 12 18:06 usr/lib/libxml2.so.2 -> libxml2.so.2.11.4
-rwxr-xr-x  0 root   root  1428576 Jul 12 18:06 usr/lib/libxml2.so.2.11.4
drwxr-xr-x  0 root   root        0 Jul 12 18:06 usr/lib/pkgconfig/
drwxr-xr-x  0 root   root        0 Jul 12 18:06 usr/lib/cmake/
drwxr-xr-x  0 root   root        0 Jul 12 18:06 usr/lib/cmake/libxml2/
-rw-r--r--  0 root   root     4596 Jul 12 18:06 usr/lib/cmake/libxml2/libxml2-config.cmake
-rw-r--r--  0 root   root      269 Jul 12 18:06 usr/lib/pkgconfig/libxml-2.0.pc
drwxr-xr-x  0 root   root        0 Jul 12 18:06 usr/share/man/
drwxr-xr-x  0 root   root        0 Jul 12 18:06 usr/share/aclocal/
-rw-r--r--  0 root   root      461 Jul 12 18:06 usr/share/aclocal/libxml.m4
drwxr-xr-x  0 root   root        0 Jul 12 18:06 usr/share/man/man1/
-rw-r--r--  0 root   root      637 Jul 12 18:06 usr/share/man/man1/xml2-config.1.gz
-rw-r--r--  0 root   root     4564 Jul 12 18:06 usr/share/man/man1/xmllint.1.gz
-rw-r--r--  0 root   root     2822 Jul 12 18:06 usr/share/man/man1/xmlcatalog.1.gz
=======> Building '/home/devel/packages/libxml2#2.11.4-1.x86_64.pkg.tar.zst' succeeded.
prt-get: Using PKGMK_PACKAGE_DIR: /home/devel/packages
prt-get: reinstalling libxml2 2.11.4-1
prt-get: /usr/bin/pkgadd -u libxml2#2.11.4-1.x86_64.pkg.tar.zst
prt-get: build done Wed Jul 12 18:06:36 2023

