prt-get: updating /usr/ports/opt-x86_64/npth
prt-get: starting build Wed Jul 12 18:38:06 2023
=======> Building '/home/devel/packages/npth#1.6-4.x86_64.pkg.tar.zst'.
bsdtar -p -o -C /home/devel/building/work/src -xf /home/devel/sources/npth-1.6.tar.bz2
+ build
+ cd npth-1.6
+ CFLAGS+=' -flto=auto -ffat-lto-objects'
+ CXXFLAGS+=' -flto=auto -ffat-lto-objects'
+ ./configure --build=x86_64-unknown-linux-gnu --host=x86_64-unknown-linux-gnu --prefix=/usr
checking for a BSD-compatible install... /usr/bin/install -c
checking whether build environment is sane... yes
checking for a thread-safe mkdir -p... /bin/mkdir -p
checking for gawk... gawk
checking whether make sets $(MAKE)... yes
checking whether make supports nested variables... yes
checking whether to enable maintainer-specific portions of Makefiles... no
checking build system type... x86_64-unknown-linux-gnu
checking host system type... x86_64-unknown-linux-gnu
checking whether make supports nested variables... (cached) yes
checking for style of include used by make... GNU
checking for x86_64-unknown-linux-gnu-gcc... x86_64-unknown-linux-gnu-gcc
checking whether the C compiler works... yes
checking for C compiler default output file name... a.out
checking for suffix of executables... 
checking whether we are cross compiling... no
checking for suffix of object files... o
checking whether we are using the GNU C compiler... yes
checking whether x86_64-unknown-linux-gnu-gcc accepts -g... yes
checking for x86_64-unknown-linux-gnu-gcc option to accept ISO C89... none needed
checking whether x86_64-unknown-linux-gnu-gcc understands -c and -o together... yes
checking dependency style of x86_64-unknown-linux-gnu-gcc... gcc3
checking how to run the C preprocessor... x86_64-unknown-linux-gnu-gcc -E
checking for grep that handles long lines and -e... /usr/bin/grep
checking for egrep... /usr/bin/grep -E
checking for ANSI C header files... yes
checking for sys/types.h... yes
checking for sys/stat.h... yes
checking for stdlib.h... yes
checking for string.h... yes
checking for memory.h... yes
checking for strings.h... yes
checking for inttypes.h... yes
checking for stdint.h... yes
checking for unistd.h... yes
checking minix/config.h usability... no
checking minix/config.h presence... no
checking for minix/config.h... no
checking whether it is safe to define __EXTENSIONS__... yes
checking for x86_64-unknown-linux-gnu-gcc... (cached) x86_64-unknown-linux-gnu-gcc
checking whether we are using the GNU C compiler... (cached) yes
checking whether x86_64-unknown-linux-gnu-gcc accepts -g... (cached) yes
checking for x86_64-unknown-linux-gnu-gcc option to accept ISO C89... (cached) none needed
checking whether x86_64-unknown-linux-gnu-gcc understands -c and -o together... (cached) yes
checking dependency style of x86_64-unknown-linux-gnu-gcc... (cached) gcc3
checking how to print strings... printf
checking for a sed that does not truncate output... /bin/sed
checking for fgrep... /usr/bin/grep -F
checking for ld used by x86_64-unknown-linux-gnu-gcc... /usr/bin/ld
checking if the linker (/usr/bin/ld) is GNU ld... yes
checking for BSD- or MS-compatible name lister (nm)... /usr/bin/nm -B
checking the name lister (/usr/bin/nm -B) interface... BSD nm
checking whether ln -s works... yes
checking the maximum length of command line arguments... 1572864
checking whether the shell understands some XSI constructs... yes
checking whether the shell understands "+="... no
checking how to convert x86_64-unknown-linux-gnu file names to x86_64-unknown-linux-gnu format... func_convert_file_noop
checking how to convert x86_64-unknown-linux-gnu file names to toolchain format... func_convert_file_noop
checking for /usr/bin/ld option to reload object files... -r
checking for x86_64-unknown-linux-gnu-objdump... x86_64-unknown-linux-gnu-objdump
checking how to recognize dependent libraries... pass_all
checking for x86_64-unknown-linux-gnu-dlltool... no
checking for dlltool... no
checking how to associate runtime and link libraries... printf %s\n
checking for x86_64-unknown-linux-gnu-ar... x86_64-unknown-linux-gnu-ar
checking for archiver @FILE support... @
checking for x86_64-unknown-linux-gnu-strip... x86_64-unknown-linux-gnu-strip
checking for x86_64-unknown-linux-gnu-ranlib... x86_64-unknown-linux-gnu-ranlib
checking command to parse /usr/bin/nm -B output from x86_64-unknown-linux-gnu-gcc object... ok
checking for sysroot... no
checking for x86_64-unknown-linux-gnu-mt... no
checking for mt... no
checking if : is a manifest tool... no
checking for dlfcn.h... yes
checking for objdir... .libs
checking if x86_64-unknown-linux-gnu-gcc supports -fno-rtti -fno-exceptions... no
checking for x86_64-unknown-linux-gnu-gcc option to produce PIC... -fPIC -DPIC
checking if x86_64-unknown-linux-gnu-gcc PIC flag -fPIC -DPIC works... yes
checking if x86_64-unknown-linux-gnu-gcc static flag -static works... yes
checking if x86_64-unknown-linux-gnu-gcc supports -c -o file.o... yes
checking if x86_64-unknown-linux-gnu-gcc supports -c -o file.o... (cached) yes
checking whether the x86_64-unknown-linux-gnu-gcc linker (/usr/bin/ld -m elf_x86_64) supports shared libraries... yes
checking whether -lc should be explicitly linked in... no
checking dynamic linker characteristics... GNU/Linux ld.so
checking how to hardcode library paths into programs... immediate
checking whether stripping libraries is possible... yes
checking if libtool supports shared libraries... yes
checking whether to build shared libraries... yes
checking whether to build static libraries... no
checking for x86_64-unknown-linux-gnu-windres... no
checking for windres... no
checking sys/socket.h usability... yes
checking sys/socket.h presence... yes
checking for sys/socket.h... yes
checking sys/select.h usability... yes
checking sys/select.h presence... yes
checking for sys/select.h... yes
checking for unistd.h... (cached) yes
checking sys/time.h usability... yes
checking sys/time.h presence... yes
checking for sys/time.h... yes
checking time.h usability... yes
checking time.h presence... yes
checking for time.h... yes
checking signal.h usability... yes
checking signal.h presence... yes
checking for signal.h... yes
checking for sys/socket.h... (cached) yes
checking for socklen_t... yes
checking for pid_t... yes
checking for size_t... yes
checking for ssize_t... yes
checking for library containing pthread_detach... none required
checking for pthread_tryjoin_np... yes
checking for pthread_setname_np... yes
checking for pthread_getname_np... yes
checking for pthread_mutex_timedlock... yes
checking for pthread_rwlock_rdlock... yes
checking for pthread_rwlock_wrlock... yes
checking for pthread_rwlock_timedrdlock... yes
checking for pthread_rwlock_timedwrlock... yes
checking for pthread_rwlock_tryrdlock... yes
checking for pthread_rwlock_trywrlock... yes
checking for pthread_atfork... yes
checking for select... yes
checking for pselect... yes
checking for gettimeofday... yes
checking for library containing setsockopt... none needed
checking for library containing clock_gettime... none required
checking that generated files are newer than configure... done
configure: creating ./config.status
config.status: creating Makefile
config.status: creating src/npth.h
config.status: creating src/Makefile
config.status: creating w32/Makefile
config.status: creating tests/Makefile
config.status: creating npth-config
config.status: creating config.h
config.status: executing depfiles commands
config.status: executing libtool commands

        npth v1.6 prepared for make

        Revision: 7712879  (30482)
        Platform: x86_64-unknown-linux-gnu

+ make V=1
make  all-recursive
make[1]: Entering directory '/home/devel/building/work/src/npth-1.6'
Making all in src
make[2]: Entering directory '/home/devel/building/work/src/npth-1.6/src'
/bin/sh ../libtool  --tag=CC   --mode=compile x86_64-unknown-linux-gnu-gcc -DHAVE_CONFIG_H -I. -I..     -O2 -m64 -march=x86-64 -mtune=generic -flto=auto -ffat-lto-objects -MT npth.lo -MD -MP -MF .deps/npth.Tpo -c -o npth.lo npth.c
/bin/sh ../libtool  --tag=CC   --mode=compile x86_64-unknown-linux-gnu-gcc -DHAVE_CONFIG_H -I. -I..     -O2 -m64 -march=x86-64 -mtune=generic -flto=auto -ffat-lto-objects -MT npth-sigev.lo -MD -MP -MF .deps/npth-sigev.Tpo -c -o npth-sigev.lo npth-sigev.c
libtool: compile:  x86_64-unknown-linux-gnu-gcc -DHAVE_CONFIG_H -I. -I.. -O2 -m64 -march=x86-64 -mtune=generic -flto=auto -ffat-lto-objects -MT npth.lo -MD -MP -MF .deps/npth.Tpo -c npth.c  -fPIC -DPIC -o .libs/npth.o
libtool: compile:  x86_64-unknown-linux-gnu-gcc -DHAVE_CONFIG_H -I. -I.. -O2 -m64 -march=x86-64 -mtune=generic -flto=auto -ffat-lto-objects -MT npth-sigev.lo -MD -MP -MF .deps/npth-sigev.Tpo -c npth-sigev.c  -fPIC -DPIC -o .libs/npth-sigev.o
mv -f .deps/npth-sigev.Tpo .deps/npth-sigev.Plo
mv -f .deps/npth.Tpo .deps/npth.Plo
/bin/sh ../libtool  --tag=CC   --mode=link x86_64-unknown-linux-gnu-gcc  -O2 -m64 -march=x86-64 -mtune=generic -flto=auto -ffat-lto-objects   -Wl,--version-script=./libnpth.vers -version-info 1:2:1  -o libnpth.la -rpath /usr/lib npth.lo npth-sigev.lo  
libtool: link: x86_64-unknown-linux-gnu-gcc -shared  -fPIC -DPIC  .libs/npth.o .libs/npth-sigev.o    -O2 -m64 -march=x86-64 -mtune=generic -flto=auto -Wl,--version-script=./libnpth.vers   -Wl,-soname -Wl,libnpth.so.0 -o .libs/libnpth.so.0.1.2
libtool: link: (cd ".libs" && rm -f "libnpth.so.0" && ln -s "libnpth.so.0.1.2" "libnpth.so.0")
libtool: link: (cd ".libs" && rm -f "libnpth.so" && ln -s "libnpth.so.0.1.2" "libnpth.so")
libtool: link: ( cd ".libs" && rm -f "libnpth.la" && ln -s "../libnpth.la" "libnpth.la" )
make[2]: Leaving directory '/home/devel/building/work/src/npth-1.6/src'
Making all in tests
make[2]: Entering directory '/home/devel/building/work/src/npth-1.6/tests'
x86_64-unknown-linux-gnu-gcc -DHAVE_CONFIG_H -I. -I..  -I../src -D_POSIX_C_SOURCE=200112L   -O2 -m64 -march=x86-64 -mtune=generic -flto=auto -ffat-lto-objects -MT t-mutex.o -MD -MP -MF .deps/t-mutex.Tpo -c -o t-mutex.o t-mutex.c
x86_64-unknown-linux-gnu-gcc -DHAVE_CONFIG_H -I. -I..  -I../src -D_POSIX_C_SOURCE=200112L   -O2 -m64 -march=x86-64 -mtune=generic -flto=auto -ffat-lto-objects -MT t-thread.o -MD -MP -MF .deps/t-thread.Tpo -c -o t-thread.o t-thread.c
x86_64-unknown-linux-gnu-gcc -DHAVE_CONFIG_H -I. -I..  -I../src -D_POSIX_C_SOURCE=200112L   -O2 -m64 -march=x86-64 -mtune=generic -flto=auto -ffat-lto-objects -MT t-fork.o -MD -MP -MF .deps/t-fork.Tpo -c -o t-fork.o t-fork.c
mv -f .deps/t-mutex.Tpo .deps/t-mutex.Po
mv -f .deps/t-fork.Tpo .deps/t-fork.Po
/bin/sh ../libtool  --tag=CC   --mode=link x86_64-unknown-linux-gnu-gcc  -O2 -m64 -march=x86-64 -mtune=generic -flto=auto -ffat-lto-objects   -o t-mutex t-mutex.o ../src/libnpth.la   
/bin/sh ../libtool  --tag=CC   --mode=link x86_64-unknown-linux-gnu-gcc  -O2 -m64 -march=x86-64 -mtune=generic -flto=auto -ffat-lto-objects   -o t-fork t-fork.o ../src/libnpth.la   
libtool: link: x86_64-unknown-linux-gnu-gcc -O2 -m64 -march=x86-64 -mtune=generic -flto=auto -ffat-lto-objects -o .libs/t-mutex t-mutex.o  ../src/.libs/libnpth.so
libtool: link: x86_64-unknown-linux-gnu-gcc -O2 -m64 -march=x86-64 -mtune=generic -flto=auto -ffat-lto-objects -o .libs/t-fork t-fork.o  ../src/.libs/libnpth.so
mv -f .deps/t-thread.Tpo .deps/t-thread.Po
/bin/sh ../libtool  --tag=CC   --mode=link x86_64-unknown-linux-gnu-gcc  -O2 -m64 -march=x86-64 -mtune=generic -flto=auto -ffat-lto-objects   -o t-thread t-thread.o ../src/libnpth.la   
libtool: link: x86_64-unknown-linux-gnu-gcc -O2 -m64 -march=x86-64 -mtune=generic -flto=auto -ffat-lto-objects -o .libs/t-thread t-thread.o  ../src/.libs/libnpth.so
make[2]: Leaving directory '/home/devel/building/work/src/npth-1.6/tests'
make[2]: Entering directory '/home/devel/building/work/src/npth-1.6'
make[2]: Leaving directory '/home/devel/building/work/src/npth-1.6'
make[1]: Leaving directory '/home/devel/building/work/src/npth-1.6'
+ make DESTDIR=/home/devel/building/work/pkg install
Making install in src
make[1]: Entering directory '/home/devel/building/work/src/npth-1.6/src'
make[2]: Entering directory '/home/devel/building/work/src/npth-1.6/src'
 /bin/mkdir -p '/home/devel/building/work/pkg/usr/lib'
 /bin/mkdir -p '/home/devel/building/work/pkg/usr/include'
 /bin/sh ../libtool   --mode=install /usr/bin/install -c   libnpth.la '/home/devel/building/work/pkg/usr/lib'
 /usr/bin/install -c -m 644 npth.h '/home/devel/building/work/pkg/usr/include'
libtool: install: /usr/bin/install -c .libs/libnpth.so.0.1.2 /home/devel/building/work/pkg/usr/lib/libnpth.so.0.1.2
libtool: install: (cd /home/devel/building/work/pkg/usr/lib && { ln -s -f libnpth.so.0.1.2 libnpth.so.0 || { rm -f libnpth.so.0 && ln -s libnpth.so.0.1.2 libnpth.so.0; }; })
libtool: install: (cd /home/devel/building/work/pkg/usr/lib && { ln -s -f libnpth.so.0.1.2 libnpth.so || { rm -f libnpth.so && ln -s libnpth.so.0.1.2 libnpth.so; }; })
libtool: install: /usr/bin/install -c .libs/libnpth.lai /home/devel/building/work/pkg/usr/lib/libnpth.la
libtool: install: warning: remember to run `libtool --finish /usr/lib'
make[2]: Leaving directory '/home/devel/building/work/src/npth-1.6/src'
make[1]: Leaving directory '/home/devel/building/work/src/npth-1.6/src'
Making install in tests
make[1]: Entering directory '/home/devel/building/work/src/npth-1.6/tests'
make[2]: Entering directory '/home/devel/building/work/src/npth-1.6/tests'
make[2]: Nothing to be done for 'install-exec-am'.
make[2]: Nothing to be done for 'install-data-am'.
make[2]: Leaving directory '/home/devel/building/work/src/npth-1.6/tests'
make[1]: Leaving directory '/home/devel/building/work/src/npth-1.6/tests'
make[1]: Entering directory '/home/devel/building/work/src/npth-1.6'
make[2]: Entering directory '/home/devel/building/work/src/npth-1.6'
 /bin/mkdir -p '/home/devel/building/work/pkg/usr/bin'
 /bin/mkdir -p '/home/devel/building/work/pkg/usr/share/aclocal'
 /usr/bin/install -c -m 644 npth.m4 '/home/devel/building/work/pkg/usr/share/aclocal'
 /usr/bin/install -c npth-config '/home/devel/building/work/pkg/usr/bin'
make[2]: Leaving directory '/home/devel/building/work/src/npth-1.6'
make[1]: Leaving directory '/home/devel/building/work/src/npth-1.6'
+ find /home/devel/building/work/pkg -type f -name '*.la' -delete
=======> Build result:
drwxr-xr-x  0 root   root        0 Jul 12 18:38 usr/
drwxr-xr-x  0 root   root        0 Jul 12 18:38 usr/share/
drwxr-xr-x  0 root   root        0 Jul 12 18:38 usr/bin/
drwxr-xr-x  0 root   root        0 Jul 12 18:38 usr/include/
drwxr-xr-x  0 root   root        0 Jul 12 18:38 usr/lib/
lrwxrwxrwx  0 root   root        0 Jul 12 18:38 usr/lib/libnpth.so -> libnpth.so.0.1.2
lrwxrwxrwx  0 root   root        0 Jul 12 18:38 usr/lib/libnpth.so.0 -> libnpth.so.0.1.2
-rwxr-xr-x  0 root   root    18832 Jul 12 18:38 usr/lib/libnpth.so.0.1.2
-rw-r--r--  0 root   root    15166 Jul 12 18:38 usr/include/npth.h
-rwxr-xr-x  0 root   root     3097 Jul 12 18:38 usr/bin/npth-config
drwxr-xr-x  0 root   root        0 Jul 12 18:38 usr/share/aclocal/
-rw-r--r--  0 root   root     3741 Jul 12 18:38 usr/share/aclocal/npth.m4
=======> Building '/home/devel/packages/npth#1.6-4.x86_64.pkg.tar.zst' succeeded.
prt-get: Using PKGMK_PACKAGE_DIR: /home/devel/packages
prt-get: reinstalling npth 1.6-4
prt-get: /usr/bin/pkgadd -u npth#1.6-4.x86_64.pkg.tar.zst
prt-get: build done Wed Jul 12 18:38:11 2023

