prt-get: updating /usr/ports/core-x86_64/pciutils
prt-get: starting build Wed Jul 12 18:40:46 2023
=======> Building '/home/devel/packages/pciutils#3.10.0-1.x86_64.pkg.tar.zst'.
bsdtar -p -o -C /home/devel/building/work/src -xf /home/devel/sources/pciutils-3.10.0.tar.xz
cp update-pciids.sh /home/devel/building/work/src
+ build
+ cd pciutils-3.10.0
+ make V=1 -j1 PREFIX=/usr SHAREDIR=/usr/share/hwdata SHARED=yes 'OPT=-O2 -m64 -march=x86-64 -mtune=generic' ZLIB=no
cd lib && ./configure
Configuring libpci for your system... x86_64--linux 6.4.1-saux x86_64 linux
Looking for access methods... sysfs proc mem-ports ecam i386-ports dump
Checking for zlib support... no (set manually)
Checking for DNS support... yes (auto-detected)
Checking for libkmod... yes (auto-detected)
Checking for udev hwdb support... yes (auto-detected)
Checking whether to build a shared library... yes (set manually)
make -C lib all
make[1]: Entering directory '/home/devel/building/work/src/pciutils-3.10.0/lib'
cc -O2 -m64 -march=x86-64 -mtune=generic -Wall -W -Wno-parentheses -Wstrict-prototypes -Wmissing-prototypes -fPIC -fvisibility=hidden   -c -o init.o init.c
cc -O2 -m64 -march=x86-64 -mtune=generic -Wall -W -Wno-parentheses -Wstrict-prototypes -Wmissing-prototypes -fPIC -fvisibility=hidden   -c -o access.o access.c
cc -O2 -m64 -march=x86-64 -mtune=generic -Wall -W -Wno-parentheses -Wstrict-prototypes -Wmissing-prototypes -fPIC -fvisibility=hidden   -c -o generic.o generic.c
cc -O2 -m64 -march=x86-64 -mtune=generic -Wall -W -Wno-parentheses -Wstrict-prototypes -Wmissing-prototypes -fPIC -fvisibility=hidden   -c -o dump.o dump.c
cc -O2 -m64 -march=x86-64 -mtune=generic -Wall -W -Wno-parentheses -Wstrict-prototypes -Wmissing-prototypes -fPIC -fvisibility=hidden   -c -o names.o names.c
cc -O2 -m64 -march=x86-64 -mtune=generic -Wall -W -Wno-parentheses -Wstrict-prototypes -Wmissing-prototypes -fPIC -fvisibility=hidden   -c -o filter.o filter.c
cc -O2 -m64 -march=x86-64 -mtune=generic -Wall -W -Wno-parentheses -Wstrict-prototypes -Wmissing-prototypes -fPIC -fvisibility=hidden   -c -o names-hash.o names-hash.c
cc -O2 -m64 -march=x86-64 -mtune=generic -Wall -W -Wno-parentheses -Wstrict-prototypes -Wmissing-prototypes -fPIC -fvisibility=hidden   -c -o names-parse.o names-parse.c
cc -O2 -m64 -march=x86-64 -mtune=generic -Wall -W -Wno-parentheses -Wstrict-prototypes -Wmissing-prototypes -fPIC -fvisibility=hidden   -c -o names-net.o names-net.c
cc -O2 -m64 -march=x86-64 -mtune=generic -Wall -W -Wno-parentheses -Wstrict-prototypes -Wmissing-prototypes -fPIC -fvisibility=hidden   -c -o names-cache.o names-cache.c
cc -O2 -m64 -march=x86-64 -mtune=generic -Wall -W -Wno-parentheses -Wstrict-prototypes -Wmissing-prototypes -fPIC -fvisibility=hidden   -c -o names-hwdb.o names-hwdb.c
cc -O2 -m64 -march=x86-64 -mtune=generic -Wall -W -Wno-parentheses -Wstrict-prototypes -Wmissing-prototypes -fPIC -fvisibility=hidden   -c -o params.o params.c
cc -O2 -m64 -march=x86-64 -mtune=generic -Wall -W -Wno-parentheses -Wstrict-prototypes -Wmissing-prototypes -fPIC -fvisibility=hidden   -c -o caps.o caps.c
cc -O2 -m64 -march=x86-64 -mtune=generic -Wall -W -Wno-parentheses -Wstrict-prototypes -Wmissing-prototypes -fPIC -fvisibility=hidden   -c -o sysfs.o sysfs.c
cc -O2 -m64 -march=x86-64 -mtune=generic -Wall -W -Wno-parentheses -Wstrict-prototypes -Wmissing-prototypes -fPIC -fvisibility=hidden   -c -o proc.o proc.c
cc -O2 -m64 -march=x86-64 -mtune=generic -Wall -W -Wno-parentheses -Wstrict-prototypes -Wmissing-prototypes -fPIC -fvisibility=hidden   -c -o i386-ports.o i386-ports.c
cc -O2 -m64 -march=x86-64 -mtune=generic -Wall -W -Wno-parentheses -Wstrict-prototypes -Wmissing-prototypes -fPIC -fvisibility=hidden   -c -o mmio-ports.o mmio-ports.c
cc -O2 -m64 -march=x86-64 -mtune=generic -Wall -W -Wno-parentheses -Wstrict-prototypes -Wmissing-prototypes -fPIC -fvisibility=hidden   -c -o ecam.o ecam.c
cc -shared -O2 -m64 -march=x86-64 -mtune=generic -Wall -W -Wno-parentheses -Wstrict-prototypes -Wmissing-prototypes -fPIC -fvisibility=hidden  -Wl,-soname,libpci.so.3 -Wl,--version-script=libpci.ver -o libpci.so.3.10.0 init.o access.o generic.o dump.o names.o filter.o names-hash.o names-parse.o names-net.o names-cache.o names-hwdb.o params.o caps.o sysfs.o proc.o i386-ports.o mmio-ports.o ecam.o -lresolv -ludev
sed <libpci.pc.in >libpci.pc -e 's,@PREFIX@,/usr,' \
	-e 's,@INCDIR@,/usr/include,' \
	-e 's,@LIBDIR@,/usr/lib,' \
	-e 's,@IDSDIR@,/usr/share/hwdata,' \
	-e 's,@VERSION@,3.10.0,' \
	-e 's,@LDLIBS@,,' \
	-e 's,@WITH_LIBS@,-lresolv -ludev,'
make[1]: Leaving directory '/home/devel/building/work/src/pciutils-3.10.0/lib'
cc -O2 -m64 -march=x86-64 -mtune=generic -Wall -W -Wno-parentheses -Wstrict-prototypes -Wmissing-prototypes   -c -o lspci.o lspci.c
cc -O2 -m64 -march=x86-64 -mtune=generic -Wall -W -Wno-parentheses -Wstrict-prototypes -Wmissing-prototypes   -c -o ls-vpd.o ls-vpd.c
cc -O2 -m64 -march=x86-64 -mtune=generic -Wall -W -Wno-parentheses -Wstrict-prototypes -Wmissing-prototypes   -c -o ls-caps.o ls-caps.c
cc -O2 -m64 -march=x86-64 -mtune=generic -Wall -W -Wno-parentheses -Wstrict-prototypes -Wmissing-prototypes   -c -o ls-caps-vendor.o ls-caps-vendor.c
cc -O2 -m64 -march=x86-64 -mtune=generic -Wall -W -Wno-parentheses -Wstrict-prototypes -Wmissing-prototypes   -c -o ls-ecaps.o ls-ecaps.c
cc -O2 -m64 -march=x86-64 -mtune=generic -Wall -W -Wno-parentheses -Wstrict-prototypes -Wmissing-prototypes    -c -o ls-kernel.o ls-kernel.c
cc -O2 -m64 -march=x86-64 -mtune=generic -Wall -W -Wno-parentheses -Wstrict-prototypes -Wmissing-prototypes   -c -o ls-tree.o ls-tree.c
cc -O2 -m64 -march=x86-64 -mtune=generic -Wall -W -Wno-parentheses -Wstrict-prototypes -Wmissing-prototypes   -c -o ls-map.o ls-map.c
cc -O2 -m64 -march=x86-64 -mtune=generic -Wall -W -Wno-parentheses -Wstrict-prototypes -Wmissing-prototypes   -c -o common.o common.c
cc   lspci.o ls-vpd.o ls-caps.o ls-caps-vendor.o ls-ecaps.o ls-kernel.o ls-tree.o ls-map.o common.o lib/libpci.so.3.10.0 -lkmod -o lspci
cc -O2 -m64 -march=x86-64 -mtune=generic -Wall -W -Wno-parentheses -Wstrict-prototypes -Wmissing-prototypes   -c -o setpci.o setpci.c
cc   setpci.o common.o lib/libpci.so.3.10.0  -o setpci
cc -O2 -m64 -march=x86-64 -mtune=generic -Wall -W -Wno-parentheses -Wstrict-prototypes -Wmissing-prototypes   -c -o example.o example.c
cc   example.o lib/libpci.so.3.10.0  -o example
M=`echo 2023-05-01 | sed 's/-01-/-January-/;s/-02-/-February-/;s/-03-/-March-/;s/-04-/-April-/;s/-05-/-May-/;s/-06-/-June-/;s/-07-/-July-/;s/-08-/-August-/;s/-09-/-September-/;s/-10-/-October-/;s/-11-/-November-/;s/-12-/-December-/;s/\(.*\)-\(.*\)-\(.*\)/\3 \2 \1/'` ; sed <lspci.man >lspci.8 "s/@TODAY@/$M/;s/@VERSION@/pciutils-3.10.0/;s#@IDSDIR@#/usr/share/hwdata#;s#@PCI_IDS@#pci.ids#"
Makefile:132: warning: pattern recipe did not update peer target 'lspci.5'.
Makefile:132: warning: pattern recipe did not update peer target 'lspci.7'.
M=`echo 2023-05-01 | sed 's/-01-/-January-/;s/-02-/-February-/;s/-03-/-March-/;s/-04-/-April-/;s/-05-/-May-/;s/-06-/-June-/;s/-07-/-July-/;s/-08-/-August-/;s/-09-/-September-/;s/-10-/-October-/;s/-11-/-November-/;s/-12-/-December-/;s/\(.*\)-\(.*\)-\(.*\)/\3 \2 \1/'` ; sed <setpci.man >setpci.8 "s/@TODAY@/$M/;s/@VERSION@/pciutils-3.10.0/;s#@IDSDIR@#/usr/share/hwdata#;s#@PCI_IDS@#pci.ids#"
Makefile:132: warning: pattern recipe did not update peer target 'setpci.5'.
Makefile:132: warning: pattern recipe did not update peer target 'setpci.7'.
M=`echo 2023-05-01 | sed 's/-01-/-January-/;s/-02-/-February-/;s/-03-/-March-/;s/-04-/-April-/;s/-05-/-May-/;s/-06-/-June-/;s/-07-/-July-/;s/-08-/-August-/;s/-09-/-September-/;s/-10-/-October-/;s/-11-/-November-/;s/-12-/-December-/;s/\(.*\)-\(.*\)-\(.*\)/\3 \2 \1/'` ; sed <pcilib.man >pcilib.7 "s/@TODAY@/$M/;s/@VERSION@/pciutils-3.10.0/;s#@IDSDIR@#/usr/share/hwdata#;s#@PCI_IDS@#pci.ids#"
Makefile:132: warning: pattern recipe did not update peer target 'pcilib.5'.
Makefile:132: warning: pattern recipe did not update peer target 'pcilib.8'.
M=`echo 2023-05-01 | sed 's/-01-/-January-/;s/-02-/-February-/;s/-03-/-March-/;s/-04-/-April-/;s/-05-/-May-/;s/-06-/-June-/;s/-07-/-July-/;s/-08-/-August-/;s/-09-/-September-/;s/-10-/-October-/;s/-11-/-November-/;s/-12-/-December-/;s/\(.*\)-\(.*\)-\(.*\)/\3 \2 \1/'` ; sed <pci.ids.man >pci.ids.5 "s/@TODAY@/$M/;s/@VERSION@/pciutils-3.10.0/;s#@IDSDIR@#/usr/share/hwdata#;s#@PCI_IDS@#pci.ids#"
Makefile:132: warning: pattern recipe did not update peer target 'pci.ids.7'.
Makefile:132: warning: pattern recipe did not update peer target 'pci.ids.8'.
sed <update-pciids.sh >update-pciids "s@^DEST=.*@DEST=/usr/share/hwdata/pci.ids@;s@^PCI_COMPRESSED_IDS=.*@PCI_COMPRESSED_IDS=@"
chmod +x update-pciids
M=`echo 2023-05-01 | sed 's/-01-/-January-/;s/-02-/-February-/;s/-03-/-March-/;s/-04-/-April-/;s/-05-/-May-/;s/-06-/-June-/;s/-07-/-July-/;s/-08-/-August-/;s/-09-/-September-/;s/-10-/-October-/;s/-11-/-November-/;s/-12-/-December-/;s/\(.*\)-\(.*\)-\(.*\)/\3 \2 \1/'` ; sed <update-pciids.man >update-pciids.8 "s/@TODAY@/$M/;s/@VERSION@/pciutils-3.10.0/;s#@IDSDIR@#/usr/share/hwdata#;s#@PCI_IDS@#pci.ids#"
Makefile:132: warning: pattern recipe did not update peer target 'update-pciids.5'.
Makefile:132: warning: pattern recipe did not update peer target 'update-pciids.7'.
+ make clean
rm -f `find . -name "*~" -o -name "*.[oa]" -o -name "\#*\#" -o -name TAGS -o -name core -o -name "*.orig"`
rm -f update-pciids lspci setpci example lib/config.* *.[578] pci.ids.gz lib/*.pc lib/*.so lib/*.so.* lib/*.dll lib/*.def lib/dllrsrc.rc *-rsrc.rc tags
rm -rf maint/dist
+ make V=1 -j1 PREFIX=/usr SHAREDIR=/usr/share/hwdata SHARED=yes 'OPT=-O2 -m64 -march=x86-64 -mtune=generic' ZLIB=no DESTDIR=/home/devel/building/work/pkg install install-lib
cd lib && ./configure
Configuring libpci for your system... x86_64--linux 6.4.1-saux x86_64 linux
Looking for access methods... sysfs proc mem-ports ecam i386-ports dump
Checking for zlib support... no (set manually)
Checking for DNS support... yes (auto-detected)
Checking for libkmod... yes (auto-detected)
Checking for udev hwdb support... yes (auto-detected)
Checking whether to build a shared library... yes (set manually)
make -C lib all
make[1]: Entering directory '/home/devel/building/work/src/pciutils-3.10.0/lib'
cc -O2 -m64 -march=x86-64 -mtune=generic -Wall -W -Wno-parentheses -Wstrict-prototypes -Wmissing-prototypes -fPIC -fvisibility=hidden   -c -o init.o init.c
cc -O2 -m64 -march=x86-64 -mtune=generic -Wall -W -Wno-parentheses -Wstrict-prototypes -Wmissing-prototypes -fPIC -fvisibility=hidden   -c -o access.o access.c
cc -O2 -m64 -march=x86-64 -mtune=generic -Wall -W -Wno-parentheses -Wstrict-prototypes -Wmissing-prototypes -fPIC -fvisibility=hidden   -c -o generic.o generic.c
cc -O2 -m64 -march=x86-64 -mtune=generic -Wall -W -Wno-parentheses -Wstrict-prototypes -Wmissing-prototypes -fPIC -fvisibility=hidden   -c -o dump.o dump.c
cc -O2 -m64 -march=x86-64 -mtune=generic -Wall -W -Wno-parentheses -Wstrict-prototypes -Wmissing-prototypes -fPIC -fvisibility=hidden   -c -o names.o names.c
cc -O2 -m64 -march=x86-64 -mtune=generic -Wall -W -Wno-parentheses -Wstrict-prototypes -Wmissing-prototypes -fPIC -fvisibility=hidden   -c -o filter.o filter.c
cc -O2 -m64 -march=x86-64 -mtune=generic -Wall -W -Wno-parentheses -Wstrict-prototypes -Wmissing-prototypes -fPIC -fvisibility=hidden   -c -o names-hash.o names-hash.c
cc -O2 -m64 -march=x86-64 -mtune=generic -Wall -W -Wno-parentheses -Wstrict-prototypes -Wmissing-prototypes -fPIC -fvisibility=hidden   -c -o names-parse.o names-parse.c
cc -O2 -m64 -march=x86-64 -mtune=generic -Wall -W -Wno-parentheses -Wstrict-prototypes -Wmissing-prototypes -fPIC -fvisibility=hidden   -c -o names-net.o names-net.c
cc -O2 -m64 -march=x86-64 -mtune=generic -Wall -W -Wno-parentheses -Wstrict-prototypes -Wmissing-prototypes -fPIC -fvisibility=hidden   -c -o names-cache.o names-cache.c
cc -O2 -m64 -march=x86-64 -mtune=generic -Wall -W -Wno-parentheses -Wstrict-prototypes -Wmissing-prototypes -fPIC -fvisibility=hidden   -c -o names-hwdb.o names-hwdb.c
cc -O2 -m64 -march=x86-64 -mtune=generic -Wall -W -Wno-parentheses -Wstrict-prototypes -Wmissing-prototypes -fPIC -fvisibility=hidden   -c -o params.o params.c
cc -O2 -m64 -march=x86-64 -mtune=generic -Wall -W -Wno-parentheses -Wstrict-prototypes -Wmissing-prototypes -fPIC -fvisibility=hidden   -c -o caps.o caps.c
cc -O2 -m64 -march=x86-64 -mtune=generic -Wall -W -Wno-parentheses -Wstrict-prototypes -Wmissing-prototypes -fPIC -fvisibility=hidden   -c -o sysfs.o sysfs.c
cc -O2 -m64 -march=x86-64 -mtune=generic -Wall -W -Wno-parentheses -Wstrict-prototypes -Wmissing-prototypes -fPIC -fvisibility=hidden   -c -o proc.o proc.c
cc -O2 -m64 -march=x86-64 -mtune=generic -Wall -W -Wno-parentheses -Wstrict-prototypes -Wmissing-prototypes -fPIC -fvisibility=hidden   -c -o i386-ports.o i386-ports.c
cc -O2 -m64 -march=x86-64 -mtune=generic -Wall -W -Wno-parentheses -Wstrict-prototypes -Wmissing-prototypes -fPIC -fvisibility=hidden   -c -o mmio-ports.o mmio-ports.c
cc -O2 -m64 -march=x86-64 -mtune=generic -Wall -W -Wno-parentheses -Wstrict-prototypes -Wmissing-prototypes -fPIC -fvisibility=hidden   -c -o ecam.o ecam.c
cc -shared -O2 -m64 -march=x86-64 -mtune=generic -Wall -W -Wno-parentheses -Wstrict-prototypes -Wmissing-prototypes -fPIC -fvisibility=hidden  -Wl,-soname,libpci.so.3 -Wl,--version-script=libpci.ver -o libpci.so.3.10.0 init.o access.o generic.o dump.o names.o filter.o names-hash.o names-parse.o names-net.o names-cache.o names-hwdb.o params.o caps.o sysfs.o proc.o i386-ports.o mmio-ports.o ecam.o -lresolv -ludev
sed <libpci.pc.in >libpci.pc -e 's,@PREFIX@,/usr,' \
	-e 's,@INCDIR@,/usr/include,' \
	-e 's,@LIBDIR@,/usr/lib,' \
	-e 's,@IDSDIR@,/usr/share/hwdata,' \
	-e 's,@VERSION@,3.10.0,' \
	-e 's,@LDLIBS@,,' \
	-e 's,@WITH_LIBS@,-lresolv -ludev,'
make[1]: Leaving directory '/home/devel/building/work/src/pciutils-3.10.0/lib'
cc -O2 -m64 -march=x86-64 -mtune=generic -Wall -W -Wno-parentheses -Wstrict-prototypes -Wmissing-prototypes   -c -o lspci.o lspci.c
cc -O2 -m64 -march=x86-64 -mtune=generic -Wall -W -Wno-parentheses -Wstrict-prototypes -Wmissing-prototypes   -c -o ls-vpd.o ls-vpd.c
cc -O2 -m64 -march=x86-64 -mtune=generic -Wall -W -Wno-parentheses -Wstrict-prototypes -Wmissing-prototypes   -c -o ls-caps.o ls-caps.c
cc -O2 -m64 -march=x86-64 -mtune=generic -Wall -W -Wno-parentheses -Wstrict-prototypes -Wmissing-prototypes   -c -o ls-caps-vendor.o ls-caps-vendor.c
cc -O2 -m64 -march=x86-64 -mtune=generic -Wall -W -Wno-parentheses -Wstrict-prototypes -Wmissing-prototypes   -c -o ls-ecaps.o ls-ecaps.c
cc -O2 -m64 -march=x86-64 -mtune=generic -Wall -W -Wno-parentheses -Wstrict-prototypes -Wmissing-prototypes    -c -o ls-kernel.o ls-kernel.c
cc -O2 -m64 -march=x86-64 -mtune=generic -Wall -W -Wno-parentheses -Wstrict-prototypes -Wmissing-prototypes   -c -o ls-tree.o ls-tree.c
cc -O2 -m64 -march=x86-64 -mtune=generic -Wall -W -Wno-parentheses -Wstrict-prototypes -Wmissing-prototypes   -c -o ls-map.o ls-map.c
cc -O2 -m64 -march=x86-64 -mtune=generic -Wall -W -Wno-parentheses -Wstrict-prototypes -Wmissing-prototypes   -c -o common.o common.c
cc   lspci.o ls-vpd.o ls-caps.o ls-caps-vendor.o ls-ecaps.o ls-kernel.o ls-tree.o ls-map.o common.o lib/libpci.so.3.10.0 -lkmod -o lspci
cc -O2 -m64 -march=x86-64 -mtune=generic -Wall -W -Wno-parentheses -Wstrict-prototypes -Wmissing-prototypes   -c -o setpci.o setpci.c
cc   setpci.o common.o lib/libpci.so.3.10.0  -o setpci
cc -O2 -m64 -march=x86-64 -mtune=generic -Wall -W -Wno-parentheses -Wstrict-prototypes -Wmissing-prototypes   -c -o example.o example.c
cc   example.o lib/libpci.so.3.10.0  -o example
M=`echo 2023-05-01 | sed 's/-01-/-January-/;s/-02-/-February-/;s/-03-/-March-/;s/-04-/-April-/;s/-05-/-May-/;s/-06-/-June-/;s/-07-/-July-/;s/-08-/-August-/;s/-09-/-September-/;s/-10-/-October-/;s/-11-/-November-/;s/-12-/-December-/;s/\(.*\)-\(.*\)-\(.*\)/\3 \2 \1/'` ; sed <lspci.man >lspci.8 "s/@TODAY@/$M/;s/@VERSION@/pciutils-3.10.0/;s#@IDSDIR@#/usr/share/hwdata#;s#@PCI_IDS@#pci.ids#"
Makefile:132: warning: pattern recipe did not update peer target 'lspci.5'.
Makefile:132: warning: pattern recipe did not update peer target 'lspci.7'.
M=`echo 2023-05-01 | sed 's/-01-/-January-/;s/-02-/-February-/;s/-03-/-March-/;s/-04-/-April-/;s/-05-/-May-/;s/-06-/-June-/;s/-07-/-July-/;s/-08-/-August-/;s/-09-/-September-/;s/-10-/-October-/;s/-11-/-November-/;s/-12-/-December-/;s/\(.*\)-\(.*\)-\(.*\)/\3 \2 \1/'` ; sed <setpci.man >setpci.8 "s/@TODAY@/$M/;s/@VERSION@/pciutils-3.10.0/;s#@IDSDIR@#/usr/share/hwdata#;s#@PCI_IDS@#pci.ids#"
Makefile:132: warning: pattern recipe did not update peer target 'setpci.5'.
Makefile:132: warning: pattern recipe did not update peer target 'setpci.7'.
M=`echo 2023-05-01 | sed 's/-01-/-January-/;s/-02-/-February-/;s/-03-/-March-/;s/-04-/-April-/;s/-05-/-May-/;s/-06-/-June-/;s/-07-/-July-/;s/-08-/-August-/;s/-09-/-September-/;s/-10-/-October-/;s/-11-/-November-/;s/-12-/-December-/;s/\(.*\)-\(.*\)-\(.*\)/\3 \2 \1/'` ; sed <pcilib.man >pcilib.7 "s/@TODAY@/$M/;s/@VERSION@/pciutils-3.10.0/;s#@IDSDIR@#/usr/share/hwdata#;s#@PCI_IDS@#pci.ids#"
Makefile:132: warning: pattern recipe did not update peer target 'pcilib.5'.
Makefile:132: warning: pattern recipe did not update peer target 'pcilib.8'.
M=`echo 2023-05-01 | sed 's/-01-/-January-/;s/-02-/-February-/;s/-03-/-March-/;s/-04-/-April-/;s/-05-/-May-/;s/-06-/-June-/;s/-07-/-July-/;s/-08-/-August-/;s/-09-/-September-/;s/-10-/-October-/;s/-11-/-November-/;s/-12-/-December-/;s/\(.*\)-\(.*\)-\(.*\)/\3 \2 \1/'` ; sed <pci.ids.man >pci.ids.5 "s/@TODAY@/$M/;s/@VERSION@/pciutils-3.10.0/;s#@IDSDIR@#/usr/share/hwdata#;s#@PCI_IDS@#pci.ids#"
Makefile:132: warning: pattern recipe did not update peer target 'pci.ids.7'.
Makefile:132: warning: pattern recipe did not update peer target 'pci.ids.8'.
sed <update-pciids.sh >update-pciids "s@^DEST=.*@DEST=/usr/share/hwdata/pci.ids@;s@^PCI_COMPRESSED_IDS=.*@PCI_COMPRESSED_IDS=@"
chmod +x update-pciids
M=`echo 2023-05-01 | sed 's/-01-/-January-/;s/-02-/-February-/;s/-03-/-March-/;s/-04-/-April-/;s/-05-/-May-/;s/-06-/-June-/;s/-07-/-July-/;s/-08-/-August-/;s/-09-/-September-/;s/-10-/-October-/;s/-11-/-November-/;s/-12-/-December-/;s/\(.*\)-\(.*\)-\(.*\)/\3 \2 \1/'` ; sed <update-pciids.man >update-pciids.8 "s/@TODAY@/$M/;s/@VERSION@/pciutils-3.10.0/;s#@IDSDIR@#/usr/share/hwdata#;s#@PCI_IDS@#pci.ids#"
Makefile:132: warning: pattern recipe did not update peer target 'update-pciids.5'.
Makefile:132: warning: pattern recipe did not update peer target 'update-pciids.7'.
install -d -m 755 /home/devel/building/work/pkg/usr/lib
install -c -m 644 lib/libpci.so.3.10.0 /home/devel/building/work/pkg/usr/lib
install -d -m 755 /home/devel/building/work/pkg/usr/bin /home/devel/building/work/pkg/usr/sbin /home/devel/building/work/pkg/usr/share/hwdata /home/devel/building/work/pkg/usr/share/man/man8 /home/devel/building/work/pkg/usr/share/man/man7 /home/devel/building/work/pkg/usr/share/man/man5
install -c -m 755 -s lspci /home/devel/building/work/pkg/usr/bin
install -c -m 755 -s setpci /home/devel/building/work/pkg/usr/sbin
install -c -m 755 update-pciids /home/devel/building/work/pkg/usr/sbin
install -c -m 644 pci.ids /home/devel/building/work/pkg/usr/share/hwdata
install -c -m 644 lspci.8 setpci.8 update-pciids.8 /home/devel/building/work/pkg/usr/share/man/man8
install -c -m 644 pcilib.7 /home/devel/building/work/pkg/usr/share/man/man7
install -c -m 644 pci.ids.5 /home/devel/building/work/pkg/usr/share/man/man5
ln -sf libpci.so.3.10.0 /home/devel/building/work/pkg/usr/lib/libpci.so.3
install -d -m 755 /home/devel/building/work/pkg/usr/include/pci /home/devel/building/work/pkg/usr/lib/pkgconfig
install -c -m 644 lib/config.h lib/header.h lib/pci.h lib/types.h /home/devel/building/work/pkg/usr/include/pci
install -c -m 644 lib/libpci.pc /home/devel/building/work/pkg/usr/lib/pkgconfig
ln -sf libpci.so.3.10.0 /home/devel/building/work/pkg/usr/lib/libpci.so.3
ln -sf libpci.so.3 /home/devel/building/work/pkg/usr/lib/libpci.so
+ chmod 0755 /home/devel/building/work/pkg/usr/lib/libpci.so
+ install -d -m 0755 /home/devel/building/work/pkg/usr/share/hwdata/
+ wget https://pci-ids.ucw.cz/v2.2/pci.ids -O /home/devel/building/work/pkg/usr/share/hwdata/pci.ids
--2023-07-12 18:40:52--  https://pci-ids.ucw.cz/v2.2/pci.ids
Resolving pci-ids.ucw.cz (pci-ids.ucw.cz)... 46.255.230.98, 2a00:da80:fff0:2::2
Connecting to pci-ids.ucw.cz (pci-ids.ucw.cz)|46.255.230.98|:443... connected.
HTTP request sent, awaiting response... 200 OK
Length: 1369673 (1.3M) [text/plain]
Saving to: '/home/devel/building/work/pkg/usr/share/hwdata/pci.ids'

     0K .......... .......... .......... .......... ..........  3% 1.40M 1s
    50K .......... .......... .......... .......... ..........  7% 2.83M 1s
   100K .......... .......... .......... .......... .......... 11% 53.3M 0s
   150K .......... .......... .......... .......... .......... 14% 3.41M 0s
   200K .......... .......... .......... .......... .......... 18% 28.9M 0s
   250K .......... .......... .......... .......... .......... 22% 19.5M 0s
   300K .......... .......... .......... .......... .......... 26% 5.49M 0s
   350K .......... .......... .......... .......... .......... 29% 44.0M 0s
   400K .......... .......... .......... .......... .......... 33% 19.7M 0s
   450K .......... .......... .......... .......... .......... 37% 8.51M 0s
   500K .......... .......... .......... .......... .......... 41% 47.6M 0s
   550K .......... .......... .......... .......... .......... 44% 19.6M 0s
   600K .......... .......... .......... .......... .......... 48% 16.8M 0s
   650K .......... .......... .......... .......... .......... 52% 18.9M 0s
   700K .......... .......... .......... .......... .......... 56% 16.3M 0s
   750K .......... .......... .......... .......... .......... 59% 17.7M 0s
   800K .......... .......... .......... .......... .......... 63% 19.9M 0s
   850K .......... .......... .......... .......... .......... 67% 16.4M 0s
   900K .......... .......... .......... .......... .......... 71% 19.3M 0s
   950K .......... .......... .......... .......... .......... 74% 16.2M 0s
  1000K .......... .......... .......... .......... .......... 78% 19.3M 0s
  1050K .......... .......... .......... .......... .......... 82% 19.4M 0s
  1100K .......... .......... .......... .......... .......... 85% 16.5M 0s
  1150K .......... .......... .......... .......... .......... 89% 18.0M 0s
  1200K .......... .......... .......... .......... .......... 93% 16.4M 0s
  1250K .......... .......... .......... .......... .......... 97% 18.9M 0s
  1300K .......... .......... .......... .......              100% 20.8M=0.1s

2023-07-12 18:40:52 (9.79 MB/s) - '/home/devel/building/work/pkg/usr/share/hwdata/pci.ids' saved [1369673/1369673]

+ install -D -m 0754 /home/devel/building/work/src/update-pciids.sh /home/devel/building/work/pkg/etc/cron/weekly/update-pciids.sh
=======> Build result:
drwxr-xr-x  0 root   root        0 Jul 12 18:40 etc/
drwxr-xr-x  0 root   root        0 Jul 12 18:40 etc/cron/
drwxr-xr-x  0 root   root        0 Jul 12 18:40 etc/cron/weekly/
-rwxr-xr--  0 root   root       36 Jul 12 18:40 etc/cron/weekly/update-pciids.sh
drwxr-xr-x  0 root   root        0 Jul 12 18:40 usr/
drwxr-xr-x  0 root   root        0 Jul 12 18:40 usr/include/
drwxr-xr-x  0 root   root        0 Jul 12 18:40 usr/share/
drwxr-xr-x  0 root   root        0 Jul 12 18:40 usr/sbin/
drwxr-xr-x  0 root   root        0 Jul 12 18:40 usr/bin/
drwxr-xr-x  0 root   root        0 Jul 12 18:40 usr/lib/
lrwxrwxrwx  0 root   root        0 Jul 12 18:40 usr/lib/libpci.so -> libpci.so.3
lrwxrwxrwx  0 root   root        0 Jul 12 18:40 usr/lib/libpci.so.3 -> libpci.so.3.10.0
drwxr-xr-x  0 root   root        0 Jul 12 18:40 usr/lib/pkgconfig/
-rwxr-xr-x  0 root   root    73528 Jul 12 18:40 usr/lib/libpci.so.3.10.0
-rw-r--r--  0 root   root      206 Jul 12 18:40 usr/lib/pkgconfig/libpci.pc
-rwxr-xr-x  0 root   root    98536 Jul 12 18:40 usr/bin/lspci
-rwxr-xr-x  0 root   root     1779 Jul 12 18:40 usr/sbin/update-pciids
-rwxr-xr-x  0 root   root    22896 Jul 12 18:40 usr/sbin/setpci
drwxr-xr-x  0 root   root        0 Jul 12 18:40 usr/share/man/
drwxr-xr-x  0 root   root        0 Jul 12 18:40 usr/share/hwdata/
-rw-r--r--  0 root   root  1369673 Jun 19 03:15 usr/share/hwdata/pci.ids
drwxr-xr-x  0 root   root        0 Jul 12 18:40 usr/share/man/man5/
drwxr-xr-x  0 root   root        0 Jul 12 18:40 usr/share/man/man7/
drwxr-xr-x  0 root   root        0 Jul 12 18:40 usr/share/man/man8/
-rw-r--r--  0 root   root     4510 Jul 12 18:40 usr/share/man/man8/lspci.8.gz
-rw-r--r--  0 root   root     2883 Jul 12 18:40 usr/share/man/man8/setpci.8.gz
-rw-r--r--  0 root   root      498 Jul 12 18:40 usr/share/man/man8/update-pciids.8.gz
-rw-r--r--  0 root   root     3346 Jul 12 18:40 usr/share/man/man7/pcilib.7.gz
-rw-r--r--  0 root   root     1556 Jul 12 18:40 usr/share/man/man5/pci.ids.5.gz
drwxr-xr-x  0 root   root        0 Jul 12 18:40 usr/include/pci/
-rw-r--r--  0 root   root     1950 Jul 12 18:40 usr/include/pci/types.h
-rw-r--r--  0 root   root    12737 Jul 12 18:40 usr/include/pci/pci.h
-rw-r--r--  0 root   root    82835 Jul 12 18:40 usr/include/pci/header.h
-rw-r--r--  0 root   root      783 Jul 12 18:40 usr/include/pci/config.h
=======> Building '/home/devel/packages/pciutils#3.10.0-1.x86_64.pkg.tar.zst' succeeded.
prt-get: Using PKGMK_PACKAGE_DIR: /home/devel/packages
prt-get: reinstalling pciutils 3.10.0-1
prt-get: /usr/bin/pkgadd -u pciutils#3.10.0-1.x86_64.pkg.tar.zst
prt-get: build done Wed Jul 12 18:40:52 2023

