prt-get: updating /usr/ports/opt-x86_64/perl-uri
prt-get: starting build Wed Jul 12 18:54:38 2023
=======> Building '/home/devel/packages/perl-uri#5.10-1.x86_64.pkg.tar.zst'.
bsdtar -p -o -C /home/devel/building/work/src -xf /home/devel/sources/URI-5.10.tar.gz
+ build
+ cd URI-5.10
++ perl -MConfig -E 'say $Config{ccflags}'
+ export 'CFLAGS=-D_REENTRANT -D_GNU_SOURCE -O2 -m64 -march=x86-64 -mtune=generic -flto=auto -ffat-lto-objects -fwrapv -fno-strict-aliasing -pipe -fstack-protector-strong -D_LARGEFILE_SOURCE -D_FILE_OFFSET_BITS=64 -D_FORTIFY_SOURCE=2'
+ CFLAGS='-D_REENTRANT -D_GNU_SOURCE -O2 -m64 -march=x86-64 -mtune=generic -flto=auto -ffat-lto-objects -fwrapv -fno-strict-aliasing -pipe -fstack-protector-strong -D_LARGEFILE_SOURCE -D_FILE_OFFSET_BITS=64 -D_FORTIFY_SOURCE=2'
+ PERL_MM_USE_DEFAULT=1
+ perl Makefile.PL INSTALLDIRS=vendor
Warning: prerequisite Test::Needs 0 not found.
Checking if your kit is complete...
Looks good
Generating a Unix-style Makefile
Writing Makefile for URI
Writing MYMETA.yml and MYMETA.json
+ make
cp lib/URI/rtsp.pm blib/lib/URI/rtsp.pm
cp lib/URI/ldap.pm blib/lib/URI/ldap.pm
cp lib/URI/file/Base.pm blib/lib/URI/file/Base.pm
cp lib/URI/data.pm blib/lib/URI/data.pm
cp lib/URI/Escape.pm blib/lib/URI/Escape.pm
cp lib/URI/file/OS2.pm blib/lib/URI/file/OS2.pm
cp lib/URI/nntps.pm blib/lib/URI/nntps.pm
cp lib/URI/rsync.pm blib/lib/URI/rsync.pm
cp lib/URI/snews.pm blib/lib/URI/snews.pm
cp lib/URI/tn3270.pm blib/lib/URI/tn3270.pm
cp lib/URI/mms.pm blib/lib/URI/mms.pm
cp lib/URI.pm blib/lib/URI.pm
cp lib/URI/nntp.pm blib/lib/URI/nntp.pm
cp lib/URI/file.pm blib/lib/URI/file.pm
cp lib/URI/mailto.pm blib/lib/URI/mailto.pm
cp lib/URI/_punycode.pm blib/lib/URI/_punycode.pm
cp lib/URI/ldapi.pm blib/lib/URI/ldapi.pm
cp lib/URI/ldaps.pm blib/lib/URI/ldaps.pm
cp lib/URI/_idna.pm blib/lib/URI/_idna.pm
cp lib/URI/_foreign.pm blib/lib/URI/_foreign.pm
cp lib/URI/_generic.pm blib/lib/URI/_generic.pm
cp lib/URI/telnet.pm blib/lib/URI/telnet.pm
cp lib/URI/file/QNX.pm blib/lib/URI/file/QNX.pm
cp lib/URI/file/Win32.pm blib/lib/URI/file/Win32.pm
cp lib/URI/_ldap.pm blib/lib/URI/_ldap.pm
cp lib/URI/file/FAT.pm blib/lib/URI/file/FAT.pm
cp lib/URI/WithBase.pm blib/lib/URI/WithBase.pm
cp lib/URI/_query.pm blib/lib/URI/_query.pm
cp lib/URI/urn/oid.pm blib/lib/URI/urn/oid.pm
cp lib/URI/IRI.pm blib/lib/URI/IRI.pm
cp lib/URI/sftp.pm blib/lib/URI/sftp.pm
cp lib/URI/Heuristic.pm blib/lib/URI/Heuristic.pm
cp lib/URI/sip.pm blib/lib/URI/sip.pm
cp lib/URI/http.pm blib/lib/URI/http.pm
cp lib/URI/Split.pm blib/lib/URI/Split.pm
cp lib/URI/urn.pm blib/lib/URI/urn.pm
cp lib/URI/news.pm blib/lib/URI/news.pm
cp lib/URI/urn/isbn.pm blib/lib/URI/urn/isbn.pm
cp lib/URI/_server.pm blib/lib/URI/_server.pm
cp lib/URI/rlogin.pm blib/lib/URI/rlogin.pm
cp lib/URI/_userpass.pm blib/lib/URI/_userpass.pm
cp lib/URI/pop.pm blib/lib/URI/pop.pm
cp lib/URI/rtspu.pm blib/lib/URI/rtspu.pm
cp lib/URI/QueryParam.pm blib/lib/URI/QueryParam.pm
cp lib/URI/file/Unix.pm blib/lib/URI/file/Unix.pm
cp lib/URI/gopher.pm blib/lib/URI/gopher.pm
cp lib/URI/file/Mac.pm blib/lib/URI/file/Mac.pm
cp lib/URI/ssh.pm blib/lib/URI/ssh.pm
cp lib/URI/sips.pm blib/lib/URI/sips.pm
cp lib/URI/https.pm blib/lib/URI/https.pm
cp lib/URI/URL.pm blib/lib/URI/URL.pm
cp lib/URI/ftp.pm blib/lib/URI/ftp.pm
cp lib/URI/_segment.pm blib/lib/URI/_segment.pm
cp lib/URI/_login.pm blib/lib/URI/_login.pm
Manifying 11 pod documents
+ make DESTDIR=/home/devel/building/work/pkg install
Manifying 11 pod documents
Appending installation info to /home/devel/building/work/pkg/usr/lib/perl5/5.38/x86_64-linux-thread-multi/perllocal.pod
Installing /home/devel/building/work/pkg/usr/lib/perl5/site_perl/5.38/URI.pm
Installing /home/devel/building/work/pkg/usr/lib/perl5/site_perl/5.38/URI/_login.pm
Installing /home/devel/building/work/pkg/usr/lib/perl5/site_perl/5.38/URI/_segment.pm
Installing /home/devel/building/work/pkg/usr/lib/perl5/site_perl/5.38/URI/ftp.pm
Installing /home/devel/building/work/pkg/usr/lib/perl5/site_perl/5.38/URI/URL.pm
Installing /home/devel/building/work/pkg/usr/lib/perl5/site_perl/5.38/URI/https.pm
Installing /home/devel/building/work/pkg/usr/lib/perl5/site_perl/5.38/URI/sips.pm
Installing /home/devel/building/work/pkg/usr/lib/perl5/site_perl/5.38/URI/ssh.pm
Installing /home/devel/building/work/pkg/usr/lib/perl5/site_perl/5.38/URI/gopher.pm
Installing /home/devel/building/work/pkg/usr/lib/perl5/site_perl/5.38/URI/QueryParam.pm
Installing /home/devel/building/work/pkg/usr/lib/perl5/site_perl/5.38/URI/rtspu.pm
Installing /home/devel/building/work/pkg/usr/lib/perl5/site_perl/5.38/URI/pop.pm
Installing /home/devel/building/work/pkg/usr/lib/perl5/site_perl/5.38/URI/_userpass.pm
Installing /home/devel/building/work/pkg/usr/lib/perl5/site_perl/5.38/URI/rlogin.pm
Installing /home/devel/building/work/pkg/usr/lib/perl5/site_perl/5.38/URI/_server.pm
Installing /home/devel/building/work/pkg/usr/lib/perl5/site_perl/5.38/URI/news.pm
Installing /home/devel/building/work/pkg/usr/lib/perl5/site_perl/5.38/URI/urn.pm
Installing /home/devel/building/work/pkg/usr/lib/perl5/site_perl/5.38/URI/Split.pm
Installing /home/devel/building/work/pkg/usr/lib/perl5/site_perl/5.38/URI/http.pm
Installing /home/devel/building/work/pkg/usr/lib/perl5/site_perl/5.38/URI/sip.pm
Installing /home/devel/building/work/pkg/usr/lib/perl5/site_perl/5.38/URI/Heuristic.pm
Installing /home/devel/building/work/pkg/usr/lib/perl5/site_perl/5.38/URI/sftp.pm
Installing /home/devel/building/work/pkg/usr/lib/perl5/site_perl/5.38/URI/IRI.pm
Installing /home/devel/building/work/pkg/usr/lib/perl5/site_perl/5.38/URI/_query.pm
Installing /home/devel/building/work/pkg/usr/lib/perl5/site_perl/5.38/URI/WithBase.pm
Installing /home/devel/building/work/pkg/usr/lib/perl5/site_perl/5.38/URI/_ldap.pm
Installing /home/devel/building/work/pkg/usr/lib/perl5/site_perl/5.38/URI/telnet.pm
Installing /home/devel/building/work/pkg/usr/lib/perl5/site_perl/5.38/URI/_generic.pm
Installing /home/devel/building/work/pkg/usr/lib/perl5/site_perl/5.38/URI/_foreign.pm
Installing /home/devel/building/work/pkg/usr/lib/perl5/site_perl/5.38/URI/_idna.pm
Installing /home/devel/building/work/pkg/usr/lib/perl5/site_perl/5.38/URI/ldaps.pm
Installing /home/devel/building/work/pkg/usr/lib/perl5/site_perl/5.38/URI/ldapi.pm
Installing /home/devel/building/work/pkg/usr/lib/perl5/site_perl/5.38/URI/_punycode.pm
Installing /home/devel/building/work/pkg/usr/lib/perl5/site_perl/5.38/URI/mailto.pm
Installing /home/devel/building/work/pkg/usr/lib/perl5/site_perl/5.38/URI/file.pm
Installing /home/devel/building/work/pkg/usr/lib/perl5/site_perl/5.38/URI/nntp.pm
Installing /home/devel/building/work/pkg/usr/lib/perl5/site_perl/5.38/URI/mms.pm
Installing /home/devel/building/work/pkg/usr/lib/perl5/site_perl/5.38/URI/tn3270.pm
Installing /home/devel/building/work/pkg/usr/lib/perl5/site_perl/5.38/URI/snews.pm
Installing /home/devel/building/work/pkg/usr/lib/perl5/site_perl/5.38/URI/rsync.pm
Installing /home/devel/building/work/pkg/usr/lib/perl5/site_perl/5.38/URI/nntps.pm
Installing /home/devel/building/work/pkg/usr/lib/perl5/site_perl/5.38/URI/Escape.pm
Installing /home/devel/building/work/pkg/usr/lib/perl5/site_perl/5.38/URI/data.pm
Installing /home/devel/building/work/pkg/usr/lib/perl5/site_perl/5.38/URI/ldap.pm
Installing /home/devel/building/work/pkg/usr/lib/perl5/site_perl/5.38/URI/rtsp.pm
Installing /home/devel/building/work/pkg/usr/lib/perl5/site_perl/5.38/URI/urn/isbn.pm
Installing /home/devel/building/work/pkg/usr/lib/perl5/site_perl/5.38/URI/urn/oid.pm
Installing /home/devel/building/work/pkg/usr/lib/perl5/site_perl/5.38/URI/file/Mac.pm
Installing /home/devel/building/work/pkg/usr/lib/perl5/site_perl/5.38/URI/file/Unix.pm
Installing /home/devel/building/work/pkg/usr/lib/perl5/site_perl/5.38/URI/file/FAT.pm
Installing /home/devel/building/work/pkg/usr/lib/perl5/site_perl/5.38/URI/file/Win32.pm
Installing /home/devel/building/work/pkg/usr/lib/perl5/site_perl/5.38/URI/file/QNX.pm
Installing /home/devel/building/work/pkg/usr/lib/perl5/site_perl/5.38/URI/file/OS2.pm
Installing /home/devel/building/work/pkg/usr/lib/perl5/site_perl/5.38/URI/file/Base.pm
Installing /home/devel/building/work/pkg/usr/share/man/man3/URI::ldap.3pm
Installing /home/devel/building/work/pkg/usr/share/man/man3/URI::file.3pm
Installing /home/devel/building/work/pkg/usr/share/man/man3/URI::data.3pm
Installing /home/devel/building/work/pkg/usr/share/man/man3/URI::_punycode.3pm
Installing /home/devel/building/work/pkg/usr/share/man/man3/URI::WithBase.3pm
Installing /home/devel/building/work/pkg/usr/share/man/man3/URI::URL.3pm
Installing /home/devel/building/work/pkg/usr/share/man/man3/URI::Split.3pm
Installing /home/devel/building/work/pkg/usr/share/man/man3/URI::QueryParam.3pm
Installing /home/devel/building/work/pkg/usr/share/man/man3/URI::Heuristic.3pm
Installing /home/devel/building/work/pkg/usr/share/man/man3/URI::Escape.3pm
Installing /home/devel/building/work/pkg/usr/share/man/man3/URI.3pm
+ find /home/devel/building/work/pkg -name perllocal.pod -or -name '*.bs' -or -name autosplit.ix -or -name .packlist
+ xargs rm
=======> Build result:
drwxr-xr-x  0 root   root        0 Jul 12 18:54 usr/
drwxr-xr-x  0 root   root        0 Jul 12 18:54 usr/share/
drwxr-xr-x  0 root   root        0 Jul 12 18:54 usr/lib/
drwxr-xr-x  0 root   root        0 Jul 12 18:54 usr/lib/perl5/
drwxr-xr-x  0 root   root        0 Jul 12 18:54 usr/lib/perl5/site_perl/
drwxr-xr-x  0 root   root        0 Jul 12 18:54 usr/lib/perl5/5.38/
drwxr-xr-x  0 root   root        0 Jul 12 18:54 usr/lib/perl5/5.38/x86_64-linux-thread-multi/
drwxr-xr-x  0 root   root        0 Jul 12 18:54 usr/lib/perl5/site_perl/5.38/
drwxr-xr-x  0 root   root        0 Jul 12 18:54 usr/lib/perl5/site_perl/5.38/x86_64-linux-thread-multi/
-r--r--r--  0 root   root    34954 Oct 25  2021 usr/lib/perl5/site_perl/5.38/URI.pm
drwxr-xr-x  0 root   root        0 Jul 12 18:54 usr/lib/perl5/site_perl/5.38/URI/
-r--r--r--  0 root   root      125 Oct 25  2021 usr/lib/perl5/site_perl/5.38/URI/rtsp.pm
-r--r--r--  0 root   root     2924 Oct 25  2021 usr/lib/perl5/site_perl/5.38/URI/ldap.pm
-r--r--r--  0 root   root     3390 Oct 25  2021 usr/lib/perl5/site_perl/5.38/URI/data.pm
-r--r--r--  0 root   root     7061 Oct 25  2021 usr/lib/perl5/site_perl/5.38/URI/Escape.pm
-r--r--r--  0 root   root      144 Oct 25  2021 usr/lib/perl5/site_perl/5.38/URI/nntps.pm
-r--r--r--  0 root   root      207 Oct 25  2021 usr/lib/perl5/site_perl/5.38/URI/rsync.pm
-r--r--r--  0 root   root      172 Oct 25  2021 usr/lib/perl5/site_perl/5.38/URI/snews.pm
-r--r--r--  0 root   root      128 Oct 25  2021 usr/lib/perl5/site_perl/5.38/URI/tn3270.pm
-r--r--r--  0 root   root      125 Oct 25  2021 usr/lib/perl5/site_perl/5.38/URI/mms.pm
-r--r--r--  0 root   root      127 Oct 25  2021 usr/lib/perl5/site_perl/5.38/URI/nntp.pm
-r--r--r--  0 root   root     9761 Oct 25  2021 usr/lib/perl5/site_perl/5.38/URI/file.pm
-r--r--r--  0 root   root     1657 Oct 25  2021 usr/lib/perl5/site_perl/5.38/URI/mailto.pm
-r--r--r--  0 root   root     5622 Oct 25  2021 usr/lib/perl5/site_perl/5.38/URI/_punycode.pm
-r--r--r--  0 root   root      440 Oct 25  2021 usr/lib/perl5/site_perl/5.38/URI/ldapi.pm
-r--r--r--  0 root   root      144 Oct 25  2021 usr/lib/perl5/site_perl/5.38/URI/ldaps.pm
-r--r--r--  0 root   root     2079 Oct 25  2021 usr/lib/perl5/site_perl/5.38/URI/_idna.pm
-r--r--r--  0 root   root      107 Oct 25  2021 usr/lib/perl5/site_perl/5.38/URI/_foreign.pm
-r--r--r--  0 root   root     5822 Oct 25  2021 usr/lib/perl5/site_perl/5.38/URI/_generic.pm
-r--r--r--  0 root   root      128 Oct 25  2021 usr/lib/perl5/site_perl/5.38/URI/telnet.pm
-r--r--r--  0 root   root     3249 Oct 25  2021 usr/lib/perl5/site_perl/5.38/URI/_ldap.pm
-r--r--r--  0 root   root     3862 Oct 25  2021 usr/lib/perl5/site_perl/5.38/URI/WithBase.pm
-r--r--r--  0 root   root     2531 Oct 25  2021 usr/lib/perl5/site_perl/5.38/URI/_query.pm
-r--r--r--  0 root   root      794 Oct 25  2021 usr/lib/perl5/site_perl/5.38/URI/IRI.pm
-r--r--r--  0 root   root       98 Oct 25  2021 usr/lib/perl5/site_perl/5.38/URI/sftp.pm
-r--r--r--  0 root   root     6527 Oct 25  2021 usr/lib/perl5/site_perl/5.38/URI/Heuristic.pm
-r--r--r--  0 root   root     1695 Oct 25  2021 usr/lib/perl5/site_perl/5.38/URI/sip.pm
-r--r--r--  0 root   root      425 Oct 25  2021 usr/lib/perl5/site_perl/5.38/URI/http.pm
-r--r--r--  0 root   root     2353 Oct 25  2021 usr/lib/perl5/site_perl/5.38/URI/Split.pm
-r--r--r--  0 root   root     2175 Oct 25  2021 usr/lib/perl5/site_perl/5.38/URI/urn.pm
-r--r--r--  0 root   root     1454 Oct 25  2021 usr/lib/perl5/site_perl/5.38/URI/news.pm
-r--r--r--  0 root   root     3724 Oct 25  2021 usr/lib/perl5/site_perl/5.38/URI/_server.pm
-r--r--r--  0 root   root      129 Oct 25  2021 usr/lib/perl5/site_perl/5.38/URI/rlogin.pm
-r--r--r--  0 root   root     1034 Oct 25  2021 usr/lib/perl5/site_perl/5.38/URI/_userpass.pm
-r--r--r--  0 root   root     1207 Oct 25  2021 usr/lib/perl5/site_perl/5.38/URI/pop.pm
-r--r--r--  0 root   root      126 Oct 25  2021 usr/lib/perl5/site_perl/5.38/URI/rtspu.pm
-r--r--r--  0 root   root     4861 Oct 25  2021 usr/lib/perl5/site_perl/5.38/URI/QueryParam.pm
-r--r--r--  0 root   root     2428 Oct 25  2021 usr/lib/perl5/site_perl/5.38/URI/gopher.pm
-r--r--r--  0 root   root      175 Oct 25  2021 usr/lib/perl5/site_perl/5.38/URI/ssh.pm
-r--r--r--  0 root   root      143 Oct 25  2021 usr/lib/perl5/site_perl/5.38/URI/sips.pm
-r--r--r--  0 root   root      144 Oct 25  2021 usr/lib/perl5/site_perl/5.38/URI/https.pm
-r--r--r--  0 root   root     5487 Oct 25  2021 usr/lib/perl5/site_perl/5.38/URI/URL.pm
-r--r--r--  0 root   root     1056 Oct 25  2021 usr/lib/perl5/site_perl/5.38/URI/ftp.pm
-r--r--r--  0 root   root      416 Oct 25  2021 usr/lib/perl5/site_perl/5.38/URI/_segment.pm
-r--r--r--  0 root   root      231 Oct 25  2021 usr/lib/perl5/site_perl/5.38/URI/_login.pm
drwxr-xr-x  0 root   root        0 Jul 12 18:54 usr/lib/perl5/site_perl/5.38/URI/urn/
drwxr-xr-x  0 root   root        0 Jul 12 18:54 usr/lib/perl5/site_perl/5.38/URI/file/
-r--r--r--  0 root   root     1485 Oct 25  2021 usr/lib/perl5/site_perl/5.38/URI/file/Base.pm
-r--r--r--  0 root   root      561 Oct 25  2021 usr/lib/perl5/site_perl/5.38/URI/file/OS2.pm
-r--r--r--  0 root   root      337 Oct 25  2021 usr/lib/perl5/site_perl/5.38/URI/file/QNX.pm
-r--r--r--  0 root   root     1757 Oct 25  2021 usr/lib/perl5/site_perl/5.38/URI/file/Win32.pm
-r--r--r--  0 root   root      497 Oct 25  2021 usr/lib/perl5/site_perl/5.38/URI/file/FAT.pm
-r--r--r--  0 root   root     1022 Oct 25  2021 usr/lib/perl5/site_perl/5.38/URI/file/Unix.pm
-r--r--r--  0 root   root     2485 Oct 25  2021 usr/lib/perl5/site_perl/5.38/URI/file/Mac.pm
-r--r--r--  0 root   root      283 Oct 25  2021 usr/lib/perl5/site_perl/5.38/URI/urn/oid.pm
-r--r--r--  0 root   root     2532 Oct 25  2021 usr/lib/perl5/site_perl/5.38/URI/urn/isbn.pm
drwxr-xr-x  0 root   root        0 Jul 12 18:54 usr/lib/perl5/site_perl/5.38/x86_64-linux-thread-multi/auto/
drwxr-xr-x  0 root   root        0 Jul 12 18:54 usr/lib/perl5/site_perl/5.38/x86_64-linux-thread-multi/auto/URI/
drwxr-xr-x  0 root   root        0 Jul 12 18:54 usr/share/man/
drwxr-xr-x  0 root   root        0 Jul 12 18:54 usr/share/man/man3/
-r--r--r--  0 root   root     2069 Jul 12 18:54 usr/share/man/man3/URI::ldap.3pm.gz
-r--r--r--  0 root   root     3751 Jul 12 18:54 usr/share/man/man3/URI::file.3pm.gz
-r--r--r--  0 root   root     1843 Jul 12 18:54 usr/share/man/man3/URI::data.3pm.gz
-r--r--r--  0 root   root     1673 Jul 12 18:54 usr/share/man/man3/URI::_punycode.3pm.gz
-r--r--r--  0 root   root     1546 Jul 12 18:54 usr/share/man/man3/URI::WithBase.3pm.gz
-r--r--r--  0 root   root     1601 Jul 12 18:54 usr/share/man/man3/URI::URL.3pm.gz
-r--r--r--  0 root   root     1535 Jul 12 18:54 usr/share/man/man3/URI::Split.3pm.gz
-r--r--r--  0 root   root     2233 Jul 12 18:54 usr/share/man/man3/URI::QueryParam.3pm.gz
-r--r--r--  0 root   root     2130 Jul 12 18:54 usr/share/man/man3/URI::Heuristic.3pm.gz
-r--r--r--  0 root   root     3115 Jul 12 18:54 usr/share/man/man3/URI::Escape.3pm.gz
-r--r--r--  0 root   root    10693 Jul 12 18:54 usr/share/man/man3/URI.3pm.gz
=======> Building '/home/devel/packages/perl-uri#5.10-1.x86_64.pkg.tar.zst' succeeded.
prt-get: Using PKGMK_PACKAGE_DIR: /home/devel/packages
prt-get: reinstalling perl-uri 5.10-1
prt-get: /usr/bin/pkgadd -u perl-uri#5.10-1.x86_64.pkg.tar.zst
prt-get: build done Wed Jul 12 18:54:38 2023

