prt-get: updating /usr/ports/opt-x86_64/python3-markupsafe
prt-get: starting build Wed Jul 12 19:01:15 2023
=======> Building '/home/devel/packages/python3-markupsafe#2.1.2-2.x86_64.pkg.tar.zst'.
bsdtar -p -o -C /home/devel/building/work/src -xf /home/devel/sources/MarkupSafe-2.1.2.tar.gz
+ build
+ cd MarkupSafe-2.1.2
+ pip3 wheel -w dist --isolated --no-deps /home/devel/building/work/src/MarkupSafe-2.1.2
Processing /home/devel/building/work/src/MarkupSafe-2.1.2
  Installing build dependencies: started
  Installing build dependencies: finished with status 'done'
  Getting requirements to build wheel: started
  Getting requirements to build wheel: finished with status 'done'
  Preparing metadata (pyproject.toml): started
  Preparing metadata (pyproject.toml): finished with status 'done'
Building wheels for collected packages: MarkupSafe
  Building wheel for MarkupSafe (pyproject.toml): started
  Building wheel for MarkupSafe (pyproject.toml): finished with status 'done'
  Created wheel for MarkupSafe: filename=MarkupSafe-2.1.2-cp312-cp312-linux_x86_64.whl size=26772 sha256=df6be599fe83f773b89405f2bf2dfae270b684200b24fdad56a992ae949b5c99
  Stored in directory: /root/.cache/pip/wheels/44/90/32/44ca8ba227b5ed9992182587e48692d574cf8e42604aa89693
Successfully built MarkupSafe
+ /usr/bin/pip3 install --root-user-action=ignore --no-warn-script-location --ignore-installed --no-deps dist/MarkupSafe-2.1.2-cp312-cp312-linux_x86_64.whl --isolated --root=/home/devel/building/work/pkg
Processing ./dist/MarkupSafe-2.1.2-cp312-cp312-linux_x86_64.whl
Installing collected packages: MarkupSafe
Successfully installed MarkupSafe-2.1.2
=======> Build result:
drwxr-xr-x  0 root   root        0 Jul 12 19:01 usr/
drwxr-xr-x  0 root   root        0 Jul 12 19:01 usr/lib/
drwxr-xr-x  0 root   root        0 Jul 12 19:01 usr/lib/python3.12/
drwxr-xr-x  0 root   root        0 Jul 12 19:01 usr/lib/python3.12/site-packages/
drwxr-xr-x  0 root   root        0 Jul 12 19:01 usr/lib/python3.12/site-packages/MarkupSafe-2.1.2.dist-info/
drwxr-xr-x  0 root   root        0 Jul 12 19:01 usr/lib/python3.12/site-packages/markupsafe/
drwxr-xr-x  0 root   root        0 Jul 12 19:01 usr/lib/python3.12/site-packages/markupsafe/__pycache__/
-rw-r--r--  0 root   root        0 Jul 12 19:01 usr/lib/python3.12/site-packages/markupsafe/py.typed
-rw-r--r--  0 root   root      229 Jul 12 19:01 usr/lib/python3.12/site-packages/markupsafe/_speedups.pyi
-rwxr-xr-x  0 root   root    14672 Jul 12 19:01 usr/lib/python3.12/site-packages/markupsafe/_speedups.cpython-312-x86_64-linux-gnu.so
-rw-r--r--  0 root   root     7083 Jul 12 19:01 usr/lib/python3.12/site-packages/markupsafe/_speedups.c
-rw-r--r--  0 root   root     1713 Jul 12 19:01 usr/lib/python3.12/site-packages/markupsafe/_native.py
-rw-r--r--  0 root   root     9306 Jul 12 19:01 usr/lib/python3.12/site-packages/markupsafe/__init__.py
-rw-r--r--  0 root   root     2539 Jul 12 19:01 usr/lib/python3.12/site-packages/markupsafe/__pycache__/_native.cpython-312.pyc
-rw-r--r--  0 root   root    15874 Jul 12 19:01 usr/lib/python3.12/site-packages/markupsafe/__pycache__/__init__.cpython-312.pyc
-rw-r--r--  0 root   root     1298 Jul 12 19:01 usr/lib/python3.12/site-packages/MarkupSafe-2.1.2.dist-info/RECORD
-rw-r--r--  0 root   root        0 Jul 12 19:01 usr/lib/python3.12/site-packages/MarkupSafe-2.1.2.dist-info/REQUESTED
-rw-r--r--  0 root   root      306 Jul 12 19:01 usr/lib/python3.12/site-packages/MarkupSafe-2.1.2.dist-info/direct_url.json
-rw-r--r--  0 root   root        4 Jul 12 19:01 usr/lib/python3.12/site-packages/MarkupSafe-2.1.2.dist-info/INSTALLER
-rw-r--r--  0 root   root       11 Jul 12 19:01 usr/lib/python3.12/site-packages/MarkupSafe-2.1.2.dist-info/top_level.txt
-rw-r--r--  0 root   root      105 Jul 12 19:01 usr/lib/python3.12/site-packages/MarkupSafe-2.1.2.dist-info/WHEEL
-rw-r--r--  0 root   root     3222 Jul 12 19:01 usr/lib/python3.12/site-packages/MarkupSafe-2.1.2.dist-info/METADATA
-rw-r--r--  0 root   root     1475 Jul 12 19:01 usr/lib/python3.12/site-packages/MarkupSafe-2.1.2.dist-info/LICENSE.rst
=======> Building '/home/devel/packages/python3-markupsafe#2.1.2-2.x86_64.pkg.tar.zst' succeeded.
prt-get: Using PKGMK_PACKAGE_DIR: /home/devel/packages
prt-get: reinstalling python3-markupsafe 2.1.2-2
prt-get: /usr/bin/pkgadd -u python3-markupsafe#2.1.2-2.x86_64.pkg.tar.zst
prt-get: build done Wed Jul 12 19:01:17 2023

