prt-get: updating /usr/ports/opt-x86_64/python3-libxml2
prt-get: starting build Wed Jul 12 19:01:04 2023
=======> Building '/home/devel/packages/python3-libxml2#2.10.4-1.x86_64.pkg.tar.zst'.
bsdtar -p -o -C /home/devel/building/work/src -xf /home/devel/sources/libxml2-2.10.4.tar.xz
+ build
+ cd libxml2-2.10.4
+ ./configure --prefix=/usr --sysconfdir=/etc
checking build system type... x86_64-pc-linux-gnu
checking host system type... x86_64-pc-linux-gnu
checking for a BSD-compatible install... /usr/bin/install -c
checking whether build environment is sane... yes
checking for a race-free mkdir -p... /bin/mkdir -p
checking for gawk... gawk
checking whether make sets $(MAKE)... yes
checking whether make supports nested variables... yes
checking whether to enable maintainer-specific portions of Makefiles... yes
checking whether make supports nested variables... (cached) yes
checking for gcc... gcc
checking whether the C compiler works... yes
checking for C compiler default output file name... a.out
checking for suffix of executables... 
checking whether we are cross compiling... no
checking for suffix of object files... o
checking whether the compiler supports GNU C... yes
checking whether gcc accepts -g... yes
checking for gcc option to enable C11 features... none needed
checking whether gcc understands -c and -o together... yes
checking whether make supports the include directive... yes (GNU style)
checking dependency style of gcc... gcc3
checking whether ln -s works... yes
checking how to run the C preprocessor... gcc -E
checking for mv... /bin/mv
checking for tar... /bin/tar
checking for perl... /usr/bin/perl
checking for wget... /usr/bin/wget
checking for xmllint... /usr/bin/xmllint
checking for xsltproc... /usr/bin/xsltproc
checking for pkg-config... /usr/bin/pkg-config
checking pkg-config is at least version 0.9.0... yes
checking how to print strings... printf
checking for a sed that does not truncate output... /bin/sed
checking for grep that handles long lines and -e... /usr/bin/grep
checking for egrep... /usr/bin/grep -E
checking for fgrep... /usr/bin/grep -F
checking for ld used by gcc... /usr/bin/ld
checking if the linker (/usr/bin/ld) is GNU ld... yes
checking for BSD- or MS-compatible name lister (nm)... /usr/bin/nm -B
checking the name lister (/usr/bin/nm -B) interface... BSD nm
checking the maximum length of command line arguments... 1572864
checking how to convert x86_64-pc-linux-gnu file names to x86_64-pc-linux-gnu format... func_convert_file_noop
checking how to convert x86_64-pc-linux-gnu file names to toolchain format... func_convert_file_noop
checking for /usr/bin/ld option to reload object files... -r
checking for objdump... objdump
checking how to recognize dependent libraries... pass_all
checking for dlltool... no
checking how to associate runtime and link libraries... printf %s\n
checking for ar... ar
checking for archiver @FILE support... @
checking for strip... strip
checking for ranlib... ranlib
checking command to parse /usr/bin/nm -B output from gcc object... ok
checking for sysroot... no
checking for a working dd... /bin/dd
checking how to truncate binary pipes... /bin/dd bs=4096 count=1
checking for mt... no
checking if : is a manifest tool... no
checking for stdio.h... yes
checking for stdlib.h... yes
checking for string.h... yes
checking for inttypes.h... yes
checking for stdint.h... yes
checking for strings.h... yes
checking for sys/stat.h... yes
checking for sys/types.h... yes
checking for unistd.h... yes
checking for dlfcn.h... yes
checking for objdir... .libs
checking if gcc supports -fno-rtti -fno-exceptions... no
checking for gcc option to produce PIC... -fPIC -DPIC
checking if gcc PIC flag -fPIC -DPIC works... yes
checking if gcc static flag -static works... yes
checking if gcc supports -c -o file.o... yes
checking if gcc supports -c -o file.o... (cached) yes
checking whether the gcc linker (/usr/bin/ld -m elf_x86_64) supports shared libraries... yes
checking whether -lc should be explicitly linked in... no
checking dynamic linker characteristics... GNU/Linux ld.so
checking how to hardcode library paths into programs... immediate
checking whether stripping libraries is possible... yes
checking if libtool supports shared libraries... yes
checking whether to build shared libraries... yes
checking whether to build static libraries... no
checking for cos in -lm... yes
Checking zlib
checking for Z... yes
Checking lzma
checking for LZMA... yes
Checking headers
checking for fcntl.h... yes
checking for unistd.h... (cached) yes
checking for sys/stat.h... (cached) yes
checking for sys/types.h... (cached) yes
checking for stdint.h... (cached) yes
checking for inttypes.h... (cached) yes
checking for sys/socket.h... yes
checking for netinet/in.h... yes
checking for arpa/inet.h... yes
checking for netdb.h... yes
checking for sys/time.h... yes
checking for sys/select.h... yes
checking for poll.h... yes
checking for sys/mman.h... yes
checking for sys/timeb.h... yes
checking for arpa/nameser.h... yes
checking for resolv.h... yes
checking for dl.h... no
checking for dlfcn.h... (cached) yes
Checking types
checking for uint32_t... yes
Checking libraries
checking for gettimeofday... yes
checking for ftime... yes
checking for stat... yes
checking for rand_r... yes
checking for isascii... yes
checking for mmap... yes
checking for munmap... yes
checking for putenv... yes
checking for va_copy... yes
checking whether va_list is an array type... yes
checking for library containing gethostent... none required
checking for library containing setsockopt... none required
checking for library containing connect... none required
checking for type of socket length (socklen_t)... socklen_t *
checking for const gethostbyname() argument... yes
checking for const send() second argument... yes
checking whether __attribute__((destructor)) is accepted... yes
checking whether to enable IPv6... yes
checking struct sockaddr::ss_family... yes
checking for getaddrinfo... yes
checking for python... /usr/bin/python
checking for python version... 3.12
checking for python platform... linux
checking for GNU default python prefix... ${prefix}
checking for GNU default python exec_prefix... ${exec_prefix}
checking for python script directory (pythondir)... ${PYTHON_PREFIX}/lib/python3.12/site-packages
checking for python extension module directory (pyexecdir)... ${PYTHON_EXEC_PREFIX}/lib/python3.12/site-packages
checking for PYTHON... yes
checking for shl_load... no
checking for shl_load in -ldld... no
checking for dlopen... yes
Checking configuration requirements
Enabling multithreaded support
checking for pthread.h... yes
checking for pthread_join in -lpthread... yes
Disabling FTP support
Disabling deprecated APIs
Enabled Schematron support
checking for iconv.h... yes
checking for iconv... yes
Disabling ICU support
Enabled Schemas/Relax-NG support
checking for snprintf... yes
checking for vsnprintf... yes
Disabling code coverage for GCC
checking that generated files are newer than configure... done
configure: creating ./config.status
config.status: creating libxml2.spec
config.status: creating Makefile
config.status: creating include/Makefile
config.status: creating include/libxml/Makefile
config.status: creating doc/Makefile
config.status: creating doc/examples/Makefile
config.status: creating doc/devhelp/Makefile
config.status: creating example/Makefile
config.status: creating fuzz/Makefile
config.status: creating python/Makefile
config.status: creating python/tests/Makefile
config.status: creating xstc/Makefile
config.status: creating include/libxml/xmlversion.h
config.status: creating libxml-2.0.pc
config.status: creating libxml-2.0-uninstalled.pc
config.status: creating libxml2-config.cmake
config.status: creating python/setup.py
config.status: creating xml2-config
config.status: creating config.h
config.status: executing depfiles commands
config.status: executing libtool commands
Done configuring
+ cd /home/devel/building/work/src/libxml2-2.10.4/python
+ /usr/bin/python3 setup.py build
/usr/lib/python3.12/site-packages/setuptools/_distutils/dist.py:250: UserWarning: 'licence' distribution option is deprecated; use 'license'
  warnings.warn(msg)
libxml.c: In function 'xmlPythonFileCloseRaw':
libxml.c:260:5: warning: 'PyEval_CallMethod' is deprecated [-Wdeprecated-declarations]
  260 |     ret = PyEval_CallMethod(file, (char *) "close", (char *) "()");
      |     ^~~
In file included from /usr/include/python3.12/Python.h:95,
                 from libxml.c:15:
/usr/include/python3.12/ceval.h:38:43: note: declared here
   38 | Py_DEPRECATED(3.9) PyAPI_FUNC(PyObject *) PyEval_CallMethod(
      |                                           ^~~~~~~~~~~~~~~~~
libxml.c: In function 'xmlPythonFileReadRaw':
libxml.c:290:5: warning: 'PyEval_CallMethod' is deprecated [-Wdeprecated-declarations]
  290 |     ret = PyEval_CallMethod(file, (char *) "read", (char *) "(i)", len);
      |     ^~~
/usr/include/python3.12/ceval.h:38:43: note: declared here
   38 | Py_DEPRECATED(3.9) PyAPI_FUNC(PyObject *) PyEval_CallMethod(
      |                                           ^~~~~~~~~~~~~~~~~
libxml.c: In function 'xmlPythonFileRead':
libxml.c:355:5: warning: 'PyEval_CallMethod' is deprecated [-Wdeprecated-declarations]
  355 |     ret = PyEval_CallMethod(file, (char *) "io_read", (char *) "(i)", len);
      |     ^~~
/usr/include/python3.12/ceval.h:38:43: note: declared here
   38 | Py_DEPRECATED(3.9) PyAPI_FUNC(PyObject *) PyEval_CallMethod(
      |                                           ^~~~~~~~~~~~~~~~~
libxml.c: In function 'xmlPythonFileWrite':
libxml.c:423:9: warning: 'PyEval_CallMethod' is deprecated [-Wdeprecated-declarations]
  423 |         ret = PyEval_CallMethod(file, (char *) "io_write", (char *) "(O)",
      |         ^~~
/usr/include/python3.12/ceval.h:38:43: note: declared here
   38 | Py_DEPRECATED(3.9) PyAPI_FUNC(PyObject *) PyEval_CallMethod(
      |                                           ^~~~~~~~~~~~~~~~~
libxml.c:426:9: warning: 'PyEval_CallMethod' is deprecated [-Wdeprecated-declarations]
  426 |         ret = PyEval_CallMethod(file, (char *) "write", (char *) "(O)",
      |         ^~~
/usr/include/python3.12/ceval.h:38:43: note: declared here
   38 | Py_DEPRECATED(3.9) PyAPI_FUNC(PyObject *) PyEval_CallMethod(
      |                                           ^~~~~~~~~~~~~~~~~
libxml.c: In function 'xmlPythonFileClose':
libxml.c:462:9: warning: 'PyEval_CallMethod' is deprecated [-Wdeprecated-declarations]
  462 |         ret = PyEval_CallMethod(file, (char *) "io_close", (char *) "()");
      |         ^~~
/usr/include/python3.12/ceval.h:38:43: note: declared here
   38 | Py_DEPRECATED(3.9) PyAPI_FUNC(PyObject *) PyEval_CallMethod(
      |                                           ^~~~~~~~~~~~~~~~~
libxml.c:464:9: warning: 'PyEval_CallMethod' is deprecated [-Wdeprecated-declarations]
  464 |         ret = PyEval_CallMethod(file, (char *) "flush", (char *) "()");
      |         ^~~
/usr/include/python3.12/ceval.h:38:43: note: declared here
   38 | Py_DEPRECATED(3.9) PyAPI_FUNC(PyObject *) PyEval_CallMethod(
      |                                           ^~~~~~~~~~~~~~~~~
libxml.c: In function 'libxml_xmlSAXParseFile':
libxml.c:1543:5: warning: 'xmlSAXUserParseFile' is deprecated [-Wdeprecated-declarations]
 1543 |     xmlSAXUserParseFile(SAX, pyobj_SAX, URI);
      |     ^~~~~~~~~~~~~~~~~~~
In file included from /usr/include/libxml2/libxml/globals.h:18,
                 from /usr/include/libxml2/libxml/threads.h:35,
                 from /usr/include/libxml2/libxml/xmlmemory.h:222,
                 from libxml.c:18:
/usr/include/libxml2/libxml/parser.h:889:17: note: declared here
  889 |                 xmlSAXUserParseFile     (xmlSAXHandlerPtr sax,
      |                 ^~~~~~~~~~~~~~~~~~~
libxml.c: In function 'libxml_htmlSAXParseFile':
libxml.c:1574:5: warning: 'htmlSAXParseFile' is deprecated [-Wdeprecated-declarations]
 1574 |     htmlSAXParseFile(URI, encoding, SAX, pyobj_SAX);
      |     ^~~~~~~~~~~~~~~~
In file included from /usr/include/libxml2/libxml/parserInternals.h:17,
                 from libxml_wrap.h:4,
                 from libxml.c:29:
/usr/include/libxml2/libxml/HTMLparser.h:140:25: note: declared here
  140 |                         htmlSAXParseFile(const char *filename,
      |                         ^~~~~~~~~~~~~~~~
libxml.c: In function 'libxml_xmlErrorFuncHandler':
libxml.c:1645:9: warning: 'PyEval_CallObjectWithKeywords' is deprecated [-Wdeprecated-declarations]
 1645 |         result = PyEval_CallObject(libxml_xmlPythonErrorFuncHandler, list);
      |         ^~~~~~
/usr/include/python3.12/ceval.h:27:43: note: declared here
   27 | Py_DEPRECATED(3.9) PyAPI_FUNC(PyObject *) PyEval_CallObjectWithKeywords(
      |                                           ^~~~~~~~~~~~~~~~~~~~~~~~~~~~~
libxml.c: In function 'libxml_xmlParserCtxtGenericErrorFuncHandler':
libxml.c:1733:5: warning: 'PyEval_CallObjectWithKeywords' is deprecated [-Wdeprecated-declarations]
 1733 |     result = PyEval_CallObject(pyCtxt->f, list);
      |     ^~~~~~
/usr/include/python3.12/ceval.h:27:43: note: declared here
   27 | Py_DEPRECATED(3.9) PyAPI_FUNC(PyObject *) PyEval_CallObjectWithKeywords(
      |                                           ^~~~~~~~~~~~~~~~~~~~~~~~~~~~~
libxml.c: In function 'libxml_xmlValidCtxtGenericErrorFuncHandler':
libxml.c:1919:5: warning: 'PyEval_CallObjectWithKeywords' is deprecated [-Wdeprecated-declarations]
 1919 |     result = PyEval_CallObject(pyCtxt->error, list);
      |     ^~~~~~
/usr/include/python3.12/ceval.h:27:43: note: declared here
   27 | Py_DEPRECATED(3.9) PyAPI_FUNC(PyObject *) PyEval_CallObjectWithKeywords(
      |                                           ^~~~~~~~~~~~~~~~~~~~~~~~~~~~~
libxml.c: In function 'libxml_xmlValidCtxtGenericWarningFuncHandler':
libxml.c:1946:5: warning: 'PyEval_CallObjectWithKeywords' is deprecated [-Wdeprecated-declarations]
 1946 |     result = PyEval_CallObject(pyCtxt->warn, list);
      |     ^~~~~~
/usr/include/python3.12/ceval.h:27:43: note: declared here
   27 | Py_DEPRECATED(3.9) PyAPI_FUNC(PyObject *) PyEval_CallObjectWithKeywords(
      |                                           ^~~~~~~~~~~~~~~~~~~~~~~~~~~~~
libxml.c: In function 'libxml_xmlTextReaderErrorCallback':
libxml.c:2081:5: warning: 'PyEval_CallObjectWithKeywords' is deprecated [-Wdeprecated-declarations]
 2081 |     result = PyEval_CallObject(pyCtxt->f, list);
      |     ^~~~~~
/usr/include/python3.12/ceval.h:27:43: note: declared here
   27 | Py_DEPRECATED(3.9) PyAPI_FUNC(PyObject *) PyEval_CallObjectWithKeywords(
      |                                           ^~~~~~~~~~~~~~~~~~~~~~~~~~~~~
libxml.c: In function 'libxml_xmlXPathFuncCallback':
libxml.c:2276:5: warning: 'PyEval_CallObjectWithKeywords' is deprecated [-Wdeprecated-declarations]
 2276 |     result = PyEval_CallObject(current_function, list);
      |     ^~~~~~
/usr/include/python3.12/ceval.h:27:43: note: declared here
   27 | Py_DEPRECATED(3.9) PyAPI_FUNC(PyObject *) PyEval_CallObjectWithKeywords(
      |                                           ^~~~~~~~~~~~~~~~~~~~~~~~~~~~~
libxml.c: In function 'libxml_xmlRelaxNGValidityGenericErrorFuncHandler':
libxml.c:3153:5: warning: 'PyEval_CallObjectWithKeywords' is deprecated [-Wdeprecated-declarations]
 3153 |     result = PyEval_CallObject(pyCtxt->error, list);
      |     ^~~~~~
/usr/include/python3.12/ceval.h:27:43: note: declared here
   27 | Py_DEPRECATED(3.9) PyAPI_FUNC(PyObject *) PyEval_CallObjectWithKeywords(
      |                                           ^~~~~~~~~~~~~~~~~~~~~~~~~~~~~
libxml.c: In function 'libxml_xmlRelaxNGValidityGenericWarningFuncHandler':
libxml.c:3180:5: warning: 'PyEval_CallObjectWithKeywords' is deprecated [-Wdeprecated-declarations]
 3180 |     result = PyEval_CallObject(pyCtxt->warn, list);
      |     ^~~~~~
/usr/include/python3.12/ceval.h:27:43: note: declared here
   27 | Py_DEPRECATED(3.9) PyAPI_FUNC(PyObject *) PyEval_CallObjectWithKeywords(
      |                                           ^~~~~~~~~~~~~~~~~~~~~~~~~~~~~
libxml.c: In function 'libxml_xmlSchemaValidityGenericErrorFuncHandler':
libxml.c:3317:9: warning: 'PyEval_CallObjectWithKeywords' is deprecated [-Wdeprecated-declarations]
 3317 |         result = PyEval_CallObject(pyCtxt->error, list);
      |         ^~~~~~
/usr/include/python3.12/ceval.h:27:43: note: declared here
   27 | Py_DEPRECATED(3.9) PyAPI_FUNC(PyObject *) PyEval_CallObjectWithKeywords(
      |                                           ^~~~~~~~~~~~~~~~~~~~~~~~~~~~~
libxml.c: In function 'libxml_xmlSchemaValidityGenericWarningFuncHandler':
libxml.c:3344:9: warning: 'PyEval_CallObjectWithKeywords' is deprecated [-Wdeprecated-declarations]
 3344 |         result = PyEval_CallObject(pyCtxt->warn, list);
      |         ^~~~~~
/usr/include/python3.12/ceval.h:27:43: note: declared here
   27 | Py_DEPRECATED(3.9) PyAPI_FUNC(PyObject *) PyEval_CallObjectWithKeywords(
      |                                           ^~~~~~~~~~~~~~~~~~~~~~~~~~~~~
libxml2-py.c: In function 'libxml_htmlParseCharRef':
libxml2-py.c:545:5: warning: 'htmlParseCharRef' is deprecated [-Wdeprecated-declarations]
  545 |     c_retval = htmlParseCharRef(ctxt);
      |     ^~~~~~~~
In file included from /usr/include/libxml2/libxml/parserInternals.h:17,
                 from libxml_wrap.h:4,
                 from libxml2-py.c:8:
/usr/include/libxml2/libxml/HTMLparser.h:109:25: note: declared here
  109 |                         htmlParseCharRef(htmlParserCtxtPtr ctxt);
      |                         ^~~~~~~~~~~~~~~~
libxml2-py.c: In function 'libxml_htmlParseElement':
libxml2-py.c:618:5: warning: 'htmlParseElement' is deprecated [-Wdeprecated-declarations]
  618 |     htmlParseElement(ctxt);
      |     ^~~~~~~~~~~~~~~~
/usr/include/libxml2/libxml/HTMLparser.h:112:25: note: declared here
  112 |                         htmlParseElement(htmlParserCtxtPtr ctxt);
      |                         ^~~~~~~~~~~~~~~~
libxml2-py.c: In function 'libxml_namePop':
libxml2-py.c:810:5: warning: 'namePop' is deprecated [-Wdeprecated-declarations]
  810 |     c_retval = namePop(ctxt);
      |     ^~~~~~~~
/usr/include/libxml2/libxml/parserInternals.h:564:33: note: declared here
  564 | XMLPUBFUN const xmlChar *       namePop                 (xmlParserCtxtPtr ctxt);
      |                                 ^~~~~~~
libxml2-py.c: In function 'libxml_namePush':
libxml2-py.c:827:5: warning: 'namePush' is deprecated [-Wdeprecated-declarations]
  827 |     c_retval = namePush(ctxt, value);
      |     ^~~~~~~~
/usr/include/libxml2/libxml/parserInternals.h:566:33: note: declared here
  566 | XMLPUBFUN int                   namePush                (xmlParserCtxtPtr ctxt,
      |                                 ^~~~~~~~
libxml2-py.c: In function 'libxml_nodePop':
libxml2-py.c:843:5: warning: 'nodePop' is deprecated [-Wdeprecated-declarations]
  843 |     c_retval = nodePop(ctxt);
      |     ^~~~~~~~
/usr/include/libxml2/libxml/parserInternals.h:559:33: note: declared here
  559 | XMLPUBFUN xmlNodePtr            nodePop                 (xmlParserCtxtPtr ctxt);
      |                                 ^~~~~~~
libxml2-py.c: In function 'libxml_nodePush':
libxml2-py.c:862:5: warning: 'nodePush' is deprecated [-Wdeprecated-declarations]
  862 |     c_retval = nodePush(ctxt, value);
      |     ^~~~~~~~
/usr/include/libxml2/libxml/parserInternals.h:556:33: note: declared here
  556 | XMLPUBFUN int                   nodePush                (xmlParserCtxtPtr ctxt,
      |                                 ^~~~~~~~
libxml2-py.c: In function 'libxml_xmlCheckLanguageID':
libxml2-py.c:1525:5: warning: 'xmlCheckLanguageID' is deprecated [-Wdeprecated-declarations]
 1525 |     c_retval = xmlCheckLanguageID(lang);
      |     ^~~~~~~~
/usr/include/libxml2/libxml/parserInternals.h:581:33: note: declared here
  581 | XMLPUBFUN int                   xmlCheckLanguageID      (const xmlChar *lang);
      |                                 ^~~~~~~~~~~~~~~~~~
libxml2-py.c: In function 'libxml_xmlNextChar':
libxml2-py.c:4465:5: warning: 'xmlNextChar' is deprecated [-Wdeprecated-declarations]
 4465 |     xmlNextChar(ctxt);
      |     ^~~~~~~~~~~
/usr/include/libxml2/libxml/parserInternals.h:595:33: note: declared here
  595 | XMLPUBFUN void                  xmlNextChar             (xmlParserCtxtPtr ctxt);
      |                                 ^~~~~~~~~~~
libxml2-py.c: In function 'libxml_xmlParseAttValue':
libxml2-py.c:4866:5: warning: 'xmlParseAttValue' is deprecated [-Wdeprecated-declarations]
 4866 |     c_retval = xmlParseAttValue(ctxt);
      |     ^~~~~~~~
/usr/include/libxml2/libxml/parserInternals.h:373:25: note: declared here
  373 |                         xmlParseAttValue        (xmlParserCtxtPtr ctxt);
      |                         ^~~~~~~~~~~~~~~~
libxml2-py.c: In function 'libxml_xmlParseAttributeListDecl':
libxml2-py.c:4880:5: warning: 'xmlParseAttributeListDecl' is deprecated [-Wdeprecated-declarations]
 4880 |     xmlParseAttributeListDecl(ctxt);
      |     ^~~~~~~~~~~~~~~~~~~~~~~~~
/usr/include/libxml2/libxml/parserInternals.h:424:25: note: declared here
  424 |                         xmlParseAttributeListDecl(xmlParserCtxtPtr ctxt);
      |                         ^~~~~~~~~~~~~~~~~~~~~~~~~
libxml2-py.c: In function 'libxml_xmlParseCDSect':
libxml2-py.c:4894:5: warning: 'xmlParseCDSect' is deprecated [-Wdeprecated-declarations]
 4894 |     xmlParseCDSect(ctxt);
      |     ^~~~~~~~~~~~~~
/usr/include/libxml2/libxml/parserInternals.h:475:25: note: declared here
  475 |                         xmlParseCDSect          (xmlParserCtxtPtr ctxt);
      |                         ^~~~~~~~~~~~~~
libxml2-py.c: In function 'libxml_xmlParseCharData':
libxml2-py.c:4925:5: warning: 'xmlParseCharData' is deprecated [-Wdeprecated-declarations]
 4925 |     xmlParseCharData(ctxt, cdata);
      |     ^~~~~~~~~~~~~~~~
/usr/include/libxml2/libxml/parserInternals.h:382:25: note: declared here
  382 |                         xmlParseCharData        (xmlParserCtxtPtr ctxt,
      |                         ^~~~~~~~~~~~~~~~
libxml2-py.c: In function 'libxml_xmlParseCharRef':
libxml2-py.c:4941:5: warning: 'xmlParseCharRef' is deprecated [-Wdeprecated-declarations]
 4941 |     c_retval = xmlParseCharRef(ctxt);
      |     ^~~~~~~~
/usr/include/libxml2/libxml/parserInternals.h:448:25: note: declared here
  448 |                         xmlParseCharRef         (xmlParserCtxtPtr ctxt);
      |                         ^~~~~~~~~~~~~~~
libxml2-py.c: In function 'libxml_xmlParseComment':
libxml2-py.c:4977:5: warning: 'xmlParseComment' is deprecated [-Wdeprecated-declarations]
 4977 |     xmlParseComment(ctxt);
      |     ^~~~~~~~~~~~~~~
/usr/include/libxml2/libxml/parserInternals.h:391:25: note: declared here
  391 |                         xmlParseComment         (xmlParserCtxtPtr ctxt);
      |                         ^~~~~~~~~~~~~~~
libxml2-py.c: In function 'libxml_xmlParseDocTypeDecl':
libxml2-py.c:5038:5: warning: 'xmlParseDocTypeDecl' is deprecated [-Wdeprecated-declarations]
 5038 |     xmlParseDocTypeDecl(ctxt);
      |     ^~~~~~~~~~~~~~~~~~~
/usr/include/libxml2/libxml/parserInternals.h:460:25: note: declared here
  460 |                         xmlParseDocTypeDecl     (xmlParserCtxtPtr ctxt);
      |                         ^~~~~~~~~~~~~~~~~~~
libxml2-py.c: In function 'libxml_xmlParseElement':
libxml2-py.c:5068:5: warning: 'xmlParseElement' is deprecated [-Wdeprecated-declarations]
 5068 |     xmlParseElement(ctxt);
      |     ^~~~~~~~~~~~~~~
/usr/include/libxml2/libxml/parserInternals.h:480:25: note: declared here
  480 |                         xmlParseElement         (xmlParserCtxtPtr ctxt);
      |                         ^~~~~~~~~~~~~~~
libxml2-py.c: In function 'libxml_xmlParseElementDecl':
libxml2-py.c:5084:5: warning: 'xmlParseElementDecl' is deprecated [-Wdeprecated-declarations]
 5084 |     c_retval = xmlParseElementDecl(ctxt);
      |     ^~~~~~~~
/usr/include/libxml2/libxml/parserInternals.h:442:25: note: declared here
  442 |                         xmlParseElementDecl     (xmlParserCtxtPtr ctxt);
      |                         ^~~~~~~~~~~~~~~~~~~
libxml2-py.c: In function 'libxml_xmlParseEncName':
libxml2-py.c:5100:5: warning: 'xmlParseEncName' is deprecated [-Wdeprecated-declarations]
 5100 |     c_retval = xmlParseEncName(ctxt);
      |     ^~~~~~~~
/usr/include/libxml2/libxml/parserInternals.h:489:25: note: declared here
  489 |                         xmlParseEncName         (xmlParserCtxtPtr ctxt);
      |                         ^~~~~~~~~~~~~~~
libxml2-py.c: In function 'libxml_xmlParseEncodingDecl':
libxml2-py.c:5116:5: warning: 'xmlParseEncodingDecl' is deprecated [-Wdeprecated-declarations]
 5116 |     c_retval = xmlParseEncodingDecl(ctxt);
      |     ^~~~~~~~
/usr/include/libxml2/libxml/parserInternals.h:492:25: note: declared here
  492 |                         xmlParseEncodingDecl    (xmlParserCtxtPtr ctxt);
      |                         ^~~~~~~~~~~~~~~~~~~~
libxml2-py.c: In function 'libxml_xmlParseEndTag':
libxml2-py.c:5131:5: warning: 'xmlParseEndTag' is deprecated [-Wdeprecated-declarations]
 5131 |     xmlParseEndTag(ctxt);
      |     ^~~~~~~~~~~~~~
/usr/include/libxml2/libxml/parserInternals.h:471:25: note: declared here
  471 |                         xmlParseEndTag          (xmlParserCtxtPtr ctxt);
      |                         ^~~~~~~~~~~~~~
libxml2-py.c: In function 'libxml_xmlParseEntity':
libxml2-py.c:5147:5: warning: 'xmlParseEntity' is deprecated [-Wdeprecated-declarations]
 5147 |     c_retval = xmlParseEntity(filename);
      |     ^~~~~~~~
In file included from /usr/include/libxml2/libxml/globals.h:18,
                 from /usr/include/libxml2/libxml/threads.h:35,
                 from /usr/include/libxml2/libxml/xmlmemory.h:222,
                 from /usr/include/libxml2/libxml/tree.h:1310,
                 from libxml2-py.c:6:
/usr/include/libxml2/libxml/parser.h:933:17: note: declared here
  933 |                 xmlParseEntity          (const char *filename);
      |                 ^~~~~~~~~~~~~~
libxml2-py.c: In function 'libxml_xmlParseEntityDecl':
libxml2-py.c:5162:5: warning: 'xmlParseEntityDecl' is deprecated [-Wdeprecated-declarations]
 5162 |     xmlParseEntityDecl(ctxt);
      |     ^~~~~~~~~~~~~~~~~~
/usr/include/libxml2/libxml/parserInternals.h:403:25: note: declared here
  403 |                         xmlParseEntityDecl      (xmlParserCtxtPtr ctxt);
      |                         ^~~~~~~~~~~~~~~~~~
libxml2-py.c: In function 'libxml_xmlParseEntityRef':
libxml2-py.c:5178:5: warning: 'xmlParseEntityRef' is deprecated [-Wdeprecated-declarations]
 5178 |     c_retval = xmlParseEntityRef(ctxt);
      |     ^~~~~~~~
/usr/include/libxml2/libxml/parserInternals.h:451:25: note: declared here
  451 |                         xmlParseEntityRef       (xmlParserCtxtPtr ctxt);
      |                         ^~~~~~~~~~~~~~~~~
libxml2-py.c: In function 'libxml_xmlParseMarkupDecl':
libxml2-py.c:5240:5: warning: 'xmlParseMarkupDecl' is deprecated [-Wdeprecated-declarations]
 5240 |     xmlParseMarkupDecl(ctxt);
      |     ^~~~~~~~~~~~~~~~~~
/usr/include/libxml2/libxml/parserInternals.h:445:25: note: declared here
  445 |                         xmlParseMarkupDecl      (xmlParserCtxtPtr ctxt);
      |                         ^~~~~~~~~~~~~~~~~~
libxml2-py.c: In function 'libxml_xmlParseMisc':
libxml2-py.c:5272:5: warning: 'xmlParseMisc' is deprecated [-Wdeprecated-declarations]
 5272 |     xmlParseMisc(ctxt);
      |     ^~~~~~~~~~~~
/usr/include/libxml2/libxml/parserInternals.h:504:25: note: declared here
  504 |                         xmlParseMisc            (xmlParserCtxtPtr ctxt);
      |                         ^~~~~~~~~~~~
libxml2-py.c: In function 'libxml_xmlParseName':
libxml2-py.c:5288:5: warning: 'xmlParseName' is deprecated [-Wdeprecated-declarations]
 5288 |     c_retval = xmlParseName(ctxt);
      |     ^~~~~~~~
/usr/include/libxml2/libxml/parserInternals.h:363:25: note: declared here
  363 |                         xmlParseName            (xmlParserCtxtPtr ctxt);
      |                         ^~~~~~~~~~~~
libxml2-py.c: In function 'libxml_xmlParseNmtoken':
libxml2-py.c:5325:5: warning: 'xmlParseNmtoken' is deprecated [-Wdeprecated-declarations]
 5325 |     c_retval = xmlParseNmtoken(ctxt);
      |     ^~~~~~~~
/usr/include/libxml2/libxml/parserInternals.h:366:25: note: declared here
  366 |                         xmlParseNmtoken         (xmlParserCtxtPtr ctxt);
      |                         ^~~~~~~~~~~~~~~
libxml2-py.c: In function 'libxml_xmlParseNotationDecl':
libxml2-py.c:5339:5: warning: 'xmlParseNotationDecl' is deprecated [-Wdeprecated-declarations]
 5339 |     xmlParseNotationDecl(ctxt);
      |     ^~~~~~~~~~~~~~~~~~~~
/usr/include/libxml2/libxml/parserInternals.h:400:25: note: declared here
  400 |                         xmlParseNotationDecl    (xmlParserCtxtPtr ctxt);
      |                         ^~~~~~~~~~~~~~~~~~~~
libxml2-py.c: In function 'libxml_xmlParsePEReference':
libxml2-py.c:5353:5: warning: 'xmlParsePEReference' is deprecated [-Wdeprecated-declarations]
 5353 |     xmlParsePEReference(ctxt);
      |     ^~~~~~~~~~~~~~~~~~~
/usr/include/libxml2/libxml/parserInternals.h:457:25: note: declared here
  457 |                         xmlParsePEReference     (xmlParserCtxtPtr ctxt);
      |                         ^~~~~~~~~~~~~~~~~~~
libxml2-py.c: In function 'libxml_xmlParsePI':
libxml2-py.c:5367:5: warning: 'xmlParsePI' is deprecated [-Wdeprecated-declarations]
 5367 |     xmlParsePI(ctxt);
      |     ^~~~~~~~~~
/usr/include/libxml2/libxml/parserInternals.h:397:25: note: declared here
  397 |                         xmlParsePI              (xmlParserCtxtPtr ctxt);
      |                         ^~~~~~~~~~
libxml2-py.c: In function 'libxml_xmlParsePITarget':
libxml2-py.c:5383:5: warning: 'xmlParsePITarget' is deprecated [-Wdeprecated-declarations]
 5383 |     c_retval = xmlParsePITarget(ctxt);
      |     ^~~~~~~~
/usr/include/libxml2/libxml/parserInternals.h:394:25: note: declared here
  394 |                         xmlParsePITarget        (xmlParserCtxtPtr ctxt);
      |                         ^~~~~~~~~~~~~~~~
libxml2-py.c: In function 'libxml_xmlParsePubidLiteral':
libxml2-py.c:5399:5: warning: 'xmlParsePubidLiteral' is deprecated [-Wdeprecated-declarations]
 5399 |     c_retval = xmlParsePubidLiteral(ctxt);
      |     ^~~~~~~~
/usr/include/libxml2/libxml/parserInternals.h:379:25: note: declared here
  379 |                         xmlParsePubidLiteral    (xmlParserCtxtPtr ctxt);
      |                         ^~~~~~~~~~~~~~~~~~~~
libxml2-py.c: In function 'libxml_xmlParseReference':
libxml2-py.c:5436:5: warning: 'xmlParseReference' is deprecated [-Wdeprecated-declarations]
 5436 |     xmlParseReference(ctxt);
      |     ^~~~~~~~~~~~~~~~~
/usr/include/libxml2/libxml/parserInternals.h:454:25: note: declared here
  454 |                         xmlParseReference       (xmlParserCtxtPtr ctxt);
      |                         ^~~~~~~~~~~~~~~~~
libxml2-py.c: In function 'libxml_xmlParseSDDecl':
libxml2-py.c:5452:5: warning: 'xmlParseSDDecl' is deprecated [-Wdeprecated-declarations]
 5452 |     c_retval = xmlParseSDDecl(ctxt);
      |     ^~~~~~~~
/usr/include/libxml2/libxml/parserInternals.h:495:25: note: declared here
  495 |                         xmlParseSDDecl          (xmlParserCtxtPtr ctxt);
      |                         ^~~~~~~~~~~~~~
libxml2-py.c: In function 'libxml_xmlParseStartTag':
libxml2-py.c:5469:5: warning: 'xmlParseStartTag' is deprecated [-Wdeprecated-declarations]
 5469 |     c_retval = xmlParseStartTag(ctxt);
      |     ^~~~~~~~
/usr/include/libxml2/libxml/parserInternals.h:468:25: note: declared here
  468 |                         xmlParseStartTag        (xmlParserCtxtPtr ctxt);
      |                         ^~~~~~~~~~~~~~~~
libxml2-py.c: In function 'libxml_xmlParseSystemLiteral':
libxml2-py.c:5486:5: warning: 'xmlParseSystemLiteral' is deprecated [-Wdeprecated-declarations]
 5486 |     c_retval = xmlParseSystemLiteral(ctxt);
      |     ^~~~~~~~
/usr/include/libxml2/libxml/parserInternals.h:376:25: note: declared here
  376 |                         xmlParseSystemLiteral   (xmlParserCtxtPtr ctxt);
      |                         ^~~~~~~~~~~~~~~~~~~~~
libxml2-py.c: In function 'libxml_xmlParseTextDecl':
libxml2-py.c:5500:5: warning: 'xmlParseTextDecl' is deprecated [-Wdeprecated-declarations]
 5500 |     xmlParseTextDecl(ctxt);
      |     ^~~~~~~~~~~~~~~~
/usr/include/libxml2/libxml/parserInternals.h:501:25: note: declared here
  501 |                         xmlParseTextDecl        (xmlParserCtxtPtr ctxt);
      |                         ^~~~~~~~~~~~~~~~
libxml2-py.c: In function 'libxml_xmlParseVersionInfo':
libxml2-py.c:5562:5: warning: 'xmlParseVersionInfo' is deprecated [-Wdeprecated-declarations]
 5562 |     c_retval = xmlParseVersionInfo(ctxt);
      |     ^~~~~~~~
/usr/include/libxml2/libxml/parserInternals.h:486:25: note: declared here
  486 |                         xmlParseVersionInfo     (xmlParserCtxtPtr ctxt);
      |                         ^~~~~~~~~~~~~~~~~~~
libxml2-py.c: In function 'libxml_xmlParseVersionNum':
libxml2-py.c:5578:5: warning: 'xmlParseVersionNum' is deprecated [-Wdeprecated-declarations]
 5578 |     c_retval = xmlParseVersionNum(ctxt);
      |     ^~~~~~~~
/usr/include/libxml2/libxml/parserInternals.h:483:25: note: declared here
  483 |                         xmlParseVersionNum      (xmlParserCtxtPtr ctxt);
      |                         ^~~~~~~~~~~~~~~~~~
libxml2-py.c: In function 'libxml_xmlParseXMLDecl':
libxml2-py.c:5592:5: warning: 'xmlParseXMLDecl' is deprecated [-Wdeprecated-declarations]
 5592 |     xmlParseXMLDecl(ctxt);
      |     ^~~~~~~~~~~~~~~
/usr/include/libxml2/libxml/parserInternals.h:498:25: note: declared here
  498 |                         xmlParseXMLDecl         (xmlParserCtxtPtr ctxt);
      |                         ^~~~~~~~~~~~~~~
libxml2-py.c: In function 'libxml_xmlParserHandlePEReference':
libxml2-py.c:5668:5: warning: 'xmlParserHandlePEReference' is deprecated [-Wdeprecated-declarations]
 5668 |     xmlParserHandlePEReference(ctxt);
      |     ^~~~~~~~~~~~~~~~~~~~~~~~~~
/usr/include/libxml2/libxml/parserInternals.h:579:33: note: declared here
  579 | XMLPUBFUN void                  xmlParserHandlePEReference(xmlParserCtxtPtr ctxt);
      |                                 ^~~~~~~~~~~~~~~~~~~~~~~~~~
libxml2-py.c: In function 'libxml_xmlRecoverDoc':
libxml2-py.c:6216:5: warning: 'xmlRecoverDoc' is deprecated [-Wdeprecated-declarations]
 6216 |     c_retval = xmlRecoverDoc(cur);
      |     ^~~~~~~~
/usr/include/libxml2/libxml/parser.h:869:17: note: declared here
  869 |                 xmlRecoverDoc           (const xmlChar *cur);
      |                 ^~~~~~~~~~~~~
libxml2-py.c: In function 'libxml_xmlRecoverFile':
libxml2-py.c:6232:5: warning: 'xmlRecoverFile' is deprecated [-Wdeprecated-declarations]
 6232 |     c_retval = xmlRecoverFile(filename);
      |     ^~~~~~~~
/usr/include/libxml2/libxml/parser.h:876:17: note: declared here
  876 |                 xmlRecoverFile          (const char *filename);
      |                 ^~~~~~~~~~~~~~
libxml2-py.c: In function 'libxml_xmlRecoverMemory':
libxml2-py.c:6250:5: warning: 'xmlRecoverMemory' is deprecated [-Wdeprecated-declarations]
 6250 |     c_retval = xmlRecoverMemory(buffer, size);
      |     ^~~~~~~~
/usr/include/libxml2/libxml/parser.h:872:17: note: declared here
  872 |                 xmlRecoverMemory        (const char *buffer,
      |                 ^~~~~~~~~~~~~~~~
libxml2-py.c: In function 'libxml_xmlSAXDefaultVersion':
libxml2-py.c:6810:5: warning: 'xmlSAXDefaultVersion' is deprecated [-Wdeprecated-declarations]
 6810 |     c_retval = xmlSAXDefaultVersion(version);
      |     ^~~~~~~~
In file included from /usr/include/libxml2/libxml/globals.h:20:
/usr/include/libxml2/libxml/SAX2.h:151:17: note: declared here
  151 |                 xmlSAXDefaultVersion            (int version);
      |                 ^~~~~~~~~~~~~~~~~~~~
libxml2-py.c: In function 'libxml_xmlSetupParserForBuffer':
libxml2-py.c:7461:5: warning: 'xmlSetupParserForBuffer' is deprecated [-Wdeprecated-declarations]
 7461 |     xmlSetupParserForBuffer(ctxt, buffer, filename);
      |     ^~~~~~~~~~~~~~~~~~~~~~~
/usr/include/libxml2/libxml/parser.h:1007:17: note: declared here
 1007 |                 xmlSetupParserForBuffer (xmlParserCtxtPtr ctxt,
      |                 ^~~~~~~~~~~~~~~~~~~~~~~
libxml2-py.c: In function 'libxml_xmlSkipBlankChars':
libxml2-py.c:7509:5: warning: 'xmlSkipBlankChars' is deprecated [-Wdeprecated-declarations]
 7509 |     c_retval = xmlSkipBlankChars(ctxt);
      |     ^~~~~~~~
/usr/include/libxml2/libxml/parserInternals.h:573:33: note: declared here
  573 | XMLPUBFUN int                   xmlSkipBlankChars       (xmlParserCtxtPtr ctxt);
      |                                 ^~~~~~~~~~~~~~~~~
libxml2-py.c: In function 'libxml_xmlStringDecodeEntities':
libxml2-py.c:7664:5: warning: 'xmlStringDecodeEntities' is deprecated [-Wdeprecated-declarations]
 7664 |     c_retval = xmlStringDecodeEntities(ctxt, str, what, end, end2, end3);
      |     ^~~~~~~~
/usr/include/libxml2/libxml/parserInternals.h:536:17: note: declared here
  536 |                 xmlStringDecodeEntities         (xmlParserCtxtPtr ctxt,
      |                 ^~~~~~~~~~~~~~~~~~~~~~~
libxml2-py.c: In function 'libxml_xmlStringLenDecodeEntities':
libxml2-py.c:7703:5: warning: 'xmlStringLenDecodeEntities' is deprecated [-Wdeprecated-declarations]
 7703 |     c_retval = xmlStringLenDecodeEntities(ctxt, str, len, what, end, end2, end3);
      |     ^~~~~~~~
/usr/include/libxml2/libxml/parserInternals.h:544:17: note: declared here
  544 |                 xmlStringLenDecodeEntities      (xmlParserCtxtPtr ctxt,
      |                 ^~~~~~~~~~~~~~~~~~~~~~~~~~
libxml2-py.c: In function 'libxml_xmlThrDefDefaultBufferSize':
libxml2-py.c:9025:5: warning: 'xmlThrDefDefaultBufferSize' is deprecated [-Wdeprecated-declarations]
 9025 |     c_retval = xmlThrDefDefaultBufferSize(v);
      |     ^~~~~~~~
/usr/include/libxml2/libxml/globals.h:317:15: note: declared here
  317 | XMLPUBFUN int xmlThrDefDefaultBufferSize(int v);
      |               ^~~~~~~~~~~~~~~~~~~~~~~~~~
libxml2-py.c: In function 'libxml_xmlThrDefLineNumbersDefaultValue':
libxml2-py.c:9095:5: warning: 'xmlThrDefLineNumbersDefaultValue' is deprecated [-Wdeprecated-declarations]
 9095 |     c_retval = xmlThrDefLineNumbersDefaultValue(v);
      |     ^~~~~~~~
/usr/include/libxml2/libxml/globals.h:426:15: note: declared here
  426 | XMLPUBFUN int xmlThrDefLineNumbersDefaultValue(int v);
      |               ^~~~~~~~~~~~~~~~~~~~~~~~~~~~~~~~
libxml2-py.c: In function 'libxml_xmlThrDefPedanticParserDefaultValue':
libxml2-py.c:9137:5: warning: 'xmlThrDefPedanticParserDefaultValue' is deprecated [-Wdeprecated-declarations]
 9137 |     c_retval = xmlThrDefPedanticParserDefaultValue(v);
      |     ^~~~~~~~
/usr/include/libxml2/libxml/globals.h:464:15: note: declared here
  464 | XMLPUBFUN int xmlThrDefPedanticParserDefaultValue(int v);
      |               ^~~~~~~~~~~~~~~~~~~~~~~~~~~~~~~~~~~
types.c: In function 'libxml_PyFileGet':
types.c:86:14: warning: unused variable 'w_fh' [-Wunused-variable]
   86 |     intptr_t w_fh = -1;
      |              ^~~~
Found 1612 functions in libxml2-api.xml
Found 54 functions in libxml2-python-api.xml
Generated 891 wrapper functions, 569 failed, 206 skipped

Missing type converters: 
htmlElemDesc *:3 
xmlInputReadCallback:7 
xmlChar **:16 
const htmlEntityDesc *:2 
htmlStatus:1 
const htmlElemDesc *:1 
xmlGenericErrorFunc *:1 
xmlParserInputPtr:17 
xmlXPathObjectPtr:21 
xlinkNodeDetectFunc:2 
xlinkHandlerPtr:2 
xlinkType:1 
xmlAttributeType:2 
xmlElementTypeVal:1 
xmlIDPtr:1 
xmlNotationPtr:3 
xmlRefPtr:1 
xmlCharEncodingHandlerPtr:7 
xmlCharEncoding:13 
xmlAutomataPtr:19 
xmlBuf *:1 
xmlBufPtr:5 
xmlBuffer *:2 
size_t:2 
void *:87 
xmlNodeSetPtr:32 
xmlC14NIsVisibleCallback:1 
xmlCatalogAllow:2 
xmlCatalogPrefer:1 
xmlCharEncodingHandler *:4 
xmlChRangeGroup *:1 
unsigned long:1 
xmlParserNodeInfoSeqPtr:3 
xmlAttributeTablePtr:2 
xmlElementContentPtr:8 
xmlElementTablePtr:2 
xmlEntitiesTablePtr:3 
xmlEnumerationPtr:5 
xmlNotationTablePtr:2 
xmlDOMWrapCtxtPtr:6 
xmlDeregisterNodeFunc:2 
xmlDictPtr:12 
xmlExpCtxtPtr:14 
xmlExpNodePtr:3 
xmlIDTablePtr:1 
xmlPatternPtr:8 
xmlRefTablePtr:1 
xmlStreamCtxtPtr:6 
xmlTextWriterPtr:78 
xmlBufferAllocationScheme:3 
xmlExternalEntityLoader:2 
xmlNsPtr *:1 
xmlFeature:1 
xmlModulePtr:4 
char **:5 
xmlCharEncodingInputFunc:1 
xmlElementContentType:2 
xmlDocPtr *:1 
xmlOutputBufferCreateFilenameFunc:2 
xmlOutputWriteCallback:2 
xmlCharEncodingOutputFunc:1 
xmlEnumerationPtr *:2 
xmlNodePtr *:2 
xmlElementContentPtr *:1 
xmlParserNodeInfoPtr:1 
const xmlParserNodeInfo *:1 
xmlParserInputBufferCreateFilenameFunc:2 
xmlDict *:1 
xmlRegExecCtxtPtr:5 
xmlRegExecCallbacks:1 
xmlInputMatchCallback:1 
xmlRegisterNodeFunc:2 
xmlOutputMatchCallback:1 
xmlRelaxNGValidityErrorFunc *:2 
xmlRelaxNGValidityErrorFunc:2 
xmlStructuredErrorFunc:5 
xmlSAXHandler *:3 
xmlSaveCtxtPtr:8 
xmlSchemaFacetPtr:7 
xmlSchemaValPtr:13 
xmlSchemaTypePtr:9 
xmlSchemaWildcardPtr:1 
xmlSchemaValType:2 
xmlSchemaValidityErrorFunc *:2 
xmlSAXHandlerPtr *:1 
xmlSchemaSAXPlugPtr:1 
xmlSchemaValidityErrorFunc:2 
xmlSchemaValidityLocatorFunc:1 
xmlSchematronPtr:2 
xmlSchematronParserCtxtPtr:5 
xmlSchematronValidCtxtPtr:3 
xmlEntityReferenceFunc:1 
xmlShellReadlineFunc:1 
xmlShellCtxtPtr:10 
...:1 
va_list:1 
xmlTextReaderErrorFunc *:1 
xmlTextReaderErrorFunc:1 
xmlElementContent *:1 
xmlXIncludeCtxtPtr:4 
xmlXPathCompExprPtr:6 
xmlXPathFunction:4 
xmlXPathFuncLookupFunc:1 
xmlXPathVariableLookupFunc:1 
xmlLocationSetPtr:6 

libxslt stub generator not found, libxslt not built
+ /usr/bin/python3 setup.py install --prefix=/usr --optimize=1 --skip-build --root=/home/devel/building/work/pkg
/usr/lib/python3.12/site-packages/setuptools/_distutils/dist.py:250: UserWarning: 'licence' distribution option is deprecated; use 'license'
  warnings.warn(msg)
/usr/lib/python3.12/site-packages/setuptools/_distutils/cmd.py:66: SetuptoolsDeprecationWarning: setup.py install is deprecated.
!!

        ********************************************************************************
        Please avoid running ``setup.py`` directly.
        Instead, use pypa/build, pypa/installer or other
        standards-based tools.

        See https://blog.ganssle.io/articles/2021/10/setup-py-deprecated.html for details.
        ********************************************************************************

!!
  self.initialize_options()
libxslt stub generator not found, libxslt not built
=======> Build result:
drwxr-xr-x  0 root   root        0 Jul 12 19:01 usr/
drwxr-xr-x  0 root   root        0 Jul 12 19:01 usr/lib/
drwxr-xr-x  0 root   root        0 Jul 12 19:01 usr/lib/python3.12/
drwxr-xr-x  0 root   root        0 Jul 12 19:01 usr/lib/python3.12/site-packages/
drwxr-xr-x  0 root   root        0 Jul 12 19:01 usr/lib/python3.12/site-packages/libxml2_python-2.10.4-py3.12.egg-info/
drwxr-xr-x  0 root   root        0 Jul 12 19:01 usr/lib/python3.12/site-packages/__pycache__/
-rw-r--r--  0 root   root   349513 Jul 12 19:01 usr/lib/python3.12/site-packages/libxml2.py
-rw-r--r--  0 root   root    15252 Nov 30  2022 usr/lib/python3.12/site-packages/drv_libxml2.py
-rwxr-xr-x  0 root   root   383152 Jul 12 19:01 usr/lib/python3.12/site-packages/libxml2mod.cpython-312-x86_64-linux-gnu.so
-rw-r--r--  0 root   root   457476 Jul 12 19:01 usr/lib/python3.12/site-packages/__pycache__/libxml2.cpython-312.opt-1.pyc
-rw-r--r--  0 root   root    16142 Jul 12 19:01 usr/lib/python3.12/site-packages/__pycache__/drv_libxml2.cpython-312.opt-1.pyc
-rw-r--r--  0 root   root   457476 Jul 12 19:01 usr/lib/python3.12/site-packages/__pycache__/libxml2.cpython-312.pyc
-rw-r--r--  0 root   root    16142 Jul 12 19:01 usr/lib/python3.12/site-packages/__pycache__/drv_libxml2.cpython-312.pyc
-rw-r--r--  0 root   root      213 Jul 12 19:01 usr/lib/python3.12/site-packages/libxml2_python-2.10.4-py3.12.egg-info/PKG-INFO
-rw-r--r--  0 root   root        1 Jul 12 19:01 usr/lib/python3.12/site-packages/libxml2_python-2.10.4-py3.12.egg-info/dependency_links.txt
-rw-r--r--  0 root   root       31 Jul 12 19:01 usr/lib/python3.12/site-packages/libxml2_python-2.10.4-py3.12.egg-info/top_level.txt
-rw-r--r--  0 root   root      223 Jul 12 19:01 usr/lib/python3.12/site-packages/libxml2_python-2.10.4-py3.12.egg-info/SOURCES.txt
=======> Building '/home/devel/packages/python3-libxml2#2.10.4-1.x86_64.pkg.tar.zst' succeeded.
prt-get: Using PKGMK_PACKAGE_DIR: /home/devel/packages
prt-get: reinstalling python3-libxml2 2.10.4-1
prt-get: /usr/bin/pkgadd -u python3-libxml2#2.10.4-1.x86_64.pkg.tar.zst
prt-get: build done Wed Jul 12 19:01:12 2023

