prt-get: updating /usr/ports/opt-x86_64/python3-docutils
prt-get: starting build Wed Jul 12 19:00:59 2023
=======> Building '/home/devel/packages/python3-docutils#0.20.1-2.x86_64.pkg.tar.zst'.
bsdtar -p -o -C /home/devel/building/work/src -xf /home/devel/sources/docutils-0.20.1.tar.gz
+ build
+ cd docutils-0.20.1
+ pip3 wheel -w dist --isolated --no-deps /home/devel/building/work/src/docutils-0.20.1
Processing /home/devel/building/work/src/docutils-0.20.1
  Installing build dependencies: started
  Installing build dependencies: finished with status 'done'
  Getting requirements to build wheel: started
  Getting requirements to build wheel: finished with status 'done'
  Preparing metadata (pyproject.toml): started
  Preparing metadata (pyproject.toml): finished with status 'done'
Building wheels for collected packages: docutils
  Building wheel for docutils (pyproject.toml): started
  Building wheel for docutils (pyproject.toml): finished with status 'done'
  Created wheel for docutils: filename=docutils-0.20.1-py3-none-any.whl size=572664 sha256=7242195e4418ad4fe2079d152218e633c7cdfc87a07c4bd8f28344faaa9c2bf7
  Stored in directory: /root/.cache/pip/wheels/66/ce/65/8c5f0c449418a58257593ce1329a06bd976a8a74e8c5053a43
Successfully built docutils
+ /usr/bin/pip3 install --root-user-action=ignore --no-warn-script-location --ignore-installed --no-deps dist/docutils-0.20.1-py3-none-any.whl --isolated --root=/home/devel/building/work/pkg
Processing ./dist/docutils-0.20.1-py3-none-any.whl
Installing collected packages: docutils
Successfully installed docutils-0.20.1
+ for f in /usr/bin/rst*.py
++ basename /usr/bin/rst2html.py
++ basename /usr/bin/rst2html.py .py
+ ln -svf rst2html.py /usr/bin/rst2html
'/usr/bin/rst2html' -> 'rst2html.py'
+ for f in /usr/bin/rst*.py
++ basename /usr/bin/rst2html4.py
++ basename /usr/bin/rst2html4.py .py
+ ln -svf rst2html4.py /usr/bin/rst2html4
'/usr/bin/rst2html4' -> 'rst2html4.py'
+ for f in /usr/bin/rst*.py
++ basename /usr/bin/rst2html5.py
++ basename /usr/bin/rst2html5.py .py
+ ln -svf rst2html5.py /usr/bin/rst2html5
'/usr/bin/rst2html5' -> 'rst2html5.py'
+ for f in /usr/bin/rst*.py
++ basename /usr/bin/rst2latex.py
++ basename /usr/bin/rst2latex.py .py
+ ln -svf rst2latex.py /usr/bin/rst2latex
'/usr/bin/rst2latex' -> 'rst2latex.py'
+ for f in /usr/bin/rst*.py
++ basename /usr/bin/rst2man.py
++ basename /usr/bin/rst2man.py .py
+ ln -svf rst2man.py /usr/bin/rst2man
'/usr/bin/rst2man' -> 'rst2man.py'
+ for f in /usr/bin/rst*.py
++ basename /usr/bin/rst2odt.py
++ basename /usr/bin/rst2odt.py .py
+ ln -svf rst2odt.py /usr/bin/rst2odt
'/usr/bin/rst2odt' -> 'rst2odt.py'
+ for f in /usr/bin/rst*.py
++ basename /usr/bin/rst2odt_prepstyles.py
++ basename /usr/bin/rst2odt_prepstyles.py .py
+ ln -svf rst2odt_prepstyles.py /usr/bin/rst2odt_prepstyles
'/usr/bin/rst2odt_prepstyles' -> 'rst2odt_prepstyles.py'
+ for f in /usr/bin/rst*.py
++ basename /usr/bin/rst2pseudoxml.py
++ basename /usr/bin/rst2pseudoxml.py .py
+ ln -svf rst2pseudoxml.py /usr/bin/rst2pseudoxml
'/usr/bin/rst2pseudoxml' -> 'rst2pseudoxml.py'
+ for f in /usr/bin/rst*.py
++ basename /usr/bin/rst2s5.py
++ basename /usr/bin/rst2s5.py .py
+ ln -svf rst2s5.py /usr/bin/rst2s5
'/usr/bin/rst2s5' -> 'rst2s5.py'
+ for f in /usr/bin/rst*.py
++ basename /usr/bin/rst2xetex.py
++ basename /usr/bin/rst2xetex.py .py
+ ln -svf rst2xetex.py /usr/bin/rst2xetex
'/usr/bin/rst2xetex' -> 'rst2xetex.py'
+ for f in /usr/bin/rst*.py
++ basename /usr/bin/rst2xml.py
++ basename /usr/bin/rst2xml.py .py
+ ln -svf rst2xml.py /usr/bin/rst2xml
'/usr/bin/rst2xml' -> 'rst2xml.py'
+ for f in /usr/bin/rst*.py
++ basename /usr/bin/rstpep2html.py
++ basename /usr/bin/rstpep2html.py .py
+ ln -svf rstpep2html.py /usr/bin/rstpep2html
'/usr/bin/rstpep2html' -> 'rstpep2html.py'
+ rm -r /home/devel/building/work/pkg/usr/bin/__pycache__/
=======> Build result:
drwxr-xr-x  0 root   root        0 Jul 12 19:01 usr/
drwxr-xr-x  0 root   root        0 Jul 12 19:01 usr/bin/
drwxr-xr-x  0 root   root        0 Jul 12 19:01 usr/lib/
drwxr-xr-x  0 root   root        0 Jul 12 19:01 usr/lib/python3.12/
drwxr-xr-x  0 root   root        0 Jul 12 19:01 usr/lib/python3.12/site-packages/
drwxr-xr-x  0 root   root        0 Jul 12 19:01 usr/lib/python3.12/site-packages/docutils-0.20.1.dist-info/
drwxr-xr-x  0 root   root        0 Jul 12 19:01 usr/lib/python3.12/site-packages/docutils/
drwxr-xr-x  0 root   root        0 Jul 12 19:01 usr/lib/python3.12/site-packages/docutils/__pycache__/
drwxr-xr-x  0 root   root        0 Jul 12 19:01 usr/lib/python3.12/site-packages/docutils/writers/
drwxr-xr-x  0 root   root        0 Jul 12 19:01 usr/lib/python3.12/site-packages/docutils/utils/
drwxr-xr-x  0 root   root        0 Jul 12 19:01 usr/lib/python3.12/site-packages/docutils/transforms/
drwxr-xr-x  0 root   root        0 Jul 12 19:01 usr/lib/python3.12/site-packages/docutils/readers/
drwxr-xr-x  0 root   root        0 Jul 12 19:01 usr/lib/python3.12/site-packages/docutils/parsers/
drwxr-xr-x  0 root   root        0 Jul 12 19:01 usr/lib/python3.12/site-packages/docutils/languages/
-rw-r--r--  0 root   root    56956 Jul 12 19:01 usr/lib/python3.12/site-packages/docutils/statemachine.py
-rw-r--r--  0 root   root    81006 Jul 12 19:01 usr/lib/python3.12/site-packages/docutils/nodes.py
-rw-r--r--  0 root   root    23958 Jul 12 19:01 usr/lib/python3.12/site-packages/docutils/io.py
-rw-r--r--  0 root   root    40002 Jul 12 19:01 usr/lib/python3.12/site-packages/docutils/frontend.py
-rw-r--r--  0 root   root     3961 Jul 12 19:01 usr/lib/python3.12/site-packages/docutils/examples.py
-rw-r--r--  0 root   root    33045 Jul 12 19:01 usr/lib/python3.12/site-packages/docutils/core.py
-rw-r--r--  0 root   root     3625 Jul 12 19:01 usr/lib/python3.12/site-packages/docutils/__main__.py
-rw-r--r--  0 root   root    10293 Jul 12 19:01 usr/lib/python3.12/site-packages/docutils/__init__.py
drwxr-xr-x  0 root   root        0 Jul 12 19:01 usr/lib/python3.12/site-packages/docutils/languages/__pycache__/
-rw-r--r--  0 root   root     2742 Jul 12 19:01 usr/lib/python3.12/site-packages/docutils/languages/zh_tw.py
-rw-r--r--  0 root   root     1974 Jul 12 19:01 usr/lib/python3.12/site-packages/docutils/languages/zh_cn.py
-rw-r--r--  0 root   root     2062 Jul 12 19:01 usr/lib/python3.12/site-packages/docutils/languages/uk.py
-rw-r--r--  0 root   root     1863 Jul 12 19:01 usr/lib/python3.12/site-packages/docutils/languages/sv.py
-rw-r--r--  0 root   root     1832 Jul 12 19:01 usr/lib/python3.12/site-packages/docutils/languages/sk.py
-rw-r--r--  0 root   root     2070 Jul 12 19:01 usr/lib/python3.12/site-packages/docutils/languages/ru.py
-rw-r--r--  0 root   root     1929 Jul 12 19:01 usr/lib/python3.12/site-packages/docutils/languages/pt_br.py
-rw-r--r--  0 root   root     1866 Jul 12 19:01 usr/lib/python3.12/site-packages/docutils/languages/pl.py
-rw-r--r--  0 root   root     1871 Jul 12 19:01 usr/lib/python3.12/site-packages/docutils/languages/nl.py
-rw-r--r--  0 root   root     1851 Jul 12 19:01 usr/lib/python3.12/site-packages/docutils/languages/lv.py
-rw-r--r--  0 root   root     1919 Jul 12 19:01 usr/lib/python3.12/site-packages/docutils/languages/lt.py
-rw-r--r--  0 root   root     1832 Jul 12 19:01 usr/lib/python3.12/site-packages/docutils/languages/ko.py
-rw-r--r--  0 root   root     1890 Jul 12 19:01 usr/lib/python3.12/site-packages/docutils/languages/ja.py
-rw-r--r--  0 root   root     1814 Jul 12 19:01 usr/lib/python3.12/site-packages/docutils/languages/it.py
-rw-r--r--  0 root   root     2692 Jul 12 19:01 usr/lib/python3.12/site-packages/docutils/languages/he.py
-rw-r--r--  0 root   root     1990 Jul 12 19:01 usr/lib/python3.12/site-packages/docutils/languages/gl.py
-rw-r--r--  0 root   root     1831 Jul 12 19:01 usr/lib/python3.12/site-packages/docutils/languages/fr.py
-rw-r--r--  0 root   root     1964 Jul 12 19:01 usr/lib/python3.12/site-packages/docutils/languages/fi.py
-rw-r--r--  0 root   root     1958 Jul 12 19:01 usr/lib/python3.12/site-packages/docutils/languages/fa.py
-rw-r--r--  0 root   root     1906 Jul 12 19:01 usr/lib/python3.12/site-packages/docutils/languages/es.py
-rw-r--r--  0 root   root     1931 Jul 12 19:01 usr/lib/python3.12/site-packages/docutils/languages/eo.py
-rw-r--r--  0 root   root     1854 Jul 12 19:01 usr/lib/python3.12/site-packages/docutils/languages/en.py
-rw-r--r--  0 root   root     1728 Jul 12 19:01 usr/lib/python3.12/site-packages/docutils/languages/de.py
-rw-r--r--  0 root   root     1856 Jul 12 19:01 usr/lib/python3.12/site-packages/docutils/languages/da.py
-rw-r--r--  0 root   root     1900 Jul 12 19:01 usr/lib/python3.12/site-packages/docutils/languages/cs.py
-rw-r--r--  0 root   root     1912 Jul 12 19:01 usr/lib/python3.12/site-packages/docutils/languages/ca.py
-rw-r--r--  0 root   root     1943 Jul 12 19:01 usr/lib/python3.12/site-packages/docutils/languages/ar.py
-rw-r--r--  0 root   root     1831 Jul 12 19:01 usr/lib/python3.12/site-packages/docutils/languages/af.py
-rw-r--r--  0 root   root     2921 Jul 12 19:01 usr/lib/python3.12/site-packages/docutils/languages/__init__.py
-rw-r--r--  0 root   root     1719 Jul 12 19:01 usr/lib/python3.12/site-packages/docutils/languages/__pycache__/zh_tw.cpython-312.pyc
-rw-r--r--  0 root   root     1389 Jul 12 19:01 usr/lib/python3.12/site-packages/docutils/languages/__pycache__/zh_cn.cpython-312.pyc
-rw-r--r--  0 root   root     1760 Jul 12 19:01 usr/lib/python3.12/site-packages/docutils/languages/__pycache__/uk.cpython-312.pyc
-rw-r--r--  0 root   root     1350 Jul 12 19:01 usr/lib/python3.12/site-packages/docutils/languages/__pycache__/sv.cpython-312.pyc
-rw-r--r--  0 root   root     1381 Jul 12 19:01 usr/lib/python3.12/site-packages/docutils/languages/__pycache__/sk.cpython-312.pyc
-rw-r--r--  0 root   root     1773 Jul 12 19:01 usr/lib/python3.12/site-packages/docutils/languages/__pycache__/ru.cpython-312.pyc
-rw-r--r--  0 root   root     1403 Jul 12 19:01 usr/lib/python3.12/site-packages/docutils/languages/__pycache__/pt_br.cpython-312.pyc
-rw-r--r--  0 root   root     1388 Jul 12 19:01 usr/lib/python3.12/site-packages/docutils/languages/__pycache__/pl.cpython-312.pyc
-rw-r--r--  0 root   root     1347 Jul 12 19:01 usr/lib/python3.12/site-packages/docutils/languages/__pycache__/nl.cpython-312.pyc
-rw-r--r--  0 root   root     1437 Jul 12 19:01 usr/lib/python3.12/site-packages/docutils/languages/__pycache__/lv.cpython-312.pyc
-rw-r--r--  0 root   root     1430 Jul 12 19:01 usr/lib/python3.12/site-packages/docutils/languages/__pycache__/lt.cpython-312.pyc
-rw-r--r--  0 root   root     1360 Jul 12 19:01 usr/lib/python3.12/site-packages/docutils/languages/__pycache__/ko.cpython-312.pyc
-rw-r--r--  0 root   root     1379 Jul 12 19:01 usr/lib/python3.12/site-packages/docutils/languages/__pycache__/ja.cpython-312.pyc
-rw-r--r--  0 root   root     1372 Jul 12 19:01 usr/lib/python3.12/site-packages/docutils/languages/__pycache__/it.cpython-312.pyc
-rw-r--r--  0 root   root     1455 Jul 12 19:01 usr/lib/python3.12/site-packages/docutils/languages/__pycache__/he.cpython-312.pyc
-rw-r--r--  0 root   root     1416 Jul 12 19:01 usr/lib/python3.12/site-packages/docutils/languages/__pycache__/gl.cpython-312.pyc
-rw-r--r--  0 root   root     1371 Jul 12 19:01 usr/lib/python3.12/site-packages/docutils/languages/__pycache__/fr.cpython-312.pyc
-rw-r--r--  0 root   root     1442 Jul 12 19:01 usr/lib/python3.12/site-packages/docutils/languages/__pycache__/fi.cpython-312.pyc
-rw-r--r--  0 root   root     1456 Jul 12 19:01 usr/lib/python3.12/site-packages/docutils/languages/__pycache__/fa.cpython-312.pyc
-rw-r--r--  0 root   root     1426 Jul 12 19:01 usr/lib/python3.12/site-packages/docutils/languages/__pycache__/es.cpython-312.pyc
-rw-r--r--  0 root   root     1362 Jul 12 19:01 usr/lib/python3.12/site-packages/docutils/languages/__pycache__/eo.cpython-312.pyc
-rw-r--r--  0 root   root     1301 Jul 12 19:01 usr/lib/python3.12/site-packages/docutils/languages/__pycache__/en.cpython-312.pyc
-rw-r--r--  0 root   root     1349 Jul 12 19:01 usr/lib/python3.12/site-packages/docutils/languages/__pycache__/de.cpython-312.pyc
-rw-r--r--  0 root   root     1369 Jul 12 19:01 usr/lib/python3.12/site-packages/docutils/languages/__pycache__/da.cpython-312.pyc
-rw-r--r--  0 root   root     1370 Jul 12 19:01 usr/lib/python3.12/site-packages/docutils/languages/__pycache__/cs.cpython-312.pyc
-rw-r--r--  0 root   root     1391 Jul 12 19:01 usr/lib/python3.12/site-packages/docutils/languages/__pycache__/ca.cpython-312.pyc
-rw-r--r--  0 root   root     1472 Jul 12 19:01 usr/lib/python3.12/site-packages/docutils/languages/__pycache__/ar.cpython-312.pyc
-rw-r--r--  0 root   root     1345 Jul 12 19:01 usr/lib/python3.12/site-packages/docutils/languages/__pycache__/af.cpython-312.pyc
-rw-r--r--  0 root   root     3417 Jul 12 19:01 usr/lib/python3.12/site-packages/docutils/languages/__pycache__/__init__.cpython-312.pyc
drwxr-xr-x  0 root   root        0 Jul 12 19:01 usr/lib/python3.12/site-packages/docutils/parsers/__pycache__/
drwxr-xr-x  0 root   root        0 Jul 12 19:01 usr/lib/python3.12/site-packages/docutils/parsers/rst/
-rw-r--r--  0 root   root     5426 Jul 12 19:01 usr/lib/python3.12/site-packages/docutils/parsers/recommonmark_wrapper.py
-rw-r--r--  0 root   root      445 Jul 12 19:01 usr/lib/python3.12/site-packages/docutils/parsers/null.py
-rw-r--r--  0 root   root     1765 Jul 12 19:01 usr/lib/python3.12/site-packages/docutils/parsers/commonmark_wrapper.py
-rw-r--r--  0 root   root     3724 Jul 12 19:01 usr/lib/python3.12/site-packages/docutils/parsers/__init__.py
drwxr-xr-x  0 root   root        0 Jul 12 19:01 usr/lib/python3.12/site-packages/docutils/parsers/rst/__pycache__/
drwxr-xr-x  0 root   root        0 Jul 12 19:01 usr/lib/python3.12/site-packages/docutils/parsers/rst/languages/
drwxr-xr-x  0 root   root        0 Jul 12 19:01 usr/lib/python3.12/site-packages/docutils/parsers/rst/include/
drwxr-xr-x  0 root   root        0 Jul 12 19:01 usr/lib/python3.12/site-packages/docutils/parsers/rst/directives/
-rw-r--r--  0 root   root    20912 Jul 12 19:01 usr/lib/python3.12/site-packages/docutils/parsers/rst/tableparser.py
-rw-r--r--  0 root   root   132550 Jul 12 19:01 usr/lib/python3.12/site-packages/docutils/parsers/rst/states.py
-rw-r--r--  0 root   root    16119 Jul 12 19:01 usr/lib/python3.12/site-packages/docutils/parsers/rst/roles.py
-rw-r--r--  0 root   root    15954 Jul 12 19:01 usr/lib/python3.12/site-packages/docutils/parsers/rst/__init__.py
drwxr-xr-x  0 root   root        0 Jul 12 19:01 usr/lib/python3.12/site-packages/docutils/parsers/rst/directives/__pycache__/
-rw-r--r--  0 root   root    23825 Jul 12 19:01 usr/lib/python3.12/site-packages/docutils/parsers/rst/directives/tables.py
-rw-r--r--  0 root   root      831 Jul 12 19:01 usr/lib/python3.12/site-packages/docutils/parsers/rst/directives/references.py
-rw-r--r--  0 root   root     4247 Jul 12 19:01 usr/lib/python3.12/site-packages/docutils/parsers/rst/directives/parts.py
-rw-r--r--  0 root   root    26302 Jul 12 19:01 usr/lib/python3.12/site-packages/docutils/parsers/rst/directives/misc.py
-rw-r--r--  0 root   root     6799 Jul 12 19:01 usr/lib/python3.12/site-packages/docutils/parsers/rst/directives/images.py
-rw-r--r--  0 root   root      695 Jul 12 19:01 usr/lib/python3.12/site-packages/docutils/parsers/rst/directives/html.py
-rw-r--r--  0 root   root     9883 Jul 12 19:01 usr/lib/python3.12/site-packages/docutils/parsers/rst/directives/body.py
-rw-r--r--  0 root   root     2405 Jul 12 19:01 usr/lib/python3.12/site-packages/docutils/parsers/rst/directives/admonitions.py
-rw-r--r--  0 root   root    14652 Jul 12 19:01 usr/lib/python3.12/site-packages/docutils/parsers/rst/directives/__init__.py
-rw-r--r--  0 root   root    28954 Jul 12 19:01 usr/lib/python3.12/site-packages/docutils/parsers/rst/directives/__pycache__/tables.cpython-312.pyc
-rw-r--r--  0 root   root     1402 Jul 12 19:01 usr/lib/python3.12/site-packages/docutils/parsers/rst/directives/__pycache__/references.cpython-312.pyc
-rw-r--r--  0 root   root     6458 Jul 12 19:01 usr/lib/python3.12/site-packages/docutils/parsers/rst/directives/__pycache__/parts.cpython-312.pyc
-rw-r--r--  0 root   root    32593 Jul 12 19:01 usr/lib/python3.12/site-packages/docutils/parsers/rst/directives/__pycache__/misc.cpython-312.pyc
-rw-r--r--  0 root   root     8585 Jul 12 19:01 usr/lib/python3.12/site-packages/docutils/parsers/rst/directives/__pycache__/images.cpython-312.pyc
-rw-r--r--  0 root   root      766 Jul 12 19:01 usr/lib/python3.12/site-packages/docutils/parsers/rst/directives/__pycache__/html.cpython-312.pyc
-rw-r--r--  0 root   root    14913 Jul 12 19:01 usr/lib/python3.12/site-packages/docutils/parsers/rst/directives/__pycache__/body.cpython-312.pyc
-rw-r--r--  0 root   root     4419 Jul 12 19:01 usr/lib/python3.12/site-packages/docutils/parsers/rst/directives/__pycache__/admonitions.cpython-312.pyc
-rw-r--r--  0 root   root    17871 Jul 12 19:01 usr/lib/python3.12/site-packages/docutils/parsers/rst/directives/__pycache__/__init__.cpython-312.pyc
-rw-r--r--  0 root   root     7028 Jul 12 19:01 usr/lib/python3.12/site-packages/docutils/parsers/rst/include/xhtml1-symbol.txt
-rw-r--r--  0 root   root     1945 Jul 12 19:01 usr/lib/python3.12/site-packages/docutils/parsers/rst/include/xhtml1-special.txt
-rw-r--r--  0 root   root     6112 Jul 12 19:01 usr/lib/python3.12/site-packages/docutils/parsers/rst/include/xhtml1-lat1.txt
-rw-r--r--  0 root   root     1036 Jul 12 19:01 usr/lib/python3.12/site-packages/docutils/parsers/rst/include/s5defs.txt
-rw-r--r--  0 root   root     6800 Jul 12 19:01 usr/lib/python3.12/site-packages/docutils/parsers/rst/include/mmlextra.txt
-rw-r--r--  0 root   root     9010 Jul 12 19:01 usr/lib/python3.12/site-packages/docutils/parsers/rst/include/mmlextra-wide.txt
-rw-r--r--  0 root   root    45428 Jul 12 19:01 usr/lib/python3.12/site-packages/docutils/parsers/rst/include/mmlalias.txt
-rw-r--r--  0 root   root     9726 Jul 12 19:01 usr/lib/python3.12/site-packages/docutils/parsers/rst/include/isotech.txt
-rw-r--r--  0 root   root     4613 Jul 12 19:01 usr/lib/python3.12/site-packages/docutils/parsers/rst/include/isopub.txt
-rw-r--r--  0 root   root     4066 Jul 12 19:01 usr/lib/python3.12/site-packages/docutils/parsers/rst/include/isonum.txt
-rw-r--r--  0 root   root      776 Jul 12 19:01 usr/lib/python3.12/site-packages/docutils/parsers/rst/include/isomscr.txt
-rw-r--r--  0 root   root     3231 Jul 12 19:01 usr/lib/python3.12/site-packages/docutils/parsers/rst/include/isomscr-wide.txt
-rw-r--r--  0 root   root      639 Jul 12 19:01 usr/lib/python3.12/site-packages/docutils/parsers/rst/include/isomopf.txt
-rw-r--r--  0 root   root     1931 Jul 12 19:01 usr/lib/python3.12/site-packages/docutils/parsers/rst/include/isomopf-wide.txt
-rw-r--r--  0 root   root      519 Jul 12 19:01 usr/lib/python3.12/site-packages/docutils/parsers/rst/include/isomfrk.txt
-rw-r--r--  0 root   root     3334 Jul 12 19:01 usr/lib/python3.12/site-packages/docutils/parsers/rst/include/isomfrk-wide.txt
-rw-r--r--  0 root   root     8466 Jul 12 19:01 usr/lib/python3.12/site-packages/docutils/parsers/rst/include/isolat2.txt
-rw-r--r--  0 root   root     4397 Jul 12 19:01 usr/lib/python3.12/site-packages/docutils/parsers/rst/include/isolat1.txt
-rw-r--r--  0 root   root      372 Jul 12 19:01 usr/lib/python3.12/site-packages/docutils/parsers/rst/include/isogrk4.txt
-rw-r--r--  0 root   root     3035 Jul 12 19:01 usr/lib/python3.12/site-packages/docutils/parsers/rst/include/isogrk4-wide.txt
-rw-r--r--  0 root   root     2880 Jul 12 19:01 usr/lib/python3.12/site-packages/docutils/parsers/rst/include/isogrk3.txt
-rw-r--r--  0 root   root     1705 Jul 12 19:01 usr/lib/python3.12/site-packages/docutils/parsers/rst/include/isogrk2.txt
-rw-r--r--  0 root   root     3010 Jul 12 19:01 usr/lib/python3.12/site-packages/docutils/parsers/rst/include/isogrk1.txt
-rw-r--r--  0 root   root      869 Jul 12 19:01 usr/lib/python3.12/site-packages/docutils/parsers/rst/include/isodia.txt
-rw-r--r--  0 root   root     1882 Jul 12 19:01 usr/lib/python3.12/site-packages/docutils/parsers/rst/include/isocyr2.txt
-rw-r--r--  0 root   root     4241 Jul 12 19:01 usr/lib/python3.12/site-packages/docutils/parsers/rst/include/isocyr1.txt
-rw-r--r--  0 root   root     3101 Jul 12 19:01 usr/lib/python3.12/site-packages/docutils/parsers/rst/include/isobox.txt
-rw-r--r--  0 root   root    11763 Jul 12 19:01 usr/lib/python3.12/site-packages/docutils/parsers/rst/include/isoamsr.txt
-rw-r--r--  0 root   root     3825 Jul 12 19:01 usr/lib/python3.12/site-packages/docutils/parsers/rst/include/isoamso.txt
-rw-r--r--  0 root   root     6721 Jul 12 19:01 usr/lib/python3.12/site-packages/docutils/parsers/rst/include/isoamsn.txt
-rw-r--r--  0 root   root     1723 Jul 12 19:01 usr/lib/python3.12/site-packages/docutils/parsers/rst/include/isoamsc.txt
-rw-r--r--  0 root   root     7242 Jul 12 19:01 usr/lib/python3.12/site-packages/docutils/parsers/rst/include/isoamsb.txt
-rw-r--r--  0 root   root    10925 Jul 12 19:01 usr/lib/python3.12/site-packages/docutils/parsers/rst/include/isoamsa.txt
-rw-r--r--  0 root   root      670 Jul 12 19:01 usr/lib/python3.12/site-packages/docutils/parsers/rst/include/README.txt
drwxr-xr-x  0 root   root        0 Jul 12 19:01 usr/lib/python3.12/site-packages/docutils/parsers/rst/languages/__pycache__/
-rw-r--r--  0 root   root     5160 Jul 12 19:01 usr/lib/python3.12/site-packages/docutils/parsers/rst/languages/zh_tw.py
-rw-r--r--  0 root   root     3925 Jul 12 19:01 usr/lib/python3.12/site-packages/docutils/parsers/rst/languages/zh_cn.py
-rw-r--r--  0 root   root     3441 Jul 12 19:01 usr/lib/python3.12/site-packages/docutils/parsers/rst/languages/uk.py
-rw-r--r--  0 root   root     3261 Jul 12 19:01 usr/lib/python3.12/site-packages/docutils/parsers/rst/languages/sv.py
-rw-r--r--  0 root   root     3947 Jul 12 19:01 usr/lib/python3.12/site-packages/docutils/parsers/rst/languages/sk.py
-rw-r--r--  0 root   root     3398 Jul 12 19:01 usr/lib/python3.12/site-packages/docutils/parsers/rst/languages/ru.py
-rw-r--r--  0 root   root     3960 Jul 12 19:01 usr/lib/python3.12/site-packages/docutils/parsers/rst/languages/pt_br.py
-rw-r--r--  0 root   root     3443 Jul 12 19:01 usr/lib/python3.12/site-packages/docutils/parsers/rst/languages/pl.py
-rw-r--r--  0 root   root     3761 Jul 12 19:01 usr/lib/python3.12/site-packages/docutils/parsers/rst/languages/nl.py
-rw-r--r--  0 root   root     3376 Jul 12 19:01 usr/lib/python3.12/site-packages/docutils/parsers/rst/languages/lv.py
-rw-r--r--  0 root   root     3519 Jul 12 19:01 usr/lib/python3.12/site-packages/docutils/parsers/rst/languages/lt.py
-rw-r--r--  0 root   root     3377 Jul 12 19:01 usr/lib/python3.12/site-packages/docutils/parsers/rst/languages/ko.py
-rw-r--r--  0 root   root     3776 Jul 12 19:01 usr/lib/python3.12/site-packages/docutils/parsers/rst/languages/ja.py
-rw-r--r--  0 root   root     3322 Jul 12 19:01 usr/lib/python3.12/site-packages/docutils/parsers/rst/languages/it.py
-rw-r--r--  0 root   root     3641 Jul 12 19:01 usr/lib/python3.12/site-packages/docutils/parsers/rst/languages/he.py
-rw-r--r--  0 root   root     3632 Jul 12 19:01 usr/lib/python3.12/site-packages/docutils/parsers/rst/languages/gl.py
-rw-r--r--  0 root   root     3782 Jul 12 19:01 usr/lib/python3.12/site-packages/docutils/parsers/rst/languages/fr.py
-rw-r--r--  0 root   root     3526 Jul 12 19:01 usr/lib/python3.12/site-packages/docutils/parsers/rst/languages/fi.py
-rw-r--r--  0 root   root     3171 Jul 12 19:01 usr/lib/python3.12/site-packages/docutils/parsers/rst/languages/fa.py
-rw-r--r--  0 root   root     4158 Jul 12 19:01 usr/lib/python3.12/site-packages/docutils/parsers/rst/languages/es.py
-rw-r--r--  0 root   root     3825 Jul 12 19:01 usr/lib/python3.12/site-packages/docutils/parsers/rst/languages/eo.py
-rw-r--r--  0 root   root     3514 Jul 12 19:01 usr/lib/python3.12/site-packages/docutils/parsers/rst/languages/en.py
-rw-r--r--  0 root   root     3547 Jul 12 19:01 usr/lib/python3.12/site-packages/docutils/parsers/rst/languages/de.py
-rw-r--r--  0 root   root     3719 Jul 12 19:01 usr/lib/python3.12/site-packages/docutils/parsers/rst/languages/da.py
-rw-r--r--  0 root   root     4808 Jul 12 19:01 usr/lib/python3.12/site-packages/docutils/parsers/rst/languages/cs.py
-rw-r--r--  0 root   root     4406 Jul 12 19:01 usr/lib/python3.12/site-packages/docutils/parsers/rst/languages/ca.py
-rw-r--r--  0 root   root     3051 Jul 12 19:01 usr/lib/python3.12/site-packages/docutils/parsers/rst/languages/ar.py
-rw-r--r--  0 root   root     3727 Jul 12 19:01 usr/lib/python3.12/site-packages/docutils/parsers/rst/languages/af.py
-rw-r--r--  0 root   root     1222 Jul 12 19:01 usr/lib/python3.12/site-packages/docutils/parsers/rst/languages/__init__.py
-rw-r--r--  0 root   root     4528 Jul 12 19:01 usr/lib/python3.12/site-packages/docutils/parsers/rst/languages/__pycache__/zh_tw.cpython-312.pyc
-rw-r--r--  0 root   root     3542 Jul 12 19:01 usr/lib/python3.12/site-packages/docutils/parsers/rst/languages/__pycache__/zh_cn.cpython-312.pyc
-rw-r--r--  0 root   root     3714 Jul 12 19:01 usr/lib/python3.12/site-packages/docutils/parsers/rst/languages/__pycache__/uk.cpython-312.pyc
-rw-r--r--  0 root   root     2763 Jul 12 19:01 usr/lib/python3.12/site-packages/docutils/parsers/rst/languages/__pycache__/sv.cpython-312.pyc
-rw-r--r--  0 root   root     3628 Jul 12 19:01 usr/lib/python3.12/site-packages/docutils/parsers/rst/languages/__pycache__/sk.cpython-312.pyc
-rw-r--r--  0 root   root     3616 Jul 12 19:01 usr/lib/python3.12/site-packages/docutils/parsers/rst/languages/__pycache__/ru.cpython-312.pyc
-rw-r--r--  0 root   root     3360 Jul 12 19:01 usr/lib/python3.12/site-packages/docutils/parsers/rst/languages/__pycache__/pt_br.cpython-312.pyc
-rw-r--r--  0 root   root     2933 Jul 12 19:01 usr/lib/python3.12/site-packages/docutils/parsers/rst/languages/__pycache__/pl.cpython-312.pyc
-rw-r--r--  0 root   root     3356 Jul 12 19:01 usr/lib/python3.12/site-packages/docutils/parsers/rst/languages/__pycache__/nl.cpython-312.pyc
-rw-r--r--  0 root   root     3136 Jul 12 19:01 usr/lib/python3.12/site-packages/docutils/parsers/rst/languages/__pycache__/lv.cpython-312.pyc
-rw-r--r--  0 root   root     3181 Jul 12 19:01 usr/lib/python3.12/site-packages/docutils/parsers/rst/languages/__pycache__/lt.cpython-312.pyc
-rw-r--r--  0 root   root     3171 Jul 12 19:01 usr/lib/python3.12/site-packages/docutils/parsers/rst/languages/__pycache__/ko.cpython-312.pyc
-rw-r--r--  0 root   root     3591 Jul 12 19:01 usr/lib/python3.12/site-packages/docutils/parsers/rst/languages/__pycache__/ja.cpython-312.pyc
-rw-r--r--  0 root   root     2980 Jul 12 19:01 usr/lib/python3.12/site-packages/docutils/parsers/rst/languages/__pycache__/it.cpython-312.pyc
-rw-r--r--  0 root   root     2605 Jul 12 19:01 usr/lib/python3.12/site-packages/docutils/parsers/rst/languages/__pycache__/he.cpython-312.pyc
-rw-r--r--  0 root   root     3111 Jul 12 19:01 usr/lib/python3.12/site-packages/docutils/parsers/rst/languages/__pycache__/gl.cpython-312.pyc
-rw-r--r--  0 root   root     3054 Jul 12 19:01 usr/lib/python3.12/site-packages/docutils/parsers/rst/languages/__pycache__/fr.cpython-312.pyc
-rw-r--r--  0 root   root     3201 Jul 12 19:01 usr/lib/python3.12/site-packages/docutils/parsers/rst/languages/__pycache__/fi.cpython-312.pyc
-rw-r--r--  0 root   root     3200 Jul 12 19:01 usr/lib/python3.12/site-packages/docutils/parsers/rst/languages/__pycache__/fa.cpython-312.pyc
-rw-r--r--  0 root   root     3852 Jul 12 19:01 usr/lib/python3.12/site-packages/docutils/parsers/rst/languages/__pycache__/es.cpython-312.pyc
-rw-r--r--  0 root   root     3613 Jul 12 19:01 usr/lib/python3.12/site-packages/docutils/parsers/rst/languages/__pycache__/eo.cpython-312.pyc
-rw-r--r--  0 root   root     2385 Jul 12 19:01 usr/lib/python3.12/site-packages/docutils/parsers/rst/languages/__pycache__/en.cpython-312.pyc
-rw-r--r--  0 root   root     3116 Jul 12 19:01 usr/lib/python3.12/site-packages/docutils/parsers/rst/languages/__pycache__/de.cpython-312.pyc
-rw-r--r--  0 root   root     3245 Jul 12 19:01 usr/lib/python3.12/site-packages/docutils/parsers/rst/languages/__pycache__/da.cpython-312.pyc
-rw-r--r--  0 root   root     4258 Jul 12 19:01 usr/lib/python3.12/site-packages/docutils/parsers/rst/languages/__pycache__/cs.cpython-312.pyc
-rw-r--r--  0 root   root     4075 Jul 12 19:01 usr/lib/python3.12/site-packages/docutils/parsers/rst/languages/__pycache__/ca.cpython-312.pyc
-rw-r--r--  0 root   root     3101 Jul 12 19:01 usr/lib/python3.12/site-packages/docutils/parsers/rst/languages/__pycache__/ar.cpython-312.pyc
-rw-r--r--  0 root   root     3214 Jul 12 19:01 usr/lib/python3.12/site-packages/docutils/parsers/rst/languages/__pycache__/af.cpython-312.pyc
-rw-r--r--  0 root   root     1506 Jul 12 19:01 usr/lib/python3.12/site-packages/docutils/parsers/rst/languages/__pycache__/__init__.cpython-312.pyc
-rw-r--r--  0 root   root    24397 Jul 12 19:01 usr/lib/python3.12/site-packages/docutils/parsers/rst/__pycache__/tableparser.cpython-312.pyc
-rw-r--r--  0 root   root   154128 Jul 12 19:01 usr/lib/python3.12/site-packages/docutils/parsers/rst/__pycache__/states.cpython-312.pyc
-rw-r--r--  0 root   root    17104 Jul 12 19:01 usr/lib/python3.12/site-packages/docutils/parsers/rst/__pycache__/roles.cpython-312.pyc
-rw-r--r--  0 root   root    17859 Jul 12 19:01 usr/lib/python3.12/site-packages/docutils/parsers/rst/__pycache__/__init__.cpython-312.pyc
-rw-r--r--  0 root   root     6367 Jul 12 19:01 usr/lib/python3.12/site-packages/docutils/parsers/__pycache__/recommonmark_wrapper.cpython-312.pyc
-rw-r--r--  0 root   root      728 Jul 12 19:01 usr/lib/python3.12/site-packages/docutils/parsers/__pycache__/null.cpython-312.pyc
-rw-r--r--  0 root   root     1442 Jul 12 19:01 usr/lib/python3.12/site-packages/docutils/parsers/__pycache__/commonmark_wrapper.cpython-312.pyc
-rw-r--r--  0 root   root     3883 Jul 12 19:01 usr/lib/python3.12/site-packages/docutils/parsers/__pycache__/__init__.cpython-312.pyc
drwxr-xr-x  0 root   root        0 Jul 12 19:01 usr/lib/python3.12/site-packages/docutils/readers/__pycache__/
-rw-r--r--  0 root   root     2324 Jul 12 19:01 usr/lib/python3.12/site-packages/docutils/readers/standalone.py
-rw-r--r--  0 root   root     1523 Jul 12 19:01 usr/lib/python3.12/site-packages/docutils/readers/pep.py
-rw-r--r--  0 root   root     1607 Jul 12 19:01 usr/lib/python3.12/site-packages/docutils/readers/doctree.py
-rw-r--r--  0 root   root     3520 Jul 12 19:01 usr/lib/python3.12/site-packages/docutils/readers/__init__.py
-rw-r--r--  0 root   root     2698 Jul 12 19:01 usr/lib/python3.12/site-packages/docutils/readers/__pycache__/standalone.cpython-312.pyc
-rw-r--r--  0 root   root     2317 Jul 12 19:01 usr/lib/python3.12/site-packages/docutils/readers/__pycache__/pep.cpython-312.pyc
-rw-r--r--  0 root   root     1987 Jul 12 19:01 usr/lib/python3.12/site-packages/docutils/readers/__pycache__/doctree.cpython-312.pyc
-rw-r--r--  0 root   root     4730 Jul 12 19:01 usr/lib/python3.12/site-packages/docutils/readers/__pycache__/__init__.cpython-312.pyc
drwxr-xr-x  0 root   root        0 Jul 12 19:01 usr/lib/python3.12/site-packages/docutils/transforms/__pycache__/
-rw-r--r--  0 root   root     3057 Jul 12 19:01 usr/lib/python3.12/site-packages/docutils/transforms/writer_aux.py
-rw-r--r--  0 root   root    12548 Jul 12 19:01 usr/lib/python3.12/site-packages/docutils/transforms/universal.py
-rw-r--r--  0 root   root    36819 Jul 12 19:01 usr/lib/python3.12/site-packages/docutils/transforms/references.py
-rw-r--r--  0 root   root    11111 Jul 12 19:01 usr/lib/python3.12/site-packages/docutils/transforms/peps.py
-rw-r--r--  0 root   root     6912 Jul 12 19:01 usr/lib/python3.12/site-packages/docutils/transforms/parts.py
-rw-r--r--  0 root   root     4873 Jul 12 19:01 usr/lib/python3.12/site-packages/docutils/transforms/misc.py
-rw-r--r--  0 root   root    21371 Jul 12 19:01 usr/lib/python3.12/site-packages/docutils/transforms/frontmatter.py
-rw-r--r--  0 root   root     2151 Jul 12 19:01 usr/lib/python3.12/site-packages/docutils/transforms/components.py
-rw-r--r--  0 root   root     6870 Jul 12 19:01 usr/lib/python3.12/site-packages/docutils/transforms/__init__.py
-rw-r--r--  0 root   root     4107 Jul 12 19:01 usr/lib/python3.12/site-packages/docutils/transforms/__pycache__/writer_aux.cpython-312.pyc
-rw-r--r--  0 root   root    15657 Jul 12 19:01 usr/lib/python3.12/site-packages/docutils/transforms/__pycache__/universal.cpython-312.pyc
-rw-r--r--  0 root   root    41999 Jul 12 19:01 usr/lib/python3.12/site-packages/docutils/transforms/__pycache__/references.cpython-312.pyc
-rw-r--r--  0 root   root    15534 Jul 12 19:01 usr/lib/python3.12/site-packages/docutils/transforms/__pycache__/peps.cpython-312.pyc
-rw-r--r--  0 root   root     9880 Jul 12 19:01 usr/lib/python3.12/site-packages/docutils/transforms/__pycache__/parts.cpython-312.pyc
-rw-r--r--  0 root   root     6384 Jul 12 19:01 usr/lib/python3.12/site-packages/docutils/transforms/__pycache__/misc.cpython-312.pyc
-rw-r--r--  0 root   root    23762 Jul 12 19:01 usr/lib/python3.12/site-packages/docutils/transforms/__pycache__/frontmatter.cpython-312.pyc
-rw-r--r--  0 root   root     2585 Jul 12 19:01 usr/lib/python3.12/site-packages/docutils/transforms/__pycache__/components.cpython-312.pyc
-rw-r--r--  0 root   root     7552 Jul 12 19:01 usr/lib/python3.12/site-packages/docutils/transforms/__pycache__/__init__.cpython-312.pyc
drwxr-xr-x  0 root   root        0 Jul 12 19:01 usr/lib/python3.12/site-packages/docutils/utils/__pycache__/
drwxr-xr-x  0 root   root        0 Jul 12 19:01 usr/lib/python3.12/site-packages/docutils/utils/math/
-rw-r--r--  0 root   root     6260 Jul 12 19:01 usr/lib/python3.12/site-packages/docutils/utils/urischemes.py
-rw-r--r--  0 root   root    38972 Jul 12 19:01 usr/lib/python3.12/site-packages/docutils/utils/smartquotes.py
-rw-r--r--  0 root   root     2695 Jul 12 19:01 usr/lib/python3.12/site-packages/docutils/utils/roman.py
-rw-r--r--  0 root   root     5747 Jul 12 19:01 usr/lib/python3.12/site-packages/docutils/utils/punctuation_chars.py
-rw-r--r--  0 root   root     8105 Jul 12 19:01 usr/lib/python3.12/site-packages/docutils/utils/error_reporting.py
-rw-r--r--  0 root   root     4920 Jul 12 19:01 usr/lib/python3.12/site-packages/docutils/utils/code_analyzer.py
-rw-r--r--  0 root   root    29382 Jul 12 19:01 usr/lib/python3.12/site-packages/docutils/utils/__init__.py
drwxr-xr-x  0 root   root        0 Jul 12 19:01 usr/lib/python3.12/site-packages/docutils/utils/math/__pycache__/
-rw-r--r--  0 root   root    18393 Jul 12 19:01 usr/lib/python3.12/site-packages/docutils/utils/math/unichar2tex.py
-rw-r--r--  0 root   root    37497 Jul 12 19:01 usr/lib/python3.12/site-packages/docutils/utils/math/tex2unichar.py
-rw-r--r--  0 root   root     6760 Jul 12 19:01 usr/lib/python3.12/site-packages/docutils/utils/math/tex2mathml_extern.py
-rw-r--r--  0 root   root   107993 Jul 12 19:01 usr/lib/python3.12/site-packages/docutils/utils/math/math2html.py
-rw-r--r--  0 root   root    51496 Jul 12 19:01 usr/lib/python3.12/site-packages/docutils/utils/math/latex2mathml.py
-rw-r--r--  0 root   root     1825 Jul 12 19:01 usr/lib/python3.12/site-packages/docutils/utils/math/__init__.py
-rw-r--r--  0 root   root    32552 Jul 12 19:01 usr/lib/python3.12/site-packages/docutils/utils/math/__pycache__/unichar2tex.cpython-312.pyc
-rw-r--r--  0 root   root    25902 Jul 12 19:01 usr/lib/python3.12/site-packages/docutils/utils/math/__pycache__/tex2unichar.cpython-312.pyc
-rw-r--r--  0 root   root     7914 Jul 12 19:01 usr/lib/python3.12/site-packages/docutils/utils/math/__pycache__/tex2mathml_extern.cpython-312.pyc
-rw-r--r--  0 root   root   162488 Jul 12 19:01 usr/lib/python3.12/site-packages/docutils/utils/math/__pycache__/math2html.cpython-312.pyc
-rw-r--r--  0 root   root    42038 Jul 12 19:01 usr/lib/python3.12/site-packages/docutils/utils/math/__pycache__/latex2mathml.cpython-312.pyc
-rw-r--r--  0 root   root     1896 Jul 12 19:01 usr/lib/python3.12/site-packages/docutils/utils/math/__pycache__/__init__.cpython-312.pyc
-rw-r--r--  0 root   root     7067 Jul 12 19:01 usr/lib/python3.12/site-packages/docutils/utils/__pycache__/urischemes.cpython-312.pyc
-rw-r--r--  0 root   root    36400 Jul 12 19:01 usr/lib/python3.12/site-packages/docutils/utils/__pycache__/smartquotes.cpython-312.pyc
-rw-r--r--  0 root   root     3506 Jul 12 19:01 usr/lib/python3.12/site-packages/docutils/utils/__pycache__/roman.cpython-312.pyc
-rw-r--r--  0 root   root     3383 Jul 12 19:01 usr/lib/python3.12/site-packages/docutils/utils/__pycache__/punctuation_chars.cpython-312.pyc
-rw-r--r--  0 root   root     9917 Jul 12 19:01 usr/lib/python3.12/site-packages/docutils/utils/__pycache__/error_reporting.cpython-312.pyc
-rw-r--r--  0 root   root     5397 Jul 12 19:01 usr/lib/python3.12/site-packages/docutils/utils/__pycache__/code_analyzer.cpython-312.pyc
-rw-r--r--  0 root   root    34496 Jul 12 19:01 usr/lib/python3.12/site-packages/docutils/utils/__pycache__/__init__.cpython-312.pyc
drwxr-xr-x  0 root   root        0 Jul 12 19:01 usr/lib/python3.12/site-packages/docutils/writers/__pycache__/
drwxr-xr-x  0 root   root        0 Jul 12 19:01 usr/lib/python3.12/site-packages/docutils/writers/xetex/
drwxr-xr-x  0 root   root        0 Jul 12 19:01 usr/lib/python3.12/site-packages/docutils/writers/s5_html/
drwxr-xr-x  0 root   root        0 Jul 12 19:01 usr/lib/python3.12/site-packages/docutils/writers/pep_html/
drwxr-xr-x  0 root   root        0 Jul 12 19:01 usr/lib/python3.12/site-packages/docutils/writers/odf_odt/
drwxr-xr-x  0 root   root        0 Jul 12 19:01 usr/lib/python3.12/site-packages/docutils/writers/latex2e/
drwxr-xr-x  0 root   root        0 Jul 12 19:01 usr/lib/python3.12/site-packages/docutils/writers/html5_polyglot/
drwxr-xr-x  0 root   root        0 Jul 12 19:01 usr/lib/python3.12/site-packages/docutils/writers/html4css1/
-rw-r--r--  0 root   root     1032 Jul 12 19:01 usr/lib/python3.12/site-packages/docutils/writers/pseudoxml.py
-rw-r--r--  0 root   root      568 Jul 12 19:01 usr/lib/python3.12/site-packages/docutils/writers/null.py
-rw-r--r--  0 root   root    36654 Jul 12 19:01 usr/lib/python3.12/site-packages/docutils/writers/manpage.py
-rw-r--r--  0 root   root     6763 Jul 12 19:01 usr/lib/python3.12/site-packages/docutils/writers/docutils_xml.py
-rw-r--r--  0 root   root    70896 Jul 12 19:01 usr/lib/python3.12/site-packages/docutils/writers/_html_base.py
-rw-r--r--  0 root   root     4945 Jul 12 19:01 usr/lib/python3.12/site-packages/docutils/writers/__init__.py
drwxr-xr-x  0 root   root        0 Jul 12 19:01 usr/lib/python3.12/site-packages/docutils/writers/html4css1/__pycache__/
-rw-r--r--  0 root   root      114 Jul 12 19:01 usr/lib/python3.12/site-packages/docutils/writers/html4css1/template.txt
-rw-r--r--  0 root   root     7219 Jul 12 19:01 usr/lib/python3.12/site-packages/docutils/writers/html4css1/html4css1.css
-rw-r--r--  0 root   root    37675 Jul 12 19:01 usr/lib/python3.12/site-packages/docutils/writers/html4css1/__init__.py
-rw-r--r--  0 root   root    53557 Jul 12 19:01 usr/lib/python3.12/site-packages/docutils/writers/html4css1/__pycache__/__init__.cpython-312.pyc
drwxr-xr-x  0 root   root        0 Jul 12 19:01 usr/lib/python3.12/site-packages/docutils/writers/html5_polyglot/__pycache__/
-rw-r--r--  0 root   root    12023 Jul 12 19:01 usr/lib/python3.12/site-packages/docutils/writers/html5_polyglot/tuftig.css
-rw-r--r--  0 root   root      114 Jul 12 19:01 usr/lib/python3.12/site-packages/docutils/writers/html5_polyglot/template.txt
-rw-r--r--  0 root   root    11895 Jul 12 19:01 usr/lib/python3.12/site-packages/docutils/writers/html5_polyglot/responsive.css
-rw-r--r--  0 root   root     7749 Jul 12 19:01 usr/lib/python3.12/site-packages/docutils/writers/html5_polyglot/plain.css
-rw-r--r--  0 root   root     7388 Jul 12 19:01 usr/lib/python3.12/site-packages/docutils/writers/html5_polyglot/minimal.css
-rw-r--r--  0 root   root     6261 Jul 12 19:01 usr/lib/python3.12/site-packages/docutils/writers/html5_polyglot/math.css
-rw-r--r--  0 root   root    16718 Jul 12 19:01 usr/lib/python3.12/site-packages/docutils/writers/html5_polyglot/__init__.py
-rw-r--r--  0 root   root    22010 Jul 12 19:01 usr/lib/python3.12/site-packages/docutils/writers/html5_polyglot/__pycache__/__init__.cpython-312.pyc
drwxr-xr-x  0 root   root        0 Jul 12 19:01 usr/lib/python3.12/site-packages/docutils/writers/latex2e/__pycache__/
-rw-r--r--  0 root   root      672 Jul 12 19:01 usr/lib/python3.12/site-packages/docutils/writers/latex2e/xelatex.tex
-rw-r--r--  0 root   root      424 Jul 12 19:01 usr/lib/python3.12/site-packages/docutils/writers/latex2e/titlingpage.tex
-rw-r--r--  0 root   root      480 Jul 12 19:01 usr/lib/python3.12/site-packages/docutils/writers/latex2e/titlepage.tex
-rw-r--r--  0 root   root     5472 Jul 12 19:01 usr/lib/python3.12/site-packages/docutils/writers/latex2e/docutils.sty
-rw-r--r--  0 root   root      422 Jul 12 19:01 usr/lib/python3.12/site-packages/docutils/writers/latex2e/default.tex
-rw-r--r--  0 root   root   137132 Jul 12 19:01 usr/lib/python3.12/site-packages/docutils/writers/latex2e/__init__.py
-rw-r--r--  0 root   root   156497 Jul 12 19:01 usr/lib/python3.12/site-packages/docutils/writers/latex2e/__pycache__/__init__.cpython-312.pyc
drwxr-xr-x  0 root   root        0 Jul 12 19:01 usr/lib/python3.12/site-packages/docutils/writers/odf_odt/__pycache__/
-rw-r--r--  0 root   root    16500 Jul 12 19:01 usr/lib/python3.12/site-packages/docutils/writers/odf_odt/styles.odt
-rw-r--r--  0 root   root     4681 Jul 12 19:01 usr/lib/python3.12/site-packages/docutils/writers/odf_odt/pygmentsformatter.py
-rw-r--r--  0 root   root     2142 Jul 12 19:01 usr/lib/python3.12/site-packages/docutils/writers/odf_odt/prepstyles.py
-rw-r--r--  0 root   root   132358 Jul 12 19:01 usr/lib/python3.12/site-packages/docutils/writers/odf_odt/__init__.py
-rw-r--r--  0 root   root     5191 Jul 12 19:01 usr/lib/python3.12/site-packages/docutils/writers/odf_odt/__pycache__/pygmentsformatter.cpython-312.pyc
-rw-r--r--  0 root   root     3288 Jul 12 19:01 usr/lib/python3.12/site-packages/docutils/writers/odf_odt/__pycache__/prepstyles.cpython-312.pyc
-rw-r--r--  0 root   root   151935 Jul 12 19:01 usr/lib/python3.12/site-packages/docutils/writers/odf_odt/__pycache__/__init__.cpython-312.pyc
drwxr-xr-x  0 root   root        0 Jul 12 19:01 usr/lib/python3.12/site-packages/docutils/writers/pep_html/__pycache__/
-rw-r--r--  0 root   root     1001 Jul 12 19:01 usr/lib/python3.12/site-packages/docutils/writers/pep_html/template.txt
-rw-r--r--  0 root   root     6367 Jul 12 19:01 usr/lib/python3.12/site-packages/docutils/writers/pep_html/pep.css
-rw-r--r--  0 root   root     3505 Jul 12 19:01 usr/lib/python3.12/site-packages/docutils/writers/pep_html/__init__.py
-rw-r--r--  0 root   root     5397 Jul 12 19:01 usr/lib/python3.12/site-packages/docutils/writers/pep_html/__pycache__/__init__.cpython-312.pyc
drwxr-xr-x  0 root   root        0 Jul 12 19:01 usr/lib/python3.12/site-packages/docutils/writers/s5_html/__pycache__/
drwxr-xr-x  0 root   root        0 Jul 12 19:01 usr/lib/python3.12/site-packages/docutils/writers/s5_html/themes/
-rw-r--r--  0 root   root    14517 Jul 12 19:01 usr/lib/python3.12/site-packages/docutils/writers/s5_html/__init__.py
drwxr-xr-x  0 root   root        0 Jul 12 19:01 usr/lib/python3.12/site-packages/docutils/writers/s5_html/themes/small-white/
drwxr-xr-x  0 root   root        0 Jul 12 19:01 usr/lib/python3.12/site-packages/docutils/writers/s5_html/themes/small-black/
drwxr-xr-x  0 root   root        0 Jul 12 19:01 usr/lib/python3.12/site-packages/docutils/writers/s5_html/themes/medium-white/
drwxr-xr-x  0 root   root        0 Jul 12 19:01 usr/lib/python3.12/site-packages/docutils/writers/s5_html/themes/medium-black/
drwxr-xr-x  0 root   root        0 Jul 12 19:01 usr/lib/python3.12/site-packages/docutils/writers/s5_html/themes/default/
drwxr-xr-x  0 root   root        0 Jul 12 19:01 usr/lib/python3.12/site-packages/docutils/writers/s5_html/themes/big-white/
drwxr-xr-x  0 root   root        0 Jul 12 19:01 usr/lib/python3.12/site-packages/docutils/writers/s5_html/themes/big-black/
-rw-r--r--  0 root   root      278 Jul 12 19:01 usr/lib/python3.12/site-packages/docutils/writers/s5_html/themes/README.txt
-rw-r--r--  0 root   root     3605 Jul 12 19:01 usr/lib/python3.12/site-packages/docutils/writers/s5_html/themes/big-black/pretty.css
-rw-r--r--  0 root   root      910 Jul 12 19:01 usr/lib/python3.12/site-packages/docutils/writers/s5_html/themes/big-black/framing.css
-rw-r--r--  0 root   root       38 Jul 12 19:01 usr/lib/python3.12/site-packages/docutils/writers/s5_html/themes/big-black/__base__
-rw-r--r--  0 root   root     3565 Jul 12 19:01 usr/lib/python3.12/site-packages/docutils/writers/s5_html/themes/big-white/pretty.css
-rw-r--r--  0 root   root      905 Jul 12 19:01 usr/lib/python3.12/site-packages/docutils/writers/s5_html/themes/big-white/framing.css
-rw-r--r--  0 root   root    15801 Jul 12 19:01 usr/lib/python3.12/site-packages/docutils/writers/s5_html/themes/default/slides.js
-rw-r--r--  0 root   root      283 Jul 12 19:01 usr/lib/python3.12/site-packages/docutils/writers/s5_html/themes/default/slides.css
-rw-r--r--  0 root   root      450 Jul 12 19:01 usr/lib/python3.12/site-packages/docutils/writers/s5_html/themes/default/s5-core.css
-rw-r--r--  0 root   root      818 Jul 12 19:01 usr/lib/python3.12/site-packages/docutils/writers/s5_html/themes/default/print.css
-rw-r--r--  0 root   root     4383 Jul 12 19:01 usr/lib/python3.12/site-packages/docutils/writers/s5_html/themes/default/pretty.css
-rw-r--r--  0 root   root      648 Jul 12 19:01 usr/lib/python3.12/site-packages/docutils/writers/s5_html/themes/default/outline.css
-rw-r--r--  0 root   root      261 Jul 12 19:01 usr/lib/python3.12/site-packages/docutils/writers/s5_html/themes/default/opera.css
-rw-r--r--  0 root   root     1002 Jul 12 19:01 usr/lib/python3.12/site-packages/docutils/writers/s5_html/themes/default/framing.css
-rw-r--r--  0 root   root     4029 Jul 12 19:01 usr/lib/python3.12/site-packages/docutils/writers/s5_html/themes/medium-black/pretty.css
-rw-r--r--  0 root   root       41 Jul 12 19:01 usr/lib/python3.12/site-packages/docutils/writers/s5_html/themes/medium-black/__base__
-rw-r--r--  0 root   root     3989 Jul 12 19:01 usr/lib/python3.12/site-packages/docutils/writers/s5_html/themes/medium-white/pretty.css
-rw-r--r--  0 root   root      943 Jul 12 19:01 usr/lib/python3.12/site-packages/docutils/writers/s5_html/themes/medium-white/framing.css
-rw-r--r--  0 root   root     4028 Jul 12 19:01 usr/lib/python3.12/site-packages/docutils/writers/s5_html/themes/small-black/pretty.css
-rw-r--r--  0 root   root       40 Jul 12 19:01 usr/lib/python3.12/site-packages/docutils/writers/s5_html/themes/small-black/__base__
-rw-r--r--  0 root   root     3999 Jul 12 19:01 usr/lib/python3.12/site-packages/docutils/writers/s5_html/themes/small-white/pretty.css
-rw-r--r--  0 root   root      940 Jul 12 19:01 usr/lib/python3.12/site-packages/docutils/writers/s5_html/themes/small-white/framing.css
-rw-r--r--  0 root   root    18118 Jul 12 19:01 usr/lib/python3.12/site-packages/docutils/writers/s5_html/__pycache__/__init__.cpython-312.pyc
drwxr-xr-x  0 root   root        0 Jul 12 19:01 usr/lib/python3.12/site-packages/docutils/writers/xetex/__pycache__/
-rw-r--r--  0 root   root     5736 Jul 12 19:01 usr/lib/python3.12/site-packages/docutils/writers/xetex/__init__.py
-rw-r--r--  0 root   root     5509 Jul 12 19:01 usr/lib/python3.12/site-packages/docutils/writers/xetex/__pycache__/__init__.cpython-312.pyc
-rw-r--r--  0 root   root     1388 Jul 12 19:01 usr/lib/python3.12/site-packages/docutils/writers/__pycache__/pseudoxml.cpython-312.pyc
-rw-r--r--  0 root   root      802 Jul 12 19:01 usr/lib/python3.12/site-packages/docutils/writers/__pycache__/null.cpython-312.pyc
-rw-r--r--  0 root   root    61705 Jul 12 19:01 usr/lib/python3.12/site-packages/docutils/writers/__pycache__/manpage.cpython-312.pyc
-rw-r--r--  0 root   root     9934 Jul 12 19:01 usr/lib/python3.12/site-packages/docutils/writers/__pycache__/docutils_xml.cpython-312.pyc
-rw-r--r--  0 root   root    99978 Jul 12 19:01 usr/lib/python3.12/site-packages/docutils/writers/__pycache__/_html_base.cpython-312.pyc
-rw-r--r--  0 root   root     5988 Jul 12 19:01 usr/lib/python3.12/site-packages/docutils/writers/__pycache__/__init__.cpython-312.pyc
-rw-r--r--  0 root   root    68387 Jul 12 19:01 usr/lib/python3.12/site-packages/docutils/__pycache__/statemachine.cpython-312.pyc
-rw-r--r--  0 root   root   107555 Jul 12 19:01 usr/lib/python3.12/site-packages/docutils/__pycache__/nodes.cpython-312.pyc
-rw-r--r--  0 root   root    26892 Jul 12 19:01 usr/lib/python3.12/site-packages/docutils/__pycache__/io.cpython-312.pyc
-rw-r--r--  0 root   root    41724 Jul 12 19:01 usr/lib/python3.12/site-packages/docutils/__pycache__/frontend.cpython-312.pyc
-rw-r--r--  0 root   root     3993 Jul 12 19:01 usr/lib/python3.12/site-packages/docutils/__pycache__/examples.cpython-312.pyc
-rw-r--r--  0 root   root    34428 Jul 12 19:01 usr/lib/python3.12/site-packages/docutils/__pycache__/core.cpython-312.pyc
-rw-r--r--  0 root   root     3628 Jul 12 19:01 usr/lib/python3.12/site-packages/docutils/__pycache__/__main__.cpython-312.pyc
-rw-r--r--  0 root   root     6461 Jul 12 19:01 usr/lib/python3.12/site-packages/docutils/__pycache__/__init__.cpython-312.pyc
-rw-r--r--  0 root   root    28357 Jul 12 19:01 usr/lib/python3.12/site-packages/docutils-0.20.1.dist-info/RECORD
-rw-r--r--  0 root   root        0 Jul 12 19:01 usr/lib/python3.12/site-packages/docutils-0.20.1.dist-info/REQUESTED
-rw-r--r--  0 root   root      292 Jul 12 19:01 usr/lib/python3.12/site-packages/docutils-0.20.1.dist-info/direct_url.json
-rw-r--r--  0 root   root        4 Jul 12 19:01 usr/lib/python3.12/site-packages/docutils-0.20.1.dist-info/INSTALLER
-rw-r--r--  0 root   root        9 Jul 12 19:01 usr/lib/python3.12/site-packages/docutils-0.20.1.dist-info/top_level.txt
-rw-r--r--  0 root   root       52 Jul 12 19:01 usr/lib/python3.12/site-packages/docutils-0.20.1.dist-info/entry_points.txt
-rw-r--r--  0 root   root       92 Jul 12 19:01 usr/lib/python3.12/site-packages/docutils-0.20.1.dist-info/WHEEL
-rw-r--r--  0 root   root     2816 Jul 12 19:01 usr/lib/python3.12/site-packages/docutils-0.20.1.dist-info/METADATA
-rw-r--r--  0 root   root     6292 Jul 12 19:01 usr/lib/python3.12/site-packages/docutils-0.20.1.dist-info/COPYING.txt
-rwxr-xr-x  0 root   root      219 Jul 12 19:01 usr/bin/docutils
-rwxr-xr-x  0 root   root      681 Jul 12 19:01 usr/bin/rstpep2html.py
-rwxr-xr-x  0 root   root      613 Jul 12 19:01 usr/bin/rst2xml.py
-rwxr-xr-x  0 root   root      884 Jul 12 19:01 usr/bin/rst2xetex.py
-rwxr-xr-x  0 root   root      648 Jul 12 19:01 usr/bin/rst2s5.py
-rwxr-xr-x  0 root   root      612 Jul 12 19:01 usr/bin/rst2pseudoxml.py
-rwxr-xr-x  0 root   root      599 Jul 12 19:01 usr/bin/rst2odt_prepstyles.py
-rwxr-xr-x  0 root   root      793 Jul 12 19:01 usr/bin/rst2odt.py
-rwxr-xr-x  0 root   root      627 Jul 12 19:01 usr/bin/rst2man.py
-rwxr-xr-x  0 root   root      804 Jul 12 19:01 usr/bin/rst2latex.py
-rwxr-xr-x  0 root   root     1062 Jul 12 19:01 usr/bin/rst2html5.py
-rwxr-xr-x  0 root   root      727 Jul 12 19:01 usr/bin/rst2html4.py
-rwxr-xr-x  0 root   root      605 Jul 12 19:01 usr/bin/rst2html.py
=======> Building '/home/devel/packages/python3-docutils#0.20.1-2.x86_64.pkg.tar.zst' succeeded.
prt-get: Using PKGMK_PACKAGE_DIR: /home/devel/packages
prt-get: reinstalling python3-docutils 0.20.1-2
prt-get: /usr/bin/pkgadd -u python3-docutils#0.20.1-2.x86_64.pkg.tar.zst
prt-get: build done Wed Jul 12 19:01:02 2023

