prt-get: updating /usr/ports/core-x86_64/python3-setuptools
prt-get: starting build Wed Jul 12 19:01:17 2023
=======> Building '/home/devel/packages/python3-setuptools#68.0.0-1.x86_64.pkg.tar.zst'.
bsdtar -p -o -C /home/devel/building/work/src -xf /home/devel/sources/setuptools-68.0.0.tar.gz
+ build
+ cd setuptools-68.0.0
+ export SETUPTOOLS_INSTALL_WINDOWS_SPECIFIC_FILES=0
+ SETUPTOOLS_INSTALL_WINDOWS_SPECIFIC_FILES=0
+ pip3 wheel -w dist --isolated --no-deps /home/devel/building/work/src/setuptools-68.0.0
Processing /home/devel/building/work/src/setuptools-68.0.0
  Getting requirements to build wheel: started
  Getting requirements to build wheel: finished with status 'done'
  Installing backend dependencies: started
  Installing backend dependencies: finished with status 'done'
  Preparing metadata (pyproject.toml): started
  Preparing metadata (pyproject.toml): finished with status 'done'
Building wheels for collected packages: setuptools
  Building wheel for setuptools (pyproject.toml): started
  Building wheel for setuptools (pyproject.toml): finished with status 'done'
  Created wheel for setuptools: filename=setuptools-68.0.0-py3-none-any.whl size=752167 sha256=c65f6fc089147f156eb831c39209cccda93e80ef137588714b9287e775893e80
  Stored in directory: /root/.cache/pip/wheels/0a/7a/35/b0dd118d1796c130cfbf2906755cadc8ababad47fdfd9687b7
Successfully built setuptools
+ PIP_CONFIG_FILE=/dev/null
+ /usr/bin/pip3 install --root-user-action=ignore --no-warn-script-location --ignore-installed --no-deps dist/setuptools-68.0.0-py3-none-any.whl --isolated --root=/home/devel/building/work/pkg
Processing ./dist/setuptools-68.0.0-py3-none-any.whl
Installing collected packages: setuptools
Successfully installed setuptools-68.0.0
=======> Build result:
drwxr-xr-x  0 root   root        0 Jul 12 19:01 usr/
drwxr-xr-x  0 root   root        0 Jul 12 19:01 usr/lib/
drwxr-xr-x  0 root   root        0 Jul 12 19:01 usr/lib/python3.12/
drwxr-xr-x  0 root   root        0 Jul 12 19:01 usr/lib/python3.12/site-packages/
drwxr-xr-x  0 root   root        0 Jul 12 19:01 usr/lib/python3.12/site-packages/setuptools-68.0.0.dist-info/
drwxr-xr-x  0 root   root        0 Jul 12 19:01 usr/lib/python3.12/site-packages/setuptools/
drwxr-xr-x  0 root   root        0 Jul 12 19:01 usr/lib/python3.12/site-packages/pkg_resources/
drwxr-xr-x  0 root   root        0 Jul 12 19:01 usr/lib/python3.12/site-packages/_distutils_hack/
-rw-r--r--  0 root   root      151 Jul 12 19:01 usr/lib/python3.12/site-packages/distutils-precedence.pth
drwxr-xr-x  0 root   root        0 Jul 12 19:01 usr/lib/python3.12/site-packages/_distutils_hack/__pycache__/
-rw-r--r--  0 root   root       44 Jul 12 19:01 usr/lib/python3.12/site-packages/_distutils_hack/override.py
-rw-r--r--  0 root   root     6299 Jul 12 19:01 usr/lib/python3.12/site-packages/_distutils_hack/__init__.py
-rw-r--r--  0 root   root      288 Jul 12 19:01 usr/lib/python3.12/site-packages/_distutils_hack/__pycache__/override.cpython-312.pyc
-rw-r--r--  0 root   root    10006 Jul 12 19:01 usr/lib/python3.12/site-packages/_distutils_hack/__pycache__/__init__.cpython-312.pyc
drwxr-xr-x  0 root   root        0 Jul 12 19:01 usr/lib/python3.12/site-packages/pkg_resources/__pycache__/
drwxr-xr-x  0 root   root        0 Jul 12 19:01 usr/lib/python3.12/site-packages/pkg_resources/extern/
drwxr-xr-x  0 root   root        0 Jul 12 19:01 usr/lib/python3.12/site-packages/pkg_resources/_vendor/
-rw-r--r--  0 root   root   109427 Jul 12 19:01 usr/lib/python3.12/site-packages/pkg_resources/__init__.py
drwxr-xr-x  0 root   root        0 Jul 12 19:01 usr/lib/python3.12/site-packages/pkg_resources/_vendor/__pycache__/
drwxr-xr-x  0 root   root        0 Jul 12 19:01 usr/lib/python3.12/site-packages/pkg_resources/_vendor/platformdirs/
drwxr-xr-x  0 root   root        0 Jul 12 19:01 usr/lib/python3.12/site-packages/pkg_resources/_vendor/packaging/
drwxr-xr-x  0 root   root        0 Jul 12 19:01 usr/lib/python3.12/site-packages/pkg_resources/_vendor/more_itertools/
drwxr-xr-x  0 root   root        0 Jul 12 19:01 usr/lib/python3.12/site-packages/pkg_resources/_vendor/jaraco/
drwxr-xr-x  0 root   root        0 Jul 12 19:01 usr/lib/python3.12/site-packages/pkg_resources/_vendor/importlib_resources/
-rw-r--r--  0 root   root     8425 Jul 12 19:01 usr/lib/python3.12/site-packages/pkg_resources/_vendor/zipp.py
-rw-r--r--  0 root   root    80078 Jul 12 19:01 usr/lib/python3.12/site-packages/pkg_resources/_vendor/typing_extensions.py
-rw-r--r--  0 root   root        0 Jul 12 19:01 usr/lib/python3.12/site-packages/pkg_resources/_vendor/__init__.py
drwxr-xr-x  0 root   root        0 Jul 12 19:01 usr/lib/python3.12/site-packages/pkg_resources/_vendor/importlib_resources/__pycache__/
-rw-r--r--  0 root   root     2576 Jul 12 19:01 usr/lib/python3.12/site-packages/pkg_resources/_vendor/importlib_resources/simple.py
-rw-r--r--  0 root   root     3581 Jul 12 19:01 usr/lib/python3.12/site-packages/pkg_resources/_vendor/importlib_resources/readers.py
-rw-r--r--  0 root   root     5140 Jul 12 19:01 usr/lib/python3.12/site-packages/pkg_resources/_vendor/importlib_resources/abc.py
-rw-r--r--  0 root   root     3481 Jul 12 19:01 usr/lib/python3.12/site-packages/pkg_resources/_vendor/importlib_resources/_legacy.py
-rw-r--r--  0 root   root      884 Jul 12 19:01 usr/lib/python3.12/site-packages/pkg_resources/_vendor/importlib_resources/_itertools.py
-rw-r--r--  0 root   root     2925 Jul 12 19:01 usr/lib/python3.12/site-packages/pkg_resources/_vendor/importlib_resources/_compat.py
-rw-r--r--  0 root   root     5457 Jul 12 19:01 usr/lib/python3.12/site-packages/pkg_resources/_vendor/importlib_resources/_common.py
-rw-r--r--  0 root   root     4504 Jul 12 19:01 usr/lib/python3.12/site-packages/pkg_resources/_vendor/importlib_resources/_adapters.py
-rw-r--r--  0 root   root      506 Jul 12 19:01 usr/lib/python3.12/site-packages/pkg_resources/_vendor/importlib_resources/__init__.py
-rw-r--r--  0 root   root     5516 Jul 12 19:01 usr/lib/python3.12/site-packages/pkg_resources/_vendor/importlib_resources/__pycache__/simple.cpython-312.pyc
-rw-r--r--  0 root   root     7659 Jul 12 19:01 usr/lib/python3.12/site-packages/pkg_resources/_vendor/importlib_resources/__pycache__/readers.cpython-312.pyc
-rw-r--r--  0 root   root     8891 Jul 12 19:01 usr/lib/python3.12/site-packages/pkg_resources/_vendor/importlib_resources/__pycache__/abc.cpython-312.pyc
-rw-r--r--  0 root   root     5790 Jul 12 19:01 usr/lib/python3.12/site-packages/pkg_resources/_vendor/importlib_resources/__pycache__/_legacy.cpython-312.pyc
-rw-r--r--  0 root   root     1193 Jul 12 19:01 usr/lib/python3.12/site-packages/pkg_resources/_vendor/importlib_resources/__pycache__/_itertools.cpython-312.pyc
-rw-r--r--  0 root   root     5046 Jul 12 19:01 usr/lib/python3.12/site-packages/pkg_resources/_vendor/importlib_resources/__pycache__/_compat.cpython-312.pyc
-rw-r--r--  0 root   root     8790 Jul 12 19:01 usr/lib/python3.12/site-packages/pkg_resources/_vendor/importlib_resources/__pycache__/_common.cpython-312.pyc
-rw-r--r--  0 root   root     9725 Jul 12 19:01 usr/lib/python3.12/site-packages/pkg_resources/_vendor/importlib_resources/__pycache__/_adapters.cpython-312.pyc
-rw-r--r--  0 root   root      680 Jul 12 19:01 usr/lib/python3.12/site-packages/pkg_resources/_vendor/importlib_resources/__pycache__/__init__.cpython-312.pyc
drwxr-xr-x  0 root   root        0 Jul 12 19:01 usr/lib/python3.12/site-packages/pkg_resources/_vendor/jaraco/__pycache__/
drwxr-xr-x  0 root   root        0 Jul 12 19:01 usr/lib/python3.12/site-packages/pkg_resources/_vendor/jaraco/text/
-rw-r--r--  0 root   root    15056 Jul 12 19:01 usr/lib/python3.12/site-packages/pkg_resources/_vendor/jaraco/functools.py
-rw-r--r--  0 root   root     7460 Jul 12 19:01 usr/lib/python3.12/site-packages/pkg_resources/_vendor/jaraco/context.py
-rw-r--r--  0 root   root        0 Jul 12 19:01 usr/lib/python3.12/site-packages/pkg_resources/_vendor/jaraco/__init__.py
drwxr-xr-x  0 root   root        0 Jul 12 19:01 usr/lib/python3.12/site-packages/pkg_resources/_vendor/jaraco/text/__pycache__/
-rw-r--r--  0 root   root    15526 Jul 12 19:01 usr/lib/python3.12/site-packages/pkg_resources/_vendor/jaraco/text/__init__.py
-rw-r--r--  0 root   root    24445 Jul 12 19:01 usr/lib/python3.12/site-packages/pkg_resources/_vendor/jaraco/text/__pycache__/__init__.cpython-312.pyc
-rw-r--r--  0 root   root    20519 Jul 12 19:01 usr/lib/python3.12/site-packages/pkg_resources/_vendor/jaraco/__pycache__/functools.cpython-312.pyc
-rw-r--r--  0 root   root    11140 Jul 12 19:01 usr/lib/python3.12/site-packages/pkg_resources/_vendor/jaraco/__pycache__/context.cpython-312.pyc
-rw-r--r--  0 root   root      200 Jul 12 19:01 usr/lib/python3.12/site-packages/pkg_resources/_vendor/jaraco/__pycache__/__init__.cpython-312.pyc
drwxr-xr-x  0 root   root        0 Jul 12 19:01 usr/lib/python3.12/site-packages/pkg_resources/_vendor/more_itertools/__pycache__/
-rw-r--r--  0 root   root    25416 Jul 12 19:01 usr/lib/python3.12/site-packages/pkg_resources/_vendor/more_itertools/recipes.py
-rw-r--r--  0 root   root   134976 Jul 12 19:01 usr/lib/python3.12/site-packages/pkg_resources/_vendor/more_itertools/more.py
-rw-r--r--  0 root   root      148 Jul 12 19:01 usr/lib/python3.12/site-packages/pkg_resources/_vendor/more_itertools/__init__.py
-rw-r--r--  0 root   root    33337 Jul 12 19:01 usr/lib/python3.12/site-packages/pkg_resources/_vendor/more_itertools/__pycache__/recipes.cpython-312.pyc
-rw-r--r--  0 root   root   157911 Jul 12 19:01 usr/lib/python3.12/site-packages/pkg_resources/_vendor/more_itertools/__pycache__/more.cpython-312.pyc
-rw-r--r--  0 root   root      361 Jul 12 19:01 usr/lib/python3.12/site-packages/pkg_resources/_vendor/more_itertools/__pycache__/__init__.cpython-312.pyc
drwxr-xr-x  0 root   root        0 Jul 12 19:01 usr/lib/python3.12/site-packages/pkg_resources/_vendor/packaging/__pycache__/
-rw-r--r--  0 root   root    16326 Jul 12 19:01 usr/lib/python3.12/site-packages/pkg_resources/_vendor/packaging/version.py
-rw-r--r--  0 root   root     4355 Jul 12 19:01 usr/lib/python3.12/site-packages/pkg_resources/_vendor/packaging/utils.py
-rw-r--r--  0 root   root    18106 Jul 12 19:01 usr/lib/python3.12/site-packages/pkg_resources/_vendor/packaging/tags.py
-rw-r--r--  0 root   root    39206 Jul 12 19:01 usr/lib/python3.12/site-packages/pkg_resources/_vendor/packaging/specifiers.py
-rw-r--r--  0 root   root     3287 Jul 12 19:01 usr/lib/python3.12/site-packages/pkg_resources/_vendor/packaging/requirements.py
-rw-r--r--  0 root   root    16397 Jul 12 19:01 usr/lib/python3.12/site-packages/pkg_resources/_vendor/packaging/metadata.py
-rw-r--r--  0 root   root     8208 Jul 12 19:01 usr/lib/python3.12/site-packages/pkg_resources/_vendor/packaging/markers.py
-rw-r--r--  0 root   root     5292 Jul 12 19:01 usr/lib/python3.12/site-packages/pkg_resources/_vendor/packaging/_tokenizer.py
-rw-r--r--  0 root   root     1431 Jul 12 19:01 usr/lib/python3.12/site-packages/pkg_resources/_vendor/packaging/_structures.py
-rw-r--r--  0 root   root    10194 Jul 12 19:01 usr/lib/python3.12/site-packages/pkg_resources/_vendor/packaging/_parser.py
-rw-r--r--  0 root   root     2524 Jul 12 19:01 usr/lib/python3.12/site-packages/pkg_resources/_vendor/packaging/_musllinux.py
-rw-r--r--  0 root   root     8926 Jul 12 19:01 usr/lib/python3.12/site-packages/pkg_resources/_vendor/packaging/_manylinux.py
-rw-r--r--  0 root   root     3266 Jul 12 19:01 usr/lib/python3.12/site-packages/pkg_resources/_vendor/packaging/_elffile.py
-rw-r--r--  0 root   root      501 Jul 12 19:01 usr/lib/python3.12/site-packages/pkg_resources/_vendor/packaging/__init__.py
-rw-r--r--  0 root   root    19761 Jul 12 19:01 usr/lib/python3.12/site-packages/pkg_resources/_vendor/packaging/__pycache__/version.cpython-312.pyc
-rw-r--r--  0 root   root     5989 Jul 12 19:01 usr/lib/python3.12/site-packages/pkg_resources/_vendor/packaging/__pycache__/utils.cpython-312.pyc
-rw-r--r--  0 root   root    20777 Jul 12 19:01 usr/lib/python3.12/site-packages/pkg_resources/_vendor/packaging/__pycache__/tags.cpython-312.pyc
-rw-r--r--  0 root   root    38656 Jul 12 19:01 usr/lib/python3.12/site-packages/pkg_resources/_vendor/packaging/__pycache__/specifiers.cpython-312.pyc
-rw-r--r--  0 root   root     4892 Jul 12 19:01 usr/lib/python3.12/site-packages/pkg_resources/_vendor/packaging/__pycache__/requirements.cpython-312.pyc
-rw-r--r--  0 root   root     9822 Jul 12 19:01 usr/lib/python3.12/site-packages/pkg_resources/_vendor/packaging/__pycache__/metadata.cpython-312.pyc
-rw-r--r--  0 root   root    10479 Jul 12 19:01 usr/lib/python3.12/site-packages/pkg_resources/_vendor/packaging/__pycache__/markers.cpython-312.pyc
-rw-r--r--  0 root   root     7915 Jul 12 19:01 usr/lib/python3.12/site-packages/pkg_resources/_vendor/packaging/__pycache__/_tokenizer.cpython-312.pyc
-rw-r--r--  0 root   root     3251 Jul 12 19:01 usr/lib/python3.12/site-packages/pkg_resources/_vendor/packaging/__pycache__/_structures.cpython-312.pyc
-rw-r--r--  0 root   root    13824 Jul 12 19:01 usr/lib/python3.12/site-packages/pkg_resources/_vendor/packaging/__pycache__/_parser.cpython-312.pyc
-rw-r--r--  0 root   root     4404 Jul 12 19:01 usr/lib/python3.12/site-packages/pkg_resources/_vendor/packaging/__pycache__/_musllinux.cpython-312.pyc
-rw-r--r--  0 root   root     9176 Jul 12 19:01 usr/lib/python3.12/site-packages/pkg_resources/_vendor/packaging/__pycache__/_manylinux.cpython-312.pyc
-rw-r--r--  0 root   root     5036 Jul 12 19:01 usr/lib/python3.12/site-packages/pkg_resources/_vendor/packaging/__pycache__/_elffile.cpython-312.pyc
-rw-r--r--  0 root   root      573 Jul 12 19:01 usr/lib/python3.12/site-packages/pkg_resources/_vendor/packaging/__pycache__/__init__.cpython-312.pyc
drwxr-xr-x  0 root   root        0 Jul 12 19:01 usr/lib/python3.12/site-packages/pkg_resources/_vendor/platformdirs/__pycache__/
-rw-r--r--  0 root   root     6596 Jul 12 19:01 usr/lib/python3.12/site-packages/pkg_resources/_vendor/platformdirs/windows.py
-rw-r--r--  0 root   root      160 Jul 12 19:01 usr/lib/python3.12/site-packages/pkg_resources/_vendor/platformdirs/version.py
-rw-r--r--  0 root   root     6911 Jul 12 19:01 usr/lib/python3.12/site-packages/pkg_resources/_vendor/platformdirs/unix.py
-rw-r--r--  0 root   root     2655 Jul 12 19:01 usr/lib/python3.12/site-packages/pkg_resources/_vendor/platformdirs/macos.py
-rw-r--r--  0 root   root     4910 Jul 12 19:01 usr/lib/python3.12/site-packages/pkg_resources/_vendor/platformdirs/api.py
-rw-r--r--  0 root   root     4068 Jul 12 19:01 usr/lib/python3.12/site-packages/pkg_resources/_vendor/platformdirs/android.py
-rw-r--r--  0 root   root     1164 Jul 12 19:01 usr/lib/python3.12/site-packages/pkg_resources/_vendor/platformdirs/__main__.py
-rw-r--r--  0 root   root    12806 Jul 12 19:01 usr/lib/python3.12/site-packages/pkg_resources/_vendor/platformdirs/__init__.py
-rw-r--r--  0 root   root     9282 Jul 12 19:01 usr/lib/python3.12/site-packages/pkg_resources/_vendor/platformdirs/__pycache__/windows.cpython-312.pyc
-rw-r--r--  0 root   root      321 Jul 12 19:01 usr/lib/python3.12/site-packages/pkg_resources/_vendor/platformdirs/__pycache__/version.cpython-312.pyc
-rw-r--r--  0 root   root     9956 Jul 12 19:01 usr/lib/python3.12/site-packages/pkg_resources/_vendor/platformdirs/__pycache__/unix.cpython-312.pyc
-rw-r--r--  0 root   root     4241 Jul 12 19:01 usr/lib/python3.12/site-packages/pkg_resources/_vendor/platformdirs/__pycache__/macos.cpython-312.pyc
-rw-r--r--  0 root   root     6617 Jul 12 19:01 usr/lib/python3.12/site-packages/pkg_resources/_vendor/platformdirs/__pycache__/api.cpython-312.pyc
-rw-r--r--  0 root   root     5796 Jul 12 19:01 usr/lib/python3.12/site-packages/pkg_resources/_vendor/platformdirs/__pycache__/android.cpython-312.pyc
-rw-r--r--  0 root   root     1798 Jul 12 19:01 usr/lib/python3.12/site-packages/pkg_resources/_vendor/platformdirs/__pycache__/__main__.cpython-312.pyc
-rw-r--r--  0 root   root    13210 Jul 12 19:01 usr/lib/python3.12/site-packages/pkg_resources/_vendor/platformdirs/__pycache__/__init__.cpython-312.pyc
-rw-r--r--  0 root   root    14877 Jul 12 19:01 usr/lib/python3.12/site-packages/pkg_resources/_vendor/__pycache__/zipp.cpython-312.pyc
-rw-r--r--  0 root   root    89648 Jul 12 19:01 usr/lib/python3.12/site-packages/pkg_resources/_vendor/__pycache__/typing_extensions.cpython-312.pyc
-rw-r--r--  0 root   root      193 Jul 12 19:01 usr/lib/python3.12/site-packages/pkg_resources/_vendor/__pycache__/__init__.cpython-312.pyc
drwxr-xr-x  0 root   root        0 Jul 12 19:01 usr/lib/python3.12/site-packages/pkg_resources/extern/__pycache__/
-rw-r--r--  0 root   root     2442 Jul 12 19:01 usr/lib/python3.12/site-packages/pkg_resources/extern/__init__.py
-rw-r--r--  0 root   root     4043 Jul 12 19:01 usr/lib/python3.12/site-packages/pkg_resources/extern/__pycache__/__init__.cpython-312.pyc
-rw-r--r--  0 root   root   146404 Jul 12 19:01 usr/lib/python3.12/site-packages/pkg_resources/__pycache__/__init__.cpython-312.pyc
drwxr-xr-x  0 root   root        0 Jul 12 19:01 usr/lib/python3.12/site-packages/setuptools/__pycache__/
drwxr-xr-x  0 root   root        0 Jul 12 19:01 usr/lib/python3.12/site-packages/setuptools/extern/
drwxr-xr-x  0 root   root        0 Jul 12 19:01 usr/lib/python3.12/site-packages/setuptools/config/
drwxr-xr-x  0 root   root        0 Jul 12 19:01 usr/lib/python3.12/site-packages/setuptools/command/
drwxr-xr-x  0 root   root        0 Jul 12 19:01 usr/lib/python3.12/site-packages/setuptools/_vendor/
drwxr-xr-x  0 root   root        0 Jul 12 19:01 usr/lib/python3.12/site-packages/setuptools/_distutils/
-rw-r--r--  0 root   root      718 Jul 12 19:01 usr/lib/python3.12/site-packages/setuptools/windows_support.py
-rw-r--r--  0 root   root     8608 Jul 12 19:01 usr/lib/python3.12/site-packages/setuptools/wheel.py
-rw-r--r--  0 root   root     3664 Jul 12 19:01 usr/lib/python3.12/site-packages/setuptools/warnings.py
-rw-r--r--  0 root   root      161 Jul 12 19:01 usr/lib/python3.12/site-packages/setuptools/version.py
-rw-r--r--  0 root   root      941 Jul 12 19:01 usr/lib/python3.12/site-packages/setuptools/unicode_utils.py
-rw-r--r--  0 root   root      138 Jul 12 19:01 usr/lib/python3.12/site-packages/setuptools/script.tmpl
-rw-r--r--  0 root   root      218 Jul 12 19:01 usr/lib/python3.12/site-packages/setuptools/script (dev).tmpl
-rw-r--r--  0 root   root    14349 Jul 12 19:01 usr/lib/python3.12/site-packages/setuptools/sandbox.py
-rw-r--r--  0 root   root      330 Jul 12 19:01 usr/lib/python3.12/site-packages/setuptools/py312compat.py
-rw-r--r--  0 root   root    38349 Jul 12 19:01 usr/lib/python3.12/site-packages/setuptools/package_index.py
-rw-r--r--  0 root   root     3093 Jul 12 19:01 usr/lib/python3.12/site-packages/setuptools/namespaces.py
-rw-r--r--  0 root   root    47345 Jul 12 19:01 usr/lib/python3.12/site-packages/setuptools/msvc.py
-rw-r--r--  0 root   root     4697 Jul 12 19:01 usr/lib/python3.12/site-packages/setuptools/monkey.py
-rw-r--r--  0 root   root     1232 Jul 12 19:01 usr/lib/python3.12/site-packages/setuptools/logging.py
-rw-r--r--  0 root   root      812 Jul 12 19:01 usr/lib/python3.12/site-packages/setuptools/launch.py
-rw-r--r--  0 root   root     4926 Jul 12 19:01 usr/lib/python3.12/site-packages/setuptools/installer.py
-rw-r--r--  0 root   root     4873 Jul 12 19:01 usr/lib/python3.12/site-packages/setuptools/glob.py
-rw-r--r--  0 root   root     5591 Jul 12 19:01 usr/lib/python3.12/site-packages/setuptools/extension.py
-rw-r--r--  0 root   root     2464 Jul 12 19:01 usr/lib/python3.12/site-packages/setuptools/errors.py
-rw-r--r--  0 root   root    46807 Jul 12 19:01 usr/lib/python3.12/site-packages/setuptools/dist.py
-rw-r--r--  0 root   root    21087 Jul 12 19:01 usr/lib/python3.12/site-packages/setuptools/discovery.py
-rw-r--r--  0 root   root     5499 Jul 12 19:01 usr/lib/python3.12/site-packages/setuptools/depends.py
-rw-r--r--  0 root   root      949 Jul 12 19:01 usr/lib/python3.12/site-packages/setuptools/dep_util.py
-rw-r--r--  0 root   root    19778 Jul 12 19:01 usr/lib/python3.12/site-packages/setuptools/build_meta.py
-rw-r--r--  0 root   root     7346 Jul 12 19:01 usr/lib/python3.12/site-packages/setuptools/archive_util.py
-rw-r--r--  0 root   root      882 Jul 12 19:01 usr/lib/python3.12/site-packages/setuptools/_reqs.py
-rw-r--r--  0 root   root     1056 Jul 12 19:01 usr/lib/python3.12/site-packages/setuptools/_path.py
-rw-r--r--  0 root   root     3706 Jul 12 19:01 usr/lib/python3.12/site-packages/setuptools/_normalization.py
-rw-r--r--  0 root   root      675 Jul 12 19:01 usr/lib/python3.12/site-packages/setuptools/_itertools.py
-rw-r--r--  0 root   root     1466 Jul 12 19:01 usr/lib/python3.12/site-packages/setuptools/_importlib.py
-rw-r--r--  0 root   root     2395 Jul 12 19:01 usr/lib/python3.12/site-packages/setuptools/_imp.py
-rw-r--r--  0 root   root     2282 Jul 12 19:01 usr/lib/python3.12/site-packages/setuptools/_entry_points.py
-rw-r--r--  0 root   root     9257 Jul 12 19:01 usr/lib/python3.12/site-packages/setuptools/__init__.py
drwxr-xr-x  0 root   root        0 Jul 12 19:01 usr/lib/python3.12/site-packages/setuptools/_distutils/__pycache__/
drwxr-xr-x  0 root   root        0 Jul 12 19:01 usr/lib/python3.12/site-packages/setuptools/_distutils/command/
-rw-r--r--  0 root   root     5205 Jul 12 19:01 usr/lib/python3.12/site-packages/setuptools/_distutils/versionpredicate.py
-rw-r--r--  0 root   root    12951 Jul 12 19:01 usr/lib/python3.12/site-packages/setuptools/_distutils/version.py
-rw-r--r--  0 root   root    18099 Jul 12 19:01 usr/lib/python3.12/site-packages/setuptools/_distutils/util.py
-rw-r--r--  0 root   root    15601 Jul 12 19:01 usr/lib/python3.12/site-packages/setuptools/_distutils/unixccompiler.py
-rw-r--r--  0 root   root    12085 Jul 12 19:01 usr/lib/python3.12/site-packages/setuptools/_distutils/text_file.py
-rw-r--r--  0 root   root    18928 Jul 12 19:01 usr/lib/python3.12/site-packages/setuptools/_distutils/sysconfig.py
-rw-r--r--  0 root   root     3495 Jul 12 19:01 usr/lib/python3.12/site-packages/setuptools/_distutils/spawn.py
-rw-r--r--  0 root   root      639 Jul 12 19:01 usr/lib/python3.12/site-packages/setuptools/_distutils/py39compat.py
-rw-r--r--  0 root   root      217 Jul 12 19:01 usr/lib/python3.12/site-packages/setuptools/_distutils/py38compat.py
-rw-r--r--  0 root   root    23577 Jul 12 19:01 usr/lib/python3.12/site-packages/setuptools/_distutils/msvccompiler.py
-rw-r--r--  0 root   root    30188 Jul 12 19:01 usr/lib/python3.12/site-packages/setuptools/_distutils/msvc9compiler.py
-rw-r--r--  0 root   root     1201 Jul 12 19:01 usr/lib/python3.12/site-packages/setuptools/_distutils/log.py
-rw-r--r--  0 root   root    13715 Jul 12 19:01 usr/lib/python3.12/site-packages/setuptools/_distutils/filelist.py
-rw-r--r--  0 root   root     8212 Jul 12 19:01 usr/lib/python3.12/site-packages/setuptools/_distutils/file_util.py
-rw-r--r--  0 root   root    17899 Jul 12 19:01 usr/lib/python3.12/site-packages/setuptools/_distutils/fancy_getopt.py
-rw-r--r--  0 root   root    10270 Jul 12 19:01 usr/lib/python3.12/site-packages/setuptools/_distutils/extension.py
-rw-r--r--  0 root   root     3589 Jul 12 19:01 usr/lib/python3.12/site-packages/setuptools/_distutils/errors.py
-rw-r--r--  0 root   root    50174 Jul 12 19:01 usr/lib/python3.12/site-packages/setuptools/_distutils/dist.py
-rw-r--r--  0 root   root     8072 Jul 12 19:01 usr/lib/python3.12/site-packages/setuptools/_distutils/dir_util.py
-rw-r--r--  0 root   root     3414 Jul 12 19:01 usr/lib/python3.12/site-packages/setuptools/_distutils/dep_util.py
-rw-r--r--  0 root   root      139 Jul 12 19:01 usr/lib/python3.12/site-packages/setuptools/_distutils/debug.py
-rw-r--r--  0 root   root    11924 Jul 12 19:01 usr/lib/python3.12/site-packages/setuptools/_distutils/cygwinccompiler.py
-rw-r--r--  0 root   root     9397 Jul 12 19:01 usr/lib/python3.12/site-packages/setuptools/_distutils/core.py
-rw-r--r--  0 root   root     4911 Jul 12 19:01 usr/lib/python3.12/site-packages/setuptools/_distutils/config.py
-rw-r--r--  0 root   root    17861 Jul 12 19:01 usr/lib/python3.12/site-packages/setuptools/_distutils/cmd.py
-rw-r--r--  0 root   root    48643 Jul 12 19:01 usr/lib/python3.12/site-packages/setuptools/_distutils/ccompiler.py
-rw-r--r--  0 root   root    14721 Jul 12 19:01 usr/lib/python3.12/site-packages/setuptools/_distutils/bcppcompiler.py
-rw-r--r--  0 root   root     8572 Jul 12 19:01 usr/lib/python3.12/site-packages/setuptools/_distutils/archive_util.py
-rw-r--r--  0 root   root    19616 Jul 12 19:01 usr/lib/python3.12/site-packages/setuptools/_distutils/_msvccompiler.py
-rw-r--r--  0 root   root      239 Jul 12 19:01 usr/lib/python3.12/site-packages/setuptools/_distutils/_macos_compat.py
-rw-r--r--  0 root   root       43 Jul 12 19:01 usr/lib/python3.12/site-packages/setuptools/_distutils/_log.py
-rw-r--r--  0 root   root      411 Jul 12 19:01 usr/lib/python3.12/site-packages/setuptools/_distutils/_functools.py
-rw-r--r--  0 root   root     5300 Jul 12 19:01 usr/lib/python3.12/site-packages/setuptools/_distutils/_collections.py
-rw-r--r--  0 root   root      359 Jul 12 19:01 usr/lib/python3.12/site-packages/setuptools/_distutils/__init__.py
drwxr-xr-x  0 root   root        0 Jul 12 19:01 usr/lib/python3.12/site-packages/setuptools/_distutils/command/__pycache__/
-rw-r--r--  0 root   root     7491 Jul 12 19:01 usr/lib/python3.12/site-packages/setuptools/_distutils/command/upload.py
-rw-r--r--  0 root   root    19232 Jul 12 19:01 usr/lib/python3.12/site-packages/setuptools/_distutils/command/sdist.py
-rw-r--r--  0 root   root    11817 Jul 12 19:01 usr/lib/python3.12/site-packages/setuptools/_distutils/command/register.py
-rw-r--r--  0 root   root      672 Jul 12 19:01 usr/lib/python3.12/site-packages/setuptools/_distutils/command/py37compat.py
-rw-r--r--  0 root   root     1932 Jul 12 19:01 usr/lib/python3.12/site-packages/setuptools/_distutils/command/install_scripts.py
-rw-r--r--  0 root   root     8409 Jul 12 19:01 usr/lib/python3.12/site-packages/setuptools/_distutils/command/install_lib.py
-rw-r--r--  0 root   root     1180 Jul 12 19:01 usr/lib/python3.12/site-packages/setuptools/_distutils/command/install_headers.py
-rw-r--r--  0 root   root     2788 Jul 12 19:01 usr/lib/python3.12/site-packages/setuptools/_distutils/command/install_egg_info.py
-rw-r--r--  0 root   root     2762 Jul 12 19:01 usr/lib/python3.12/site-packages/setuptools/_distutils/command/install_data.py
-rw-r--r--  0 root   root    30153 Jul 12 19:01 usr/lib/python3.12/site-packages/setuptools/_distutils/command/install.py
-rw-r--r--  0 root   root    13077 Jul 12 19:01 usr/lib/python3.12/site-packages/setuptools/_distutils/command/config.py
-rw-r--r--  0 root   root     2594 Jul 12 19:01 usr/lib/python3.12/site-packages/setuptools/_distutils/command/clean.py
-rw-r--r--  0 root   root     4872 Jul 12 19:01 usr/lib/python3.12/site-packages/setuptools/_distutils/command/check.py
-rw-r--r--  0 root   root     5604 Jul 12 19:01 usr/lib/python3.12/site-packages/setuptools/_distutils/command/build_scripts.py
-rw-r--r--  0 root   root    16537 Jul 12 19:01 usr/lib/python3.12/site-packages/setuptools/_distutils/command/build_py.py
-rw-r--r--  0 root   root    31503 Jul 12 19:01 usr/lib/python3.12/site-packages/setuptools/_distutils/command/build_ext.py
-rw-r--r--  0 root   root     7684 Jul 12 19:01 usr/lib/python3.12/site-packages/setuptools/_distutils/command/build_clib.py
-rw-r--r--  0 root   root     5584 Jul 12 19:01 usr/lib/python3.12/site-packages/setuptools/_distutils/command/build.py
-rw-r--r--  0 root   root    22013 Jul 12 19:01 usr/lib/python3.12/site-packages/setuptools/_distutils/command/bdist_rpm.py
-rw-r--r--  0 root   root     4665 Jul 12 19:01 usr/lib/python3.12/site-packages/setuptools/_distutils/command/bdist_dumb.py
-rw-r--r--  0 root   root     5408 Jul 12 19:01 usr/lib/python3.12/site-packages/setuptools/_distutils/command/bdist.py
-rw-r--r--  0 root   root     1614 Jul 12 19:01 usr/lib/python3.12/site-packages/setuptools/_distutils/command/_framework_compat.py
-rw-r--r--  0 root   root      430 Jul 12 19:01 usr/lib/python3.12/site-packages/setuptools/_distutils/command/__init__.py
-rw-r--r--  0 root   root     9464 Jul 12 19:01 usr/lib/python3.12/site-packages/setuptools/_distutils/command/__pycache__/upload.cpython-312.pyc
-rw-r--r--  0 root   root    22257 Jul 12 19:01 usr/lib/python3.12/site-packages/setuptools/_distutils/command/__pycache__/sdist.cpython-312.pyc
-rw-r--r--  0 root   root    14287 Jul 12 19:01 usr/lib/python3.12/site-packages/setuptools/_distutils/command/__pycache__/register.cpython-312.pyc
-rw-r--r--  0 root   root     1439 Jul 12 19:01 usr/lib/python3.12/site-packages/setuptools/_distutils/command/__pycache__/py37compat.cpython-312.pyc
-rw-r--r--  0 root   root     2956 Jul 12 19:01 usr/lib/python3.12/site-packages/setuptools/_distutils/command/__pycache__/install_scripts.cpython-312.pyc
-rw-r--r--  0 root   root     8120 Jul 12 19:01 usr/lib/python3.12/site-packages/setuptools/_distutils/command/__pycache__/install_lib.cpython-312.pyc
-rw-r--r--  0 root   root     2233 Jul 12 19:01 usr/lib/python3.12/site-packages/setuptools/_distutils/command/__pycache__/install_headers.cpython-312.pyc
-rw-r--r--  0 root   root     4896 Jul 12 19:01 usr/lib/python3.12/site-packages/setuptools/_distutils/command/__pycache__/install_egg_info.cpython-312.pyc
-rw-r--r--  0 root   root     3501 Jul 12 19:01 usr/lib/python3.12/site-packages/setuptools/_distutils/command/__pycache__/install_data.cpython-312.pyc
-rw-r--r--  0 root   root    27074 Jul 12 19:01 usr/lib/python3.12/site-packages/setuptools/_distutils/command/__pycache__/install.cpython-312.pyc
-rw-r--r--  0 root   root    14989 Jul 12 19:01 usr/lib/python3.12/site-packages/setuptools/_distutils/command/__pycache__/config.cpython-312.pyc
-rw-r--r--  0 root   root     3023 Jul 12 19:01 usr/lib/python3.12/site-packages/setuptools/_distutils/command/__pycache__/clean.cpython-312.pyc
-rw-r--r--  0 root   root     6950 Jul 12 19:01 usr/lib/python3.12/site-packages/setuptools/_distutils/command/__pycache__/check.cpython-312.pyc
-rw-r--r--  0 root   root     7109 Jul 12 19:01 usr/lib/python3.12/site-packages/setuptools/_distutils/command/__pycache__/build_scripts.cpython-312.pyc
-rw-r--r--  0 root   root    15926 Jul 12 19:01 usr/lib/python3.12/site-packages/setuptools/_distutils/command/__pycache__/build_py.cpython-312.pyc
-rw-r--r--  0 root   root    28759 Jul 12 19:01 usr/lib/python3.12/site-packages/setuptools/_distutils/command/__pycache__/build_ext.cpython-312.pyc
-rw-r--r--  0 root   root     7360 Jul 12 19:01 usr/lib/python3.12/site-packages/setuptools/_distutils/command/__pycache__/build_clib.cpython-312.pyc
-rw-r--r--  0 root   root     5877 Jul 12 19:01 usr/lib/python3.12/site-packages/setuptools/_distutils/command/__pycache__/build.cpython-312.pyc
-rw-r--r--  0 root   root    21511 Jul 12 19:01 usr/lib/python3.12/site-packages/setuptools/_distutils/command/__pycache__/bdist_rpm.cpython-312.pyc
-rw-r--r--  0 root   root     5539 Jul 12 19:01 usr/lib/python3.12/site-packages/setuptools/_distutils/command/__pycache__/bdist_dumb.cpython-312.pyc
-rw-r--r--  0 root   root     5620 Jul 12 19:01 usr/lib/python3.12/site-packages/setuptools/_distutils/command/__pycache__/bdist.cpython-312.pyc
-rw-r--r--  0 root   root     2646 Jul 12 19:01 usr/lib/python3.12/site-packages/setuptools/_distutils/command/__pycache__/_framework_compat.cpython-312.pyc
-rw-r--r--  0 root   root      530 Jul 12 19:01 usr/lib/python3.12/site-packages/setuptools/_distutils/command/__pycache__/__init__.cpython-312.pyc
-rw-r--r--  0 root   root     6857 Jul 12 19:01 usr/lib/python3.12/site-packages/setuptools/_distutils/__pycache__/versionpredicate.cpython-312.pyc
-rw-r--r--  0 root   root    10425 Jul 12 19:01 usr/lib/python3.12/site-packages/setuptools/_distutils/__pycache__/version.cpython-312.pyc
-rw-r--r--  0 root   root    18928 Jul 12 19:01 usr/lib/python3.12/site-packages/setuptools/_distutils/__pycache__/util.cpython-312.pyc
-rw-r--r--  0 root   root    15240 Jul 12 19:01 usr/lib/python3.12/site-packages/setuptools/_distutils/__pycache__/unixccompiler.cpython-312.pyc
-rw-r--r--  0 root   root    10765 Jul 12 19:01 usr/lib/python3.12/site-packages/setuptools/_distutils/__pycache__/text_file.cpython-312.pyc
-rw-r--r--  0 root   root    20952 Jul 12 19:01 usr/lib/python3.12/site-packages/setuptools/_distutils/__pycache__/sysconfig.cpython-312.pyc
-rw-r--r--  0 root   root     4110 Jul 12 19:01 usr/lib/python3.12/site-packages/setuptools/_distutils/__pycache__/spawn.cpython-312.pyc
-rw-r--r--  0 root   root      923 Jul 12 19:01 usr/lib/python3.12/site-packages/setuptools/_distutils/__pycache__/py39compat.cpython-312.pyc
-rw-r--r--  0 root   root      562 Jul 12 19:01 usr/lib/python3.12/site-packages/setuptools/_distutils/__pycache__/py38compat.cpython-312.pyc
-rw-r--r--  0 root   root    25054 Jul 12 19:01 usr/lib/python3.12/site-packages/setuptools/_distutils/__pycache__/msvccompiler.cpython-312.pyc
-rw-r--r--  0 root   root    30896 Jul 12 19:01 usr/lib/python3.12/site-packages/setuptools/_distutils/__pycache__/msvc9compiler.cpython-312.pyc
-rw-r--r--  0 root   root     2615 Jul 12 19:01 usr/lib/python3.12/site-packages/setuptools/_distutils/__pycache__/log.cpython-312.pyc
-rw-r--r--  0 root   root    15774 Jul 12 19:01 usr/lib/python3.12/site-packages/setuptools/_distutils/__pycache__/filelist.cpython-312.pyc
-rw-r--r--  0 root   root     9602 Jul 12 19:01 usr/lib/python3.12/site-packages/setuptools/_distutils/__pycache__/file_util.cpython-312.pyc
-rw-r--r--  0 root   root    15520 Jul 12 19:01 usr/lib/python3.12/site-packages/setuptools/_distutils/__pycache__/fancy_getopt.cpython-312.pyc
-rw-r--r--  0 root   root     9412 Jul 12 19:01 usr/lib/python3.12/site-packages/setuptools/_distutils/__pycache__/extension.cpython-312.pyc
-rw-r--r--  0 root   root     5752 Jul 12 19:01 usr/lib/python3.12/site-packages/setuptools/_distutils/__pycache__/errors.cpython-312.pyc
-rw-r--r--  0 root   root    50330 Jul 12 19:01 usr/lib/python3.12/site-packages/setuptools/_distutils/__pycache__/dist.cpython-312.pyc
-rw-r--r--  0 root   root     9579 Jul 12 19:01 usr/lib/python3.12/site-packages/setuptools/_distutils/__pycache__/dir_util.cpython-312.pyc
-rw-r--r--  0 root   root     3669 Jul 12 19:01 usr/lib/python3.12/site-packages/setuptools/_distutils/__pycache__/dep_util.cpython-312.pyc
-rw-r--r--  0 root   root      320 Jul 12 19:01 usr/lib/python3.12/site-packages/setuptools/_distutils/__pycache__/debug.cpython-312.pyc
-rw-r--r--  0 root   root    12134 Jul 12 19:01 usr/lib/python3.12/site-packages/setuptools/_distutils/__pycache__/cygwinccompiler.cpython-312.pyc
-rw-r--r--  0 root   root     9152 Jul 12 19:01 usr/lib/python3.12/site-packages/setuptools/_distutils/__pycache__/core.cpython-312.pyc
-rw-r--r--  0 root   root     5409 Jul 12 19:01 usr/lib/python3.12/site-packages/setuptools/_distutils/__pycache__/config.cpython-312.pyc
-rw-r--r--  0 root   root    17570 Jul 12 19:01 usr/lib/python3.12/site-packages/setuptools/_distutils/__pycache__/cmd.cpython-312.pyc
-rw-r--r--  0 root   root    44263 Jul 12 19:01 usr/lib/python3.12/site-packages/setuptools/_distutils/__pycache__/ccompiler.cpython-312.pyc
-rw-r--r--  0 root   root    12009 Jul 12 19:01 usr/lib/python3.12/site-packages/setuptools/_distutils/__pycache__/bcppcompiler.cpython-312.pyc
-rw-r--r--  0 root   root     9762 Jul 12 19:01 usr/lib/python3.12/site-packages/setuptools/_distutils/__pycache__/archive_util.cpython-312.pyc
-rw-r--r--  0 root   root    22316 Jul 12 19:01 usr/lib/python3.12/site-packages/setuptools/_distutils/__pycache__/_msvccompiler.cpython-312.pyc
-rw-r--r--  0 root   root      566 Jul 12 19:01 usr/lib/python3.12/site-packages/setuptools/_distutils/__pycache__/_macos_compat.cpython-312.pyc
-rw-r--r--  0 root   root      279 Jul 12 19:01 usr/lib/python3.12/site-packages/setuptools/_distutils/__pycache__/_log.cpython-312.pyc
-rw-r--r--  0 root   root      800 Jul 12 19:01 usr/lib/python3.12/site-packages/setuptools/_distutils/__pycache__/_functools.cpython-312.pyc
-rw-r--r--  0 root   root     7890 Jul 12 19:01 usr/lib/python3.12/site-packages/setuptools/_distutils/__pycache__/_collections.cpython-312.pyc
-rw-r--r--  0 root   root      529 Jul 12 19:01 usr/lib/python3.12/site-packages/setuptools/_distutils/__pycache__/__init__.cpython-312.pyc
drwxr-xr-x  0 root   root        0 Jul 12 19:01 usr/lib/python3.12/site-packages/setuptools/_vendor/__pycache__/
drwxr-xr-x  0 root   root        0 Jul 12 19:01 usr/lib/python3.12/site-packages/setuptools/_vendor/tomli/
drwxr-xr-x  0 root   root        0 Jul 12 19:01 usr/lib/python3.12/site-packages/setuptools/_vendor/packaging/
drwxr-xr-x  0 root   root        0 Jul 12 19:01 usr/lib/python3.12/site-packages/setuptools/_vendor/more_itertools/
drwxr-xr-x  0 root   root        0 Jul 12 19:01 usr/lib/python3.12/site-packages/setuptools/_vendor/jaraco/
drwxr-xr-x  0 root   root        0 Jul 12 19:01 usr/lib/python3.12/site-packages/setuptools/_vendor/importlib_resources/
drwxr-xr-x  0 root   root        0 Jul 12 19:01 usr/lib/python3.12/site-packages/setuptools/_vendor/importlib_metadata/
-rw-r--r--  0 root   root     8425 Jul 12 19:01 usr/lib/python3.12/site-packages/setuptools/_vendor/zipp.py
-rw-r--r--  0 root   root    87149 Jul 12 19:01 usr/lib/python3.12/site-packages/setuptools/_vendor/typing_extensions.py
-rw-r--r--  0 root   root    15130 Jul 12 19:01 usr/lib/python3.12/site-packages/setuptools/_vendor/ordered_set.py
-rw-r--r--  0 root   root        0 Jul 12 19:01 usr/lib/python3.12/site-packages/setuptools/_vendor/__init__.py
drwxr-xr-x  0 root   root        0 Jul 12 19:01 usr/lib/python3.12/site-packages/setuptools/_vendor/importlib_metadata/__pycache__/
-rw-r--r--  0 root   root     2166 Jul 12 19:01 usr/lib/python3.12/site-packages/setuptools/_vendor/importlib_metadata/_text.py
-rw-r--r--  0 root   root     1098 Jul 12 19:01 usr/lib/python3.12/site-packages/setuptools/_vendor/importlib_metadata/_py39compat.py
-rw-r--r--  0 root   root     1165 Jul 12 19:01 usr/lib/python3.12/site-packages/setuptools/_vendor/importlib_metadata/_meta.py
-rw-r--r--  0 root   root     2068 Jul 12 19:01 usr/lib/python3.12/site-packages/setuptools/_vendor/importlib_metadata/_itertools.py
-rw-r--r--  0 root   root     2895 Jul 12 19:01 usr/lib/python3.12/site-packages/setuptools/_vendor/importlib_metadata/_functools.py
-rw-r--r--  0 root   root     1859 Jul 12 19:01 usr/lib/python3.12/site-packages/setuptools/_vendor/importlib_metadata/_compat.py
-rw-r--r--  0 root   root      743 Jul 12 19:01 usr/lib/python3.12/site-packages/setuptools/_vendor/importlib_metadata/_collections.py
-rw-r--r--  0 root   root     2454 Jul 12 19:01 usr/lib/python3.12/site-packages/setuptools/_vendor/importlib_metadata/_adapters.py
-rw-r--r--  0 root   root    26498 Jul 12 19:01 usr/lib/python3.12/site-packages/setuptools/_vendor/importlib_metadata/__init__.py
-rw-r--r--  0 root   root     3900 Jul 12 19:01 usr/lib/python3.12/site-packages/setuptools/_vendor/importlib_metadata/__pycache__/_text.cpython-312.pyc
-rw-r--r--  0 root   root     1659 Jul 12 19:01 usr/lib/python3.12/site-packages/setuptools/_vendor/importlib_metadata/__pycache__/_py39compat.cpython-312.pyc
-rw-r--r--  0 root   root     2711 Jul 12 19:01 usr/lib/python3.12/site-packages/setuptools/_vendor/importlib_metadata/__pycache__/_meta.cpython-312.pyc
-rw-r--r--  0 root   root     2428 Jul 12 19:01 usr/lib/python3.12/site-packages/setuptools/_vendor/importlib_metadata/__pycache__/_itertools.cpython-312.pyc
-rw-r--r--  0 root   root     3503 Jul 12 19:01 usr/lib/python3.12/site-packages/setuptools/_vendor/importlib_metadata/__pycache__/_functools.cpython-312.pyc
-rw-r--r--  0 root   root     2467 Jul 12 19:01 usr/lib/python3.12/site-packages/setuptools/_vendor/importlib_metadata/__pycache__/_compat.cpython-312.pyc
-rw-r--r--  0 root   root     1943 Jul 12 19:01 usr/lib/python3.12/site-packages/setuptools/_vendor/importlib_metadata/__pycache__/_collections.cpython-312.pyc
-rw-r--r--  0 root   root     3928 Jul 12 19:01 usr/lib/python3.12/site-packages/setuptools/_vendor/importlib_metadata/__pycache__/_adapters.cpython-312.pyc
-rw-r--r--  0 root   root    45193 Jul 12 19:01 usr/lib/python3.12/site-packages/setuptools/_vendor/importlib_metadata/__pycache__/__init__.cpython-312.pyc
drwxr-xr-x  0 root   root        0 Jul 12 19:01 usr/lib/python3.12/site-packages/setuptools/_vendor/importlib_resources/__pycache__/
-rw-r--r--  0 root   root     2576 Jul 12 19:01 usr/lib/python3.12/site-packages/setuptools/_vendor/importlib_resources/simple.py
-rw-r--r--  0 root   root     3581 Jul 12 19:01 usr/lib/python3.12/site-packages/setuptools/_vendor/importlib_resources/readers.py
-rw-r--r--  0 root   root     5140 Jul 12 19:01 usr/lib/python3.12/site-packages/setuptools/_vendor/importlib_resources/abc.py
-rw-r--r--  0 root   root     3481 Jul 12 19:01 usr/lib/python3.12/site-packages/setuptools/_vendor/importlib_resources/_legacy.py
-rw-r--r--  0 root   root      884 Jul 12 19:01 usr/lib/python3.12/site-packages/setuptools/_vendor/importlib_resources/_itertools.py
-rw-r--r--  0 root   root     2925 Jul 12 19:01 usr/lib/python3.12/site-packages/setuptools/_vendor/importlib_resources/_compat.py
-rw-r--r--  0 root   root     5457 Jul 12 19:01 usr/lib/python3.12/site-packages/setuptools/_vendor/importlib_resources/_common.py
-rw-r--r--  0 root   root     4504 Jul 12 19:01 usr/lib/python3.12/site-packages/setuptools/_vendor/importlib_resources/_adapters.py
-rw-r--r--  0 root   root      506 Jul 12 19:01 usr/lib/python3.12/site-packages/setuptools/_vendor/importlib_resources/__init__.py
-rw-r--r--  0 root   root     5513 Jul 12 19:01 usr/lib/python3.12/site-packages/setuptools/_vendor/importlib_resources/__pycache__/simple.cpython-312.pyc
-rw-r--r--  0 root   root     7656 Jul 12 19:01 usr/lib/python3.12/site-packages/setuptools/_vendor/importlib_resources/__pycache__/readers.cpython-312.pyc
-rw-r--r--  0 root   root     8888 Jul 12 19:01 usr/lib/python3.12/site-packages/setuptools/_vendor/importlib_resources/__pycache__/abc.cpython-312.pyc
-rw-r--r--  0 root   root     5787 Jul 12 19:01 usr/lib/python3.12/site-packages/setuptools/_vendor/importlib_resources/__pycache__/_legacy.cpython-312.pyc
-rw-r--r--  0 root   root     1190 Jul 12 19:01 usr/lib/python3.12/site-packages/setuptools/_vendor/importlib_resources/__pycache__/_itertools.cpython-312.pyc
-rw-r--r--  0 root   root     5043 Jul 12 19:01 usr/lib/python3.12/site-packages/setuptools/_vendor/importlib_resources/__pycache__/_compat.cpython-312.pyc
-rw-r--r--  0 root   root     8787 Jul 12 19:01 usr/lib/python3.12/site-packages/setuptools/_vendor/importlib_resources/__pycache__/_common.cpython-312.pyc
-rw-r--r--  0 root   root     9722 Jul 12 19:01 usr/lib/python3.12/site-packages/setuptools/_vendor/importlib_resources/__pycache__/_adapters.cpython-312.pyc
-rw-r--r--  0 root   root      677 Jul 12 19:01 usr/lib/python3.12/site-packages/setuptools/_vendor/importlib_resources/__pycache__/__init__.cpython-312.pyc
drwxr-xr-x  0 root   root        0 Jul 12 19:01 usr/lib/python3.12/site-packages/setuptools/_vendor/jaraco/__pycache__/
drwxr-xr-x  0 root   root        0 Jul 12 19:01 usr/lib/python3.12/site-packages/setuptools/_vendor/jaraco/text/
-rw-r--r--  0 root   root    15053 Jul 12 19:01 usr/lib/python3.12/site-packages/setuptools/_vendor/jaraco/functools.py
-rw-r--r--  0 root   root     7460 Jul 12 19:01 usr/lib/python3.12/site-packages/setuptools/_vendor/jaraco/context.py
-rw-r--r--  0 root   root        0 Jul 12 19:01 usr/lib/python3.12/site-packages/setuptools/_vendor/jaraco/__init__.py
drwxr-xr-x  0 root   root        0 Jul 12 19:01 usr/lib/python3.12/site-packages/setuptools/_vendor/jaraco/text/__pycache__/
-rw-r--r--  0 root   root    15517 Jul 12 19:01 usr/lib/python3.12/site-packages/setuptools/_vendor/jaraco/text/__init__.py
-rw-r--r--  0 root   root    24433 Jul 12 19:01 usr/lib/python3.12/site-packages/setuptools/_vendor/jaraco/text/__pycache__/__init__.cpython-312.pyc
-rw-r--r--  0 root   root    20510 Jul 12 19:01 usr/lib/python3.12/site-packages/setuptools/_vendor/jaraco/__pycache__/functools.cpython-312.pyc
-rw-r--r--  0 root   root    11137 Jul 12 19:01 usr/lib/python3.12/site-packages/setuptools/_vendor/jaraco/__pycache__/context.cpython-312.pyc
-rw-r--r--  0 root   root      197 Jul 12 19:01 usr/lib/python3.12/site-packages/setuptools/_vendor/jaraco/__pycache__/__init__.cpython-312.pyc
drwxr-xr-x  0 root   root        0 Jul 12 19:01 usr/lib/python3.12/site-packages/setuptools/_vendor/more_itertools/__pycache__/
-rw-r--r--  0 root   root    16256 Jul 12 19:01 usr/lib/python3.12/site-packages/setuptools/_vendor/more_itertools/recipes.py
-rw-r--r--  0 root   root   117959 Jul 12 19:01 usr/lib/python3.12/site-packages/setuptools/_vendor/more_itertools/more.py
-rw-r--r--  0 root   root       82 Jul 12 19:01 usr/lib/python3.12/site-packages/setuptools/_vendor/more_itertools/__init__.py
-rw-r--r--  0 root   root    21782 Jul 12 19:01 usr/lib/python3.12/site-packages/setuptools/_vendor/more_itertools/__pycache__/recipes.cpython-312.pyc
-rw-r--r--  0 root   root   137894 Jul 12 19:01 usr/lib/python3.12/site-packages/setuptools/_vendor/more_itertools/__pycache__/more.cpython-312.pyc
-rw-r--r--  0 root   root      282 Jul 12 19:01 usr/lib/python3.12/site-packages/setuptools/_vendor/more_itertools/__pycache__/__init__.cpython-312.pyc
drwxr-xr-x  0 root   root        0 Jul 12 19:01 usr/lib/python3.12/site-packages/setuptools/_vendor/packaging/__pycache__/
-rw-r--r--  0 root   root    16326 Jul 12 19:01 usr/lib/python3.12/site-packages/setuptools/_vendor/packaging/version.py
-rw-r--r--  0 root   root     4355 Jul 12 19:01 usr/lib/python3.12/site-packages/setuptools/_vendor/packaging/utils.py
-rw-r--r--  0 root   root    18106 Jul 12 19:01 usr/lib/python3.12/site-packages/setuptools/_vendor/packaging/tags.py
-rw-r--r--  0 root   root    39206 Jul 12 19:01 usr/lib/python3.12/site-packages/setuptools/_vendor/packaging/specifiers.py
-rw-r--r--  0 root   root     3287 Jul 12 19:01 usr/lib/python3.12/site-packages/setuptools/_vendor/packaging/requirements.py
-rw-r--r--  0 root   root    16397 Jul 12 19:01 usr/lib/python3.12/site-packages/setuptools/_vendor/packaging/metadata.py
-rw-r--r--  0 root   root     8208 Jul 12 19:01 usr/lib/python3.12/site-packages/setuptools/_vendor/packaging/markers.py
-rw-r--r--  0 root   root     5292 Jul 12 19:01 usr/lib/python3.12/site-packages/setuptools/_vendor/packaging/_tokenizer.py
-rw-r--r--  0 root   root     1431 Jul 12 19:01 usr/lib/python3.12/site-packages/setuptools/_vendor/packaging/_structures.py
-rw-r--r--  0 root   root    10194 Jul 12 19:01 usr/lib/python3.12/site-packages/setuptools/_vendor/packaging/_parser.py
-rw-r--r--  0 root   root     2524 Jul 12 19:01 usr/lib/python3.12/site-packages/setuptools/_vendor/packaging/_musllinux.py
-rw-r--r--  0 root   root     8926 Jul 12 19:01 usr/lib/python3.12/site-packages/setuptools/_vendor/packaging/_manylinux.py
-rw-r--r--  0 root   root     3266 Jul 12 19:01 usr/lib/python3.12/site-packages/setuptools/_vendor/packaging/_elffile.py
-rw-r--r--  0 root   root      501 Jul 12 19:01 usr/lib/python3.12/site-packages/setuptools/_vendor/packaging/__init__.py
-rw-r--r--  0 root   root    19758 Jul 12 19:01 usr/lib/python3.12/site-packages/setuptools/_vendor/packaging/__pycache__/version.cpython-312.pyc
-rw-r--r--  0 root   root     5986 Jul 12 19:01 usr/lib/python3.12/site-packages/setuptools/_vendor/packaging/__pycache__/utils.cpython-312.pyc
-rw-r--r--  0 root   root    20774 Jul 12 19:01 usr/lib/python3.12/site-packages/setuptools/_vendor/packaging/__pycache__/tags.cpython-312.pyc
-rw-r--r--  0 root   root    38653 Jul 12 19:01 usr/lib/python3.12/site-packages/setuptools/_vendor/packaging/__pycache__/specifiers.cpython-312.pyc
-rw-r--r--  0 root   root     4889 Jul 12 19:01 usr/lib/python3.12/site-packages/setuptools/_vendor/packaging/__pycache__/requirements.cpython-312.pyc
-rw-r--r--  0 root   root     9819 Jul 12 19:01 usr/lib/python3.12/site-packages/setuptools/_vendor/packaging/__pycache__/metadata.cpython-312.pyc
-rw-r--r--  0 root   root    10476 Jul 12 19:01 usr/lib/python3.12/site-packages/setuptools/_vendor/packaging/__pycache__/markers.cpython-312.pyc
-rw-r--r--  0 root   root     7912 Jul 12 19:01 usr/lib/python3.12/site-packages/setuptools/_vendor/packaging/__pycache__/_tokenizer.cpython-312.pyc
-rw-r--r--  0 root   root     3248 Jul 12 19:01 usr/lib/python3.12/site-packages/setuptools/_vendor/packaging/__pycache__/_structures.cpython-312.pyc
-rw-r--r--  0 root   root    13821 Jul 12 19:01 usr/lib/python3.12/site-packages/setuptools/_vendor/packaging/__pycache__/_parser.cpython-312.pyc
-rw-r--r--  0 root   root     4401 Jul 12 19:01 usr/lib/python3.12/site-packages/setuptools/_vendor/packaging/__pycache__/_musllinux.cpython-312.pyc
-rw-r--r--  0 root   root     9173 Jul 12 19:01 usr/lib/python3.12/site-packages/setuptools/_vendor/packaging/__pycache__/_manylinux.cpython-312.pyc
-rw-r--r--  0 root   root     5033 Jul 12 19:01 usr/lib/python3.12/site-packages/setuptools/_vendor/packaging/__pycache__/_elffile.cpython-312.pyc
-rw-r--r--  0 root   root      570 Jul 12 19:01 usr/lib/python3.12/site-packages/setuptools/_vendor/packaging/__pycache__/__init__.cpython-312.pyc
drwxr-xr-x  0 root   root        0 Jul 12 19:01 usr/lib/python3.12/site-packages/setuptools/_vendor/tomli/__pycache__/
-rw-r--r--  0 root   root      254 Jul 12 19:01 usr/lib/python3.12/site-packages/setuptools/_vendor/tomli/_types.py
-rw-r--r--  0 root   root     2943 Jul 12 19:01 usr/lib/python3.12/site-packages/setuptools/_vendor/tomli/_re.py
-rw-r--r--  0 root   root    22633 Jul 12 19:01 usr/lib/python3.12/site-packages/setuptools/_vendor/tomli/_parser.py
-rw-r--r--  0 root   root      396 Jul 12 19:01 usr/lib/python3.12/site-packages/setuptools/_vendor/tomli/__init__.py
-rw-r--r--  0 root   root      374 Jul 12 19:01 usr/lib/python3.12/site-packages/setuptools/_vendor/tomli/__pycache__/_types.cpython-312.pyc
-rw-r--r--  0 root   root     3916 Jul 12 19:01 usr/lib/python3.12/site-packages/setuptools/_vendor/tomli/__pycache__/_re.cpython-312.pyc
-rw-r--r--  0 root   root    26938 Jul 12 19:01 usr/lib/python3.12/site-packages/setuptools/_vendor/tomli/__pycache__/_parser.cpython-312.pyc
-rw-r--r--  0 root   root      392 Jul 12 19:01 usr/lib/python3.12/site-packages/setuptools/_vendor/tomli/__pycache__/__init__.cpython-312.pyc
-rw-r--r--  0 root   root    14874 Jul 12 19:01 usr/lib/python3.12/site-packages/setuptools/_vendor/__pycache__/zipp.cpython-312.pyc
-rw-r--r--  0 root   root    98069 Jul 12 19:01 usr/lib/python3.12/site-packages/setuptools/_vendor/__pycache__/typing_extensions.cpython-312.pyc
-rw-r--r--  0 root   root    19376 Jul 12 19:01 usr/lib/python3.12/site-packages/setuptools/_vendor/__pycache__/ordered_set.cpython-312.pyc
-rw-r--r--  0 root   root      190 Jul 12 19:01 usr/lib/python3.12/site-packages/setuptools/_vendor/__pycache__/__init__.cpython-312.pyc
drwxr-xr-x  0 root   root        0 Jul 12 19:01 usr/lib/python3.12/site-packages/setuptools/command/__pycache__/
-rw-r--r--  0 root   root     7690 Jul 12 19:01 usr/lib/python3.12/site-packages/setuptools/command/upload_docs.py
-rw-r--r--  0 root   root      462 Jul 12 19:01 usr/lib/python3.12/site-packages/setuptools/command/upload.py
-rw-r--r--  0 root   root     8102 Jul 12 19:01 usr/lib/python3.12/site-packages/setuptools/command/test.py
-rw-r--r--  0 root   root     5086 Jul 12 19:01 usr/lib/python3.12/site-packages/setuptools/command/setopt.py
-rw-r--r--  0 root   root     7007 Jul 12 19:01 usr/lib/python3.12/site-packages/setuptools/command/sdist.py
-rw-r--r--  0 root   root      658 Jul 12 19:01 usr/lib/python3.12/site-packages/setuptools/command/saveopts.py
-rw-r--r--  0 root   root     2128 Jul 12 19:01 usr/lib/python3.12/site-packages/setuptools/command/rotate.py
-rw-r--r--  0 root   root      468 Jul 12 19:01 usr/lib/python3.12/site-packages/setuptools/command/register.py
-rw-r--r--  0 root   root     2714 Jul 12 19:01 usr/lib/python3.12/site-packages/setuptools/command/install_scripts.py
-rw-r--r--  0 root   root     3875 Jul 12 19:01 usr/lib/python3.12/site-packages/setuptools/command/install_lib.py
-rw-r--r--  0 root   root     2123 Jul 12 19:01 usr/lib/python3.12/site-packages/setuptools/command/install_egg_info.py
-rw-r--r--  0 root   root     5598 Jul 12 19:01 usr/lib/python3.12/site-packages/setuptools/command/install.py
-rw-r--r--  0 root   root    27278 Jul 12 19:01 usr/lib/python3.12/site-packages/setuptools/command/egg_info.py
-rw-r--r--  0 root   root    31965 Jul 12 19:01 usr/lib/python3.12/site-packages/setuptools/command/editable_wheel.py
-rw-r--r--  0 root   root    86117 Jul 12 19:01 usr/lib/python3.12/site-packages/setuptools/command/easy_install.py
-rw-r--r--  0 root   root     4195 Jul 12 19:01 usr/lib/python3.12/site-packages/setuptools/command/dist_info.py
-rw-r--r--  0 root   root     6744 Jul 12 19:01 usr/lib/python3.12/site-packages/setuptools/command/develop.py
-rw-r--r--  0 root   root    15012 Jul 12 19:01 usr/lib/python3.12/site-packages/setuptools/command/build_py.py
-rw-r--r--  0 root   root    15821 Jul 12 19:01 usr/lib/python3.12/site-packages/setuptools/command/build_ext.py
-rw-r--r--  0 root   root     4423 Jul 12 19:01 usr/lib/python3.12/site-packages/setuptools/command/build_clib.py
-rw-r--r--  0 root   root     6784 Jul 12 19:01 usr/lib/python3.12/site-packages/setuptools/command/build.py
-rw-r--r--  0 root   root     1353 Jul 12 19:01 usr/lib/python3.12/site-packages/setuptools/command/bdist_rpm.py
-rw-r--r--  0 root   root    16596 Jul 12 19:01 usr/lib/python3.12/site-packages/setuptools/command/bdist_egg.py
-rw-r--r--  0 root   root     2381 Jul 12 19:01 usr/lib/python3.12/site-packages/setuptools/command/alias.py
-rw-r--r--  0 root   root      396 Jul 12 19:01 usr/lib/python3.12/site-packages/setuptools/command/__init__.py
-rw-r--r--  0 root   root    11236 Jul 12 19:01 usr/lib/python3.12/site-packages/setuptools/command/__pycache__/upload_docs.cpython-312.pyc
-rw-r--r--  0 root   root      969 Jul 12 19:01 usr/lib/python3.12/site-packages/setuptools/command/__pycache__/upload.cpython-312.pyc
-rw-r--r--  0 root   root    13214 Jul 12 19:01 usr/lib/python3.12/site-packages/setuptools/command/__pycache__/test.cpython-312.pyc
-rw-r--r--  0 root   root     6978 Jul 12 19:01 usr/lib/python3.12/site-packages/setuptools/command/__pycache__/setopt.cpython-312.pyc
-rw-r--r--  0 root   root    11843 Jul 12 19:01 usr/lib/python3.12/site-packages/setuptools/command/__pycache__/sdist.cpython-312.pyc
-rw-r--r--  0 root   root     1262 Jul 12 19:01 usr/lib/python3.12/site-packages/setuptools/command/__pycache__/saveopts.cpython-312.pyc
-rw-r--r--  0 root   root     3529 Jul 12 19:01 usr/lib/python3.12/site-packages/setuptools/command/__pycache__/rotate.cpython-312.pyc
-rw-r--r--  0 root   root      999 Jul 12 19:01 usr/lib/python3.12/site-packages/setuptools/command/__pycache__/register.cpython-312.pyc
-rw-r--r--  0 root   root     4106 Jul 12 19:01 usr/lib/python3.12/site-packages/setuptools/command/__pycache__/install_scripts.cpython-312.pyc
-rw-r--r--  0 root   root     5675 Jul 12 19:01 usr/lib/python3.12/site-packages/setuptools/command/__pycache__/install_lib.cpython-312.pyc
-rw-r--r--  0 root   root     3762 Jul 12 19:01 usr/lib/python3.12/site-packages/setuptools/command/__pycache__/install_egg_info.cpython-312.pyc
-rw-r--r--  0 root   root     6681 Jul 12 19:01 usr/lib/python3.12/site-packages/setuptools/command/__pycache__/install.cpython-312.pyc
-rw-r--r--  0 root   root    36563 Jul 12 19:01 usr/lib/python3.12/site-packages/setuptools/command/__pycache__/egg_info.cpython-312.pyc
-rw-r--r--  0 root   root    45255 Jul 12 19:01 usr/lib/python3.12/site-packages/setuptools/command/__pycache__/editable_wheel.cpython-312.pyc
-rw-r--r--  0 root   root   109303 Jul 12 19:01 usr/lib/python3.12/site-packages/setuptools/command/__pycache__/easy_install.cpython-312.pyc
-rw-r--r--  0 root   root     6126 Jul 12 19:01 usr/lib/python3.12/site-packages/setuptools/command/__pycache__/dist_info.cpython-312.pyc
-rw-r--r--  0 root   root     9991 Jul 12 19:01 usr/lib/python3.12/site-packages/setuptools/command/__pycache__/develop.cpython-312.pyc
-rw-r--r--  0 root   root    21967 Jul 12 19:01 usr/lib/python3.12/site-packages/setuptools/command/__pycache__/build_py.cpython-312.pyc
-rw-r--r--  0 root   root    20266 Jul 12 19:01 usr/lib/python3.12/site-packages/setuptools/command/__pycache__/build_ext.cpython-312.pyc
-rw-r--r--  0 root   root     3742 Jul 12 19:01 usr/lib/python3.12/site-packages/setuptools/command/__pycache__/build_clib.cpython-312.pyc
-rw-r--r--  0 root   root     6494 Jul 12 19:01 usr/lib/python3.12/site-packages/setuptools/command/__pycache__/build.cpython-312.pyc
-rw-r--r--  0 root   root     1974 Jul 12 19:01 usr/lib/python3.12/site-packages/setuptools/command/__pycache__/bdist_rpm.cpython-312.pyc
-rw-r--r--  0 root   root    23698 Jul 12 19:01 usr/lib/python3.12/site-packages/setuptools/command/__pycache__/bdist_egg.cpython-312.pyc
-rw-r--r--  0 root   root     3536 Jul 12 19:01 usr/lib/python3.12/site-packages/setuptools/command/__pycache__/alias.cpython-312.pyc
-rw-r--r--  0 root   root      649 Jul 12 19:01 usr/lib/python3.12/site-packages/setuptools/command/__pycache__/__init__.cpython-312.pyc
drwxr-xr-x  0 root   root        0 Jul 12 19:01 usr/lib/python3.12/site-packages/setuptools/config/__pycache__/
drwxr-xr-x  0 root   root        0 Jul 12 19:01 usr/lib/python3.12/site-packages/setuptools/config/_validate_pyproject/
-rw-r--r--  0 root   root    26184 Jul 12 19:01 usr/lib/python3.12/site-packages/setuptools/config/setupcfg.py
-rw-r--r--  0 root   root    17396 Jul 12 19:01 usr/lib/python3.12/site-packages/setuptools/config/pyprojecttoml.py
-rw-r--r--  0 root   root    16353 Jul 12 19:01 usr/lib/python3.12/site-packages/setuptools/config/expand.py
-rw-r--r--  0 root   root    13755 Jul 12 19:01 usr/lib/python3.12/site-packages/setuptools/config/_apply_pyprojecttoml.py
-rw-r--r--  0 root   root     1498 Jul 12 19:01 usr/lib/python3.12/site-packages/setuptools/config/__init__.py
drwxr-xr-x  0 root   root        0 Jul 12 19:01 usr/lib/python3.12/site-packages/setuptools/config/_validate_pyproject/__pycache__/
-rw-r--r--  0 root   root     9161 Jul 12 19:01 usr/lib/python3.12/site-packages/setuptools/config/_validate_pyproject/formats.py
-rw-r--r--  0 root   root   274907 Jul 12 19:01 usr/lib/python3.12/site-packages/setuptools/config/_validate_pyproject/fastjsonschema_validations.py
-rw-r--r--  0 root   root     1612 Jul 12 19:01 usr/lib/python3.12/site-packages/setuptools/config/_validate_pyproject/fastjsonschema_exceptions.py
-rw-r--r--  0 root   root     1153 Jul 12 19:01 usr/lib/python3.12/site-packages/setuptools/config/_validate_pyproject/extra_validations.py
-rw-r--r--  0 root   root    11266 Jul 12 19:01 usr/lib/python3.12/site-packages/setuptools/config/_validate_pyproject/error_reporting.py
-rw-r--r--  0 root   root     1038 Jul 12 19:01 usr/lib/python3.12/site-packages/setuptools/config/_validate_pyproject/__init__.py
-rw-r--r--  0 root   root    13459 Jul 12 19:01 usr/lib/python3.12/site-packages/setuptools/config/_validate_pyproject/__pycache__/formats.cpython-312.pyc
-rw-r--r--  0 root   root   173400 Jul 12 19:01 usr/lib/python3.12/site-packages/setuptools/config/_validate_pyproject/__pycache__/fastjsonschema_validations.cpython-312.pyc
-rw-r--r--  0 root   root     2820 Jul 12 19:01 usr/lib/python3.12/site-packages/setuptools/config/_validate_pyproject/__pycache__/fastjsonschema_exceptions.cpython-312.pyc
-rw-r--r--  0 root   root     1688 Jul 12 19:01 usr/lib/python3.12/site-packages/setuptools/config/_validate_pyproject/__pycache__/extra_validations.cpython-312.pyc
-rw-r--r--  0 root   root    17720 Jul 12 19:01 usr/lib/python3.12/site-packages/setuptools/config/_validate_pyproject/__pycache__/error_reporting.cpython-312.pyc
-rw-r--r--  0 root   root     1843 Jul 12 19:01 usr/lib/python3.12/site-packages/setuptools/config/_validate_pyproject/__pycache__/__init__.cpython-312.pyc
-rw-r--r--  0 root   root    31828 Jul 12 19:01 usr/lib/python3.12/site-packages/setuptools/config/__pycache__/setupcfg.cpython-312.pyc
-rw-r--r--  0 root   root    22395 Jul 12 19:01 usr/lib/python3.12/site-packages/setuptools/config/__pycache__/pyprojecttoml.cpython-312.pyc
-rw-r--r--  0 root   root    25026 Jul 12 19:01 usr/lib/python3.12/site-packages/setuptools/config/__pycache__/expand.cpython-312.pyc
-rw-r--r--  0 root   root    19529 Jul 12 19:01 usr/lib/python3.12/site-packages/setuptools/config/__pycache__/_apply_pyprojecttoml.cpython-312.pyc
-rw-r--r--  0 root   root     2014 Jul 12 19:01 usr/lib/python3.12/site-packages/setuptools/config/__pycache__/__init__.cpython-312.pyc
drwxr-xr-x  0 root   root        0 Jul 12 19:01 usr/lib/python3.12/site-packages/setuptools/extern/__pycache__/
-rw-r--r--  0 root   root     2527 Jul 12 19:01 usr/lib/python3.12/site-packages/setuptools/extern/__init__.py
-rw-r--r--  0 root   root     4114 Jul 12 19:01 usr/lib/python3.12/site-packages/setuptools/extern/__pycache__/__init__.cpython-312.pyc
-rw-r--r--  0 root   root     1445 Jul 12 19:01 usr/lib/python3.12/site-packages/setuptools/__pycache__/windows_support.cpython-312.pyc
-rw-r--r--  0 root   root    13418 Jul 12 19:01 usr/lib/python3.12/site-packages/setuptools/__pycache__/wheel.cpython-312.pyc
-rw-r--r--  0 root   root     4912 Jul 12 19:01 usr/lib/python3.12/site-packages/setuptools/__pycache__/warnings.cpython-312.pyc
-rw-r--r--  0 root   root      421 Jul 12 19:01 usr/lib/python3.12/site-packages/setuptools/__pycache__/version.cpython-312.pyc
-rw-r--r--  0 root   root     1642 Jul 12 19:01 usr/lib/python3.12/site-packages/setuptools/__pycache__/unicode_utils.cpython-312.pyc
-rw-r--r--  0 root   root    23729 Jul 12 19:01 usr/lib/python3.12/site-packages/setuptools/__pycache__/sandbox.cpython-312.pyc
-rw-r--r--  0 root   root      818 Jul 12 19:01 usr/lib/python3.12/site-packages/setuptools/__pycache__/py312compat.cpython-312.pyc
-rw-r--r--  0 root   root    52664 Jul 12 19:01 usr/lib/python3.12/site-packages/setuptools/__pycache__/package_index.cpython-312.pyc
-rw-r--r--  0 root   root     5190 Jul 12 19:01 usr/lib/python3.12/site-packages/setuptools/__pycache__/namespaces.cpython-312.pyc
-rw-r--r--  0 root   root    60621 Jul 12 19:01 usr/lib/python3.12/site-packages/setuptools/__pycache__/msvc.cpython-312.pyc
-rw-r--r--  0 root   root     6521 Jul 12 19:01 usr/lib/python3.12/site-packages/setuptools/__pycache__/monkey.cpython-312.pyc
-rw-r--r--  0 root   root     2046 Jul 12 19:01 usr/lib/python3.12/site-packages/setuptools/__pycache__/logging.cpython-312.pyc
-rw-r--r--  0 root   root     1310 Jul 12 19:01 usr/lib/python3.12/site-packages/setuptools/__pycache__/launch.cpython-312.pyc
-rw-r--r--  0 root   root     6463 Jul 12 19:01 usr/lib/python3.12/site-packages/setuptools/__pycache__/installer.cpython-312.pyc
-rw-r--r--  0 root   root     6006 Jul 12 19:01 usr/lib/python3.12/site-packages/setuptools/__pycache__/glob.cpython-312.pyc
-rw-r--r--  0 root   root     6469 Jul 12 19:01 usr/lib/python3.12/site-packages/setuptools/__pycache__/extension.cpython-312.pyc
-rw-r--r--  0 root   root     3025 Jul 12 19:01 usr/lib/python3.12/site-packages/setuptools/__pycache__/errors.cpython-312.pyc
-rw-r--r--  0 root   root    57228 Jul 12 19:01 usr/lib/python3.12/site-packages/setuptools/__pycache__/dist.cpython-312.pyc
-rw-r--r--  0 root   root    29015 Jul 12 19:01 usr/lib/python3.12/site-packages/setuptools/__pycache__/discovery.cpython-312.pyc
-rw-r--r--  0 root   root     7344 Jul 12 19:01 usr/lib/python3.12/site-packages/setuptools/__pycache__/depends.cpython-312.pyc
-rw-r--r--  0 root   root     1138 Jul 12 19:01 usr/lib/python3.12/site-packages/setuptools/__pycache__/dep_util.cpython-312.pyc
-rw-r--r--  0 root   root    25054 Jul 12 19:01 usr/lib/python3.12/site-packages/setuptools/__pycache__/build_meta.cpython-312.pyc
-rw-r--r--  0 root   root     9198 Jul 12 19:01 usr/lib/python3.12/site-packages/setuptools/__pycache__/archive_util.cpython-312.pyc
-rw-r--r--  0 root   root     1704 Jul 12 19:01 usr/lib/python3.12/site-packages/setuptools/__pycache__/_reqs.cpython-312.pyc
-rw-r--r--  0 root   root     1937 Jul 12 19:01 usr/lib/python3.12/site-packages/setuptools/__pycache__/_path.cpython-312.pyc
-rw-r--r--  0 root   root     4987 Jul 12 19:01 usr/lib/python3.12/site-packages/setuptools/__pycache__/_normalization.cpython-312.pyc
-rw-r--r--  0 root   root     1078 Jul 12 19:01 usr/lib/python3.12/site-packages/setuptools/__pycache__/_itertools.cpython-312.pyc
-rw-r--r--  0 root   root     1773 Jul 12 19:01 usr/lib/python3.12/site-packages/setuptools/__pycache__/_importlib.cpython-312.pyc
-rw-r--r--  0 root   root     3571 Jul 12 19:01 usr/lib/python3.12/site-packages/setuptools/__pycache__/_imp.cpython-312.pyc
-rw-r--r--  0 root   root     4704 Jul 12 19:01 usr/lib/python3.12/site-packages/setuptools/__pycache__/_entry_points.cpython-312.pyc
-rw-r--r--  0 root   root    12589 Jul 12 19:01 usr/lib/python3.12/site-packages/setuptools/__pycache__/__init__.cpython-312.pyc
-rw-r--r--  0 root   root    36072 Jul 12 19:01 usr/lib/python3.12/site-packages/setuptools-68.0.0.dist-info/RECORD
-rw-r--r--  0 root   root        0 Jul 12 19:01 usr/lib/python3.12/site-packages/setuptools-68.0.0.dist-info/REQUESTED
-rw-r--r--  0 root   root      296 Jul 12 19:01 usr/lib/python3.12/site-packages/setuptools-68.0.0.dist-info/direct_url.json
-rw-r--r--  0 root   root        4 Jul 12 19:01 usr/lib/python3.12/site-packages/setuptools-68.0.0.dist-info/INSTALLER
-rw-r--r--  0 root   root       41 Jul 12 19:01 usr/lib/python3.12/site-packages/setuptools-68.0.0.dist-info/top_level.txt
-rw-r--r--  0 root   root     2676 Jul 12 19:01 usr/lib/python3.12/site-packages/setuptools-68.0.0.dist-info/entry_points.txt
-rw-r--r--  0 root   root       92 Jul 12 19:01 usr/lib/python3.12/site-packages/setuptools-68.0.0.dist-info/WHEEL
-rw-r--r--  0 root   root     6353 Jul 12 19:01 usr/lib/python3.12/site-packages/setuptools-68.0.0.dist-info/METADATA
-rw-r--r--  0 root   root     1023 Jul 12 19:01 usr/lib/python3.12/site-packages/setuptools-68.0.0.dist-info/LICENSE
=======> Building '/home/devel/packages/python3-setuptools#68.0.0-1.x86_64.pkg.tar.zst' succeeded.
prt-get: Using PKGMK_PACKAGE_DIR: /home/devel/packages
prt-get: reinstalling python3-setuptools 68.0.0-1
prt-get: /usr/bin/pkgadd -u python3-setuptools#68.0.0-1.x86_64.pkg.tar.zst
prt-get: build done Wed Jul 12 19:01:20 2023

