prt-get: updating /usr/ports/opt-x86_64/python3-mako
prt-get: starting build Wed Jul 12 19:01:12 2023
=======> Building '/home/devel/packages/python3-mako#1.2.4-2.x86_64.pkg.tar.zst'.
bsdtar -p -o -C /home/devel/building/work/src -xf /home/devel/sources/Mako-1.2.4.tar.gz
+ build
+ cd Mako-1.2.4
+ pip3 wheel -w dist --isolated --no-deps /home/devel/building/work/src/Mako-1.2.4
Processing /home/devel/building/work/src/Mako-1.2.4
  Installing build dependencies: started
  Installing build dependencies: finished with status 'done'
  Getting requirements to build wheel: started
  Getting requirements to build wheel: finished with status 'done'
  Preparing metadata (pyproject.toml): started
  Preparing metadata (pyproject.toml): finished with status 'done'
Building wheels for collected packages: Mako
  Building wheel for Mako (pyproject.toml): started
  Building wheel for Mako (pyproject.toml): finished with status 'done'
  Created wheel for Mako: filename=Mako-1.2.4-py3-none-any.whl size=78672 sha256=1b8027ada44069ad43e8479239d7aaf515e384dd1e4c0bf5f92e2c22eecd538d
  Stored in directory: /root/.cache/pip/wheels/57/87/46/f4c21f36f68ab68b4208c3846e584d792fd1e3b9f67912322f
Successfully built Mako
+ /usr/bin/pip3 install --root-user-action=ignore --no-warn-script-location --ignore-installed --no-deps dist/Mako-1.2.4-py3-none-any.whl --isolated --root=/home/devel/building/work/pkg
Processing ./dist/Mako-1.2.4-py3-none-any.whl
Installing collected packages: Mako
Successfully installed Mako-1.2.4
=======> Build result:
drwxr-xr-x  0 root   root        0 Jul 12 19:01 usr/
drwxr-xr-x  0 root   root        0 Jul 12 19:01 usr/bin/
drwxr-xr-x  0 root   root        0 Jul 12 19:01 usr/lib/
drwxr-xr-x  0 root   root        0 Jul 12 19:01 usr/lib/python3.12/
drwxr-xr-x  0 root   root        0 Jul 12 19:01 usr/lib/python3.12/site-packages/
drwxr-xr-x  0 root   root        0 Jul 12 19:01 usr/lib/python3.12/site-packages/Mako-1.2.4.dist-info/
drwxr-xr-x  0 root   root        0 Jul 12 19:01 usr/lib/python3.12/site-packages/mako/
drwxr-xr-x  0 root   root        0 Jul 12 19:01 usr/lib/python3.12/site-packages/mako/__pycache__/
drwxr-xr-x  0 root   root        0 Jul 12 19:01 usr/lib/python3.12/site-packages/mako/testing/
drwxr-xr-x  0 root   root        0 Jul 12 19:01 usr/lib/python3.12/site-packages/mako/ext/
-rw-r--r--  0 root   root    10638 Jul 12 19:01 usr/lib/python3.12/site-packages/mako/util.py
-rw-r--r--  0 root   root    23858 Jul 12 19:01 usr/lib/python3.12/site-packages/mako/template.py
-rw-r--r--  0 root   root    27806 Jul 12 19:01 usr/lib/python3.12/site-packages/mako/runtime.py
-rw-r--r--  0 root   root     7032 Jul 12 19:01 usr/lib/python3.12/site-packages/mako/pyparser.py
-rw-r--r--  0 root   root    10416 Jul 12 19:01 usr/lib/python3.12/site-packages/mako/pygen.py
-rw-r--r--  0 root   root    19007 Jul 12 19:01 usr/lib/python3.12/site-packages/mako/parsetree.py
-rw-r--r--  0 root   root    12429 Jul 12 19:01 usr/lib/python3.12/site-packages/mako/lookup.py
-rw-r--r--  0 root   root    15982 Jul 12 19:01 usr/lib/python3.12/site-packages/mako/lexer.py
-rw-r--r--  0 root   root     4658 Jul 12 19:01 usr/lib/python3.12/site-packages/mako/filters.py
-rw-r--r--  0 root   root    12530 Jul 12 19:01 usr/lib/python3.12/site-packages/mako/exceptions.py
-rw-r--r--  0 root   root     1913 Jul 12 19:01 usr/lib/python3.12/site-packages/mako/compat.py
-rw-r--r--  0 root   root    47309 Jul 12 19:01 usr/lib/python3.12/site-packages/mako/codegen.py
-rw-r--r--  0 root   root     2814 Jul 12 19:01 usr/lib/python3.12/site-packages/mako/cmd.py
-rw-r--r--  0 root   root     7680 Jul 12 19:01 usr/lib/python3.12/site-packages/mako/cache.py
-rw-r--r--  0 root   root     6642 Jul 12 19:01 usr/lib/python3.12/site-packages/mako/ast.py
-rw-r--r--  0 root   root    20247 Jul 12 19:01 usr/lib/python3.12/site-packages/mako/_ast_util.py
-rw-r--r--  0 root   root      242 Jul 12 19:01 usr/lib/python3.12/site-packages/mako/__init__.py
drwxr-xr-x  0 root   root        0 Jul 12 19:01 usr/lib/python3.12/site-packages/mako/ext/__pycache__/
-rw-r--r--  0 root   root     2141 Jul 12 19:01 usr/lib/python3.12/site-packages/mako/ext/turbogears.py
-rw-r--r--  0 root   root     4753 Jul 12 19:01 usr/lib/python3.12/site-packages/mako/ext/pygmentplugin.py
-rw-r--r--  0 root   root      576 Jul 12 19:01 usr/lib/python3.12/site-packages/mako/ext/preprocessors.py
-rw-r--r--  0 root   root     1935 Jul 12 19:01 usr/lib/python3.12/site-packages/mako/ext/linguaplugin.py
-rw-r--r--  0 root   root     4659 Jul 12 19:01 usr/lib/python3.12/site-packages/mako/ext/extract.py
-rw-r--r--  0 root   root     2578 Jul 12 19:01 usr/lib/python3.12/site-packages/mako/ext/beaker_cache.py
-rw-r--r--  0 root   root     2091 Jul 12 19:01 usr/lib/python3.12/site-packages/mako/ext/babelplugin.py
-rw-r--r--  0 root   root     1885 Jul 12 19:01 usr/lib/python3.12/site-packages/mako/ext/autohandler.py
-rw-r--r--  0 root   root        0 Jul 12 19:01 usr/lib/python3.12/site-packages/mako/ext/__init__.py
-rw-r--r--  0 root   root     2454 Jul 12 19:01 usr/lib/python3.12/site-packages/mako/ext/__pycache__/turbogears.cpython-312.pyc
-rw-r--r--  0 root   root     5904 Jul 12 19:01 usr/lib/python3.12/site-packages/mako/ext/__pycache__/pygmentplugin.cpython-312.pyc
-rw-r--r--  0 root   root      675 Jul 12 19:01 usr/lib/python3.12/site-packages/mako/ext/__pycache__/preprocessors.cpython-312.pyc
-rw-r--r--  0 root   root     2629 Jul 12 19:01 usr/lib/python3.12/site-packages/mako/ext/__pycache__/linguaplugin.cpython-312.pyc
-rw-r--r--  0 root   root     5094 Jul 12 19:01 usr/lib/python3.12/site-packages/mako/ext/__pycache__/extract.cpython-312.pyc
-rw-r--r--  0 root   root     3913 Jul 12 19:01 usr/lib/python3.12/site-packages/mako/ext/__pycache__/beaker_cache.cpython-312.pyc
-rw-r--r--  0 root   root     2664 Jul 12 19:01 usr/lib/python3.12/site-packages/mako/ext/__pycache__/babelplugin.cpython-312.pyc
-rw-r--r--  0 root   root     2355 Jul 12 19:01 usr/lib/python3.12/site-packages/mako/ext/__pycache__/autohandler.cpython-312.pyc
-rw-r--r--  0 root   root      180 Jul 12 19:01 usr/lib/python3.12/site-packages/mako/ext/__pycache__/__init__.cpython-312.pyc
drwxr-xr-x  0 root   root        0 Jul 12 19:01 usr/lib/python3.12/site-packages/mako/testing/__pycache__/
-rw-r--r--  0 root   root     1521 Jul 12 19:01 usr/lib/python3.12/site-packages/mako/testing/helpers.py
-rw-r--r--  0 root   root     3044 Jul 12 19:01 usr/lib/python3.12/site-packages/mako/testing/fixtures.py
-rw-r--r--  0 root   root     1553 Jul 12 19:01 usr/lib/python3.12/site-packages/mako/testing/exclusions.py
-rw-r--r--  0 root   root      323 Jul 12 19:01 usr/lib/python3.12/site-packages/mako/testing/config.py
-rw-r--r--  0 root   root     5162 Jul 12 19:01 usr/lib/python3.12/site-packages/mako/testing/assertions.py
-rw-r--r--  0 root   root     3566 Jul 12 19:01 usr/lib/python3.12/site-packages/mako/testing/_config.py
-rw-r--r--  0 root   root        0 Jul 12 19:01 usr/lib/python3.12/site-packages/mako/testing/__init__.py
-rw-r--r--  0 root   root     3181 Jul 12 19:01 usr/lib/python3.12/site-packages/mako/testing/__pycache__/helpers.cpython-312.pyc
-rw-r--r--  0 root   root     4795 Jul 12 19:01 usr/lib/python3.12/site-packages/mako/testing/__pycache__/fixtures.cpython-312.pyc
-rw-r--r--  0 root   root     2403 Jul 12 19:01 usr/lib/python3.12/site-packages/mako/testing/__pycache__/exclusions.cpython-312.pyc
-rw-r--r--  0 root   root      798 Jul 12 19:01 usr/lib/python3.12/site-packages/mako/testing/__pycache__/config.cpython-312.pyc
-rw-r--r--  0 root   root     5888 Jul 12 19:01 usr/lib/python3.12/site-packages/mako/testing/__pycache__/assertions.cpython-312.pyc
-rw-r--r--  0 root   root     5767 Jul 12 19:01 usr/lib/python3.12/site-packages/mako/testing/__pycache__/_config.cpython-312.pyc
-rw-r--r--  0 root   root      184 Jul 12 19:01 usr/lib/python3.12/site-packages/mako/testing/__pycache__/__init__.cpython-312.pyc
-rw-r--r--  0 root   root    20364 Jul 12 19:01 usr/lib/python3.12/site-packages/mako/__pycache__/util.cpython-312.pyc
-rw-r--r--  0 root   root    27039 Jul 12 19:01 usr/lib/python3.12/site-packages/mako/__pycache__/template.cpython-312.pyc
-rw-r--r--  0 root   root    39004 Jul 12 19:01 usr/lib/python3.12/site-packages/mako/__pycache__/runtime.cpython-312.pyc
-rw-r--r--  0 root   root    11345 Jul 12 19:01 usr/lib/python3.12/site-packages/mako/__pycache__/pyparser.cpython-312.pyc
-rw-r--r--  0 root   root    11046 Jul 12 19:01 usr/lib/python3.12/site-packages/mako/__pycache__/pygen.cpython-312.pyc
-rw-r--r--  0 root   root    29811 Jul 12 19:01 usr/lib/python3.12/site-packages/mako/__pycache__/parsetree.cpython-312.pyc
-rw-r--r--  0 root   root    13687 Jul 12 19:01 usr/lib/python3.12/site-packages/mako/__pycache__/lookup.cpython-312.pyc
-rw-r--r--  0 root   root    19807 Jul 12 19:01 usr/lib/python3.12/site-packages/mako/__pycache__/lexer.cpython-312.pyc
-rw-r--r--  0 root   root     6675 Jul 12 19:01 usr/lib/python3.12/site-packages/mako/__pycache__/filters.cpython-312.pyc
-rw-r--r--  0 root   root    14747 Jul 12 19:01 usr/lib/python3.12/site-packages/mako/__pycache__/exceptions.cpython-312.pyc
-rw-r--r--  0 root   root     3178 Jul 12 19:01 usr/lib/python3.12/site-packages/mako/__pycache__/compat.cpython-312.pyc
-rw-r--r--  0 root   root    58401 Jul 12 19:01 usr/lib/python3.12/site-packages/mako/__pycache__/codegen.cpython-312.pyc
-rw-r--r--  0 root   root     3739 Jul 12 19:01 usr/lib/python3.12/site-packages/mako/__pycache__/cmd.cpython-312.pyc
-rw-r--r--  0 root   root     8488 Jul 12 19:01 usr/lib/python3.12/site-packages/mako/__pycache__/cache.cpython-312.pyc
-rw-r--r--  0 root   root     7485 Jul 12 19:01 usr/lib/python3.12/site-packages/mako/__pycache__/ast.cpython-312.pyc
-rw-r--r--  0 root   root    36419 Jul 12 19:01 usr/lib/python3.12/site-packages/mako/__pycache__/_ast_util.cpython-312.pyc
-rw-r--r--  0 root   root      204 Jul 12 19:01 usr/lib/python3.12/site-packages/mako/__pycache__/__init__.cpython-312.pyc
-rw-r--r--  0 root   root     4923 Jul 12 19:01 usr/lib/python3.12/site-packages/Mako-1.2.4.dist-info/RECORD
-rw-r--r--  0 root   root        0 Jul 12 19:01 usr/lib/python3.12/site-packages/Mako-1.2.4.dist-info/REQUESTED
-rw-r--r--  0 root   root      282 Jul 12 19:01 usr/lib/python3.12/site-packages/Mako-1.2.4.dist-info/direct_url.json
-rw-r--r--  0 root   root        4 Jul 12 19:01 usr/lib/python3.12/site-packages/Mako-1.2.4.dist-info/INSTALLER
-rw-r--r--  0 root   root        5 Jul 12 19:01 usr/lib/python3.12/site-packages/Mako-1.2.4.dist-info/top_level.txt
-rw-r--r--  0 root   root      512 Jul 12 19:01 usr/lib/python3.12/site-packages/Mako-1.2.4.dist-info/entry_points.txt
-rw-r--r--  0 root   root       92 Jul 12 19:01 usr/lib/python3.12/site-packages/Mako-1.2.4.dist-info/WHEEL
-rw-r--r--  0 root   root     2909 Jul 12 19:01 usr/lib/python3.12/site-packages/Mako-1.2.4.dist-info/METADATA
-rw-r--r--  0 root   root     1098 Jul 12 19:01 usr/lib/python3.12/site-packages/Mako-1.2.4.dist-info/LICENSE
-rwxr-xr-x  0 root   root      216 Jul 12 19:01 usr/bin/mako-render
=======> Building '/home/devel/packages/python3-mako#1.2.4-2.x86_64.pkg.tar.zst' succeeded.
prt-get: Using PKGMK_PACKAGE_DIR: /home/devel/packages
prt-get: reinstalling python3-mako 1.2.4-2
prt-get: /usr/bin/pkgadd -u python3-mako#1.2.4-2.x86_64.pkg.tar.zst
prt-get: build done Wed Jul 12 19:01:15 2023

