prt-get: updating /usr/ports/opt-x86_64/python3-jinja2
prt-get: starting build Wed Jul 12 19:01:02 2023
=======> Building '/home/devel/packages/python3-jinja2#3.1.2-1.x86_64.pkg.tar.zst'.
bsdtar -p -o -C /home/devel/building/work/src -xf /home/devel/sources/Jinja2-3.1.2.tar.gz
+ build
+ cd Jinja2-3.1.2
+ pip3 wheel -w dist --isolated --no-deps /home/devel/building/work/src/Jinja2-3.1.2
Processing /home/devel/building/work/src/Jinja2-3.1.2
  Installing build dependencies: started
  Installing build dependencies: finished with status 'done'
  Getting requirements to build wheel: started
  Getting requirements to build wheel: finished with status 'done'
  Preparing metadata (pyproject.toml): started
  Preparing metadata (pyproject.toml): finished with status 'done'
Building wheels for collected packages: Jinja2
  Building wheel for Jinja2 (pyproject.toml): started
  Building wheel for Jinja2 (pyproject.toml): finished with status 'done'
  Created wheel for Jinja2: filename=Jinja2-3.1.2-py3-none-any.whl size=133086 sha256=21f082b80da1c56fdeb8814e82cc99b2952935180e97f6569cca7c1e5ffb781b
  Stored in directory: /root/.cache/pip/wheels/85/35/0e/250c312f22d2afb19dcadfd773addf11e24e629a5655e7324b
Successfully built Jinja2
+ /usr/bin/pip3 install --root-user-action=ignore --no-warn-script-location --ignore-installed --no-deps dist/Jinja2-3.1.2-py3-none-any.whl --isolated --root=/home/devel/building/work/pkg
Processing ./dist/Jinja2-3.1.2-py3-none-any.whl
Installing collected packages: Jinja2
Successfully installed Jinja2-3.1.2
=======> Build result:
drwxr-xr-x  0 root   root        0 Jul 12 19:01 usr/
drwxr-xr-x  0 root   root        0 Jul 12 19:01 usr/lib/
drwxr-xr-x  0 root   root        0 Jul 12 19:01 usr/lib/python3.12/
drwxr-xr-x  0 root   root        0 Jul 12 19:01 usr/lib/python3.12/site-packages/
drwxr-xr-x  0 root   root        0 Jul 12 19:01 usr/lib/python3.12/site-packages/Jinja2-3.1.2.dist-info/
drwxr-xr-x  0 root   root        0 Jul 12 19:01 usr/lib/python3.12/site-packages/jinja2/
drwxr-xr-x  0 root   root        0 Jul 12 19:01 usr/lib/python3.12/site-packages/jinja2/__pycache__/
-rw-r--r--  0 root   root     3568 Jul 12 19:01 usr/lib/python3.12/site-packages/jinja2/visitor.py
-rw-r--r--  0 root   root    23965 Jul 12 19:01 usr/lib/python3.12/site-packages/jinja2/utils.py
-rw-r--r--  0 root   root     5905 Jul 12 19:01 usr/lib/python3.12/site-packages/jinja2/tests.py
-rw-r--r--  0 root   root    14584 Jul 12 19:01 usr/lib/python3.12/site-packages/jinja2/sandbox.py
-rw-r--r--  0 root   root    33476 Jul 12 19:01 usr/lib/python3.12/site-packages/jinja2/runtime.py
-rw-r--r--  0 root   root        0 Jul 12 19:01 usr/lib/python3.12/site-packages/jinja2/py.typed
-rw-r--r--  0 root   root    39595 Jul 12 19:01 usr/lib/python3.12/site-packages/jinja2/parser.py
-rw-r--r--  0 root   root     1650 Jul 12 19:01 usr/lib/python3.12/site-packages/jinja2/optimizer.py
-rw-r--r--  0 root   root    34550 Jul 12 19:01 usr/lib/python3.12/site-packages/jinja2/nodes.py
-rw-r--r--  0 root   root     4226 Jul 12 19:01 usr/lib/python3.12/site-packages/jinja2/nativetypes.py
-rw-r--r--  0 root   root     4396 Jul 12 19:01 usr/lib/python3.12/site-packages/jinja2/meta.py
-rw-r--r--  0 root   root    23207 Jul 12 19:01 usr/lib/python3.12/site-packages/jinja2/loaders.py
-rw-r--r--  0 root   root    29726 Jul 12 19:01 usr/lib/python3.12/site-packages/jinja2/lexer.py
-rw-r--r--  0 root   root    10704 Jul 12 19:01 usr/lib/python3.12/site-packages/jinja2/idtracking.py
-rw-r--r--  0 root   root    53509 Jul 12 19:01 usr/lib/python3.12/site-packages/jinja2/filters.py
-rw-r--r--  0 root   root    31502 Jul 12 19:01 usr/lib/python3.12/site-packages/jinja2/ext.py
-rw-r--r--  0 root   root     5071 Jul 12 19:01 usr/lib/python3.12/site-packages/jinja2/exceptions.py
-rw-r--r--  0 root   root    61349 Jul 12 19:01 usr/lib/python3.12/site-packages/jinja2/environment.py
-rw-r--r--  0 root   root     1267 Jul 12 19:01 usr/lib/python3.12/site-packages/jinja2/defaults.py
-rw-r--r--  0 root   root     6299 Jul 12 19:01 usr/lib/python3.12/site-packages/jinja2/debug.py
-rw-r--r--  0 root   root     1433 Jul 12 19:01 usr/lib/python3.12/site-packages/jinja2/constants.py
-rw-r--r--  0 root   root    72172 Jul 12 19:01 usr/lib/python3.12/site-packages/jinja2/compiler.py
-rw-r--r--  0 root   root    14061 Jul 12 19:01 usr/lib/python3.12/site-packages/jinja2/bccache.py
-rw-r--r--  0 root   root     2472 Jul 12 19:01 usr/lib/python3.12/site-packages/jinja2/async_utils.py
-rw-r--r--  0 root   root     1958 Jul 12 19:01 usr/lib/python3.12/site-packages/jinja2/_identifier.py
-rw-r--r--  0 root   root     1927 Jul 12 19:01 usr/lib/python3.12/site-packages/jinja2/__init__.py
-rw-r--r--  0 root   root     5371 Jul 12 19:01 usr/lib/python3.12/site-packages/jinja2/__pycache__/visitor.cpython-312.pyc
-rw-r--r--  0 root   root    34409 Jul 12 19:01 usr/lib/python3.12/site-packages/jinja2/__pycache__/utils.cpython-312.pyc
-rw-r--r--  0 root   root     9009 Jul 12 19:01 usr/lib/python3.12/site-packages/jinja2/__pycache__/tests.cpython-312.pyc
-rw-r--r--  0 root   root    17769 Jul 12 19:01 usr/lib/python3.12/site-packages/jinja2/__pycache__/sandbox.cpython-312.pyc
-rw-r--r--  0 root   root    48343 Jul 12 19:01 usr/lib/python3.12/site-packages/jinja2/__pycache__/runtime.cpython-312.pyc
-rw-r--r--  0 root   root    60441 Jul 12 19:01 usr/lib/python3.12/site-packages/jinja2/__pycache__/parser.cpython-312.pyc
-rw-r--r--  0 root   root     2681 Jul 12 19:01 usr/lib/python3.12/site-packages/jinja2/__pycache__/optimizer.cpython-312.pyc
-rw-r--r--  0 root   root    58229 Jul 12 19:01 usr/lib/python3.12/site-packages/jinja2/__pycache__/nodes.cpython-312.pyc
-rw-r--r--  0 root   root     6937 Jul 12 19:01 usr/lib/python3.12/site-packages/jinja2/__pycache__/nativetypes.cpython-312.pyc
-rw-r--r--  0 root   root     5484 Jul 12 19:01 usr/lib/python3.12/site-packages/jinja2/__pycache__/meta.cpython-312.pyc
-rw-r--r--  0 root   root    31124 Jul 12 19:01 usr/lib/python3.12/site-packages/jinja2/__pycache__/loaders.cpython-312.pyc
-rw-r--r--  0 root   root    31967 Jul 12 19:01 usr/lib/python3.12/site-packages/jinja2/__pycache__/lexer.cpython-312.pyc
-rw-r--r--  0 root   root    19224 Jul 12 19:01 usr/lib/python3.12/site-packages/jinja2/__pycache__/idtracking.cpython-312.pyc
-rw-r--r--  0 root   root    70272 Jul 12 19:01 usr/lib/python3.12/site-packages/jinja2/__pycache__/filters.cpython-312.pyc
-rw-r--r--  0 root   root    41678 Jul 12 19:01 usr/lib/python3.12/site-packages/jinja2/__pycache__/ext.cpython-312.pyc
-rw-r--r--  0 root   root     7708 Jul 12 19:01 usr/lib/python3.12/site-packages/jinja2/__pycache__/exceptions.cpython-312.pyc
-rw-r--r--  0 root   root    76440 Jul 12 19:01 usr/lib/python3.12/site-packages/jinja2/__pycache__/environment.cpython-312.pyc
-rw-r--r--  0 root   root     1600 Jul 12 19:01 usr/lib/python3.12/site-packages/jinja2/__pycache__/defaults.cpython-312.pyc
-rw-r--r--  0 root   root     6577 Jul 12 19:01 usr/lib/python3.12/site-packages/jinja2/__pycache__/debug.cpython-312.pyc
-rw-r--r--  0 root   root     1550 Jul 12 19:01 usr/lib/python3.12/site-packages/jinja2/__pycache__/constants.cpython-312.pyc
-rw-r--r--  0 root   root   102382 Jul 12 19:01 usr/lib/python3.12/site-packages/jinja2/__pycache__/compiler.cpython-312.pyc
-rw-r--r--  0 root   root    19333 Jul 12 19:01 usr/lib/python3.12/site-packages/jinja2/__pycache__/bccache.cpython-312.pyc
-rw-r--r--  0 root   root     4126 Jul 12 19:01 usr/lib/python3.12/site-packages/jinja2/__pycache__/async_utils.cpython-312.pyc
-rw-r--r--  0 root   root     2128 Jul 12 19:01 usr/lib/python3.12/site-packages/jinja2/__pycache__/_identifier.cpython-312.pyc
-rw-r--r--  0 root   root     1647 Jul 12 19:01 usr/lib/python3.12/site-packages/jinja2/__pycache__/__init__.cpython-312.pyc
-rw-r--r--  0 root   root     3883 Jul 12 19:01 usr/lib/python3.12/site-packages/Jinja2-3.1.2.dist-info/RECORD
-rw-r--r--  0 root   root        0 Jul 12 19:01 usr/lib/python3.12/site-packages/Jinja2-3.1.2.dist-info/REQUESTED
-rw-r--r--  0 root   root      286 Jul 12 19:01 usr/lib/python3.12/site-packages/Jinja2-3.1.2.dist-info/direct_url.json
-rw-r--r--  0 root   root        4 Jul 12 19:01 usr/lib/python3.12/site-packages/Jinja2-3.1.2.dist-info/INSTALLER
-rw-r--r--  0 root   root        7 Jul 12 19:01 usr/lib/python3.12/site-packages/Jinja2-3.1.2.dist-info/top_level.txt
-rw-r--r--  0 root   root       59 Jul 12 19:01 usr/lib/python3.12/site-packages/Jinja2-3.1.2.dist-info/entry_points.txt
-rw-r--r--  0 root   root       92 Jul 12 19:01 usr/lib/python3.12/site-packages/Jinja2-3.1.2.dist-info/WHEEL
-rw-r--r--  0 root   root     3519 Jul 12 19:01 usr/lib/python3.12/site-packages/Jinja2-3.1.2.dist-info/METADATA
-rw-r--r--  0 root   root     1475 Jul 12 19:01 usr/lib/python3.12/site-packages/Jinja2-3.1.2.dist-info/LICENSE.rst
=======> Building '/home/devel/packages/python3-jinja2#3.1.2-1.x86_64.pkg.tar.zst' succeeded.
prt-get: Using PKGMK_PACKAGE_DIR: /home/devel/packages
prt-get: reinstalling python3-jinja2 3.1.2-1
prt-get: /usr/bin/pkgadd -u python3-jinja2#3.1.2-1.x86_64.pkg.tar.zst
prt-get: build done Wed Jul 12 19:01:04 2023

