prt-get: updating /usr/ports/opt-x86_64/rlwrap
prt-get: starting build Wed Jul 12 19:01:30 2023
=======> Building '/home/devel/packages/rlwrap#0.45.2-1.x86_64.pkg.tar.zst'.
bsdtar -p -o -C /home/devel/building/work/src -xf /home/devel/sources/rlwrap-0.45.2.tar.gz
+ build
+ cd rlwrap-0.45.2
+ autoreconf -fiv
autoreconf: export WARNINGS=
autoreconf: Entering directory '.'
autoreconf: configure.ac: not using Gettext
autoreconf: running: aclocal --force 
autoreconf: configure.ac: tracing
autoreconf: configure.ac: creating directory tools
autoreconf: configure.ac: not using Libtool
autoreconf: configure.ac: not using Intltool
autoreconf: configure.ac: not using Gtkdoc
autoreconf: running: /usr/bin/autoconf --force
configure.ac:50: warning: The macro `AC_HELP_STRING' is obsolete.
configure.ac:50: You should run autoupdate.
./lib/autoconf/general.m4:204: AC_HELP_STRING is expanded from...
configure.ac:50: the top level
configure.ac:54: warning: The macro `AC_HELP_STRING' is obsolete.
configure.ac:54: You should run autoupdate.
./lib/autoconf/general.m4:204: AC_HELP_STRING is expanded from...
configure.ac:54: the top level
configure.ac:59: warning: The macro `AC_HELP_STRING' is obsolete.
configure.ac:59: You should run autoupdate.
./lib/autoconf/general.m4:204: AC_HELP_STRING is expanded from...
configure.ac:59: the top level
configure.ac:65: warning: The macro `AC_HELP_STRING' is obsolete.
configure.ac:65: You should run autoupdate.
./lib/autoconf/general.m4:204: AC_HELP_STRING is expanded from...
configure.ac:65: the top level
configure.ac:70: warning: The macro `AC_HELP_STRING' is obsolete.
configure.ac:70: You should run autoupdate.
./lib/autoconf/general.m4:204: AC_HELP_STRING is expanded from...
configure.ac:70: the top level
configure.ac:74: warning: The macro `AC_HELP_STRING' is obsolete.
configure.ac:74: You should run autoupdate.
./lib/autoconf/general.m4:204: AC_HELP_STRING is expanded from...
configure.ac:74: the top level
configure.ac:111: warning: The macro `AC_HEADER_STDC' is obsolete.
configure.ac:111: You should run autoupdate.
./lib/autoconf/headers.m4:704: AC_HEADER_STDC is expanded from...
configure.ac:111: the top level
configure.ac:172: warning: The macro `AC_HEADER_TIME' is obsolete.
configure.ac:172: You should run autoupdate.
./lib/autoconf/headers.m4:743: AC_HEADER_TIME is expanded from...
configure.ac:172: the top level
configure.ac:176: warning: The macro `AC_TYPE_SIGNAL' is obsolete.
configure.ac:176: You should run autoupdate.
./lib/autoconf/types.m4:776: AC_TYPE_SIGNAL is expanded from...
configure.ac:176: the top level
configure.ac:213: warning: The macro `AC_TRY_LINK' is obsolete.
configure.ac:213: You should run autoupdate.
./lib/autoconf/general.m4:2920: AC_TRY_LINK is expanded from...
lib/m4sugar/m4sh.m4:692: _AS_IF_ELSE is expanded from...
lib/m4sugar/m4sh.m4:699: AS_IF is expanded from...
./lib/autoconf/general.m4:2249: AC_CACHE_VAL is expanded from...
./lib/autoconf/general.m4:2270: AC_CACHE_CHECK is expanded from...
configure.ac:213: the top level
configure.ac:286: warning: The macro `AC_CHECKING' is obsolete.
configure.ac:286: You should run autoupdate.
./lib/autoconf/general.m4:2499: AC_CHECKING is expanded from...
configure.ac:286: the top level
configure.ac:366: warning: The macro `AC_TRY_LINK' is obsolete.
configure.ac:366: You should run autoupdate.
./lib/autoconf/general.m4:2920: AC_TRY_LINK is expanded from...
configure.ac:338: AC_EGREP_RL_HEADER_AND_CHECK_FUNC is expanded from...
configure.ac:366: the top level
configure.ac:372: warning: The macro `AC_TRY_LINK' is obsolete.
configure.ac:372: You should run autoupdate.
./lib/autoconf/general.m4:2920: AC_TRY_LINK is expanded from...
configure.ac:338: AC_EGREP_RL_HEADER_AND_CHECK_FUNC is expanded from...
configure.ac:372: the top level
configure.ac:378: warning: The macro `AC_TRY_LINK' is obsolete.
configure.ac:378: You should run autoupdate.
./lib/autoconf/general.m4:2920: AC_TRY_LINK is expanded from...
configure.ac:338: AC_EGREP_RL_HEADER_AND_CHECK_FUNC is expanded from...
configure.ac:378: the top level
configure.ac:380: warning: The macro `AC_TRY_LINK' is obsolete.
configure.ac:380: You should run autoupdate.
./lib/autoconf/general.m4:2920: AC_TRY_LINK is expanded from...
configure.ac:338: AC_EGREP_RL_HEADER_AND_CHECK_FUNC is expanded from...
configure.ac:380: the top level
configure.ac:382: warning: The macro `AC_TRY_LINK' is obsolete.
configure.ac:382: You should run autoupdate.
./lib/autoconf/general.m4:2920: AC_TRY_LINK is expanded from...
configure.ac:338: AC_EGREP_RL_HEADER_AND_CHECK_FUNC is expanded from...
configure.ac:382: the top level
configure.ac:388: warning: The macro `AC_TRY_LINK' is obsolete.
configure.ac:388: You should run autoupdate.
./lib/autoconf/general.m4:2920: AC_TRY_LINK is expanded from...
configure.ac:388: the top level
configure.ac:453: warning: $as_echo is obsolete; use AS_ECHO(["message"]) instead
autoreconf: running: /usr/bin/autoheader --force
autoreconf: running: automake --add-missing --copy --force-missing
configure.ac:92: installing 'tools/compile'
configure.ac:32: installing 'tools/config.guess'
configure.ac:32: installing 'tools/config.sub'
configure.ac:34: installing 'tools/install-sh'
configure.ac:34: installing 'tools/missing'
parallel-tests: installing 'tools/test-driver'
src/Makefile.am: installing 'tools/depcomp'
autoreconf: Leaving directory '.'
+ ./configure --prefix=/usr
checking build system type... x86_64-pc-linux-gnu
checking host system type... x86_64-pc-linux-gnu
checking for a BSD-compatible install... /usr/bin/install -c
checking whether build environment is sane... yes
checking for a race-free mkdir -p... /bin/mkdir -p
checking for gawk... gawk
checking whether make sets $(MAKE)... yes
checking whether make supports nested variables... yes
checking whether make sets $(MAKE)... (cached) yes
checking whether build environment is sane... yes
checking whether make supports the include directive... yes (GNU style)
checking for gcc... gcc
checking whether the C compiler works... yes
checking for C compiler default output file name... a.out
checking for suffix of executables... 
checking whether we are cross compiling... no
checking for suffix of object files... o
checking whether the compiler supports GNU C... yes
checking whether gcc accepts -g... yes
checking for gcc option to enable C11 features... none needed
checking whether gcc understands -c and -o together... yes
checking dependency style of gcc... gcc3
checking for stdio.h... yes
checking for stdlib.h... yes
checking for string.h... yes
checking for inttypes.h... yes
checking for stdint.h... yes
checking for strings.h... yes
checking for sys/stat.h... yes
checking for sys/types.h... yes
checking for unistd.h... yes
checking for wchar.h... yes
checking for minix/config.h... no
checking for sys/time.h... yes
checking whether it is safe to define __EXTENSIONS__... yes
checking whether _XOPEN_SOURCE should be defined... no
checking for gcc... (cached) gcc
checking whether the compiler supports GNU C... (cached) yes
checking whether gcc accepts -g... (cached) yes
checking for gcc option to enable C11 features... (cached) none needed
checking whether gcc understands -c and -o together... (cached) yes
checking dependency style of gcc... (cached) gcc3
checking how to run the C preprocessor... gcc -E
checking for perl... /usr/bin/perl
checking for strip... strip
checking for grep that handles long lines and -e... /usr/bin/grep
checking for egrep... /usr/bin/grep -E
checking for sys/wait.h that is POSIX.1 compatible... yes
checking for errno.h... yes
checking for fcntl.h... yes
checking for libgen.h... yes
checking for libutil.h... no
checking for stdlib.h... (cached) yes
checking for string.h... (cached) yes
checking for sched.h... yes
checking for sys/file.h... yes
checking for sys/ioctl.h... yes
checking for sys/wait.h... (cached) yes
checking for sys/resource.h... yes
checking for stddef.h... yes
checking for termios.h... yes
checking for unistd.h... (cached) yes
checking for stdint.h... (cached) yes
checking for time.h... yes
checking for getopt.h... yes
checking for regex.h... yes
checking for curses.h... yes
checking for stropts.h... no
checking for termcap.h... yes
checking for util.h... no
checking for term.h... yes
checking for ncurses/term.h... no
checking for gcc options needed to detect all undeclared functions... none needed
checking whether PROC_PIDVNODEPATHINFO is declared... no
checking whether procstat_open_sysctl is declared... no
checking whether procstat_getprocs is declared... no
checking whether procstat_getfiles is declared... no
checking whether STAILQ_FOREACH is declared... no
checking argument type of tputs putc function... int
checking for an ANSI C-conforming const... yes
checking for pid_t... yes
checking whether gcc needs -traditional... no
checking return type of signal handlers... void
checking for getopt_long... yes
checking for basename... yes
checking for dirname... yes
checking for flock... yes
checking for getopt_long... (cached) yes
checking for isastream... no
checking for mkstemps... yes
checking for pselect... yes
checking for putenv... yes
checking for readlink... yes
checking for sched_yield... yes
checking for setenv... yes
checking for setitimer... yes
checking for setsid... yes
checking for setrlimit... yes
checking for sigaction... yes
checking for snprintf... yes
checking for strlcpy... yes
checking for strlcat... yes
checking for strnlen... yes
checking for system... yes
checking for openpty in -lutil... yes
checking for openpty... yes
checking for getpty... no
checking for grantpt... yes
checking for unlockpt... yes
checking for getpt... yes
checking for pty/tty type... checking for pty.h... yes
OPENPTY
configure: checking for pty ranges...
checking for tgetent... no
checking for tgetent in -ltinfo... yes
checking for readline in -lreadline... yes
checking for tigetnum... yes
checking for readline/readline.h... yes
checking whether your readline headers and library know about rl_set_screen_size... yes
checking whether your readline headers and library know about rl_basic_quote_characters... yes
checking whether your readline headers and library know about rl_variable_value... yes
checking whether your readline headers and library know about rl_readline_version... yes
checking whether your readline headers and library know about rl_executing_keyseq... yes
checking whether the private symbol _rl_horizontal_scroll_mode is visble in your readline libs... yes
Will rlwrap find command's working directory under /proc/<commands pid>/cwd? let's see...
checking for /proc/3135277/cwd/configure.ac... yes
checking whether we can find command line under <opt_proc_mountpoint>/<pid>/cmdline and mirror it by overwriting our own *argv (this may take a few secs)... yes


checking that generated files are newer than configure... done
checking that generated files are newer than configure... done
configure: creating ./config.status
config.status: creating Makefile
config.status: creating filters/Makefile
config.status: creating doc/Makefile
config.status: creating src/Makefile
config.status: creating doc/rlwrap.man
config.status: creating config.h
config.status: executing depfiles commands

Now do:
    make (or gmake)  to build rlwrap
    make check       for instructions how to test it
    make install     to install it

+ make V=1
make  all-recursive
make[1]: Entering directory '/home/devel/building/work/src/rlwrap-0.45.2'
Making all in doc
make[2]: Entering directory '/home/devel/building/work/src/rlwrap-0.45.2/doc'
sed -e 's#@DATADIR@#/usr/share#'  rlwrap.man > rlwrap.1
make[2]: Leaving directory '/home/devel/building/work/src/rlwrap-0.45.2/doc'
Making all in src
make[2]: Entering directory '/home/devel/building/work/src/rlwrap-0.45.2/src'
gcc -DHAVE_CONFIG_H -I. -I..    -DDATADIR=\"/usr/share\"  -O2 -m64 -march=x86-64 -mtune=generic -MT main.o -MD -MP -MF .deps/main.Tpo -c -o main.o main.c
gcc -DHAVE_CONFIG_H -I. -I..    -DDATADIR=\"/usr/share\"  -O2 -m64 -march=x86-64 -mtune=generic -MT signals.o -MD -MP -MF .deps/signals.Tpo -c -o signals.o signals.c
gcc -DHAVE_CONFIG_H -I. -I..    -DDATADIR=\"/usr/share\"  -O2 -m64 -march=x86-64 -mtune=generic -MT readline.o -MD -MP -MF .deps/readline.Tpo -c -o readline.o readline.c
gcc -DHAVE_CONFIG_H -I. -I..    -DDATADIR=\"/usr/share\"  -O2 -m64 -march=x86-64 -mtune=generic -MT pty.o -MD -MP -MF .deps/pty.Tpo -c -o pty.o pty.c
gcc -DHAVE_CONFIG_H -I. -I..    -DDATADIR=\"/usr/share\"  -O2 -m64 -march=x86-64 -mtune=generic -MT completion.o -MD -MP -MF .deps/completion.Tpo -c -o completion.o completion.c
gcc -DHAVE_CONFIG_H -I. -I..    -DDATADIR=\"/usr/share\"  -O2 -m64 -march=x86-64 -mtune=generic -MT term.o -MD -MP -MF .deps/term.Tpo -c -o term.o term.c
gcc -DHAVE_CONFIG_H -I. -I..    -DDATADIR=\"/usr/share\"  -O2 -m64 -march=x86-64 -mtune=generic -MT ptytty.o -MD -MP -MF .deps/ptytty.Tpo -c -o ptytty.o ptytty.c
gcc -DHAVE_CONFIG_H -I. -I..    -DDATADIR=\"/usr/share\"  -O2 -m64 -march=x86-64 -mtune=generic -MT utils.o -MD -MP -MF .deps/utils.Tpo -c -o utils.o utils.c
mv -f .deps/ptytty.Tpo .deps/ptytty.Po
gcc -DHAVE_CONFIG_H -I. -I..    -DDATADIR=\"/usr/share\"  -O2 -m64 -march=x86-64 -mtune=generic -MT string_utils.o -MD -MP -MF .deps/string_utils.Tpo -c -o string_utils.o string_utils.c
mv -f .deps/pty.Tpo .deps/pty.Po
gcc -DHAVE_CONFIG_H -I. -I..    -DDATADIR=\"/usr/share\"  -O2 -m64 -march=x86-64 -mtune=generic -MT malloc_debug.o -MD -MP -MF .deps/malloc_debug.Tpo -c -o malloc_debug.o malloc_debug.c
mv -f .deps/term.Tpo .deps/term.Po
gcc -DHAVE_CONFIG_H -I. -I..    -DDATADIR=\"/usr/share\"  -O2 -m64 -march=x86-64 -mtune=generic -MT multibyte.o -MD -MP -MF .deps/multibyte.Tpo -c -o multibyte.o multibyte.c
mv -f .deps/signals.Tpo .deps/signals.Po
gcc -DHAVE_CONFIG_H -I. -I..    -DDATADIR=\"/usr/share\"  -O2 -m64 -march=x86-64 -mtune=generic -MT filter.o -MD -MP -MF .deps/filter.Tpo -c -o filter.o filter.c
mv -f .deps/malloc_debug.Tpo .deps/malloc_debug.Po
mv -f .deps/utils.Tpo .deps/utils.Po
mv -f .deps/main.Tpo .deps/main.Po
mv -f .deps/multibyte.Tpo .deps/multibyte.Po
mv -f .deps/completion.Tpo .deps/completion.Po
mv -f .deps/readline.Tpo .deps/readline.Po
mv -f .deps/filter.Tpo .deps/filter.Po
mv -f .deps/string_utils.Tpo .deps/string_utils.Po
gcc -DDATADIR=\"/usr/share\"  -O2 -m64 -march=x86-64 -mtune=generic   -o rlwrap main.o signals.o readline.o pty.o completion.o term.o ptytty.o utils.o string_utils.o malloc_debug.o multibyte.o filter.o  -lutil   -lreadline -ltinfo
make[2]: Leaving directory '/home/devel/building/work/src/rlwrap-0.45.2/src'
Making all in filters
make[2]: Entering directory '/home/devel/building/work/src/rlwrap-0.45.2/filters'
pod2man --section=3pm RlwrapFilter.pm > RlwrapFilter.3pm
make[2]: Leaving directory '/home/devel/building/work/src/rlwrap-0.45.2/filters'
make[2]: Entering directory '/home/devel/building/work/src/rlwrap-0.45.2'
make[2]: Nothing to be done for 'all-am'.
make[2]: Leaving directory '/home/devel/building/work/src/rlwrap-0.45.2'
make[1]: Leaving directory '/home/devel/building/work/src/rlwrap-0.45.2'
+ make DESTDIR=/home/devel/building/work/pkg install
Making install in doc
make[1]: Entering directory '/home/devel/building/work/src/rlwrap-0.45.2/doc'
make[2]: Entering directory '/home/devel/building/work/src/rlwrap-0.45.2/doc'
make[2]: Nothing to be done for 'install-exec-am'.
 /bin/mkdir -p '/home/devel/building/work/pkg/usr/share/man/man1'
 /usr/bin/install -c -m 644 rlwrap.1 '/home/devel/building/work/pkg/usr/share/man/man1'
make[2]: Leaving directory '/home/devel/building/work/src/rlwrap-0.45.2/doc'
make[1]: Leaving directory '/home/devel/building/work/src/rlwrap-0.45.2/doc'
Making install in src
make[1]: Entering directory '/home/devel/building/work/src/rlwrap-0.45.2/src'
make[2]: Entering directory '/home/devel/building/work/src/rlwrap-0.45.2/src'
make[2]: Nothing to be done for 'install-data-am'.
 /bin/mkdir -p '/home/devel/building/work/pkg/usr/bin'
  /usr/bin/install -c rlwrap '/home/devel/building/work/pkg/usr/bin'
make[2]: Leaving directory '/home/devel/building/work/src/rlwrap-0.45.2/src'
make[1]: Leaving directory '/home/devel/building/work/src/rlwrap-0.45.2/src'
Making install in filters
make[1]: Entering directory '/home/devel/building/work/src/rlwrap-0.45.2/filters'
make[2]: Entering directory '/home/devel/building/work/src/rlwrap-0.45.2/filters'
make[2]: Nothing to be done for 'install-exec-am'.
 /bin/mkdir -p '/home/devel/building/work/pkg/usr/share/man/man3'
 /usr/bin/install -c -m 644 RlwrapFilter.3pm '/home/devel/building/work/pkg/usr/share/man/man3'
make[2]: Leaving directory '/home/devel/building/work/src/rlwrap-0.45.2/filters'
make[1]: Leaving directory '/home/devel/building/work/src/rlwrap-0.45.2/filters'
make[1]: Entering directory '/home/devel/building/work/src/rlwrap-0.45.2'
make[2]: Entering directory '/home/devel/building/work/src/rlwrap-0.45.2'
make[2]: Nothing to be done for 'install-exec-am'.
 /bin/mkdir -p '/home/devel/building/work/pkg/usr/share/rlwrap'
 /bin/mkdir -p '/home/devel/building/work/pkg/usr/share/rlwrap/filters'
 /usr/bin/install -c -m 644  filters/README filters/RlwrapFilter.pm filters/RlwrapFilter.3pm filters/count_in_prompt filters/pipeto filters/logger filters/null filters/unbackspace filters/pipeline filters/ftp_filter filters/handle_hotkeys filters/history_format filters/simple_macro filters/template filters/scrub_prompt filters/paint_prompt filters/censor_passwords filters/listing filters/paint_prompt.py filters/handle_hotkeys.py filters/logger.py filters/pipeto.py filters/rlwrapfilter.py filters/null.py filters/censor_passwords.py filters/edit_history filters/count_in_prompt.py filters/ftp_filter.py filters/debug_null filters/handle_sigwinch filters/outfilter filters/makefilter filters/dissect_prompt '/home/devel/building/work/pkg/usr/share/rlwrap/filters'
 /bin/mkdir -p '/home/devel/building/work/pkg/usr/share/rlwrap/completions'
 /usr/bin/install -c -m 644  completions/testclient completions/coqtop '/home/devel/building/work/pkg/usr/share/rlwrap/completions'
make  install-data-hook
make[3]: Entering directory '/home/devel/building/work/src/rlwrap-0.45.2'
chmod a+x /home/devel/building/work/pkg/usr/share/rlwrap/filters/* 
make[3]: Leaving directory '/home/devel/building/work/src/rlwrap-0.45.2'
make[2]: Leaving directory '/home/devel/building/work/src/rlwrap-0.45.2'
make[1]: Leaving directory '/home/devel/building/work/src/rlwrap-0.45.2'
+ rm -r /home/devel/building/work/pkg/usr/share/man/man3 /home/devel/building/work/pkg/usr/share/rlwrap
=======> Build result:
drwxr-xr-x  0 root   root        0 Jul 12 19:01 usr/
drwxr-xr-x  0 root   root        0 Jul 12 19:01 usr/bin/
drwxr-xr-x  0 root   root        0 Jul 12 19:01 usr/share/
drwxr-xr-x  0 root   root        0 Jul 12 19:01 usr/share/man/
drwxr-xr-x  0 root   root        0 Jul 12 19:01 usr/share/man/man1/
-rw-r--r--  0 root   root    10458 Jul 12 19:01 usr/share/man/man1/rlwrap.1.gz
-rwxr-xr-x  0 root   root    95104 Jul 12 19:01 usr/bin/rlwrap
=======> Building '/home/devel/packages/rlwrap#0.45.2-1.x86_64.pkg.tar.zst' succeeded.
prt-get: Using PKGMK_PACKAGE_DIR: /home/devel/packages
prt-get: reinstalling rlwrap 0.45.2-1
prt-get: /usr/bin/pkgadd -u rlwrap#0.45.2-1.x86_64.pkg.tar.zst
prt-get: build done Wed Jul 12 19:01:35 2023

