prt-get: updating /usr/ports/opt-x86_64/rpcbind
prt-get: starting build Wed Jul 12 19:01:35 2023
=======> Building '/home/devel/packages/rpcbind#1.2.6-1.x86_64.pkg.tar.zst'.
bsdtar -p -o -C /home/devel/building/work/src -xf /home/devel/sources/rpcbind-1.2.6.tar.bz2
cp rpcbind.run /home/devel/building/work/src
+ build
+ cd rpcbind-1.2.6
+ sed '/servname\[\]/s/rpcbind/sunrpc/' -i src/rpcbind.c
+ ./configure --prefix=/usr --sbindir=/sbin --enable-warmstarts --disable-libwrap --with-systemdsystemunitdir=no
checking for a BSD-compatible install... /usr/bin/install -c
checking whether build environment is sane... yes
checking for a thread-safe mkdir -p... /bin/mkdir -p
checking for gawk... gawk
checking whether make sets $(MAKE)... yes
checking whether make supports nested variables... yes
checking for gcc... gcc
checking whether the C compiler works... yes
checking for C compiler default output file name... a.out
checking for suffix of executables... 
checking whether we are cross compiling... no
checking for suffix of object files... o
checking whether we are using the GNU C compiler... yes
checking whether gcc accepts -g... yes
checking for gcc option to accept ISO C89... none needed
checking whether gcc understands -c and -o together... yes
checking whether make supports the include directive... yes (GNU style)
checking dependency style of gcc... gcc3
checking for pkg-config... /usr/bin/pkg-config
checking pkg-config is at least version 0.9.0... yes
checking for TIRPC... yes
checking for pkg-config... (cached) /usr/bin/pkg-config
checking pkg-config is at least version 0.9.0... yes
checking for library containing pthread_create... none required
checking how to run the C preprocessor... gcc -E
checking for grep that handles long lines and -e... /usr/bin/grep
checking for egrep... /usr/bin/grep -E
checking for ANSI C header files... yes
checking for sys/types.h... yes
checking for sys/stat.h... yes
checking for stdlib.h... yes
checking for string.h... yes
checking for memory.h... yes
checking for strings.h... yes
checking for inttypes.h... yes
checking for stdint.h... yes
checking for unistd.h... yes
checking nss.h usability... yes
checking nss.h presence... yes
checking for nss.h... yes
checking that generated files are newer than configure... done
configure: creating ./config.status
config.status: creating Makefile
config.status: creating systemd/rpcbind.service
config.status: executing depfiles commands
+ make V=1
depbase=`echo src/rpcinfo.o | sed 's|[^/]*$|.deps/&|;s|\.o$||'`;\
gcc -DPACKAGE_NAME=\"rpcbind\" -DPACKAGE_TARNAME=\"rpcbind\" -DPACKAGE_VERSION=\"1.2.6\" -DPACKAGE_STRING=\"rpcbind\ 1.2.6\" -DPACKAGE_BUGREPORT=\"\" -DPACKAGE_URL=\"\" -DPACKAGE=\"rpcbind\" -DVERSION=\"1.2.6\" -DSTDC_HEADERS=1 -DHAVE_SYS_TYPES_H=1 -DHAVE_SYS_STAT_H=1 -DHAVE_STDLIB_H=1 -DHAVE_STRING_H=1 -DHAVE_MEMORY_H=1 -DHAVE_STRINGS_H=1 -DHAVE_INTTYPES_H=1 -DHAVE_STDINT_H=1 -DHAVE_UNISTD_H=1 -DHAVE_NSS_H=1 -I.  -DCHECK_LOCAL -DPORTMAP -DFACILITY=LOG_MAIL -DSEVERITY=LOG_INFO -DINET6 -DRPCBIND_STATEDIR="\"/var/run/rpcbind\"" -DRPCBIND_USER="\"root\"" -DNSS_MODULES="\"files\"" -D_GNU_SOURCE -I/usr/include/tirpc   -DWARMSTART      -O2 -m64 -march=x86-64 -mtune=generic -MT src/rpcinfo.o -MD -MP -MF $depbase.Tpo -c -o src/rpcinfo.o src/rpcinfo.c &&\
mv -f $depbase.Tpo $depbase.Po
depbase=`echo src/check_bound.o | sed 's|[^/]*$|.deps/&|;s|\.o$||'`;\
gcc -DPACKAGE_NAME=\"rpcbind\" -DPACKAGE_TARNAME=\"rpcbind\" -DPACKAGE_VERSION=\"1.2.6\" -DPACKAGE_STRING=\"rpcbind\ 1.2.6\" -DPACKAGE_BUGREPORT=\"\" -DPACKAGE_URL=\"\" -DPACKAGE=\"rpcbind\" -DVERSION=\"1.2.6\" -DSTDC_HEADERS=1 -DHAVE_SYS_TYPES_H=1 -DHAVE_SYS_STAT_H=1 -DHAVE_STDLIB_H=1 -DHAVE_STRING_H=1 -DHAVE_MEMORY_H=1 -DHAVE_STRINGS_H=1 -DHAVE_INTTYPES_H=1 -DHAVE_STDINT_H=1 -DHAVE_UNISTD_H=1 -DHAVE_NSS_H=1 -I.  -DCHECK_LOCAL -DPORTMAP -DFACILITY=LOG_MAIL -DSEVERITY=LOG_INFO -DINET6 -DRPCBIND_STATEDIR="\"/var/run/rpcbind\"" -DRPCBIND_USER="\"root\"" -DNSS_MODULES="\"files\"" -D_GNU_SOURCE -I/usr/include/tirpc   -DWARMSTART      -O2 -m64 -march=x86-64 -mtune=generic -MT src/check_bound.o -MD -MP -MF $depbase.Tpo -c -o src/check_bound.o src/check_bound.c &&\
mv -f $depbase.Tpo $depbase.Po
depbase=`echo src/pmap_svc.o | sed 's|[^/]*$|.deps/&|;s|\.o$||'`;\
gcc -DPACKAGE_NAME=\"rpcbind\" -DPACKAGE_TARNAME=\"rpcbind\" -DPACKAGE_VERSION=\"1.2.6\" -DPACKAGE_STRING=\"rpcbind\ 1.2.6\" -DPACKAGE_BUGREPORT=\"\" -DPACKAGE_URL=\"\" -DPACKAGE=\"rpcbind\" -DVERSION=\"1.2.6\" -DSTDC_HEADERS=1 -DHAVE_SYS_TYPES_H=1 -DHAVE_SYS_STAT_H=1 -DHAVE_STDLIB_H=1 -DHAVE_STRING_H=1 -DHAVE_MEMORY_H=1 -DHAVE_STRINGS_H=1 -DHAVE_INTTYPES_H=1 -DHAVE_STDINT_H=1 -DHAVE_UNISTD_H=1 -DHAVE_NSS_H=1 -I.  -DCHECK_LOCAL -DPORTMAP -DFACILITY=LOG_MAIL -DSEVERITY=LOG_INFO -DINET6 -DRPCBIND_STATEDIR="\"/var/run/rpcbind\"" -DRPCBIND_USER="\"root\"" -DNSS_MODULES="\"files\"" -D_GNU_SOURCE -I/usr/include/tirpc   -DWARMSTART      -O2 -m64 -march=x86-64 -mtune=generic -MT src/pmap_svc.o -MD -MP -MF $depbase.Tpo -c -o src/pmap_svc.o src/pmap_svc.c &&\
mv -f $depbase.Tpo $depbase.Po
depbase=`echo src/rpcb_stat.o | sed 's|[^/]*$|.deps/&|;s|\.o$||'`;\
gcc -DPACKAGE_NAME=\"rpcbind\" -DPACKAGE_TARNAME=\"rpcbind\" -DPACKAGE_VERSION=\"1.2.6\" -DPACKAGE_STRING=\"rpcbind\ 1.2.6\" -DPACKAGE_BUGREPORT=\"\" -DPACKAGE_URL=\"\" -DPACKAGE=\"rpcbind\" -DVERSION=\"1.2.6\" -DSTDC_HEADERS=1 -DHAVE_SYS_TYPES_H=1 -DHAVE_SYS_STAT_H=1 -DHAVE_STDLIB_H=1 -DHAVE_STRING_H=1 -DHAVE_MEMORY_H=1 -DHAVE_STRINGS_H=1 -DHAVE_INTTYPES_H=1 -DHAVE_STDINT_H=1 -DHAVE_UNISTD_H=1 -DHAVE_NSS_H=1 -I.  -DCHECK_LOCAL -DPORTMAP -DFACILITY=LOG_MAIL -DSEVERITY=LOG_INFO -DINET6 -DRPCBIND_STATEDIR="\"/var/run/rpcbind\"" -DRPCBIND_USER="\"root\"" -DNSS_MODULES="\"files\"" -D_GNU_SOURCE -I/usr/include/tirpc   -DWARMSTART      -O2 -m64 -march=x86-64 -mtune=generic -MT src/rpcb_stat.o -MD -MP -MF $depbase.Tpo -c -o src/rpcb_stat.o src/rpcb_stat.c &&\
mv -f $depbase.Tpo $depbase.Po
depbase=`echo src/rpcb_svc.o | sed 's|[^/]*$|.deps/&|;s|\.o$||'`;\
gcc -DPACKAGE_NAME=\"rpcbind\" -DPACKAGE_TARNAME=\"rpcbind\" -DPACKAGE_VERSION=\"1.2.6\" -DPACKAGE_STRING=\"rpcbind\ 1.2.6\" -DPACKAGE_BUGREPORT=\"\" -DPACKAGE_URL=\"\" -DPACKAGE=\"rpcbind\" -DVERSION=\"1.2.6\" -DSTDC_HEADERS=1 -DHAVE_SYS_TYPES_H=1 -DHAVE_SYS_STAT_H=1 -DHAVE_STDLIB_H=1 -DHAVE_STRING_H=1 -DHAVE_MEMORY_H=1 -DHAVE_STRINGS_H=1 -DHAVE_INTTYPES_H=1 -DHAVE_STDINT_H=1 -DHAVE_UNISTD_H=1 -DHAVE_NSS_H=1 -I.  -DCHECK_LOCAL -DPORTMAP -DFACILITY=LOG_MAIL -DSEVERITY=LOG_INFO -DINET6 -DRPCBIND_STATEDIR="\"/var/run/rpcbind\"" -DRPCBIND_USER="\"root\"" -DNSS_MODULES="\"files\"" -D_GNU_SOURCE -I/usr/include/tirpc   -DWARMSTART      -O2 -m64 -march=x86-64 -mtune=generic -MT src/rpcb_svc.o -MD -MP -MF $depbase.Tpo -c -o src/rpcb_svc.o src/rpcb_svc.c &&\
mv -f $depbase.Tpo $depbase.Po
depbase=`echo src/rpcb_svc_4.o | sed 's|[^/]*$|.deps/&|;s|\.o$||'`;\
gcc -DPACKAGE_NAME=\"rpcbind\" -DPACKAGE_TARNAME=\"rpcbind\" -DPACKAGE_VERSION=\"1.2.6\" -DPACKAGE_STRING=\"rpcbind\ 1.2.6\" -DPACKAGE_BUGREPORT=\"\" -DPACKAGE_URL=\"\" -DPACKAGE=\"rpcbind\" -DVERSION=\"1.2.6\" -DSTDC_HEADERS=1 -DHAVE_SYS_TYPES_H=1 -DHAVE_SYS_STAT_H=1 -DHAVE_STDLIB_H=1 -DHAVE_STRING_H=1 -DHAVE_MEMORY_H=1 -DHAVE_STRINGS_H=1 -DHAVE_INTTYPES_H=1 -DHAVE_STDINT_H=1 -DHAVE_UNISTD_H=1 -DHAVE_NSS_H=1 -I.  -DCHECK_LOCAL -DPORTMAP -DFACILITY=LOG_MAIL -DSEVERITY=LOG_INFO -DINET6 -DRPCBIND_STATEDIR="\"/var/run/rpcbind\"" -DRPCBIND_USER="\"root\"" -DNSS_MODULES="\"files\"" -D_GNU_SOURCE -I/usr/include/tirpc   -DWARMSTART      -O2 -m64 -march=x86-64 -mtune=generic -MT src/rpcb_svc_4.o -MD -MP -MF $depbase.Tpo -c -o src/rpcb_svc_4.o src/rpcb_svc_4.c &&\
mv -f $depbase.Tpo $depbase.Po
depbase=`echo src/rpcb_svc_com.o | sed 's|[^/]*$|.deps/&|;s|\.o$||'`;\
gcc -DPACKAGE_NAME=\"rpcbind\" -DPACKAGE_TARNAME=\"rpcbind\" -DPACKAGE_VERSION=\"1.2.6\" -DPACKAGE_STRING=\"rpcbind\ 1.2.6\" -DPACKAGE_BUGREPORT=\"\" -DPACKAGE_URL=\"\" -DPACKAGE=\"rpcbind\" -DVERSION=\"1.2.6\" -DSTDC_HEADERS=1 -DHAVE_SYS_TYPES_H=1 -DHAVE_SYS_STAT_H=1 -DHAVE_STDLIB_H=1 -DHAVE_STRING_H=1 -DHAVE_MEMORY_H=1 -DHAVE_STRINGS_H=1 -DHAVE_INTTYPES_H=1 -DHAVE_STDINT_H=1 -DHAVE_UNISTD_H=1 -DHAVE_NSS_H=1 -I.  -DCHECK_LOCAL -DPORTMAP -DFACILITY=LOG_MAIL -DSEVERITY=LOG_INFO -DINET6 -DRPCBIND_STATEDIR="\"/var/run/rpcbind\"" -DRPCBIND_USER="\"root\"" -DNSS_MODULES="\"files\"" -D_GNU_SOURCE -I/usr/include/tirpc   -DWARMSTART      -O2 -m64 -march=x86-64 -mtune=generic -MT src/rpcb_svc_com.o -MD -MP -MF $depbase.Tpo -c -o src/rpcb_svc_com.o src/rpcb_svc_com.c &&\
mv -f $depbase.Tpo $depbase.Po
depbase=`echo src/rpcbind.o | sed 's|[^/]*$|.deps/&|;s|\.o$||'`;\
gcc -DPACKAGE_NAME=\"rpcbind\" -DPACKAGE_TARNAME=\"rpcbind\" -DPACKAGE_VERSION=\"1.2.6\" -DPACKAGE_STRING=\"rpcbind\ 1.2.6\" -DPACKAGE_BUGREPORT=\"\" -DPACKAGE_URL=\"\" -DPACKAGE=\"rpcbind\" -DVERSION=\"1.2.6\" -DSTDC_HEADERS=1 -DHAVE_SYS_TYPES_H=1 -DHAVE_SYS_STAT_H=1 -DHAVE_STDLIB_H=1 -DHAVE_STRING_H=1 -DHAVE_MEMORY_H=1 -DHAVE_STRINGS_H=1 -DHAVE_INTTYPES_H=1 -DHAVE_STDINT_H=1 -DHAVE_UNISTD_H=1 -DHAVE_NSS_H=1 -I.  -DCHECK_LOCAL -DPORTMAP -DFACILITY=LOG_MAIL -DSEVERITY=LOG_INFO -DINET6 -DRPCBIND_STATEDIR="\"/var/run/rpcbind\"" -DRPCBIND_USER="\"root\"" -DNSS_MODULES="\"files\"" -D_GNU_SOURCE -I/usr/include/tirpc   -DWARMSTART      -O2 -m64 -march=x86-64 -mtune=generic -MT src/rpcbind.o -MD -MP -MF $depbase.Tpo -c -o src/rpcbind.o src/rpcbind.c &&\
mv -f $depbase.Tpo $depbase.Po
depbase=`echo src/security.o | sed 's|[^/]*$|.deps/&|;s|\.o$||'`;\
gcc -DPACKAGE_NAME=\"rpcbind\" -DPACKAGE_TARNAME=\"rpcbind\" -DPACKAGE_VERSION=\"1.2.6\" -DPACKAGE_STRING=\"rpcbind\ 1.2.6\" -DPACKAGE_BUGREPORT=\"\" -DPACKAGE_URL=\"\" -DPACKAGE=\"rpcbind\" -DVERSION=\"1.2.6\" -DSTDC_HEADERS=1 -DHAVE_SYS_TYPES_H=1 -DHAVE_SYS_STAT_H=1 -DHAVE_STDLIB_H=1 -DHAVE_STRING_H=1 -DHAVE_MEMORY_H=1 -DHAVE_STRINGS_H=1 -DHAVE_INTTYPES_H=1 -DHAVE_STDINT_H=1 -DHAVE_UNISTD_H=1 -DHAVE_NSS_H=1 -I.  -DCHECK_LOCAL -DPORTMAP -DFACILITY=LOG_MAIL -DSEVERITY=LOG_INFO -DINET6 -DRPCBIND_STATEDIR="\"/var/run/rpcbind\"" -DRPCBIND_USER="\"root\"" -DNSS_MODULES="\"files\"" -D_GNU_SOURCE -I/usr/include/tirpc   -DWARMSTART      -O2 -m64 -march=x86-64 -mtune=generic -MT src/security.o -MD -MP -MF $depbase.Tpo -c -o src/security.o src/security.c &&\
mv -f $depbase.Tpo $depbase.Po
depbase=`echo src/util.o | sed 's|[^/]*$|.deps/&|;s|\.o$||'`;\
gcc -DPACKAGE_NAME=\"rpcbind\" -DPACKAGE_TARNAME=\"rpcbind\" -DPACKAGE_VERSION=\"1.2.6\" -DPACKAGE_STRING=\"rpcbind\ 1.2.6\" -DPACKAGE_BUGREPORT=\"\" -DPACKAGE_URL=\"\" -DPACKAGE=\"rpcbind\" -DVERSION=\"1.2.6\" -DSTDC_HEADERS=1 -DHAVE_SYS_TYPES_H=1 -DHAVE_SYS_STAT_H=1 -DHAVE_STDLIB_H=1 -DHAVE_STRING_H=1 -DHAVE_MEMORY_H=1 -DHAVE_STRINGS_H=1 -DHAVE_INTTYPES_H=1 -DHAVE_STDINT_H=1 -DHAVE_UNISTD_H=1 -DHAVE_NSS_H=1 -I.  -DCHECK_LOCAL -DPORTMAP -DFACILITY=LOG_MAIL -DSEVERITY=LOG_INFO -DINET6 -DRPCBIND_STATEDIR="\"/var/run/rpcbind\"" -DRPCBIND_USER="\"root\"" -DNSS_MODULES="\"files\"" -D_GNU_SOURCE -I/usr/include/tirpc   -DWARMSTART      -O2 -m64 -march=x86-64 -mtune=generic -MT src/util.o -MD -MP -MF $depbase.Tpo -c -o src/util.o src/util.c &&\
mv -f $depbase.Tpo $depbase.Po
depbase=`echo src/warmstart.o | sed 's|[^/]*$|.deps/&|;s|\.o$||'`;\
gcc -DPACKAGE_NAME=\"rpcbind\" -DPACKAGE_TARNAME=\"rpcbind\" -DPACKAGE_VERSION=\"1.2.6\" -DPACKAGE_STRING=\"rpcbind\ 1.2.6\" -DPACKAGE_BUGREPORT=\"\" -DPACKAGE_URL=\"\" -DPACKAGE=\"rpcbind\" -DVERSION=\"1.2.6\" -DSTDC_HEADERS=1 -DHAVE_SYS_TYPES_H=1 -DHAVE_SYS_STAT_H=1 -DHAVE_STDLIB_H=1 -DHAVE_STRING_H=1 -DHAVE_MEMORY_H=1 -DHAVE_STRINGS_H=1 -DHAVE_INTTYPES_H=1 -DHAVE_STDINT_H=1 -DHAVE_UNISTD_H=1 -DHAVE_NSS_H=1 -I.  -DCHECK_LOCAL -DPORTMAP -DFACILITY=LOG_MAIL -DSEVERITY=LOG_INFO -DINET6 -DRPCBIND_STATEDIR="\"/var/run/rpcbind\"" -DRPCBIND_USER="\"root\"" -DNSS_MODULES="\"files\"" -D_GNU_SOURCE -I/usr/include/tirpc   -DWARMSTART      -O2 -m64 -march=x86-64 -mtune=generic -MT src/warmstart.o -MD -MP -MF $depbase.Tpo -c -o src/warmstart.o src/warmstart.c &&\
mv -f $depbase.Tpo $depbase.Po
depbase=`echo src/xlog.o | sed 's|[^/]*$|.deps/&|;s|\.o$||'`;\
gcc -DPACKAGE_NAME=\"rpcbind\" -DPACKAGE_TARNAME=\"rpcbind\" -DPACKAGE_VERSION=\"1.2.6\" -DPACKAGE_STRING=\"rpcbind\ 1.2.6\" -DPACKAGE_BUGREPORT=\"\" -DPACKAGE_URL=\"\" -DPACKAGE=\"rpcbind\" -DVERSION=\"1.2.6\" -DSTDC_HEADERS=1 -DHAVE_SYS_TYPES_H=1 -DHAVE_SYS_STAT_H=1 -DHAVE_STDLIB_H=1 -DHAVE_STRING_H=1 -DHAVE_MEMORY_H=1 -DHAVE_STRINGS_H=1 -DHAVE_INTTYPES_H=1 -DHAVE_STDINT_H=1 -DHAVE_UNISTD_H=1 -DHAVE_NSS_H=1 -I.  -DCHECK_LOCAL -DPORTMAP -DFACILITY=LOG_MAIL -DSEVERITY=LOG_INFO -DINET6 -DRPCBIND_STATEDIR="\"/var/run/rpcbind\"" -DRPCBIND_USER="\"root\"" -DNSS_MODULES="\"files\"" -D_GNU_SOURCE -I/usr/include/tirpc   -DWARMSTART      -O2 -m64 -march=x86-64 -mtune=generic -MT src/xlog.o -MD -MP -MF $depbase.Tpo -c -o src/xlog.o src/xlog.c &&\
mv -f $depbase.Tpo $depbase.Po
gcc  -O2 -m64 -march=x86-64 -mtune=generic   -o rpcbind src/check_bound.o src/pmap_svc.o src/rpcb_stat.o src/rpcb_svc.o src/rpcb_svc_4.o src/rpcb_svc_com.o src/rpcbind.o src/security.o src/util.o src/warmstart.o src/xlog.o -ltirpc  
gcc  -O2 -m64 -march=x86-64 -mtune=generic   -o rpcinfo src/rpcinfo.o -ltirpc 
+ make DESTDIR=/home/devel/building/work/pkg install
make[1]: Entering directory '/home/devel/building/work/src/rpcbind-1.2.6'
 /bin/mkdir -p '/home/devel/building/work/pkg/usr/bin'
 /bin/mkdir -p '/home/devel/building/work/pkg/sbin'
 /bin/mkdir -p '/home/devel/building/work/pkg/usr/share/man/man8'
  /usr/bin/install -c rpcinfo '/home/devel/building/work/pkg/usr/bin'
  /usr/bin/install -c rpcbind '/home/devel/building/work/pkg/sbin'
 /usr/bin/install -c -m 644 man/rpcbind.8 man/rpcinfo.8 '/home/devel/building/work/pkg/usr/share/man/man8'
make[1]: Leaving directory '/home/devel/building/work/src/rpcbind-1.2.6'
+ install -d /home/devel/building/work/pkg/etc/sv/rpcbind
+ install -m 0755 /home/devel/building/work/src/rpcbind.run /home/devel/building/work/pkg/etc/sv/rpcbind/run
+ ln -s /run/runit/supervise.rpcbind /home/devel/building/work/pkg/etc/sv/rpcbind/supervise
=======> Build result:
drwxr-xr-x  0 root   root        0 Jul 12 19:01 etc/
drwxr-xr-x  0 root   root        0 Jul 12 19:01 etc/sv/
drwxr-xr-x  0 root   root        0 Jul 12 19:01 etc/sv/rpcbind/
lrwxrwxrwx  0 root   root        0 Jul 12 19:01 etc/sv/rpcbind/supervise -> /run/runit/supervise.rpcbind
-rwxr-xr-x  0 root   root       29 Jul 12 19:01 etc/sv/rpcbind/run
drwxr-xr-x  0 root   root        0 Jul 12 19:01 sbin/
-rwxr-xr-x  0 root   root    56456 Jul 12 19:01 sbin/rpcbind
drwxr-xr-x  0 root   root        0 Jul 12 19:01 usr/
drwxr-xr-x  0 root   root        0 Jul 12 19:01 usr/share/
drwxr-xr-x  0 root   root        0 Jul 12 19:01 usr/bin/
-rwxr-xr-x  0 root   root    31304 Jul 12 19:01 usr/bin/rpcinfo
drwxr-xr-x  0 root   root        0 Jul 12 19:01 usr/share/man/
drwxr-xr-x  0 root   root        0 Jul 12 19:01 usr/share/man/man8/
-rw-r--r--  0 root   root     1688 Jul 12 19:01 usr/share/man/man8/rpcbind.8.gz
-rw-r--r--  0 root   root     2401 Jul 12 19:01 usr/share/man/man8/rpcinfo.8.gz
=======> Building '/home/devel/packages/rpcbind#1.2.6-1.x86_64.pkg.tar.zst' succeeded.
prt-get: Using PKGMK_PACKAGE_DIR: /home/devel/packages
prt-get: reinstalling rpcbind 1.2.6-1
prt-get: /usr/bin/pkgadd -u rpcbind#1.2.6-1.x86_64.pkg.tar.zst
prt-get: build done Wed Jul 12 19:01:37 2023

