prt-get: updating /usr/ports/opt-x86_64/rpcsvc-proto
prt-get: starting build Wed Jul 12 19:01:37 2023
=======> Building '/home/devel/packages/rpcsvc-proto#1.4.4-1.x86_64.pkg.tar.zst'.
bsdtar -p -o -C /home/devel/building/work/src -xf /home/devel/sources/rpcsvc-proto-1.4.4.tar.xz
+ build
+ cd rpcsvc-proto-1.4.4
+ autoreconf -fiv
autoreconf: export WARNINGS=
autoreconf: Entering directory '.'
autoreconf: running: autopoint --force
autopoint: using AM_GNU_GETTEXT_REQUIRE_VERSION instead of AM_GNU_GETTEXT_VERSION
Copying file config.rpath
Copying file m4/build-to-host.m4
Copying file m4/gettext.m4
Copying file m4/host-cpu-c-abi.m4
Copying file m4/iconv.m4
Copying file m4/lib-ld.m4
Copying file m4/lib-link.m4
Copying file m4/lib-prefix.m4
Copying file m4/po.m4
Copying file m4/progtest.m4
Copying file po/Makefile.in.in
Copying file po/Makevars.template
autoreconf: running: aclocal --force -I m4
autoreconf: configure.ac: tracing
autoreconf: configure.ac: not using Libtool
autoreconf: configure.ac: not using Intltool
autoreconf: configure.ac: not using Gtkdoc
autoreconf: running: /usr/bin/autoconf --force
configure.ac:5: warning: 'AM_CONFIG_HEADER': this macro is obsolete.
configure.ac:5: You should use the 'AC_CONFIG_HEADERS' macro instead.
./lib/autoconf/general.m4:2434: AC_DIAGNOSE is expanded from...
aclocal.m4:745: AM_CONFIG_HEADER is expanded from...
configure.ac:5: the top level
configure.ac:14: warning: The macro `AC_GNU_SOURCE' is obsolete.
configure.ac:14: You should run autoupdate.
./lib/autoconf/specific.m4:312: AC_GNU_SOURCE is expanded from...
configure.ac:14: the top level
configure.ac:17: warning: The macro `AC_ISC_POSIX' is obsolete.
configure.ac:17: You should run autoupdate.
./lib/autoconf/specific.m4:550: AC_ISC_POSIX is expanded from...
configure.ac:17: the top level
configure.ac:26: warning: AC_OUTPUT should be used without arguments.
configure.ac:26: You should run autoupdate.
autoreconf: running: /usr/bin/autoheader --force
autoreconf: running: automake --add-missing --copy --force-missing
autoreconf: Leaving directory '.'
+ ./configure --prefix=/usr
checking for a BSD-compatible install... /usr/bin/install -c
checking whether build environment is sane... yes
checking for a race-free mkdir -p... /bin/mkdir -p
checking for gawk... gawk
checking whether make sets $(MAKE)... yes
checking whether make supports nested variables... yes
checking whether make supports the include directive... yes (GNU style)
checking for gcc... gcc
checking whether the C compiler works... yes
checking for C compiler default output file name... a.out
checking for suffix of executables... 
checking whether we are cross compiling... no
checking for suffix of object files... o
checking whether the compiler supports GNU C... yes
checking whether gcc accepts -g... yes
checking for gcc option to enable C11 features... none needed
checking whether gcc understands -c and -o together... yes
checking dependency style of gcc... gcc3
checking for stdio.h... yes
checking for stdlib.h... yes
checking for string.h... yes
checking for inttypes.h... yes
checking for stdint.h... yes
checking for strings.h... yes
checking for sys/stat.h... yes
checking for sys/types.h... yes
checking for unistd.h... yes
checking for wchar.h... yes
checking for minix/config.h... no
checking whether it is safe to define __EXTENSIONS__... yes
checking whether _XOPEN_SOURCE should be defined... no
checking for special C compiler options needed for large files... no
checking for _FILE_OFFSET_BITS value needed for large files... no
checking for gcc... (cached) gcc
checking whether the compiler supports GNU C... (cached) yes
checking whether gcc accepts -g... (cached) yes
checking for gcc option to enable C11 features... (cached) none needed
checking whether gcc understands -c and -o together... (cached) yes
checking dependency style of gcc... (cached) gcc3
checking how to run the C preprocessor... gcc -E
checking for library containing strerror... none required
checking whether make sets $(MAKE)... (cached) yes
checking for a sed that does not truncate output... /bin/sed
checking whether NLS is requested... yes
checking for msgfmt... /usr/bin/msgfmt
checking for gmsgfmt... /usr/bin/msgfmt
checking for xgettext... /usr/bin/xgettext
checking for msgmerge... /usr/bin/msgmerge
checking build system type... x86_64-pc-linux-gnu
checking host system type... x86_64-pc-linux-gnu
checking for ld used by gcc... /usr/bin/ld
checking if the linker (/usr/bin/ld) is GNU ld... yes
checking for shared library run path origin... done
checking 32-bit host C ABI... no
checking for grep that handles long lines and -e... /usr/bin/grep
checking for egrep... /usr/bin/grep -E
checking for ELF binary format... yes
checking for the common suffixes of directories in the library search path... lib,lib,lib64
checking for CFPreferencesCopyAppValue... no
checking for CFLocaleCopyPreferredLanguages... no
checking for GNU gettext in libc... yes
checking whether to use NLS... yes
checking where the gettext function comes from... libc
checking that generated files are newer than configure... done
configure: creating ./config.status
config.status: creating Makefile
config.status: creating rpcgen/Makefile
config.status: creating rpcsvc/Makefile
config.status: creating po/Makefile.in
config.status: creating config.h
config.status: executing depfiles commands
config.status: executing po-directories commands
config.status: creating po/POTFILES
config.status: creating po/Makefile
+ make V=1
make  all-recursive
make[1]: Entering directory '/home/devel/building/work/src/rpcsvc-proto-1.4.4'
Making all in rpcgen
make[2]: Entering directory '/home/devel/building/work/src/rpcsvc-proto-1.4.4/rpcgen'
gcc -DHAVE_CONFIG_H -I. -I..     -O2 -m64 -march=x86-64 -mtune=generic -MT rpc_clntout.o -MD -MP -MF .deps/rpc_clntout.Tpo -c -o rpc_clntout.o rpc_clntout.c
gcc -DHAVE_CONFIG_H -I. -I..     -O2 -m64 -march=x86-64 -mtune=generic -MT rpc_cout.o -MD -MP -MF .deps/rpc_cout.Tpo -c -o rpc_cout.o rpc_cout.c
gcc -DHAVE_CONFIG_H -I. -I..     -O2 -m64 -march=x86-64 -mtune=generic -MT rpc_hout.o -MD -MP -MF .deps/rpc_hout.Tpo -c -o rpc_hout.o rpc_hout.c
gcc -DHAVE_CONFIG_H -I. -I..     -O2 -m64 -march=x86-64 -mtune=generic -MT rpc_main.o -MD -MP -MF .deps/rpc_main.Tpo -c -o rpc_main.o rpc_main.c
gcc -DHAVE_CONFIG_H -I. -I..     -O2 -m64 -march=x86-64 -mtune=generic -MT rpc_parse.o -MD -MP -MF .deps/rpc_parse.Tpo -c -o rpc_parse.o rpc_parse.c
gcc -DHAVE_CONFIG_H -I. -I..     -O2 -m64 -march=x86-64 -mtune=generic -MT rpc_sample.o -MD -MP -MF .deps/rpc_sample.Tpo -c -o rpc_sample.o rpc_sample.c
gcc -DHAVE_CONFIG_H -I. -I..     -O2 -m64 -march=x86-64 -mtune=generic -MT rpc_scan.o -MD -MP -MF .deps/rpc_scan.Tpo -c -o rpc_scan.o rpc_scan.c
gcc -DHAVE_CONFIG_H -I. -I..     -O2 -m64 -march=x86-64 -mtune=generic -MT rpc_svcout.o -MD -MP -MF .deps/rpc_svcout.Tpo -c -o rpc_svcout.o rpc_svcout.c
mv -f .deps/rpc_clntout.Tpo .deps/rpc_clntout.Po
gcc -DHAVE_CONFIG_H -I. -I..     -O2 -m64 -march=x86-64 -mtune=generic -MT rpc_tblout.o -MD -MP -MF .deps/rpc_tblout.Tpo -c -o rpc_tblout.o rpc_tblout.c
mv -f .deps/rpc_sample.Tpo .deps/rpc_sample.Po
gcc -DHAVE_CONFIG_H -I. -I..     -O2 -m64 -march=x86-64 -mtune=generic -MT rpc_util.o -MD -MP -MF .deps/rpc_util.Tpo -c -o rpc_util.o rpc_util.c
mv -f .deps/rpc_parse.Tpo .deps/rpc_parse.Po
mv -f .deps/rpc_scan.Tpo .deps/rpc_scan.Po
mv -f .deps/rpc_hout.Tpo .deps/rpc_hout.Po
mv -f .deps/rpc_tblout.Tpo .deps/rpc_tblout.Po
mv -f .deps/rpc_cout.Tpo .deps/rpc_cout.Po
mv -f .deps/rpc_util.Tpo .deps/rpc_util.Po
mv -f .deps/rpc_svcout.Tpo .deps/rpc_svcout.Po
mv -f .deps/rpc_main.Tpo .deps/rpc_main.Po
gcc  -O2 -m64 -march=x86-64 -mtune=generic   -o rpcgen rpc_clntout.o rpc_cout.o rpc_hout.o rpc_main.o rpc_parse.o rpc_sample.o rpc_scan.o rpc_svcout.o rpc_tblout.o rpc_util.o  
make[2]: Leaving directory '/home/devel/building/work/src/rpcsvc-proto-1.4.4/rpcgen'
Making all in rpcsvc
make[2]: Entering directory '/home/devel/building/work/src/rpcsvc-proto-1.4.4/rpcsvc'
../rpcgen/rpcgen -h -o klm_prot.h klm_prot.x
../rpcgen/rpcgen -h -o nlm_prot.h nlm_prot.x
../rpcgen/rpcgen -h -o rstat.h rstat.x
../rpcgen/rpcgen -h -o spray.h spray.x
../rpcgen/rpcgen -h -o bootparam_prot.h bootparam_prot.x
../rpcgen/rpcgen -h -o mount.h mount.x
../rpcgen/rpcgen -h -o rex.h rex.x
../rpcgen/rpcgen -h -o rusers.h rusers.x
../rpcgen/rpcgen -h -o key_prot.h key_prot.x
../rpcgen/rpcgen -h -o nfs_prot.h nfs_prot.x
../rpcgen/rpcgen -h -o rquota.h rquota.x
../rpcgen/rpcgen -h -o sm_inter.h sm_inter.x
make[2]: Leaving directory '/home/devel/building/work/src/rpcsvc-proto-1.4.4/rpcsvc'
Making all in po
make[2]: Entering directory '/home/devel/building/work/src/rpcsvc-proto-1.4.4/po'
make rpcsvc-proto.pot-update
make[3]: Entering directory '/home/devel/building/work/src/rpcsvc-proto-1.4.4/po'
sed -e '/^#/d' remove-potcdate.sin > t-remove-potcdate.sed
mv t-remove-potcdate.sed remove-potcdate.sed
package_gnu=""; \
test -n "$package_gnu" || { \
  if { if (LC_ALL=C find --version) 2>/dev/null | grep GNU >/dev/null; then \
         LC_ALL=C find -L .. -maxdepth 1 -type f -size -10000000c -exec grep -i 'GNU rpcsvc-proto' /dev/null '{}' ';' 2>/dev/null; \
       else \
         LC_ALL=C grep -i 'GNU rpcsvc-proto' ../* 2>/dev/null; \
       fi; \
     } | grep -v 'libtool:' >/dev/null; then \
     package_gnu=yes; \
   else \
     package_gnu=no; \
   fi; \
}; \
if test "$package_gnu" = "yes"; then \
  package_prefix='GNU '; \
else \
  package_prefix=''; \
fi; \
if test -n '' || test 'kukuk@thkukuk.de' = '@'PACKAGE_BUGREPORT'@'; then \
  msgid_bugs_address=''; \
else \
  msgid_bugs_address='kukuk@thkukuk.de'; \
fi; \
case `/usr/bin/xgettext --version | sed 1q | sed -e 's,^[^0-9]*,,'` in \
  '' | 0.[0-9] | 0.[0-9].* | 0.1[0-5] | 0.1[0-5].* | 0.16 | 0.16.[0-1]*) \
    /usr/bin/xgettext --default-domain=rpcsvc-proto --directory=.. \
      --add-comments=TRANSLATORS: \
      --files-from=./POTFILES.in \
      --copyright-holder='Free Software Foundation, Inc.' \
      --msgid-bugs-address="$msgid_bugs_address" \
      --keyword=_ --keyword=N_  \
    ;; \
  *) \
    /usr/bin/xgettext --default-domain=rpcsvc-proto --directory=.. \
      --add-comments=TRANSLATORS: \
      --files-from=./POTFILES.in \
      --copyright-holder='Free Software Foundation, Inc.' \
      --package-name="${package_prefix}rpcsvc-proto" \
      --package-version='1.4.4' \
      --msgid-bugs-address="$msgid_bugs_address" \
      --keyword=_ --keyword=N_  \
    ;; \
esac
test ! -f rpcsvc-proto.po || { \
  if test -f ./rpcsvc-proto.pot-header; then \
    sed -e '1,/^#$/d' < rpcsvc-proto.po > rpcsvc-proto.1po && \
    cat ./rpcsvc-proto.pot-header rpcsvc-proto.1po > rpcsvc-proto.po && \
    rm -f rpcsvc-proto.1po \
    || exit 1; \
  fi; \
  if test -f ./rpcsvc-proto.pot; then \
    sed -f remove-potcdate.sed < ./rpcsvc-proto.pot > rpcsvc-proto.1po && \
    sed -f remove-potcdate.sed < rpcsvc-proto.po > rpcsvc-proto.2po && \
    if cmp rpcsvc-proto.1po rpcsvc-proto.2po >/dev/null 2>&1; then \
      rm -f rpcsvc-proto.1po rpcsvc-proto.2po rpcsvc-proto.po; \
    else \
      rm -f rpcsvc-proto.1po rpcsvc-proto.2po ./rpcsvc-proto.pot && \
      mv rpcsvc-proto.po ./rpcsvc-proto.pot; \
    fi; \
  else \
    mv rpcsvc-proto.po ./rpcsvc-proto.pot; \
  fi; \
}
make[3]: Leaving directory '/home/devel/building/work/src/rpcsvc-proto-1.4.4/po'
test ! -f ./rpcsvc-proto.pot || \
  test -z "" || make 
make[2]: Leaving directory '/home/devel/building/work/src/rpcsvc-proto-1.4.4/po'
make[2]: Entering directory '/home/devel/building/work/src/rpcsvc-proto-1.4.4'
make[2]: Leaving directory '/home/devel/building/work/src/rpcsvc-proto-1.4.4'
make[1]: Leaving directory '/home/devel/building/work/src/rpcsvc-proto-1.4.4'
+ make DESTDIR=/home/devel/building/work/pkg install
Making install in rpcgen
make[1]: Entering directory '/home/devel/building/work/src/rpcsvc-proto-1.4.4/rpcgen'
make[2]: Entering directory '/home/devel/building/work/src/rpcsvc-proto-1.4.4/rpcgen'
 /bin/mkdir -p '/home/devel/building/work/pkg/usr/bin'
 /bin/mkdir -p '/home/devel/building/work/pkg/usr/share/man/man1'
  /usr/bin/install -c rpcgen '/home/devel/building/work/pkg/usr/bin'
 /usr/bin/install -c -m 644 rpcgen.1 '/home/devel/building/work/pkg/usr/share/man/man1'
make[2]: Leaving directory '/home/devel/building/work/src/rpcsvc-proto-1.4.4/rpcgen'
make[1]: Leaving directory '/home/devel/building/work/src/rpcsvc-proto-1.4.4/rpcgen'
Making install in rpcsvc
make[1]: Entering directory '/home/devel/building/work/src/rpcsvc-proto-1.4.4/rpcsvc'
make[2]: Entering directory '/home/devel/building/work/src/rpcsvc-proto-1.4.4/rpcsvc'
make[2]: Nothing to be done for 'install-exec-am'.
 /bin/mkdir -p '/home/devel/building/work/pkg/usr/include/rpcsvc'
 /bin/mkdir -p '/home/devel/building/work/pkg/usr/include/rpcsvc'
 /usr/bin/install -c -m 644 klm_prot.h nlm_prot.h rstat.h spray.h bootparam_prot.h mount.h rex.h rusers.h key_prot.h nfs_prot.h rquota.h sm_inter.h '/home/devel/building/work/pkg/usr/include/rpcsvc'
 /usr/bin/install -c -m 644 klm_prot.x nlm_prot.x rstat.x spray.x bootparam_prot.x mount.x rex.x rusers.x key_prot.x nfs_prot.x rquota.x sm_inter.x '/home/devel/building/work/pkg/usr/include/rpcsvc'
make[2]: Leaving directory '/home/devel/building/work/src/rpcsvc-proto-1.4.4/rpcsvc'
make[1]: Leaving directory '/home/devel/building/work/src/rpcsvc-proto-1.4.4/rpcsvc'
Making install in po
make[1]: Entering directory '/home/devel/building/work/src/rpcsvc-proto-1.4.4/po'
make rpcsvc-proto.pot-update
make[2]: Entering directory '/home/devel/building/work/src/rpcsvc-proto-1.4.4/po'
package_gnu=""; \
test -n "$package_gnu" || { \
  if { if (LC_ALL=C find --version) 2>/dev/null | grep GNU >/dev/null; then \
         LC_ALL=C find -L .. -maxdepth 1 -type f -size -10000000c -exec grep -i 'GNU rpcsvc-proto' /dev/null '{}' ';' 2>/dev/null; \
       else \
         LC_ALL=C grep -i 'GNU rpcsvc-proto' ../* 2>/dev/null; \
       fi; \
     } | grep -v 'libtool:' >/dev/null; then \
     package_gnu=yes; \
   else \
     package_gnu=no; \
   fi; \
}; \
if test "$package_gnu" = "yes"; then \
  package_prefix='GNU '; \
else \
  package_prefix=''; \
fi; \
if test -n '' || test 'kukuk@thkukuk.de' = '@'PACKAGE_BUGREPORT'@'; then \
  msgid_bugs_address=''; \
else \
  msgid_bugs_address='kukuk@thkukuk.de'; \
fi; \
case `/usr/bin/xgettext --version | sed 1q | sed -e 's,^[^0-9]*,,'` in \
  '' | 0.[0-9] | 0.[0-9].* | 0.1[0-5] | 0.1[0-5].* | 0.16 | 0.16.[0-1]*) \
    /usr/bin/xgettext --default-domain=rpcsvc-proto --directory=.. \
      --add-comments=TRANSLATORS: \
      --files-from=./POTFILES.in \
      --copyright-holder='Free Software Foundation, Inc.' \
      --msgid-bugs-address="$msgid_bugs_address" \
      --keyword=_ --keyword=N_  \
    ;; \
  *) \
    /usr/bin/xgettext --default-domain=rpcsvc-proto --directory=.. \
      --add-comments=TRANSLATORS: \
      --files-from=./POTFILES.in \
      --copyright-holder='Free Software Foundation, Inc.' \
      --package-name="${package_prefix}rpcsvc-proto" \
      --package-version='1.4.4' \
      --msgid-bugs-address="$msgid_bugs_address" \
      --keyword=_ --keyword=N_  \
    ;; \
esac
test ! -f rpcsvc-proto.po || { \
  if test -f ./rpcsvc-proto.pot-header; then \
    sed -e '1,/^#$/d' < rpcsvc-proto.po > rpcsvc-proto.1po && \
    cat ./rpcsvc-proto.pot-header rpcsvc-proto.1po > rpcsvc-proto.po && \
    rm -f rpcsvc-proto.1po \
    || exit 1; \
  fi; \
  if test -f ./rpcsvc-proto.pot; then \
    sed -f remove-potcdate.sed < ./rpcsvc-proto.pot > rpcsvc-proto.1po && \
    sed -f remove-potcdate.sed < rpcsvc-proto.po > rpcsvc-proto.2po && \
    if cmp rpcsvc-proto.1po rpcsvc-proto.2po >/dev/null 2>&1; then \
      rm -f rpcsvc-proto.1po rpcsvc-proto.2po rpcsvc-proto.po; \
    else \
      rm -f rpcsvc-proto.1po rpcsvc-proto.2po ./rpcsvc-proto.pot && \
      mv rpcsvc-proto.po ./rpcsvc-proto.pot; \
    fi; \
  else \
    mv rpcsvc-proto.po ./rpcsvc-proto.pot; \
  fi; \
}
make[2]: Leaving directory '/home/devel/building/work/src/rpcsvc-proto-1.4.4/po'
test ! -f ./rpcsvc-proto.pot || \
  test -z "" || make 
if test "rpcsvc-proto" = "gettext-tools"; then \
  /bin/mkdir -p /home/devel/building/work/pkg/usr/share/gettext/po; \
  for file in Makefile.in.in remove-potcdate.sin quot.sed boldquot.sed en@quot.header en@boldquot.header insert-header.sin Rules-quot   Makevars.template; do \
    /usr/bin/install -c -m 644 ./$file \
		    /home/devel/building/work/pkg/usr/share/gettext/po/$file; \
  done; \
  for file in Makevars; do \
    rm -f /home/devel/building/work/pkg/usr/share/gettext/po/$file; \
  done; \
else \
  : ; \
fi
make[1]: Leaving directory '/home/devel/building/work/src/rpcsvc-proto-1.4.4/po'
make[1]: Entering directory '/home/devel/building/work/src/rpcsvc-proto-1.4.4'
make[2]: Entering directory '/home/devel/building/work/src/rpcsvc-proto-1.4.4'
make[2]: Nothing to be done for 'install-exec-am'.
make[2]: Nothing to be done for 'install-data-am'.
make[2]: Leaving directory '/home/devel/building/work/src/rpcsvc-proto-1.4.4'
make[1]: Leaving directory '/home/devel/building/work/src/rpcsvc-proto-1.4.4'
=======> Build result:
drwxr-xr-x  0 root   root        0 Jul 12 19:01 usr/
drwxr-xr-x  0 root   root        0 Jul 12 19:01 usr/include/
drwxr-xr-x  0 root   root        0 Jul 12 19:01 usr/share/
drwxr-xr-x  0 root   root        0 Jul 12 19:01 usr/bin/
-rwxr-xr-x  0 root   root    92968 Jul 12 19:01 usr/bin/rpcgen
drwxr-xr-x  0 root   root        0 Jul 12 19:01 usr/share/man/
drwxr-xr-x  0 root   root        0 Jul 12 19:01 usr/share/man/man1/
-rw-r--r--  0 root   root     3885 Jul 12 19:01 usr/share/man/man1/rpcgen.1.gz
drwxr-xr-x  0 root   root        0 Jul 12 19:01 usr/include/rpcsvc/
-rw-r--r--  0 root   root     3752 Jul 12 19:01 usr/include/rpcsvc/sm_inter.x
-rw-r--r--  0 root   root     1568 Jul 12 19:01 usr/include/rpcsvc/rquota.x
-rw-r--r--  0 root   root     7986 Jul 12 19:01 usr/include/rpcsvc/nfs_prot.x
-rw-r--r--  0 root   root     3173 Jul 12 19:01 usr/include/rpcsvc/sm_inter.h
-rw-r--r--  0 root   root     6568 Jul 12 19:01 usr/include/rpcsvc/key_prot.x
-rw-r--r--  0 root   root     2249 Jul 12 19:01 usr/include/rpcsvc/rquota.h
-rw-r--r--  0 root   root     5866 Jul 12 19:01 usr/include/rpcsvc/rusers.x
-rw-r--r--  0 root   root    11448 Jul 12 19:01 usr/include/rpcsvc/nfs_prot.h
-rw-r--r--  0 root   root     7422 Jul 12 19:01 usr/include/rpcsvc/rex.x
-rw-r--r--  0 root   root     6757 Jul 12 19:01 usr/include/rpcsvc/key_prot.h
-rw-r--r--  0 root   root     4665 Jul 12 19:01 usr/include/rpcsvc/mount.x
-rw-r--r--  0 root   root     3120 Jul 12 19:01 usr/include/rpcsvc/bootparam_prot.x
-rw-r--r--  0 root   root     3279 Jul 12 19:01 usr/include/rpcsvc/rusers.h
-rw-r--r--  0 root   root     2543 Jul 12 19:01 usr/include/rpcsvc/spray.x
-rw-r--r--  0 root   root     5252 Jul 12 19:01 usr/include/rpcsvc/rex.h
-rw-r--r--  0 root   root     4001 Jul 12 19:01 usr/include/rpcsvc/rstat.x
-rw-r--r--  0 root   root     3863 Jul 12 19:01 usr/include/rpcsvc/mount.h
-rw-r--r--  0 root   root     3188 Jul 12 19:01 usr/include/rpcsvc/bootparam_prot.h
-rw-r--r--  0 root   root     4990 Jul 12 19:01 usr/include/rpcsvc/nlm_prot.x
-rw-r--r--  0 root   root     1887 Jul 12 19:01 usr/include/rpcsvc/spray.h
-rw-r--r--  0 root   root     3741 Jul 12 19:01 usr/include/rpcsvc/klm_prot.x
-rw-r--r--  0 root   root     4045 Jul 12 19:01 usr/include/rpcsvc/rstat.h
-rw-r--r--  0 root   root     9374 Jul 12 19:01 usr/include/rpcsvc/nlm_prot.h
-rw-r--r--  0 root   root     3290 Jul 12 19:01 usr/include/rpcsvc/klm_prot.h
=======> Building '/home/devel/packages/rpcsvc-proto#1.4.4-1.x86_64.pkg.tar.zst' succeeded.
prt-get: Using PKGMK_PACKAGE_DIR: /home/devel/packages
prt-get: reinstalling rpcsvc-proto 1.4.4-1
prt-get: /usr/bin/pkgadd -u rpcsvc-proto#1.4.4-1.x86_64.pkg.tar.zst
prt-get: build done Wed Jul 12 19:01:42 2023

