prt-get: updating /usr/ports/core-x86_64/zstd
prt-get: starting build Wed Jul 12 19:29:15 2023
=======> Building '/home/devel/packages/zstd#1.5.5-1.x86_64.pkg.tar.zst'.
bsdtar -p -o -C /home/devel/building/work/src -xf /home/devel/sources/zstd-v1.5.5.tar.gz
+ build
+ cd zstd-1.5.5
+ make V=1
make -C lib lib-release
make -C programs zstd-release
make[1]: Entering directory '/home/devel/building/work/src/zstd-1.5.5/lib'
make[1]: Entering directory '/home/devel/building/work/src/zstd-1.5.5/programs'
make --no-print-directory libzstd.a BUILD_DIR=obj/conf_70ffb0608bc9ababcb198a7f25e2491d CPPFLAGS="-DXXH_NAMESPACE=ZSTD_ -DDEBUGLEVEL=0 -DZSTD_LEGACY_SUPPORT=5 " CFLAGS="-O2 -m64 -march=x86-64 -mtune=generic   -Wa,--noexecstack" LDFLAGS=" -z noexecstack"
make --no-print-directory libzstd.so.1.5.5 BUILD_DIR=obj/conf_e7851c3557c27f4588efc3eb039847d3 CPPFLAGS="-DXXH_NAMESPACE=ZSTD_ -DDEBUGLEVEL=0 -DZSTD_LEGACY_SUPPORT=5 -DZSTD_MULTITHREAD " CFLAGS="-O2 -m64 -march=x86-64 -mtune=generic   -Wa,--noexecstack -fPIC -fvisibility=hidden" LDFLAGS=" -z noexecstack -shared -pthread"
creating pkgconfig
mkdir -p obj/conf_70ffb0608bc9ababcb198a7f25e2491d/static
mkdir -p obj/conf_e7851c3557c27f4588efc3eb039847d3/dynamic
CC obj/conf_70ffb0608bc9ababcb198a7f25e2491d/static/debug.o
cc -O2 -m64 -march=x86-64 -mtune=generic   -Wa,--noexecstack -DXXH_NAMESPACE=ZSTD_ -DDEBUGLEVEL=0 -DZSTD_LEGACY_SUPPORT=5   -c -MT obj/conf_70ffb0608bc9ababcb198a7f25e2491d/static/debug.o -MMD -MP -MF obj/conf_70ffb0608bc9ababcb198a7f25e2491d/static/debug.d -o obj/conf_70ffb0608bc9ababcb198a7f25e2491d/static/debug.o .//common/debug.c
CC obj/conf_70ffb0608bc9ababcb198a7f25e2491d/static/entropy_common.o
CC obj/conf_70ffb0608bc9ababcb198a7f25e2491d/static/error_private.o
cc -O2 -m64 -march=x86-64 -mtune=generic   -Wa,--noexecstack -DXXH_NAMESPACE=ZSTD_ -DDEBUGLEVEL=0 -DZSTD_LEGACY_SUPPORT=5   -c -MT obj/conf_70ffb0608bc9ababcb198a7f25e2491d/static/entropy_common.o -MMD -MP -MF obj/conf_70ffb0608bc9ababcb198a7f25e2491d/static/entropy_common.d -o obj/conf_70ffb0608bc9ababcb198a7f25e2491d/static/entropy_common.o .//common/entropy_common.c
cc -O2 -m64 -march=x86-64 -mtune=generic   -Wa,--noexecstack -DXXH_NAMESPACE=ZSTD_ -DDEBUGLEVEL=0 -DZSTD_LEGACY_SUPPORT=5   -c -MT obj/conf_70ffb0608bc9ababcb198a7f25e2491d/static/error_private.o -MMD -MP -MF obj/conf_70ffb0608bc9ababcb198a7f25e2491d/static/error_private.d -o obj/conf_70ffb0608bc9ababcb198a7f25e2491d/static/error_private.o .//common/error_private.c
CC obj/conf_70ffb0608bc9ababcb198a7f25e2491d/static/fse_decompress.o
cc -O2 -m64 -march=x86-64 -mtune=generic   -Wa,--noexecstack -DXXH_NAMESPACE=ZSTD_ -DDEBUGLEVEL=0 -DZSTD_LEGACY_SUPPORT=5   -c -MT obj/conf_70ffb0608bc9ababcb198a7f25e2491d/static/fse_decompress.o -MMD -MP -MF obj/conf_70ffb0608bc9ababcb198a7f25e2491d/static/fse_decompress.d -o obj/conf_70ffb0608bc9ababcb198a7f25e2491d/static/fse_decompress.o .//common/fse_decompress.c
CC obj/conf_70ffb0608bc9ababcb198a7f25e2491d/static/pool.o
CC obj/conf_e7851c3557c27f4588efc3eb039847d3/dynamic/debug.o
cc -O2 -m64 -march=x86-64 -mtune=generic   -Wa,--noexecstack -DXXH_NAMESPACE=ZSTD_ -DDEBUGLEVEL=0 -DZSTD_LEGACY_SUPPORT=5   -c -MT obj/conf_70ffb0608bc9ababcb198a7f25e2491d/static/pool.o -MMD -MP -MF obj/conf_70ffb0608bc9ababcb198a7f25e2491d/static/pool.d -o obj/conf_70ffb0608bc9ababcb198a7f25e2491d/static/pool.o .//common/pool.c
CC obj/conf_70ffb0608bc9ababcb198a7f25e2491d/static/threading.o
cc -O2 -m64 -march=x86-64 -mtune=generic   -Wa,--noexecstack -fPIC -fvisibility=hidden -DXXH_NAMESPACE=ZSTD_ -DDEBUGLEVEL=0 -DZSTD_LEGACY_SUPPORT=5 -DZSTD_MULTITHREAD   -c -MT obj/conf_e7851c3557c27f4588efc3eb039847d3/dynamic/debug.o -MMD -MP -MF obj/conf_e7851c3557c27f4588efc3eb039847d3/dynamic/debug.d -o obj/conf_e7851c3557c27f4588efc3eb039847d3/dynamic/debug.o .//common/debug.c
cc -O2 -m64 -march=x86-64 -mtune=generic   -Wa,--noexecstack -DXXH_NAMESPACE=ZSTD_ -DDEBUGLEVEL=0 -DZSTD_LEGACY_SUPPORT=5   -c -MT obj/conf_70ffb0608bc9ababcb198a7f25e2491d/static/threading.o -MMD -MP -MF obj/conf_70ffb0608bc9ababcb198a7f25e2491d/static/threading.d -o obj/conf_70ffb0608bc9ababcb198a7f25e2491d/static/threading.o .//common/threading.c
CC obj/conf_70ffb0608bc9ababcb198a7f25e2491d/static/xxhash.o
cc -O2 -m64 -march=x86-64 -mtune=generic   -Wa,--noexecstack -DXXH_NAMESPACE=ZSTD_ -DDEBUGLEVEL=0 -DZSTD_LEGACY_SUPPORT=5   -c -MT obj/conf_70ffb0608bc9ababcb198a7f25e2491d/static/xxhash.o -MMD -MP -MF obj/conf_70ffb0608bc9ababcb198a7f25e2491d/static/xxhash.d -o obj/conf_70ffb0608bc9ababcb198a7f25e2491d/static/xxhash.o .//common/xxhash.c
CC obj/conf_e7851c3557c27f4588efc3eb039847d3/dynamic/entropy_common.o
cc -O2 -m64 -march=x86-64 -mtune=generic   -Wa,--noexecstack -fPIC -fvisibility=hidden -DXXH_NAMESPACE=ZSTD_ -DDEBUGLEVEL=0 -DZSTD_LEGACY_SUPPORT=5 -DZSTD_MULTITHREAD   -c -MT obj/conf_e7851c3557c27f4588efc3eb039847d3/dynamic/entropy_common.o -MMD -MP -MF obj/conf_e7851c3557c27f4588efc3eb039847d3/dynamic/entropy_common.d -o obj/conf_e7851c3557c27f4588efc3eb039847d3/dynamic/entropy_common.o .//common/entropy_common.c
CC obj/conf_70ffb0608bc9ababcb198a7f25e2491d/static/zstd_common.o
cc -O2 -m64 -march=x86-64 -mtune=generic   -Wa,--noexecstack -DXXH_NAMESPACE=ZSTD_ -DDEBUGLEVEL=0 -DZSTD_LEGACY_SUPPORT=5   -c -MT obj/conf_70ffb0608bc9ababcb198a7f25e2491d/static/zstd_common.o -MMD -MP -MF obj/conf_70ffb0608bc9ababcb198a7f25e2491d/static/zstd_common.d -o obj/conf_70ffb0608bc9ababcb198a7f25e2491d/static/zstd_common.o .//common/zstd_common.c
CC obj/conf_70ffb0608bc9ababcb198a7f25e2491d/static/zstd_v05.o
cc -O2 -m64 -march=x86-64 -mtune=generic   -Wa,--noexecstack -DXXH_NAMESPACE=ZSTD_ -DDEBUGLEVEL=0 -DZSTD_LEGACY_SUPPORT=5   -c -MT obj/conf_70ffb0608bc9ababcb198a7f25e2491d/static/zstd_v05.o -MMD -MP -MF obj/conf_70ffb0608bc9ababcb198a7f25e2491d/static/zstd_v05.d -o obj/conf_70ffb0608bc9ababcb198a7f25e2491d/static/zstd_v05.o .//legacy/zstd_v05.c
CC obj/conf_70ffb0608bc9ababcb198a7f25e2491d/static/zstd_v06.o
cc -O2 -m64 -march=x86-64 -mtune=generic   -Wa,--noexecstack -DXXH_NAMESPACE=ZSTD_ -DDEBUGLEVEL=0 -DZSTD_LEGACY_SUPPORT=5   -c -MT obj/conf_70ffb0608bc9ababcb198a7f25e2491d/static/zstd_v06.o -MMD -MP -MF obj/conf_70ffb0608bc9ababcb198a7f25e2491d/static/zstd_v06.d -o obj/conf_70ffb0608bc9ababcb198a7f25e2491d/static/zstd_v06.o .//legacy/zstd_v06.c
CC obj/conf_70ffb0608bc9ababcb198a7f25e2491d/static/zstd_v07.o
cc -O2 -m64 -march=x86-64 -mtune=generic   -Wa,--noexecstack -DXXH_NAMESPACE=ZSTD_ -DDEBUGLEVEL=0 -DZSTD_LEGACY_SUPPORT=5   -c -MT obj/conf_70ffb0608bc9ababcb198a7f25e2491d/static/zstd_v07.o -MMD -MP -MF obj/conf_70ffb0608bc9ababcb198a7f25e2491d/static/zstd_v07.d -o obj/conf_70ffb0608bc9ababcb198a7f25e2491d/static/zstd_v07.o .//legacy/zstd_v07.c
make --no-print-directory zstd BUILD_DIR=obj/conf_95512467dcb4bd1a8438aa6c74c35912 CPPFLAGS="-DXXH_NAMESPACE=ZSTD_ -DDEBUGLEVEL=0 -DZSTD_LEGACY_SUPPORT=5 -DZSTD_MULTITHREAD -DZSTD_GZCOMPRESS -DZSTD_GZDECOMPRESS -DZSTD_LZMACOMPRESS -DZSTD_LZMADECOMPRESS -DZSTD_LZ4COMPRESS -DZSTD_LZ4DECOMPRESS -DZSTD_LEGACY_SUPPORT=5" CFLAGS="-O2 -m64 -march=x86-64 -mtune=generic -DBACKTRACE_ENABLE=0  -Wa,--noexecstack" LDFLAGS=" -z noexecstack -pthread " LDLIBS="-lz -llzma -llz4" ZSTD_ALL_SRC="debug.c entropy_common.c error_private.c fse_decompress.c pool.c threading.c xxhash.c zstd_common.c fse_compress.c hist.c huf_compress.c zstd_compress.c zstd_compress_literals.c zstd_compress_sequences.c zstd_compress_superblock.c zstd_double_fast.c zstd_fast.c zstd_lazy.c zstd_ldm.c zstd_opt.c zstdmt_compress.c huf_decompress.c huf_decompress_amd64.S zstd_ddict.c zstd_decompress.c zstd_decompress_block.c cover.c divsufsort.c fastcover.c zdict.c zstd_v05.c zstd_v06.c zstd_v07.c benchfn.c benchzstd.c datagen.c dibio.c fileio.c fileio_asyncio.c timefn.c util.c zstdcli.c zstdcli_trace.c"
CC obj/conf_70ffb0608bc9ababcb198a7f25e2491d/static/fse_compress.o
cc -O2 -m64 -march=x86-64 -mtune=generic   -Wa,--noexecstack -DXXH_NAMESPACE=ZSTD_ -DDEBUGLEVEL=0 -DZSTD_LEGACY_SUPPORT=5   -c -MT obj/conf_70ffb0608bc9ababcb198a7f25e2491d/static/fse_compress.o -MMD -MP -MF obj/conf_70ffb0608bc9ababcb198a7f25e2491d/static/fse_compress.d -o obj/conf_70ffb0608bc9ababcb198a7f25e2491d/static/fse_compress.o .//compress/fse_compress.c
CC obj/conf_70ffb0608bc9ababcb198a7f25e2491d/static/hist.o
cc -O2 -m64 -march=x86-64 -mtune=generic   -Wa,--noexecstack -DXXH_NAMESPACE=ZSTD_ -DDEBUGLEVEL=0 -DZSTD_LEGACY_SUPPORT=5   -c -MT obj/conf_70ffb0608bc9ababcb198a7f25e2491d/static/hist.o -MMD -MP -MF obj/conf_70ffb0608bc9ababcb198a7f25e2491d/static/hist.d -o obj/conf_70ffb0608bc9ababcb198a7f25e2491d/static/hist.o .//compress/hist.c
CC obj/conf_e7851c3557c27f4588efc3eb039847d3/dynamic/error_private.o
cc -O2 -m64 -march=x86-64 -mtune=generic   -Wa,--noexecstack -fPIC -fvisibility=hidden -DXXH_NAMESPACE=ZSTD_ -DDEBUGLEVEL=0 -DZSTD_LEGACY_SUPPORT=5 -DZSTD_MULTITHREAD   -c -MT obj/conf_e7851c3557c27f4588efc3eb039847d3/dynamic/error_private.o -MMD -MP -MF obj/conf_e7851c3557c27f4588efc3eb039847d3/dynamic/error_private.d -o obj/conf_e7851c3557c27f4588efc3eb039847d3/dynamic/error_private.o .//common/error_private.c
CC obj/conf_e7851c3557c27f4588efc3eb039847d3/dynamic/fse_decompress.o
cc -O2 -m64 -march=x86-64 -mtune=generic   -Wa,--noexecstack -fPIC -fvisibility=hidden -DXXH_NAMESPACE=ZSTD_ -DDEBUGLEVEL=0 -DZSTD_LEGACY_SUPPORT=5 -DZSTD_MULTITHREAD   -c -MT obj/conf_e7851c3557c27f4588efc3eb039847d3/dynamic/fse_decompress.o -MMD -MP -MF obj/conf_e7851c3557c27f4588efc3eb039847d3/dynamic/fse_decompress.d -o obj/conf_e7851c3557c27f4588efc3eb039847d3/dynamic/fse_decompress.o .//common/fse_decompress.c
CC obj/conf_70ffb0608bc9ababcb198a7f25e2491d/static/huf_compress.o
cc -O2 -m64 -march=x86-64 -mtune=generic   -Wa,--noexecstack -DXXH_NAMESPACE=ZSTD_ -DDEBUGLEVEL=0 -DZSTD_LEGACY_SUPPORT=5   -c -MT obj/conf_70ffb0608bc9ababcb198a7f25e2491d/static/huf_compress.o -MMD -MP -MF obj/conf_70ffb0608bc9ababcb198a7f25e2491d/static/huf_compress.d -o obj/conf_70ffb0608bc9ababcb198a7f25e2491d/static/huf_compress.o .//compress/huf_compress.c
CC obj/conf_70ffb0608bc9ababcb198a7f25e2491d/static/zstd_compress.o
cc -O2 -m64 -march=x86-64 -mtune=generic   -Wa,--noexecstack -DXXH_NAMESPACE=ZSTD_ -DDEBUGLEVEL=0 -DZSTD_LEGACY_SUPPORT=5   -c -MT obj/conf_70ffb0608bc9ababcb198a7f25e2491d/static/zstd_compress.o -MMD -MP -MF obj/conf_70ffb0608bc9ababcb198a7f25e2491d/static/zstd_compress.d -o obj/conf_70ffb0608bc9ababcb198a7f25e2491d/static/zstd_compress.o .//compress/zstd_compress.c
mkdir -p obj/conf_95512467dcb4bd1a8438aa6c74c35912
CC obj/conf_95512467dcb4bd1a8438aa6c74c35912/debug.o
cc -O2 -m64 -march=x86-64 -mtune=generic -DBACKTRACE_ENABLE=0  -Wa,--noexecstack -DXXH_NAMESPACE=ZSTD_ -DDEBUGLEVEL=0 -DZSTD_LEGACY_SUPPORT=5 -DZSTD_MULTITHREAD -DZSTD_GZCOMPRESS -DZSTD_GZDECOMPRESS -DZSTD_LZMACOMPRESS -DZSTD_LZMADECOMPRESS -DZSTD_LZ4COMPRESS -DZSTD_LZ4DECOMPRESS -DZSTD_LEGACY_SUPPORT=5  -c -MT obj/conf_95512467dcb4bd1a8438aa6c74c35912/debug.o -MMD -MP -MF obj/conf_95512467dcb4bd1a8438aa6c74c35912/debug.d -o obj/conf_95512467dcb4bd1a8438aa6c74c35912/debug.o ../lib/common/debug.c
CC obj/conf_95512467dcb4bd1a8438aa6c74c35912/entropy_common.o
cc -O2 -m64 -march=x86-64 -mtune=generic -DBACKTRACE_ENABLE=0  -Wa,--noexecstack -DXXH_NAMESPACE=ZSTD_ -DDEBUGLEVEL=0 -DZSTD_LEGACY_SUPPORT=5 -DZSTD_MULTITHREAD -DZSTD_GZCOMPRESS -DZSTD_GZDECOMPRESS -DZSTD_LZMACOMPRESS -DZSTD_LZMADECOMPRESS -DZSTD_LZ4COMPRESS -DZSTD_LZ4DECOMPRESS -DZSTD_LEGACY_SUPPORT=5  -c -MT obj/conf_95512467dcb4bd1a8438aa6c74c35912/entropy_common.o -MMD -MP -MF obj/conf_95512467dcb4bd1a8438aa6c74c35912/entropy_common.d -o obj/conf_95512467dcb4bd1a8438aa6c74c35912/entropy_common.o ../lib/common/entropy_common.c
CC obj/conf_70ffb0608bc9ababcb198a7f25e2491d/static/zstd_compress_literals.o
cc -O2 -m64 -march=x86-64 -mtune=generic   -Wa,--noexecstack -DXXH_NAMESPACE=ZSTD_ -DDEBUGLEVEL=0 -DZSTD_LEGACY_SUPPORT=5   -c -MT obj/conf_70ffb0608bc9ababcb198a7f25e2491d/static/zstd_compress_literals.o -MMD -MP -MF obj/conf_70ffb0608bc9ababcb198a7f25e2491d/static/zstd_compress_literals.d -o obj/conf_70ffb0608bc9ababcb198a7f25e2491d/static/zstd_compress_literals.o .//compress/zstd_compress_literals.c
CC obj/conf_70ffb0608bc9ababcb198a7f25e2491d/static/zstd_compress_sequences.o
cc -O2 -m64 -march=x86-64 -mtune=generic   -Wa,--noexecstack -DXXH_NAMESPACE=ZSTD_ -DDEBUGLEVEL=0 -DZSTD_LEGACY_SUPPORT=5   -c -MT obj/conf_70ffb0608bc9ababcb198a7f25e2491d/static/zstd_compress_sequences.o -MMD -MP -MF obj/conf_70ffb0608bc9ababcb198a7f25e2491d/static/zstd_compress_sequences.d -o obj/conf_70ffb0608bc9ababcb198a7f25e2491d/static/zstd_compress_sequences.o .//compress/zstd_compress_sequences.c
CC obj/conf_e7851c3557c27f4588efc3eb039847d3/dynamic/pool.o
cc -O2 -m64 -march=x86-64 -mtune=generic   -Wa,--noexecstack -fPIC -fvisibility=hidden -DXXH_NAMESPACE=ZSTD_ -DDEBUGLEVEL=0 -DZSTD_LEGACY_SUPPORT=5 -DZSTD_MULTITHREAD   -c -MT obj/conf_e7851c3557c27f4588efc3eb039847d3/dynamic/pool.o -MMD -MP -MF obj/conf_e7851c3557c27f4588efc3eb039847d3/dynamic/pool.d -o obj/conf_e7851c3557c27f4588efc3eb039847d3/dynamic/pool.o .//common/pool.c
CC obj/conf_95512467dcb4bd1a8438aa6c74c35912/error_private.o
cc -O2 -m64 -march=x86-64 -mtune=generic -DBACKTRACE_ENABLE=0  -Wa,--noexecstack -DXXH_NAMESPACE=ZSTD_ -DDEBUGLEVEL=0 -DZSTD_LEGACY_SUPPORT=5 -DZSTD_MULTITHREAD -DZSTD_GZCOMPRESS -DZSTD_GZDECOMPRESS -DZSTD_LZMACOMPRESS -DZSTD_LZMADECOMPRESS -DZSTD_LZ4COMPRESS -DZSTD_LZ4DECOMPRESS -DZSTD_LEGACY_SUPPORT=5  -c -MT obj/conf_95512467dcb4bd1a8438aa6c74c35912/error_private.o -MMD -MP -MF obj/conf_95512467dcb4bd1a8438aa6c74c35912/error_private.d -o obj/conf_95512467dcb4bd1a8438aa6c74c35912/error_private.o ../lib/common/error_private.c
CC obj/conf_95512467dcb4bd1a8438aa6c74c35912/fse_decompress.o
cc -O2 -m64 -march=x86-64 -mtune=generic -DBACKTRACE_ENABLE=0  -Wa,--noexecstack -DXXH_NAMESPACE=ZSTD_ -DDEBUGLEVEL=0 -DZSTD_LEGACY_SUPPORT=5 -DZSTD_MULTITHREAD -DZSTD_GZCOMPRESS -DZSTD_GZDECOMPRESS -DZSTD_LZMACOMPRESS -DZSTD_LZMADECOMPRESS -DZSTD_LZ4COMPRESS -DZSTD_LZ4DECOMPRESS -DZSTD_LEGACY_SUPPORT=5  -c -MT obj/conf_95512467dcb4bd1a8438aa6c74c35912/fse_decompress.o -MMD -MP -MF obj/conf_95512467dcb4bd1a8438aa6c74c35912/fse_decompress.d -o obj/conf_95512467dcb4bd1a8438aa6c74c35912/fse_decompress.o ../lib/common/fse_decompress.c
CC obj/conf_e7851c3557c27f4588efc3eb039847d3/dynamic/threading.o
cc -O2 -m64 -march=x86-64 -mtune=generic   -Wa,--noexecstack -fPIC -fvisibility=hidden -DXXH_NAMESPACE=ZSTD_ -DDEBUGLEVEL=0 -DZSTD_LEGACY_SUPPORT=5 -DZSTD_MULTITHREAD   -c -MT obj/conf_e7851c3557c27f4588efc3eb039847d3/dynamic/threading.o -MMD -MP -MF obj/conf_e7851c3557c27f4588efc3eb039847d3/dynamic/threading.d -o obj/conf_e7851c3557c27f4588efc3eb039847d3/dynamic/threading.o .//common/threading.c
CC obj/conf_e7851c3557c27f4588efc3eb039847d3/dynamic/xxhash.o
cc -O2 -m64 -march=x86-64 -mtune=generic   -Wa,--noexecstack -fPIC -fvisibility=hidden -DXXH_NAMESPACE=ZSTD_ -DDEBUGLEVEL=0 -DZSTD_LEGACY_SUPPORT=5 -DZSTD_MULTITHREAD   -c -MT obj/conf_e7851c3557c27f4588efc3eb039847d3/dynamic/xxhash.o -MMD -MP -MF obj/conf_e7851c3557c27f4588efc3eb039847d3/dynamic/xxhash.d -o obj/conf_e7851c3557c27f4588efc3eb039847d3/dynamic/xxhash.o .//common/xxhash.c
CC obj/conf_70ffb0608bc9ababcb198a7f25e2491d/static/zstd_compress_superblock.o
cc -O2 -m64 -march=x86-64 -mtune=generic   -Wa,--noexecstack -DXXH_NAMESPACE=ZSTD_ -DDEBUGLEVEL=0 -DZSTD_LEGACY_SUPPORT=5   -c -MT obj/conf_70ffb0608bc9ababcb198a7f25e2491d/static/zstd_compress_superblock.o -MMD -MP -MF obj/conf_70ffb0608bc9ababcb198a7f25e2491d/static/zstd_compress_superblock.d -o obj/conf_70ffb0608bc9ababcb198a7f25e2491d/static/zstd_compress_superblock.o .//compress/zstd_compress_superblock.c
CC obj/conf_70ffb0608bc9ababcb198a7f25e2491d/static/zstd_double_fast.o
cc -O2 -m64 -march=x86-64 -mtune=generic   -Wa,--noexecstack -DXXH_NAMESPACE=ZSTD_ -DDEBUGLEVEL=0 -DZSTD_LEGACY_SUPPORT=5   -c -MT obj/conf_70ffb0608bc9ababcb198a7f25e2491d/static/zstd_double_fast.o -MMD -MP -MF obj/conf_70ffb0608bc9ababcb198a7f25e2491d/static/zstd_double_fast.d -o obj/conf_70ffb0608bc9ababcb198a7f25e2491d/static/zstd_double_fast.o .//compress/zstd_double_fast.c
CC obj/conf_e7851c3557c27f4588efc3eb039847d3/dynamic/zstd_common.o
cc -O2 -m64 -march=x86-64 -mtune=generic   -Wa,--noexecstack -fPIC -fvisibility=hidden -DXXH_NAMESPACE=ZSTD_ -DDEBUGLEVEL=0 -DZSTD_LEGACY_SUPPORT=5 -DZSTD_MULTITHREAD   -c -MT obj/conf_e7851c3557c27f4588efc3eb039847d3/dynamic/zstd_common.o -MMD -MP -MF obj/conf_e7851c3557c27f4588efc3eb039847d3/dynamic/zstd_common.d -o obj/conf_e7851c3557c27f4588efc3eb039847d3/dynamic/zstd_common.o .//common/zstd_common.c
CC obj/conf_e7851c3557c27f4588efc3eb039847d3/dynamic/zstd_v05.o
cc -O2 -m64 -march=x86-64 -mtune=generic   -Wa,--noexecstack -fPIC -fvisibility=hidden -DXXH_NAMESPACE=ZSTD_ -DDEBUGLEVEL=0 -DZSTD_LEGACY_SUPPORT=5 -DZSTD_MULTITHREAD   -c -MT obj/conf_e7851c3557c27f4588efc3eb039847d3/dynamic/zstd_v05.o -MMD -MP -MF obj/conf_e7851c3557c27f4588efc3eb039847d3/dynamic/zstd_v05.d -o obj/conf_e7851c3557c27f4588efc3eb039847d3/dynamic/zstd_v05.o .//legacy/zstd_v05.c
CC obj/conf_70ffb0608bc9ababcb198a7f25e2491d/static/zstd_fast.o
cc -O2 -m64 -march=x86-64 -mtune=generic   -Wa,--noexecstack -DXXH_NAMESPACE=ZSTD_ -DDEBUGLEVEL=0 -DZSTD_LEGACY_SUPPORT=5   -c -MT obj/conf_70ffb0608bc9ababcb198a7f25e2491d/static/zstd_fast.o -MMD -MP -MF obj/conf_70ffb0608bc9ababcb198a7f25e2491d/static/zstd_fast.d -o obj/conf_70ffb0608bc9ababcb198a7f25e2491d/static/zstd_fast.o .//compress/zstd_fast.c
CC obj/conf_95512467dcb4bd1a8438aa6c74c35912/pool.o
cc -O2 -m64 -march=x86-64 -mtune=generic -DBACKTRACE_ENABLE=0  -Wa,--noexecstack -DXXH_NAMESPACE=ZSTD_ -DDEBUGLEVEL=0 -DZSTD_LEGACY_SUPPORT=5 -DZSTD_MULTITHREAD -DZSTD_GZCOMPRESS -DZSTD_GZDECOMPRESS -DZSTD_LZMACOMPRESS -DZSTD_LZMADECOMPRESS -DZSTD_LZ4COMPRESS -DZSTD_LZ4DECOMPRESS -DZSTD_LEGACY_SUPPORT=5  -c -MT obj/conf_95512467dcb4bd1a8438aa6c74c35912/pool.o -MMD -MP -MF obj/conf_95512467dcb4bd1a8438aa6c74c35912/pool.d -o obj/conf_95512467dcb4bd1a8438aa6c74c35912/pool.o ../lib/common/pool.c
CC obj/conf_70ffb0608bc9ababcb198a7f25e2491d/static/zstd_lazy.o
cc -O2 -m64 -march=x86-64 -mtune=generic   -Wa,--noexecstack -DXXH_NAMESPACE=ZSTD_ -DDEBUGLEVEL=0 -DZSTD_LEGACY_SUPPORT=5   -c -MT obj/conf_70ffb0608bc9ababcb198a7f25e2491d/static/zstd_lazy.o -MMD -MP -MF obj/conf_70ffb0608bc9ababcb198a7f25e2491d/static/zstd_lazy.d -o obj/conf_70ffb0608bc9ababcb198a7f25e2491d/static/zstd_lazy.o .//compress/zstd_lazy.c
CC obj/conf_95512467dcb4bd1a8438aa6c74c35912/threading.o
cc -O2 -m64 -march=x86-64 -mtune=generic -DBACKTRACE_ENABLE=0  -Wa,--noexecstack -DXXH_NAMESPACE=ZSTD_ -DDEBUGLEVEL=0 -DZSTD_LEGACY_SUPPORT=5 -DZSTD_MULTITHREAD -DZSTD_GZCOMPRESS -DZSTD_GZDECOMPRESS -DZSTD_LZMACOMPRESS -DZSTD_LZMADECOMPRESS -DZSTD_LZ4COMPRESS -DZSTD_LZ4DECOMPRESS -DZSTD_LEGACY_SUPPORT=5  -c -MT obj/conf_95512467dcb4bd1a8438aa6c74c35912/threading.o -MMD -MP -MF obj/conf_95512467dcb4bd1a8438aa6c74c35912/threading.d -o obj/conf_95512467dcb4bd1a8438aa6c74c35912/threading.o ../lib/common/threading.c
CC obj/conf_95512467dcb4bd1a8438aa6c74c35912/xxhash.o
cc -O2 -m64 -march=x86-64 -mtune=generic -DBACKTRACE_ENABLE=0  -Wa,--noexecstack -DXXH_NAMESPACE=ZSTD_ -DDEBUGLEVEL=0 -DZSTD_LEGACY_SUPPORT=5 -DZSTD_MULTITHREAD -DZSTD_GZCOMPRESS -DZSTD_GZDECOMPRESS -DZSTD_LZMACOMPRESS -DZSTD_LZMADECOMPRESS -DZSTD_LZ4COMPRESS -DZSTD_LZ4DECOMPRESS -DZSTD_LEGACY_SUPPORT=5  -c -MT obj/conf_95512467dcb4bd1a8438aa6c74c35912/xxhash.o -MMD -MP -MF obj/conf_95512467dcb4bd1a8438aa6c74c35912/xxhash.d -o obj/conf_95512467dcb4bd1a8438aa6c74c35912/xxhash.o ../lib/common/xxhash.c
CC obj/conf_70ffb0608bc9ababcb198a7f25e2491d/static/zstd_ldm.o
cc -O2 -m64 -march=x86-64 -mtune=generic   -Wa,--noexecstack -DXXH_NAMESPACE=ZSTD_ -DDEBUGLEVEL=0 -DZSTD_LEGACY_SUPPORT=5   -c -MT obj/conf_70ffb0608bc9ababcb198a7f25e2491d/static/zstd_ldm.o -MMD -MP -MF obj/conf_70ffb0608bc9ababcb198a7f25e2491d/static/zstd_ldm.d -o obj/conf_70ffb0608bc9ababcb198a7f25e2491d/static/zstd_ldm.o .//compress/zstd_ldm.c
CC obj/conf_70ffb0608bc9ababcb198a7f25e2491d/static/zstd_opt.o
cc -O2 -m64 -march=x86-64 -mtune=generic   -Wa,--noexecstack -DXXH_NAMESPACE=ZSTD_ -DDEBUGLEVEL=0 -DZSTD_LEGACY_SUPPORT=5   -c -MT obj/conf_70ffb0608bc9ababcb198a7f25e2491d/static/zstd_opt.o -MMD -MP -MF obj/conf_70ffb0608bc9ababcb198a7f25e2491d/static/zstd_opt.d -o obj/conf_70ffb0608bc9ababcb198a7f25e2491d/static/zstd_opt.o .//compress/zstd_opt.c
CC obj/conf_95512467dcb4bd1a8438aa6c74c35912/zstd_common.o
cc -O2 -m64 -march=x86-64 -mtune=generic -DBACKTRACE_ENABLE=0  -Wa,--noexecstack -DXXH_NAMESPACE=ZSTD_ -DDEBUGLEVEL=0 -DZSTD_LEGACY_SUPPORT=5 -DZSTD_MULTITHREAD -DZSTD_GZCOMPRESS -DZSTD_GZDECOMPRESS -DZSTD_LZMACOMPRESS -DZSTD_LZMADECOMPRESS -DZSTD_LZ4COMPRESS -DZSTD_LZ4DECOMPRESS -DZSTD_LEGACY_SUPPORT=5  -c -MT obj/conf_95512467dcb4bd1a8438aa6c74c35912/zstd_common.o -MMD -MP -MF obj/conf_95512467dcb4bd1a8438aa6c74c35912/zstd_common.d -o obj/conf_95512467dcb4bd1a8438aa6c74c35912/zstd_common.o ../lib/common/zstd_common.c
CC obj/conf_95512467dcb4bd1a8438aa6c74c35912/fse_compress.o
cc -O2 -m64 -march=x86-64 -mtune=generic -DBACKTRACE_ENABLE=0  -Wa,--noexecstack -DXXH_NAMESPACE=ZSTD_ -DDEBUGLEVEL=0 -DZSTD_LEGACY_SUPPORT=5 -DZSTD_MULTITHREAD -DZSTD_GZCOMPRESS -DZSTD_GZDECOMPRESS -DZSTD_LZMACOMPRESS -DZSTD_LZMADECOMPRESS -DZSTD_LZ4COMPRESS -DZSTD_LZ4DECOMPRESS -DZSTD_LEGACY_SUPPORT=5  -c -MT obj/conf_95512467dcb4bd1a8438aa6c74c35912/fse_compress.o -MMD -MP -MF obj/conf_95512467dcb4bd1a8438aa6c74c35912/fse_compress.d -o obj/conf_95512467dcb4bd1a8438aa6c74c35912/fse_compress.o ../lib/compress/fse_compress.c
CC obj/conf_70ffb0608bc9ababcb198a7f25e2491d/static/zstdmt_compress.o
cc -O2 -m64 -march=x86-64 -mtune=generic   -Wa,--noexecstack -DXXH_NAMESPACE=ZSTD_ -DDEBUGLEVEL=0 -DZSTD_LEGACY_SUPPORT=5   -c -MT obj/conf_70ffb0608bc9ababcb198a7f25e2491d/static/zstdmt_compress.o -MMD -MP -MF obj/conf_70ffb0608bc9ababcb198a7f25e2491d/static/zstdmt_compress.d -o obj/conf_70ffb0608bc9ababcb198a7f25e2491d/static/zstdmt_compress.o .//compress/zstdmt_compress.c
CC obj/conf_95512467dcb4bd1a8438aa6c74c35912/hist.o
cc -O2 -m64 -march=x86-64 -mtune=generic -DBACKTRACE_ENABLE=0  -Wa,--noexecstack -DXXH_NAMESPACE=ZSTD_ -DDEBUGLEVEL=0 -DZSTD_LEGACY_SUPPORT=5 -DZSTD_MULTITHREAD -DZSTD_GZCOMPRESS -DZSTD_GZDECOMPRESS -DZSTD_LZMACOMPRESS -DZSTD_LZMADECOMPRESS -DZSTD_LZ4COMPRESS -DZSTD_LZ4DECOMPRESS -DZSTD_LEGACY_SUPPORT=5  -c -MT obj/conf_95512467dcb4bd1a8438aa6c74c35912/hist.o -MMD -MP -MF obj/conf_95512467dcb4bd1a8438aa6c74c35912/hist.d -o obj/conf_95512467dcb4bd1a8438aa6c74c35912/hist.o ../lib/compress/hist.c
CC obj/conf_95512467dcb4bd1a8438aa6c74c35912/huf_compress.o
cc -O2 -m64 -march=x86-64 -mtune=generic -DBACKTRACE_ENABLE=0  -Wa,--noexecstack -DXXH_NAMESPACE=ZSTD_ -DDEBUGLEVEL=0 -DZSTD_LEGACY_SUPPORT=5 -DZSTD_MULTITHREAD -DZSTD_GZCOMPRESS -DZSTD_GZDECOMPRESS -DZSTD_LZMACOMPRESS -DZSTD_LZMADECOMPRESS -DZSTD_LZ4COMPRESS -DZSTD_LZ4DECOMPRESS -DZSTD_LEGACY_SUPPORT=5  -c -MT obj/conf_95512467dcb4bd1a8438aa6c74c35912/huf_compress.o -MMD -MP -MF obj/conf_95512467dcb4bd1a8438aa6c74c35912/huf_compress.d -o obj/conf_95512467dcb4bd1a8438aa6c74c35912/huf_compress.o ../lib/compress/huf_compress.c
CC obj/conf_70ffb0608bc9ababcb198a7f25e2491d/static/huf_decompress.o
cc -O2 -m64 -march=x86-64 -mtune=generic   -Wa,--noexecstack -DXXH_NAMESPACE=ZSTD_ -DDEBUGLEVEL=0 -DZSTD_LEGACY_SUPPORT=5   -c -MT obj/conf_70ffb0608bc9ababcb198a7f25e2491d/static/huf_decompress.o -MMD -MP -MF obj/conf_70ffb0608bc9ababcb198a7f25e2491d/static/huf_decompress.d -o obj/conf_70ffb0608bc9ababcb198a7f25e2491d/static/huf_decompress.o .//decompress/huf_decompress.c
CC obj/conf_e7851c3557c27f4588efc3eb039847d3/dynamic/zstd_v06.o
cc -O2 -m64 -march=x86-64 -mtune=generic   -Wa,--noexecstack -fPIC -fvisibility=hidden -DXXH_NAMESPACE=ZSTD_ -DDEBUGLEVEL=0 -DZSTD_LEGACY_SUPPORT=5 -DZSTD_MULTITHREAD   -c -MT obj/conf_e7851c3557c27f4588efc3eb039847d3/dynamic/zstd_v06.o -MMD -MP -MF obj/conf_e7851c3557c27f4588efc3eb039847d3/dynamic/zstd_v06.d -o obj/conf_e7851c3557c27f4588efc3eb039847d3/dynamic/zstd_v06.o .//legacy/zstd_v06.c
CC obj/conf_70ffb0608bc9ababcb198a7f25e2491d/static/zstd_ddict.o
cc -O2 -m64 -march=x86-64 -mtune=generic   -Wa,--noexecstack -DXXH_NAMESPACE=ZSTD_ -DDEBUGLEVEL=0 -DZSTD_LEGACY_SUPPORT=5   -c -MT obj/conf_70ffb0608bc9ababcb198a7f25e2491d/static/zstd_ddict.o -MMD -MP -MF obj/conf_70ffb0608bc9ababcb198a7f25e2491d/static/zstd_ddict.d -o obj/conf_70ffb0608bc9ababcb198a7f25e2491d/static/zstd_ddict.o .//decompress/zstd_ddict.c
CC obj/conf_70ffb0608bc9ababcb198a7f25e2491d/static/zstd_decompress.o
cc -O2 -m64 -march=x86-64 -mtune=generic   -Wa,--noexecstack -DXXH_NAMESPACE=ZSTD_ -DDEBUGLEVEL=0 -DZSTD_LEGACY_SUPPORT=5   -c -MT obj/conf_70ffb0608bc9ababcb198a7f25e2491d/static/zstd_decompress.o -MMD -MP -MF obj/conf_70ffb0608bc9ababcb198a7f25e2491d/static/zstd_decompress.d -o obj/conf_70ffb0608bc9ababcb198a7f25e2491d/static/zstd_decompress.o .//decompress/zstd_decompress.c
CC obj/conf_70ffb0608bc9ababcb198a7f25e2491d/static/zstd_decompress_block.o
cc -O2 -m64 -march=x86-64 -mtune=generic   -Wa,--noexecstack -DXXH_NAMESPACE=ZSTD_ -DDEBUGLEVEL=0 -DZSTD_LEGACY_SUPPORT=5   -c -MT obj/conf_70ffb0608bc9ababcb198a7f25e2491d/static/zstd_decompress_block.o -MMD -MP -MF obj/conf_70ffb0608bc9ababcb198a7f25e2491d/static/zstd_decompress_block.d -o obj/conf_70ffb0608bc9ababcb198a7f25e2491d/static/zstd_decompress_block.o .//decompress/zstd_decompress_block.c
CC obj/conf_95512467dcb4bd1a8438aa6c74c35912/zstd_compress.o
cc -O2 -m64 -march=x86-64 -mtune=generic -DBACKTRACE_ENABLE=0  -Wa,--noexecstack -DXXH_NAMESPACE=ZSTD_ -DDEBUGLEVEL=0 -DZSTD_LEGACY_SUPPORT=5 -DZSTD_MULTITHREAD -DZSTD_GZCOMPRESS -DZSTD_GZDECOMPRESS -DZSTD_LZMACOMPRESS -DZSTD_LZMADECOMPRESS -DZSTD_LZ4COMPRESS -DZSTD_LZ4DECOMPRESS -DZSTD_LEGACY_SUPPORT=5  -c -MT obj/conf_95512467dcb4bd1a8438aa6c74c35912/zstd_compress.o -MMD -MP -MF obj/conf_95512467dcb4bd1a8438aa6c74c35912/zstd_compress.d -o obj/conf_95512467dcb4bd1a8438aa6c74c35912/zstd_compress.o ../lib/compress/zstd_compress.c
AS obj/conf_70ffb0608bc9ababcb198a7f25e2491d/static/huf_decompress_amd64.o
cc -Wall -Wextra -Wcast-qual -Wcast-align -Wshadow -Wstrict-aliasing=1 -Wswitch-enum -Wdeclaration-after-statement -Wstrict-prototypes -Wundef -Wpointer-arith -Wvla -Wformat=2 -Winit-self -Wfloat-equal -Wwrite-strings -Wredundant-decls -Wmissing-prototypes -Wc++-compat  -O2 -m64 -march=x86-64 -mtune=generic   -Wa,--noexecstack -DXXH_NAMESPACE=ZSTD_ -DDEBUGLEVEL=0 -DZSTD_LEGACY_SUPPORT=5   -c -o obj/conf_70ffb0608bc9ababcb198a7f25e2491d/static/huf_decompress_amd64.o .//decompress/huf_decompress_amd64.S
CC obj/conf_70ffb0608bc9ababcb198a7f25e2491d/static/cover.o
cc -O2 -m64 -march=x86-64 -mtune=generic   -Wa,--noexecstack -DXXH_NAMESPACE=ZSTD_ -DDEBUGLEVEL=0 -DZSTD_LEGACY_SUPPORT=5   -c -MT obj/conf_70ffb0608bc9ababcb198a7f25e2491d/static/cover.o -MMD -MP -MF obj/conf_70ffb0608bc9ababcb198a7f25e2491d/static/cover.d -o obj/conf_70ffb0608bc9ababcb198a7f25e2491d/static/cover.o .//dictBuilder/cover.c
CC obj/conf_e7851c3557c27f4588efc3eb039847d3/dynamic/zstd_v07.o
cc -O2 -m64 -march=x86-64 -mtune=generic   -Wa,--noexecstack -fPIC -fvisibility=hidden -DXXH_NAMESPACE=ZSTD_ -DDEBUGLEVEL=0 -DZSTD_LEGACY_SUPPORT=5 -DZSTD_MULTITHREAD   -c -MT obj/conf_e7851c3557c27f4588efc3eb039847d3/dynamic/zstd_v07.o -MMD -MP -MF obj/conf_e7851c3557c27f4588efc3eb039847d3/dynamic/zstd_v07.d -o obj/conf_e7851c3557c27f4588efc3eb039847d3/dynamic/zstd_v07.o .//legacy/zstd_v07.c
CC obj/conf_70ffb0608bc9ababcb198a7f25e2491d/static/divsufsort.o
cc -O2 -m64 -march=x86-64 -mtune=generic   -Wa,--noexecstack -DXXH_NAMESPACE=ZSTD_ -DDEBUGLEVEL=0 -DZSTD_LEGACY_SUPPORT=5   -c -MT obj/conf_70ffb0608bc9ababcb198a7f25e2491d/static/divsufsort.o -MMD -MP -MF obj/conf_70ffb0608bc9ababcb198a7f25e2491d/static/divsufsort.d -o obj/conf_70ffb0608bc9ababcb198a7f25e2491d/static/divsufsort.o .//dictBuilder/divsufsort.c
CC obj/conf_e7851c3557c27f4588efc3eb039847d3/dynamic/fse_compress.o
cc -O2 -m64 -march=x86-64 -mtune=generic   -Wa,--noexecstack -fPIC -fvisibility=hidden -DXXH_NAMESPACE=ZSTD_ -DDEBUGLEVEL=0 -DZSTD_LEGACY_SUPPORT=5 -DZSTD_MULTITHREAD   -c -MT obj/conf_e7851c3557c27f4588efc3eb039847d3/dynamic/fse_compress.o -MMD -MP -MF obj/conf_e7851c3557c27f4588efc3eb039847d3/dynamic/fse_compress.d -o obj/conf_e7851c3557c27f4588efc3eb039847d3/dynamic/fse_compress.o .//compress/fse_compress.c
CC obj/conf_70ffb0608bc9ababcb198a7f25e2491d/static/fastcover.o
cc -O2 -m64 -march=x86-64 -mtune=generic   -Wa,--noexecstack -DXXH_NAMESPACE=ZSTD_ -DDEBUGLEVEL=0 -DZSTD_LEGACY_SUPPORT=5   -c -MT obj/conf_70ffb0608bc9ababcb198a7f25e2491d/static/fastcover.o -MMD -MP -MF obj/conf_70ffb0608bc9ababcb198a7f25e2491d/static/fastcover.d -o obj/conf_70ffb0608bc9ababcb198a7f25e2491d/static/fastcover.o .//dictBuilder/fastcover.c
CC obj/conf_e7851c3557c27f4588efc3eb039847d3/dynamic/hist.o
cc -O2 -m64 -march=x86-64 -mtune=generic   -Wa,--noexecstack -fPIC -fvisibility=hidden -DXXH_NAMESPACE=ZSTD_ -DDEBUGLEVEL=0 -DZSTD_LEGACY_SUPPORT=5 -DZSTD_MULTITHREAD   -c -MT obj/conf_e7851c3557c27f4588efc3eb039847d3/dynamic/hist.o -MMD -MP -MF obj/conf_e7851c3557c27f4588efc3eb039847d3/dynamic/hist.d -o obj/conf_e7851c3557c27f4588efc3eb039847d3/dynamic/hist.o .//compress/hist.c
CC obj/conf_70ffb0608bc9ababcb198a7f25e2491d/static/zdict.o
cc -O2 -m64 -march=x86-64 -mtune=generic   -Wa,--noexecstack -DXXH_NAMESPACE=ZSTD_ -DDEBUGLEVEL=0 -DZSTD_LEGACY_SUPPORT=5   -c -MT obj/conf_70ffb0608bc9ababcb198a7f25e2491d/static/zdict.o -MMD -MP -MF obj/conf_70ffb0608bc9ababcb198a7f25e2491d/static/zdict.d -o obj/conf_70ffb0608bc9ababcb198a7f25e2491d/static/zdict.o .//dictBuilder/zdict.c
CC obj/conf_e7851c3557c27f4588efc3eb039847d3/dynamic/huf_compress.o
cc -O2 -m64 -march=x86-64 -mtune=generic   -Wa,--noexecstack -fPIC -fvisibility=hidden -DXXH_NAMESPACE=ZSTD_ -DDEBUGLEVEL=0 -DZSTD_LEGACY_SUPPORT=5 -DZSTD_MULTITHREAD   -c -MT obj/conf_e7851c3557c27f4588efc3eb039847d3/dynamic/huf_compress.o -MMD -MP -MF obj/conf_e7851c3557c27f4588efc3eb039847d3/dynamic/huf_compress.d -o obj/conf_e7851c3557c27f4588efc3eb039847d3/dynamic/huf_compress.o .//compress/huf_compress.c
CC obj/conf_e7851c3557c27f4588efc3eb039847d3/dynamic/zstd_compress.o
cc -O2 -m64 -march=x86-64 -mtune=generic   -Wa,--noexecstack -fPIC -fvisibility=hidden -DXXH_NAMESPACE=ZSTD_ -DDEBUGLEVEL=0 -DZSTD_LEGACY_SUPPORT=5 -DZSTD_MULTITHREAD   -c -MT obj/conf_e7851c3557c27f4588efc3eb039847d3/dynamic/zstd_compress.o -MMD -MP -MF obj/conf_e7851c3557c27f4588efc3eb039847d3/dynamic/zstd_compress.d -o obj/conf_e7851c3557c27f4588efc3eb039847d3/dynamic/zstd_compress.o .//compress/zstd_compress.c
CC obj/conf_e7851c3557c27f4588efc3eb039847d3/dynamic/zstd_compress_literals.o
cc -O2 -m64 -march=x86-64 -mtune=generic   -Wa,--noexecstack -fPIC -fvisibility=hidden -DXXH_NAMESPACE=ZSTD_ -DDEBUGLEVEL=0 -DZSTD_LEGACY_SUPPORT=5 -DZSTD_MULTITHREAD   -c -MT obj/conf_e7851c3557c27f4588efc3eb039847d3/dynamic/zstd_compress_literals.o -MMD -MP -MF obj/conf_e7851c3557c27f4588efc3eb039847d3/dynamic/zstd_compress_literals.d -o obj/conf_e7851c3557c27f4588efc3eb039847d3/dynamic/zstd_compress_literals.o .//compress/zstd_compress_literals.c
CC obj/conf_e7851c3557c27f4588efc3eb039847d3/dynamic/zstd_compress_sequences.o
cc -O2 -m64 -march=x86-64 -mtune=generic   -Wa,--noexecstack -fPIC -fvisibility=hidden -DXXH_NAMESPACE=ZSTD_ -DDEBUGLEVEL=0 -DZSTD_LEGACY_SUPPORT=5 -DZSTD_MULTITHREAD   -c -MT obj/conf_e7851c3557c27f4588efc3eb039847d3/dynamic/zstd_compress_sequences.o -MMD -MP -MF obj/conf_e7851c3557c27f4588efc3eb039847d3/dynamic/zstd_compress_sequences.d -o obj/conf_e7851c3557c27f4588efc3eb039847d3/dynamic/zstd_compress_sequences.o .//compress/zstd_compress_sequences.c
CC obj/conf_e7851c3557c27f4588efc3eb039847d3/dynamic/zstd_compress_superblock.o
cc -O2 -m64 -march=x86-64 -mtune=generic   -Wa,--noexecstack -fPIC -fvisibility=hidden -DXXH_NAMESPACE=ZSTD_ -DDEBUGLEVEL=0 -DZSTD_LEGACY_SUPPORT=5 -DZSTD_MULTITHREAD   -c -MT obj/conf_e7851c3557c27f4588efc3eb039847d3/dynamic/zstd_compress_superblock.o -MMD -MP -MF obj/conf_e7851c3557c27f4588efc3eb039847d3/dynamic/zstd_compress_superblock.d -o obj/conf_e7851c3557c27f4588efc3eb039847d3/dynamic/zstd_compress_superblock.o .//compress/zstd_compress_superblock.c
CC obj/conf_e7851c3557c27f4588efc3eb039847d3/dynamic/zstd_double_fast.o
cc -O2 -m64 -march=x86-64 -mtune=generic   -Wa,--noexecstack -fPIC -fvisibility=hidden -DXXH_NAMESPACE=ZSTD_ -DDEBUGLEVEL=0 -DZSTD_LEGACY_SUPPORT=5 -DZSTD_MULTITHREAD   -c -MT obj/conf_e7851c3557c27f4588efc3eb039847d3/dynamic/zstd_double_fast.o -MMD -MP -MF obj/conf_e7851c3557c27f4588efc3eb039847d3/dynamic/zstd_double_fast.d -o obj/conf_e7851c3557c27f4588efc3eb039847d3/dynamic/zstd_double_fast.o .//compress/zstd_double_fast.c
CC obj/conf_e7851c3557c27f4588efc3eb039847d3/dynamic/zstd_fast.o
cc -O2 -m64 -march=x86-64 -mtune=generic   -Wa,--noexecstack -fPIC -fvisibility=hidden -DXXH_NAMESPACE=ZSTD_ -DDEBUGLEVEL=0 -DZSTD_LEGACY_SUPPORT=5 -DZSTD_MULTITHREAD   -c -MT obj/conf_e7851c3557c27f4588efc3eb039847d3/dynamic/zstd_fast.o -MMD -MP -MF obj/conf_e7851c3557c27f4588efc3eb039847d3/dynamic/zstd_fast.d -o obj/conf_e7851c3557c27f4588efc3eb039847d3/dynamic/zstd_fast.o .//compress/zstd_fast.c
CC obj/conf_e7851c3557c27f4588efc3eb039847d3/dynamic/zstd_lazy.o
cc -O2 -m64 -march=x86-64 -mtune=generic   -Wa,--noexecstack -fPIC -fvisibility=hidden -DXXH_NAMESPACE=ZSTD_ -DDEBUGLEVEL=0 -DZSTD_LEGACY_SUPPORT=5 -DZSTD_MULTITHREAD   -c -MT obj/conf_e7851c3557c27f4588efc3eb039847d3/dynamic/zstd_lazy.o -MMD -MP -MF obj/conf_e7851c3557c27f4588efc3eb039847d3/dynamic/zstd_lazy.d -o obj/conf_e7851c3557c27f4588efc3eb039847d3/dynamic/zstd_lazy.o .//compress/zstd_lazy.c
CC obj/conf_e7851c3557c27f4588efc3eb039847d3/dynamic/zstd_ldm.o
cc -O2 -m64 -march=x86-64 -mtune=generic   -Wa,--noexecstack -fPIC -fvisibility=hidden -DXXH_NAMESPACE=ZSTD_ -DDEBUGLEVEL=0 -DZSTD_LEGACY_SUPPORT=5 -DZSTD_MULTITHREAD   -c -MT obj/conf_e7851c3557c27f4588efc3eb039847d3/dynamic/zstd_ldm.o -MMD -MP -MF obj/conf_e7851c3557c27f4588efc3eb039847d3/dynamic/zstd_ldm.d -o obj/conf_e7851c3557c27f4588efc3eb039847d3/dynamic/zstd_ldm.o .//compress/zstd_ldm.c
CC obj/conf_e7851c3557c27f4588efc3eb039847d3/dynamic/zstd_opt.o
cc -O2 -m64 -march=x86-64 -mtune=generic   -Wa,--noexecstack -fPIC -fvisibility=hidden -DXXH_NAMESPACE=ZSTD_ -DDEBUGLEVEL=0 -DZSTD_LEGACY_SUPPORT=5 -DZSTD_MULTITHREAD   -c -MT obj/conf_e7851c3557c27f4588efc3eb039847d3/dynamic/zstd_opt.o -MMD -MP -MF obj/conf_e7851c3557c27f4588efc3eb039847d3/dynamic/zstd_opt.d -o obj/conf_e7851c3557c27f4588efc3eb039847d3/dynamic/zstd_opt.o .//compress/zstd_opt.c
CC obj/conf_95512467dcb4bd1a8438aa6c74c35912/zstd_compress_literals.o
cc -O2 -m64 -march=x86-64 -mtune=generic -DBACKTRACE_ENABLE=0  -Wa,--noexecstack -DXXH_NAMESPACE=ZSTD_ -DDEBUGLEVEL=0 -DZSTD_LEGACY_SUPPORT=5 -DZSTD_MULTITHREAD -DZSTD_GZCOMPRESS -DZSTD_GZDECOMPRESS -DZSTD_LZMACOMPRESS -DZSTD_LZMADECOMPRESS -DZSTD_LZ4COMPRESS -DZSTD_LZ4DECOMPRESS -DZSTD_LEGACY_SUPPORT=5  -c -MT obj/conf_95512467dcb4bd1a8438aa6c74c35912/zstd_compress_literals.o -MMD -MP -MF obj/conf_95512467dcb4bd1a8438aa6c74c35912/zstd_compress_literals.d -o obj/conf_95512467dcb4bd1a8438aa6c74c35912/zstd_compress_literals.o ../lib/compress/zstd_compress_literals.c
CC obj/conf_95512467dcb4bd1a8438aa6c74c35912/zstd_compress_sequences.o
cc -O2 -m64 -march=x86-64 -mtune=generic -DBACKTRACE_ENABLE=0  -Wa,--noexecstack -DXXH_NAMESPACE=ZSTD_ -DDEBUGLEVEL=0 -DZSTD_LEGACY_SUPPORT=5 -DZSTD_MULTITHREAD -DZSTD_GZCOMPRESS -DZSTD_GZDECOMPRESS -DZSTD_LZMACOMPRESS -DZSTD_LZMADECOMPRESS -DZSTD_LZ4COMPRESS -DZSTD_LZ4DECOMPRESS -DZSTD_LEGACY_SUPPORT=5  -c -MT obj/conf_95512467dcb4bd1a8438aa6c74c35912/zstd_compress_sequences.o -MMD -MP -MF obj/conf_95512467dcb4bd1a8438aa6c74c35912/zstd_compress_sequences.d -o obj/conf_95512467dcb4bd1a8438aa6c74c35912/zstd_compress_sequences.o ../lib/compress/zstd_compress_sequences.c
CC obj/conf_e7851c3557c27f4588efc3eb039847d3/dynamic/zstdmt_compress.o
cc -O2 -m64 -march=x86-64 -mtune=generic   -Wa,--noexecstack -fPIC -fvisibility=hidden -DXXH_NAMESPACE=ZSTD_ -DDEBUGLEVEL=0 -DZSTD_LEGACY_SUPPORT=5 -DZSTD_MULTITHREAD   -c -MT obj/conf_e7851c3557c27f4588efc3eb039847d3/dynamic/zstdmt_compress.o -MMD -MP -MF obj/conf_e7851c3557c27f4588efc3eb039847d3/dynamic/zstdmt_compress.d -o obj/conf_e7851c3557c27f4588efc3eb039847d3/dynamic/zstdmt_compress.o .//compress/zstdmt_compress.c
CC obj/conf_95512467dcb4bd1a8438aa6c74c35912/zstd_compress_superblock.o
cc -O2 -m64 -march=x86-64 -mtune=generic -DBACKTRACE_ENABLE=0  -Wa,--noexecstack -DXXH_NAMESPACE=ZSTD_ -DDEBUGLEVEL=0 -DZSTD_LEGACY_SUPPORT=5 -DZSTD_MULTITHREAD -DZSTD_GZCOMPRESS -DZSTD_GZDECOMPRESS -DZSTD_LZMACOMPRESS -DZSTD_LZMADECOMPRESS -DZSTD_LZ4COMPRESS -DZSTD_LZ4DECOMPRESS -DZSTD_LEGACY_SUPPORT=5  -c -MT obj/conf_95512467dcb4bd1a8438aa6c74c35912/zstd_compress_superblock.o -MMD -MP -MF obj/conf_95512467dcb4bd1a8438aa6c74c35912/zstd_compress_superblock.d -o obj/conf_95512467dcb4bd1a8438aa6c74c35912/zstd_compress_superblock.o ../lib/compress/zstd_compress_superblock.c
CC obj/conf_95512467dcb4bd1a8438aa6c74c35912/zstd_double_fast.o
cc -O2 -m64 -march=x86-64 -mtune=generic -DBACKTRACE_ENABLE=0  -Wa,--noexecstack -DXXH_NAMESPACE=ZSTD_ -DDEBUGLEVEL=0 -DZSTD_LEGACY_SUPPORT=5 -DZSTD_MULTITHREAD -DZSTD_GZCOMPRESS -DZSTD_GZDECOMPRESS -DZSTD_LZMACOMPRESS -DZSTD_LZMADECOMPRESS -DZSTD_LZ4COMPRESS -DZSTD_LZ4DECOMPRESS -DZSTD_LEGACY_SUPPORT=5  -c -MT obj/conf_95512467dcb4bd1a8438aa6c74c35912/zstd_double_fast.o -MMD -MP -MF obj/conf_95512467dcb4bd1a8438aa6c74c35912/zstd_double_fast.d -o obj/conf_95512467dcb4bd1a8438aa6c74c35912/zstd_double_fast.o ../lib/compress/zstd_double_fast.c
CC obj/conf_e7851c3557c27f4588efc3eb039847d3/dynamic/huf_decompress.o
cc -O2 -m64 -march=x86-64 -mtune=generic   -Wa,--noexecstack -fPIC -fvisibility=hidden -DXXH_NAMESPACE=ZSTD_ -DDEBUGLEVEL=0 -DZSTD_LEGACY_SUPPORT=5 -DZSTD_MULTITHREAD   -c -MT obj/conf_e7851c3557c27f4588efc3eb039847d3/dynamic/huf_decompress.o -MMD -MP -MF obj/conf_e7851c3557c27f4588efc3eb039847d3/dynamic/huf_decompress.d -o obj/conf_e7851c3557c27f4588efc3eb039847d3/dynamic/huf_decompress.o .//decompress/huf_decompress.c
CC obj/conf_e7851c3557c27f4588efc3eb039847d3/dynamic/zstd_ddict.o
cc -O2 -m64 -march=x86-64 -mtune=generic   -Wa,--noexecstack -fPIC -fvisibility=hidden -DXXH_NAMESPACE=ZSTD_ -DDEBUGLEVEL=0 -DZSTD_LEGACY_SUPPORT=5 -DZSTD_MULTITHREAD   -c -MT obj/conf_e7851c3557c27f4588efc3eb039847d3/dynamic/zstd_ddict.o -MMD -MP -MF obj/conf_e7851c3557c27f4588efc3eb039847d3/dynamic/zstd_ddict.d -o obj/conf_e7851c3557c27f4588efc3eb039847d3/dynamic/zstd_ddict.o .//decompress/zstd_ddict.c
CC obj/conf_e7851c3557c27f4588efc3eb039847d3/dynamic/zstd_decompress.o
cc -O2 -m64 -march=x86-64 -mtune=generic   -Wa,--noexecstack -fPIC -fvisibility=hidden -DXXH_NAMESPACE=ZSTD_ -DDEBUGLEVEL=0 -DZSTD_LEGACY_SUPPORT=5 -DZSTD_MULTITHREAD   -c -MT obj/conf_e7851c3557c27f4588efc3eb039847d3/dynamic/zstd_decompress.o -MMD -MP -MF obj/conf_e7851c3557c27f4588efc3eb039847d3/dynamic/zstd_decompress.d -o obj/conf_e7851c3557c27f4588efc3eb039847d3/dynamic/zstd_decompress.o .//decompress/zstd_decompress.c
CC obj/conf_e7851c3557c27f4588efc3eb039847d3/dynamic/zstd_decompress_block.o
cc -O2 -m64 -march=x86-64 -mtune=generic   -Wa,--noexecstack -fPIC -fvisibility=hidden -DXXH_NAMESPACE=ZSTD_ -DDEBUGLEVEL=0 -DZSTD_LEGACY_SUPPORT=5 -DZSTD_MULTITHREAD   -c -MT obj/conf_e7851c3557c27f4588efc3eb039847d3/dynamic/zstd_decompress_block.o -MMD -MP -MF obj/conf_e7851c3557c27f4588efc3eb039847d3/dynamic/zstd_decompress_block.d -o obj/conf_e7851c3557c27f4588efc3eb039847d3/dynamic/zstd_decompress_block.o .//decompress/zstd_decompress_block.c
AS obj/conf_e7851c3557c27f4588efc3eb039847d3/dynamic/huf_decompress_amd64.o
cc -Wall -Wextra -Wcast-qual -Wcast-align -Wshadow -Wstrict-aliasing=1 -Wswitch-enum -Wdeclaration-after-statement -Wstrict-prototypes -Wundef -Wpointer-arith -Wvla -Wformat=2 -Winit-self -Wfloat-equal -Wwrite-strings -Wredundant-decls -Wmissing-prototypes -Wc++-compat  -O2 -m64 -march=x86-64 -mtune=generic   -Wa,--noexecstack -fPIC -fvisibility=hidden -DXXH_NAMESPACE=ZSTD_ -DDEBUGLEVEL=0 -DZSTD_LEGACY_SUPPORT=5 -DZSTD_MULTITHREAD   -c -o obj/conf_e7851c3557c27f4588efc3eb039847d3/dynamic/huf_decompress_amd64.o .//decompress/huf_decompress_amd64.S
CC obj/conf_e7851c3557c27f4588efc3eb039847d3/dynamic/cover.o
cc -O2 -m64 -march=x86-64 -mtune=generic   -Wa,--noexecstack -fPIC -fvisibility=hidden -DXXH_NAMESPACE=ZSTD_ -DDEBUGLEVEL=0 -DZSTD_LEGACY_SUPPORT=5 -DZSTD_MULTITHREAD   -c -MT obj/conf_e7851c3557c27f4588efc3eb039847d3/dynamic/cover.o -MMD -MP -MF obj/conf_e7851c3557c27f4588efc3eb039847d3/dynamic/cover.d -o obj/conf_e7851c3557c27f4588efc3eb039847d3/dynamic/cover.o .//dictBuilder/cover.c
CC obj/conf_e7851c3557c27f4588efc3eb039847d3/dynamic/divsufsort.o
cc -O2 -m64 -march=x86-64 -mtune=generic   -Wa,--noexecstack -fPIC -fvisibility=hidden -DXXH_NAMESPACE=ZSTD_ -DDEBUGLEVEL=0 -DZSTD_LEGACY_SUPPORT=5 -DZSTD_MULTITHREAD   -c -MT obj/conf_e7851c3557c27f4588efc3eb039847d3/dynamic/divsufsort.o -MMD -MP -MF obj/conf_e7851c3557c27f4588efc3eb039847d3/dynamic/divsufsort.d -o obj/conf_e7851c3557c27f4588efc3eb039847d3/dynamic/divsufsort.o .//dictBuilder/divsufsort.c
CC obj/conf_e7851c3557c27f4588efc3eb039847d3/dynamic/fastcover.o
cc -O2 -m64 -march=x86-64 -mtune=generic   -Wa,--noexecstack -fPIC -fvisibility=hidden -DXXH_NAMESPACE=ZSTD_ -DDEBUGLEVEL=0 -DZSTD_LEGACY_SUPPORT=5 -DZSTD_MULTITHREAD   -c -MT obj/conf_e7851c3557c27f4588efc3eb039847d3/dynamic/fastcover.o -MMD -MP -MF obj/conf_e7851c3557c27f4588efc3eb039847d3/dynamic/fastcover.d -o obj/conf_e7851c3557c27f4588efc3eb039847d3/dynamic/fastcover.o .//dictBuilder/fastcover.c
CC obj/conf_e7851c3557c27f4588efc3eb039847d3/dynamic/zdict.o
cc -O2 -m64 -march=x86-64 -mtune=generic   -Wa,--noexecstack -fPIC -fvisibility=hidden -DXXH_NAMESPACE=ZSTD_ -DDEBUGLEVEL=0 -DZSTD_LEGACY_SUPPORT=5 -DZSTD_MULTITHREAD   -c -MT obj/conf_e7851c3557c27f4588efc3eb039847d3/dynamic/zdict.o -MMD -MP -MF obj/conf_e7851c3557c27f4588efc3eb039847d3/dynamic/zdict.d -o obj/conf_e7851c3557c27f4588efc3eb039847d3/dynamic/zdict.o .//dictBuilder/zdict.c
CC obj/conf_95512467dcb4bd1a8438aa6c74c35912/zstd_fast.o
cc -O2 -m64 -march=x86-64 -mtune=generic -DBACKTRACE_ENABLE=0  -Wa,--noexecstack -DXXH_NAMESPACE=ZSTD_ -DDEBUGLEVEL=0 -DZSTD_LEGACY_SUPPORT=5 -DZSTD_MULTITHREAD -DZSTD_GZCOMPRESS -DZSTD_GZDECOMPRESS -DZSTD_LZMACOMPRESS -DZSTD_LZMADECOMPRESS -DZSTD_LZ4COMPRESS -DZSTD_LZ4DECOMPRESS -DZSTD_LEGACY_SUPPORT=5  -c -MT obj/conf_95512467dcb4bd1a8438aa6c74c35912/zstd_fast.o -MMD -MP -MF obj/conf_95512467dcb4bd1a8438aa6c74c35912/zstd_fast.d -o obj/conf_95512467dcb4bd1a8438aa6c74c35912/zstd_fast.o ../lib/compress/zstd_fast.c
CC obj/conf_95512467dcb4bd1a8438aa6c74c35912/zstd_lazy.o
cc -O2 -m64 -march=x86-64 -mtune=generic -DBACKTRACE_ENABLE=0  -Wa,--noexecstack -DXXH_NAMESPACE=ZSTD_ -DDEBUGLEVEL=0 -DZSTD_LEGACY_SUPPORT=5 -DZSTD_MULTITHREAD -DZSTD_GZCOMPRESS -DZSTD_GZDECOMPRESS -DZSTD_LZMACOMPRESS -DZSTD_LZMADECOMPRESS -DZSTD_LZ4COMPRESS -DZSTD_LZ4DECOMPRESS -DZSTD_LEGACY_SUPPORT=5  -c -MT obj/conf_95512467dcb4bd1a8438aa6c74c35912/zstd_lazy.o -MMD -MP -MF obj/conf_95512467dcb4bd1a8438aa6c74c35912/zstd_lazy.d -o obj/conf_95512467dcb4bd1a8438aa6c74c35912/zstd_lazy.o ../lib/compress/zstd_lazy.c
CC obj/conf_95512467dcb4bd1a8438aa6c74c35912/zstd_ldm.o
cc -O2 -m64 -march=x86-64 -mtune=generic -DBACKTRACE_ENABLE=0  -Wa,--noexecstack -DXXH_NAMESPACE=ZSTD_ -DDEBUGLEVEL=0 -DZSTD_LEGACY_SUPPORT=5 -DZSTD_MULTITHREAD -DZSTD_GZCOMPRESS -DZSTD_GZDECOMPRESS -DZSTD_LZMACOMPRESS -DZSTD_LZMADECOMPRESS -DZSTD_LZ4COMPRESS -DZSTD_LZ4DECOMPRESS -DZSTD_LEGACY_SUPPORT=5  -c -MT obj/conf_95512467dcb4bd1a8438aa6c74c35912/zstd_ldm.o -MMD -MP -MF obj/conf_95512467dcb4bd1a8438aa6c74c35912/zstd_ldm.d -o obj/conf_95512467dcb4bd1a8438aa6c74c35912/zstd_ldm.o ../lib/compress/zstd_ldm.c
CC obj/conf_95512467dcb4bd1a8438aa6c74c35912/zstd_opt.o
cc -O2 -m64 -march=x86-64 -mtune=generic -DBACKTRACE_ENABLE=0  -Wa,--noexecstack -DXXH_NAMESPACE=ZSTD_ -DDEBUGLEVEL=0 -DZSTD_LEGACY_SUPPORT=5 -DZSTD_MULTITHREAD -DZSTD_GZCOMPRESS -DZSTD_GZDECOMPRESS -DZSTD_LZMACOMPRESS -DZSTD_LZMADECOMPRESS -DZSTD_LZ4COMPRESS -DZSTD_LZ4DECOMPRESS -DZSTD_LEGACY_SUPPORT=5  -c -MT obj/conf_95512467dcb4bd1a8438aa6c74c35912/zstd_opt.o -MMD -MP -MF obj/conf_95512467dcb4bd1a8438aa6c74c35912/zstd_opt.d -o obj/conf_95512467dcb4bd1a8438aa6c74c35912/zstd_opt.o ../lib/compress/zstd_opt.c
CC obj/conf_95512467dcb4bd1a8438aa6c74c35912/zstdmt_compress.o
cc -O2 -m64 -march=x86-64 -mtune=generic -DBACKTRACE_ENABLE=0  -Wa,--noexecstack -DXXH_NAMESPACE=ZSTD_ -DDEBUGLEVEL=0 -DZSTD_LEGACY_SUPPORT=5 -DZSTD_MULTITHREAD -DZSTD_GZCOMPRESS -DZSTD_GZDECOMPRESS -DZSTD_LZMACOMPRESS -DZSTD_LZMADECOMPRESS -DZSTD_LZ4COMPRESS -DZSTD_LZ4DECOMPRESS -DZSTD_LEGACY_SUPPORT=5  -c -MT obj/conf_95512467dcb4bd1a8438aa6c74c35912/zstdmt_compress.o -MMD -MP -MF obj/conf_95512467dcb4bd1a8438aa6c74c35912/zstdmt_compress.d -o obj/conf_95512467dcb4bd1a8438aa6c74c35912/zstdmt_compress.o ../lib/compress/zstdmt_compress.c
CC obj/conf_95512467dcb4bd1a8438aa6c74c35912/huf_decompress.o
cc -O2 -m64 -march=x86-64 -mtune=generic -DBACKTRACE_ENABLE=0  -Wa,--noexecstack -DXXH_NAMESPACE=ZSTD_ -DDEBUGLEVEL=0 -DZSTD_LEGACY_SUPPORT=5 -DZSTD_MULTITHREAD -DZSTD_GZCOMPRESS -DZSTD_GZDECOMPRESS -DZSTD_LZMACOMPRESS -DZSTD_LZMADECOMPRESS -DZSTD_LZ4COMPRESS -DZSTD_LZ4DECOMPRESS -DZSTD_LEGACY_SUPPORT=5  -c -MT obj/conf_95512467dcb4bd1a8438aa6c74c35912/huf_decompress.o -MMD -MP -MF obj/conf_95512467dcb4bd1a8438aa6c74c35912/huf_decompress.d -o obj/conf_95512467dcb4bd1a8438aa6c74c35912/huf_decompress.o ../lib/decompress/huf_decompress.c
AS obj/conf_95512467dcb4bd1a8438aa6c74c35912/huf_decompress_amd64.o
cc -Wall -Wextra -Wcast-qual -Wcast-align -Wshadow -Wstrict-aliasing=1 -Wswitch-enum -Wdeclaration-after-statement -Wstrict-prototypes -Wundef -Wpointer-arith -Wvla -Wformat=2 -Winit-self -Wfloat-equal -Wwrite-strings -Wredundant-decls -Wmissing-prototypes -Wc++-compat  -O2 -m64 -march=x86-64 -mtune=generic -DBACKTRACE_ENABLE=0  -Wa,--noexecstack -DXXH_NAMESPACE=ZSTD_ -DDEBUGLEVEL=0 -DZSTD_LEGACY_SUPPORT=5 -DZSTD_MULTITHREAD -DZSTD_GZCOMPRESS -DZSTD_GZDECOMPRESS -DZSTD_LZMACOMPRESS -DZSTD_LZMADECOMPRESS -DZSTD_LZ4COMPRESS -DZSTD_LZ4DECOMPRESS -DZSTD_LEGACY_SUPPORT=5  -c -o obj/conf_95512467dcb4bd1a8438aa6c74c35912/huf_decompress_amd64.o ../lib/decompress/huf_decompress_amd64.S
CC obj/conf_95512467dcb4bd1a8438aa6c74c35912/zstd_ddict.o
cc -O2 -m64 -march=x86-64 -mtune=generic -DBACKTRACE_ENABLE=0  -Wa,--noexecstack -DXXH_NAMESPACE=ZSTD_ -DDEBUGLEVEL=0 -DZSTD_LEGACY_SUPPORT=5 -DZSTD_MULTITHREAD -DZSTD_GZCOMPRESS -DZSTD_GZDECOMPRESS -DZSTD_LZMACOMPRESS -DZSTD_LZMADECOMPRESS -DZSTD_LZ4COMPRESS -DZSTD_LZ4DECOMPRESS -DZSTD_LEGACY_SUPPORT=5  -c -MT obj/conf_95512467dcb4bd1a8438aa6c74c35912/zstd_ddict.o -MMD -MP -MF obj/conf_95512467dcb4bd1a8438aa6c74c35912/zstd_ddict.d -o obj/conf_95512467dcb4bd1a8438aa6c74c35912/zstd_ddict.o ../lib/decompress/zstd_ddict.c
CC obj/conf_95512467dcb4bd1a8438aa6c74c35912/zstd_decompress.o
cc -O2 -m64 -march=x86-64 -mtune=generic -DBACKTRACE_ENABLE=0  -Wa,--noexecstack -DXXH_NAMESPACE=ZSTD_ -DDEBUGLEVEL=0 -DZSTD_LEGACY_SUPPORT=5 -DZSTD_MULTITHREAD -DZSTD_GZCOMPRESS -DZSTD_GZDECOMPRESS -DZSTD_LZMACOMPRESS -DZSTD_LZMADECOMPRESS -DZSTD_LZ4COMPRESS -DZSTD_LZ4DECOMPRESS -DZSTD_LEGACY_SUPPORT=5  -c -MT obj/conf_95512467dcb4bd1a8438aa6c74c35912/zstd_decompress.o -MMD -MP -MF obj/conf_95512467dcb4bd1a8438aa6c74c35912/zstd_decompress.d -o obj/conf_95512467dcb4bd1a8438aa6c74c35912/zstd_decompress.o ../lib/decompress/zstd_decompress.c
CC obj/conf_95512467dcb4bd1a8438aa6c74c35912/zstd_decompress_block.o
cc -O2 -m64 -march=x86-64 -mtune=generic -DBACKTRACE_ENABLE=0  -Wa,--noexecstack -DXXH_NAMESPACE=ZSTD_ -DDEBUGLEVEL=0 -DZSTD_LEGACY_SUPPORT=5 -DZSTD_MULTITHREAD -DZSTD_GZCOMPRESS -DZSTD_GZDECOMPRESS -DZSTD_LZMACOMPRESS -DZSTD_LZMADECOMPRESS -DZSTD_LZ4COMPRESS -DZSTD_LZ4DECOMPRESS -DZSTD_LEGACY_SUPPORT=5  -c -MT obj/conf_95512467dcb4bd1a8438aa6c74c35912/zstd_decompress_block.o -MMD -MP -MF obj/conf_95512467dcb4bd1a8438aa6c74c35912/zstd_decompress_block.d -o obj/conf_95512467dcb4bd1a8438aa6c74c35912/zstd_decompress_block.o ../lib/decompress/zstd_decompress_block.c
CC obj/conf_95512467dcb4bd1a8438aa6c74c35912/cover.o
cc -O2 -m64 -march=x86-64 -mtune=generic -DBACKTRACE_ENABLE=0  -Wa,--noexecstack -DXXH_NAMESPACE=ZSTD_ -DDEBUGLEVEL=0 -DZSTD_LEGACY_SUPPORT=5 -DZSTD_MULTITHREAD -DZSTD_GZCOMPRESS -DZSTD_GZDECOMPRESS -DZSTD_LZMACOMPRESS -DZSTD_LZMADECOMPRESS -DZSTD_LZ4COMPRESS -DZSTD_LZ4DECOMPRESS -DZSTD_LEGACY_SUPPORT=5  -c -MT obj/conf_95512467dcb4bd1a8438aa6c74c35912/cover.o -MMD -MP -MF obj/conf_95512467dcb4bd1a8438aa6c74c35912/cover.d -o obj/conf_95512467dcb4bd1a8438aa6c74c35912/cover.o ../lib/dictBuilder/cover.c
CC obj/conf_95512467dcb4bd1a8438aa6c74c35912/divsufsort.o
cc -O2 -m64 -march=x86-64 -mtune=generic -DBACKTRACE_ENABLE=0  -Wa,--noexecstack -DXXH_NAMESPACE=ZSTD_ -DDEBUGLEVEL=0 -DZSTD_LEGACY_SUPPORT=5 -DZSTD_MULTITHREAD -DZSTD_GZCOMPRESS -DZSTD_GZDECOMPRESS -DZSTD_LZMACOMPRESS -DZSTD_LZMADECOMPRESS -DZSTD_LZ4COMPRESS -DZSTD_LZ4DECOMPRESS -DZSTD_LEGACY_SUPPORT=5  -c -MT obj/conf_95512467dcb4bd1a8438aa6c74c35912/divsufsort.o -MMD -MP -MF obj/conf_95512467dcb4bd1a8438aa6c74c35912/divsufsort.d -o obj/conf_95512467dcb4bd1a8438aa6c74c35912/divsufsort.o ../lib/dictBuilder/divsufsort.c
CC obj/conf_95512467dcb4bd1a8438aa6c74c35912/fastcover.o
cc -O2 -m64 -march=x86-64 -mtune=generic -DBACKTRACE_ENABLE=0  -Wa,--noexecstack -DXXH_NAMESPACE=ZSTD_ -DDEBUGLEVEL=0 -DZSTD_LEGACY_SUPPORT=5 -DZSTD_MULTITHREAD -DZSTD_GZCOMPRESS -DZSTD_GZDECOMPRESS -DZSTD_LZMACOMPRESS -DZSTD_LZMADECOMPRESS -DZSTD_LZ4COMPRESS -DZSTD_LZ4DECOMPRESS -DZSTD_LEGACY_SUPPORT=5  -c -MT obj/conf_95512467dcb4bd1a8438aa6c74c35912/fastcover.o -MMD -MP -MF obj/conf_95512467dcb4bd1a8438aa6c74c35912/fastcover.d -o obj/conf_95512467dcb4bd1a8438aa6c74c35912/fastcover.o ../lib/dictBuilder/fastcover.c
CC obj/conf_95512467dcb4bd1a8438aa6c74c35912/zdict.o
cc -O2 -m64 -march=x86-64 -mtune=generic -DBACKTRACE_ENABLE=0  -Wa,--noexecstack -DXXH_NAMESPACE=ZSTD_ -DDEBUGLEVEL=0 -DZSTD_LEGACY_SUPPORT=5 -DZSTD_MULTITHREAD -DZSTD_GZCOMPRESS -DZSTD_GZDECOMPRESS -DZSTD_LZMACOMPRESS -DZSTD_LZMADECOMPRESS -DZSTD_LZ4COMPRESS -DZSTD_LZ4DECOMPRESS -DZSTD_LEGACY_SUPPORT=5  -c -MT obj/conf_95512467dcb4bd1a8438aa6c74c35912/zdict.o -MMD -MP -MF obj/conf_95512467dcb4bd1a8438aa6c74c35912/zdict.d -o obj/conf_95512467dcb4bd1a8438aa6c74c35912/zdict.o ../lib/dictBuilder/zdict.c
CC obj/conf_95512467dcb4bd1a8438aa6c74c35912/zstd_v05.o
cc -O2 -m64 -march=x86-64 -mtune=generic -DBACKTRACE_ENABLE=0  -Wa,--noexecstack -DXXH_NAMESPACE=ZSTD_ -DDEBUGLEVEL=0 -DZSTD_LEGACY_SUPPORT=5 -DZSTD_MULTITHREAD -DZSTD_GZCOMPRESS -DZSTD_GZDECOMPRESS -DZSTD_LZMACOMPRESS -DZSTD_LZMADECOMPRESS -DZSTD_LZ4COMPRESS -DZSTD_LZ4DECOMPRESS -DZSTD_LEGACY_SUPPORT=5  -c -MT obj/conf_95512467dcb4bd1a8438aa6c74c35912/zstd_v05.o -MMD -MP -MF obj/conf_95512467dcb4bd1a8438aa6c74c35912/zstd_v05.d -o obj/conf_95512467dcb4bd1a8438aa6c74c35912/zstd_v05.o ../lib/legacy/zstd_v05.c
CC obj/conf_95512467dcb4bd1a8438aa6c74c35912/zstd_v06.o
cc -O2 -m64 -march=x86-64 -mtune=generic -DBACKTRACE_ENABLE=0  -Wa,--noexecstack -DXXH_NAMESPACE=ZSTD_ -DDEBUGLEVEL=0 -DZSTD_LEGACY_SUPPORT=5 -DZSTD_MULTITHREAD -DZSTD_GZCOMPRESS -DZSTD_GZDECOMPRESS -DZSTD_LZMACOMPRESS -DZSTD_LZMADECOMPRESS -DZSTD_LZ4COMPRESS -DZSTD_LZ4DECOMPRESS -DZSTD_LEGACY_SUPPORT=5  -c -MT obj/conf_95512467dcb4bd1a8438aa6c74c35912/zstd_v06.o -MMD -MP -MF obj/conf_95512467dcb4bd1a8438aa6c74c35912/zstd_v06.d -o obj/conf_95512467dcb4bd1a8438aa6c74c35912/zstd_v06.o ../lib/legacy/zstd_v06.c
CC obj/conf_95512467dcb4bd1a8438aa6c74c35912/zstd_v07.o
cc -O2 -m64 -march=x86-64 -mtune=generic -DBACKTRACE_ENABLE=0  -Wa,--noexecstack -DXXH_NAMESPACE=ZSTD_ -DDEBUGLEVEL=0 -DZSTD_LEGACY_SUPPORT=5 -DZSTD_MULTITHREAD -DZSTD_GZCOMPRESS -DZSTD_GZDECOMPRESS -DZSTD_LZMACOMPRESS -DZSTD_LZMADECOMPRESS -DZSTD_LZ4COMPRESS -DZSTD_LZ4DECOMPRESS -DZSTD_LEGACY_SUPPORT=5  -c -MT obj/conf_95512467dcb4bd1a8438aa6c74c35912/zstd_v07.o -MMD -MP -MF obj/conf_95512467dcb4bd1a8438aa6c74c35912/zstd_v07.d -o obj/conf_95512467dcb4bd1a8438aa6c74c35912/zstd_v07.o ../lib/legacy/zstd_v07.c
CC obj/conf_95512467dcb4bd1a8438aa6c74c35912/benchfn.o
cc -O2 -m64 -march=x86-64 -mtune=generic -DBACKTRACE_ENABLE=0  -Wa,--noexecstack -DXXH_NAMESPACE=ZSTD_ -DDEBUGLEVEL=0 -DZSTD_LEGACY_SUPPORT=5 -DZSTD_MULTITHREAD -DZSTD_GZCOMPRESS -DZSTD_GZDECOMPRESS -DZSTD_LZMACOMPRESS -DZSTD_LZMADECOMPRESS -DZSTD_LZ4COMPRESS -DZSTD_LZ4DECOMPRESS -DZSTD_LEGACY_SUPPORT=5  -c -MT obj/conf_95512467dcb4bd1a8438aa6c74c35912/benchfn.o -MMD -MP -MF obj/conf_95512467dcb4bd1a8438aa6c74c35912/benchfn.d -o obj/conf_95512467dcb4bd1a8438aa6c74c35912/benchfn.o benchfn.c
CC obj/conf_95512467dcb4bd1a8438aa6c74c35912/benchzstd.o
cc -O2 -m64 -march=x86-64 -mtune=generic -DBACKTRACE_ENABLE=0  -Wa,--noexecstack -DXXH_NAMESPACE=ZSTD_ -DDEBUGLEVEL=0 -DZSTD_LEGACY_SUPPORT=5 -DZSTD_MULTITHREAD -DZSTD_GZCOMPRESS -DZSTD_GZDECOMPRESS -DZSTD_LZMACOMPRESS -DZSTD_LZMADECOMPRESS -DZSTD_LZ4COMPRESS -DZSTD_LZ4DECOMPRESS -DZSTD_LEGACY_SUPPORT=5  -c -MT obj/conf_95512467dcb4bd1a8438aa6c74c35912/benchzstd.o -MMD -MP -MF obj/conf_95512467dcb4bd1a8438aa6c74c35912/benchzstd.d -o obj/conf_95512467dcb4bd1a8438aa6c74c35912/benchzstd.o benchzstd.c
CC obj/conf_95512467dcb4bd1a8438aa6c74c35912/datagen.o
cc -O2 -m64 -march=x86-64 -mtune=generic -DBACKTRACE_ENABLE=0  -Wa,--noexecstack -DXXH_NAMESPACE=ZSTD_ -DDEBUGLEVEL=0 -DZSTD_LEGACY_SUPPORT=5 -DZSTD_MULTITHREAD -DZSTD_GZCOMPRESS -DZSTD_GZDECOMPRESS -DZSTD_LZMACOMPRESS -DZSTD_LZMADECOMPRESS -DZSTD_LZ4COMPRESS -DZSTD_LZ4DECOMPRESS -DZSTD_LEGACY_SUPPORT=5  -c -MT obj/conf_95512467dcb4bd1a8438aa6c74c35912/datagen.o -MMD -MP -MF obj/conf_95512467dcb4bd1a8438aa6c74c35912/datagen.d -o obj/conf_95512467dcb4bd1a8438aa6c74c35912/datagen.o datagen.c
CC obj/conf_95512467dcb4bd1a8438aa6c74c35912/dibio.o
cc -O2 -m64 -march=x86-64 -mtune=generic -DBACKTRACE_ENABLE=0  -Wa,--noexecstack -DXXH_NAMESPACE=ZSTD_ -DDEBUGLEVEL=0 -DZSTD_LEGACY_SUPPORT=5 -DZSTD_MULTITHREAD -DZSTD_GZCOMPRESS -DZSTD_GZDECOMPRESS -DZSTD_LZMACOMPRESS -DZSTD_LZMADECOMPRESS -DZSTD_LZ4COMPRESS -DZSTD_LZ4DECOMPRESS -DZSTD_LEGACY_SUPPORT=5  -c -MT obj/conf_95512467dcb4bd1a8438aa6c74c35912/dibio.o -MMD -MP -MF obj/conf_95512467dcb4bd1a8438aa6c74c35912/dibio.d -o obj/conf_95512467dcb4bd1a8438aa6c74c35912/dibio.o dibio.c
compiling single-threaded static library 1.5.5
ar rcs obj/conf_70ffb0608bc9ababcb198a7f25e2491d/static/libzstd.a obj/conf_70ffb0608bc9ababcb198a7f25e2491d/static/debug.o obj/conf_70ffb0608bc9ababcb198a7f25e2491d/static/entropy_common.o obj/conf_70ffb0608bc9ababcb198a7f25e2491d/static/error_private.o obj/conf_70ffb0608bc9ababcb198a7f25e2491d/static/fse_decompress.o obj/conf_70ffb0608bc9ababcb198a7f25e2491d/static/pool.o obj/conf_70ffb0608bc9ababcb198a7f25e2491d/static/threading.o obj/conf_70ffb0608bc9ababcb198a7f25e2491d/static/xxhash.o obj/conf_70ffb0608bc9ababcb198a7f25e2491d/static/zstd_common.o obj/conf_70ffb0608bc9ababcb198a7f25e2491d/static/zstd_v05.o obj/conf_70ffb0608bc9ababcb198a7f25e2491d/static/zstd_v06.o obj/conf_70ffb0608bc9ababcb198a7f25e2491d/static/zstd_v07.o obj/conf_70ffb0608bc9ababcb198a7f25e2491d/static/fse_compress.o obj/conf_70ffb0608bc9ababcb198a7f25e2491d/static/hist.o obj/conf_70ffb0608bc9ababcb198a7f25e2491d/static/huf_compress.o obj/conf_70ffb0608bc9ababcb198a7f25e2491d/static/zstd_compress.o obj/conf_70ffb0608bc9ababcb198a7f25e2491d/static/zstd_compress_literals.o obj/conf_70ffb0608bc9ababcb198a7f25e2491d/static/zstd_compress_sequences.o obj/conf_70ffb0608bc9ababcb198a7f25e2491d/static/zstd_compress_superblock.o obj/conf_70ffb0608bc9ababcb198a7f25e2491d/static/zstd_double_fast.o obj/conf_70ffb0608bc9ababcb198a7f25e2491d/static/zstd_fast.o obj/conf_70ffb0608bc9ababcb198a7f25e2491d/static/zstd_lazy.o obj/conf_70ffb0608bc9ababcb198a7f25e2491d/static/zstd_ldm.o obj/conf_70ffb0608bc9ababcb198a7f25e2491d/static/zstd_opt.o obj/conf_70ffb0608bc9ababcb198a7f25e2491d/static/zstdmt_compress.o obj/conf_70ffb0608bc9ababcb198a7f25e2491d/static/huf_decompress.o obj/conf_70ffb0608bc9ababcb198a7f25e2491d/static/zstd_ddict.o obj/conf_70ffb0608bc9ababcb198a7f25e2491d/static/zstd_decompress.o obj/conf_70ffb0608bc9ababcb198a7f25e2491d/static/zstd_decompress_block.o obj/conf_70ffb0608bc9ababcb198a7f25e2491d/static/huf_decompress_amd64.o obj/conf_70ffb0608bc9ababcb198a7f25e2491d/static/cover.o obj/conf_70ffb0608bc9ababcb198a7f25e2491d/static/divsufsort.o obj/conf_70ffb0608bc9ababcb198a7f25e2491d/static/fastcover.o obj/conf_70ffb0608bc9ababcb198a7f25e2491d/static/zdict.o
cp -f obj/conf_70ffb0608bc9ababcb198a7f25e2491d/static/libzstd.a libzstd.a
CC obj/conf_95512467dcb4bd1a8438aa6c74c35912/fileio.o
cc -O2 -m64 -march=x86-64 -mtune=generic -DBACKTRACE_ENABLE=0  -Wa,--noexecstack -DXXH_NAMESPACE=ZSTD_ -DDEBUGLEVEL=0 -DZSTD_LEGACY_SUPPORT=5 -DZSTD_MULTITHREAD -DZSTD_GZCOMPRESS -DZSTD_GZDECOMPRESS -DZSTD_LZMACOMPRESS -DZSTD_LZMADECOMPRESS -DZSTD_LZ4COMPRESS -DZSTD_LZ4DECOMPRESS -DZSTD_LEGACY_SUPPORT=5  -c -MT obj/conf_95512467dcb4bd1a8438aa6c74c35912/fileio.o -MMD -MP -MF obj/conf_95512467dcb4bd1a8438aa6c74c35912/fileio.d -o obj/conf_95512467dcb4bd1a8438aa6c74c35912/fileio.o fileio.c
CC obj/conf_95512467dcb4bd1a8438aa6c74c35912/fileio_asyncio.o
cc -O2 -m64 -march=x86-64 -mtune=generic -DBACKTRACE_ENABLE=0  -Wa,--noexecstack -DXXH_NAMESPACE=ZSTD_ -DDEBUGLEVEL=0 -DZSTD_LEGACY_SUPPORT=5 -DZSTD_MULTITHREAD -DZSTD_GZCOMPRESS -DZSTD_GZDECOMPRESS -DZSTD_LZMACOMPRESS -DZSTD_LZMADECOMPRESS -DZSTD_LZ4COMPRESS -DZSTD_LZ4DECOMPRESS -DZSTD_LEGACY_SUPPORT=5  -c -MT obj/conf_95512467dcb4bd1a8438aa6c74c35912/fileio_asyncio.o -MMD -MP -MF obj/conf_95512467dcb4bd1a8438aa6c74c35912/fileio_asyncio.d -o obj/conf_95512467dcb4bd1a8438aa6c74c35912/fileio_asyncio.o fileio_asyncio.c
CC obj/conf_95512467dcb4bd1a8438aa6c74c35912/timefn.o
cc -O2 -m64 -march=x86-64 -mtune=generic -DBACKTRACE_ENABLE=0  -Wa,--noexecstack -DXXH_NAMESPACE=ZSTD_ -DDEBUGLEVEL=0 -DZSTD_LEGACY_SUPPORT=5 -DZSTD_MULTITHREAD -DZSTD_GZCOMPRESS -DZSTD_GZDECOMPRESS -DZSTD_LZMACOMPRESS -DZSTD_LZMADECOMPRESS -DZSTD_LZ4COMPRESS -DZSTD_LZ4DECOMPRESS -DZSTD_LEGACY_SUPPORT=5  -c -MT obj/conf_95512467dcb4bd1a8438aa6c74c35912/timefn.o -MMD -MP -MF obj/conf_95512467dcb4bd1a8438aa6c74c35912/timefn.d -o obj/conf_95512467dcb4bd1a8438aa6c74c35912/timefn.o timefn.c
CC obj/conf_95512467dcb4bd1a8438aa6c74c35912/util.o
cc -O2 -m64 -march=x86-64 -mtune=generic -DBACKTRACE_ENABLE=0  -Wa,--noexecstack -DXXH_NAMESPACE=ZSTD_ -DDEBUGLEVEL=0 -DZSTD_LEGACY_SUPPORT=5 -DZSTD_MULTITHREAD -DZSTD_GZCOMPRESS -DZSTD_GZDECOMPRESS -DZSTD_LZMACOMPRESS -DZSTD_LZMADECOMPRESS -DZSTD_LZ4COMPRESS -DZSTD_LZ4DECOMPRESS -DZSTD_LEGACY_SUPPORT=5  -c -MT obj/conf_95512467dcb4bd1a8438aa6c74c35912/util.o -MMD -MP -MF obj/conf_95512467dcb4bd1a8438aa6c74c35912/util.d -o obj/conf_95512467dcb4bd1a8438aa6c74c35912/util.o util.c
CC obj/conf_95512467dcb4bd1a8438aa6c74c35912/zstdcli.o
cc -O2 -m64 -march=x86-64 -mtune=generic -DBACKTRACE_ENABLE=0  -Wa,--noexecstack -DXXH_NAMESPACE=ZSTD_ -DDEBUGLEVEL=0 -DZSTD_LEGACY_SUPPORT=5 -DZSTD_MULTITHREAD -DZSTD_GZCOMPRESS -DZSTD_GZDECOMPRESS -DZSTD_LZMACOMPRESS -DZSTD_LZMADECOMPRESS -DZSTD_LZ4COMPRESS -DZSTD_LZ4DECOMPRESS -DZSTD_LEGACY_SUPPORT=5  -c -MT obj/conf_95512467dcb4bd1a8438aa6c74c35912/zstdcli.o -MMD -MP -MF obj/conf_95512467dcb4bd1a8438aa6c74c35912/zstdcli.d -o obj/conf_95512467dcb4bd1a8438aa6c74c35912/zstdcli.o zstdcli.c
CC obj/conf_95512467dcb4bd1a8438aa6c74c35912/zstdcli_trace.o
cc -O2 -m64 -march=x86-64 -mtune=generic -DBACKTRACE_ENABLE=0  -Wa,--noexecstack -DXXH_NAMESPACE=ZSTD_ -DDEBUGLEVEL=0 -DZSTD_LEGACY_SUPPORT=5 -DZSTD_MULTITHREAD -DZSTD_GZCOMPRESS -DZSTD_GZDECOMPRESS -DZSTD_LZMACOMPRESS -DZSTD_LZMADECOMPRESS -DZSTD_LZ4COMPRESS -DZSTD_LZ4DECOMPRESS -DZSTD_LEGACY_SUPPORT=5  -c -MT obj/conf_95512467dcb4bd1a8438aa6c74c35912/zstdcli_trace.o -MMD -MP -MF obj/conf_95512467dcb4bd1a8438aa6c74c35912/zstdcli_trace.d -o obj/conf_95512467dcb4bd1a8438aa6c74c35912/zstdcli_trace.o zstdcli_trace.c
compiling multi-threaded dynamic library 1.5.5
cc -DXXH_NAMESPACE=ZSTD_ -DDEBUGLEVEL=0 -DZSTD_LEGACY_SUPPORT=5 -DZSTD_MULTITHREAD  -O2 -m64 -march=x86-64 -mtune=generic   -Wa,--noexecstack -fPIC -fvisibility=hidden -Wall -Wextra -Wcast-qual -Wcast-align -Wshadow -Wstrict-aliasing=1 -Wswitch-enum -Wdeclaration-after-statement -Wstrict-prototypes -Wundef -Wpointer-arith -Wvla -Wformat=2 -Winit-self -Wfloat-equal -Wwrite-strings -Wredundant-decls -Wmissing-prototypes -Wc++-compat  -O2 -m64 -march=x86-64 -mtune=generic   -Wa,--noexecstack -fPIC -fvisibility=hidden -z noexecstack -shared -pthread obj/conf_e7851c3557c27f4588efc3eb039847d3/dynamic/debug.o obj/conf_e7851c3557c27f4588efc3eb039847d3/dynamic/entropy_common.o obj/conf_e7851c3557c27f4588efc3eb039847d3/dynamic/error_private.o obj/conf_e7851c3557c27f4588efc3eb039847d3/dynamic/fse_decompress.o obj/conf_e7851c3557c27f4588efc3eb039847d3/dynamic/pool.o obj/conf_e7851c3557c27f4588efc3eb039847d3/dynamic/threading.o obj/conf_e7851c3557c27f4588efc3eb039847d3/dynamic/xxhash.o obj/conf_e7851c3557c27f4588efc3eb039847d3/dynamic/zstd_common.o obj/conf_e7851c3557c27f4588efc3eb039847d3/dynamic/zstd_v05.o obj/conf_e7851c3557c27f4588efc3eb039847d3/dynamic/zstd_v06.o obj/conf_e7851c3557c27f4588efc3eb039847d3/dynamic/zstd_v07.o obj/conf_e7851c3557c27f4588efc3eb039847d3/dynamic/fse_compress.o obj/conf_e7851c3557c27f4588efc3eb039847d3/dynamic/hist.o obj/conf_e7851c3557c27f4588efc3eb039847d3/dynamic/huf_compress.o obj/conf_e7851c3557c27f4588efc3eb039847d3/dynamic/zstd_compress.o obj/conf_e7851c3557c27f4588efc3eb039847d3/dynamic/zstd_compress_literals.o obj/conf_e7851c3557c27f4588efc3eb039847d3/dynamic/zstd_compress_sequences.o obj/conf_e7851c3557c27f4588efc3eb039847d3/dynamic/zstd_compress_superblock.o obj/conf_e7851c3557c27f4588efc3eb039847d3/dynamic/zstd_double_fast.o obj/conf_e7851c3557c27f4588efc3eb039847d3/dynamic/zstd_fast.o obj/conf_e7851c3557c27f4588efc3eb039847d3/dynamic/zstd_lazy.o obj/conf_e7851c3557c27f4588efc3eb039847d3/dynamic/zstd_ldm.o obj/conf_e7851c3557c27f4588efc3eb039847d3/dynamic/zstd_opt.o obj/conf_e7851c3557c27f4588efc3eb039847d3/dynamic/zstdmt_compress.o obj/conf_e7851c3557c27f4588efc3eb039847d3/dynamic/huf_decompress.o obj/conf_e7851c3557c27f4588efc3eb039847d3/dynamic/zstd_ddict.o obj/conf_e7851c3557c27f4588efc3eb039847d3/dynamic/zstd_decompress.o obj/conf_e7851c3557c27f4588efc3eb039847d3/dynamic/zstd_decompress_block.o obj/conf_e7851c3557c27f4588efc3eb039847d3/dynamic/huf_decompress_amd64.o obj/conf_e7851c3557c27f4588efc3eb039847d3/dynamic/cover.o obj/conf_e7851c3557c27f4588efc3eb039847d3/dynamic/divsufsort.o obj/conf_e7851c3557c27f4588efc3eb039847d3/dynamic/fastcover.o obj/conf_e7851c3557c27f4588efc3eb039847d3/dynamic/zdict.o -z noexecstack -shared -pthread -Wl,-soname=libzstd.so.1 -o obj/conf_e7851c3557c27f4588efc3eb039847d3/dynamic/libzstd.so.1.5.5
creating versioned links
ln -sf obj/conf_e7851c3557c27f4588efc3eb039847d3/dynamic/libzstd.so.1.5.5 libzstd.so.1
ln -sf obj/conf_e7851c3557c27f4588efc3eb039847d3/dynamic/libzstd.so.1.5.5 libzstd.so
cp -f obj/conf_e7851c3557c27f4588efc3eb039847d3/dynamic/libzstd.so.1.5.5 libzstd.so.1.5.5
release build completed
make[1]: Leaving directory '/home/devel/building/work/src/zstd-1.5.5/lib'
==> building with threading support
==> building zstd with .gz compression support
==> building zstd with .xz/.lzma compression support
==> building zstd with .lz4 compression support
LINK obj/conf_95512467dcb4bd1a8438aa6c74c35912/zstd
cc -DXXH_NAMESPACE=ZSTD_ -DDEBUGLEVEL=0 -DZSTD_LEGACY_SUPPORT=5 -DZSTD_MULTITHREAD -DZSTD_GZCOMPRESS -DZSTD_GZDECOMPRESS -DZSTD_LZMACOMPRESS -DZSTD_LZMADECOMPRESS -DZSTD_LZ4COMPRESS -DZSTD_LZ4DECOMPRESS -DZSTD_LEGACY_SUPPORT=5 -O2 -m64 -march=x86-64 -mtune=generic -DBACKTRACE_ENABLE=0  -Wa,--noexecstack -Wall -Wextra -Wcast-qual -Wcast-align -Wshadow -Wstrict-aliasing=1 -Wswitch-enum -Wdeclaration-after-statement -Wstrict-prototypes -Wundef -Wpointer-arith -Wvla -Wformat=2 -Winit-self -Wfloat-equal -Wwrite-strings -Wredundant-decls -Wmissing-prototypes -Wc++-compat  -O2 -m64 -march=x86-64 -mtune=generic -DBACKTRACE_ENABLE=0  -Wa,--noexecstack -z noexecstack -pthread  obj/conf_95512467dcb4bd1a8438aa6c74c35912/debug.o obj/conf_95512467dcb4bd1a8438aa6c74c35912/entropy_common.o obj/conf_95512467dcb4bd1a8438aa6c74c35912/error_private.o obj/conf_95512467dcb4bd1a8438aa6c74c35912/fse_decompress.o obj/conf_95512467dcb4bd1a8438aa6c74c35912/pool.o obj/conf_95512467dcb4bd1a8438aa6c74c35912/threading.o obj/conf_95512467dcb4bd1a8438aa6c74c35912/xxhash.o obj/conf_95512467dcb4bd1a8438aa6c74c35912/zstd_common.o obj/conf_95512467dcb4bd1a8438aa6c74c35912/fse_compress.o obj/conf_95512467dcb4bd1a8438aa6c74c35912/hist.o obj/conf_95512467dcb4bd1a8438aa6c74c35912/huf_compress.o obj/conf_95512467dcb4bd1a8438aa6c74c35912/zstd_compress.o obj/conf_95512467dcb4bd1a8438aa6c74c35912/zstd_compress_literals.o obj/conf_95512467dcb4bd1a8438aa6c74c35912/zstd_compress_sequences.o obj/conf_95512467dcb4bd1a8438aa6c74c35912/zstd_compress_superblock.o obj/conf_95512467dcb4bd1a8438aa6c74c35912/zstd_double_fast.o obj/conf_95512467dcb4bd1a8438aa6c74c35912/zstd_fast.o obj/conf_95512467dcb4bd1a8438aa6c74c35912/zstd_lazy.o obj/conf_95512467dcb4bd1a8438aa6c74c35912/zstd_ldm.o obj/conf_95512467dcb4bd1a8438aa6c74c35912/zstd_opt.o obj/conf_95512467dcb4bd1a8438aa6c74c35912/zstdmt_compress.o obj/conf_95512467dcb4bd1a8438aa6c74c35912/huf_decompress.o obj/conf_95512467dcb4bd1a8438aa6c74c35912/huf_decompress_amd64.o obj/conf_95512467dcb4bd1a8438aa6c74c35912/zstd_ddict.o obj/conf_95512467dcb4bd1a8438aa6c74c35912/zstd_decompress.o obj/conf_95512467dcb4bd1a8438aa6c74c35912/zstd_decompress_block.o obj/conf_95512467dcb4bd1a8438aa6c74c35912/cover.o obj/conf_95512467dcb4bd1a8438aa6c74c35912/divsufsort.o obj/conf_95512467dcb4bd1a8438aa6c74c35912/fastcover.o obj/conf_95512467dcb4bd1a8438aa6c74c35912/zdict.o obj/conf_95512467dcb4bd1a8438aa6c74c35912/zstd_v05.o obj/conf_95512467dcb4bd1a8438aa6c74c35912/zstd_v06.o obj/conf_95512467dcb4bd1a8438aa6c74c35912/zstd_v07.o obj/conf_95512467dcb4bd1a8438aa6c74c35912/benchfn.o obj/conf_95512467dcb4bd1a8438aa6c74c35912/benchzstd.o obj/conf_95512467dcb4bd1a8438aa6c74c35912/datagen.o obj/conf_95512467dcb4bd1a8438aa6c74c35912/dibio.o obj/conf_95512467dcb4bd1a8438aa6c74c35912/fileio.o obj/conf_95512467dcb4bd1a8438aa6c74c35912/fileio_asyncio.o obj/conf_95512467dcb4bd1a8438aa6c74c35912/timefn.o obj/conf_95512467dcb4bd1a8438aa6c74c35912/util.o obj/conf_95512467dcb4bd1a8438aa6c74c35912/zstdcli.o obj/conf_95512467dcb4bd1a8438aa6c74c35912/zstdcli_trace.o -lz -llzma -llz4 -o obj/conf_95512467dcb4bd1a8438aa6c74c35912/zstd
if [ 1 -eq 1 ]; then \
	cp -f obj/conf_95512467dcb4bd1a8438aa6c74c35912/zstd zstd; \
	echo zstd build completed; \
else \
	echo zstd already built; \
fi
zstd build completed
make[1]: Leaving directory '/home/devel/building/work/src/zstd-1.5.5/programs'
ln -sf programs/zstd zstd
+ make -C contrib/pzstd
make: Entering directory '/home/devel/building/work/src/zstd-1.5.5/contrib/pzstd'
g++ -MMD -MP -MF main.Td   -I../../lib -I../../lib/common -I../../programs -I. -DNDEBUG -O2 -m64 -march=x86-64 -mtune=generic   -c main.cpp  -o main.o
cc  -MMD -MP -MF util.Td   -I../../lib -I../../lib/common -I../../programs -I. -DNDEBUG -O2 -m64 -march=x86-64 -mtune=generic -Wno-deprecated-declarations      -c ../../programs/util.c  -o ../../programs/util.o
g++ -MMD -MP -MF Options.Td   -I../../lib -I../../lib/common -I../../programs -I. -DNDEBUG -O2 -m64 -march=x86-64 -mtune=generic   -c Options.cpp  -o Options.o
g++ -MMD -MP -MF Pzstd.Td   -I../../lib -I../../lib/common -I../../programs -I. -DNDEBUG -O2 -m64 -march=x86-64 -mtune=generic   -c Pzstd.cpp  -o Pzstd.o
g++ -MMD -MP -MF SkippableFrame.Td   -I../../lib -I../../lib/common -I../../programs -I. -DNDEBUG -O2 -m64 -march=x86-64 -mtune=generic   -c SkippableFrame.cpp  -o SkippableFrame.o
CFLAGS="  -I../../lib -I../../lib/common -I../../programs -I. -DNDEBUG -O2 -m64 -march=x86-64 -mtune=generic -Wno-deprecated-declarations   " LDFLAGS=" -O2 -m64 -march=x86-64 -mtune=generic  " make -C ../../lib libzstd.a
make[1]: Entering directory '/home/devel/building/work/src/zstd-1.5.5/lib'
CC obj/conf_233acf0eaf4873d083f25b3cc46666b9/static/debug.o
CC obj/conf_233acf0eaf4873d083f25b3cc46666b9/static/entropy_common.o
CC obj/conf_233acf0eaf4873d083f25b3cc46666b9/static/error_private.o
CC obj/conf_233acf0eaf4873d083f25b3cc46666b9/static/fse_decompress.o
CC obj/conf_233acf0eaf4873d083f25b3cc46666b9/static/pool.o
CC obj/conf_233acf0eaf4873d083f25b3cc46666b9/static/threading.o
mv -f SkippableFrame.Td SkippableFrame.d
CC obj/conf_233acf0eaf4873d083f25b3cc46666b9/static/xxhash.o
CC obj/conf_233acf0eaf4873d083f25b3cc46666b9/static/zstd_common.o
CC obj/conf_233acf0eaf4873d083f25b3cc46666b9/static/zstd_v05.o
CC obj/conf_233acf0eaf4873d083f25b3cc46666b9/static/zstd_v06.o
mv -f util.Td util.d
CC obj/conf_233acf0eaf4873d083f25b3cc46666b9/static/zstd_v07.o
CC obj/conf_233acf0eaf4873d083f25b3cc46666b9/static/fse_compress.o
CC obj/conf_233acf0eaf4873d083f25b3cc46666b9/static/hist.o
CC obj/conf_233acf0eaf4873d083f25b3cc46666b9/static/huf_compress.o
mv -f main.Td main.d
CC obj/conf_233acf0eaf4873d083f25b3cc46666b9/static/zstd_compress.o
CC obj/conf_233acf0eaf4873d083f25b3cc46666b9/static/zstd_compress_literals.o
mv -f Options.Td Options.d
CC obj/conf_233acf0eaf4873d083f25b3cc46666b9/static/zstd_compress_sequences.o
CC obj/conf_233acf0eaf4873d083f25b3cc46666b9/static/zstd_compress_superblock.o
CC obj/conf_233acf0eaf4873d083f25b3cc46666b9/static/zstd_double_fast.o
CC obj/conf_233acf0eaf4873d083f25b3cc46666b9/static/zstd_fast.o
CC obj/conf_233acf0eaf4873d083f25b3cc46666b9/static/zstd_lazy.o
CC obj/conf_233acf0eaf4873d083f25b3cc46666b9/static/zstd_ldm.o
CC obj/conf_233acf0eaf4873d083f25b3cc46666b9/static/zstd_opt.o
CC obj/conf_233acf0eaf4873d083f25b3cc46666b9/static/zstdmt_compress.o
CC obj/conf_233acf0eaf4873d083f25b3cc46666b9/static/huf_decompress.o
CC obj/conf_233acf0eaf4873d083f25b3cc46666b9/static/zstd_ddict.o
CC obj/conf_233acf0eaf4873d083f25b3cc46666b9/static/zstd_decompress.o
CC obj/conf_233acf0eaf4873d083f25b3cc46666b9/static/zstd_decompress_block.o
AS obj/conf_233acf0eaf4873d083f25b3cc46666b9/static/huf_decompress_amd64.o
CC obj/conf_233acf0eaf4873d083f25b3cc46666b9/static/cover.o
mv -f Pzstd.Td Pzstd.d
CC obj/conf_233acf0eaf4873d083f25b3cc46666b9/static/divsufsort.o
CC obj/conf_233acf0eaf4873d083f25b3cc46666b9/static/fastcover.o
CC obj/conf_233acf0eaf4873d083f25b3cc46666b9/static/zdict.o
compiling single-threaded static library 1.5.5
make[1]: Leaving directory '/home/devel/building/work/src/zstd-1.5.5/lib'
g++ main.o ../../programs/util.o Options.o Pzstd.o SkippableFrame.o ../../lib/libzstd.a           -O2 -m64 -march=x86-64 -mtune=generic    -pthread -o pzstd
make: Leaving directory '/home/devel/building/work/src/zstd-1.5.5/contrib/pzstd'
+ make PREFIX=/usr DESTDIR=/home/devel/building/work/pkg install
make[1]: Entering directory '/home/devel/building/work/src/zstd-1.5.5/lib'
Installing includes
Installing static library
Installing shared library
zstd static and shared library installed
make[1]: Leaving directory '/home/devel/building/work/src/zstd-1.5.5/lib'
make[1]: Entering directory '/home/devel/building/work/src/zstd-1.5.5/programs'
Installing binaries
Installing man pages
zstd installation completed
make[1]: Leaving directory '/home/devel/building/work/src/zstd-1.5.5/programs'
+ install -D -m 0755 contrib/pzstd/pzstd -t /home/devel/building/work/pkg/usr/bin
+ rm /home/devel/building/work/pkg/usr/lib/libzstd.a
=======> Build result:
drwxr-xr-x  0 root   root        0 Jul 12 19:29 usr/
drwxr-xr-x  0 root   root        0 Jul 12 19:29 usr/share/
drwxr-xr-x  0 root   root        0 Jul 12 19:29 usr/bin/
drwxr-xr-x  0 root   root        0 Jul 12 19:29 usr/include/
drwxr-xr-x  0 root   root        0 Jul 12 19:29 usr/lib/
lrwxrwxrwx  0 root   root        0 Jul 12 19:29 usr/lib/libzstd.so -> libzstd.so.1.5.5
lrwxrwxrwx  0 root   root        0 Jul 12 19:29 usr/lib/libzstd.so.1 -> libzstd.so.1.5.5
-rwxr-xr-x  0 root   root   772960 Jul 12 19:29 usr/lib/libzstd.so.1.5.5
drwxr-xr-x  0 root   root        0 Jul 12 19:29 usr/lib/pkgconfig/
-rw-r--r--  0 root   root      462 Jul 12 19:29 usr/lib/pkgconfig/libzstd.pc
-rw-r--r--  0 root   root    26433 Jul 12 19:29 usr/include/zdict.h
-rw-r--r--  0 root   root     4532 Jul 12 19:29 usr/include/zstd_errors.h
-rw-r--r--  0 root   root   171378 Jul 12 19:29 usr/include/zstd.h
-rwxr-xr-x  0 root   root   764824 Jul 12 19:29 usr/bin/pzstd
-rwxr-xr-x  0 root   root     3869 Jul 12 19:29 usr/bin/zstdgrep
-rwxr-xr-x  0 root   root      197 Jul 12 19:29 usr/bin/zstdless
lrwxrwxrwx  0 root   root        0 Jul 12 19:29 usr/bin/zstdmt -> zstd
lrwxrwxrwx  0 root   root        0 Jul 12 19:29 usr/bin/unzstd -> zstd
lrwxrwxrwx  0 root   root        0 Jul 12 19:29 usr/bin/zstdcat -> zstd
-rwxr-xr-x  0 root   root   916680 Jul 12 19:29 usr/bin/zstd
drwxr-xr-x  0 root   root        0 Jul 12 19:29 usr/share/man/
drwxr-xr-x  0 root   root        0 Jul 12 19:29 usr/share/man/man1/
lrwxrwxrwx  0 root   root        0 Jul 12 19:29 usr/share/man/man1/zstdcat.1.gz -> zstd.1.gz
lrwxrwxrwx  0 root   root        0 Jul 12 19:29 usr/share/man/man1/unzstd.1.gz -> zstd.1.gz
-rw-r--r--  0 root   root    10696 Jul 12 19:29 usr/share/man/man1/zstd.1.gz
-rw-r--r--  0 root   root      603 Jul 12 19:29 usr/share/man/man1/zstdgrep.1.gz
-rw-r--r--  0 root   root      269 Jul 12 19:29 usr/share/man/man1/zstdless.1.gz
=======> Building '/home/devel/packages/zstd#1.5.5-1.x86_64.pkg.tar.zst' succeeded.
prt-get: Using PKGMK_PACKAGE_DIR: /home/devel/packages
prt-get: reinstalling zstd 1.5.5-1
prt-get: /usr/bin/pkgadd -u zstd#1.5.5-1.x86_64.pkg.tar.zst
prt-get: build done Wed Jul 12 19:29:31 2023

