prt-get: updating /usr/ports/core-x86_64/gperf
prt-get: starting build Wed Jul 26 09:29:27 2023
=======> Building '/home/devel/packages/gperf#3.1-2.x86_64.pkg.tar.xz'.
bsdtar -p -o -C /home/devel/building/work/src -xf /home/devel/sources/gperf-3.1.tar.gz
+ build
+ cd gperf-3.1
+ ./configure --build=x86_64-unknown-linux-gnu --host=x86_64-unknown-linux-gnu --prefix=/usr
checking whether make sets $(MAKE)... yes
configure: creating ./config.status
config.status: creating Makefile
=== configuring in lib (/home/devel/building/work/src/gperf-3.1/lib)
configure: running /bin/sh ./configure --disable-option-checking '--prefix=/usr'  '--build=x86_64-unknown-linux-gnu' '--host=x86_64-unknown-linux-gnu' 'build_alias=x86_64-unknown-linux-gnu' 'host_alias=x86_64-unknown-linux-gnu' --cache-file=/dev/null --srcdir=.
checking whether make sets $(MAKE)... yes
checking for x86_64-unknown-linux-gnu-gcc... x86_64-unknown-linux-gnu-gcc
checking whether the C compiler works... yes
checking for C compiler default output file name... a.out
checking for suffix of executables... 
checking whether we are cross compiling... no
checking for suffix of object files... o
checking whether we are using the GNU C compiler... yes
checking whether x86_64-unknown-linux-gnu-gcc accepts -g... yes
checking for x86_64-unknown-linux-gnu-gcc option to accept ISO C89... none needed
checking how to run the C preprocessor... x86_64-unknown-linux-gnu-gcc -E
checking for x86_64-unknown-linux-gnu-g++... x86_64-unknown-linux-gnu-g++
checking whether we are using the GNU C++ compiler... yes
checking whether x86_64-unknown-linux-gnu-g++ accepts -g... yes
checking how to run the C++ preprocessor... x86_64-unknown-linux-gnu-g++ -E
checking for x86_64-unknown-linux-gnu-ar... x86_64-unknown-linux-gnu-ar
checking for x86_64-unknown-linux-gnu-ranlib... x86_64-unknown-linux-gnu-ranlib
checking for a BSD compatible install... /usr/bin/install -c
configure: creating ./config.status
config.status: creating Makefile
=== configuring in src (/home/devel/building/work/src/gperf-3.1/src)
configure: running /bin/sh ./configure --disable-option-checking '--prefix=/usr'  '--build=x86_64-unknown-linux-gnu' '--host=x86_64-unknown-linux-gnu' 'build_alias=x86_64-unknown-linux-gnu' 'host_alias=x86_64-unknown-linux-gnu' --cache-file=/dev/null --srcdir=.
checking whether make sets $(MAKE)... yes
checking for x86_64-unknown-linux-gnu-gcc... x86_64-unknown-linux-gnu-gcc
checking whether the C compiler works... yes
checking for C compiler default output file name... a.out
checking for suffix of executables... 
checking whether we are cross compiling... no
checking for suffix of object files... o
checking whether we are using the GNU C compiler... yes
checking whether x86_64-unknown-linux-gnu-gcc accepts -g... yes
checking for x86_64-unknown-linux-gnu-gcc option to accept ISO C89... none needed
checking how to run the C preprocessor... x86_64-unknown-linux-gnu-gcc -E
checking for x86_64-unknown-linux-gnu-g++... x86_64-unknown-linux-gnu-g++
checking whether we are using the GNU C++ compiler... yes
checking whether x86_64-unknown-linux-gnu-g++ accepts -g... yes
checking how to run the C++ preprocessor... x86_64-unknown-linux-gnu-g++ -E
checking for a BSD compatible install... /usr/bin/install -c
checking for stack-allocated variable-size arrays... yes
checking for rand in -lm... yes
configure: creating ./config.status
config.status: creating Makefile
config.status: creating config.h
=== configuring in tests (/home/devel/building/work/src/gperf-3.1/tests)
configure: running /bin/sh ./configure --disable-option-checking '--prefix=/usr'  '--build=x86_64-unknown-linux-gnu' '--host=x86_64-unknown-linux-gnu' 'build_alias=x86_64-unknown-linux-gnu' 'host_alias=x86_64-unknown-linux-gnu' --cache-file=/dev/null --srcdir=.
checking whether make sets $(MAKE)... yes
checking for x86_64-unknown-linux-gnu-gcc... x86_64-unknown-linux-gnu-gcc
checking whether the C compiler works... yes
checking for C compiler default output file name... a.out
checking for suffix of executables... 
checking whether we are cross compiling... no
checking for suffix of object files... o
checking whether we are using the GNU C compiler... yes
checking whether x86_64-unknown-linux-gnu-gcc accepts -g... yes
checking for x86_64-unknown-linux-gnu-gcc option to accept ISO C89... none needed
checking how to run the C preprocessor... x86_64-unknown-linux-gnu-gcc -E
checking for x86_64-unknown-linux-gnu-g++... x86_64-unknown-linux-gnu-g++
checking whether we are using the GNU C++ compiler... yes
checking whether x86_64-unknown-linux-gnu-g++ accepts -g... yes
checking how to run the C++ preprocessor... x86_64-unknown-linux-gnu-g++ -E
configure: creating ./config.status
config.status: creating Makefile
=== configuring in doc (/home/devel/building/work/src/gperf-3.1/doc)
configure: running /bin/sh ./configure --disable-option-checking '--prefix=/usr'  '--build=x86_64-unknown-linux-gnu' '--host=x86_64-unknown-linux-gnu' 'build_alias=x86_64-unknown-linux-gnu' 'host_alias=x86_64-unknown-linux-gnu' --cache-file=/dev/null --srcdir=.
checking whether make sets $(MAKE)... yes
checking for a BSD compatible install... /usr/bin/install -c
configure: creating ./config.status
config.status: creating Makefile
+ make V=1
cd lib; make all
make[1]: Entering directory '/home/devel/building/work/src/gperf-3.1/lib'
x86_64-unknown-linux-gnu-gcc -O2 -m64 -march=x86-64 -mtune=generic -flto=auto -ffat-lto-objects -I. -c ./getopt.c
x86_64-unknown-linux-gnu-gcc -O2 -m64 -march=x86-64 -mtune=generic -flto=auto -ffat-lto-objects -I. -c ./getopt1.c
x86_64-unknown-linux-gnu-g++ -O2 -m64 -march=x86-64 -mtune=generic -flto=auto -ffat-lto-objects -I. -c ./getline.cc
x86_64-unknown-linux-gnu-g++ -O2 -m64 -march=x86-64 -mtune=generic -flto=auto -ffat-lto-objects -I. -c ./hash.cc
./getline.cc: In function 'int getstr(char**, size_t*, FILE*, char, size_t)':
./getline.cc:58:20: warning: ISO C++17 does not allow 'register' storage class specifier [-Wregister]
   58 |       register int c = getc (stream);
      |                    ^
rm -f libgp.a
x86_64-unknown-linux-gnu-ar rc libgp.a getopt.o getopt1.o getline.o hash.o
x86_64-unknown-linux-gnu-ranlib libgp.a
make[1]: Leaving directory '/home/devel/building/work/src/gperf-3.1/lib'
cd src; make all
make[1]: Entering directory '/home/devel/building/work/src/gperf-3.1/src'
x86_64-unknown-linux-gnu-g++ -O2 -m64 -march=x86-64 -mtune=generic -flto=auto -ffat-lto-objects -I. -I./../lib -c ./version.cc
x86_64-unknown-linux-gnu-g++ -O2 -m64 -march=x86-64 -mtune=generic -flto=auto -ffat-lto-objects -I. -I./../lib -c ./positions.cc
x86_64-unknown-linux-gnu-g++ -O2 -m64 -march=x86-64 -mtune=generic -flto=auto -ffat-lto-objects -I. -I./../lib -c ./options.cc
x86_64-unknown-linux-gnu-g++ -O2 -m64 -march=x86-64 -mtune=generic -flto=auto -ffat-lto-objects -I. -I./../lib -c ./keyword.cc
x86_64-unknown-linux-gnu-g++ -O2 -m64 -march=x86-64 -mtune=generic -flto=auto -ffat-lto-objects -I. -I./../lib -c ./keyword-list.cc
x86_64-unknown-linux-gnu-g++ -O2 -m64 -march=x86-64 -mtune=generic -flto=auto -ffat-lto-objects -I. -I./../lib -c ./input.cc
x86_64-unknown-linux-gnu-g++ -O2 -m64 -march=x86-64 -mtune=generic -flto=auto -ffat-lto-objects -I. -I./../lib -c ./bool-array.cc
x86_64-unknown-linux-gnu-g++ -O2 -m64 -march=x86-64 -mtune=generic -flto=auto -ffat-lto-objects -I. -I./../lib -c ./hash-table.cc
x86_64-unknown-linux-gnu-g++ -O2 -m64 -march=x86-64 -mtune=generic -flto=auto -ffat-lto-objects -I. -I./../lib -c ./search.cc
x86_64-unknown-linux-gnu-g++ -O2 -m64 -march=x86-64 -mtune=generic -flto=auto -ffat-lto-objects -I. -I./../lib -c ./output.cc
x86_64-unknown-linux-gnu-g++ -O2 -m64 -march=x86-64 -mtune=generic -flto=auto -ffat-lto-objects -I. -I./../lib -c ./main.cc
x86_64-unknown-linux-gnu-g++ -O2 -m64 -march=x86-64 -mtune=generic -flto=auto -ffat-lto-objects  -o gperf version.o positions.o options.o keyword.o keyword-list.o input.o bool-array.o hash-table.o search.o output.o main.o ../lib/libgp.a -lm
make[1]: Leaving directory '/home/devel/building/work/src/gperf-3.1/src'
cd tests; make all
make[1]: Entering directory '/home/devel/building/work/src/gperf-3.1/tests'
make[1]: Nothing to be done for 'all'.
make[1]: Leaving directory '/home/devel/building/work/src/gperf-3.1/tests'
cd doc; make all
make[1]: Entering directory '/home/devel/building/work/src/gperf-3.1/doc'
make[1]: Nothing to be done for 'all'.
make[1]: Leaving directory '/home/devel/building/work/src/gperf-3.1/doc'
+ make DESTDIR=/home/devel/building/work/pkg install
cd lib; make install
make[1]: Entering directory '/home/devel/building/work/src/gperf-3.1/lib'
make[1]: Nothing to be done for 'install'.
make[1]: Leaving directory '/home/devel/building/work/src/gperf-3.1/lib'
cd src; make install
make[1]: Entering directory '/home/devel/building/work/src/gperf-3.1/src'
/bin/sh ./../build-aux/mkinstalldirs /home/devel/building/work/pkg/usr/bin
mkdir -p -- /home/devel/building/work/pkg/usr/bin
/usr/bin/install -c gperf /home/devel/building/work/pkg/usr/bin/gperf
make[1]: Leaving directory '/home/devel/building/work/src/gperf-3.1/src'
cd tests; make install
make[1]: Entering directory '/home/devel/building/work/src/gperf-3.1/tests'
make[1]: Nothing to be done for 'install'.
make[1]: Leaving directory '/home/devel/building/work/src/gperf-3.1/tests'
cd doc; make install
make[1]: Entering directory '/home/devel/building/work/src/gperf-3.1/doc'
/bin/sh ./../build-aux/mkinstalldirs /home/devel/building/work/pkg/usr/share/info
mkdir -p -- /home/devel/building/work/pkg/usr/share/info
/usr/bin/install -c -m 644 ./gperf.info /home/devel/building/work/pkg/usr/share/info/gperf.info
/bin/sh ./../build-aux/mkinstalldirs /home/devel/building/work/pkg/usr/share/man/man1
mkdir -p -- /home/devel/building/work/pkg/usr/share/man/man1
/usr/bin/install -c -m 644 ./gperf.1 /home/devel/building/work/pkg/usr/share/man/man1/gperf.1
/bin/sh ./../build-aux/mkinstalldirs /home/devel/building/work/pkg/usr/share/doc/
mkdir -p -- /home/devel/building/work/pkg/usr/share/doc/
/usr/bin/install -c -m 644 ./gperf.html /home/devel/building/work/pkg/usr/share/doc//gperf.html
make[1]: Leaving directory '/home/devel/building/work/src/gperf-3.1/doc'
+ rm -r /home/devel/building/work/pkg/usr/share/doc /home/devel/building/work/pkg/usr/share/info
=======> Build result:
drwxr-xr-x  0 root   root        0 Jul 26 09:29 usr/
drwxr-xr-x  0 root   root        0 Jul 26 09:29 usr/share/
drwxr-xr-x  0 root   root        0 Jul 26 09:29 usr/bin/
-rwxr-xr-x  0 root   root    88592 Jul 26 09:29 usr/bin/gperf
drwxr-xr-x  0 root   root        0 Jul 26 09:29 usr/share/man/
drwxr-xr-x  0 root   root        0 Jul 26 09:29 usr/share/man/man1/
-rw-r--r--  0 root   root     3158 Jul 26 09:29 usr/share/man/man1/gperf.1.gz
=======> Building '/home/devel/packages/gperf#3.1-2.x86_64.pkg.tar.xz' succeeded.
prt-get: Using PKGMK_PACKAGE_DIR: /home/devel/packages
prt-get: reinstalling gperf 3.1-2
prt-get: /usr/bin/pkgadd -u gperf#3.1-2.x86_64.pkg.tar.xz
prt-get: build done Wed Jul 26 09:29:30 2023

