prt-get: updating /usr/ports/core-x86_64/lz4
prt-get: starting build Wed Jul 26 09:46:39 2023
=======> Building '/home/devel/packages/lz4#1.9.4-1.x86_64.pkg.tar.xz'.
bsdtar -p -o -C /home/devel/building/work/src -xf /home/devel/sources/lz4-1.9.4.tar.gz
+ build
+ cd lz4-1.9.4
+ make V=1 PREFIX=/usr
make -C lib lib-release
make[1]: Entering directory '/home/devel/building/work/src/lz4-1.9.4/lib'
compiling static library
cc -O2 -m64 -march=x86-64 -mtune=generic -flto=auto -ffat-lto-objects  -DXXH_NAMESPACE=LZ4_   -c lz4.c lz4file.c lz4frame.c lz4hc.c xxhash.c
compiling dynamic library 1.9.4
cc -O2 -m64 -march=x86-64 -mtune=generic -flto=auto -ffat-lto-objects  -DXXH_NAMESPACE=LZ4_   -shared lz4.c lz4file.c lz4frame.c lz4hc.c xxhash.c -fPIC -fvisibility=hidden -Wl,-soname=liblz4.so.1 -o liblz4.so.1.9.4
ar rcs liblz4.a *.o
creating versioned links
ln -sf liblz4.so.1.9.4 liblz4.so.1
ln -sf liblz4.so.1.9.4 liblz4.so
make[1]: Leaving directory '/home/devel/building/work/src/lz4-1.9.4/lib'
make -C programs lz4-release
make[1]: Entering directory '/home/devel/building/work/src/lz4-1.9.4/programs'
cc -O2 -m64 -march=x86-64 -mtune=generic -flto=auto -ffat-lto-objects   -I../lib -DXXH_NAMESPACE=LZ4_  -c -o bench.o bench.c
cc -O2 -m64 -march=x86-64 -mtune=generic -flto=auto -ffat-lto-objects   -I../lib -DXXH_NAMESPACE=LZ4_  -c -o datagen.o datagen.c
cc -O2 -m64 -march=x86-64 -mtune=generic -flto=auto -ffat-lto-objects   -I../lib -DXXH_NAMESPACE=LZ4_  -c -o lz4cli.o lz4cli.c
cc -O2 -m64 -march=x86-64 -mtune=generic -flto=auto -ffat-lto-objects   -I../lib -DXXH_NAMESPACE=LZ4_  -c -o lz4io.o lz4io.c
cc -O2 -m64 -march=x86-64 -mtune=generic -flto=auto -ffat-lto-objects   -I../lib -DXXH_NAMESPACE=LZ4_  ../lib/lz4.o ../lib/lz4file.o ../lib/lz4frame.o ../lib/lz4hc.o ../lib/xxhash.o bench.o datagen.o lz4cli.o lz4io.o -o lz4 
make[1]: Leaving directory '/home/devel/building/work/src/lz4-1.9.4/programs'
cp programs/lz4 .
+ make PREFIX=/usr DESTDIR=/home/devel/building/work/pkg install
make[1]: Entering directory '/home/devel/building/work/src/lz4-1.9.4/lib'
creating pkgconfig
Installing libraries in /home/devel/building/work/pkg/usr/lib
Installing headers in /home/devel/building/work/pkg/usr/include
lz4 libraries installed
make[1]: Leaving directory '/home/devel/building/work/src/lz4-1.9.4/lib'
make[1]: Entering directory '/home/devel/building/work/src/lz4-1.9.4/programs'
Installing binaries in /home/devel/building/work/pkg/usr/bin
Installing man pages in /home/devel/building/work/pkg/usr/share/man/man1
lz4 installation completed
make[1]: Leaving directory '/home/devel/building/work/src/lz4-1.9.4/programs'
+ rm /home/devel/building/work/pkg/usr/lib/liblz4.a
=======> Build result:
drwxr-xr-x  0 root   root        0 Jul 26 09:46 usr/
drwxr-xr-x  0 root   root        0 Jul 26 09:46 usr/share/
drwxr-xr-x  0 root   root        0 Jul 26 09:46 usr/bin/
drwxr-xr-x  0 root   root        0 Jul 26 09:46 usr/include/
drwxr-xr-x  0 root   root        0 Jul 26 09:46 usr/lib/
lrwxrwxrwx  0 root   root        0 Jul 26 09:46 usr/lib/liblz4.so -> liblz4.so.1.9.4
lrwxrwxrwx  0 root   root        0 Jul 26 09:46 usr/lib/liblz4.so.1 -> liblz4.so.1.9.4
-rwxr-xr-x  0 root   root   129384 Jul 26 09:46 usr/lib/liblz4.so.1.9.4
drwxr-xr-x  0 root   root        0 Jul 26 09:46 usr/lib/pkgconfig/
-rw-r--r--  0 root   root      389 Jul 26 09:46 usr/lib/pkgconfig/liblz4.pc
-rw-r--r--  0 root   root    32749 Jul 26 09:46 usr/include/lz4frame.h
-rw-r--r--  0 root   root    20179 Jul 26 09:46 usr/include/lz4hc.h
-rw-r--r--  0 root   root    43263 Jul 26 09:46 usr/include/lz4.h
-rw-r--r--  0 root   root     2044 Jul 26 09:46 usr/include/lz4frame_static.h
lrwxrwxrwx  0 root   root        0 Jul 26 09:46 usr/bin/unlz4 -> lz4
lrwxrwxrwx  0 root   root        0 Jul 26 09:46 usr/bin/lz4cat -> lz4
lrwxrwxrwx  0 root   root        0 Jul 26 09:46 usr/bin/lz4c -> lz4
-rwxr-xr-x  0 root   root   162256 Jul 26 09:46 usr/bin/lz4
drwxr-xr-x  0 root   root        0 Jul 26 09:46 usr/share/man/
drwxr-xr-x  0 root   root        0 Jul 26 09:46 usr/share/man/man1/
lrwxrwxrwx  0 root   root        0 Jul 26 09:46 usr/share/man/man1/lz4c.1.gz -> lz4.1.gz
lrwxrwxrwx  0 root   root        0 Jul 26 09:46 usr/share/man/man1/lz4cat.1.gz -> lz4.1.gz
lrwxrwxrwx  0 root   root        0 Jul 26 09:46 usr/share/man/man1/unlz4.1.gz -> lz4.1.gz
-rw-r--r--  0 root   root     3470 Jul 26 09:46 usr/share/man/man1/lz4.1.gz
=======> Building '/home/devel/packages/lz4#1.9.4-1.x86_64.pkg.tar.xz' succeeded.
prt-get: Using PKGMK_PACKAGE_DIR: /home/devel/packages
prt-get: reinstalling lz4 1.9.4-1
prt-get: /usr/bin/pkgadd -u lz4#1.9.4-1.x86_64.pkg.tar.xz
prt-get: build done Wed Jul 26 09:46:46 2023

