prt-get: updating /usr/ports/core-x86_64/usbutils
prt-get: starting build Wed Jul 26 10:23:25 2023
=======> Building '/home/devel/packages/usbutils#015-2.x86_64.pkg.tar.xz'.
bsdtar -p -o -C /home/devel/building/work/src -xf /home/devel/sources/usbutils-015.tar.gz
cp update-usbids.sh /home/devel/building/work/src
+ build
+ cd usbutils-015
+ autoreconf -fiv
autoreconf: export WARNINGS=
autoreconf: Entering directory '.'
autoreconf: configure.ac: not using Gettext
autoreconf: running: aclocal --force 
autoreconf: configure.ac: tracing
autoreconf: configure.ac: adding subdirectory usbhid-dump to autoreconf
autoreconf: Entering directory 'usbhid-dump'
autoreconf: configure.ac: not using Gettext
autoreconf: running: aclocal --force 
autoreconf: configure.ac: tracing
autoreconf: configure.ac: not using Libtool
autoreconf: configure.ac: not using Intltool
autoreconf: configure.ac: not using Gtkdoc
autoreconf: running: /usr/bin/autoconf --force
autoreconf: running: /usr/bin/autoheader --force
autoreconf: running: automake --add-missing --copy --force-missing
configure.ac:13: installing './compile'
configure.ac:9: installing './install-sh'
configure.ac:9: installing './missing'
src/Makefile.am: installing './depcomp'
autoreconf: Leaving directory 'usbhid-dump'
autoreconf: configure.ac: not using Libtool
autoreconf: configure.ac: not using Intltool
autoreconf: configure.ac: not using Gtkdoc
autoreconf: running: /usr/bin/autoconf --force
autoreconf: running: /usr/bin/autoheader --force
autoreconf: running: automake --add-missing --copy --force-missing
configure.ac:12: installing './compile'
configure.ac:8: installing './install-sh'
configure.ac:8: installing './missing'
Makefile.am: installing './depcomp'
autoreconf: Leaving directory '.'
+ ./configure --build=x86_64-unknown-linux-gnu --host=x86_64-unknown-linux-gnu --prefix=/usr --datadir=/usr/share/hwdata --disable-zlib
checking for a BSD-compatible install... /usr/bin/install -c
checking whether build environment is sane... yes
checking for a race-free mkdir -p... /bin/mkdir -p
checking for gawk... gawk
checking whether make sets $(MAKE)... yes
checking whether make supports nested variables... yes
checking whether make supports nested variables... (cached) yes
checking whether make supports the include directive... yes (GNU style)
checking for x86_64-unknown-linux-gnu-gcc... x86_64-unknown-linux-gnu-gcc
checking whether the C compiler works... yes
checking for C compiler default output file name... a.out
checking for suffix of executables... 
checking whether we are cross compiling... no
checking for suffix of object files... o
checking whether the compiler supports GNU C... yes
checking whether x86_64-unknown-linux-gnu-gcc accepts -g... yes
checking for x86_64-unknown-linux-gnu-gcc option to enable C11 features... none needed
checking whether x86_64-unknown-linux-gnu-gcc understands -c and -o together... yes
checking dependency style of x86_64-unknown-linux-gnu-gcc... gcc3
checking for stdio.h... yes
checking for stdlib.h... yes
checking for string.h... yes
checking for inttypes.h... yes
checking for stdint.h... yes
checking for strings.h... yes
checking for sys/stat.h... yes
checking for sys/types.h... yes
checking for unistd.h... yes
checking for wchar.h... yes
checking for minix/config.h... no
checking whether it is safe to define __EXTENSIONS__... yes
checking whether _XOPEN_SOURCE should be defined... no
checking for special C compiler options needed for large files... no
checking for _FILE_OFFSET_BITS value needed for large files... no
checking for byteswap.h... yes
checking for nl_langinfo... yes
checking for iconv... yes
checking for x86_64-unknown-linux-gnu-pkg-config... /usr/bin/x86_64-unknown-linux-gnu-pkg-config
checking pkg-config is at least version 0.9.0... yes
checking for libusb-1.0 >= 1.0.14... yes
checking for libudev >= 196... yes
checking that generated files are newer than configure... done
configure: creating ./config.status
config.status: creating Makefile
config.status: creating config.h
config.status: executing depfiles commands
=== configuring in usbhid-dump (/home/devel/building/work/src/usbutils-015/usbhid-dump)
configure: running /bin/sh ./configure --disable-option-checking '--prefix=/usr'  '--build=x86_64-unknown-linux-gnu' '--host=x86_64-unknown-linux-gnu' '--datadir=/usr/share/hwdata' '--disable-zlib' 'build_alias=x86_64-unknown-linux-gnu' 'host_alias=x86_64-unknown-linux-gnu' 'CFLAGS=-O2 -m64 -march=x86-64 -mtune=generic -flto=auto -ffat-lto-objects' 'PKG_CONFIG_PATH=/usr/lib/pkgconfig:/usr/share/pkgconfig' --cache-file=/dev/null --srcdir=.
checking for a BSD-compatible install... /usr/bin/install -c
checking whether build environment is sane... yes
checking for a race-free mkdir -p... /bin/mkdir -p
checking for gawk... gawk
checking whether make sets $(MAKE)... yes
checking whether make supports nested variables... yes
checking whether make supports nested variables... (cached) yes
checking whether to enable maintainer-specific portions of Makefiles... no
checking whether make supports the include directive... yes (GNU style)
checking for x86_64-unknown-linux-gnu-gcc... x86_64-unknown-linux-gnu-gcc
checking whether the C compiler works... yes
checking for C compiler default output file name... a.out
checking for suffix of executables... 
checking whether we are cross compiling... no
checking for suffix of object files... o
checking whether the compiler supports GNU C... yes
checking whether x86_64-unknown-linux-gnu-gcc accepts -g... yes
checking for x86_64-unknown-linux-gnu-gcc option to enable C11 features... none needed
checking whether x86_64-unknown-linux-gnu-gcc understands -c and -o together... yes
checking dependency style of x86_64-unknown-linux-gnu-gcc... gcc3
checking for stdio.h... yes
checking for stdlib.h... yes
checking for string.h... yes
checking for inttypes.h... yes
checking for stdint.h... yes
checking for strings.h... yes
checking for sys/stat.h... yes
checking for sys/types.h... yes
checking for unistd.h... yes
checking for wchar.h... yes
checking for minix/config.h... no
checking whether it is safe to define __EXTENSIONS__... yes
checking whether _XOPEN_SOURCE should be defined... no
checking for x86_64-unknown-linux-gnu-pkg-config... /usr/bin/x86_64-unknown-linux-gnu-pkg-config
checking pkg-config is at least version 0.9.0... yes
checking for libusb-1.0 >= 1.0.0... yes
checking for libusb_set_option... yes
checking that generated files are newer than configure... done
configure: creating ./config.status
config.status: creating Makefile
config.status: creating src/Makefile
config.status: creating config.h
config.status: executing depfiles commands

	usbutils 015
	=============

	prefix:                 /usr
	datarootdir:            ${prefix}/share
	datadir:                /usr/share/hwdata
	mandir:                 ${datarootdir}/man

	usb.ids:                /usr/share/hwdata/usb.ids

	compiler:               x86_64-unknown-linux-gnu-gcc
	cflags:                 -O2 -m64 -march=x86-64 -mtune=generic -flto=auto -ffat-lto-objects
	ldflags:                

+ make V=1
make  all-recursive
make[1]: Entering directory '/home/devel/building/work/src/usbutils-015'
Making all in usbhid-dump
make[2]: Entering directory '/home/devel/building/work/src/usbutils-015/usbhid-dump'
make  all-recursive
make[3]: Entering directory '/home/devel/building/work/src/usbutils-015/usbhid-dump'
Making all in src
make[4]: Entering directory '/home/devel/building/work/src/usbutils-015/usbhid-dump/src'
x86_64-unknown-linux-gnu-gcc -DHAVE_CONFIG_H -I. -I..   -I/home/devel/building/work/src/usbutils-015/usbhid-dump -DNDEBUG   -Os -Wall -O2 -m64 -march=x86-64 -mtune=generic -flto=auto -ffat-lto-objects -I/usr/include/libusb-1.0 -MT dev.o -MD -MP -MF .deps/dev.Tpo -c -o dev.o dev.c
x86_64-unknown-linux-gnu-gcc -DHAVE_CONFIG_H -I. -I..   -I/home/devel/building/work/src/usbutils-015/usbhid-dump -DNDEBUG   -Os -Wall -O2 -m64 -march=x86-64 -mtune=generic -flto=auto -ffat-lto-objects -I/usr/include/libusb-1.0 -MT dev_list.o -MD -MP -MF .deps/dev_list.Tpo -c -o dev_list.o dev_list.c
x86_64-unknown-linux-gnu-gcc -DHAVE_CONFIG_H -I. -I..   -I/home/devel/building/work/src/usbutils-015/usbhid-dump -DNDEBUG   -Os -Wall -O2 -m64 -march=x86-64 -mtune=generic -flto=auto -ffat-lto-objects -I/usr/include/libusb-1.0 -MT iface.o -MD -MP -MF .deps/iface.Tpo -c -o iface.o iface.c
x86_64-unknown-linux-gnu-gcc -DHAVE_CONFIG_H -I. -I..   -I/home/devel/building/work/src/usbutils-015/usbhid-dump -DNDEBUG   -Os -Wall -O2 -m64 -march=x86-64 -mtune=generic -flto=auto -ffat-lto-objects -I/usr/include/libusb-1.0 -MT iface_list.o -MD -MP -MF .deps/iface_list.Tpo -c -o iface_list.o iface_list.c
x86_64-unknown-linux-gnu-gcc -DHAVE_CONFIG_H -I. -I..   -I/home/devel/building/work/src/usbutils-015/usbhid-dump -DNDEBUG   -Os -Wall -O2 -m64 -march=x86-64 -mtune=generic -flto=auto -ffat-lto-objects -I/usr/include/libusb-1.0 -MT usbhid-dump.o -MD -MP -MF .deps/usbhid-dump.Tpo -c -o usbhid-dump.o usbhid-dump.c
mv -f .deps/dev.Tpo .deps/dev.Po
mv -f .deps/dev_list.Tpo .deps/dev_list.Po
mv -f .deps/iface.Tpo .deps/iface.Po
mv -f .deps/iface_list.Tpo .deps/iface_list.Po
mv -f .deps/usbhid-dump.Tpo .deps/usbhid-dump.Po
x86_64-unknown-linux-gnu-gcc  -Os -Wall -O2 -m64 -march=x86-64 -mtune=generic -flto=auto -ffat-lto-objects -I/usr/include/libusb-1.0   -o usbhid-dump dev.o dev_list.o iface.o iface_list.o usbhid-dump.o  -lusb-1.0
make[4]: Leaving directory '/home/devel/building/work/src/usbutils-015/usbhid-dump/src'
make[4]: Entering directory '/home/devel/building/work/src/usbutils-015/usbhid-dump'
make[4]: Nothing to be done for 'all-am'.
make[4]: Leaving directory '/home/devel/building/work/src/usbutils-015/usbhid-dump'
make[3]: Leaving directory '/home/devel/building/work/src/usbutils-015/usbhid-dump'
make[2]: Leaving directory '/home/devel/building/work/src/usbutils-015/usbhid-dump'
make[2]: Entering directory '/home/devel/building/work/src/usbutils-015'
x86_64-unknown-linux-gnu-gcc -DHAVE_CONFIG_H -I.   -I/usr/include/libusb-1.0    -O2 -m64 -march=x86-64 -mtune=generic -flto=auto -ffat-lto-objects -MT lsusb-lsusb.o -MD -MP -MF .deps/lsusb-lsusb.Tpo -c -o lsusb-lsusb.o `test -f 'lsusb.c' || echo './'`lsusb.c
x86_64-unknown-linux-gnu-gcc -DHAVE_CONFIG_H -I.   -I/usr/include/libusb-1.0    -O2 -m64 -march=x86-64 -mtune=generic -flto=auto -ffat-lto-objects -MT lsusb-lsusb-t.o -MD -MP -MF .deps/lsusb-lsusb-t.Tpo -c -o lsusb-lsusb-t.o `test -f 'lsusb-t.c' || echo './'`lsusb-t.c
x86_64-unknown-linux-gnu-gcc -DHAVE_CONFIG_H -I.   -I/usr/include/libusb-1.0    -O2 -m64 -march=x86-64 -mtune=generic -flto=auto -ffat-lto-objects -MT lsusb-desc-defs.o -MD -MP -MF .deps/lsusb-desc-defs.Tpo -c -o lsusb-desc-defs.o `test -f 'desc-defs.c' || echo './'`desc-defs.c
x86_64-unknown-linux-gnu-gcc -DHAVE_CONFIG_H -I.   -I/usr/include/libusb-1.0    -O2 -m64 -march=x86-64 -mtune=generic -flto=auto -ffat-lto-objects -MT lsusb-desc-dump.o -MD -MP -MF .deps/lsusb-desc-dump.Tpo -c -o lsusb-desc-dump.o `test -f 'desc-dump.c' || echo './'`desc-dump.c
x86_64-unknown-linux-gnu-gcc -DHAVE_CONFIG_H -I.   -I/usr/include/libusb-1.0    -O2 -m64 -march=x86-64 -mtune=generic -flto=auto -ffat-lto-objects -MT lsusb-names.o -MD -MP -MF .deps/lsusb-names.Tpo -c -o lsusb-names.o `test -f 'names.c' || echo './'`names.c
x86_64-unknown-linux-gnu-gcc -DHAVE_CONFIG_H -I.   -I/usr/include/libusb-1.0    -O2 -m64 -march=x86-64 -mtune=generic -flto=auto -ffat-lto-objects -MT lsusb-sysfs.o -MD -MP -MF .deps/lsusb-sysfs.Tpo -c -o lsusb-sysfs.o `test -f 'sysfs.c' || echo './'`sysfs.c
x86_64-unknown-linux-gnu-gcc -DHAVE_CONFIG_H -I.   -I/usr/include/libusb-1.0    -O2 -m64 -march=x86-64 -mtune=generic -flto=auto -ffat-lto-objects -MT lsusb-usbmisc.o -MD -MP -MF .deps/lsusb-usbmisc.Tpo -c -o lsusb-usbmisc.o `test -f 'usbmisc.c' || echo './'`usbmisc.c
x86_64-unknown-linux-gnu-gcc -DHAVE_CONFIG_H -I.     -O2 -m64 -march=x86-64 -mtune=generic -flto=auto -ffat-lto-objects -MT usbreset.o -MD -MP -MF .deps/usbreset.Tpo -c -o usbreset.o usbreset.c
mv -f .deps/lsusb-sysfs.Tpo .deps/lsusb-sysfs.Po
sed 's|VERSION|015|g;s|@usbids@|/usr/share/hwdata/usb.ids|g' lsusb.py.in >lsusb.py
chmod 755 lsusb.py
sed 's|VERSION|015|g' lsusb.8.in >lsusb.8
sed 's|VERSION|015|g' usbhid-dump.8.in >usbhid-dump.8
sed 's|VERSION|015|g' usb-devices.1.in >usb-devices.1
mv -f .deps/lsusb-desc-defs.Tpo .deps/lsusb-desc-defs.Po
mv -f .deps/lsusb-usbmisc.Tpo .deps/lsusb-usbmisc.Po
mv -f .deps/usbreset.Tpo .deps/usbreset.Po
x86_64-unknown-linux-gnu-gcc  -O2 -m64 -march=x86-64 -mtune=generic -flto=auto -ffat-lto-objects -Wl,--as-needed  -o usbreset usbreset.o  
mv -f .deps/lsusb-names.Tpo .deps/lsusb-names.Po
mv -f .deps/lsusb-lsusb-t.Tpo .deps/lsusb-lsusb-t.Po
mv -f .deps/lsusb-desc-dump.Tpo .deps/lsusb-desc-dump.Po
mv -f .deps/lsusb-lsusb.Tpo .deps/lsusb-lsusb.Po
x86_64-unknown-linux-gnu-gcc  -O2 -m64 -march=x86-64 -mtune=generic -flto=auto -ffat-lto-objects -Wl,--as-needed  -o lsusb lsusb-lsusb.o lsusb-lsusb-t.o lsusb-desc-defs.o lsusb-desc-dump.o lsusb-names.o lsusb-sysfs.o lsusb-usbmisc.o -lusb-1.0 -ludev -lrt 
make[2]: Leaving directory '/home/devel/building/work/src/usbutils-015'
make[1]: Leaving directory '/home/devel/building/work/src/usbutils-015'
+ make DESTDIR=/home/devel/building/work/pkg install
Making install in usbhid-dump
make[1]: Entering directory '/home/devel/building/work/src/usbutils-015/usbhid-dump'
Making install in src
make[2]: Entering directory '/home/devel/building/work/src/usbutils-015/usbhid-dump/src'
make[3]: Entering directory '/home/devel/building/work/src/usbutils-015/usbhid-dump/src'
make[3]: Nothing to be done for 'install-data-am'.
 /bin/mkdir -p '/home/devel/building/work/pkg/usr/bin'
  /usr/bin/install -c usbhid-dump '/home/devel/building/work/pkg/usr/bin'
make[3]: Leaving directory '/home/devel/building/work/src/usbutils-015/usbhid-dump/src'
make[2]: Leaving directory '/home/devel/building/work/src/usbutils-015/usbhid-dump/src'
make[2]: Entering directory '/home/devel/building/work/src/usbutils-015/usbhid-dump'
make[3]: Entering directory '/home/devel/building/work/src/usbutils-015/usbhid-dump'
make[3]: Nothing to be done for 'install-exec-am'.
make[3]: Nothing to be done for 'install-data-am'.
make[3]: Leaving directory '/home/devel/building/work/src/usbutils-015/usbhid-dump'
make[2]: Leaving directory '/home/devel/building/work/src/usbutils-015/usbhid-dump'
make[1]: Leaving directory '/home/devel/building/work/src/usbutils-015/usbhid-dump'
make[1]: Entering directory '/home/devel/building/work/src/usbutils-015'
make[2]: Entering directory '/home/devel/building/work/src/usbutils-015'
 /bin/mkdir -p '/home/devel/building/work/pkg/usr/bin'
 /bin/mkdir -p '/home/devel/building/work/pkg/usr/bin'
 /bin/mkdir -p '/home/devel/building/work/pkg/usr/share/man/man1'
 /bin/mkdir -p '/home/devel/building/work/pkg/usr/share/man/man8'
 /usr/bin/install -c usb-devices lsusb.py '/home/devel/building/work/pkg/usr/bin'
  /usr/bin/install -c lsusb '/home/devel/building/work/pkg/usr/bin'
 /usr/bin/install -c -m 644 usb-devices.1 '/home/devel/building/work/pkg/usr/share/man/man1'
 /usr/bin/install -c -m 644 lsusb.8 usbhid-dump.8 '/home/devel/building/work/pkg/usr/share/man/man8'
make[2]: Leaving directory '/home/devel/building/work/src/usbutils-015'
make[1]: Leaving directory '/home/devel/building/work/src/usbutils-015'
+ install -d -m 0755 /home/devel/building/work/pkg/usr/share/hwdata/
+ wget http://www.linux-usb.org/usb.ids -O /home/devel/building/work/pkg/usr/share/hwdata/usb.ids
--2023-07-26 10:23:33--  http://www.linux-usb.org/usb.ids
Resolving www.linux-usb.org (www.linux-usb.org)... 204.68.111.100
Connecting to www.linux-usb.org (www.linux-usb.org)|204.68.111.100|:80... connected.
HTTP request sent, awaiting response... 200 OK
Length: 723980 (707K) [text/plain]
Saving to: '/home/devel/building/work/pkg/usr/share/hwdata/usb.ids'

     0K .......... .......... .......... .......... ..........  7%  134K 5s
    50K .......... .......... .......... .......... .......... 14%  273K 3s
   100K .......... .......... .......... .......... .......... 21% 14.2M 2s
   150K .......... .......... .......... .......... .......... 28%  262K 2s
   200K .......... .......... .......... .......... .......... 35% 22.2M 1s
   250K .......... .......... .......... .......... .......... 42% 17.6M 1s
   300K .......... .......... .......... .......... .......... 49%  279K 1s
   350K .......... .......... .......... .......... .......... 56% 41.6M 1s
   400K .......... .......... .......... .......... .......... 63% 18.5M 1s
   450K .......... .......... .......... .......... .......... 70% 20.2M 0s
   500K .......... .......... .......... .......... .......... 77% 16.1M 0s
   550K .......... .......... .......... .......... .......... 84% 20.2M 0s
   600K .......... .......... .......... .......... .......... 91% 16.4M 0s
   650K .......... .......... .......... .......... .......... 99%  291K 0s
   700K .......                                               100% 39.6M=1.1s

2023-07-26 10:23:35 (631 KB/s) - '/home/devel/building/work/pkg/usr/share/hwdata/usb.ids' saved [723980/723980]

+ install -D -m 0754 /home/devel/building/work/src/update-usbids.sh /home/devel/building/work/pkg/etc/cron/weekly/update-usbids.sh
=======> Build result:
drwxr-xr-x  0 root   root        0 Jul 26 10:23 etc/
drwxr-xr-x  0 root   root        0 Jul 26 10:23 etc/cron/
drwxr-xr-x  0 root   root        0 Jul 26 10:23 etc/cron/weekly/
-rwxr-xr--  0 root   root       88 Jul 26 10:23 etc/cron/weekly/update-usbids.sh
drwxr-xr-x  0 root   root        0 Jul 26 10:23 usr/
drwxr-xr-x  0 root   root        0 Jul 26 10:23 usr/share/
drwxr-xr-x  0 root   root        0 Jul 26 10:23 usr/bin/
-rwxr-xr-x  0 root   root   186800 Jul 26 10:23 usr/bin/lsusb
-rwxr-xr-x  0 root   root    14215 Jul 26 10:23 usr/bin/lsusb.py
-rwxr-xr-x  0 root   root     4498 Jul 26 10:23 usr/bin/usb-devices
-rwxr-xr-x  0 root   root    27056 Jul 26 10:23 usr/bin/usbhid-dump
drwxr-xr-x  0 root   root        0 Jul 26 10:23 usr/share/hwdata/
drwxr-xr-x  0 root   root        0 Jul 26 10:23 usr/share/man/
drwxr-xr-x  0 root   root        0 Jul 26 10:23 usr/share/man/man8/
drwxr-xr-x  0 root   root        0 Jul 26 10:23 usr/share/man/man1/
-rw-r--r--  0 root   root      843 Jul 26 10:23 usr/share/man/man1/usb-devices.1.gz
-rw-r--r--  0 root   root     1001 Jul 26 10:23 usr/share/man/man8/lsusb.8.gz
-rw-r--r--  0 root   root     1619 Jul 26 10:23 usr/share/man/man8/usbhid-dump.8.gz
-rw-r--r--  0 root   root   723980 May 17 21:34 usr/share/hwdata/usb.ids
=======> Building '/home/devel/packages/usbutils#015-2.x86_64.pkg.tar.xz' succeeded.
prt-get: Using PKGMK_PACKAGE_DIR: /home/devel/packages
prt-get: reinstalling usbutils 015-2
prt-get: /usr/bin/pkgadd -u usbutils#015-2.x86_64.pkg.tar.xz
prt-get: build done Wed Jul 26 10:23:35 2023

