prt-get: updating /usr/ports/core-x86_64/runit-saux
prt-get: starting build Wed Jul 26 10:18:56 2023
=======> Building '/home/devel/packages/runit-saux#1.0.0b1-2.x86_64.pkg.tar.xz'.
bsdtar -p -o -C /home/devel/building/work/src -xf /home/devel/sources/runit-saux-1.0.0b1.tar.gz
bsdtar -p -o -C /home/devel/building/work/src -xf /home/devel/sources/bash-vsv-1.3.5.tar.gz
+ build
+ cd runit-saux-1.0.0b1
+ make
cc -O2 -m64 -march=x86-64 -mtune=generic -flto=auto -ffat-lto-objects halt.c -o halt 
cc -O2 -m64 -march=x86-64 -mtune=generic -flto=auto -ffat-lto-objects pause.c -o pause 
cc -O2 -m64 -march=x86-64 -mtune=generic -flto=auto -ffat-lto-objects vlogger.c -o vlogger 
+ make DESTDIR=/home/devel/building/work/pkg install
install -d /home/devel/building/work/pkg///sbin
install -m755 halt /home/devel/building/work/pkg///sbin
install -m755 pause /home/devel/building/work/pkg///sbin
install -m755 vlogger /home/devel/building/work/pkg///sbin
install -m755 shutdown /home/devel/building/work/pkg///sbin/shutdown
install -m755 modules-load /home/devel/building/work/pkg///sbin/modules-load
install -m755 zzz /home/devel/building/work/pkg///sbin
ln -sf zzz /home/devel/building/work/pkg///sbin/ZZZ
ln -sf halt /home/devel/building/work/pkg///sbin/poweroff
ln -sf halt /home/devel/building/work/pkg///sbin/reboot
install -d /home/devel/building/work/pkg////usr/share/man/man1
install -m644 pause.1 /home/devel/building/work/pkg////usr/share/man/man1
install -d /home/devel/building/work/pkg////usr/share/man/man8
install -m644 zzz.8 /home/devel/building/work/pkg////usr/share/man/man8
install -m644 shutdown.8 /home/devel/building/work/pkg////usr/share/man/man8
install -m644 halt.8 /home/devel/building/work/pkg////usr/share/man/man8
install -m644 modules-load.8 /home/devel/building/work/pkg////usr/share/man/man8
install -m644 vlogger.8 /home/devel/building/work/pkg////usr/share/man/man8
ln -sf halt.8 /home/devel/building/work/pkg////usr/share/man/man8/poweroff.8
ln -sf halt.8 /home/devel/building/work/pkg////usr/share/man/man8/reboot.8
install -d /home/devel/building/work/pkg/etc/sv
install -d /home/devel/building/work/pkg/etc/runit/runsvdir
install -d /home/devel/building/work/pkg/etc/runit/core-services
install -m644 core-services/*.sh /home/devel/building/work/pkg/etc/runit/core-services
install -m755 1 2 3 ctrlaltdel /home/devel/building/work/pkg/etc/runit
install -m644 functions /home/devel/building/work/pkg/etc/runit
install -m644 crypt.awk  /home/devel/building/work/pkg/etc/runit
install -m644 rc.conf /home/devel/building/work/pkg/etc
install -m755 rc.local /home/devel/building/work/pkg/etc
install -m755 rc.shutdown /home/devel/building/work/pkg/etc
ln -sf /run/runit/reboot /home/devel/building/work/pkg/etc/runit/
ln -sf /run/runit/stopit /home/devel/building/work/pkg/etc/runit/
cp -R --no-dereference --preserve=mode,links -v runsvdir/* /home/devel/building/work/pkg/etc/runit/runsvdir/
'runsvdir/current' -> '/home/devel/building/work/pkg/etc/runit/runsvdir/current'
'runsvdir/default' -> '/home/devel/building/work/pkg/etc/runit/runsvdir/default'
'runsvdir/default/agetty-tty1' -> '/home/devel/building/work/pkg/etc/runit/runsvdir/default/agetty-tty1'
'runsvdir/default/agetty-tty2' -> '/home/devel/building/work/pkg/etc/runit/runsvdir/default/agetty-tty2'
'runsvdir/default/agetty-tty3' -> '/home/devel/building/work/pkg/etc/runit/runsvdir/default/agetty-tty3'
'runsvdir/default/agetty-tty4' -> '/home/devel/building/work/pkg/etc/runit/runsvdir/default/agetty-tty4'
'runsvdir/default/agetty-tty5' -> '/home/devel/building/work/pkg/etc/runit/runsvdir/default/agetty-tty5'
'runsvdir/default/agetty-tty6' -> '/home/devel/building/work/pkg/etc/runit/runsvdir/default/agetty-tty6'
'runsvdir/default/agetty-ttyS0' -> '/home/devel/building/work/pkg/etc/runit/runsvdir/default/agetty-ttyS0'
'runsvdir/single' -> '/home/devel/building/work/pkg/etc/runit/runsvdir/single'
'runsvdir/single/sulogin' -> '/home/devel/building/work/pkg/etc/runit/runsvdir/single/sulogin'
cp -R --no-dereference --preserve=mode,links -v services/* /home/devel/building/work/pkg/etc/sv/
'services/agetty-console' -> '/home/devel/building/work/pkg/etc/sv/agetty-console'
'services/agetty-console/conf' -> '/home/devel/building/work/pkg/etc/sv/agetty-console/conf'
'services/agetty-console/finish' -> '/home/devel/building/work/pkg/etc/sv/agetty-console/finish'
'services/agetty-console/run' -> '/home/devel/building/work/pkg/etc/sv/agetty-console/run'
'services/agetty-console/supervise' -> '/home/devel/building/work/pkg/etc/sv/agetty-console/supervise'
'services/agetty-generic' -> '/home/devel/building/work/pkg/etc/sv/agetty-generic'
'services/agetty-generic/finish' -> '/home/devel/building/work/pkg/etc/sv/agetty-generic/finish'
'services/agetty-generic/run' -> '/home/devel/building/work/pkg/etc/sv/agetty-generic/run'
'services/agetty-hvc0' -> '/home/devel/building/work/pkg/etc/sv/agetty-hvc0'
'services/agetty-hvc0/conf' -> '/home/devel/building/work/pkg/etc/sv/agetty-hvc0/conf'
'services/agetty-hvc0/finish' -> '/home/devel/building/work/pkg/etc/sv/agetty-hvc0/finish'
'services/agetty-hvc0/run' -> '/home/devel/building/work/pkg/etc/sv/agetty-hvc0/run'
'services/agetty-hvc0/supervise' -> '/home/devel/building/work/pkg/etc/sv/agetty-hvc0/supervise'
'services/agetty-hvsi0' -> '/home/devel/building/work/pkg/etc/sv/agetty-hvsi0'
'services/agetty-hvsi0/conf' -> '/home/devel/building/work/pkg/etc/sv/agetty-hvsi0/conf'
'services/agetty-hvsi0/finish' -> '/home/devel/building/work/pkg/etc/sv/agetty-hvsi0/finish'
'services/agetty-hvsi0/run' -> '/home/devel/building/work/pkg/etc/sv/agetty-hvsi0/run'
'services/agetty-hvsi0/supervise' -> '/home/devel/building/work/pkg/etc/sv/agetty-hvsi0/supervise'
'services/agetty-serial' -> '/home/devel/building/work/pkg/etc/sv/agetty-serial'
'services/agetty-serial/conf' -> '/home/devel/building/work/pkg/etc/sv/agetty-serial/conf'
'services/agetty-serial/finish' -> '/home/devel/building/work/pkg/etc/sv/agetty-serial/finish'
'services/agetty-serial/run' -> '/home/devel/building/work/pkg/etc/sv/agetty-serial/run'
'services/agetty-tty1' -> '/home/devel/building/work/pkg/etc/sv/agetty-tty1'
'services/agetty-tty1/conf' -> '/home/devel/building/work/pkg/etc/sv/agetty-tty1/conf'
'services/agetty-tty1/finish' -> '/home/devel/building/work/pkg/etc/sv/agetty-tty1/finish'
'services/agetty-tty1/run' -> '/home/devel/building/work/pkg/etc/sv/agetty-tty1/run'
'services/agetty-tty1/supervise' -> '/home/devel/building/work/pkg/etc/sv/agetty-tty1/supervise'
'services/agetty-tty2' -> '/home/devel/building/work/pkg/etc/sv/agetty-tty2'
'services/agetty-tty2/conf' -> '/home/devel/building/work/pkg/etc/sv/agetty-tty2/conf'
'services/agetty-tty2/finish' -> '/home/devel/building/work/pkg/etc/sv/agetty-tty2/finish'
'services/agetty-tty2/run' -> '/home/devel/building/work/pkg/etc/sv/agetty-tty2/run'
'services/agetty-tty2/supervise' -> '/home/devel/building/work/pkg/etc/sv/agetty-tty2/supervise'
'services/agetty-tty3' -> '/home/devel/building/work/pkg/etc/sv/agetty-tty3'
'services/agetty-tty3/conf' -> '/home/devel/building/work/pkg/etc/sv/agetty-tty3/conf'
'services/agetty-tty3/finish' -> '/home/devel/building/work/pkg/etc/sv/agetty-tty3/finish'
'services/agetty-tty3/run' -> '/home/devel/building/work/pkg/etc/sv/agetty-tty3/run'
'services/agetty-tty3/supervise' -> '/home/devel/building/work/pkg/etc/sv/agetty-tty3/supervise'
'services/agetty-tty4' -> '/home/devel/building/work/pkg/etc/sv/agetty-tty4'
'services/agetty-tty4/conf' -> '/home/devel/building/work/pkg/etc/sv/agetty-tty4/conf'
'services/agetty-tty4/finish' -> '/home/devel/building/work/pkg/etc/sv/agetty-tty4/finish'
'services/agetty-tty4/run' -> '/home/devel/building/work/pkg/etc/sv/agetty-tty4/run'
'services/agetty-tty4/supervise' -> '/home/devel/building/work/pkg/etc/sv/agetty-tty4/supervise'
'services/agetty-tty5' -> '/home/devel/building/work/pkg/etc/sv/agetty-tty5'
'services/agetty-tty5/conf' -> '/home/devel/building/work/pkg/etc/sv/agetty-tty5/conf'
'services/agetty-tty5/finish' -> '/home/devel/building/work/pkg/etc/sv/agetty-tty5/finish'
'services/agetty-tty5/run' -> '/home/devel/building/work/pkg/etc/sv/agetty-tty5/run'
'services/agetty-tty5/supervise' -> '/home/devel/building/work/pkg/etc/sv/agetty-tty5/supervise'
'services/agetty-tty6' -> '/home/devel/building/work/pkg/etc/sv/agetty-tty6'
'services/agetty-tty6/conf' -> '/home/devel/building/work/pkg/etc/sv/agetty-tty6/conf'
'services/agetty-tty6/finish' -> '/home/devel/building/work/pkg/etc/sv/agetty-tty6/finish'
'services/agetty-tty6/run' -> '/home/devel/building/work/pkg/etc/sv/agetty-tty6/run'
'services/agetty-tty6/supervise' -> '/home/devel/building/work/pkg/etc/sv/agetty-tty6/supervise'
'services/agetty-ttyAMA0' -> '/home/devel/building/work/pkg/etc/sv/agetty-ttyAMA0'
'services/agetty-ttyAMA0/conf' -> '/home/devel/building/work/pkg/etc/sv/agetty-ttyAMA0/conf'
'services/agetty-ttyAMA0/finish' -> '/home/devel/building/work/pkg/etc/sv/agetty-ttyAMA0/finish'
'services/agetty-ttyAMA0/run' -> '/home/devel/building/work/pkg/etc/sv/agetty-ttyAMA0/run'
'services/agetty-ttyAMA0/supervise' -> '/home/devel/building/work/pkg/etc/sv/agetty-ttyAMA0/supervise'
'services/agetty-ttyS0' -> '/home/devel/building/work/pkg/etc/sv/agetty-ttyS0'
'services/agetty-ttyS0/conf' -> '/home/devel/building/work/pkg/etc/sv/agetty-ttyS0/conf'
'services/agetty-ttyS0/finish' -> '/home/devel/building/work/pkg/etc/sv/agetty-ttyS0/finish'
'services/agetty-ttyS0/run' -> '/home/devel/building/work/pkg/etc/sv/agetty-ttyS0/run'
'services/agetty-ttyS0/supervise' -> '/home/devel/building/work/pkg/etc/sv/agetty-ttyS0/supervise'
'services/agetty-ttyUSB0' -> '/home/devel/building/work/pkg/etc/sv/agetty-ttyUSB0'
'services/agetty-ttyUSB0/conf' -> '/home/devel/building/work/pkg/etc/sv/agetty-ttyUSB0/conf'
'services/agetty-ttyUSB0/finish' -> '/home/devel/building/work/pkg/etc/sv/agetty-ttyUSB0/finish'
'services/agetty-ttyUSB0/run' -> '/home/devel/building/work/pkg/etc/sv/agetty-ttyUSB0/run'
'services/agetty-ttyUSB0/supervise' -> '/home/devel/building/work/pkg/etc/sv/agetty-ttyUSB0/supervise'
'services/sulogin' -> '/home/devel/building/work/pkg/etc/sv/sulogin'
'services/sulogin/run' -> '/home/devel/building/work/pkg/etc/sv/sulogin/run'
'services/sulogin/supervise' -> '/home/devel/building/work/pkg/etc/sv/sulogin/supervise'
+ ln -s runit-init /home/devel/building/work/pkg/sbin/init
+ install -d -m 0755 /home/devel/building/work/pkg/etc/modules-load.d
+ install -d -m 0755 /home/devel/building/work/pkg/etc/zzz.d/suspend
+ install -d -m 0755 /home/devel/building/work/pkg/etc/zzz.d/resume
+ install -d -m 0755 /home/devel/building/work/pkg/usr/sbin
+ install -D -m 0755 /home/devel/building/work/src/bash-vsv-1.3.5/vsv /home/devel/building/work/pkg/usr/sbin
+ '[' x86_64 = x86_64 ']'
+ sed -i 's|Aarch64|x86_64|' /home/devel/building/work/pkg/etc/runit/1
+ '[' x86_64 = x86_64 ']'
+ rm /home/devel/building/work/pkg/etc/runit/core-services/12-cpufreq.sh
=======> Build result:
drwxr-xr-x  0 root   root        0 Jul 26 10:18 etc/
drwxr-xr-x  0 root   root        0 Jul 26 10:18 etc/zzz.d/
drwxr-xr-x  0 root   root        0 Jul 26 10:18 etc/modules-load.d/
-rwxr-xr-x  0 root   root      152 Jul 26 10:18 etc/rc.shutdown
-rwxr-xr-x  0 root   root      151 Jul 26 10:18 etc/rc.local
-rw-r--r--  0 root   root     1097 Jul 26 10:18 etc/rc.conf
drwxr-xr-x  0 root   root        0 Jul 26 10:18 etc/runit/
drwxr-xr-x  0 root   root        0 Jul 26 10:18 etc/sv/
drwxrwxr-x  0 root   root        0 Jul 26 10:18 etc/sv/sulogin/
drwxrwxr-x  0 root   root        0 Jul 26 10:18 etc/sv/agetty-ttyUSB0/
drwxrwxr-x  0 root   root        0 Jul 26 10:18 etc/sv/agetty-ttyS0/
drwxrwxr-x  0 root   root        0 Jul 26 10:18 etc/sv/agetty-ttyAMA0/
drwxrwxr-x  0 root   root        0 Jul 26 10:18 etc/sv/agetty-tty6/
drwxrwxr-x  0 root   root        0 Jul 26 10:18 etc/sv/agetty-tty5/
drwxrwxr-x  0 root   root        0 Jul 26 10:18 etc/sv/agetty-tty4/
drwxrwxr-x  0 root   root        0 Jul 26 10:18 etc/sv/agetty-tty3/
drwxrwxr-x  0 root   root        0 Jul 26 10:18 etc/sv/agetty-tty2/
drwxrwxr-x  0 root   root        0 Jul 26 10:18 etc/sv/agetty-tty1/
drwxrwxr-x  0 root   root        0 Jul 26 10:18 etc/sv/agetty-serial/
drwxrwxr-x  0 root   root        0 Jul 26 10:18 etc/sv/agetty-hvsi0/
drwxrwxr-x  0 root   root        0 Jul 26 10:18 etc/sv/agetty-hvc0/
drwxrwxr-x  0 root   root        0 Jul 26 10:18 etc/sv/agetty-generic/
drwxrwxr-x  0 root   root        0 Jul 26 10:18 etc/sv/agetty-console/
lrwxrwxrwx  0 root   root        0 Jul 26 10:18 etc/sv/agetty-console/supervise -> /run/runit/supervise.agetty-console
lrwxrwxrwx  0 root   root        0 Jul 26 10:18 etc/sv/agetty-console/run -> ../agetty-generic/run
lrwxrwxrwx  0 root   root        0 Jul 26 10:18 etc/sv/agetty-console/finish -> ../agetty-generic/finish
-rw-rw-r--  0 root   root       32 Jul 26 10:18 etc/sv/agetty-console/conf
-rwxrwxr-x  0 root   root      281 Jul 26 10:18 etc/sv/agetty-generic/run
-rwxrwxr-x  0 root   root       46 Jul 26 10:18 etc/sv/agetty-generic/finish
lrwxrwxrwx  0 root   root        0 Jul 26 10:18 etc/sv/agetty-hvc0/supervise -> /run/runit/supervise.agetty-hvc0
lrwxrwxrwx  0 root   root        0 Jul 26 10:18 etc/sv/agetty-hvc0/run -> ../agetty-serial/run
lrwxrwxrwx  0 root   root        0 Jul 26 10:18 etc/sv/agetty-hvc0/finish -> ../agetty-generic/finish
-rw-rw-r--  0 root   root       47 Jul 26 10:18 etc/sv/agetty-hvc0/conf
lrwxrwxrwx  0 root   root        0 Jul 26 10:18 etc/sv/agetty-hvsi0/supervise -> /run/runit/supervise.agetty-hvsi0
lrwxrwxrwx  0 root   root        0 Jul 26 10:18 etc/sv/agetty-hvsi0/run -> ../agetty-serial/run
lrwxrwxrwx  0 root   root        0 Jul 26 10:18 etc/sv/agetty-hvsi0/finish -> ../agetty-generic/finish
-rw-rw-r--  0 root   root      162 Jul 26 10:18 etc/sv/agetty-hvsi0/conf
lrwxrwxrwx  0 root   root        0 Jul 26 10:18 etc/sv/agetty-serial/run -> ../agetty-generic/run
lrwxrwxrwx  0 root   root        0 Jul 26 10:18 etc/sv/agetty-serial/finish -> ../agetty-generic/finish
-rw-rw-r--  0 root   root      163 Jul 26 10:18 etc/sv/agetty-serial/conf
lrwxrwxrwx  0 root   root        0 Jul 26 10:18 etc/sv/agetty-tty1/supervise -> /run/runit/supervise.agetty-tty1
lrwxrwxrwx  0 root   root        0 Jul 26 10:18 etc/sv/agetty-tty1/run -> ../agetty-generic/run
lrwxrwxrwx  0 root   root        0 Jul 26 10:18 etc/sv/agetty-tty1/finish -> ../agetty-generic/finish
-rw-rw-r--  0 root   root      176 Jul 26 10:18 etc/sv/agetty-tty1/conf
lrwxrwxrwx  0 root   root        0 Jul 26 10:18 etc/sv/agetty-tty2/supervise -> /run/runit/supervise.agetty-tty2
lrwxrwxrwx  0 root   root        0 Jul 26 10:18 etc/sv/agetty-tty2/run -> ../agetty-generic/run
lrwxrwxrwx  0 root   root        0 Jul 26 10:18 etc/sv/agetty-tty2/finish -> ../agetty-generic/finish
lrwxrwxrwx  0 root   root        0 Jul 26 10:18 etc/sv/agetty-tty2/conf -> ../agetty-tty1/conf
lrwxrwxrwx  0 root   root        0 Jul 26 10:18 etc/sv/agetty-tty3/supervise -> /run/runit/supervise.agetty-tty3
lrwxrwxrwx  0 root   root        0 Jul 26 10:18 etc/sv/agetty-tty3/run -> ../agetty-generic/run
lrwxrwxrwx  0 root   root        0 Jul 26 10:18 etc/sv/agetty-tty3/finish -> ../agetty-generic/finish
lrwxrwxrwx  0 root   root        0 Jul 26 10:18 etc/sv/agetty-tty3/conf -> ../agetty-tty1/conf
lrwxrwxrwx  0 root   root        0 Jul 26 10:18 etc/sv/agetty-tty4/supervise -> /run/runit/supervise.agetty-tty4
lrwxrwxrwx  0 root   root        0 Jul 26 10:18 etc/sv/agetty-tty4/run -> ../agetty-generic/run
lrwxrwxrwx  0 root   root        0 Jul 26 10:18 etc/sv/agetty-tty4/finish -> ../agetty-generic/finish
lrwxrwxrwx  0 root   root        0 Jul 26 10:18 etc/sv/agetty-tty4/conf -> ../agetty-tty1/conf
lrwxrwxrwx  0 root   root        0 Jul 26 10:18 etc/sv/agetty-tty5/supervise -> /run/runit/supervise.agetty-tty5
lrwxrwxrwx  0 root   root        0 Jul 26 10:18 etc/sv/agetty-tty5/run -> ../agetty-generic/run
lrwxrwxrwx  0 root   root        0 Jul 26 10:18 etc/sv/agetty-tty5/finish -> ../agetty-generic/finish
lrwxrwxrwx  0 root   root        0 Jul 26 10:18 etc/sv/agetty-tty5/conf -> ../agetty-tty1/conf
lrwxrwxrwx  0 root   root        0 Jul 26 10:18 etc/sv/agetty-tty6/supervise -> /run/runit/supervise.agetty-tty6
lrwxrwxrwx  0 root   root        0 Jul 26 10:18 etc/sv/agetty-tty6/run -> ../agetty-generic/run
lrwxrwxrwx  0 root   root        0 Jul 26 10:18 etc/sv/agetty-tty6/finish -> ../agetty-generic/finish
lrwxrwxrwx  0 root   root        0 Jul 26 10:18 etc/sv/agetty-tty6/conf -> ../agetty-tty1/conf
lrwxrwxrwx  0 root   root        0 Jul 26 10:18 etc/sv/agetty-ttyAMA0/supervise -> /run/runit/supervise.agetty-ttyAMA0
lrwxrwxrwx  0 root   root        0 Jul 26 10:18 etc/sv/agetty-ttyAMA0/run -> ../agetty-serial/run
lrwxrwxrwx  0 root   root        0 Jul 26 10:18 etc/sv/agetty-ttyAMA0/finish -> ../agetty-generic/finish
lrwxrwxrwx  0 root   root        0 Jul 26 10:18 etc/sv/agetty-ttyAMA0/conf -> ../agetty-serial/conf
lrwxrwxrwx  0 root   root        0 Jul 26 10:18 etc/sv/agetty-ttyS0/supervise -> /run/runit/supervise.agetty-ttyS0
lrwxrwxrwx  0 root   root        0 Jul 26 10:18 etc/sv/agetty-ttyS0/run -> ../agetty-serial/run
lrwxrwxrwx  0 root   root        0 Jul 26 10:18 etc/sv/agetty-ttyS0/finish -> ../agetty-generic/finish
lrwxrwxrwx  0 root   root        0 Jul 26 10:18 etc/sv/agetty-ttyS0/conf -> ../agetty-serial/conf
lrwxrwxrwx  0 root   root        0 Jul 26 10:18 etc/sv/agetty-ttyUSB0/supervise -> /run/runit/supervise.agetty-ttyUSB0
lrwxrwxrwx  0 root   root        0 Jul 26 10:18 etc/sv/agetty-ttyUSB0/run -> ../agetty-serial/run
lrwxrwxrwx  0 root   root        0 Jul 26 10:18 etc/sv/agetty-ttyUSB0/finish -> ../agetty-generic/finish
lrwxrwxrwx  0 root   root        0 Jul 26 10:18 etc/sv/agetty-ttyUSB0/conf -> ../agetty-serial/conf
lrwxrwxrwx  0 root   root        0 Jul 26 10:18 etc/sv/sulogin/supervise -> /run/runit/supervise.sulogin
-rwxrwxr-x  0 root   root      148 Jul 26 10:18 etc/sv/sulogin/run
-rwxr-xr-x  0 root   root      705 Jul 26 10:18 etc/runit/1
lrwxrwxrwx  0 root   root        0 Jul 26 10:18 etc/runit/stopit -> /run/runit/stopit
lrwxrwxrwx  0 root   root        0 Jul 26 10:18 etc/runit/reboot -> /run/runit/reboot
-rw-r--r--  0 root   root     3862 Jul 26 10:18 etc/runit/crypt.awk
-rw-r--r--  0 root   root     1227 Jul 26 10:18 etc/runit/functions
-rwxr-xr-x  0 root   root      206 Jul 26 10:18 etc/runit/ctrlaltdel
-rwxr-xr-x  0 root   root     1460 Jul 26 10:18 etc/runit/3
-rwxr-xr-x  0 root   root      928 Jul 26 10:18 etc/runit/2
drwxr-xr-x  0 root   root        0 Jul 26 10:18 etc/runit/core-services/
drwxr-xr-x  0 root   root        0 Jul 26 10:18 etc/runit/runsvdir/
drwxrwxr-x  0 root   root        0 Jul 26 10:18 etc/runit/runsvdir/single/
drwxrwxr-x  0 root   root        0 Jul 26 10:18 etc/runit/runsvdir/default/
lrwxrwxrwx  0 root   root        0 Jul 26 10:18 etc/runit/runsvdir/current -> default
lrwxrwxrwx  0 root   root        0 Jul 26 10:18 etc/runit/runsvdir/default/agetty-ttyS0 -> /etc/sv/agetty-ttyS0
lrwxrwxrwx  0 root   root        0 Jul 26 10:18 etc/runit/runsvdir/default/agetty-tty6 -> /etc/sv/agetty-tty6
lrwxrwxrwx  0 root   root        0 Jul 26 10:18 etc/runit/runsvdir/default/agetty-tty5 -> /etc/sv/agetty-tty5
lrwxrwxrwx  0 root   root        0 Jul 26 10:18 etc/runit/runsvdir/default/agetty-tty4 -> /etc/sv/agetty-tty4
lrwxrwxrwx  0 root   root        0 Jul 26 10:18 etc/runit/runsvdir/default/agetty-tty3 -> /etc/sv/agetty-tty3
lrwxrwxrwx  0 root   root        0 Jul 26 10:18 etc/runit/runsvdir/default/agetty-tty2 -> /etc/sv/agetty-tty2
lrwxrwxrwx  0 root   root        0 Jul 26 10:18 etc/runit/runsvdir/default/agetty-tty1 -> /etc/sv/agetty-tty1
lrwxrwxrwx  0 root   root        0 Jul 26 10:18 etc/runit/runsvdir/single/sulogin -> /etc/sv/sulogin
-rw-r--r--  0 root   root      336 Jul 26 10:18 etc/runit/core-services/99-cleanup.sh
-rw-r--r--  0 root   root      196 Jul 26 10:18 etc/runit/core-services/13-numlock.sh
-rw-r--r--  0 root   root      919 Jul 26 10:18 etc/runit/core-services/10-console-setup.sh
-rw-r--r--  0 root   root      271 Jul 26 10:18 etc/runit/core-services/09-misc.sh
-rw-r--r--  0 root   root      553 Jul 26 10:18 etc/runit/core-services/08-sysctl.sh
-rw-r--r--  0 root   root       97 Jul 26 10:18 etc/runit/core-services/07-swap.sh
-rw-r--r--  0 root   root      671 Jul 26 10:18 etc/runit/core-services/06-filesystems.sh
-rw-r--r--  0 root   root      341 Jul 26 10:18 etc/runit/core-services/05-udev.sh
-rw-r--r--  0 root   root      260 Jul 26 10:18 etc/runit/core-services/04-kmods.sh
-rw-r--r--  0 root   root      266 Jul 26 10:18 etc/runit/core-services/03-static-devnodes.sh
-rw-r--r--  0 root   root      901 Jul 26 10:18 etc/runit/core-services/02-cgroup.sh
-rw-r--r--  0 root   root      263 Jul 26 10:18 etc/runit/core-services/01-descriptor-symlink.sh
-rw-r--r--  0 root   root      674 Jul 26 10:18 etc/runit/core-services/00-pseudofs.sh
drwxr-xr-x  0 root   root        0 Jul 26 10:18 etc/zzz.d/resume/
drwxr-xr-x  0 root   root        0 Jul 26 10:18 etc/zzz.d/suspend/
drwxr-xr-x  0 root   root        0 Jul 26 10:18 sbin/
lrwxrwxrwx  0 root   root        0 Jul 26 10:18 sbin/init -> runit-init
lrwxrwxrwx  0 root   root        0 Jul 26 10:18 sbin/reboot -> halt
lrwxrwxrwx  0 root   root        0 Jul 26 10:18 sbin/poweroff -> halt
lrwxrwxrwx  0 root   root        0 Jul 26 10:18 sbin/ZZZ -> zzz
-rwxr-xr-x  0 root   root     1647 Jul 26 10:18 sbin/zzz
-rwxr-xr-x  0 root   root      785 Jul 26 10:18 sbin/modules-load
-rwxr-xr-x  0 root   root     1467 Jul 26 10:18 sbin/shutdown
-rwxr-xr-x  0 root   root    15120 Jul 26 10:18 sbin/vlogger
-rwxr-xr-x  0 root   root    14416 Jul 26 10:18 sbin/pause
-rwxr-xr-x  0 root   root    14512 Jul 26 10:18 sbin/halt
drwxr-xr-x  0 root   root        0 Jul 26 10:18 usr/
drwxr-xr-x  0 root   root        0 Jul 26 10:18 usr/sbin/
drwxr-xr-x  0 root   root        0 Jul 26 10:18 usr/share/
drwxr-xr-x  0 root   root        0 Jul 26 10:18 usr/share/man/
drwxr-xr-x  0 root   root        0 Jul 26 10:18 usr/share/man/man8/
drwxr-xr-x  0 root   root        0 Jul 26 10:18 usr/share/man/man1/
-rw-r--r--  0 root   root      458 Jul 26 10:18 usr/share/man/man1/pause.1.gz
lrwxrwxrwx  0 root   root        0 Jul 26 10:18 usr/share/man/man8/poweroff.8.gz -> halt.8.gz
lrwxrwxrwx  0 root   root        0 Jul 26 10:18 usr/share/man/man8/reboot.8.gz -> halt.8.gz
-rw-r--r--  0 root   root      989 Jul 26 10:18 usr/share/man/man8/zzz.8.gz
-rw-r--r--  0 root   root      861 Jul 26 10:18 usr/share/man/man8/shutdown.8.gz
-rw-r--r--  0 root   root      584 Jul 26 10:18 usr/share/man/man8/halt.8.gz
-rw-r--r--  0 root   root      668 Jul 26 10:18 usr/share/man/man8/modules-load.8.gz
-rw-r--r--  0 root   root     1407 Jul 26 10:18 usr/share/man/man8/vlogger.8.gz
-rwxr-xr-x  0 root   root    12981 Jul 26 10:18 usr/sbin/vsv
=======> Building '/home/devel/packages/runit-saux#1.0.0b1-2.x86_64.pkg.tar.xz' succeeded.
prt-get: Using PKGMK_PACKAGE_DIR: /home/devel/packages
prt-get: reinstalling runit-saux 1.0.0b1-2
prt-get: /usr/bin/pkgadd -u runit-saux#1.0.0b1-2.x86_64.pkg.tar.xz
prt-get: build done Wed Jul 26 10:18:57 2023

pkgadd: rejecting etc/rc.local, keeping existing version
pkgadd: rejecting etc/rc.conf, keeping existing version
pkgadd: rejecting etc/sv/sulogin/, keeping existing version
pkgadd: rejecting etc/sv/agetty-ttyUSB0/, keeping existing version
pkgadd: rejecting etc/sv/agetty-ttyS0/, keeping existing version
pkgadd: rejecting etc/sv/agetty-ttyAMA0/, keeping existing version
pkgadd: rejecting etc/sv/agetty-tty6/, keeping existing version
pkgadd: rejecting etc/sv/agetty-tty5/, keeping existing version
pkgadd: rejecting etc/sv/agetty-tty4/, keeping existing version
pkgadd: rejecting etc/sv/agetty-tty3/, keeping existing version
pkgadd: rejecting etc/sv/agetty-tty2/, keeping existing version
pkgadd: rejecting etc/sv/agetty-tty1/, keeping existing version
pkgadd: rejecting etc/sv/agetty-serial/, keeping existing version
pkgadd: rejecting etc/sv/agetty-hvsi0/, keeping existing version
pkgadd: rejecting etc/sv/agetty-hvc0/, keeping existing version
pkgadd: rejecting etc/sv/agetty-generic/, keeping existing version
pkgadd: rejecting etc/sv/agetty-console/, keeping existing version
pkgadd: rejecting etc/runit/runsvdir/single/, keeping existing version
pkgadd: rejecting etc/runit/runsvdir/default/, keeping existing version
