prt-get: updating /usr/ports/core-x86_64/libtool
prt-get: starting build Wed Jul 26 09:43:56 2023
=======> Building '/home/devel/packages/libtool#2.4.7-2.x86_64.pkg.tar.xz'.
bsdtar -p -o -C /home/devel/building/work/src -xf /home/devel/sources/libtool-2.4.7.tar.xz
+ build
+ cd libtool-2.4.7
+ ./configure --build=x86_64-unknown-linux-gnu --host=x86_64-unknown-linux-gnu --prefix=/usr --disable-static
## ------------------------- ##
## Configuring libtool 2.4.7 ##
## ------------------------- ##

checking for GNU M4 that supports accurate traces... /usr/bin/m4
checking whether /usr/bin/m4 accepts --gnu... yes
checking how m4 supports trace files... --debugfile
checking for a BSD-compatible install... /usr/bin/install -c
checking whether build environment is sane... yes
checking for a thread-safe mkdir -p... /bin/mkdir -p
checking for gawk... gawk
checking whether make sets $(MAKE)... yes
checking whether make supports nested variables... yes
checking whether make supports nested variables... (cached) yes
checking build system type... x86_64-unknown-linux-gnu
checking host system type... x86_64-unknown-linux-gnu
configure: autobuild project... GNU Libtool
configure: autobuild revision... 2.4.7
configure: autobuild hostname... ishi
configure: autobuild mode... default
configure: autobuild timestamp... 20230726T074356Z
checking for x86_64-unknown-linux-gnu-gcc... x86_64-unknown-linux-gnu-gcc
checking whether the C compiler works... yes
checking for C compiler default output file name... a.out
checking for suffix of executables... 
checking whether we are cross compiling... no
checking for suffix of object files... o
checking whether we are using the GNU C compiler... yes
checking whether x86_64-unknown-linux-gnu-gcc accepts -g... yes
checking for x86_64-unknown-linux-gnu-gcc option to accept ISO C89... none needed
checking whether x86_64-unknown-linux-gnu-gcc understands -c and -o together... yes
checking whether the compiler is clang... no
checking for compiler option needed when checking for declarations... none
checking whether make supports the include directive... yes (GNU style)
checking dependency style of x86_64-unknown-linux-gnu-gcc... gcc3
checking how to run the C preprocessor... x86_64-unknown-linux-gnu-gcc -E
checking for grep that handles long lines and -e... /usr/bin/grep
checking for egrep... /usr/bin/grep -E
checking for Minix Amsterdam compiler... no
checking for x86_64-unknown-linux-gnu-ar... x86_64-unknown-linux-gnu-ar
checking for x86_64-unknown-linux-gnu-ranlib... x86_64-unknown-linux-gnu-ranlib
checking how to run the C preprocessor... x86_64-unknown-linux-gnu-gcc -E
checking how to print strings... printf
checking for a sed that does not truncate output... /bin/sed
checking for fgrep... /usr/bin/grep -F
checking for ld used by x86_64-unknown-linux-gnu-gcc... /usr/bin/ld
checking if the linker (/usr/bin/ld) is GNU ld... yes
checking for BSD- or MS-compatible name lister (nm)... /usr/bin/x86_64-unknown-linux-gnu-nm -B
checking the name lister (/usr/bin/x86_64-unknown-linux-gnu-nm -B) interface... BSD nm
checking whether ln -s works... yes
checking the maximum length of command line arguments... 1572864
checking how to convert x86_64-unknown-linux-gnu file names to x86_64-unknown-linux-gnu format... func_convert_file_noop
checking how to convert x86_64-unknown-linux-gnu file names to toolchain format... func_convert_file_noop
checking for /usr/bin/ld option to reload object files... -r
checking for x86_64-unknown-linux-gnu-file... no
checking for file... file
checking for x86_64-unknown-linux-gnu-objdump... x86_64-unknown-linux-gnu-objdump
checking how to recognize dependent libraries... pass_all
checking for x86_64-unknown-linux-gnu-dlltool... no
checking for dlltool... no
checking how to associate runtime and link libraries... printf %s\n
checking for x86_64-unknown-linux-gnu-ar... (cached) x86_64-unknown-linux-gnu-ar
checking for archiver @FILE support... @
checking for x86_64-unknown-linux-gnu-strip... x86_64-unknown-linux-gnu-strip
checking for x86_64-unknown-linux-gnu-ranlib... (cached) x86_64-unknown-linux-gnu-ranlib
checking command to parse /usr/bin/x86_64-unknown-linux-gnu-nm -B output from x86_64-unknown-linux-gnu-gcc object... ok
checking for sysroot... no
checking for a working dd... /bin/dd
checking how to truncate binary pipes... /bin/dd bs=4096 count=1
checking for x86_64-unknown-linux-gnu-mt... no
checking for mt... no
checking if : is a manifest tool... no
checking for ANSI C header files... yes
checking for sys/types.h... yes
checking for sys/stat.h... yes
checking for stdlib.h... yes
checking for string.h... yes
checking for memory.h... yes
checking for strings.h... yes
checking for inttypes.h... yes
checking for stdint.h... yes
checking for unistd.h... yes
checking for dlfcn.h... yes
checking for objdir... .libs
checking if x86_64-unknown-linux-gnu-gcc supports -fno-rtti -fno-exceptions... no
checking for x86_64-unknown-linux-gnu-gcc option to produce PIC... -fPIC -DPIC
checking if x86_64-unknown-linux-gnu-gcc PIC flag -fPIC -DPIC works... yes
checking if x86_64-unknown-linux-gnu-gcc static flag -static works... yes
checking if x86_64-unknown-linux-gnu-gcc supports -c -o file.o... yes
checking if x86_64-unknown-linux-gnu-gcc supports -c -o file.o... (cached) yes
checking whether the x86_64-unknown-linux-gnu-gcc linker (/usr/bin/ld -m elf_x86_64) supports shared libraries... yes
checking whether -lc should be explicitly linked in... no
checking dynamic linker characteristics... GNU/Linux ld.so
checking how to hardcode library paths into programs... immediate
checking for shl_load... no
checking for shl_load in -ldld... no
checking for dlopen... yes
checking whether a program can dlopen itself... yes
checking whether a statically linked program can dlopen itself... no
checking whether stripping libraries is possible... yes
checking if libtool supports shared libraries... yes
checking whether to build shared libraries... yes
checking whether to build static libraries... no
checking what extension is used for runtime loadable modules... .so
checking what variable specifies run-time module search path... LD_LIBRARY_PATH
checking for the default library search path... /lib /usr/lib 
checking for library containing dlopen... none required
checking for dlerror... yes
checking for shl_load... (cached) no
checking for shl_load in -ldld... (cached) no
checking for dld_link in -ldld... no
checking for _ prefix in compiled symbols... no
checking whether deplibs are loaded by dlopen... yes
checking for argz.h... yes
checking for error_t... yes
checking for argz_add... yes
checking for argz_append... yes
checking for argz_count... yes
checking for argz_create_sep... yes
checking for argz_insert... yes
checking for argz_next... yes
checking for argz_stringify... yes
checking if argz actually works... yes
checking whether libtool supports -dlopen/-dlpreopen... yes
checking for unistd.h... (cached) yes
checking for dl.h... no
checking for sys/dl.h... no
checking for dld.h... no
checking for mach-o/dyld.h... no
checking for dirent.h... yes
checking for closedir... yes
checking for opendir... yes
checking for readdir... yes
checking for strlcat... yes
checking for strlcpy... yes
checking for x86_64-unknown-linux-gnu-g++... x86_64-unknown-linux-gnu-g++
checking whether we are using the GNU C++ compiler... yes
checking whether x86_64-unknown-linux-gnu-g++ accepts -g... yes
checking dependency style of x86_64-unknown-linux-gnu-g++... gcc3
checking how to run the C++ preprocessor... x86_64-unknown-linux-gnu-g++ -E
checking for ld used by x86_64-unknown-linux-gnu-g++... /usr/bin/ld -m elf_x86_64
checking if the linker (/usr/bin/ld -m elf_x86_64) is GNU ld... yes
checking whether the x86_64-unknown-linux-gnu-g++ linker (/usr/bin/ld -m elf_x86_64) supports shared libraries... yes
checking for x86_64-unknown-linux-gnu-g++ option to produce PIC... -fPIC -DPIC
checking if x86_64-unknown-linux-gnu-g++ PIC flag -fPIC -DPIC works... yes
checking if x86_64-unknown-linux-gnu-g++ static flag -static works... yes
checking if x86_64-unknown-linux-gnu-g++ supports -c -o file.o... yes
checking if x86_64-unknown-linux-gnu-g++ supports -c -o file.o... (cached) yes
checking whether the x86_64-unknown-linux-gnu-g++ linker (/usr/bin/ld -m elf_x86_64) supports shared libraries... yes
checking dynamic linker characteristics... (cached) GNU/Linux ld.so
checking how to hardcode library paths into programs... immediate
checking for x86_64-unknown-linux-gnu-g77... no
checking for x86_64-unknown-linux-gnu-xlf... no
checking for x86_64-unknown-linux-gnu-f77... no
checking for x86_64-unknown-linux-gnu-frt... no
checking for x86_64-unknown-linux-gnu-pgf77... no
checking for x86_64-unknown-linux-gnu-cf77... no
checking for x86_64-unknown-linux-gnu-fort77... no
checking for x86_64-unknown-linux-gnu-fl32... no
checking for x86_64-unknown-linux-gnu-af77... no
checking for x86_64-unknown-linux-gnu-xlf90... no
checking for x86_64-unknown-linux-gnu-f90... no
checking for x86_64-unknown-linux-gnu-pgf90... no
checking for x86_64-unknown-linux-gnu-pghpf... no
checking for x86_64-unknown-linux-gnu-epcf90... no
checking for x86_64-unknown-linux-gnu-gfortran... x86_64-unknown-linux-gnu-gfortran
checking whether we are using the GNU Fortran 77 compiler... yes
checking whether x86_64-unknown-linux-gnu-gfortran accepts -g... yes
checking if libtool supports shared libraries... yes
checking whether to build shared libraries... yes
checking whether to build static libraries... no
checking for x86_64-unknown-linux-gnu-gfortran option to produce PIC... -fPIC
checking if x86_64-unknown-linux-gnu-gfortran PIC flag -fPIC works... yes
checking if x86_64-unknown-linux-gnu-gfortran static flag -static works... yes
checking if x86_64-unknown-linux-gnu-gfortran supports -c -o file.o... yes
checking if x86_64-unknown-linux-gnu-gfortran supports -c -o file.o... (cached) yes
checking whether the x86_64-unknown-linux-gnu-gfortran linker (/usr/bin/ld -m elf_x86_64) supports shared libraries... yes
checking dynamic linker characteristics... (cached) GNU/Linux ld.so
checking how to hardcode library paths into programs... immediate
checking for x86_64-unknown-linux-gnu-gfortran... x86_64-unknown-linux-gnu-gfortran
checking whether we are using the GNU Fortran compiler... yes
checking whether x86_64-unknown-linux-gnu-gfortran accepts -g... yes
checking if libtool supports shared libraries... yes
checking whether to build shared libraries... yes
checking whether to build static libraries... no
checking for x86_64-unknown-linux-gnu-gfortran option to produce PIC... -fPIC
checking if x86_64-unknown-linux-gnu-gfortran PIC flag -fPIC works... yes
checking if x86_64-unknown-linux-gnu-gfortran static flag -static works... yes
checking if x86_64-unknown-linux-gnu-gfortran supports -c -o file.o... yes
checking if x86_64-unknown-linux-gnu-gfortran supports -c -o file.o... (cached) yes
checking whether the x86_64-unknown-linux-gnu-gfortran linker (/usr/bin/ld -m elf_x86_64) supports shared libraries... yes
checking dynamic linker characteristics... (cached) GNU/Linux ld.so
checking how to hardcode library paths into programs... immediate
checking for x86_64-unknown-linux-gnu-gccgo... no
checking for gccgo... no
checking for x86_64-unknown-linux-gnu-gcj... no
checking for gcj... no
checking for x86_64-unknown-linux-gnu-windres... no
checking for windres... no
checking for C compiler option to allow warnings... -Wno-error
checking for C++ compiler option to allow warnings... -Wno-error
checking that generated files are newer than configure... done
configure: creating ./config.status
config.status: creating Makefile
config.status: creating gnulib-tests/Makefile
config.status: creating config.h
config.status: executing tests/atconfig commands
config.status: executing depfiles commands
config.status: executing libtool commands
+ make V=1
rm -f 'libtoolize'
/bin/sed -e 's|@MACRO_VERSION\@|2.4.7|g' -e "s|@MACRO_REVISION\@|$revision|g" -e "s|@MACRO_SERIAL\@|$serial|g" -e 's|@PACKAGE\@|libtool|g' -e 's|@PACKAGE_BUGREPORT\@|bug-libtool@gnu.org|g' -e 's|@PACKAGE_URL\@|http://www.gnu.org/software/libtool/|g' -e 's|@PACKAGE_NAME\@|GNU Libtool|g' -e "s|@package_revision\@|$revision|g" -e 's|@PACKAGE_STRING\@|GNU Libtool 2.4.7|g' -e 's|@PACKAGE_TARNAME\@|libtool|g' -e 's|@PACKAGE_VERSION\@|2.4.7|g' -e 's|@VERSION\@|2.4.7|g' -e '/^\. /s|@auxscriptsdir\@|'`CDPATH="${ZSH_VERSION+.}:" && cd './build-aux' && pwd`'|g' -e 's|@aclocaldir\@|/usr/share/aclocal|g' -e 's|@aux_dir\@|build-aux|g' -e 's|@datadir\@|/usr/share|g' -e 's|@EGREP\@|/usr/bin/grep -E|g' -e 's|@FGREP\@|/usr/bin/grep -F|g' -e 's|@GREP\@|/usr/bin/grep|g' -e 's|@host_triplet\@|x86_64-unknown-linux-gnu|g' -e 's|@LN_S\@|ln -s|g' -e "s|@ltdl_ac_aux_dir\@|`GREP='/usr/bin/grep' SED='/bin/sed' ./build-aux/extract-trace AC_CONFIG_AUX_DIR ./libltdl/configure.ac`|g" -e 's|@macro_dir\@|m4|g' -e 's|@pkgauxdir\@|/usr/share/libtool/build-aux|g' -e 's|@pkgaux_files\@|compile config.guess config.sub depcomp install-sh missing ltmain.sh|g' -e 's|@pkgaux_install_files\@|config.guess config.sub install-sh|g' -e 's|@pkgaux_parent_files\@|ltmain.sh|g' -e 's|@pkgdatadir\@|/usr/share/libtool|g' -e 's|@pkgltdl_files\@|COPYING.LIB Makefile.am README configure.ac aclocal.m4 Makefile.in config-h.in configure libltdl/lt__alloc.h libltdl/lt__argz_.h libltdl/lt__dirent.h libltdl/lt__glibc.h libltdl/lt__private.h libltdl/lt__strl.h libltdl/lt_dlloader.h libltdl/lt_error.h libltdl/lt_system.h libltdl/slist.h loaders/dld_link.c loaders/dlopen.c loaders/dyld.c loaders/load_add_on.c loaders/loadlibrary.c loaders/preopen.c loaders/shl_load.c lt__alloc.c lt__argz.c lt__dirent.c lt__strl.c lt_dlloader.c lt_error.c ltdl.c ltdl.h ltdl.mk slist.c|g' -e 's|@pkgmacro_files\@|libtool.m4 ltargz.m4 ltdl.m4 ltoptions.m4 ltsugar.m4 ltversion.m4 lt~obsolete.m4|g' -e 's|@prefix\@|/usr|g' -e 's|@SED\@|/bin/sed|g' -e 's|@srcdir\@|.|g' './libtoolize.in' > 'libtoolize'
chmod a+x 'libtoolize'
chmod a-w 'libtoolize'
make  all-recursive
make[1]: Entering directory '/home/devel/building/work/src/libtool-2.4.7'
Making all in .
make[2]: Entering directory '/home/devel/building/work/src/libtool-2.4.7'
/bin/sh ./libtool  --tag=CC   --mode=compile x86_64-unknown-linux-gnu-gcc -DHAVE_CONFIG_H -I.  -DLTDLOPEN=libltdl -DLT_CONFIG_H='<config.h>' -DLTDL -I. -I. -Ilibltdl -I./libltdl -Ilibltdl/libltdl -I./libltdl/libltdl   -O2 -m64 -march=x86-64 -mtune=generic -flto=auto -ffat-lto-objects -MT libltdl/loaders/libltdl_la-preopen.lo -MD -MP -MF libltdl/loaders/.deps/libltdl_la-preopen.Tpo -c -o libltdl/loaders/libltdl_la-preopen.lo `test -f 'libltdl/loaders/preopen.c' || echo './'`libltdl/loaders/preopen.c
depbase=`echo libltdl/loaders/dlopen.lo | sed 's|[^/]*$|.deps/&|;s|\.lo$||'`;\
/bin/sh ./libtool  --tag=CC   --mode=compile x86_64-unknown-linux-gnu-gcc -DHAVE_CONFIG_H -I.  -DLT_CONFIG_H='<config.h>' -DLTDL -I. -I. -Ilibltdl -I./libltdl -Ilibltdl/libltdl -I./libltdl/libltdl   -O2 -m64 -march=x86-64 -mtune=generic -flto=auto -ffat-lto-objects -MT libltdl/loaders/dlopen.lo -MD -MP -MF $depbase.Tpo -c -o libltdl/loaders/dlopen.lo libltdl/loaders/dlopen.c &&\
mv -f $depbase.Tpo $depbase.Plo
/bin/sh ./libtool  --tag=CC   --mode=compile x86_64-unknown-linux-gnu-gcc -DHAVE_CONFIG_H -I.  -DLTDLOPEN=libltdl -DLT_CONFIG_H='<config.h>' -DLTDL -I. -I. -Ilibltdl -I./libltdl -Ilibltdl/libltdl -I./libltdl/libltdl   -O2 -m64 -march=x86-64 -mtune=generic -flto=auto -ffat-lto-objects -MT libltdl/libltdl_la-lt__alloc.lo -MD -MP -MF libltdl/.deps/libltdl_la-lt__alloc.Tpo -c -o libltdl/libltdl_la-lt__alloc.lo `test -f 'libltdl/lt__alloc.c' || echo './'`libltdl/lt__alloc.c
/bin/sh ./libtool  --tag=CC   --mode=compile x86_64-unknown-linux-gnu-gcc -DHAVE_CONFIG_H -I.  -DLTDLOPEN=libltdl -DLT_CONFIG_H='<config.h>' -DLTDL -I. -I. -Ilibltdl -I./libltdl -Ilibltdl/libltdl -I./libltdl/libltdl   -O2 -m64 -march=x86-64 -mtune=generic -flto=auto -ffat-lto-objects -MT libltdl/libltdl_la-lt_dlloader.lo -MD -MP -MF libltdl/.deps/libltdl_la-lt_dlloader.Tpo -c -o libltdl/libltdl_la-lt_dlloader.lo `test -f 'libltdl/lt_dlloader.c' || echo './'`libltdl/lt_dlloader.c
/bin/sh ./libtool  --tag=CC   --mode=compile x86_64-unknown-linux-gnu-gcc -DHAVE_CONFIG_H -I.  -DLTDLOPEN=libltdl -DLT_CONFIG_H='<config.h>' -DLTDL -I. -I. -Ilibltdl -I./libltdl -Ilibltdl/libltdl -I./libltdl/libltdl   -O2 -m64 -march=x86-64 -mtune=generic -flto=auto -ffat-lto-objects -MT libltdl/libltdl_la-lt_error.lo -MD -MP -MF libltdl/.deps/libltdl_la-lt_error.Tpo -c -o libltdl/libltdl_la-lt_error.lo `test -f 'libltdl/lt_error.c' || echo './'`libltdl/lt_error.c
/bin/sh ./libtool  --tag=CC   --mode=compile x86_64-unknown-linux-gnu-gcc -DHAVE_CONFIG_H -I.  -DLTDLOPEN=libltdl -DLT_CONFIG_H='<config.h>' -DLTDL -I. -I. -Ilibltdl -I./libltdl -Ilibltdl/libltdl -I./libltdl/libltdl   -O2 -m64 -march=x86-64 -mtune=generic -flto=auto -ffat-lto-objects -MT libltdl/libltdl_la-ltdl.lo -MD -MP -MF libltdl/.deps/libltdl_la-ltdl.Tpo -c -o libltdl/libltdl_la-ltdl.lo `test -f 'libltdl/ltdl.c' || echo './'`libltdl/ltdl.c
/bin/sh ./libtool  --tag=CC   --mode=compile x86_64-unknown-linux-gnu-gcc -DHAVE_CONFIG_H -I.  -DLTDLOPEN=libltdl -DLT_CONFIG_H='<config.h>' -DLTDL -I. -I. -Ilibltdl -I./libltdl -Ilibltdl/libltdl -I./libltdl/libltdl   -O2 -m64 -march=x86-64 -mtune=generic -flto=auto -ffat-lto-objects -MT libltdl/libltdl_la-slist.lo -MD -MP -MF libltdl/.deps/libltdl_la-slist.Tpo -c -o libltdl/libltdl_la-slist.lo `test -f 'libltdl/slist.c' || echo './'`libltdl/slist.c
libtool: compile:  x86_64-unknown-linux-gnu-gcc -DHAVE_CONFIG_H -I. -DLTDLOPEN=libltdl "-DLT_CONFIG_H=<config.h>" -DLTDL -I. -I. -Ilibltdl -I./libltdl -Ilibltdl/libltdl -I./libltdl/libltdl -O2 -m64 -march=x86-64 -mtune=generic -flto=auto -ffat-lto-objects -MT libltdl/libltdl_la-slist.lo -MD -MP -MF libltdl/.deps/libltdl_la-slist.Tpo -c libltdl/slist.c  -fPIC -DPIC -o libltdl/.libs/libltdl_la-slist.o
libtool: compile:  x86_64-unknown-linux-gnu-gcc -DHAVE_CONFIG_H -I. -DLTDLOPEN=libltdl "-DLT_CONFIG_H=<config.h>" -DLTDL -I. -I. -Ilibltdl -I./libltdl -Ilibltdl/libltdl -I./libltdl/libltdl -O2 -m64 -march=x86-64 -mtune=generic -flto=auto -ffat-lto-objects -MT libltdl/libltdl_la-lt_dlloader.lo -MD -MP -MF libltdl/.deps/libltdl_la-lt_dlloader.Tpo -c libltdl/lt_dlloader.c  -fPIC -DPIC -o libltdl/.libs/libltdl_la-lt_dlloader.o
libtool: compile:  x86_64-unknown-linux-gnu-gcc -DHAVE_CONFIG_H -I. "-DLT_CONFIG_H=<config.h>" -DLTDL -I. -I. -Ilibltdl -I./libltdl -Ilibltdl/libltdl -I./libltdl/libltdl -O2 -m64 -march=x86-64 -mtune=generic -flto=auto -ffat-lto-objects -MT libltdl/loaders/dlopen.lo -MD -MP -MF libltdl/loaders/.deps/dlopen.Tpo -c libltdl/loaders/dlopen.c  -fPIC -DPIC -o libltdl/loaders/.libs/dlopen.o
libtool: compile:  x86_64-unknown-linux-gnu-gcc -DHAVE_CONFIG_H -I. -DLTDLOPEN=libltdl "-DLT_CONFIG_H=<config.h>" -DLTDL -I. -I. -Ilibltdl -I./libltdl -Ilibltdl/libltdl -I./libltdl/libltdl -O2 -m64 -march=x86-64 -mtune=generic -flto=auto -ffat-lto-objects -MT libltdl/libltdl_la-lt__alloc.lo -MD -MP -MF libltdl/.deps/libltdl_la-lt__alloc.Tpo -c libltdl/lt__alloc.c  -fPIC -DPIC -o libltdl/.libs/libltdl_la-lt__alloc.o
libtool: compile:  x86_64-unknown-linux-gnu-gcc -DHAVE_CONFIG_H -I. -DLTDLOPEN=libltdl "-DLT_CONFIG_H=<config.h>" -DLTDL -I. -I. -Ilibltdl -I./libltdl -Ilibltdl/libltdl -I./libltdl/libltdl -O2 -m64 -march=x86-64 -mtune=generic -flto=auto -ffat-lto-objects -MT libltdl/libltdl_la-lt_error.lo -MD -MP -MF libltdl/.deps/libltdl_la-lt_error.Tpo -c libltdl/lt_error.c  -fPIC -DPIC -o libltdl/.libs/libltdl_la-lt_error.o
libtool: compile:  x86_64-unknown-linux-gnu-gcc -DHAVE_CONFIG_H -I. -DLTDLOPEN=libltdl "-DLT_CONFIG_H=<config.h>" -DLTDL -I. -I. -Ilibltdl -I./libltdl -Ilibltdl/libltdl -I./libltdl/libltdl -O2 -m64 -march=x86-64 -mtune=generic -flto=auto -ffat-lto-objects -MT libltdl/libltdl_la-ltdl.lo -MD -MP -MF libltdl/.deps/libltdl_la-ltdl.Tpo -c libltdl/ltdl.c  -fPIC -DPIC -o libltdl/.libs/libltdl_la-ltdl.o
libtool: compile:  x86_64-unknown-linux-gnu-gcc -DHAVE_CONFIG_H -I. -DLTDLOPEN=libltdl "-DLT_CONFIG_H=<config.h>" -DLTDL -I. -I. -Ilibltdl -I./libltdl -Ilibltdl/libltdl -I./libltdl/libltdl -O2 -m64 -march=x86-64 -mtune=generic -flto=auto -ffat-lto-objects -MT libltdl/loaders/libltdl_la-preopen.lo -MD -MP -MF libltdl/loaders/.deps/libltdl_la-preopen.Tpo -c libltdl/loaders/preopen.c  -fPIC -DPIC -o libltdl/loaders/.libs/libltdl_la-preopen.o
/bin/sh ./libtool  --tag=CC   --mode=link x86_64-unknown-linux-gnu-gcc  -O2 -m64 -march=x86-64 -mtune=generic -flto=auto -ffat-lto-objects -module -avoid-version  -o libltdl/dlopen.la  libltdl/loaders/dlopen.lo  
mv -f libltdl/.deps/libltdl_la-lt__alloc.Tpo libltdl/.deps/libltdl_la-lt__alloc.Plo
mv -f libltdl/.deps/libltdl_la-lt_error.Tpo libltdl/.deps/libltdl_la-lt_error.Plo
mv -f libltdl/.deps/libltdl_la-lt_dlloader.Tpo libltdl/.deps/libltdl_la-lt_dlloader.Plo
mv -f libltdl/.deps/libltdl_la-slist.Tpo libltdl/.deps/libltdl_la-slist.Plo
libtool: link: x86_64-unknown-linux-gnu-ar cr libltdl/.libs/dlopen.a libltdl/loaders/.libs/dlopen.o 
libtool: link: x86_64-unknown-linux-gnu-ranlib libltdl/.libs/dlopen.a
mv -f libltdl/loaders/.deps/libltdl_la-preopen.Tpo libltdl/loaders/.deps/libltdl_la-preopen.Plo
libtool: link: ( cd "libltdl/.libs" && rm -f "dlopen.la" && ln -s "../dlopen.la" "dlopen.la" )
mv -f libltdl/.deps/libltdl_la-ltdl.Tpo libltdl/.deps/libltdl_la-ltdl.Plo
/bin/sh ./libtool  --tag=CC   --mode=link x86_64-unknown-linux-gnu-gcc  -O2 -m64 -march=x86-64 -mtune=generic -flto=auto -ffat-lto-objects -no-undefined -version-info 10:2:3 -dlpreopen libltdl/dlopen.la   -o libltdl/libltdl.la -rpath /usr/lib libltdl/loaders/libltdl_la-preopen.lo libltdl/libltdl_la-lt__alloc.lo libltdl/libltdl_la-lt_dlloader.lo libltdl/libltdl_la-lt_error.lo libltdl/libltdl_la-ltdl.lo libltdl/libltdl_la-slist.lo  
libtool: link: rm -f libltdl/.libs/libltdl.nm libltdl/.libs/libltdl.nmS libltdl/.libs/libltdl.nmT
libtool: link: rm -f "libltdl/.libs/libltdl.nmI"
libtool: link: (cd libltdl/.libs && x86_64-unknown-linux-gnu-gcc -O2 -m64 -march=x86-64 -mtune=generic -flto=auto -ffat-lto-objects -c -fno-builtin  -fPIC -DPIC "libltdlS.c")
libtool: link: rm -f "libltdl/.libs/libltdlS.c" "libltdl/.libs/libltdl.nm" "libltdl/.libs/libltdl.nmS" "libltdl/.libs/libltdl.nmT" "libltdl/.libs/libltdl.nmI"
libtool: link: (cd libltdl/.libs/libltdl.lax/dlopen.a && x86_64-unknown-linux-gnu-ar x "/home/devel/building/work/src/libtool-2.4.7/libltdl/.libs/dlopen.a")
libtool: link: x86_64-unknown-linux-gnu-gcc -shared  -fPIC -DPIC  libltdl/loaders/.libs/libltdl_la-preopen.o libltdl/.libs/libltdl_la-lt__alloc.o libltdl/.libs/libltdl_la-lt_dlloader.o libltdl/.libs/libltdl_la-lt_error.o libltdl/.libs/libltdl_la-ltdl.o libltdl/.libs/libltdl_la-slist.o libltdl/.libs/libltdlS.o  libltdl/.libs/libltdl.lax/dlopen.a/dlopen.o    -O2 -m64 -march=x86-64 -mtune=generic -flto=auto   -Wl,-soname -Wl,libltdl.so.7 -o libltdl/.libs/libltdl.so.7.3.2
libltdl/.libs/libltdlS.c:27:12: warning: type of 'dlopen_LTX_get_vtable' does not match original declaration [-Wlto-type-mismatch]
libltdl/loaders/dlopen.c:61:1: note: return value type mismatch
   61 | get_vtable (lt_user_data loader_data)
      | ^
libltdl/loaders/dlopen.c:61:1: note: 'dlopen_LTX_get_vtable' was previously declared here
libltdl/loaders/dlopen.c:61:1: note: code may be misoptimized unless '-fno-strict-aliasing' is used
libtool: link: (cd "libltdl/.libs" && rm -f "libltdl.so.7" && ln -s "libltdl.so.7.3.2" "libltdl.so.7")
libtool: link: (cd "libltdl/.libs" && rm -f "libltdl.so" && ln -s "libltdl.so.7.3.2" "libltdl.so")
libtool: link: rm -fr libltdl/.libs/libltdl.lax
libtool: link: ( cd "libltdl/.libs" && rm -f "libltdl.la" && ln -s "../libltdl.la" "libltdl.la" )
make[2]: Leaving directory '/home/devel/building/work/src/libtool-2.4.7'
Making all in gnulib-tests
make[2]: Entering directory '/home/devel/building/work/src/libtool-2.4.7/gnulib-tests'
## ---------------------------------------------------- ##
## ------------------- Gnulib tests ------------------- ##
## You can ignore compiler warnings in this directory.  ##
## ---------------------------------------------------- ##
make  all-recursive
make[3]: Entering directory '/home/devel/building/work/src/libtool-2.4.7/gnulib-tests'
Making all in .
make[4]: Entering directory '/home/devel/building/work/src/libtool-2.4.7/gnulib-tests'
make[4]: Nothing to be done for 'all-am'.
make[4]: Leaving directory '/home/devel/building/work/src/libtool-2.4.7/gnulib-tests'
make[3]: Leaving directory '/home/devel/building/work/src/libtool-2.4.7/gnulib-tests'
make[2]: Leaving directory '/home/devel/building/work/src/libtool-2.4.7/gnulib-tests'
make[1]: Leaving directory '/home/devel/building/work/src/libtool-2.4.7'
+ make DESTDIR=/home/devel/building/work/pkg install
make  install-recursive
make[1]: Entering directory '/home/devel/building/work/src/libtool-2.4.7'
Making install in .
make[2]: Entering directory '/home/devel/building/work/src/libtool-2.4.7'
make[3]: Entering directory '/home/devel/building/work/src/libtool-2.4.7'
 /bin/mkdir -p '/home/devel/building/work/pkg/usr/bin'
 /usr/bin/install -c libtool '/home/devel/building/work/pkg/usr/bin'
 /bin/mkdir -p '/home/devel/building/work/pkg/usr/include'
 /bin/mkdir -p '/home/devel/building/work/pkg/usr/include/libltdl'
 GREP='/usr/bin/grep' SED='/bin/sed' './build-aux/inline-source' libtoolize > '/home/devel/building/work/pkg/usr/bin/libtoolize'
 /usr/bin/install -c -m 644 libltdl/ltdl.h '/home/devel/building/work/pkg/usr/include'
 /bin/mkdir -p '/home/devel/building/work/pkg/usr/share/info'
 /bin/mkdir -p '/home/devel/building/work/pkg/usr/lib'
 /usr/bin/install -c -m 644 libltdl/libltdl/lt_system.h libltdl/libltdl/lt_error.h libltdl/libltdl/lt_dlloader.h '/home/devel/building/work/pkg/usr/include/libltdl'
 /bin/sh ./libtool   --mode=install /usr/bin/install -c   libltdl/libltdl.la '/home/devel/building/work/pkg/usr/lib'
 /bin/mkdir -p '/home/devel/building/work/pkg/usr/share/man/man1'
 /usr/bin/install -c -m 644 ./doc/libtool.1 ./doc/libtoolize.1 '/home/devel/building/work/pkg/usr/share/man/man1'
 /usr/bin/install -c -m 644 ./doc/libtool.info ./doc/libtool.info-1 ./doc/libtool.info-2 '/home/devel/building/work/pkg/usr/share/info'
 install-info --info-dir='/home/devel/building/work/pkg/usr/share/info' '/home/devel/building/work/pkg/usr/share/info/libtool.info'
libtool: install: /usr/bin/install -c libltdl/.libs/libltdl.so.7.3.2 /home/devel/building/work/pkg/usr/lib/libltdl.so.7.3.2
libtool: install: (cd /home/devel/building/work/pkg/usr/lib && { ln -s -f libltdl.so.7.3.2 libltdl.so.7 || { rm -f libltdl.so.7 && ln -s libltdl.so.7.3.2 libltdl.so.7; }; })
libtool: install: (cd /home/devel/building/work/pkg/usr/lib && { ln -s -f libltdl.so.7.3.2 libltdl.so || { rm -f libltdl.so && ln -s libltdl.so.7.3.2 libltdl.so; }; })
libtool: install: /usr/bin/install -c libltdl/.libs/libltdl.lai /home/devel/building/work/pkg/usr/lib/libltdl.la
libtool: warning: remember to run 'libtool --finish /usr/lib'
rm -rf '/home/devel/building/work/pkg/usr/share/libtool'/*
 /usr/bin/install -c -m 644 './m4/libtool.m4' '/home/devel/building/work/pkg/usr/share/aclocal/libtool.m4'
 /usr/bin/install -c -m 644 './m4/ltargz.m4' '/home/devel/building/work/pkg/usr/share/aclocal/ltargz.m4'
 /usr/bin/install -c -m 644 './m4/ltdl.m4' '/home/devel/building/work/pkg/usr/share/aclocal/ltdl.m4'
 /usr/bin/install -c -m 644 './m4/ltoptions.m4' '/home/devel/building/work/pkg/usr/share/aclocal/ltoptions.m4'
 /usr/bin/install -c -m 644 './m4/ltsugar.m4' '/home/devel/building/work/pkg/usr/share/aclocal/ltsugar.m4'
 /usr/bin/install -c -m 644 './m4/ltversion.m4' '/home/devel/building/work/pkg/usr/share/aclocal/ltversion.m4'
 /usr/bin/install -c -m 644 './m4/lt~obsolete.m4' '/home/devel/building/work/pkg/usr/share/aclocal/lt~obsolete.m4'
 /usr/bin/install -c './build-aux/compile' '/home/devel/building/work/pkg/usr/share/libtool/build-aux/compile'
 /usr/bin/install -c './build-aux/config.guess' '/home/devel/building/work/pkg/usr/share/libtool/build-aux/config.guess'
 /usr/bin/install -c './build-aux/config.sub' '/home/devel/building/work/pkg/usr/share/libtool/build-aux/config.sub'
 /usr/bin/install -c './build-aux/depcomp' '/home/devel/building/work/pkg/usr/share/libtool/build-aux/depcomp'
 /usr/bin/install -c './build-aux/install-sh' '/home/devel/building/work/pkg/usr/share/libtool/build-aux/install-sh'
 /usr/bin/install -c './build-aux/missing' '/home/devel/building/work/pkg/usr/share/libtool/build-aux/missing'
 /usr/bin/install -c -m 644 './build-aux/ltmain.sh' '/home/devel/building/work/pkg/usr/share/libtool/build-aux/ltmain.sh'
 /usr/bin/install -c -m 644 './libltdl/COPYING.LIB' '/home/devel/building/work/pkg/usr/share/libtool/COPYING.LIB'
 /usr/bin/install -c -m 644 './libltdl/Makefile.am' '/home/devel/building/work/pkg/usr/share/libtool/Makefile.am'
 /usr/bin/install -c -m 644 './libltdl/README' '/home/devel/building/work/pkg/usr/share/libtool/README'
 /usr/bin/install -c -m 644 './libltdl/configure.ac' '/home/devel/building/work/pkg/usr/share/libtool/configure.ac'
 /usr/bin/install -c -m 644 './libltdl/aclocal.m4' '/home/devel/building/work/pkg/usr/share/libtool/aclocal.m4'
 /usr/bin/install -c -m 644 './libltdl/Makefile.in' '/home/devel/building/work/pkg/usr/share/libtool/Makefile.in'
 /usr/bin/install -c -m 644 './libltdl/config-h.in' '/home/devel/building/work/pkg/usr/share/libtool/config-h.in'
 /usr/bin/install -c -m 644 './libltdl/configure' '/home/devel/building/work/pkg/usr/share/libtool/configure'
 /usr/bin/install -c -m 644 './libltdl/libltdl/lt__alloc.h' '/home/devel/building/work/pkg/usr/share/libtool/libltdl/lt__alloc.h'
 /usr/bin/install -c -m 644 './libltdl/libltdl/lt__argz_.h' '/home/devel/building/work/pkg/usr/share/libtool/libltdl/lt__argz_.h'
 /usr/bin/install -c -m 644 './libltdl/libltdl/lt__dirent.h' '/home/devel/building/work/pkg/usr/share/libtool/libltdl/lt__dirent.h'
 /usr/bin/install -c -m 644 './libltdl/libltdl/lt__glibc.h' '/home/devel/building/work/pkg/usr/share/libtool/libltdl/lt__glibc.h'
 /usr/bin/install -c -m 644 './libltdl/libltdl/lt__private.h' '/home/devel/building/work/pkg/usr/share/libtool/libltdl/lt__private.h'
 /usr/bin/install -c -m 644 './libltdl/libltdl/lt__strl.h' '/home/devel/building/work/pkg/usr/share/libtool/libltdl/lt__strl.h'
 /usr/bin/install -c -m 644 './libltdl/libltdl/lt_dlloader.h' '/home/devel/building/work/pkg/usr/share/libtool/libltdl/lt_dlloader.h'
 /usr/bin/install -c -m 644 './libltdl/libltdl/lt_error.h' '/home/devel/building/work/pkg/usr/share/libtool/libltdl/lt_error.h'
 /usr/bin/install -c -m 644 './libltdl/libltdl/lt_system.h' '/home/devel/building/work/pkg/usr/share/libtool/libltdl/lt_system.h'
 /usr/bin/install -c -m 644 './libltdl/libltdl/slist.h' '/home/devel/building/work/pkg/usr/share/libtool/libltdl/slist.h'
 /usr/bin/install -c -m 644 './libltdl/loaders/dld_link.c' '/home/devel/building/work/pkg/usr/share/libtool/loaders/dld_link.c'
 /usr/bin/install -c -m 644 './libltdl/loaders/dlopen.c' '/home/devel/building/work/pkg/usr/share/libtool/loaders/dlopen.c'
 /usr/bin/install -c -m 644 './libltdl/loaders/dyld.c' '/home/devel/building/work/pkg/usr/share/libtool/loaders/dyld.c'
 /usr/bin/install -c -m 644 './libltdl/loaders/load_add_on.c' '/home/devel/building/work/pkg/usr/share/libtool/loaders/load_add_on.c'
 /usr/bin/install -c -m 644 './libltdl/loaders/loadlibrary.c' '/home/devel/building/work/pkg/usr/share/libtool/loaders/loadlibrary.c'
 /usr/bin/install -c -m 644 './libltdl/loaders/preopen.c' '/home/devel/building/work/pkg/usr/share/libtool/loaders/preopen.c'
 /usr/bin/install -c -m 644 './libltdl/loaders/shl_load.c' '/home/devel/building/work/pkg/usr/share/libtool/loaders/shl_load.c'
 /usr/bin/install -c -m 644 './libltdl/lt__alloc.c' '/home/devel/building/work/pkg/usr/share/libtool/lt__alloc.c'
 /usr/bin/install -c -m 644 './libltdl/lt__argz.c' '/home/devel/building/work/pkg/usr/share/libtool/lt__argz.c'
 /usr/bin/install -c -m 644 './libltdl/lt__dirent.c' '/home/devel/building/work/pkg/usr/share/libtool/lt__dirent.c'
 /usr/bin/install -c -m 644 './libltdl/lt__strl.c' '/home/devel/building/work/pkg/usr/share/libtool/lt__strl.c'
 /usr/bin/install -c -m 644 './libltdl/lt_dlloader.c' '/home/devel/building/work/pkg/usr/share/libtool/lt_dlloader.c'
 /usr/bin/install -c -m 644 './libltdl/lt_error.c' '/home/devel/building/work/pkg/usr/share/libtool/lt_error.c'
 /usr/bin/install -c -m 644 './libltdl/ltdl.c' '/home/devel/building/work/pkg/usr/share/libtool/ltdl.c'
 /usr/bin/install -c -m 644 './libltdl/ltdl.h' '/home/devel/building/work/pkg/usr/share/libtool/ltdl.h'
 /usr/bin/install -c -m 644 './libltdl/ltdl.mk' '/home/devel/building/work/pkg/usr/share/libtool/ltdl.mk'
 /usr/bin/install -c -m 644 './libltdl/slist.c' '/home/devel/building/work/pkg/usr/share/libtool/slist.c'
chmod a+x '/home/devel/building/work/pkg/usr/share/libtool/configure'
make[3]: Leaving directory '/home/devel/building/work/src/libtool-2.4.7'
make[2]: Leaving directory '/home/devel/building/work/src/libtool-2.4.7'
Making install in gnulib-tests
make[2]: Entering directory '/home/devel/building/work/src/libtool-2.4.7/gnulib-tests'
make  install-recursive
make[3]: Entering directory '/home/devel/building/work/src/libtool-2.4.7/gnulib-tests'
Making install in .
make[4]: Entering directory '/home/devel/building/work/src/libtool-2.4.7/gnulib-tests'
make[5]: Entering directory '/home/devel/building/work/src/libtool-2.4.7/gnulib-tests'
make[5]: Nothing to be done for 'install-exec-am'.
make[5]: Nothing to be done for 'install-data-am'.
make[5]: Leaving directory '/home/devel/building/work/src/libtool-2.4.7/gnulib-tests'
make[4]: Leaving directory '/home/devel/building/work/src/libtool-2.4.7/gnulib-tests'
make[3]: Leaving directory '/home/devel/building/work/src/libtool-2.4.7/gnulib-tests'
make[2]: Leaving directory '/home/devel/building/work/src/libtool-2.4.7/gnulib-tests'
make[1]: Leaving directory '/home/devel/building/work/src/libtool-2.4.7'
+ rm -r /home/devel/building/work/pkg/usr/share/info
+ find /home/devel/building/work/pkg -type f -name '*.la' -delete
=======> Build result:
drwxr-xr-x  0 root   root        0 Jul 26 09:44 usr/
drwxr-xr-x  0 root   root        0 Jul 26 09:44 usr/lib/
drwxr-xr-x  0 root   root        0 Jul 26 09:44 usr/share/
drwxr-xr-x  0 root   root        0 Jul 26 09:44 usr/include/
drwxr-xr-x  0 root   root        0 Jul 26 09:44 usr/bin/
-rwxr-xr-x  0 root   root   136686 Jul 26 09:44 usr/bin/libtoolize
-rwxr-xr-x  0 root   root   376995 Jul 26 09:44 usr/bin/libtool
-rw-r--r--  0 root   root     5720 Jul 26 09:44 usr/include/ltdl.h
drwxr-xr-x  0 root   root        0 Jul 26 09:44 usr/include/libltdl/
-rw-r--r--  0 root   root     3222 Jul 26 09:44 usr/include/libltdl/lt_dlloader.h
-rw-r--r--  0 root   root     3658 Jul 26 09:44 usr/include/libltdl/lt_error.h
-rw-r--r--  0 root   root     5356 Jul 26 09:44 usr/include/libltdl/lt_system.h
drwxr-xr-x  0 root   root        0 Jul 26 09:44 usr/share/libtool/
drwxr-xr-x  0 root   root        0 Jul 26 09:44 usr/share/aclocal/
drwxr-xr-x  0 root   root        0 Jul 26 09:44 usr/share/man/
drwxr-xr-x  0 root   root        0 Jul 26 09:44 usr/share/man/man1/
-rw-r--r--  0 root   root     1441 Jul 26 09:44 usr/share/man/man1/libtool.1.gz
-rw-r--r--  0 root   root     1351 Jul 26 09:44 usr/share/man/man1/libtoolize.1.gz
-rw-r--r--  0 root   root     6151 Jul 26 09:44 usr/share/aclocal/lt~obsolete.m4
-rw-r--r--  0 root   root      714 Jul 26 09:44 usr/share/aclocal/ltversion.m4
-rw-r--r--  0 root   root     4395 Jul 26 09:44 usr/share/aclocal/ltsugar.m4
-rw-r--r--  0 root   root    14525 Jul 26 09:44 usr/share/aclocal/ltoptions.m4
-rw-r--r--  0 root   root    30061 Jul 26 09:44 usr/share/aclocal/ltdl.m4
-rw-r--r--  0 root   root     2670 Jul 26 09:44 usr/share/aclocal/ltargz.m4
-rw-r--r--  0 root   root   307049 Jul 26 09:44 usr/share/aclocal/libtool.m4
-rw-r--r--  0 root   root     9841 Jul 26 09:44 usr/share/libtool/slist.c
-rw-r--r--  0 root   root     5680 Jul 26 09:44 usr/share/libtool/ltdl.mk
-rw-r--r--  0 root   root     5720 Jul 26 09:44 usr/share/libtool/ltdl.h
-rw-r--r--  0 root   root    55335 Jul 26 09:44 usr/share/libtool/ltdl.c
-rw-r--r--  0 root   root     2978 Jul 26 09:44 usr/share/libtool/lt_error.c
-rw-r--r--  0 root   root     6171 Jul 26 09:44 usr/share/libtool/lt_dlloader.c
-rw-r--r--  0 root   root     3624 Jul 26 09:44 usr/share/libtool/lt__strl.c
-rw-r--r--  0 root   root     3028 Jul 26 09:44 usr/share/libtool/lt__dirent.c
-rw-r--r--  0 root   root     5907 Jul 26 09:44 usr/share/libtool/lt__argz.c
-rw-r--r--  0 root   root     2309 Jul 26 09:44 usr/share/libtool/lt__alloc.c
drwxr-xr-x  0 root   root        0 Jul 26 09:44 usr/share/libtool/loaders/
drwxr-xr-x  0 root   root        0 Jul 26 09:44 usr/share/libtool/libltdl/
-rwxr-xr-x  0 root   root   465886 Jul 26 09:44 usr/share/libtool/configure
-rw-r--r--  0 root   root     4863 Jul 26 09:44 usr/share/libtool/config-h.in
-rw-r--r--  0 root   root    56892 Jul 26 09:44 usr/share/libtool/Makefile.in
-rw-r--r--  0 root   root    42141 Jul 26 09:44 usr/share/libtool/aclocal.m4
-rw-r--r--  0 root   root     2639 Jul 26 09:44 usr/share/libtool/configure.ac
-rw-r--r--  0 root   root      707 Jul 26 09:44 usr/share/libtool/README
-rw-r--r--  0 root   root     5157 Jul 26 09:44 usr/share/libtool/Makefile.am
-rw-r--r--  0 root   root    26530 Jul 26 09:44 usr/share/libtool/COPYING.LIB
drwxr-xr-x  0 root   root        0 Jul 26 09:44 usr/share/libtool/build-aux/
-rw-r--r--  0 root   root   333035 Jul 26 09:44 usr/share/libtool/build-aux/ltmain.sh
-rwxr-xr-x  0 root   root     6878 Jul 26 09:44 usr/share/libtool/build-aux/missing
-rwxr-xr-x  0 root   root    15358 Jul 26 09:44 usr/share/libtool/build-aux/install-sh
-rwxr-xr-x  0 root   root    23550 Jul 26 09:44 usr/share/libtool/build-aux/depcomp
-rwxr-xr-x  0 root   root    35406 Jul 26 09:44 usr/share/libtool/build-aux/config.sub
-rwxr-xr-x  0 root   root    49482 Jul 26 09:44 usr/share/libtool/build-aux/config.guess
-rwxr-xr-x  0 root   root     7400 Jul 26 09:44 usr/share/libtool/build-aux/compile
-rw-r--r--  0 root   root     3244 Jul 26 09:44 usr/share/libtool/libltdl/slist.h
-rw-r--r--  0 root   root     5356 Jul 26 09:44 usr/share/libtool/libltdl/lt_system.h
-rw-r--r--  0 root   root     3658 Jul 26 09:44 usr/share/libtool/libltdl/lt_error.h
-rw-r--r--  0 root   root     3222 Jul 26 09:44 usr/share/libtool/libltdl/lt_dlloader.h
-rw-r--r--  0 root   root     2002 Jul 26 09:44 usr/share/libtool/libltdl/lt__strl.h
-rw-r--r--  0 root   root     4521 Jul 26 09:44 usr/share/libtool/libltdl/lt__private.h
-rw-r--r--  0 root   root     2827 Jul 26 09:44 usr/share/libtool/libltdl/lt__glibc.h
-rw-r--r--  0 root   root     2536 Jul 26 09:44 usr/share/libtool/libltdl/lt__dirent.h
-rw-r--r--  0 root   root     2238 Jul 26 09:44 usr/share/libtool/libltdl/lt__argz_.h
-rw-r--r--  0 root   root     2192 Jul 26 09:44 usr/share/libtool/libltdl/lt__alloc.h
-rw-r--r--  0 root   root     6705 Jul 26 09:44 usr/share/libtool/loaders/shl_load.c
-rw-r--r--  0 root   root     9824 Jul 26 09:44 usr/share/libtool/loaders/preopen.c
-rw-r--r--  0 root   root    10847 Jul 26 09:44 usr/share/libtool/loaders/loadlibrary.c
-rw-r--r--  0 root   root     4798 Jul 26 09:44 usr/share/libtool/loaders/load_add_on.c
-rw-r--r--  0 root   root    13628 Jul 26 09:44 usr/share/libtool/loaders/dyld.c
-rw-r--r--  0 root   root     7596 Jul 26 09:44 usr/share/libtool/loaders/dlopen.c
-rw-r--r--  0 root   root     4580 Jul 26 09:44 usr/share/libtool/loaders/dld_link.c
lrwxrwxrwx  0 root   root        0 Jul 26 09:44 usr/lib/libltdl.so -> libltdl.so.7.3.2
lrwxrwxrwx  0 root   root        0 Jul 26 09:44 usr/lib/libltdl.so.7 -> libltdl.so.7.3.2
-rwxr-xr-x  0 root   root    39520 Jul 26 09:44 usr/lib/libltdl.so.7.3.2
=======> Building '/home/devel/packages/libtool#2.4.7-2.x86_64.pkg.tar.xz' succeeded.
prt-get: Using PKGMK_PACKAGE_DIR: /home/devel/packages
prt-get: reinstalling libtool 2.4.7-2
prt-get: /usr/bin/pkgadd -u libtool#2.4.7-2.x86_64.pkg.tar.xz
prt-get: build done Wed Jul 26 09:44:04 2023

