prt-get: updating /usr/ports/core-x86_64/ports
prt-get: starting build Wed Jul 26 10:02:40 2023
=======> Building '/home/devel/packages/ports#1.6-2.x86_64.pkg.tar.xz'.
bsdtar -p -o -C /home/devel/building/work/src -xf /home/devel/sources/ports-1.6.tar.gz
cp core-x86_64.httpup /home/devel/building/work/src
cp core-x86_64.pub /home/devel/building/work/src
cp opt-x86_64.httpup /home/devel/building/work/src
cp opt-x86_64.pub /home/devel/building/work/src
cp xorg-x86_64.httpup /home/devel/building/work/src
cp xorg-x86_64.pub /home/devel/building/work/src
+ build
+ cd ports-1.6
+ make V=1
sed "s/#VERSION#/1.6/" ports.in > ports
sed "s/#VERSION#/1.6/" ports.8.in > ports.8
+ make DESTDIR=/home/devel/building/work/pkg MANDIR=/usr/share/man install
install -D -m0755 ports /home/devel/building/work/pkg/usr/bin/ports
install -D -m0644 ports.8 /home/devel/building/work/pkg/usr/share/man/man8/ports.8
install -d /home/devel/building/work/pkg/etc/ports/drivers
install -d /home/devel/building/work/pkg/usr/ports
+ install -m 0644 /home/devel/building/work/src/core-x86_64.httpup /home/devel/building/work/pkg/etc/ports/core-x86_64.httpup
+ install -m 0644 /home/devel/building/work/src/opt-x86_64.httpup /home/devel/building/work/pkg/etc/ports/opt-x86_64.httpup
+ install -m 0644 /home/devel/building/work/src/xorg-x86_64.httpup /home/devel/building/work/pkg/etc/ports/xorg-x86_64.httpup
+ install -m 0644 /home/devel/building/work/src/core-x86_64.pub /home/devel/building/work/pkg/etc/ports/core-x86_64.pub
+ install -m 0644 /home/devel/building/work/src/opt-x86_64.pub /home/devel/building/work/pkg/etc/ports/opt-x86_64.pub
+ install -m 0644 /home/devel/building/work/src/xorg-x86_64.pub /home/devel/building/work/pkg/etc/ports/xorg-x86_64.pub
=======> Build result:
drwxr-xr-x  0 root   root        0 Jul 26 10:02 etc/
drwxr-xr-x  0 root   root        0 Jul 26 10:02 etc/ports/
-rw-r--r--  0 root   root       99 Jul 26 10:02 etc/ports/xorg-x86_64.pub
-rw-r--r--  0 root   root       98 Jul 26 10:02 etc/ports/opt-x86_64.pub
-rw-r--r--  0 root   root       99 Jul 26 10:02 etc/ports/core-x86_64.pub
-rw-r--r--  0 root   root      168 Jul 26 10:02 etc/ports/xorg-x86_64.httpup
-rw-r--r--  0 root   root      164 Jul 26 10:02 etc/ports/opt-x86_64.httpup
-rw-r--r--  0 root   root      168 Jul 26 10:02 etc/ports/core-x86_64.httpup
drwxr-xr-x  0 root   root        0 Jul 26 10:02 etc/ports/drivers/
drwxr-xr-x  0 root   root        0 Jul 26 10:02 usr/
drwxr-xr-x  0 root   root        0 Jul 26 10:02 usr/ports/
drwxr-xr-x  0 root   root        0 Jul 26 10:02 usr/share/
drwxr-xr-x  0 root   root        0 Jul 26 10:02 usr/bin/
-rwxr-xr-x  0 root   root     4275 Jul 26 10:02 usr/bin/ports
drwxr-xr-x  0 root   root        0 Jul 26 10:02 usr/share/man/
drwxr-xr-x  0 root   root        0 Jul 26 10:02 usr/share/man/man8/
-rw-r--r--  0 root   root      543 Jul 26 10:02 usr/share/man/man8/ports.8.gz
=======> Building '/home/devel/packages/ports#1.6-2.x86_64.pkg.tar.xz' succeeded.
prt-get: Using PKGMK_PACKAGE_DIR: /home/devel/packages
prt-get: reinstalling ports 1.6-2
prt-get: /usr/bin/pkgadd -u ports#1.6-2.x86_64.pkg.tar.xz
prt-get: build done Wed Jul 26 10:02:40 2023

