prt-get: updating /usr/ports/core-x86_64/libdevmapper
prt-get: starting build Wed Jul 26 09:42:03 2023
=======> Building '/home/devel/packages/libdevmapper#1.02.195-2.x86_64.pkg.tar.xz'.
bsdtar -p -o -C /home/devel/building/work/src -xf /home/devel/sources/LVM2.2.03.21.tgz
+ build
+ cd LVM2.2.03.21
+ ./configure --build=x86_64-unknown-linux-gnu --host=x86_64-unknown-linux-gnu --prefix=/usr --exec-prefix= --datarootdir=/usr --with-udev-prefix= --mandir=/usr/share/man --disable-readline --disable-selinux --enable-pkgconfig --disable-static_link --enable-udev_sync --enable-udev_rules --with-user=root --with-group=root
checking build system type... x86_64-unknown-linux-gnu
checking host system type... x86_64-unknown-linux-gnu
checking target system type... x86_64-unknown-linux-gnu
checking for a sed that does not truncate output... /bin/sed
checking for gawk... gawk
checking for x86_64-unknown-linux-gnu-gcc... x86_64-unknown-linux-gnu-gcc
checking whether the C compiler works... yes
checking for C compiler default output file name... a.out
checking for suffix of executables... 
checking whether we are cross compiling... no
checking for suffix of object files... o
checking whether the compiler supports GNU C... yes
checking whether x86_64-unknown-linux-gnu-gcc accepts -g... yes
checking for x86_64-unknown-linux-gnu-gcc option to enable C11 features... none needed
checking for x86_64-unknown-linux-gnu-g++... x86_64-unknown-linux-gnu-g++
checking whether the compiler supports GNU C++... yes
checking whether x86_64-unknown-linux-gnu-g++ accepts -g... yes
checking for x86_64-unknown-linux-gnu-g++ option to enable C++11 features... none needed
checking how to run the C preprocessor... x86_64-unknown-linux-gnu-gcc -E
checking for grep that handles long lines and -e... /usr/bin/grep
checking for egrep... /usr/bin/grep -E
checking whether x86_64-unknown-linux-gnu-gcc needs -traditional... no
checking for a BSD-compatible install... /usr/bin/install -c
checking whether ln -s works... yes
checking whether make sets $(MAKE)... yes
checking for a race-free mkdir -p... /bin/mkdir -p
checking for x86_64-unknown-linux-gnu-ranlib... x86_64-unknown-linux-gnu-ranlib
checking for x86_64-unknown-linux-gnu-readelf... x86_64-unknown-linux-gnu-readelf
checking for x86_64-unknown-linux-gnu-ar... x86_64-unknown-linux-gnu-ar
checking for x86_64-unknown-linux-gnu-cflow... no
checking for cflow... no
checking for x86_64-unknown-linux-gnu-cscope... no
checking for cscope... no
checking for x86_64-unknown-linux-gnu-chmod... no
checking for chmod... /bin/chmod
checking for x86_64-unknown-linux-gnu-wc... no
checking for wc... /usr/bin/wc
checking for x86_64-unknown-linux-gnu-sort... no
checking for sort... /usr/bin/sort
checking for dirent.h that defines DIR... yes
checking for library containing opendir... none required
checking for stdio.h... yes
checking for stdlib.h... yes
checking for string.h... yes
checking for inttypes.h... yes
checking for stdint.h... yes
checking for strings.h... yes
checking for sys/stat.h... yes
checking for sys/types.h... yes
checking for unistd.h... yes
checking for vfork.h... no
checking for sys/time.h... yes
checking for sys/param.h... yes
checking for sys/mkdev.h... no
checking for sys/sysmacros.h... yes
checking for _Bool... yes
checking for stdbool.h that conforms to C99... yes
checking for assert.h... yes
checking for ctype.h... yes
checking for dirent.h... yes
checking for errno.h... yes
checking for fcntl.h... yes
checking for float.h... yes
checking for getopt.h... yes
checking for inttypes.h... (cached) yes
checking for langinfo.h... yes
checking for libgen.h... yes
checking for limits.h... yes
checking for locale.h... yes
checking for paths.h... yes
checking for signal.h... yes
checking for stdarg.h... yes
checking for stddef.h... yes
checking for stdio.h... (cached) yes
checking for stdlib.h... (cached) yes
checking for string.h... (cached) yes
checking for sys/file.h... yes
checking for sys/ioctl.h... yes
checking for syslog.h... yes
checking for sys/mman.h... yes
checking for sys/param.h... (cached) yes
checking for sys/resource.h... yes
checking for sys/stat.h... (cached) yes
checking for sys/time.h... (cached) yes
checking for sys/types.h... (cached) yes
checking for sys/utsname.h... yes
checking for sys/wait.h... yes
checking for time.h... yes
checking for unistd.h... (cached) yes
checking for termios.h... yes
checking for sys/statvfs.h... yes
checking for sys/timerfd.h... yes
checking for sys/vfs.h... yes
checking for linux/magic.h... yes
checking for linux/fiemap.h... yes
checking for libaio.h... no
checking for asm/byteorder.h... yes
checking for linux/fs.h... yes
checking for malloc.h... yes
checking for an ANSI C-conforming const... yes
checking for inline... inline
checking for struct stat.st_rdev... yes
checking for ptrdiff_t... yes
checking for struct stat.st_blocks... yes
checking whether struct tm is in sys/time.h or time.h... time.h
checking for off_t... yes
checking for pid_t... yes
checking for size_t... yes
checking for mode_t... yes
checking for int8_t... yes
checking for int16_t... yes
checking for int32_t... yes
checking for int64_t... yes
checking for ssize_t... yes
checking for uid_t in sys/types.h... yes
checking for uint8_t... yes
checking for uint16_t... yes
checking for uint32_t... yes
checking for uint64_t... yes
checking for __builtin_clz... yes
checking for __builtin_clzll... yes
checking for __builtin_ffs... yes
checking for ftruncate... yes
checking for gethostname... yes
checking for getpagesize... yes
checking for gettimeofday... yes
checking for localtime_r... yes
checking for memchr... yes
checking for memset... yes
checking for mkdir... yes
checking for mkfifo... yes
checking for munmap... yes
checking for nl_langinfo... yes
checking for pselect... yes
checking for realpath... yes
checking for rmdir... yes
checking for setenv... yes
checking for setlocale... yes
checking for strcasecmp... yes
checking for strchr... yes
checking for strcspn... yes
checking for strdup... yes
checking for strerror... yes
checking for strncasecmp... yes
checking for strndup... yes
checking for strrchr... yes
checking for strspn... yes
checking for strstr... yes
checking for strtol... yes
checking for strtoul... yes
checking for uname... yes
checking for ffs... yes
checking for mallinfo2... yes
checking for prlimit... yes
checking for versionsort... yes
checking for working alloca.h... yes
checking for alloca... yes
checking whether closedir returns void... no
checking for working chown... yes
checking for fork... yes
checking for vfork... yes
checking for alarm... yes
checking for getpagesize... (cached) yes
checking for vprintf... yes
checking for working fork... yes
checking for working vfork... (cached) yes
checking whether lstat correctly handles trailing slash... yes
checking whether lstat accepts an empty string... no
checking for GNU libc compatible malloc... yes
checking for working memcmp... yes
checking for working mktime... yes
checking for working mmap... yes
checking for GNU libc compatible realloc... yes
checking whether stat accepts an empty string... no
checking for working strtod... yes
checking whether to enable dependency tracking... yes
checking whether to build silently... yes
checking whether to use static linking... no
checking whether x86_64-unknown-linux-gnu-gcc accepts -pie flag... yes
checking whether x86_64-unknown-linux-gnu-gcc accepts -Wl,-z,relro,-z,now ld flags... yes
checking file owner... root
checking group owner... root
checking device node uid... 0
checking device node gid... 0
checking device node mode... 0600
checking when to create device nodes... on resume
checking default for use_devicesfile... 0
checking default name mangling... auto
checking whether to include snapshots... internal
checking whether to include mirrors... internal
checking whether to include thin provisioning... internal
checking for x86_64-unknown-linux-gnu-thin_check... no
checking for thin_check... no
configure: WARNING: thin_check not found in path /sbin:/usr/sbin:/opt/sbin:/bin:/usr/bin:/opt/bin:/usr/sbin:/sbin
checking for x86_64-unknown-linux-gnu-thin_dump... no
checking for thin_dump... no
configure: WARNING: "thin_dump not found in path /sbin:/usr/sbin:/opt/sbin:/bin:/usr/bin:/opt/bin:/usr/sbin:/sbin"
checking for x86_64-unknown-linux-gnu-thin_repair... no
checking for thin_repair... no
configure: WARNING: "thin_repair not found in path /sbin:/usr/sbin:/opt/sbin:/bin:/usr/bin:/opt/bin:/usr/sbin:/sbin"
checking for x86_64-unknown-linux-gnu-thin_restore... no
checking for thin_restore... no
configure: WARNING: "thin_restore not found in path /sbin:/usr/sbin:/opt/sbin:/bin:/usr/bin:/opt/bin:/usr/sbin:/sbin"
checking whether thin_check supports the needs-check flag... yes
checking whether to include cache... internal
checking for x86_64-unknown-linux-gnu-cache_check... no
checking for cache_check... no
configure: WARNING: cache_check not found in path /sbin:/usr/sbin:/opt/sbin:/bin:/usr/bin:/opt/bin:/usr/sbin:/sbin
checking for x86_64-unknown-linux-gnu-cache_dump... no
checking for cache_dump... no
configure: WARNING: "cache_dump not found in path /sbin:/usr/sbin:/opt/sbin:/bin:/usr/bin:/opt/bin:/usr/sbin:/sbin"
checking for x86_64-unknown-linux-gnu-cache_repair... no
checking for cache_repair... no
configure: WARNING: "cache_repair not found in path /sbin:/usr/sbin:/opt/sbin:/bin:/usr/bin:/opt/bin:/usr/sbin:/sbin"
checking for x86_64-unknown-linux-gnu-cache_restore... no
checking for cache_restore... no
configure: WARNING: "cache_restore not found in path /sbin:/usr/sbin:/opt/sbin:/bin:/usr/bin:/opt/bin:/usr/sbin:/sbin"
checking whether cache_check supports the needs-check flag... yes
checking whether to include vdo... internal
checking for x86_64-unknown-linux-gnu-vdoformat... no
checking for vdoformat... no
configure: WARNING: vdoformat not found in path /sbin:/usr/sbin:/opt/sbin:/bin:/usr/bin:/opt/bin
checking whether to include writecache... internal
checking whether to include integrity... internal
checking whether to enable realtime support... yes
checking whether to enable OCF resource agents... no
checking for default run directory... /run
checking whether to build cluster mirror log daemon... no
checking for x86_64-unknown-linux-gnu-pkg-config... /usr/bin/x86_64-unknown-linux-gnu-pkg-config
checking pkg-config is at least version 0.9.0... yes
checking whether to enable debugging... no
checking whether x86_64-unknown-linux-gnu-gcc accepts -Wjump-misses-init flag... yes
checking whether x86_64-unknown-linux-gnu-gcc accepts -Wclobbered flag... yes
checking whether x86_64-unknown-linux-gnu-gcc accepts -Wsync-nand flag... yes
checking for C optimisation flag... 
checking whether to use symbol versioning... gnu
checking whether to gather gcov profiling data... no
checking whether to enable valgrind awareness of pools... no
checking for valgrind... no
checking whether to use device-mapper... yes
checking whether to build lvmpolld... no
checking whether to build lvmlockdsanlock... no
checking whether to build lvmlockddlm... no
checking whether to build lvmlockddlmcontrol... no
checking whether to build lvmlockdidm... no
checking whether to build lvmlockd... no
checking whether to build notifydbus... no
checking for systemd/sd-journal.h... no
checking whether to log to systemd journal... no
checking for systemd/sd-id128.h... no
checking whether to support systemd appmachineid... no
checking for x86_64-unknown-linux-gnu-systemd-run... no
checking for systemd-run... no
checking for app running udev background service... /usr/bin/systemd-run
checking for blkid >= 2.24... yes
checking for blkid.h defines BLKID_SUBLKS_FSINFO.... yes
checking whether to enable libblkid detection of signatures when wiping... yes
checking whether to enable synchronisation with udev processing... yes
checking for libudev >= 143... yes
checking for udev_device_get_is_initialized in -ludev... yes
checking whether to enable installation of udev rules required for synchronisation... yes
checking whether to enable executable path detection in udev rules... no
checking whether udev supports built-in blkid... yes
checking whether to enable O_DIRECT... yes
checking whether to compile liblvm2cmd.so... no
checking whether to include Python D-Bus support... no
checking whether to install fsadm... yes
checking whether to install lvm_import_vdo... yes
checking whether to install blkdeactivate... yes
checking whether to use dmeventd... no
checking whether to build dmfilemapd... no
checking for getline in -lc... yes
checking for canonicalize_file_name in -lc... yes
checking for dlopen in -ldl... yes
checking for log10 in -lm... yes
checking for pthread_mutex_lock in -lpthread... yes
checking whether to enable selinux support... no
checking for BLKZEROOUT in sys/ioctl.h.... yes
checking whether to use BLKZEROOUT for device zeroing... yes
checking for clock_gettime... yes
checking for struct stat has st_ctim.... yes
checking for getopt.h... (cached) yes
checking whether to enable internationalisation... no
checking whether to enable readline... no
checking whether to enable editline... no
checking for x86_64-unknown-linux-gnu-gcc options needed to detect all undeclared functions... none needed
checking whether strerror_r is declared... yes
checking for dlfcn.h... yes
checking for sys/ipc.h... yes
checking for sys/sem.h... yes
checking for x86_64-unknown-linux-gnu-modprobe... no
checking for modprobe... /sbin/modprobe
checking for default lock directory... /run/lock/lvm
checking for kernel interface choice... ioctl
configure: creating ./config.status
config.status: creating Makefile
config.status: creating make.tmpl
config.status: creating libdm/make.tmpl
config.status: creating daemons/Makefile
config.status: creating daemons/cmirrord/Makefile
config.status: creating daemons/dmeventd/Makefile
config.status: creating daemons/dmeventd/libdevmapper-event.pc
config.status: creating daemons/dmeventd/plugins/Makefile
config.status: creating daemons/dmeventd/plugins/lvm2/Makefile
config.status: creating daemons/dmeventd/plugins/raid/Makefile
config.status: creating daemons/dmeventd/plugins/mirror/Makefile
config.status: creating daemons/dmeventd/plugins/snapshot/Makefile
config.status: creating daemons/dmeventd/plugins/thin/Makefile
config.status: creating daemons/dmeventd/plugins/vdo/Makefile
config.status: creating daemons/lvmdbusd/Makefile
config.status: creating daemons/lvmdbusd/lvmdbusd
config.status: creating daemons/lvmdbusd/lvmdb.py
config.status: creating daemons/lvmdbusd/lvm_shell_proxy.py
config.status: creating daemons/lvmdbusd/path.py
config.status: creating daemons/lvmpolld/Makefile
config.status: creating daemons/lvmlockd/Makefile
config.status: creating conf/Makefile
config.status: creating conf/example.conf
config.status: creating conf/lvmlocal.conf
config.status: creating conf/command_profile_template.profile
config.status: creating conf/metadata_profile_template.profile
config.status: creating include/Makefile
config.status: creating lib/Makefile
config.status: creating include/lvm-version.h
config.status: creating libdaemon/Makefile
config.status: creating libdaemon/client/Makefile
config.status: creating libdaemon/server/Makefile
config.status: creating libdm/Makefile
config.status: creating libdm/dm-tools/Makefile
config.status: creating libdm/libdevmapper.pc
config.status: creating man/Makefile
config.status: creating po/Makefile
config.status: creating scripts/lvm2-pvscan.service
config.status: creating scripts/blkdeactivate.sh
config.status: creating scripts/blk_availability_init_red_hat
config.status: creating scripts/blk_availability_systemd_red_hat.service
config.status: creating scripts/cmirrord_init_red_hat
config.status: creating scripts/com.redhat.lvmdbus1.service
config.status: creating scripts/dm_event_systemd_red_hat.service
config.status: creating scripts/dm_event_systemd_red_hat.socket
config.status: creating scripts/lvm2_cmirrord_systemd_red_hat.service
config.status: creating scripts/lvm2_lvmdbusd_systemd_red_hat.service
config.status: creating scripts/lvm2_lvmpolld_init_red_hat
config.status: creating scripts/lvm2_lvmpolld_systemd_red_hat.service
config.status: creating scripts/lvm2_lvmpolld_systemd_red_hat.socket
config.status: creating scripts/lvmlockd.service
config.status: creating scripts/lvmlocks.service
config.status: creating scripts/lvm2_monitoring_init_red_hat
config.status: creating scripts/lvm2_monitoring_systemd_red_hat.service
config.status: creating scripts/lvm2_tmpfiles_red_hat.conf
config.status: creating scripts/lvmdump.sh
config.status: creating scripts/Makefile
config.status: creating test/Makefile
config.status: creating tools/Makefile
config.status: creating udev/Makefile
config.status: creating include/configure.h
configure: WARNING: Support for thin provisioning is limited since some thin provisioning tools are missing!
configure: WARNING: Support for cache is limited since some cache tools are missing!
configure: WARNING: Unrecognized 'vdoformat' tool is REQUIRED for VDO logical volume creation!
configure: WARNING: Only libdm part can be build without libaio:  make [install_]device-mapper
+ make V=1 device-mapper
make -C libdm device-mapper
make -C man device-mapper
make[1]: Entering directory '/home/devel/building/work/src/LVM2.2.03.21/libdm'
make[1]: Entering directory '/home/devel/building/work/src/LVM2.2.03.21/man'
    [CC] bitset.c
    [CC] hash.c
    [CC] list.c
x86_64-unknown-linux-gnu-gcc -MT datastruct/bitset.o -MMD -MP -MF datastruct/bitset.d -c -I./ioctl -I. -I.. -I../include -include configure.h   -DHAVE_CONFIG_H -D_FILE_OFFSET_BITS=64    -O2 -m64 -march=x86-64 -mtune=generic -flto=auto -ffat-lto-objects -fPIC   datastruct/bitset.c -o datastruct/bitset.o
    [CC] libdm-common.c
x86_64-unknown-linux-gnu-gcc -MT datastruct/hash.o -MMD -MP -MF datastruct/hash.d -c -I./ioctl -I. -I.. -I../include -include configure.h   -DHAVE_CONFIG_H -D_FILE_OFFSET_BITS=64    -O2 -m64 -march=x86-64 -mtune=generic -flto=auto -ffat-lto-objects -fPIC   datastruct/hash.c -o datastruct/hash.o
x86_64-unknown-linux-gnu-gcc -MT datastruct/list.o -MMD -MP -MF datastruct/list.d -c -I./ioctl -I. -I.. -I../include -include configure.h   -DHAVE_CONFIG_H -D_FILE_OFFSET_BITS=64    -O2 -m64 -march=x86-64 -mtune=generic -flto=auto -ffat-lto-objects -fPIC   datastruct/list.c -o datastruct/list.o
x86_64-unknown-linux-gnu-gcc -MT libdm-common.o -MMD -MP -MF libdm-common.d -c -I./ioctl -I. -I.. -I../include -include configure.h   -DHAVE_CONFIG_H -D_FILE_OFFSET_BITS=64    -O2 -m64 -march=x86-64 -mtune=generic -flto=auto -ffat-lto-objects -fPIC   libdm-common.c -o libdm-common.o
    [MAN] dmsetup.8
    [MAN] dmstats.8
/bin/sed -e "s+#VERSION#+2.03.21(2) (2023-04-21)+" -e "s+#DEFAULT_SYS_DIR#+/etc/lvm+" -e "s+#DEFAULT_ARCHIVE_DIR#+/etc/lvm/archive+" -e "s+#DEFAULT_BACKUP_DIR#+/etc/lvm/backup+" -e "s+#DEFAULT_PROFILE_DIR#+/etc/lvm/profile+" -e "s+#DEFAULT_CACHE_DIR#+/etc/lvm/cache+" -e "s+#DEFAULT_LOCK_DIR#+/run/lock/lvm+" -e "s+#LVM_PATH#+/bin/lvm+" -e "s+#DEFAULT_RUN_DIR#+/run/lvm+" -e "s+#DEFAULT_PID_DIR#+/run+" -e "s+#SYSTEMD_GENERATOR_DIR#+/lib/systemd/system-generators+" -e "s+#DEFAULT_LIBLINE#+readline+" -e "s+#DEFAULT_MANGLING#+auto+" dmsetup.8_main > dmsetup.8
/bin/sed -e "s+#VERSION#+2.03.21(2) (2023-04-21)+" -e "s+#DEFAULT_SYS_DIR#+/etc/lvm+" -e "s+#DEFAULT_ARCHIVE_DIR#+/etc/lvm/archive+" -e "s+#DEFAULT_BACKUP_DIR#+/etc/lvm/backup+" -e "s+#DEFAULT_PROFILE_DIR#+/etc/lvm/profile+" -e "s+#DEFAULT_CACHE_DIR#+/etc/lvm/cache+" -e "s+#DEFAULT_LOCK_DIR#+/run/lock/lvm+" -e "s+#LVM_PATH#+/bin/lvm+" -e "s+#DEFAULT_RUN_DIR#+/run/lvm+" -e "s+#DEFAULT_PID_DIR#+/run+" -e "s+#SYSTEMD_GENERATOR_DIR#+/lib/systemd/system-generators+" -e "s+#DEFAULT_LIBLINE#+readline+" -e "s+#DEFAULT_MANGLING#+auto+" dmstats.8_main > dmstats.8
    [MAN] blkdeactivate.8
    [CC] libdm-config.c
x86_64-unknown-linux-gnu-gcc -MT libdm-config.o -MMD -MP -MF libdm-config.d -c -I./ioctl -I. -I.. -I../include -include configure.h   -DHAVE_CONFIG_H -D_FILE_OFFSET_BITS=64    -O2 -m64 -march=x86-64 -mtune=generic -flto=auto -ffat-lto-objects -fPIC   libdm-config.c -o libdm-config.o
/bin/sed -e "s+#VERSION#+2.03.21(2) (2023-04-21)+" -e "s+#DEFAULT_SYS_DIR#+/etc/lvm+" -e "s+#DEFAULT_ARCHIVE_DIR#+/etc/lvm/archive+" -e "s+#DEFAULT_BACKUP_DIR#+/etc/lvm/backup+" -e "s+#DEFAULT_PROFILE_DIR#+/etc/lvm/profile+" -e "s+#DEFAULT_CACHE_DIR#+/etc/lvm/cache+" -e "s+#DEFAULT_LOCK_DIR#+/run/lock/lvm+" -e "s+#LVM_PATH#+/bin/lvm+" -e "s+#DEFAULT_RUN_DIR#+/run/lvm+" -e "s+#DEFAULT_PID_DIR#+/run+" -e "s+#SYSTEMD_GENERATOR_DIR#+/lib/systemd/system-generators+" -e "s+#DEFAULT_LIBLINE#+readline+" -e "s+#DEFAULT_MANGLING#+auto+" blkdeactivate.8_main > blkdeactivate.8
/bin/sed -i -e "/^.TH/ !s+-+\\\-+g" -e "s+\\\[\]-+\\\-+g" -e "s+\(^\|[^[:alnum:]\-]\)\([[:alpha:]]\{1,\}\)\\\-\((\|[([:alpha:]]\{2,\}\)+\1\2-\3+g" -e "s+\([[:alpha:]]\)-\(pool\)+\1\\\-\2+g" -e "s+[\][[]\(<\{0,1\}\)\\\-+\\\[\1-+g" -e "s+\(vg.\{1,\}[^\]\)-lv+\1\\\-lv+g" -e "s+systemd-machine+systemd\\\-machine+g" -e "s+machine-id+machine\\\-id+g" -e "s+lvm-full+lvm\\\-full+g" -e "s+lvm-lvpoll+lvm\\\-lvpoll+g" -e "s+\([[:digit:]]\)\s\([KMGTPE]iB\)+\1\\\ \2+g" dmsetup.8
/bin/sed -i -e "/^.TH/ !s+-+\\\-+g" -e "s+\\\[\]-+\\\-+g" -e "s+\(^\|[^[:alnum:]\-]\)\([[:alpha:]]\{1,\}\)\\\-\((\|[([:alpha:]]\{2,\}\)+\1\2-\3+g" -e "s+\([[:alpha:]]\)-\(pool\)+\1\\\-\2+g" -e "s+[\][[]\(<\{0,1\}\)\\\-+\\\[\1-+g" -e "s+\(vg.\{1,\}[^\]\)-lv+\1\\\-lv+g" -e "s+systemd-machine+systemd\\\-machine+g" -e "s+machine-id+machine\\\-id+g" -e "s+lvm-full+lvm\\\-full+g" -e "s+lvm-lvpoll+lvm\\\-lvpoll+g" -e "s+\([[:digit:]]\)\s\([KMGTPE]iB\)+\1\\\ \2+g" dmstats.8
/bin/sed -i -e "/^.TH/ !s+-+\\\-+g" -e "s+\\\[\]-+\\\-+g" -e "s+\(^\|[^[:alnum:]\-]\)\([[:alpha:]]\{1,\}\)\\\-\((\|[([:alpha:]]\{2,\}\)+\1\2-\3+g" -e "s+\([[:alpha:]]\)-\(pool\)+\1\\\-\2+g" -e "s+[\][[]\(<\{0,1\}\)\\\-+\\\[\1-+g" -e "s+\(vg.\{1,\}[^\]\)-lv+\1\\\-lv+g" -e "s+systemd-machine+systemd\\\-machine+g" -e "s+machine-id+machine\\\-id+g" -e "s+lvm-full+lvm\\\-full+g" -e "s+lvm-lvpoll+lvm\\\-lvpoll+g" -e "s+\([[:digit:]]\)\s\([KMGTPE]iB\)+\1\\\ \2+g" blkdeactivate.8
    [CC] libdm-deptree.c
    [MAN] dmeventd.8
/bin/sed -e "s+#VERSION#+2.03.21(2) (2023-04-21)+" -e "s+#DEFAULT_SYS_DIR#+/etc/lvm+" -e "s+#DEFAULT_ARCHIVE_DIR#+/etc/lvm/archive+" -e "s+#DEFAULT_BACKUP_DIR#+/etc/lvm/backup+" -e "s+#DEFAULT_PROFILE_DIR#+/etc/lvm/profile+" -e "s+#DEFAULT_CACHE_DIR#+/etc/lvm/cache+" -e "s+#DEFAULT_LOCK_DIR#+/run/lock/lvm+" -e "s+#LVM_PATH#+/bin/lvm+" -e "s+#DEFAULT_RUN_DIR#+/run/lvm+" -e "s+#DEFAULT_PID_DIR#+/run+" -e "s+#SYSTEMD_GENERATOR_DIR#+/lib/systemd/system-generators+" -e "s+#DEFAULT_LIBLINE#+readline+" -e "s+#DEFAULT_MANGLING#+auto+" dmeventd.8_main > dmeventd.8
/bin/sed -i -e "/^.TH/ !s+-+\\\-+g" -e "s+\\\[\]-+\\\-+g" -e "s+\(^\|[^[:alnum:]\-]\)\([[:alpha:]]\{1,\}\)\\\-\((\|[([:alpha:]]\{2,\}\)+\1\2-\3+g" -e "s+\([[:alpha:]]\)-\(pool\)+\1\\\-\2+g" -e "s+[\][[]\(<\{0,1\}\)\\\-+\\\[\1-+g" -e "s+\(vg.\{1,\}[^\]\)-lv+\1\\\-lv+g" -e "s+systemd-machine+systemd\\\-machine+g" -e "s+machine-id+machine\\\-id+g" -e "s+lvm-full+lvm\\\-full+g" -e "s+lvm-lvpoll+lvm\\\-lvpoll+g" -e "s+\([[:digit:]]\)\s\([KMGTPE]iB\)+\1\\\ \2+g" dmeventd.8
    [MAN] dmfilemapd.8
/bin/sed -e "s+#VERSION#+2.03.21(2) (2023-04-21)+" -e "s+#DEFAULT_SYS_DIR#+/etc/lvm+" -e "s+#DEFAULT_ARCHIVE_DIR#+/etc/lvm/archive+" -e "s+#DEFAULT_BACKUP_DIR#+/etc/lvm/backup+" -e "s+#DEFAULT_PROFILE_DIR#+/etc/lvm/profile+" -e "s+#DEFAULT_CACHE_DIR#+/etc/lvm/cache+" -e "s+#DEFAULT_LOCK_DIR#+/run/lock/lvm+" -e "s+#LVM_PATH#+/bin/lvm+" -e "s+#DEFAULT_RUN_DIR#+/run/lvm+" -e "s+#DEFAULT_PID_DIR#+/run+" -e "s+#SYSTEMD_GENERATOR_DIR#+/lib/systemd/system-generators+" -e "s+#DEFAULT_LIBLINE#+readline+" -e "s+#DEFAULT_MANGLING#+auto+" dmfilemapd.8_main > dmfilemapd.8
/bin/sed -i -e "/^.TH/ !s+-+\\\-+g" -e "s+\\\[\]-+\\\-+g" -e "s+\(^\|[^[:alnum:]\-]\)\([[:alpha:]]\{1,\}\)\\\-\((\|[([:alpha:]]\{2,\}\)+\1\2-\3+g" -e "s+\([[:alpha:]]\)-\(pool\)+\1\\\-\2+g" -e "s+[\][[]\(<\{0,1\}\)\\\-+\\\[\1-+g" -e "s+\(vg.\{1,\}[^\]\)-lv+\1\\\-lv+g" -e "s+systemd-machine+systemd\\\-machine+g" -e "s+machine-id+machine\\\-id+g" -e "s+lvm-full+lvm\\\-full+g" -e "s+lvm-lvpoll+lvm\\\-lvpoll+g" -e "s+\([[:digit:]]\)\s\([KMGTPE]iB\)+\1\\\ \2+g" dmfilemapd.8
make[1]: Leaving directory '/home/devel/building/work/src/LVM2.2.03.21/man'
    [CC] libdm-file.c
    [CC] libdm-report.c
x86_64-unknown-linux-gnu-gcc -MT libdm-deptree.o -MMD -MP -MF libdm-deptree.d -c -I./ioctl -I. -I.. -I../include -include configure.h   -DHAVE_CONFIG_H -D_FILE_OFFSET_BITS=64    -O2 -m64 -march=x86-64 -mtune=generic -flto=auto -ffat-lto-objects -fPIC   libdm-deptree.c -o libdm-deptree.o
    [CC] libdm-stats.c
x86_64-unknown-linux-gnu-gcc -MT libdm-file.o -MMD -MP -MF libdm-file.d -c -I./ioctl -I. -I.. -I../include -include configure.h   -DHAVE_CONFIG_H -D_FILE_OFFSET_BITS=64    -O2 -m64 -march=x86-64 -mtune=generic -flto=auto -ffat-lto-objects -fPIC   libdm-file.c -o libdm-file.o
x86_64-unknown-linux-gnu-gcc -MT libdm-report.o -MMD -MP -MF libdm-report.d -c -I./ioctl -I. -I.. -I../include -include configure.h   -DHAVE_CONFIG_H -D_FILE_OFFSET_BITS=64    -O2 -m64 -march=x86-64 -mtune=generic -flto=auto -ffat-lto-objects -fPIC   libdm-report.c -o libdm-report.o
x86_64-unknown-linux-gnu-gcc -MT libdm-stats.o -MMD -MP -MF libdm-stats.d -c -I./ioctl -I. -I.. -I../include -include configure.h   -DHAVE_CONFIG_H -D_FILE_OFFSET_BITS=64    -O2 -m64 -march=x86-64 -mtune=generic -flto=auto -ffat-lto-objects -fPIC   libdm-stats.c -o libdm-stats.o
    [CC] libdm-string.c
x86_64-unknown-linux-gnu-gcc -MT libdm-string.o -MMD -MP -MF libdm-string.d -c -I./ioctl -I. -I.. -I../include -include configure.h   -DHAVE_CONFIG_H -D_FILE_OFFSET_BITS=64    -O2 -m64 -march=x86-64 -mtune=generic -flto=auto -ffat-lto-objects -fPIC   libdm-string.c -o libdm-string.o
    [CC] libdm-targets.c
    [CC] libdm-timestamp.c
x86_64-unknown-linux-gnu-gcc -MT libdm-timestamp.o -MMD -MP -MF libdm-timestamp.d -c -I./ioctl -I. -I.. -I../include -include configure.h   -DHAVE_CONFIG_H -D_FILE_OFFSET_BITS=64    -O2 -m64 -march=x86-64 -mtune=generic -flto=auto -ffat-lto-objects -fPIC   libdm-timestamp.c -o libdm-timestamp.o
x86_64-unknown-linux-gnu-gcc -MT libdm-targets.o -MMD -MP -MF libdm-targets.d -c -I./ioctl -I. -I.. -I../include -include configure.h   -DHAVE_CONFIG_H -D_FILE_OFFSET_BITS=64    -O2 -m64 -march=x86-64 -mtune=generic -flto=auto -ffat-lto-objects -fPIC   libdm-targets.c -o libdm-targets.o
    [CC] dbg_malloc.c
x86_64-unknown-linux-gnu-gcc -MT mm/dbg_malloc.o -MMD -MP -MF mm/dbg_malloc.d -c -I./ioctl -I. -I.. -I../include -include configure.h   -DHAVE_CONFIG_H -D_FILE_OFFSET_BITS=64    -O2 -m64 -march=x86-64 -mtune=generic -flto=auto -ffat-lto-objects -fPIC   mm/dbg_malloc.c -o mm/dbg_malloc.o
    [CC] pool.c
x86_64-unknown-linux-gnu-gcc -MT mm/pool.o -MMD -MP -MF mm/pool.d -c -I./ioctl -I. -I.. -I../include -include configure.h   -DHAVE_CONFIG_H -D_FILE_OFFSET_BITS=64    -O2 -m64 -march=x86-64 -mtune=generic -flto=auto -ffat-lto-objects -fPIC   mm/pool.c -o mm/pool.o
    [CC] matcher.c
x86_64-unknown-linux-gnu-gcc -MT regex/matcher.o -MMD -MP -MF regex/matcher.d -c -I./ioctl -I. -I.. -I../include -include configure.h   -DHAVE_CONFIG_H -D_FILE_OFFSET_BITS=64    -O2 -m64 -march=x86-64 -mtune=generic -flto=auto -ffat-lto-objects -fPIC   regex/matcher.c -o regex/matcher.o
    [CC] parse_rx.c
    [CC] ttree.c
x86_64-unknown-linux-gnu-gcc -MT regex/ttree.o -MMD -MP -MF regex/ttree.d -c -I./ioctl -I. -I.. -I../include -include configure.h   -DHAVE_CONFIG_H -D_FILE_OFFSET_BITS=64    -O2 -m64 -march=x86-64 -mtune=generic -flto=auto -ffat-lto-objects -fPIC   regex/ttree.c -o regex/ttree.o
x86_64-unknown-linux-gnu-gcc -MT regex/parse_rx.o -MMD -MP -MF regex/parse_rx.d -c -I./ioctl -I. -I.. -I../include -include configure.h   -DHAVE_CONFIG_H -D_FILE_OFFSET_BITS=64    -O2 -m64 -march=x86-64 -mtune=generic -flto=auto -ffat-lto-objects -fPIC   regex/parse_rx.c -o regex/parse_rx.o
    [CC] libdm-iface.c
x86_64-unknown-linux-gnu-gcc -MT ioctl/libdm-iface.o -MMD -MP -MF ioctl/libdm-iface.d -c -I./ioctl -I. -I.. -I../include -include configure.h   -DHAVE_CONFIG_H -D_FILE_OFFSET_BITS=64    -O2 -m64 -march=x86-64 -mtune=generic -flto=auto -ffat-lto-objects -fPIC   ioctl/libdm-iface.c -o ioctl/libdm-iface.o
set -e; \
( cat ./.exported_symbols; \
  if test -n "./libdevmapper.h"; then \
	x86_64-unknown-linux-gnu-gcc -E -P -I./ioctl -I. -I.. -I../include -include configure.h -DHAVE_CONFIG_H -D_FILE_OFFSET_BITS=64 ./libdevmapper.h | \
	/bin/sed -ne "/^typedef|}/!s/.*[ *]\(dm_[a-z0-9_]*\)(.*/\1/p"; \
  fi \
) > .exported_symbols_generated
set -e;\
R=$(/usr/bin/sort .exported_symbols_generated .exported_symbols.Base .exported_symbols.DM_1_02_100 .exported_symbols.DM_1_02_101 .exported_symbols.DM_1_02_103 .exported_symbols.DM_1_02_104 .exported_symbols.DM_1_02_105 .exported_symbols.DM_1_02_106 .exported_symbols.DM_1_02_107 .exported_symbols.DM_1_02_110 .exported_symbols.DM_1_02_113 .exported_symbols.DM_1_02_124 .exported_symbols.DM_1_02_128 .exported_symbols.DM_1_02_129 .exported_symbols.DM_1_02_131 .exported_symbols.DM_1_02_133 .exported_symbols.DM_1_02_135 .exported_symbols.DM_1_02_138 .exported_symbols.DM_1_02_141 .exported_symbols.DM_1_02_147 .exported_symbols.DM_1_02_172 .exported_symbols.DM_1_02_181 .exported_symbols.DM_1_02_97 .exported_symbols.DM_1_02_98 .exported_symbols.DM_1_02_99 | /usr/bin/grep -v "^#" | uniq -u);\
test -z "$R" || { echo "Mismatch between symbols in shared library and lists in .exported_symbols.* files: $R"; false; } ;\
LAST=;\
for i in $(echo ./.exported_symbols.Base ./.exported_symbols.DM_1_02_100 ./.exported_symbols.DM_1_02_101 ./.exported_symbols.DM_1_02_103 ./.exported_symbols.DM_1_02_104 ./.exported_symbols.DM_1_02_105 ./.exported_symbols.DM_1_02_106 ./.exported_symbols.DM_1_02_107 ./.exported_symbols.DM_1_02_110 ./.exported_symbols.DM_1_02_113 ./.exported_symbols.DM_1_02_124 ./.exported_symbols.DM_1_02_128 ./.exported_symbols.DM_1_02_129 ./.exported_symbols.DM_1_02_131 ./.exported_symbols.DM_1_02_133 ./.exported_symbols.DM_1_02_135 ./.exported_symbols.DM_1_02_138 ./.exported_symbols.DM_1_02_141 ./.exported_symbols.DM_1_02_147 ./.exported_symbols.DM_1_02_172 ./.exported_symbols.DM_1_02_181 ./.exported_symbols.DM_1_02_97 ./.exported_symbols.DM_1_02_98 ./.exported_symbols.DM_1_02_99 | tr ' ' '\n' | /usr/bin/sort -nt_ -k5 ); do\
	echo "${i##*.} {"; echo "	global:";\
	/bin/sed "/^#/d;s/^/		/;s/$/;/" $i;\
	if test -z "$LAST"; then echo "	local:"; echo "		*;";fi;\
	echo "}$LAST;";\
	LAST=" ${i##*.}";\
done > .export.sym
    [CC] ioctl/libdevmapper.so.1.02
x86_64-unknown-linux-gnu-gcc -shared -Wl,-soname,libdevmapper.so.1.02 \
	-O2 -m64 -march=x86-64 -mtune=generic -flto=auto -ffat-lto-objects -fPIC -Wl,--version-script,.export.sym -Wl,-z,relro datastruct/bitset.o datastruct/hash.o datastruct/list.o libdm-common.o libdm-config.o libdm-deptree.o libdm-file.o libdm-report.o libdm-stats.o libdm-string.o libdm-targets.o libdm-timestamp.o mm/dbg_malloc.o mm/pool.o regex/matcher.o regex/parse_rx.o regex/ttree.o ioctl/libdm-iface.o  -lpthread  -ludev -lrt  -lm -o ioctl/libdevmapper.so.1.02
    [LN] libdevmapper.so.1.02
ln -s -f libdevmapper.so.1.02 ioctl/libdevmapper.so
    [LN] ioctl/libdevmapper.so
ln -s -f ioctl/libdevmapper.so libdevmapper.so
    [LN] ioctl/libdevmapper.so
ln -s -f ioctl/libdevmapper.so libdevmapper.so.1.02
    [CHECK] ioctl/libdevmapper.so
if x86_64-unknown-linux-gnu-readelf -Ws ioctl/libdevmapper.so | grep -q dm_stats_create_region@@; then \
SYM=$(x86_64-unknown-linux-gnu-readelf -Ws ioctl/libdevmapper.so | grep dm_stats_create_region@DM_1_02_106); \
if test -n "$SYM"; then touch .symver_check; \
else echo >&2 "Missing versioned symbols in ioctl/libdevmapper.so"; false; fi; \
else touch .symver_check; fi
make[1]: Leaving directory '/home/devel/building/work/src/LVM2.2.03.21/libdm'
make -C tools device-mapper
make -C daemons device-mapper
make[1]: Entering directory '/home/devel/building/work/src/LVM2.2.03.21/tools'
make[1]: Entering directory '/home/devel/building/work/src/LVM2.2.03.21/daemons'
make[1]: Nothing to be done for 'device-mapper'.
make[1]: Leaving directory '/home/devel/building/work/src/LVM2.2.03.21/daemons'
    [GEN] command-lines-input.h
\
( cat ./license.inc && \
  echo "/* Do not edit. This file is generated by the Makefile. */" && \
  printf "static const char _command_input[] =\n\n\"" && \
  gawk 'BEGIN {ORS = "\\n\"\n\""} !/^#/ && !/---/ && !/^$/' ./command-lines.in && \
  printf '\\n\\n";\n' \
) > command-lines-input.h
    [GEN] command-count.h
\
( cat ./license.inc && \
  echo "/* Do not edit. This file is generated by the Makefile. */" && \
  printf "#define COMMAND_COUNT " && \
  /usr/bin/grep -c '^ID:' command-lines.in \
) > command-count.h
make[1]: Nothing to be done for 'device-mapper'.
make[1]: Leaving directory '/home/devel/building/work/src/LVM2.2.03.21/tools'
+ make -j1 DESTDIR=/home/devel/building/work/pkg install_device-mapper
make -C libdm device-mapper
make[1]: Nothing to be done for 'device-mapper'.
make -C tools device-mapper
make[1]: Entering directory '/home/devel/building/work/src/LVM2.2.03.21/tools'
make[1]: Nothing to be done for 'device-mapper'.
make[1]: Leaving directory '/home/devel/building/work/src/LVM2.2.03.21/tools'
make -C daemons device-mapper
make[1]: Entering directory '/home/devel/building/work/src/LVM2.2.03.21/daemons'
make[1]: Nothing to be done for 'device-mapper'.
make[1]: Leaving directory '/home/devel/building/work/src/LVM2.2.03.21/daemons'
make -C man device-mapper
make[1]: Entering directory '/home/devel/building/work/src/LVM2.2.03.21/man'
make[1]: Nothing to be done for 'device-mapper'.
make[1]: Leaving directory '/home/devel/building/work/src/LVM2.2.03.21/man'
make -C libdm install_device-mapper
make -C dm-tools device-mapper
    [CC] dmsetup.c
    [CC] dmsetup
make -C dm-tools
make[2]: Nothing to be done for 'all'.
    [INSTALL] ioctl/libdevmapper.so
    [INSTALL] libdevmapper.pc
    [INSTALL] libdevmapper.h
make -C dm-tools install
    [INSTALL] dmsetup
make -C dm-tools install_device-mapper
    [INSTALL] dmsetup
make -C conf install_device-mapper
make[1]: Entering directory '/home/devel/building/work/src/LVM2.2.03.21/conf'
make[1]: Nothing to be done for 'install_device-mapper'.
make[1]: Leaving directory '/home/devel/building/work/src/LVM2.2.03.21/conf'
make -C daemons install_device-mapper
make[1]: Entering directory '/home/devel/building/work/src/LVM2.2.03.21/daemons'
make[1]: Nothing to be done for 'install_device-mapper'.
make[1]: Leaving directory '/home/devel/building/work/src/LVM2.2.03.21/daemons'
make -C include install_device-mapper
make[1]: Entering directory '/home/devel/building/work/src/LVM2.2.03.21/include'
make[1]: Nothing to be done for 'install_device-mapper'.
make[1]: Leaving directory '/home/devel/building/work/src/LVM2.2.03.21/include'
make -C lib install_device-mapper
make[1]: Entering directory '/home/devel/building/work/src/LVM2.2.03.21/lib'
make[1]: Nothing to be done for 'install_device-mapper'.
make[1]: Leaving directory '/home/devel/building/work/src/LVM2.2.03.21/lib'
make -C libdaemon install_device-mapper
make[1]: Entering directory '/home/devel/building/work/src/LVM2.2.03.21/libdaemon'
make -C client install_device-mapper
make[2]: Entering directory '/home/devel/building/work/src/LVM2.2.03.21/libdaemon/client'
make[2]: Nothing to be done for 'install_device-mapper'.
make[2]: Leaving directory '/home/devel/building/work/src/LVM2.2.03.21/libdaemon/client'
make[1]: Leaving directory '/home/devel/building/work/src/LVM2.2.03.21/libdaemon'
make -C man install_device-mapper
make[1]: Entering directory '/home/devel/building/work/src/LVM2.2.03.21/man'
    [INSTALL] dmsetup.8 dmstats.8 blkdeactivate.8 dmeventd.8 dmfilemapd.8
make[1]: Leaving directory '/home/devel/building/work/src/LVM2.2.03.21/man'
make -C scripts install_device-mapper
make[1]: Entering directory '/home/devel/building/work/src/LVM2.2.03.21/scripts'
make[1]: Leaving directory '/home/devel/building/work/src/LVM2.2.03.21/scripts'
make -C tools install_device-mapper
make[1]: Entering directory '/home/devel/building/work/src/LVM2.2.03.21/tools'
make[1]: Nothing to be done for 'install_device-mapper'.
make[1]: Leaving directory '/home/devel/building/work/src/LVM2.2.03.21/tools'
make -C udev install_device-mapper
make[1]: Entering directory '/home/devel/building/work/src/LVM2.2.03.21/udev'
gawk: cmd. line:1: warning: regexp escape sequence `\#' is not a known regexp operator
    [INSTALL] 10-dm.rules
gawk: cmd. line:1: warning: regexp escape sequence `\#' is not a known regexp operator
    [INSTALL] 13-dm-disk.rules
gawk: cmd. line:1: warning: regexp escape sequence `\#' is not a known regexp operator
    [INSTALL] 95-dm-notify.rules
make[1]: Leaving directory '/home/devel/building/work/src/LVM2.2.03.21/udev'
+ install -m0644 -D udev/12-dm-permissions.rules /home/devel/building/work/pkg/etc/udev/rules.d/12-dm-permissions.rules.example
+ ln -sf dmsetup /home/devel/building/work/pkg/sbin/dmstats
+ sed -i '/^libdir=/s|${exec_prefix}|/usr|' /home/devel/building/work/pkg/usr/lib/pkgconfig/devmapper.pc
=======> Build result:
drwxr-xr-x  0 root   root        0 Jul 26 09:42 etc/
drwxr-xr-x  0 root   root        0 Jul 26 09:42 etc/udev/
drwxr-xr-x  0 root   root        0 Jul 26 09:42 etc/udev/rules.d/
-rw-r--r--  0 root   root     3186 Jul 26 09:42 etc/udev/rules.d/12-dm-permissions.rules.example
drwxr-xr-x  0 root   root        0 Jul 26 09:42 lib/
drwxr-xr-x  0 root   root        0 Jul 26 09:42 lib/udev/
-r-xr-xr-x  0 root   root   357880 Jul 26 09:42 lib/libdevmapper.so.1.02
drwxr-xr-x  0 root   root        0 Jul 26 09:42 lib/udev/rules.d/
-r--r--r--  0 root   root      479 Jul 26 09:42 lib/udev/rules.d/95-dm-notify.rules
-r--r--r--  0 root   root     2217 Jul 26 09:42 lib/udev/rules.d/13-dm-disk.rules
-r--r--r--  0 root   root     7206 Jul 26 09:42 lib/udev/rules.d/10-dm.rules
drwxr-xr-x  0 root   root        0 Jul 26 09:42 sbin/
lrwxrwxrwx  0 root   root        0 Jul 26 09:42 sbin/dmstats -> dmsetup
-r-xr-xr-x  0 root   root    16347 Jul 26 09:42 sbin/blkdeactivate
-r-xr-xr-x  0 root   root   154376 Jul 26 09:42 sbin/dmsetup
drwxr-xr-x  0 root   root        0 Jul 26 09:42 usr/
drwxr-xr-x  0 root   root        0 Jul 26 09:42 usr/share/
drwxr-xr-x  0 root   root        0 Jul 26 09:42 usr/include/
drwxr-xr-x  0 root   root        0 Jul 26 09:42 usr/lib/
drwxr-xr-x  0 root   root        0 Jul 26 09:42 usr/lib/pkgconfig/
lrwxrwxrwx  0 root   root        0 Jul 26 09:42 usr/lib/libdevmapper.so -> ../../lib/libdevmapper.so.1.02
-r--r--r--  0 root   root      251 Jul 26 09:42 usr/lib/pkgconfig/devmapper.pc
-r--r--r--  0 root   root   136100 Apr 21 10:42 usr/include/libdevmapper.h
drwxr-xr-x  0 root   root        0 Jul 26 09:42 usr/share/man/
drwxr-xr-x  0 root   root        0 Jul 26 09:42 usr/share/man/man8/
-r--r--r--  0 root   root     9014 Jul 26 09:42 usr/share/man/man8/dmsetup.8.gz
-r--r--r--  0 root   root    10795 Jul 26 09:42 usr/share/man/man8/dmstats.8.gz
-r--r--r--  0 root   root     1436 Jul 26 09:42 usr/share/man/man8/blkdeactivate.8.gz
-r--r--r--  0 root   root     1742 Jul 26 09:42 usr/share/man/man8/dmeventd.8.gz
-r--r--r--  0 root   root     2564 Jul 26 09:42 usr/share/man/man8/dmfilemapd.8.gz
=======> Building '/home/devel/packages/libdevmapper#1.02.195-2.x86_64.pkg.tar.xz' succeeded.
prt-get: Using PKGMK_PACKAGE_DIR: /home/devel/packages
prt-get: reinstalling libdevmapper 1.02.195-2
prt-get: /usr/bin/pkgadd -u libdevmapper#1.02.195-2.x86_64.pkg.tar.xz
prt-get: build done Wed Jul 26 09:42:15 2023

