prt-get: updating /usr/ports/core-x86_64/nasm
prt-get: starting build Wed Jul 26 09:54:12 2023
=======> Building '/home/devel/packages/nasm#2.16.01-2.x86_64.pkg.tar.xz'.
bsdtar -p -o -C /home/devel/building/work/src -xf /home/devel/sources/nasm-2.16.01.tar.xz
+ build
+ cd nasm-2.16.01
+ ./configure --build=x86_64-unknown-linux-gnu --host=x86_64-unknown-linux-gnu --prefix=/usr
checking build system type... x86_64-unknown-linux-gnu
checking host system type... x86_64-unknown-linux-gnu
checking for x86_64-unknown-linux-gnu-gcc... x86_64-unknown-linux-gnu-gcc
checking whether the C compiler works... yes
checking for C compiler default output file name... a.out
checking for suffix of executables... 
checking whether we are cross compiling... no
checking for suffix of object files... o
checking whether the compiler supports GNU C... yes
checking whether x86_64-unknown-linux-gnu-gcc accepts -g... yes
checking for x86_64-unknown-linux-gnu-gcc option to enable C11 features... none needed
checking for stdio.h... yes
checking for stdlib.h... yes
checking for string.h... yes
checking for inttypes.h... yes
checking for stdint.h... yes
checking for strings.h... yes
checking for sys/stat.h... yes
checking for sys/types.h... yes
checking for unistd.h... yes
checking for wchar.h... yes
checking for minix/config.h... no
checking for sys/param.h... yes
checking whether it is safe to define __EXTENSIONS__... yes
checking whether _XOPEN_SOURCE should be defined... no
checking for special C compiler options needed for large files... no
checking for _FILE_OFFSET_BITS value needed for large files... no
checking if x86_64-unknown-linux-gnu-gcc accepts -std=c17... yes
checking for size_t... yes
checking whether byte ordering is bigendian... no
checking if x86_64-unknown-linux-gnu-gcc accepts -Werror=unknown-warning-option... no
checking if x86_64-unknown-linux-gnu-gcc accepts -fwrapv... yes
checking if x86_64-unknown-linux-gnu-gcc accepts -ftrivial-auto-var-init=zero... yes
checking if x86_64-unknown-linux-gnu-gcc accepts -U__STRICT_ANSI__... yes
checking if x86_64-unknown-linux-gnu-gcc accepts -fno-common... yes
checking for suffix of library files... a
checking whether ln -s works... yes
checking whether make sets $(MAKE)... yes
checking for a BSD-compatible install... /usr/bin/install -c
checking for a race-free mkdir -p... /bin/mkdir -p
checking for nroff... nroff
checking for asciidoc... no
checking for xmlto... no
checking for xz... xz
configure: WARNING: No asciidoc package found, cannot build man pages
configure: WARNING: No xmlto package found, cannot build man pages
checking for x86_64-unknown-linux-gnu-ar... x86_64-unknown-linux-gnu-ar
checking for x86_64-unknown-linux-gnu-ranlib... x86_64-unknown-linux-gnu-ranlib
checking for x86_64-unknown-linux-gnu-strip... x86_64-unknown-linux-gnu-strip
checking for an ANSI C-conforming const... yes
checking for inline... inline
checking for C/C++ restrict keyword... __restrict__
checking for string.h... (cached) yes
checking for stdarg.h... yes
checking for inttypes.h... (cached) yes
checking for strings.h... (cached) yes
checking for _Bool... yes
checking for stdbool.h that conforms to C99... yes
checking for stdnoreturn.h... yes
checking for io.h... no
checking for fcntl.h... yes
checking for unistd.h... (cached) yes
checking for sys/mman.h... yes
checking for sys/types.h... (cached) yes
checking for sys/stat.h... (cached) yes
checking for sys/resource.h... yes
checking for strcasecmp... yes
checking for stricmp... no
checking for strncasecmp... yes
checking for strnicmp... no
checking for strsep... yes
checking for strnlen... yes
checking for strrchrnul... no
checking for iscntrl... yes
checking for isascii... yes
checking for mempcpy... yes
checking for mempset... no
checking for getuid... yes
checking for getgid... yes
checking for getrlimit... yes
checking for realpath... yes
checking for canonicalize_file_name... yes
checking for _fullpath... no
checking for pathconf... yes
checking for _LARGEFILE_SOURCE value needed for large files... no
checking for _fseeki64... no
checking for ftruncate... yes
checking for _chsize... no
checking for _chsize_s... no
checking for fileno... yes
checking for _fileno... no
checking for getpagesize... yes
checking for working mmap... yes
checking for getpagesize... (cached) yes
checking for sysconf... yes
checking for access... yes
checking for _access... no
checking for faccessat... yes
checking for __builtin_expect... yes
checking for intrin.h... no
checking for __builtin_clz... yes
checking for __builtin_clzl... yes
checking for __builtin_clzll... yes
checking for _BitScanReverse... no
checking for _BitScanReverse64... no
checking for sprintf... snprintf
checking for vsnprintf... vsnprintf
checking for strlcpy... yes
checking for strrchrnul... (cached) no
checking for struct _stati64... no
checking for struct stat... yes
checking for stat... yes
checking for _stati64... no
checking for fstat... yes
checking for _fstati64... no
checking for S_ISREG... no
checking for x86_64-unknown-linux-gnu-gcc options needed to detect all undeclared functions... none needed
checking whether strcasecmp is declared... yes
checking whether stricmp is declared... no
checking whether strncasecmp is declared... yes
checking whether strnicmp is declared... no
checking whether strsep is declared... yes
checking whether strlcpy is declared... yes
checking whether strnlen is declared... yes
checking whether strrchrnul is declared... no
checking for uintptr_t... yes
checking for endian.h... yes
checking for sys/endian.h... no
checking for machine/endian.h... no
checking for cpu_to_le16... no
checking for cpu_to_le32... no
checking for cpu_to_le64... no
checking for __cpu_to_le16... no
checking for __cpu_to_le32... no
checking for __cpu_to_le64... no
checking for htole16... yes
checking for htole32... yes
checking for htole64... yes
checking for __bswap_16... yes
checking for __bswap_32... yes
checking for __bswap_64... yes
checking for __builtin_bswap16... yes
checking for __builtin_bswap32... yes
checking for __builtin_bswap64... yes
checking for _byteswap_ushort... no
checking for _byteswap_ulong... no
checking for _byteswap_uint64... no
checking for __builtin_constant_p... yes
checking for __builtin_choose_expr... yes
checking if x86_64-unknown-linux-gnu-gcc accepts -Werror=attributes... yes
checking if x86_64-unknown-linux-gnu-gcc supports the noreturn function attribute... yes
checking if x86_64-unknown-linux-gnu-gcc supports the noreturn function attribute on pointers... yes
checking if x86_64-unknown-linux-gnu-gcc supports the returns_nonnull function attribute... yes
checking if x86_64-unknown-linux-gnu-gcc supports the returns_nonnull function attribute on pointers... yes
checking if x86_64-unknown-linux-gnu-gcc supports the malloc function attribute... yes
checking if x86_64-unknown-linux-gnu-gcc supports the malloc function attribute on pointers... no
checking if x86_64-unknown-linux-gnu-gcc supports the alloc_size(1) function attribute... yes
checking if x86_64-unknown-linux-gnu-gcc supports the alloc_size(1) function attribute on pointers... yes
checking if x86_64-unknown-linux-gnu-gcc supports the alloc_size(1,2) function attribute... no
checking if x86_64-unknown-linux-gnu-gcc supports the alloc_size(1,2) function attribute on pointers... no
checking if x86_64-unknown-linux-gnu-gcc supports the sentinel function attribute... yes
checking if x86_64-unknown-linux-gnu-gcc supports the sentinel function attribute on pointers... yes
checking if x86_64-unknown-linux-gnu-gcc supports the format(printf,1,2) function attribute... yes
checking if x86_64-unknown-linux-gnu-gcc supports the format(printf,1,2) function attribute on pointers... yes
checking if x86_64-unknown-linux-gnu-gcc supports the const function attribute... yes
checking if x86_64-unknown-linux-gnu-gcc supports the const function attribute on pointers... yes
checking if x86_64-unknown-linux-gnu-gcc supports the pure function attribute... yes
checking if x86_64-unknown-linux-gnu-gcc supports the pure function attribute on pointers... no
checking if x86_64-unknown-linux-gnu-gcc supports the cold function attribute... yes
checking if x86_64-unknown-linux-gnu-gcc supports the cold function attribute on pointers... no
checking if x86_64-unknown-linux-gnu-gcc supports the unused function attribute... yes
checking if x86_64-unknown-linux-gnu-gcc supports the unused function attribute on pointers... yes
checking if x86_64-unknown-linux-gnu-gcc supports the error function attribute... yes
checking if x86_64-unknown-linux-gnu-gcc accepts -ffunction-sections... yes
checking if x86_64-unknown-linux-gnu-gcc accepts -fdata-sections... yes
checking if x86_64-unknown-linux-gnu-gcc accepts -Wl,--gc-sections... yes
checking if x86_64-unknown-linux-gnu-gcc accepts -fvisibility=hidden... yes
checking if x86_64-unknown-linux-gnu-gcc accepts -Wall... yes
checking if x86_64-unknown-linux-gnu-gcc accepts -W... yes
checking if x86_64-unknown-linux-gnu-gcc accepts -pedantic... yes
checking if x86_64-unknown-linux-gnu-gcc accepts -Wc90-c99-compat... yes
checking if x86_64-unknown-linux-gnu-gcc accepts -Wc99-compat... no
checking if x86_64-unknown-linux-gnu-gcc accepts -Wc99-extensions... no
checking if x86_64-unknown-linux-gnu-gcc accepts -Wpedantic-ms-format... no
checking if x86_64-unknown-linux-gnu-gcc accepts -Wlong-long... yes
checking if x86_64-unknown-linux-gnu-gcc accepts -Wstringop-truncation... yes
checking if x86_64-unknown-linux-gnu-gcc accepts -Wshift-negative-value... yes
checking if x86_64-unknown-linux-gnu-gcc accepts -Werror=implicit... yes
checking if x86_64-unknown-linux-gnu-gcc accepts -Werror=missing-braces... yes
checking if x86_64-unknown-linux-gnu-gcc accepts -Werror=return-type... yes
checking if x86_64-unknown-linux-gnu-gcc accepts -Werror=trigraphs... yes
checking if x86_64-unknown-linux-gnu-gcc accepts -Werror=pointer-arith... yes
checking if x86_64-unknown-linux-gnu-gcc accepts -Werror=strict-prototypes... yes
checking if x86_64-unknown-linux-gnu-gcc accepts -Werror=missing-prototypes... yes
checking if x86_64-unknown-linux-gnu-gcc accepts -Werror=missing-declarations... yes
checking if x86_64-unknown-linux-gnu-gcc accepts -Werror=comment... yes
checking if x86_64-unknown-linux-gnu-gcc accepts -Werror=vla... yes
checking if x86_64-unknown-linux-gnu-gcc supports C99 external inlines... yes
checking if x86_64-unknown-linux-gnu-gcc supports typeof... __typeof
configure: creating ./config.status
config.status: creating Makefile
config.status: creating doc/Makefile
config.status: creating config/config.h
+ make V=1
/bin/mkdir -p stdlib nasmlib output asm disasm x86 common macros test doc nsis
make nasm ndisasm
make[1]: Entering directory '/home/devel/building/work/src/nasm-2.16.01'
x86_64-unknown-linux-gnu-gcc -c  -O2 -m64 -march=x86-64 -mtune=generic -flto=auto -ffat-lto-objects -std=c17 -fwrapv -ftrivial-auto-var-init=zero -U__STRICT_ANSI__ -fno-common -Werror=attributes -ffunction-sections -fdata-sections -fvisibility=hidden -Wall -W -pedantic -Wc90-c99-compat -Wno-long-long -Wno-stringop-truncation -Wno-shift-negative-value -Werror=implicit -Werror=missing-braces -Werror=return-type -Werror=trigraphs -Werror=pointer-arith -Werror=strict-prototypes -Werror=missing-prototypes -Werror=missing-declarations -Werror=comment -Werror=vla -DHAVE_CONFIG_H -I. -I. -I./include -I./include -I./x86 -I./x86 -I./asm -I./asm -I./disasm -I./disasm -I./output -I./output -o asm/nasm.o asm/nasm.c
x86_64-unknown-linux-gnu-gcc -c  -O2 -m64 -march=x86-64 -mtune=generic -flto=auto -ffat-lto-objects -std=c17 -fwrapv -ftrivial-auto-var-init=zero -U__STRICT_ANSI__ -fno-common -Werror=attributes -ffunction-sections -fdata-sections -fvisibility=hidden -Wall -W -pedantic -Wc90-c99-compat -Wno-long-long -Wno-stringop-truncation -Wno-shift-negative-value -Werror=implicit -Werror=missing-braces -Werror=return-type -Werror=trigraphs -Werror=pointer-arith -Werror=strict-prototypes -Werror=missing-prototypes -Werror=missing-declarations -Werror=comment -Werror=vla -DHAVE_CONFIG_H -I. -I. -I./include -I./include -I./x86 -I./x86 -I./asm -I./asm -I./disasm -I./disasm -I./output -I./output -o stdlib/snprintf.o stdlib/snprintf.c
x86_64-unknown-linux-gnu-gcc -c  -O2 -m64 -march=x86-64 -mtune=generic -flto=auto -ffat-lto-objects -std=c17 -fwrapv -ftrivial-auto-var-init=zero -U__STRICT_ANSI__ -fno-common -Werror=attributes -ffunction-sections -fdata-sections -fvisibility=hidden -Wall -W -pedantic -Wc90-c99-compat -Wno-long-long -Wno-stringop-truncation -Wno-shift-negative-value -Werror=implicit -Werror=missing-braces -Werror=return-type -Werror=trigraphs -Werror=pointer-arith -Werror=strict-prototypes -Werror=missing-prototypes -Werror=missing-declarations -Werror=comment -Werror=vla -DHAVE_CONFIG_H -I. -I. -I./include -I./include -I./x86 -I./x86 -I./asm -I./asm -I./disasm -I./disasm -I./output -I./output -o stdlib/vsnprintf.o stdlib/vsnprintf.c
x86_64-unknown-linux-gnu-gcc -c  -O2 -m64 -march=x86-64 -mtune=generic -flto=auto -ffat-lto-objects -std=c17 -fwrapv -ftrivial-auto-var-init=zero -U__STRICT_ANSI__ -fno-common -Werror=attributes -ffunction-sections -fdata-sections -fvisibility=hidden -Wall -W -pedantic -Wc90-c99-compat -Wno-long-long -Wno-stringop-truncation -Wno-shift-negative-value -Werror=implicit -Werror=missing-braces -Werror=return-type -Werror=trigraphs -Werror=pointer-arith -Werror=strict-prototypes -Werror=missing-prototypes -Werror=missing-declarations -Werror=comment -Werror=vla -DHAVE_CONFIG_H -I. -I. -I./include -I./include -I./x86 -I./x86 -I./asm -I./asm -I./disasm -I./disasm -I./output -I./output -o stdlib/strlcpy.o stdlib/strlcpy.c
x86_64-unknown-linux-gnu-gcc -c  -O2 -m64 -march=x86-64 -mtune=generic -flto=auto -ffat-lto-objects -std=c17 -fwrapv -ftrivial-auto-var-init=zero -U__STRICT_ANSI__ -fno-common -Werror=attributes -ffunction-sections -fdata-sections -fvisibility=hidden -Wall -W -pedantic -Wc90-c99-compat -Wno-long-long -Wno-stringop-truncation -Wno-shift-negative-value -Werror=implicit -Werror=missing-braces -Werror=return-type -Werror=trigraphs -Werror=pointer-arith -Werror=strict-prototypes -Werror=missing-prototypes -Werror=missing-declarations -Werror=comment -Werror=vla -DHAVE_CONFIG_H -I. -I. -I./include -I./include -I./x86 -I./x86 -I./asm -I./asm -I./disasm -I./disasm -I./output -I./output -o stdlib/strnlen.o stdlib/strnlen.c
x86_64-unknown-linux-gnu-gcc -c  -O2 -m64 -march=x86-64 -mtune=generic -flto=auto -ffat-lto-objects -std=c17 -fwrapv -ftrivial-auto-var-init=zero -U__STRICT_ANSI__ -fno-common -Werror=attributes -ffunction-sections -fdata-sections -fvisibility=hidden -Wall -W -pedantic -Wc90-c99-compat -Wno-long-long -Wno-stringop-truncation -Wno-shift-negative-value -Werror=implicit -Werror=missing-braces -Werror=return-type -Werror=trigraphs -Werror=pointer-arith -Werror=strict-prototypes -Werror=missing-prototypes -Werror=missing-declarations -Werror=comment -Werror=vla -DHAVE_CONFIG_H -I. -I. -I./include -I./include -I./x86 -I./x86 -I./asm -I./asm -I./disasm -I./disasm -I./output -I./output -o stdlib/strrchrnul.o stdlib/strrchrnul.c
x86_64-unknown-linux-gnu-gcc -c  -O2 -m64 -march=x86-64 -mtune=generic -flto=auto -ffat-lto-objects -std=c17 -fwrapv -ftrivial-auto-var-init=zero -U__STRICT_ANSI__ -fno-common -Werror=attributes -ffunction-sections -fdata-sections -fvisibility=hidden -Wall -W -pedantic -Wc90-c99-compat -Wno-long-long -Wno-stringop-truncation -Wno-shift-negative-value -Werror=implicit -Werror=missing-braces -Werror=return-type -Werror=trigraphs -Werror=pointer-arith -Werror=strict-prototypes -Werror=missing-prototypes -Werror=missing-declarations -Werror=comment -Werror=vla -DHAVE_CONFIG_H -I. -I. -I./include -I./include -I./x86 -I./x86 -I./asm -I./asm -I./disasm -I./disasm -I./output -I./output -o nasmlib/ver.o nasmlib/ver.c
x86_64-unknown-linux-gnu-gcc -c  -O2 -m64 -march=x86-64 -mtune=generic -flto=auto -ffat-lto-objects -std=c17 -fwrapv -ftrivial-auto-var-init=zero -U__STRICT_ANSI__ -fno-common -Werror=attributes -ffunction-sections -fdata-sections -fvisibility=hidden -Wall -W -pedantic -Wc90-c99-compat -Wno-long-long -Wno-stringop-truncation -Wno-shift-negative-value -Werror=implicit -Werror=missing-braces -Werror=return-type -Werror=trigraphs -Werror=pointer-arith -Werror=strict-prototypes -Werror=missing-prototypes -Werror=missing-declarations -Werror=comment -Werror=vla -DHAVE_CONFIG_H -I. -I. -I./include -I./include -I./x86 -I./x86 -I./asm -I./asm -I./disasm -I./disasm -I./output -I./output -o nasmlib/alloc.o nasmlib/alloc.c
x86_64-unknown-linux-gnu-gcc -c  -O2 -m64 -march=x86-64 -mtune=generic -flto=auto -ffat-lto-objects -std=c17 -fwrapv -ftrivial-auto-var-init=zero -U__STRICT_ANSI__ -fno-common -Werror=attributes -ffunction-sections -fdata-sections -fvisibility=hidden -Wall -W -pedantic -Wc90-c99-compat -Wno-long-long -Wno-stringop-truncation -Wno-shift-negative-value -Werror=implicit -Werror=missing-braces -Werror=return-type -Werror=trigraphs -Werror=pointer-arith -Werror=strict-prototypes -Werror=missing-prototypes -Werror=missing-declarations -Werror=comment -Werror=vla -DHAVE_CONFIG_H -I. -I. -I./include -I./include -I./x86 -I./x86 -I./asm -I./asm -I./disasm -I./disasm -I./output -I./output -o nasmlib/asprintf.o nasmlib/asprintf.c
x86_64-unknown-linux-gnu-gcc -c  -O2 -m64 -march=x86-64 -mtune=generic -flto=auto -ffat-lto-objects -std=c17 -fwrapv -ftrivial-auto-var-init=zero -U__STRICT_ANSI__ -fno-common -Werror=attributes -ffunction-sections -fdata-sections -fvisibility=hidden -Wall -W -pedantic -Wc90-c99-compat -Wno-long-long -Wno-stringop-truncation -Wno-shift-negative-value -Werror=implicit -Werror=missing-braces -Werror=return-type -Werror=trigraphs -Werror=pointer-arith -Werror=strict-prototypes -Werror=missing-prototypes -Werror=missing-declarations -Werror=comment -Werror=vla -DHAVE_CONFIG_H -I. -I. -I./include -I./include -I./x86 -I./x86 -I./asm -I./asm -I./disasm -I./disasm -I./output -I./output -o nasmlib/errfile.o nasmlib/errfile.c
x86_64-unknown-linux-gnu-gcc -c  -O2 -m64 -march=x86-64 -mtune=generic -flto=auto -ffat-lto-objects -std=c17 -fwrapv -ftrivial-auto-var-init=zero -U__STRICT_ANSI__ -fno-common -Werror=attributes -ffunction-sections -fdata-sections -fvisibility=hidden -Wall -W -pedantic -Wc90-c99-compat -Wno-long-long -Wno-stringop-truncation -Wno-shift-negative-value -Werror=implicit -Werror=missing-braces -Werror=return-type -Werror=trigraphs -Werror=pointer-arith -Werror=strict-prototypes -Werror=missing-prototypes -Werror=missing-declarations -Werror=comment -Werror=vla -DHAVE_CONFIG_H -I. -I. -I./include -I./include -I./x86 -I./x86 -I./asm -I./asm -I./disasm -I./disasm -I./output -I./output -o nasmlib/crc32.o nasmlib/crc32.c
x86_64-unknown-linux-gnu-gcc -c  -O2 -m64 -march=x86-64 -mtune=generic -flto=auto -ffat-lto-objects -std=c17 -fwrapv -ftrivial-auto-var-init=zero -U__STRICT_ANSI__ -fno-common -Werror=attributes -ffunction-sections -fdata-sections -fvisibility=hidden -Wall -W -pedantic -Wc90-c99-compat -Wno-long-long -Wno-stringop-truncation -Wno-shift-negative-value -Werror=implicit -Werror=missing-braces -Werror=return-type -Werror=trigraphs -Werror=pointer-arith -Werror=strict-prototypes -Werror=missing-prototypes -Werror=missing-declarations -Werror=comment -Werror=vla -DHAVE_CONFIG_H -I. -I. -I./include -I./include -I./x86 -I./x86 -I./asm -I./asm -I./disasm -I./disasm -I./output -I./output -o nasmlib/crc64.o nasmlib/crc64.c
x86_64-unknown-linux-gnu-gcc -c  -O2 -m64 -march=x86-64 -mtune=generic -flto=auto -ffat-lto-objects -std=c17 -fwrapv -ftrivial-auto-var-init=zero -U__STRICT_ANSI__ -fno-common -Werror=attributes -ffunction-sections -fdata-sections -fvisibility=hidden -Wall -W -pedantic -Wc90-c99-compat -Wno-long-long -Wno-stringop-truncation -Wno-shift-negative-value -Werror=implicit -Werror=missing-braces -Werror=return-type -Werror=trigraphs -Werror=pointer-arith -Werror=strict-prototypes -Werror=missing-prototypes -Werror=missing-declarations -Werror=comment -Werror=vla -DHAVE_CONFIG_H -I. -I. -I./include -I./include -I./x86 -I./x86 -I./asm -I./asm -I./disasm -I./disasm -I./output -I./output -o nasmlib/md5c.o nasmlib/md5c.c
x86_64-unknown-linux-gnu-gcc -c  -O2 -m64 -march=x86-64 -mtune=generic -flto=auto -ffat-lto-objects -std=c17 -fwrapv -ftrivial-auto-var-init=zero -U__STRICT_ANSI__ -fno-common -Werror=attributes -ffunction-sections -fdata-sections -fvisibility=hidden -Wall -W -pedantic -Wc90-c99-compat -Wno-long-long -Wno-stringop-truncation -Wno-shift-negative-value -Werror=implicit -Werror=missing-braces -Werror=return-type -Werror=trigraphs -Werror=pointer-arith -Werror=strict-prototypes -Werror=missing-prototypes -Werror=missing-declarations -Werror=comment -Werror=vla -DHAVE_CONFIG_H -I. -I. -I./include -I./include -I./x86 -I./x86 -I./asm -I./asm -I./disasm -I./disasm -I./output -I./output -o nasmlib/string.o nasmlib/string.c
x86_64-unknown-linux-gnu-gcc -c  -O2 -m64 -march=x86-64 -mtune=generic -flto=auto -ffat-lto-objects -std=c17 -fwrapv -ftrivial-auto-var-init=zero -U__STRICT_ANSI__ -fno-common -Werror=attributes -ffunction-sections -fdata-sections -fvisibility=hidden -Wall -W -pedantic -Wc90-c99-compat -Wno-long-long -Wno-stringop-truncation -Wno-shift-negative-value -Werror=implicit -Werror=missing-braces -Werror=return-type -Werror=trigraphs -Werror=pointer-arith -Werror=strict-prototypes -Werror=missing-prototypes -Werror=missing-declarations -Werror=comment -Werror=vla -DHAVE_CONFIG_H -I. -I. -I./include -I./include -I./x86 -I./x86 -I./asm -I./asm -I./disasm -I./disasm -I./output -I./output -o nasmlib/nctype.o nasmlib/nctype.c
x86_64-unknown-linux-gnu-gcc -c  -O2 -m64 -march=x86-64 -mtune=generic -flto=auto -ffat-lto-objects -std=c17 -fwrapv -ftrivial-auto-var-init=zero -U__STRICT_ANSI__ -fno-common -Werror=attributes -ffunction-sections -fdata-sections -fvisibility=hidden -Wall -W -pedantic -Wc90-c99-compat -Wno-long-long -Wno-stringop-truncation -Wno-shift-negative-value -Werror=implicit -Werror=missing-braces -Werror=return-type -Werror=trigraphs -Werror=pointer-arith -Werror=strict-prototypes -Werror=missing-prototypes -Werror=missing-declarations -Werror=comment -Werror=vla -DHAVE_CONFIG_H -I. -I. -I./include -I./include -I./x86 -I./x86 -I./asm -I./asm -I./disasm -I./disasm -I./output -I./output -o nasmlib/file.o nasmlib/file.c
x86_64-unknown-linux-gnu-gcc -c  -O2 -m64 -march=x86-64 -mtune=generic -flto=auto -ffat-lto-objects -std=c17 -fwrapv -ftrivial-auto-var-init=zero -U__STRICT_ANSI__ -fno-common -Werror=attributes -ffunction-sections -fdata-sections -fvisibility=hidden -Wall -W -pedantic -Wc90-c99-compat -Wno-long-long -Wno-stringop-truncation -Wno-shift-negative-value -Werror=implicit -Werror=missing-braces -Werror=return-type -Werror=trigraphs -Werror=pointer-arith -Werror=strict-prototypes -Werror=missing-prototypes -Werror=missing-declarations -Werror=comment -Werror=vla -DHAVE_CONFIG_H -I. -I. -I./include -I./include -I./x86 -I./x86 -I./asm -I./asm -I./disasm -I./disasm -I./output -I./output -o nasmlib/mmap.o nasmlib/mmap.c
x86_64-unknown-linux-gnu-gcc -c  -O2 -m64 -march=x86-64 -mtune=generic -flto=auto -ffat-lto-objects -std=c17 -fwrapv -ftrivial-auto-var-init=zero -U__STRICT_ANSI__ -fno-common -Werror=attributes -ffunction-sections -fdata-sections -fvisibility=hidden -Wall -W -pedantic -Wc90-c99-compat -Wno-long-long -Wno-stringop-truncation -Wno-shift-negative-value -Werror=implicit -Werror=missing-braces -Werror=return-type -Werror=trigraphs -Werror=pointer-arith -Werror=strict-prototypes -Werror=missing-prototypes -Werror=missing-declarations -Werror=comment -Werror=vla -DHAVE_CONFIG_H -I. -I. -I./include -I./include -I./x86 -I./x86 -I./asm -I./asm -I./disasm -I./disasm -I./output -I./output -o nasmlib/ilog2.o nasmlib/ilog2.c
x86_64-unknown-linux-gnu-gcc -c  -O2 -m64 -march=x86-64 -mtune=generic -flto=auto -ffat-lto-objects -std=c17 -fwrapv -ftrivial-auto-var-init=zero -U__STRICT_ANSI__ -fno-common -Werror=attributes -ffunction-sections -fdata-sections -fvisibility=hidden -Wall -W -pedantic -Wc90-c99-compat -Wno-long-long -Wno-stringop-truncation -Wno-shift-negative-value -Werror=implicit -Werror=missing-braces -Werror=return-type -Werror=trigraphs -Werror=pointer-arith -Werror=strict-prototypes -Werror=missing-prototypes -Werror=missing-declarations -Werror=comment -Werror=vla -DHAVE_CONFIG_H -I. -I. -I./include -I./include -I./x86 -I./x86 -I./asm -I./asm -I./disasm -I./disasm -I./output -I./output -o nasmlib/realpath.o nasmlib/realpath.c
x86_64-unknown-linux-gnu-gcc -c  -O2 -m64 -march=x86-64 -mtune=generic -flto=auto -ffat-lto-objects -std=c17 -fwrapv -ftrivial-auto-var-init=zero -U__STRICT_ANSI__ -fno-common -Werror=attributes -ffunction-sections -fdata-sections -fvisibility=hidden -Wall -W -pedantic -Wc90-c99-compat -Wno-long-long -Wno-stringop-truncation -Wno-shift-negative-value -Werror=implicit -Werror=missing-braces -Werror=return-type -Werror=trigraphs -Werror=pointer-arith -Werror=strict-prototypes -Werror=missing-prototypes -Werror=missing-declarations -Werror=comment -Werror=vla -DHAVE_CONFIG_H -I. -I. -I./include -I./include -I./x86 -I./x86 -I./asm -I./asm -I./disasm -I./disasm -I./output -I./output -o nasmlib/path.o nasmlib/path.c
x86_64-unknown-linux-gnu-gcc -c  -O2 -m64 -march=x86-64 -mtune=generic -flto=auto -ffat-lto-objects -std=c17 -fwrapv -ftrivial-auto-var-init=zero -U__STRICT_ANSI__ -fno-common -Werror=attributes -ffunction-sections -fdata-sections -fvisibility=hidden -Wall -W -pedantic -Wc90-c99-compat -Wno-long-long -Wno-stringop-truncation -Wno-shift-negative-value -Werror=implicit -Werror=missing-braces -Werror=return-type -Werror=trigraphs -Werror=pointer-arith -Werror=strict-prototypes -Werror=missing-prototypes -Werror=missing-declarations -Werror=comment -Werror=vla -DHAVE_CONFIG_H -I. -I. -I./include -I./include -I./x86 -I./x86 -I./asm -I./asm -I./disasm -I./disasm -I./output -I./output -o nasmlib/filename.o nasmlib/filename.c
x86_64-unknown-linux-gnu-gcc -c  -O2 -m64 -march=x86-64 -mtune=generic -flto=auto -ffat-lto-objects -std=c17 -fwrapv -ftrivial-auto-var-init=zero -U__STRICT_ANSI__ -fno-common -Werror=attributes -ffunction-sections -fdata-sections -fvisibility=hidden -Wall -W -pedantic -Wc90-c99-compat -Wno-long-long -Wno-stringop-truncation -Wno-shift-negative-value -Werror=implicit -Werror=missing-braces -Werror=return-type -Werror=trigraphs -Werror=pointer-arith -Werror=strict-prototypes -Werror=missing-prototypes -Werror=missing-declarations -Werror=comment -Werror=vla -DHAVE_CONFIG_H -I. -I. -I./include -I./include -I./x86 -I./x86 -I./asm -I./asm -I./disasm -I./disasm -I./output -I./output -o nasmlib/rlimit.o nasmlib/rlimit.c
x86_64-unknown-linux-gnu-gcc -c  -O2 -m64 -march=x86-64 -mtune=generic -flto=auto -ffat-lto-objects -std=c17 -fwrapv -ftrivial-auto-var-init=zero -U__STRICT_ANSI__ -fno-common -Werror=attributes -ffunction-sections -fdata-sections -fvisibility=hidden -Wall -W -pedantic -Wc90-c99-compat -Wno-long-long -Wno-stringop-truncation -Wno-shift-negative-value -Werror=implicit -Werror=missing-braces -Werror=return-type -Werror=trigraphs -Werror=pointer-arith -Werror=strict-prototypes -Werror=missing-prototypes -Werror=missing-declarations -Werror=comment -Werror=vla -DHAVE_CONFIG_H -I. -I. -I./include -I./include -I./x86 -I./x86 -I./asm -I./asm -I./disasm -I./disasm -I./output -I./output -o nasmlib/zerobuf.o nasmlib/zerobuf.c
x86_64-unknown-linux-gnu-gcc -c  -O2 -m64 -march=x86-64 -mtune=generic -flto=auto -ffat-lto-objects -std=c17 -fwrapv -ftrivial-auto-var-init=zero -U__STRICT_ANSI__ -fno-common -Werror=attributes -ffunction-sections -fdata-sections -fvisibility=hidden -Wall -W -pedantic -Wc90-c99-compat -Wno-long-long -Wno-stringop-truncation -Wno-shift-negative-value -Werror=implicit -Werror=missing-braces -Werror=return-type -Werror=trigraphs -Werror=pointer-arith -Werror=strict-prototypes -Werror=missing-prototypes -Werror=missing-declarations -Werror=comment -Werror=vla -DHAVE_CONFIG_H -I. -I. -I./include -I./include -I./x86 -I./x86 -I./asm -I./asm -I./disasm -I./disasm -I./output -I./output -o nasmlib/readnum.o nasmlib/readnum.c
x86_64-unknown-linux-gnu-gcc -c  -O2 -m64 -march=x86-64 -mtune=generic -flto=auto -ffat-lto-objects -std=c17 -fwrapv -ftrivial-auto-var-init=zero -U__STRICT_ANSI__ -fno-common -Werror=attributes -ffunction-sections -fdata-sections -fvisibility=hidden -Wall -W -pedantic -Wc90-c99-compat -Wno-long-long -Wno-stringop-truncation -Wno-shift-negative-value -Werror=implicit -Werror=missing-braces -Werror=return-type -Werror=trigraphs -Werror=pointer-arith -Werror=strict-prototypes -Werror=missing-prototypes -Werror=missing-declarations -Werror=comment -Werror=vla -DHAVE_CONFIG_H -I. -I. -I./include -I./include -I./x86 -I./x86 -I./asm -I./asm -I./disasm -I./disasm -I./output -I./output -o nasmlib/bsi.o nasmlib/bsi.c
x86_64-unknown-linux-gnu-gcc -c  -O2 -m64 -march=x86-64 -mtune=generic -flto=auto -ffat-lto-objects -std=c17 -fwrapv -ftrivial-auto-var-init=zero -U__STRICT_ANSI__ -fno-common -Werror=attributes -ffunction-sections -fdata-sections -fvisibility=hidden -Wall -W -pedantic -Wc90-c99-compat -Wno-long-long -Wno-stringop-truncation -Wno-shift-negative-value -Werror=implicit -Werror=missing-braces -Werror=return-type -Werror=trigraphs -Werror=pointer-arith -Werror=strict-prototypes -Werror=missing-prototypes -Werror=missing-declarations -Werror=comment -Werror=vla -DHAVE_CONFIG_H -I. -I. -I./include -I./include -I./x86 -I./x86 -I./asm -I./asm -I./disasm -I./disasm -I./output -I./output -o nasmlib/rbtree.o nasmlib/rbtree.c
x86_64-unknown-linux-gnu-gcc -c  -O2 -m64 -march=x86-64 -mtune=generic -flto=auto -ffat-lto-objects -std=c17 -fwrapv -ftrivial-auto-var-init=zero -U__STRICT_ANSI__ -fno-common -Werror=attributes -ffunction-sections -fdata-sections -fvisibility=hidden -Wall -W -pedantic -Wc90-c99-compat -Wno-long-long -Wno-stringop-truncation -Wno-shift-negative-value -Werror=implicit -Werror=missing-braces -Werror=return-type -Werror=trigraphs -Werror=pointer-arith -Werror=strict-prototypes -Werror=missing-prototypes -Werror=missing-declarations -Werror=comment -Werror=vla -DHAVE_CONFIG_H -I. -I. -I./include -I./include -I./x86 -I./x86 -I./asm -I./asm -I./disasm -I./disasm -I./output -I./output -o nasmlib/hashtbl.o nasmlib/hashtbl.c
x86_64-unknown-linux-gnu-gcc -c  -O2 -m64 -march=x86-64 -mtune=generic -flto=auto -ffat-lto-objects -std=c17 -fwrapv -ftrivial-auto-var-init=zero -U__STRICT_ANSI__ -fno-common -Werror=attributes -ffunction-sections -fdata-sections -fvisibility=hidden -Wall -W -pedantic -Wc90-c99-compat -Wno-long-long -Wno-stringop-truncation -Wno-shift-negative-value -Werror=implicit -Werror=missing-braces -Werror=return-type -Werror=trigraphs -Werror=pointer-arith -Werror=strict-prototypes -Werror=missing-prototypes -Werror=missing-declarations -Werror=comment -Werror=vla -DHAVE_CONFIG_H -I. -I. -I./include -I./include -I./x86 -I./x86 -I./asm -I./asm -I./disasm -I./disasm -I./output -I./output -o nasmlib/raa.o nasmlib/raa.c
x86_64-unknown-linux-gnu-gcc -c  -O2 -m64 -march=x86-64 -mtune=generic -flto=auto -ffat-lto-objects -std=c17 -fwrapv -ftrivial-auto-var-init=zero -U__STRICT_ANSI__ -fno-common -Werror=attributes -ffunction-sections -fdata-sections -fvisibility=hidden -Wall -W -pedantic -Wc90-c99-compat -Wno-long-long -Wno-stringop-truncation -Wno-shift-negative-value -Werror=implicit -Werror=missing-braces -Werror=return-type -Werror=trigraphs -Werror=pointer-arith -Werror=strict-prototypes -Werror=missing-prototypes -Werror=missing-declarations -Werror=comment -Werror=vla -DHAVE_CONFIG_H -I. -I. -I./include -I./include -I./x86 -I./x86 -I./asm -I./asm -I./disasm -I./disasm -I./output -I./output -o nasmlib/saa.o nasmlib/saa.c
x86_64-unknown-linux-gnu-gcc -c  -O2 -m64 -march=x86-64 -mtune=generic -flto=auto -ffat-lto-objects -std=c17 -fwrapv -ftrivial-auto-var-init=zero -U__STRICT_ANSI__ -fno-common -Werror=attributes -ffunction-sections -fdata-sections -fvisibility=hidden -Wall -W -pedantic -Wc90-c99-compat -Wno-long-long -Wno-stringop-truncation -Wno-shift-negative-value -Werror=implicit -Werror=missing-braces -Werror=return-type -Werror=trigraphs -Werror=pointer-arith -Werror=strict-prototypes -Werror=missing-prototypes -Werror=missing-declarations -Werror=comment -Werror=vla -DHAVE_CONFIG_H -I. -I. -I./include -I./include -I./x86 -I./x86 -I./asm -I./asm -I./disasm -I./disasm -I./output -I./output -o nasmlib/strlist.o nasmlib/strlist.c
x86_64-unknown-linux-gnu-gcc -c  -O2 -m64 -march=x86-64 -mtune=generic -flto=auto -ffat-lto-objects -std=c17 -fwrapv -ftrivial-auto-var-init=zero -U__STRICT_ANSI__ -fno-common -Werror=attributes -ffunction-sections -fdata-sections -fvisibility=hidden -Wall -W -pedantic -Wc90-c99-compat -Wno-long-long -Wno-stringop-truncation -Wno-shift-negative-value -Werror=implicit -Werror=missing-braces -Werror=return-type -Werror=trigraphs -Werror=pointer-arith -Werror=strict-prototypes -Werror=missing-prototypes -Werror=missing-declarations -Werror=comment -Werror=vla -DHAVE_CONFIG_H -I. -I. -I./include -I./include -I./x86 -I./x86 -I./asm -I./asm -I./disasm -I./disasm -I./output -I./output -o nasmlib/perfhash.o nasmlib/perfhash.c
x86_64-unknown-linux-gnu-gcc -c  -O2 -m64 -march=x86-64 -mtune=generic -flto=auto -ffat-lto-objects -std=c17 -fwrapv -ftrivial-auto-var-init=zero -U__STRICT_ANSI__ -fno-common -Werror=attributes -ffunction-sections -fdata-sections -fvisibility=hidden -Wall -W -pedantic -Wc90-c99-compat -Wno-long-long -Wno-stringop-truncation -Wno-shift-negative-value -Werror=implicit -Werror=missing-braces -Werror=return-type -Werror=trigraphs -Werror=pointer-arith -Werror=strict-prototypes -Werror=missing-prototypes -Werror=missing-declarations -Werror=comment -Werror=vla -DHAVE_CONFIG_H -I. -I. -I./include -I./include -I./x86 -I./x86 -I./asm -I./asm -I./disasm -I./disasm -I./output -I./output -o nasmlib/badenum.o nasmlib/badenum.c
x86_64-unknown-linux-gnu-gcc -c  -O2 -m64 -march=x86-64 -mtune=generic -flto=auto -ffat-lto-objects -std=c17 -fwrapv -ftrivial-auto-var-init=zero -U__STRICT_ANSI__ -fno-common -Werror=attributes -ffunction-sections -fdata-sections -fvisibility=hidden -Wall -W -pedantic -Wc90-c99-compat -Wno-long-long -Wno-stringop-truncation -Wno-shift-negative-value -Werror=implicit -Werror=missing-braces -Werror=return-type -Werror=trigraphs -Werror=pointer-arith -Werror=strict-prototypes -Werror=missing-prototypes -Werror=missing-declarations -Werror=comment -Werror=vla -DHAVE_CONFIG_H -I. -I. -I./include -I./include -I./x86 -I./x86 -I./asm -I./asm -I./disasm -I./disasm -I./output -I./output -o common/common.o common/common.c
x86_64-unknown-linux-gnu-gcc -c  -O2 -m64 -march=x86-64 -mtune=generic -flto=auto -ffat-lto-objects -std=c17 -fwrapv -ftrivial-auto-var-init=zero -U__STRICT_ANSI__ -fno-common -Werror=attributes -ffunction-sections -fdata-sections -fvisibility=hidden -Wall -W -pedantic -Wc90-c99-compat -Wno-long-long -Wno-stringop-truncation -Wno-shift-negative-value -Werror=implicit -Werror=missing-braces -Werror=return-type -Werror=trigraphs -Werror=pointer-arith -Werror=strict-prototypes -Werror=missing-prototypes -Werror=missing-declarations -Werror=comment -Werror=vla -DHAVE_CONFIG_H -I. -I. -I./include -I./include -I./x86 -I./x86 -I./asm -I./asm -I./disasm -I./disasm -I./output -I./output -o x86/insnsa.o x86/insnsa.c
x86_64-unknown-linux-gnu-gcc -c  -O2 -m64 -march=x86-64 -mtune=generic -flto=auto -ffat-lto-objects -std=c17 -fwrapv -ftrivial-auto-var-init=zero -U__STRICT_ANSI__ -fno-common -Werror=attributes -ffunction-sections -fdata-sections -fvisibility=hidden -Wall -W -pedantic -Wc90-c99-compat -Wno-long-long -Wno-stringop-truncation -Wno-shift-negative-value -Werror=implicit -Werror=missing-braces -Werror=return-type -Werror=trigraphs -Werror=pointer-arith -Werror=strict-prototypes -Werror=missing-prototypes -Werror=missing-declarations -Werror=comment -Werror=vla -DHAVE_CONFIG_H -I. -I. -I./include -I./include -I./x86 -I./x86 -I./asm -I./asm -I./disasm -I./disasm -I./output -I./output -o x86/insnsb.o x86/insnsb.c
x86_64-unknown-linux-gnu-gcc -c  -O2 -m64 -march=x86-64 -mtune=generic -flto=auto -ffat-lto-objects -std=c17 -fwrapv -ftrivial-auto-var-init=zero -U__STRICT_ANSI__ -fno-common -Werror=attributes -ffunction-sections -fdata-sections -fvisibility=hidden -Wall -W -pedantic -Wc90-c99-compat -Wno-long-long -Wno-stringop-truncation -Wno-shift-negative-value -Werror=implicit -Werror=missing-braces -Werror=return-type -Werror=trigraphs -Werror=pointer-arith -Werror=strict-prototypes -Werror=missing-prototypes -Werror=missing-declarations -Werror=comment -Werror=vla -DHAVE_CONFIG_H -I. -I. -I./include -I./include -I./x86 -I./x86 -I./asm -I./asm -I./disasm -I./disasm -I./output -I./output -o x86/insnsd.o x86/insnsd.c
x86_64-unknown-linux-gnu-gcc -c  -O2 -m64 -march=x86-64 -mtune=generic -flto=auto -ffat-lto-objects -std=c17 -fwrapv -ftrivial-auto-var-init=zero -U__STRICT_ANSI__ -fno-common -Werror=attributes -ffunction-sections -fdata-sections -fvisibility=hidden -Wall -W -pedantic -Wc90-c99-compat -Wno-long-long -Wno-stringop-truncation -Wno-shift-negative-value -Werror=implicit -Werror=missing-braces -Werror=return-type -Werror=trigraphs -Werror=pointer-arith -Werror=strict-prototypes -Werror=missing-prototypes -Werror=missing-declarations -Werror=comment -Werror=vla -DHAVE_CONFIG_H -I. -I. -I./include -I./include -I./x86 -I./x86 -I./asm -I./asm -I./disasm -I./disasm -I./output -I./output -o x86/insnsn.o x86/insnsn.c
x86_64-unknown-linux-gnu-gcc -c  -O2 -m64 -march=x86-64 -mtune=generic -flto=auto -ffat-lto-objects -std=c17 -fwrapv -ftrivial-auto-var-init=zero -U__STRICT_ANSI__ -fno-common -Werror=attributes -ffunction-sections -fdata-sections -fvisibility=hidden -Wall -W -pedantic -Wc90-c99-compat -Wno-long-long -Wno-stringop-truncation -Wno-shift-negative-value -Werror=implicit -Werror=missing-braces -Werror=return-type -Werror=trigraphs -Werror=pointer-arith -Werror=strict-prototypes -Werror=missing-prototypes -Werror=missing-declarations -Werror=comment -Werror=vla -DHAVE_CONFIG_H -I. -I. -I./include -I./include -I./x86 -I./x86 -I./asm -I./asm -I./disasm -I./disasm -I./output -I./output -o x86/regs.o x86/regs.c
x86_64-unknown-linux-gnu-gcc -c  -O2 -m64 -march=x86-64 -mtune=generic -flto=auto -ffat-lto-objects -std=c17 -fwrapv -ftrivial-auto-var-init=zero -U__STRICT_ANSI__ -fno-common -Werror=attributes -ffunction-sections -fdata-sections -fvisibility=hidden -Wall -W -pedantic -Wc90-c99-compat -Wno-long-long -Wno-stringop-truncation -Wno-shift-negative-value -Werror=implicit -Werror=missing-braces -Werror=return-type -Werror=trigraphs -Werror=pointer-arith -Werror=strict-prototypes -Werror=missing-prototypes -Werror=missing-declarations -Werror=comment -Werror=vla -DHAVE_CONFIG_H -I. -I. -I./include -I./include -I./x86 -I./x86 -I./asm -I./asm -I./disasm -I./disasm -I./output -I./output -o x86/regvals.o x86/regvals.c
x86_64-unknown-linux-gnu-gcc -c  -O2 -m64 -march=x86-64 -mtune=generic -flto=auto -ffat-lto-objects -std=c17 -fwrapv -ftrivial-auto-var-init=zero -U__STRICT_ANSI__ -fno-common -Werror=attributes -ffunction-sections -fdata-sections -fvisibility=hidden -Wall -W -pedantic -Wc90-c99-compat -Wno-long-long -Wno-stringop-truncation -Wno-shift-negative-value -Werror=implicit -Werror=missing-braces -Werror=return-type -Werror=trigraphs -Werror=pointer-arith -Werror=strict-prototypes -Werror=missing-prototypes -Werror=missing-declarations -Werror=comment -Werror=vla -DHAVE_CONFIG_H -I. -I. -I./include -I./include -I./x86 -I./x86 -I./asm -I./asm -I./disasm -I./disasm -I./output -I./output -o x86/regflags.o x86/regflags.c
x86_64-unknown-linux-gnu-gcc -c  -O2 -m64 -march=x86-64 -mtune=generic -flto=auto -ffat-lto-objects -std=c17 -fwrapv -ftrivial-auto-var-init=zero -U__STRICT_ANSI__ -fno-common -Werror=attributes -ffunction-sections -fdata-sections -fvisibility=hidden -Wall -W -pedantic -Wc90-c99-compat -Wno-long-long -Wno-stringop-truncation -Wno-shift-negative-value -Werror=implicit -Werror=missing-braces -Werror=return-type -Werror=trigraphs -Werror=pointer-arith -Werror=strict-prototypes -Werror=missing-prototypes -Werror=missing-declarations -Werror=comment -Werror=vla -DHAVE_CONFIG_H -I. -I. -I./include -I./include -I./x86 -I./x86 -I./asm -I./asm -I./disasm -I./disasm -I./output -I./output -o x86/regdis.o x86/regdis.c
x86_64-unknown-linux-gnu-gcc -c  -O2 -m64 -march=x86-64 -mtune=generic -flto=auto -ffat-lto-objects -std=c17 -fwrapv -ftrivial-auto-var-init=zero -U__STRICT_ANSI__ -fno-common -Werror=attributes -ffunction-sections -fdata-sections -fvisibility=hidden -Wall -W -pedantic -Wc90-c99-compat -Wno-long-long -Wno-stringop-truncation -Wno-shift-negative-value -Werror=implicit -Werror=missing-braces -Werror=return-type -Werror=trigraphs -Werror=pointer-arith -Werror=strict-prototypes -Werror=missing-prototypes -Werror=missing-declarations -Werror=comment -Werror=vla -DHAVE_CONFIG_H -I. -I. -I./include -I./include -I./x86 -I./x86 -I./asm -I./asm -I./disasm -I./disasm -I./output -I./output -o x86/disp8.o x86/disp8.c
x86_64-unknown-linux-gnu-gcc -c  -O2 -m64 -march=x86-64 -mtune=generic -flto=auto -ffat-lto-objects -std=c17 -fwrapv -ftrivial-auto-var-init=zero -U__STRICT_ANSI__ -fno-common -Werror=attributes -ffunction-sections -fdata-sections -fvisibility=hidden -Wall -W -pedantic -Wc90-c99-compat -Wno-long-long -Wno-stringop-truncation -Wno-shift-negative-value -Werror=implicit -Werror=missing-braces -Werror=return-type -Werror=trigraphs -Werror=pointer-arith -Werror=strict-prototypes -Werror=missing-prototypes -Werror=missing-declarations -Werror=comment -Werror=vla -DHAVE_CONFIG_H -I. -I. -I./include -I./include -I./x86 -I./x86 -I./asm -I./asm -I./disasm -I./disasm -I./output -I./output -o x86/iflag.o x86/iflag.c
x86_64-unknown-linux-gnu-gcc -c  -O2 -m64 -march=x86-64 -mtune=generic -flto=auto -ffat-lto-objects -std=c17 -fwrapv -ftrivial-auto-var-init=zero -U__STRICT_ANSI__ -fno-common -Werror=attributes -ffunction-sections -fdata-sections -fvisibility=hidden -Wall -W -pedantic -Wc90-c99-compat -Wno-long-long -Wno-stringop-truncation -Wno-shift-negative-value -Werror=implicit -Werror=missing-braces -Werror=return-type -Werror=trigraphs -Werror=pointer-arith -Werror=strict-prototypes -Werror=missing-prototypes -Werror=missing-declarations -Werror=comment -Werror=vla -DHAVE_CONFIG_H -I. -I. -I./include -I./include -I./x86 -I./x86 -I./asm -I./asm -I./disasm -I./disasm -I./output -I./output -o asm/error.o asm/error.c
x86_64-unknown-linux-gnu-gcc -c  -O2 -m64 -march=x86-64 -mtune=generic -flto=auto -ffat-lto-objects -std=c17 -fwrapv -ftrivial-auto-var-init=zero -U__STRICT_ANSI__ -fno-common -Werror=attributes -ffunction-sections -fdata-sections -fvisibility=hidden -Wall -W -pedantic -Wc90-c99-compat -Wno-long-long -Wno-stringop-truncation -Wno-shift-negative-value -Werror=implicit -Werror=missing-braces -Werror=return-type -Werror=trigraphs -Werror=pointer-arith -Werror=strict-prototypes -Werror=missing-prototypes -Werror=missing-declarations -Werror=comment -Werror=vla -DHAVE_CONFIG_H -I. -I. -I./include -I./include -I./x86 -I./x86 -I./asm -I./asm -I./disasm -I./disasm -I./output -I./output -o asm/floats.o asm/floats.c
x86_64-unknown-linux-gnu-gcc -c  -O2 -m64 -march=x86-64 -mtune=generic -flto=auto -ffat-lto-objects -std=c17 -fwrapv -ftrivial-auto-var-init=zero -U__STRICT_ANSI__ -fno-common -Werror=attributes -ffunction-sections -fdata-sections -fvisibility=hidden -Wall -W -pedantic -Wc90-c99-compat -Wno-long-long -Wno-stringop-truncation -Wno-shift-negative-value -Werror=implicit -Werror=missing-braces -Werror=return-type -Werror=trigraphs -Werror=pointer-arith -Werror=strict-prototypes -Werror=missing-prototypes -Werror=missing-declarations -Werror=comment -Werror=vla -DHAVE_CONFIG_H -I. -I. -I./include -I./include -I./x86 -I./x86 -I./asm -I./asm -I./disasm -I./disasm -I./output -I./output -o asm/directiv.o asm/directiv.c
x86_64-unknown-linux-gnu-gcc -c  -O2 -m64 -march=x86-64 -mtune=generic -flto=auto -ffat-lto-objects -std=c17 -fwrapv -ftrivial-auto-var-init=zero -U__STRICT_ANSI__ -fno-common -Werror=attributes -ffunction-sections -fdata-sections -fvisibility=hidden -Wall -W -pedantic -Wc90-c99-compat -Wno-long-long -Wno-stringop-truncation -Wno-shift-negative-value -Werror=implicit -Werror=missing-braces -Werror=return-type -Werror=trigraphs -Werror=pointer-arith -Werror=strict-prototypes -Werror=missing-prototypes -Werror=missing-declarations -Werror=comment -Werror=vla -DHAVE_CONFIG_H -I. -I. -I./include -I./include -I./x86 -I./x86 -I./asm -I./asm -I./disasm -I./disasm -I./output -I./output -o asm/directbl.o asm/directbl.c
x86_64-unknown-linux-gnu-gcc -c  -O2 -m64 -march=x86-64 -mtune=generic -flto=auto -ffat-lto-objects -std=c17 -fwrapv -ftrivial-auto-var-init=zero -U__STRICT_ANSI__ -fno-common -Werror=attributes -ffunction-sections -fdata-sections -fvisibility=hidden -Wall -W -pedantic -Wc90-c99-compat -Wno-long-long -Wno-stringop-truncation -Wno-shift-negative-value -Werror=implicit -Werror=missing-braces -Werror=return-type -Werror=trigraphs -Werror=pointer-arith -Werror=strict-prototypes -Werror=missing-prototypes -Werror=missing-declarations -Werror=comment -Werror=vla -DHAVE_CONFIG_H -I. -I. -I./include -I./include -I./x86 -I./x86 -I./asm -I./asm -I./disasm -I./disasm -I./output -I./output -o asm/pragma.o asm/pragma.c
x86_64-unknown-linux-gnu-gcc -c  -O2 -m64 -march=x86-64 -mtune=generic -flto=auto -ffat-lto-objects -std=c17 -fwrapv -ftrivial-auto-var-init=zero -U__STRICT_ANSI__ -fno-common -Werror=attributes -ffunction-sections -fdata-sections -fvisibility=hidden -Wall -W -pedantic -Wc90-c99-compat -Wno-long-long -Wno-stringop-truncation -Wno-shift-negative-value -Werror=implicit -Werror=missing-braces -Werror=return-type -Werror=trigraphs -Werror=pointer-arith -Werror=strict-prototypes -Werror=missing-prototypes -Werror=missing-declarations -Werror=comment -Werror=vla -DHAVE_CONFIG_H -I. -I. -I./include -I./include -I./x86 -I./x86 -I./asm -I./asm -I./disasm -I./disasm -I./output -I./output -o asm/assemble.o asm/assemble.c
x86_64-unknown-linux-gnu-gcc -c  -O2 -m64 -march=x86-64 -mtune=generic -flto=auto -ffat-lto-objects -std=c17 -fwrapv -ftrivial-auto-var-init=zero -U__STRICT_ANSI__ -fno-common -Werror=attributes -ffunction-sections -fdata-sections -fvisibility=hidden -Wall -W -pedantic -Wc90-c99-compat -Wno-long-long -Wno-stringop-truncation -Wno-shift-negative-value -Werror=implicit -Werror=missing-braces -Werror=return-type -Werror=trigraphs -Werror=pointer-arith -Werror=strict-prototypes -Werror=missing-prototypes -Werror=missing-declarations -Werror=comment -Werror=vla -DHAVE_CONFIG_H -I. -I. -I./include -I./include -I./x86 -I./x86 -I./asm -I./asm -I./disasm -I./disasm -I./output -I./output -o asm/labels.o asm/labels.c
x86_64-unknown-linux-gnu-gcc -c  -O2 -m64 -march=x86-64 -mtune=generic -flto=auto -ffat-lto-objects -std=c17 -fwrapv -ftrivial-auto-var-init=zero -U__STRICT_ANSI__ -fno-common -Werror=attributes -ffunction-sections -fdata-sections -fvisibility=hidden -Wall -W -pedantic -Wc90-c99-compat -Wno-long-long -Wno-stringop-truncation -Wno-shift-negative-value -Werror=implicit -Werror=missing-braces -Werror=return-type -Werror=trigraphs -Werror=pointer-arith -Werror=strict-prototypes -Werror=missing-prototypes -Werror=missing-declarations -Werror=comment -Werror=vla -DHAVE_CONFIG_H -I. -I. -I./include -I./include -I./x86 -I./x86 -I./asm -I./asm -I./disasm -I./disasm -I./output -I./output -o asm/parser.o asm/parser.c
x86_64-unknown-linux-gnu-gcc -c  -O2 -m64 -march=x86-64 -mtune=generic -flto=auto -ffat-lto-objects -std=c17 -fwrapv -ftrivial-auto-var-init=zero -U__STRICT_ANSI__ -fno-common -Werror=attributes -ffunction-sections -fdata-sections -fvisibility=hidden -Wall -W -pedantic -Wc90-c99-compat -Wno-long-long -Wno-stringop-truncation -Wno-shift-negative-value -Werror=implicit -Werror=missing-braces -Werror=return-type -Werror=trigraphs -Werror=pointer-arith -Werror=strict-prototypes -Werror=missing-prototypes -Werror=missing-declarations -Werror=comment -Werror=vla -DHAVE_CONFIG_H -I. -I. -I./include -I./include -I./x86 -I./x86 -I./asm -I./asm -I./disasm -I./disasm -I./output -I./output -o asm/preproc.o asm/preproc.c
x86_64-unknown-linux-gnu-gcc -c  -O2 -m64 -march=x86-64 -mtune=generic -flto=auto -ffat-lto-objects -std=c17 -fwrapv -ftrivial-auto-var-init=zero -U__STRICT_ANSI__ -fno-common -Werror=attributes -ffunction-sections -fdata-sections -fvisibility=hidden -Wall -W -pedantic -Wc90-c99-compat -Wno-long-long -Wno-stringop-truncation -Wno-shift-negative-value -Werror=implicit -Werror=missing-braces -Werror=return-type -Werror=trigraphs -Werror=pointer-arith -Werror=strict-prototypes -Werror=missing-prototypes -Werror=missing-declarations -Werror=comment -Werror=vla -DHAVE_CONFIG_H -I. -I. -I./include -I./include -I./x86 -I./x86 -I./asm -I./asm -I./disasm -I./disasm -I./output -I./output -o asm/quote.o asm/quote.c
x86_64-unknown-linux-gnu-gcc -c  -O2 -m64 -march=x86-64 -mtune=generic -flto=auto -ffat-lto-objects -std=c17 -fwrapv -ftrivial-auto-var-init=zero -U__STRICT_ANSI__ -fno-common -Werror=attributes -ffunction-sections -fdata-sections -fvisibility=hidden -Wall -W -pedantic -Wc90-c99-compat -Wno-long-long -Wno-stringop-truncation -Wno-shift-negative-value -Werror=implicit -Werror=missing-braces -Werror=return-type -Werror=trigraphs -Werror=pointer-arith -Werror=strict-prototypes -Werror=missing-prototypes -Werror=missing-declarations -Werror=comment -Werror=vla -DHAVE_CONFIG_H -I. -I. -I./include -I./include -I./x86 -I./x86 -I./asm -I./asm -I./disasm -I./disasm -I./output -I./output -o asm/pptok.o asm/pptok.c
x86_64-unknown-linux-gnu-gcc -c  -O2 -m64 -march=x86-64 -mtune=generic -flto=auto -ffat-lto-objects -std=c17 -fwrapv -ftrivial-auto-var-init=zero -U__STRICT_ANSI__ -fno-common -Werror=attributes -ffunction-sections -fdata-sections -fvisibility=hidden -Wall -W -pedantic -Wc90-c99-compat -Wno-long-long -Wno-stringop-truncation -Wno-shift-negative-value -Werror=implicit -Werror=missing-braces -Werror=return-type -Werror=trigraphs -Werror=pointer-arith -Werror=strict-prototypes -Werror=missing-prototypes -Werror=missing-declarations -Werror=comment -Werror=vla -DHAVE_CONFIG_H -I. -I. -I./include -I./include -I./x86 -I./x86 -I./asm -I./asm -I./disasm -I./disasm -I./output -I./output -o asm/listing.o asm/listing.c
x86_64-unknown-linux-gnu-gcc -c  -O2 -m64 -march=x86-64 -mtune=generic -flto=auto -ffat-lto-objects -std=c17 -fwrapv -ftrivial-auto-var-init=zero -U__STRICT_ANSI__ -fno-common -Werror=attributes -ffunction-sections -fdata-sections -fvisibility=hidden -Wall -W -pedantic -Wc90-c99-compat -Wno-long-long -Wno-stringop-truncation -Wno-shift-negative-value -Werror=implicit -Werror=missing-braces -Werror=return-type -Werror=trigraphs -Werror=pointer-arith -Werror=strict-prototypes -Werror=missing-prototypes -Werror=missing-declarations -Werror=comment -Werror=vla -DHAVE_CONFIG_H -I. -I. -I./include -I./include -I./x86 -I./x86 -I./asm -I./asm -I./disasm -I./disasm -I./output -I./output -o asm/eval.o asm/eval.c
x86_64-unknown-linux-gnu-gcc -c  -O2 -m64 -march=x86-64 -mtune=generic -flto=auto -ffat-lto-objects -std=c17 -fwrapv -ftrivial-auto-var-init=zero -U__STRICT_ANSI__ -fno-common -Werror=attributes -ffunction-sections -fdata-sections -fvisibility=hidden -Wall -W -pedantic -Wc90-c99-compat -Wno-long-long -Wno-stringop-truncation -Wno-shift-negative-value -Werror=implicit -Werror=missing-braces -Werror=return-type -Werror=trigraphs -Werror=pointer-arith -Werror=strict-prototypes -Werror=missing-prototypes -Werror=missing-declarations -Werror=comment -Werror=vla -DHAVE_CONFIG_H -I. -I. -I./include -I./include -I./x86 -I./x86 -I./asm -I./asm -I./disasm -I./disasm -I./output -I./output -o asm/exprlib.o asm/exprlib.c
x86_64-unknown-linux-gnu-gcc -c  -O2 -m64 -march=x86-64 -mtune=generic -flto=auto -ffat-lto-objects -std=c17 -fwrapv -ftrivial-auto-var-init=zero -U__STRICT_ANSI__ -fno-common -Werror=attributes -ffunction-sections -fdata-sections -fvisibility=hidden -Wall -W -pedantic -Wc90-c99-compat -Wno-long-long -Wno-stringop-truncation -Wno-shift-negative-value -Werror=implicit -Werror=missing-braces -Werror=return-type -Werror=trigraphs -Werror=pointer-arith -Werror=strict-prototypes -Werror=missing-prototypes -Werror=missing-declarations -Werror=comment -Werror=vla -DHAVE_CONFIG_H -I. -I. -I./include -I./include -I./x86 -I./x86 -I./asm -I./asm -I./disasm -I./disasm -I./output -I./output -o asm/exprdump.o asm/exprdump.c
x86_64-unknown-linux-gnu-gcc -c  -O2 -m64 -march=x86-64 -mtune=generic -flto=auto -ffat-lto-objects -std=c17 -fwrapv -ftrivial-auto-var-init=zero -U__STRICT_ANSI__ -fno-common -Werror=attributes -ffunction-sections -fdata-sections -fvisibility=hidden -Wall -W -pedantic -Wc90-c99-compat -Wno-long-long -Wno-stringop-truncation -Wno-shift-negative-value -Werror=implicit -Werror=missing-braces -Werror=return-type -Werror=trigraphs -Werror=pointer-arith -Werror=strict-prototypes -Werror=missing-prototypes -Werror=missing-declarations -Werror=comment -Werror=vla -DHAVE_CONFIG_H -I. -I. -I./include -I./include -I./x86 -I./x86 -I./asm -I./asm -I./disasm -I./disasm -I./output -I./output -o asm/stdscan.o asm/stdscan.c
x86_64-unknown-linux-gnu-gcc -c  -O2 -m64 -march=x86-64 -mtune=generic -flto=auto -ffat-lto-objects -std=c17 -fwrapv -ftrivial-auto-var-init=zero -U__STRICT_ANSI__ -fno-common -Werror=attributes -ffunction-sections -fdata-sections -fvisibility=hidden -Wall -W -pedantic -Wc90-c99-compat -Wno-long-long -Wno-stringop-truncation -Wno-shift-negative-value -Werror=implicit -Werror=missing-braces -Werror=return-type -Werror=trigraphs -Werror=pointer-arith -Werror=strict-prototypes -Werror=missing-prototypes -Werror=missing-declarations -Werror=comment -Werror=vla -DHAVE_CONFIG_H -I. -I. -I./include -I./include -I./x86 -I./x86 -I./asm -I./asm -I./disasm -I./disasm -I./output -I./output -o asm/strfunc.o asm/strfunc.c
x86_64-unknown-linux-gnu-gcc -c  -O2 -m64 -march=x86-64 -mtune=generic -flto=auto -ffat-lto-objects -std=c17 -fwrapv -ftrivial-auto-var-init=zero -U__STRICT_ANSI__ -fno-common -Werror=attributes -ffunction-sections -fdata-sections -fvisibility=hidden -Wall -W -pedantic -Wc90-c99-compat -Wno-long-long -Wno-stringop-truncation -Wno-shift-negative-value -Werror=implicit -Werror=missing-braces -Werror=return-type -Werror=trigraphs -Werror=pointer-arith -Werror=strict-prototypes -Werror=missing-prototypes -Werror=missing-declarations -Werror=comment -Werror=vla -DHAVE_CONFIG_H -I. -I. -I./include -I./include -I./x86 -I./x86 -I./asm -I./asm -I./disasm -I./disasm -I./output -I./output -o asm/tokhash.o asm/tokhash.c
x86_64-unknown-linux-gnu-gcc -c  -O2 -m64 -march=x86-64 -mtune=generic -flto=auto -ffat-lto-objects -std=c17 -fwrapv -ftrivial-auto-var-init=zero -U__STRICT_ANSI__ -fno-common -Werror=attributes -ffunction-sections -fdata-sections -fvisibility=hidden -Wall -W -pedantic -Wc90-c99-compat -Wno-long-long -Wno-stringop-truncation -Wno-shift-negative-value -Werror=implicit -Werror=missing-braces -Werror=return-type -Werror=trigraphs -Werror=pointer-arith -Werror=strict-prototypes -Werror=missing-prototypes -Werror=missing-declarations -Werror=comment -Werror=vla -DHAVE_CONFIG_H -I. -I. -I./include -I./include -I./x86 -I./x86 -I./asm -I./asm -I./disasm -I./disasm -I./output -I./output -o asm/segalloc.o asm/segalloc.c
x86_64-unknown-linux-gnu-gcc -c  -O2 -m64 -march=x86-64 -mtune=generic -flto=auto -ffat-lto-objects -std=c17 -fwrapv -ftrivial-auto-var-init=zero -U__STRICT_ANSI__ -fno-common -Werror=attributes -ffunction-sections -fdata-sections -fvisibility=hidden -Wall -W -pedantic -Wc90-c99-compat -Wno-long-long -Wno-stringop-truncation -Wno-shift-negative-value -Werror=implicit -Werror=missing-braces -Werror=return-type -Werror=trigraphs -Werror=pointer-arith -Werror=strict-prototypes -Werror=missing-prototypes -Werror=missing-declarations -Werror=comment -Werror=vla -DHAVE_CONFIG_H -I. -I. -I./include -I./include -I./x86 -I./x86 -I./asm -I./asm -I./disasm -I./disasm -I./output -I./output -o asm/rdstrnum.o asm/rdstrnum.c
x86_64-unknown-linux-gnu-gcc -c  -O2 -m64 -march=x86-64 -mtune=generic -flto=auto -ffat-lto-objects -std=c17 -fwrapv -ftrivial-auto-var-init=zero -U__STRICT_ANSI__ -fno-common -Werror=attributes -ffunction-sections -fdata-sections -fvisibility=hidden -Wall -W -pedantic -Wc90-c99-compat -Wno-long-long -Wno-stringop-truncation -Wno-shift-negative-value -Werror=implicit -Werror=missing-braces -Werror=return-type -Werror=trigraphs -Werror=pointer-arith -Werror=strict-prototypes -Werror=missing-prototypes -Werror=missing-declarations -Werror=comment -Werror=vla -DHAVE_CONFIG_H -I. -I. -I./include -I./include -I./x86 -I./x86 -I./asm -I./asm -I./disasm -I./disasm -I./output -I./output -o asm/srcfile.o asm/srcfile.c
x86_64-unknown-linux-gnu-gcc -c  -O2 -m64 -march=x86-64 -mtune=generic -flto=auto -ffat-lto-objects -std=c17 -fwrapv -ftrivial-auto-var-init=zero -U__STRICT_ANSI__ -fno-common -Werror=attributes -ffunction-sections -fdata-sections -fvisibility=hidden -Wall -W -pedantic -Wc90-c99-compat -Wno-long-long -Wno-stringop-truncation -Wno-shift-negative-value -Werror=implicit -Werror=missing-braces -Werror=return-type -Werror=trigraphs -Werror=pointer-arith -Werror=strict-prototypes -Werror=missing-prototypes -Werror=missing-declarations -Werror=comment -Werror=vla -DHAVE_CONFIG_H -I. -I. -I./include -I./include -I./x86 -I./x86 -I./asm -I./asm -I./disasm -I./disasm -I./output -I./output -o macros/macros.o macros/macros.c
x86_64-unknown-linux-gnu-gcc -c  -O2 -m64 -march=x86-64 -mtune=generic -flto=auto -ffat-lto-objects -std=c17 -fwrapv -ftrivial-auto-var-init=zero -U__STRICT_ANSI__ -fno-common -Werror=attributes -ffunction-sections -fdata-sections -fvisibility=hidden -Wall -W -pedantic -Wc90-c99-compat -Wno-long-long -Wno-stringop-truncation -Wno-shift-negative-value -Werror=implicit -Werror=missing-braces -Werror=return-type -Werror=trigraphs -Werror=pointer-arith -Werror=strict-prototypes -Werror=missing-prototypes -Werror=missing-declarations -Werror=comment -Werror=vla -DHAVE_CONFIG_H -I. -I. -I./include -I./include -I./x86 -I./x86 -I./asm -I./asm -I./disasm -I./disasm -I./output -I./output -o output/outform.o output/outform.c
x86_64-unknown-linux-gnu-gcc -c  -O2 -m64 -march=x86-64 -mtune=generic -flto=auto -ffat-lto-objects -std=c17 -fwrapv -ftrivial-auto-var-init=zero -U__STRICT_ANSI__ -fno-common -Werror=attributes -ffunction-sections -fdata-sections -fvisibility=hidden -Wall -W -pedantic -Wc90-c99-compat -Wno-long-long -Wno-stringop-truncation -Wno-shift-negative-value -Werror=implicit -Werror=missing-braces -Werror=return-type -Werror=trigraphs -Werror=pointer-arith -Werror=strict-prototypes -Werror=missing-prototypes -Werror=missing-declarations -Werror=comment -Werror=vla -DHAVE_CONFIG_H -I. -I. -I./include -I./include -I./x86 -I./x86 -I./asm -I./asm -I./disasm -I./disasm -I./output -I./output -o output/outlib.o output/outlib.c
x86_64-unknown-linux-gnu-gcc -c  -O2 -m64 -march=x86-64 -mtune=generic -flto=auto -ffat-lto-objects -std=c17 -fwrapv -ftrivial-auto-var-init=zero -U__STRICT_ANSI__ -fno-common -Werror=attributes -ffunction-sections -fdata-sections -fvisibility=hidden -Wall -W -pedantic -Wc90-c99-compat -Wno-long-long -Wno-stringop-truncation -Wno-shift-negative-value -Werror=implicit -Werror=missing-braces -Werror=return-type -Werror=trigraphs -Werror=pointer-arith -Werror=strict-prototypes -Werror=missing-prototypes -Werror=missing-declarations -Werror=comment -Werror=vla -DHAVE_CONFIG_H -I. -I. -I./include -I./include -I./x86 -I./x86 -I./asm -I./asm -I./disasm -I./disasm -I./output -I./output -o output/legacy.o output/legacy.c
x86_64-unknown-linux-gnu-gcc -c  -O2 -m64 -march=x86-64 -mtune=generic -flto=auto -ffat-lto-objects -std=c17 -fwrapv -ftrivial-auto-var-init=zero -U__STRICT_ANSI__ -fno-common -Werror=attributes -ffunction-sections -fdata-sections -fvisibility=hidden -Wall -W -pedantic -Wc90-c99-compat -Wno-long-long -Wno-stringop-truncation -Wno-shift-negative-value -Werror=implicit -Werror=missing-braces -Werror=return-type -Werror=trigraphs -Werror=pointer-arith -Werror=strict-prototypes -Werror=missing-prototypes -Werror=missing-declarations -Werror=comment -Werror=vla -DHAVE_CONFIG_H -I. -I. -I./include -I./include -I./x86 -I./x86 -I./asm -I./asm -I./disasm -I./disasm -I./output -I./output -o output/nulldbg.o output/nulldbg.c
x86_64-unknown-linux-gnu-gcc -c  -O2 -m64 -march=x86-64 -mtune=generic -flto=auto -ffat-lto-objects -std=c17 -fwrapv -ftrivial-auto-var-init=zero -U__STRICT_ANSI__ -fno-common -Werror=attributes -ffunction-sections -fdata-sections -fvisibility=hidden -Wall -W -pedantic -Wc90-c99-compat -Wno-long-long -Wno-stringop-truncation -Wno-shift-negative-value -Werror=implicit -Werror=missing-braces -Werror=return-type -Werror=trigraphs -Werror=pointer-arith -Werror=strict-prototypes -Werror=missing-prototypes -Werror=missing-declarations -Werror=comment -Werror=vla -DHAVE_CONFIG_H -I. -I. -I./include -I./include -I./x86 -I./x86 -I./asm -I./asm -I./disasm -I./disasm -I./output -I./output -o output/nullout.o output/nullout.c
x86_64-unknown-linux-gnu-gcc -c  -O2 -m64 -march=x86-64 -mtune=generic -flto=auto -ffat-lto-objects -std=c17 -fwrapv -ftrivial-auto-var-init=zero -U__STRICT_ANSI__ -fno-common -Werror=attributes -ffunction-sections -fdata-sections -fvisibility=hidden -Wall -W -pedantic -Wc90-c99-compat -Wno-long-long -Wno-stringop-truncation -Wno-shift-negative-value -Werror=implicit -Werror=missing-braces -Werror=return-type -Werror=trigraphs -Werror=pointer-arith -Werror=strict-prototypes -Werror=missing-prototypes -Werror=missing-declarations -Werror=comment -Werror=vla -DHAVE_CONFIG_H -I. -I. -I./include -I./include -I./x86 -I./x86 -I./asm -I./asm -I./disasm -I./disasm -I./output -I./output -o output/outbin.o output/outbin.c
x86_64-unknown-linux-gnu-gcc -c  -O2 -m64 -march=x86-64 -mtune=generic -flto=auto -ffat-lto-objects -std=c17 -fwrapv -ftrivial-auto-var-init=zero -U__STRICT_ANSI__ -fno-common -Werror=attributes -ffunction-sections -fdata-sections -fvisibility=hidden -Wall -W -pedantic -Wc90-c99-compat -Wno-long-long -Wno-stringop-truncation -Wno-shift-negative-value -Werror=implicit -Werror=missing-braces -Werror=return-type -Werror=trigraphs -Werror=pointer-arith -Werror=strict-prototypes -Werror=missing-prototypes -Werror=missing-declarations -Werror=comment -Werror=vla -DHAVE_CONFIG_H -I. -I. -I./include -I./include -I./x86 -I./x86 -I./asm -I./asm -I./disasm -I./disasm -I./output -I./output -o output/outaout.o output/outaout.c
x86_64-unknown-linux-gnu-gcc -c  -O2 -m64 -march=x86-64 -mtune=generic -flto=auto -ffat-lto-objects -std=c17 -fwrapv -ftrivial-auto-var-init=zero -U__STRICT_ANSI__ -fno-common -Werror=attributes -ffunction-sections -fdata-sections -fvisibility=hidden -Wall -W -pedantic -Wc90-c99-compat -Wno-long-long -Wno-stringop-truncation -Wno-shift-negative-value -Werror=implicit -Werror=missing-braces -Werror=return-type -Werror=trigraphs -Werror=pointer-arith -Werror=strict-prototypes -Werror=missing-prototypes -Werror=missing-declarations -Werror=comment -Werror=vla -DHAVE_CONFIG_H -I. -I. -I./include -I./include -I./x86 -I./x86 -I./asm -I./asm -I./disasm -I./disasm -I./output -I./output -o output/outcoff.o output/outcoff.c
x86_64-unknown-linux-gnu-gcc -c  -O2 -m64 -march=x86-64 -mtune=generic -flto=auto -ffat-lto-objects -std=c17 -fwrapv -ftrivial-auto-var-init=zero -U__STRICT_ANSI__ -fno-common -Werror=attributes -ffunction-sections -fdata-sections -fvisibility=hidden -Wall -W -pedantic -Wc90-c99-compat -Wno-long-long -Wno-stringop-truncation -Wno-shift-negative-value -Werror=implicit -Werror=missing-braces -Werror=return-type -Werror=trigraphs -Werror=pointer-arith -Werror=strict-prototypes -Werror=missing-prototypes -Werror=missing-declarations -Werror=comment -Werror=vla -DHAVE_CONFIG_H -I. -I. -I./include -I./include -I./x86 -I./x86 -I./asm -I./asm -I./disasm -I./disasm -I./output -I./output -o output/outelf.o output/outelf.c
x86_64-unknown-linux-gnu-gcc -c  -O2 -m64 -march=x86-64 -mtune=generic -flto=auto -ffat-lto-objects -std=c17 -fwrapv -ftrivial-auto-var-init=zero -U__STRICT_ANSI__ -fno-common -Werror=attributes -ffunction-sections -fdata-sections -fvisibility=hidden -Wall -W -pedantic -Wc90-c99-compat -Wno-long-long -Wno-stringop-truncation -Wno-shift-negative-value -Werror=implicit -Werror=missing-braces -Werror=return-type -Werror=trigraphs -Werror=pointer-arith -Werror=strict-prototypes -Werror=missing-prototypes -Werror=missing-declarations -Werror=comment -Werror=vla -DHAVE_CONFIG_H -I. -I. -I./include -I./include -I./x86 -I./x86 -I./asm -I./asm -I./disasm -I./disasm -I./output -I./output -o output/outobj.o output/outobj.c
x86_64-unknown-linux-gnu-gcc -c  -O2 -m64 -march=x86-64 -mtune=generic -flto=auto -ffat-lto-objects -std=c17 -fwrapv -ftrivial-auto-var-init=zero -U__STRICT_ANSI__ -fno-common -Werror=attributes -ffunction-sections -fdata-sections -fvisibility=hidden -Wall -W -pedantic -Wc90-c99-compat -Wno-long-long -Wno-stringop-truncation -Wno-shift-negative-value -Werror=implicit -Werror=missing-braces -Werror=return-type -Werror=trigraphs -Werror=pointer-arith -Werror=strict-prototypes -Werror=missing-prototypes -Werror=missing-declarations -Werror=comment -Werror=vla -DHAVE_CONFIG_H -I. -I. -I./include -I./include -I./x86 -I./x86 -I./asm -I./asm -I./disasm -I./disasm -I./output -I./output -o output/outas86.o output/outas86.c
x86_64-unknown-linux-gnu-gcc -c  -O2 -m64 -march=x86-64 -mtune=generic -flto=auto -ffat-lto-objects -std=c17 -fwrapv -ftrivial-auto-var-init=zero -U__STRICT_ANSI__ -fno-common -Werror=attributes -ffunction-sections -fdata-sections -fvisibility=hidden -Wall -W -pedantic -Wc90-c99-compat -Wno-long-long -Wno-stringop-truncation -Wno-shift-negative-value -Werror=implicit -Werror=missing-braces -Werror=return-type -Werror=trigraphs -Werror=pointer-arith -Werror=strict-prototypes -Werror=missing-prototypes -Werror=missing-declarations -Werror=comment -Werror=vla -DHAVE_CONFIG_H -I. -I. -I./include -I./include -I./x86 -I./x86 -I./asm -I./asm -I./disasm -I./disasm -I./output -I./output -o output/outdbg.o output/outdbg.c
x86_64-unknown-linux-gnu-gcc -c  -O2 -m64 -march=x86-64 -mtune=generic -flto=auto -ffat-lto-objects -std=c17 -fwrapv -ftrivial-auto-var-init=zero -U__STRICT_ANSI__ -fno-common -Werror=attributes -ffunction-sections -fdata-sections -fvisibility=hidden -Wall -W -pedantic -Wc90-c99-compat -Wno-long-long -Wno-stringop-truncation -Wno-shift-negative-value -Werror=implicit -Werror=missing-braces -Werror=return-type -Werror=trigraphs -Werror=pointer-arith -Werror=strict-prototypes -Werror=missing-prototypes -Werror=missing-declarations -Werror=comment -Werror=vla -DHAVE_CONFIG_H -I. -I. -I./include -I./include -I./x86 -I./x86 -I./asm -I./asm -I./disasm -I./disasm -I./output -I./output -o output/outieee.o output/outieee.c
x86_64-unknown-linux-gnu-gcc -c  -O2 -m64 -march=x86-64 -mtune=generic -flto=auto -ffat-lto-objects -std=c17 -fwrapv -ftrivial-auto-var-init=zero -U__STRICT_ANSI__ -fno-common -Werror=attributes -ffunction-sections -fdata-sections -fvisibility=hidden -Wall -W -pedantic -Wc90-c99-compat -Wno-long-long -Wno-stringop-truncation -Wno-shift-negative-value -Werror=implicit -Werror=missing-braces -Werror=return-type -Werror=trigraphs -Werror=pointer-arith -Werror=strict-prototypes -Werror=missing-prototypes -Werror=missing-declarations -Werror=comment -Werror=vla -DHAVE_CONFIG_H -I. -I. -I./include -I./include -I./x86 -I./x86 -I./asm -I./asm -I./disasm -I./disasm -I./output -I./output -o output/outmacho.o output/outmacho.c
x86_64-unknown-linux-gnu-gcc -c  -O2 -m64 -march=x86-64 -mtune=generic -flto=auto -ffat-lto-objects -std=c17 -fwrapv -ftrivial-auto-var-init=zero -U__STRICT_ANSI__ -fno-common -Werror=attributes -ffunction-sections -fdata-sections -fvisibility=hidden -Wall -W -pedantic -Wc90-c99-compat -Wno-long-long -Wno-stringop-truncation -Wno-shift-negative-value -Werror=implicit -Werror=missing-braces -Werror=return-type -Werror=trigraphs -Werror=pointer-arith -Werror=strict-prototypes -Werror=missing-prototypes -Werror=missing-declarations -Werror=comment -Werror=vla -DHAVE_CONFIG_H -I. -I. -I./include -I./include -I./x86 -I./x86 -I./asm -I./asm -I./disasm -I./disasm -I./output -I./output -o output/codeview.o output/codeview.c
x86_64-unknown-linux-gnu-gcc -c  -O2 -m64 -march=x86-64 -mtune=generic -flto=auto -ffat-lto-objects -std=c17 -fwrapv -ftrivial-auto-var-init=zero -U__STRICT_ANSI__ -fno-common -Werror=attributes -ffunction-sections -fdata-sections -fvisibility=hidden -Wall -W -pedantic -Wc90-c99-compat -Wno-long-long -Wno-stringop-truncation -Wno-shift-negative-value -Werror=implicit -Werror=missing-braces -Werror=return-type -Werror=trigraphs -Werror=pointer-arith -Werror=strict-prototypes -Werror=missing-prototypes -Werror=missing-declarations -Werror=comment -Werror=vla -DHAVE_CONFIG_H -I. -I. -I./include -I./include -I./x86 -I./x86 -I./asm -I./asm -I./disasm -I./disasm -I./output -I./output -o disasm/disasm.o disasm/disasm.c
x86_64-unknown-linux-gnu-gcc -c  -O2 -m64 -march=x86-64 -mtune=generic -flto=auto -ffat-lto-objects -std=c17 -fwrapv -ftrivial-auto-var-init=zero -U__STRICT_ANSI__ -fno-common -Werror=attributes -ffunction-sections -fdata-sections -fvisibility=hidden -Wall -W -pedantic -Wc90-c99-compat -Wno-long-long -Wno-stringop-truncation -Wno-shift-negative-value -Werror=implicit -Werror=missing-braces -Werror=return-type -Werror=trigraphs -Werror=pointer-arith -Werror=strict-prototypes -Werror=missing-prototypes -Werror=missing-declarations -Werror=comment -Werror=vla -DHAVE_CONFIG_H -I. -I. -I./include -I./include -I./x86 -I./x86 -I./asm -I./asm -I./disasm -I./disasm -I./output -I./output -o disasm/sync.o disasm/sync.c
x86_64-unknown-linux-gnu-gcc -c  -O2 -m64 -march=x86-64 -mtune=generic -flto=auto -ffat-lto-objects -std=c17 -fwrapv -ftrivial-auto-var-init=zero -U__STRICT_ANSI__ -fno-common -Werror=attributes -ffunction-sections -fdata-sections -fvisibility=hidden -Wall -W -pedantic -Wc90-c99-compat -Wno-long-long -Wno-stringop-truncation -Wno-shift-negative-value -Werror=implicit -Werror=missing-braces -Werror=return-type -Werror=trigraphs -Werror=pointer-arith -Werror=strict-prototypes -Werror=missing-prototypes -Werror=missing-declarations -Werror=comment -Werror=vla -DHAVE_CONFIG_H -I. -I. -I./include -I./include -I./x86 -I./x86 -I./asm -I./asm -I./disasm -I./disasm -I./output -I./output -o asm/warnings.o asm/warnings.c
x86_64-unknown-linux-gnu-gcc -c  -O2 -m64 -march=x86-64 -mtune=generic -flto=auto -ffat-lto-objects -std=c17 -fwrapv -ftrivial-auto-var-init=zero -U__STRICT_ANSI__ -fno-common -Werror=attributes -ffunction-sections -fdata-sections -fvisibility=hidden -Wall -W -pedantic -Wc90-c99-compat -Wno-long-long -Wno-stringop-truncation -Wno-shift-negative-value -Werror=implicit -Werror=missing-braces -Werror=return-type -Werror=trigraphs -Werror=pointer-arith -Werror=strict-prototypes -Werror=missing-prototypes -Werror=missing-declarations -Werror=comment -Werror=vla -DHAVE_CONFIG_H -I. -I. -I./include -I./include -I./x86 -I./x86 -I./asm -I./asm -I./disasm -I./disasm -I./output -I./output -o disasm/ndisasm.o disasm/ndisasm.c
rm -f libnasm.a
x86_64-unknown-linux-gnu-ar cq libnasm.a stdlib/snprintf.o stdlib/vsnprintf.o stdlib/strlcpy.o stdlib/strnlen.o stdlib/strrchrnul.o nasmlib/ver.o nasmlib/alloc.o nasmlib/asprintf.o nasmlib/errfile.o nasmlib/crc32.o nasmlib/crc64.o nasmlib/md5c.o nasmlib/string.o nasmlib/nctype.o nasmlib/file.o nasmlib/mmap.o nasmlib/ilog2.o nasmlib/realpath.o nasmlib/path.o nasmlib/filename.o nasmlib/rlimit.o nasmlib/zerobuf.o nasmlib/readnum.o nasmlib/bsi.o nasmlib/rbtree.o nasmlib/hashtbl.o nasmlib/raa.o nasmlib/saa.o nasmlib/strlist.o nasmlib/perfhash.o nasmlib/badenum.o common/common.o x86/insnsa.o x86/insnsb.o x86/insnsd.o x86/insnsn.o x86/regs.o x86/regvals.o x86/regflags.o x86/regdis.o x86/disp8.o x86/iflag.o asm/error.o asm/floats.o asm/directiv.o asm/directbl.o asm/pragma.o asm/assemble.o asm/labels.o asm/parser.o asm/preproc.o asm/quote.o asm/pptok.o asm/listing.o asm/eval.o asm/exprlib.o asm/exprdump.o asm/stdscan.o asm/strfunc.o asm/tokhash.o asm/segalloc.o asm/rdstrnum.o asm/srcfile.o macros/macros.o output/outform.o output/outlib.o output/legacy.o output/nulldbg.o output/nullout.o output/outbin.o output/outaout.o output/outcoff.o output/outelf.o output/outobj.o output/outas86.o output/outdbg.o output/outieee.o output/outmacho.o output/codeview.o disasm/disasm.o disasm/sync.o asm/warnings.o
x86_64-unknown-linux-gnu-ranlib libnasm.a
x86_64-unknown-linux-gnu-gcc  -O2 -m64 -march=x86-64 -mtune=generic -flto=auto -ffat-lto-objects -std=c17 -fwrapv -ftrivial-auto-var-init=zero -U__STRICT_ANSI__ -fno-common -Werror=attributes -ffunction-sections -fdata-sections -fvisibility=hidden -Wall -W -pedantic -Wc90-c99-compat -Wno-long-long -Wno-stringop-truncation -Wno-shift-negative-value -Werror=implicit -Werror=missing-braces -Werror=return-type -Werror=trigraphs -Werror=pointer-arith -Werror=strict-prototypes -Werror=missing-prototypes -Werror=missing-declarations -Werror=comment -Werror=vla -DHAVE_CONFIG_H -I. -I. -I./include -I./include -I./x86 -I./x86 -I./asm -I./asm -I./disasm -I./disasm -I./output -I./output -Wl,--gc-sections -o nasm asm/nasm.o libnasm.a 
x86_64-unknown-linux-gnu-gcc  -O2 -m64 -march=x86-64 -mtune=generic -flto=auto -ffat-lto-objects -std=c17 -fwrapv -ftrivial-auto-var-init=zero -U__STRICT_ANSI__ -fno-common -Werror=attributes -ffunction-sections -fdata-sections -fvisibility=hidden -Wall -W -pedantic -Wc90-c99-compat -Wno-long-long -Wno-stringop-truncation -Wno-shift-negative-value -Werror=implicit -Werror=missing-braces -Werror=return-type -Werror=trigraphs -Werror=pointer-arith -Werror=strict-prototypes -Werror=missing-prototypes -Werror=missing-declarations -Werror=comment -Werror=vla -DHAVE_CONFIG_H -I. -I. -I./include -I./include -I./x86 -I./x86 -I./asm -I./asm -I./disasm -I./disasm -I./output -I./output -Wl,--gc-sections -o ndisasm disasm/ndisasm.o libnasm.a 
make[1]: Leaving directory '/home/devel/building/work/src/nasm-2.16.01'
+ make DESTDIR=/home/devel/building/work/pkg install
/bin/mkdir -p /home/devel/building/work/pkg/usr/bin
/usr/bin/install -c nasm ndisasm /home/devel/building/work/pkg/usr/bin/
/bin/mkdir -p /home/devel/building/work/pkg/usr/share/man/man1
/usr/bin/install -c -m 644 ./nasm.1 /home/devel/building/work/pkg/usr/share/man/man1/nasm.1
/usr/bin/install -c -m 644 ./ndisasm.1 /home/devel/building/work/pkg/usr/share/man/man1/ndisasm.1
=======> Build result:
drwxr-xr-x  0 root   root        0 Jul 26 09:54 usr/
drwxr-xr-x  0 root   root        0 Jul 26 09:54 usr/share/
drwxr-xr-x  0 root   root        0 Jul 26 09:54 usr/bin/
-rwxr-xr-x  0 root   root   964776 Jul 26 09:54 usr/bin/ndisasm
-rwxr-xr-x  0 root   root  1539096 Jul 26 09:54 usr/bin/nasm
drwxr-xr-x  0 root   root        0 Jul 26 09:54 usr/share/man/
drwxr-xr-x  0 root   root        0 Jul 26 09:54 usr/share/man/man1/
-rw-r--r--  0 root   root     5288 Jul 26 09:54 usr/share/man/man1/nasm.1.gz
-rw-r--r--  0 root   root     1795 Jul 26 09:54 usr/share/man/man1/ndisasm.1.gz
=======> Building '/home/devel/packages/nasm#2.16.01-2.x86_64.pkg.tar.xz' succeeded.
prt-get: Using PKGMK_PACKAGE_DIR: /home/devel/packages
prt-get: reinstalling nasm 2.16.01-2
prt-get: /usr/bin/pkgadd -u nasm#2.16.01-2.x86_64.pkg.tar.xz
prt-get: build done Wed Jul 26 09:54:24 2023

