prt-get: updating /usr/ports/core-x86_64/make
prt-get: starting build Wed Jul 26 09:52:23 2023
=======> Building '/home/devel/packages/make#4.4.1-2.x86_64.pkg.tar.xz'.
bsdtar -p -o -C /home/devel/building/work/src -xf /home/devel/sources/make-4.4.1.tar.lz
+ build
+ cd make-4.4.1
+ ./configure --build=x86_64-unknown-linux-gnu --host=x86_64-unknown-linux-gnu --prefix=/usr --disable-nls --without-guile
checking for a BSD-compatible install... /usr/bin/install -c
checking whether build environment is sane... yes
checking for a race-free mkdir -p... /bin/mkdir -p
checking for gawk... gawk
checking whether make sets $(MAKE)... yes
checking whether make supports nested variables... yes
checking whether make supports the include directive... yes (GNU style)
checking for x86_64-unknown-linux-gnu-gcc... x86_64-unknown-linux-gnu-gcc
checking whether the C compiler works... yes
checking for C compiler default output file name... a.out
checking for suffix of executables... 
checking whether we are cross compiling... no
checking for suffix of object files... o
checking whether the compiler supports GNU C... yes
checking whether x86_64-unknown-linux-gnu-gcc accepts -g... yes
checking for x86_64-unknown-linux-gnu-gcc option to enable C11 features... none needed
checking whether x86_64-unknown-linux-gnu-gcc understands -c and -o together... yes
checking whether the compiler is clang... no
checking for compiler option needed when checking for declarations... none
checking dependency style of x86_64-unknown-linux-gnu-gcc... gcc3
checking for stdio.h... yes
checking for stdlib.h... yes
checking for string.h... yes
checking for inttypes.h... yes
checking for stdint.h... yes
checking for strings.h... yes
checking for sys/stat.h... yes
checking for sys/types.h... yes
checking for unistd.h... yes
checking for wchar.h... yes
checking for minix/config.h... no
checking for sys/param.h... yes
checking for stdbool.h... yes
checking for vfork.h... no
checking whether it is safe to define __EXTENSIONS__... yes
checking whether _XOPEN_SOURCE should be defined... no
checking for x86_64-unknown-linux-gnu-gcc... (cached) x86_64-unknown-linux-gnu-gcc
checking whether the compiler supports GNU C... (cached) yes
checking whether x86_64-unknown-linux-gnu-gcc accepts -g... (cached) yes
checking for x86_64-unknown-linux-gnu-gcc option to enable C11 features... (cached) none needed
checking whether x86_64-unknown-linux-gnu-gcc understands -c and -o together... (cached) yes
checking whether the compiler is clang... (cached) no
checking for compiler option needed when checking for declarations... (cached) none
checking dependency style of x86_64-unknown-linux-gnu-gcc... (cached) gcc3
checking for x86_64-unknown-linux-gnu-g++... x86_64-unknown-linux-gnu-g++
checking whether the compiler supports GNU C++... yes
checking whether x86_64-unknown-linux-gnu-g++ accepts -g... yes
checking for x86_64-unknown-linux-gnu-g++ option to enable C++11 features... none needed
checking dependency style of x86_64-unknown-linux-gnu-g++... gcc3
checking build system type... x86_64-unknown-linux-gnu
checking host system type... x86_64-unknown-linux-gnu
checking how to run the C preprocessor... x86_64-unknown-linux-gnu-gcc -E
checking for grep that handles long lines and -e... /usr/bin/grep
checking for egrep... /usr/bin/grep -E
checking for Minix Amsterdam compiler... no
checking for x86_64-unknown-linux-gnu-ar... x86_64-unknown-linux-gnu-ar
checking for x86_64-unknown-linux-gnu-ranlib... x86_64-unknown-linux-gnu-ranlib
checking for x86_64-unknown-linux-gnu-gcc option to enable large file support... none needed
checking for size_t... yes
checking for working alloca.h... yes
checking for alloca... yes
checking for eaccess... yes
checking for x86_64-unknown-linux-gnu-gcc options needed to detect all undeclared functions... none needed
checking host CPU and C ABI... x86_64
checking for C compiler option to allow warnings... -Wno-error
checking for alloca as a compiler built-in... yes
checking for getloadavg... yes
checking for sys/loadavg.h... no
checking whether getloadavg is declared... yes
checking if system libc has working GNU glob... yes
checking whether system uses MSDOS-style paths... no
checking for bool, true, false... no
checking for x86_64-unknown-linux-gnu-ranlib... (cached) x86_64-unknown-linux-gnu-ranlib
checking how to run the C preprocessor... x86_64-unknown-linux-gnu-gcc -E
checking for ar... (cached) x86_64-unknown-linux-gnu-ar
checking for perl... perl
checking whether byte ordering is bigendian... no
checking for a sed that does not truncate output... /bin/sed
checking whether NLS is requested... no
checking for msgfmt... /usr/bin/msgfmt
checking for gmsgfmt... /usr/bin/msgfmt
checking for xgettext... /usr/bin/xgettext
checking for msgmerge... /usr/bin/msgmerge
checking for ld used by x86_64-unknown-linux-gnu-gcc... /usr/bin/ld
checking if the linker (/usr/bin/ld) is GNU ld... yes
checking for shared library run path origin... done
checking for CFPreferencesCopyAppValue... no
checking for CFLocaleCopyCurrent... no
checking whether to use NLS... no
checking for library containing strerror... none required
checking for library containing getpwnam... none required
checking for dirent.h that defines DIR... yes
checking for library containing opendir... none required
checking whether stat file-mode macros are broken... no
checking for stdlib.h... (cached) yes
checking for string.h... (cached) yes
checking for strings.h... (cached) yes
checking for locale.h... yes
checking for unistd.h... (cached) yes
checking for limits.h... yes
checking for memory.h... yes
checking for sys/param.h... (cached) yes
checking for sys/resource.h... yes
checking for sys/timeb.h... yes
checking for sys/time.h... yes
checking for sys/select.h... yes
checking for sys/file.h... yes
checking for fcntl.h... yes
checking for spawn.h... yes
checking for an ANSI C-conforming const... yes
checking for uid_t in sys/types.h... yes
checking for pid_t... yes
checking for off_t... yes
checking for size_t... (cached) yes
checking for ssize_t... yes
checking for unsigned long long int... yes
checking for long long int... yes
checking for intmax_t... yes
checking for uintmax_t... yes
checking for sig_atomic_t... yes
checking for nanoseconds field of struct stat... st_mtim.tv_nsec
checking whether to use high resolution file timestamps... yes
checking for library containing clock_gettime... none required
checking for standard gettimeofday... yes
checking for strtoll... yes
checking for strdup... yes
checking for strndup... yes
checking for stpcpy... yes
checking for memrchr... yes
checking for mempcpy... yes
checking for umask... yes
checking for mkstemp... yes
checking for mktemp... yes
checking for fdopen... yes
checking for dup... yes
checking for dup2... yes
checking for getcwd... yes
checking for realpath... yes
checking for sigsetmask... yes
checking for sigaction... yes
checking for getgroups... yes
checking for seteuid... yes
checking for setegid... yes
checking for setlinebuf... yes
checking for setreuid... yes
checking for setregid... yes
checking for mkfifo... yes
checking for getrlimit... yes
checking for setrlimit... yes
checking for setvbuf... yes
checking for pipe... yes
checking for strerror... yes
checking for strsignal... yes
checking for lstat... yes
checking for readlink... yes
checking for atexit... yes
checking for isatty... yes
checking for ttyname... yes
checking for pselect... yes
checking for posix_spawn... yes
checking for posix_spawnattr_setsigmask... yes
checking whether bsd_signal is declared... no
checking for fork... yes
checking for vfork... yes
checking for working fork... yes
checking for working vfork... (cached) yes
checking for strcasecmp... yes
checking for strncasecmp... yes
checking for strcmpi... no
checking for strncmpi... no
checking for stricmp... no
checking for strnicmp... no
checking for working strcoll... yes
checking whether closedir returns void... no
checking for struct dirent.d_type... yes
checking for x86_64-unknown-linux-gnu-pkg-config... /usr/bin/x86_64-unknown-linux-gnu-pkg-config
checking pkg-config is at least version 0.9.0... yes
checking whether sys_siglist is declared... no
checking whether _sys_siglist is declared... no
checking whether __sys_siglist is declared... no
checking for sys/wait.h... yes
checking for waitpid... yes
checking for wait3... yes
checking for union wait... no
checking for SA_RESTART... yes
checking whether dlopen is declared... yes
checking whether dlsym is declared... yes
checking whether dlerror is declared... yes
checking for library containing dlopen... none required
checking if the linker accepts -Wl,--export-dynamic... yes
checking for posix_spawn that fails synchronously... yes
checking for location of SCCS get command... get
checking if malloc debugging is wanted... no
checking that generated files are newer than configure... done
configure: creating ./config.status
config.status: creating build.cfg
config.status: creating tests/config-flags.pm
config.status: creating Makefile
config.status: creating lib/Makefile
config.status: creating doc/Makefile
config.status: creating po/Makefile.in
config.status: creating src/config.h
config.status: executing depfiles commands
config.status: executing po-directories commands
config.status: creating po/POTFILES
config.status: creating po/Makefile
+ make V=1
Making all in lib
make[1]: Entering directory '/home/devel/building/work/src/make-4.4.1/lib'
sed -e 1h -e '1s,.*,/* DO NOT EDIT! GENERATED AUTOMATICALLY! */,' -e 1G \
  -e 's|@''HAVE_ALLOCA_H''@|1|g' \
  ./alloca.in.h > alloca.h-t
mv alloca.h-t alloca.h
make  all-recursive
make[2]: Entering directory '/home/devel/building/work/src/make-4.4.1/lib'
make[3]: Entering directory '/home/devel/building/work/src/make-4.4.1/lib'
x86_64-unknown-linux-gnu-gcc -DHAVE_CONFIG_H -I. -I../src     -Wno-cast-qual -Wno-conversion -Wno-float-equal -Wno-sign-compare -Wno-undef -Wno-unused-function -Wno-unused-parameter -Wno-float-conversion -Wimplicit-fallthrough -Wno-pedantic -Wno-sign-conversion -Wno-type-limits -Wno-unsuffixed-float-constants -O2 -m64 -march=x86-64 -mtune=generic -flto=auto -ffat-lto-objects -MT libgnu_a-concat-filename.o -MD -MP -MF .deps/libgnu_a-concat-filename.Tpo -c -o libgnu_a-concat-filename.o `test -f 'concat-filename.c' || echo './'`concat-filename.c
x86_64-unknown-linux-gnu-gcc -DHAVE_CONFIG_H -I. -I../src     -Wno-cast-qual -Wno-conversion -Wno-float-equal -Wno-sign-compare -Wno-undef -Wno-unused-function -Wno-unused-parameter -Wno-float-conversion -Wimplicit-fallthrough -Wno-pedantic -Wno-sign-conversion -Wno-type-limits -Wno-unsuffixed-float-constants -O2 -m64 -march=x86-64 -mtune=generic -flto=auto -ffat-lto-objects -MT libgnu_a-findprog-in.o -MD -MP -MF .deps/libgnu_a-findprog-in.Tpo -c -o libgnu_a-findprog-in.o `test -f 'findprog-in.c' || echo './'`findprog-in.c
mv -f .deps/libgnu_a-concat-filename.Tpo .deps/libgnu_a-concat-filename.Po
mv -f .deps/libgnu_a-findprog-in.Tpo .deps/libgnu_a-findprog-in.Po
rm -f libgnu.a
x86_64-unknown-linux-gnu-ar cr libgnu.a libgnu_a-concat-filename.o libgnu_a-findprog-in.o    
x86_64-unknown-linux-gnu-ranlib libgnu.a
make[3]: Leaving directory '/home/devel/building/work/src/make-4.4.1/lib'
make[2]: Leaving directory '/home/devel/building/work/src/make-4.4.1/lib'
make[1]: Leaving directory '/home/devel/building/work/src/make-4.4.1/lib'
Making all in po
make[1]: Entering directory '/home/devel/building/work/src/make-4.4.1/po'
make[1]: Nothing to be done for 'all'.
make[1]: Leaving directory '/home/devel/building/work/src/make-4.4.1/po'
Making all in doc
make[1]: Entering directory '/home/devel/building/work/src/make-4.4.1/doc'
make[1]: Nothing to be done for 'all'.
make[1]: Leaving directory '/home/devel/building/work/src/make-4.4.1/doc'
make[1]: Entering directory '/home/devel/building/work/src/make-4.4.1'
depbase=`echo src/ar.o | sed 's|[^/]*$|.deps/&|;s|\.o$||'`;\
x86_64-unknown-linux-gnu-gcc -DHAVE_CONFIG_H   -Isrc -I./src -Ilib -I./lib -DLIBDIR=\"/usr/lib\" -DLOCALEDIR=\"/usr/share/locale\"     -O2 -m64 -march=x86-64 -mtune=generic -flto=auto -ffat-lto-objects -MT src/ar.o -MD -MP -MF $depbase.Tpo -c -o src/ar.o src/ar.c &&\
mv -f $depbase.Tpo $depbase.Po
depbase=`echo src/arscan.o | sed 's|[^/]*$|.deps/&|;s|\.o$||'`;\
x86_64-unknown-linux-gnu-gcc -DHAVE_CONFIG_H   -Isrc -I./src -Ilib -I./lib -DLIBDIR=\"/usr/lib\" -DLOCALEDIR=\"/usr/share/locale\"     -O2 -m64 -march=x86-64 -mtune=generic -flto=auto -ffat-lto-objects -MT src/arscan.o -MD -MP -MF $depbase.Tpo -c -o src/arscan.o src/arscan.c &&\
mv -f $depbase.Tpo $depbase.Po
depbase=`echo src/commands.o | sed 's|[^/]*$|.deps/&|;s|\.o$||'`;\
x86_64-unknown-linux-gnu-gcc -DHAVE_CONFIG_H   -Isrc -I./src -Ilib -I./lib -DLIBDIR=\"/usr/lib\" -DLOCALEDIR=\"/usr/share/locale\"     -O2 -m64 -march=x86-64 -mtune=generic -flto=auto -ffat-lto-objects -MT src/commands.o -MD -MP -MF $depbase.Tpo -c -o src/commands.o src/commands.c &&\
mv -f $depbase.Tpo $depbase.Po
depbase=`echo src/default.o | sed 's|[^/]*$|.deps/&|;s|\.o$||'`;\
x86_64-unknown-linux-gnu-gcc -DHAVE_CONFIG_H   -Isrc -I./src -Ilib -I./lib -DLIBDIR=\"/usr/lib\" -DLOCALEDIR=\"/usr/share/locale\"     -O2 -m64 -march=x86-64 -mtune=generic -flto=auto -ffat-lto-objects -MT src/default.o -MD -MP -MF $depbase.Tpo -c -o src/default.o src/default.c &&\
mv -f $depbase.Tpo $depbase.Po
depbase=`echo src/dir.o | sed 's|[^/]*$|.deps/&|;s|\.o$||'`;\
x86_64-unknown-linux-gnu-gcc -DHAVE_CONFIG_H   -Isrc -I./src -Ilib -I./lib -DLIBDIR=\"/usr/lib\" -DLOCALEDIR=\"/usr/share/locale\"     -O2 -m64 -march=x86-64 -mtune=generic -flto=auto -ffat-lto-objects -MT src/dir.o -MD -MP -MF $depbase.Tpo -c -o src/dir.o src/dir.c &&\
mv -f $depbase.Tpo $depbase.Po
depbase=`echo src/expand.o | sed 's|[^/]*$|.deps/&|;s|\.o$||'`;\
x86_64-unknown-linux-gnu-gcc -DHAVE_CONFIG_H   -Isrc -I./src -Ilib -I./lib -DLIBDIR=\"/usr/lib\" -DLOCALEDIR=\"/usr/share/locale\"     -O2 -m64 -march=x86-64 -mtune=generic -flto=auto -ffat-lto-objects -MT src/expand.o -MD -MP -MF $depbase.Tpo -c -o src/expand.o src/expand.c &&\
mv -f $depbase.Tpo $depbase.Po
depbase=`echo src/file.o | sed 's|[^/]*$|.deps/&|;s|\.o$||'`;\
x86_64-unknown-linux-gnu-gcc -DHAVE_CONFIG_H   -Isrc -I./src -Ilib -I./lib -DLIBDIR=\"/usr/lib\" -DLOCALEDIR=\"/usr/share/locale\"     -O2 -m64 -march=x86-64 -mtune=generic -flto=auto -ffat-lto-objects -MT src/file.o -MD -MP -MF $depbase.Tpo -c -o src/file.o src/file.c &&\
mv -f $depbase.Tpo $depbase.Po
depbase=`echo src/function.o | sed 's|[^/]*$|.deps/&|;s|\.o$||'`;\
x86_64-unknown-linux-gnu-gcc -DHAVE_CONFIG_H   -Isrc -I./src -Ilib -I./lib -DLIBDIR=\"/usr/lib\" -DLOCALEDIR=\"/usr/share/locale\"     -O2 -m64 -march=x86-64 -mtune=generic -flto=auto -ffat-lto-objects -MT src/function.o -MD -MP -MF $depbase.Tpo -c -o src/function.o src/function.c &&\
mv -f $depbase.Tpo $depbase.Po
depbase=`echo src/getopt.o | sed 's|[^/]*$|.deps/&|;s|\.o$||'`;\
x86_64-unknown-linux-gnu-gcc -DHAVE_CONFIG_H   -Isrc -I./src -Ilib -I./lib -DLIBDIR=\"/usr/lib\" -DLOCALEDIR=\"/usr/share/locale\"     -O2 -m64 -march=x86-64 -mtune=generic -flto=auto -ffat-lto-objects -MT src/getopt.o -MD -MP -MF $depbase.Tpo -c -o src/getopt.o src/getopt.c &&\
mv -f $depbase.Tpo $depbase.Po
depbase=`echo src/getopt1.o | sed 's|[^/]*$|.deps/&|;s|\.o$||'`;\
x86_64-unknown-linux-gnu-gcc -DHAVE_CONFIG_H   -Isrc -I./src -Ilib -I./lib -DLIBDIR=\"/usr/lib\" -DLOCALEDIR=\"/usr/share/locale\"     -O2 -m64 -march=x86-64 -mtune=generic -flto=auto -ffat-lto-objects -MT src/getopt1.o -MD -MP -MF $depbase.Tpo -c -o src/getopt1.o src/getopt1.c &&\
mv -f $depbase.Tpo $depbase.Po
depbase=`echo src/guile.o | sed 's|[^/]*$|.deps/&|;s|\.o$||'`;\
x86_64-unknown-linux-gnu-gcc -DHAVE_CONFIG_H   -Isrc -I./src -Ilib -I./lib -DLIBDIR=\"/usr/lib\" -DLOCALEDIR=\"/usr/share/locale\"     -O2 -m64 -march=x86-64 -mtune=generic -flto=auto -ffat-lto-objects -MT src/guile.o -MD -MP -MF $depbase.Tpo -c -o src/guile.o src/guile.c &&\
mv -f $depbase.Tpo $depbase.Po
depbase=`echo src/hash.o | sed 's|[^/]*$|.deps/&|;s|\.o$||'`;\
x86_64-unknown-linux-gnu-gcc -DHAVE_CONFIG_H   -Isrc -I./src -Ilib -I./lib -DLIBDIR=\"/usr/lib\" -DLOCALEDIR=\"/usr/share/locale\"     -O2 -m64 -march=x86-64 -mtune=generic -flto=auto -ffat-lto-objects -MT src/hash.o -MD -MP -MF $depbase.Tpo -c -o src/hash.o src/hash.c &&\
mv -f $depbase.Tpo $depbase.Po
depbase=`echo src/implicit.o | sed 's|[^/]*$|.deps/&|;s|\.o$||'`;\
x86_64-unknown-linux-gnu-gcc -DHAVE_CONFIG_H   -Isrc -I./src -Ilib -I./lib -DLIBDIR=\"/usr/lib\" -DLOCALEDIR=\"/usr/share/locale\"     -O2 -m64 -march=x86-64 -mtune=generic -flto=auto -ffat-lto-objects -MT src/implicit.o -MD -MP -MF $depbase.Tpo -c -o src/implicit.o src/implicit.c &&\
mv -f $depbase.Tpo $depbase.Po
depbase=`echo src/job.o | sed 's|[^/]*$|.deps/&|;s|\.o$||'`;\
x86_64-unknown-linux-gnu-gcc -DHAVE_CONFIG_H   -Isrc -I./src -Ilib -I./lib -DLIBDIR=\"/usr/lib\" -DLOCALEDIR=\"/usr/share/locale\"     -O2 -m64 -march=x86-64 -mtune=generic -flto=auto -ffat-lto-objects -MT src/job.o -MD -MP -MF $depbase.Tpo -c -o src/job.o src/job.c &&\
mv -f $depbase.Tpo $depbase.Po
depbase=`echo src/load.o | sed 's|[^/]*$|.deps/&|;s|\.o$||'`;\
x86_64-unknown-linux-gnu-gcc -DHAVE_CONFIG_H   -Isrc -I./src -Ilib -I./lib -DLIBDIR=\"/usr/lib\" -DLOCALEDIR=\"/usr/share/locale\"     -O2 -m64 -march=x86-64 -mtune=generic -flto=auto -ffat-lto-objects -MT src/load.o -MD -MP -MF $depbase.Tpo -c -o src/load.o src/load.c &&\
mv -f $depbase.Tpo $depbase.Po
depbase=`echo src/loadapi.o | sed 's|[^/]*$|.deps/&|;s|\.o$||'`;\
x86_64-unknown-linux-gnu-gcc -DHAVE_CONFIG_H   -Isrc -I./src -Ilib -I./lib -DLIBDIR=\"/usr/lib\" -DLOCALEDIR=\"/usr/share/locale\"     -O2 -m64 -march=x86-64 -mtune=generic -flto=auto -ffat-lto-objects -MT src/loadapi.o -MD -MP -MF $depbase.Tpo -c -o src/loadapi.o src/loadapi.c &&\
mv -f $depbase.Tpo $depbase.Po
depbase=`echo src/main.o | sed 's|[^/]*$|.deps/&|;s|\.o$||'`;\
x86_64-unknown-linux-gnu-gcc -DHAVE_CONFIG_H   -Isrc -I./src -Ilib -I./lib -DLIBDIR=\"/usr/lib\" -DLOCALEDIR=\"/usr/share/locale\"     -O2 -m64 -march=x86-64 -mtune=generic -flto=auto -ffat-lto-objects -MT src/main.o -MD -MP -MF $depbase.Tpo -c -o src/main.o src/main.c &&\
mv -f $depbase.Tpo $depbase.Po
depbase=`echo src/misc.o | sed 's|[^/]*$|.deps/&|;s|\.o$||'`;\
x86_64-unknown-linux-gnu-gcc -DHAVE_CONFIG_H   -Isrc -I./src -Ilib -I./lib -DLIBDIR=\"/usr/lib\" -DLOCALEDIR=\"/usr/share/locale\"     -O2 -m64 -march=x86-64 -mtune=generic -flto=auto -ffat-lto-objects -MT src/misc.o -MD -MP -MF $depbase.Tpo -c -o src/misc.o src/misc.c &&\
mv -f $depbase.Tpo $depbase.Po
depbase=`echo src/output.o | sed 's|[^/]*$|.deps/&|;s|\.o$||'`;\
x86_64-unknown-linux-gnu-gcc -DHAVE_CONFIG_H   -Isrc -I./src -Ilib -I./lib -DLIBDIR=\"/usr/lib\" -DLOCALEDIR=\"/usr/share/locale\"     -O2 -m64 -march=x86-64 -mtune=generic -flto=auto -ffat-lto-objects -MT src/output.o -MD -MP -MF $depbase.Tpo -c -o src/output.o src/output.c &&\
mv -f $depbase.Tpo $depbase.Po
depbase=`echo src/read.o | sed 's|[^/]*$|.deps/&|;s|\.o$||'`;\
x86_64-unknown-linux-gnu-gcc -DHAVE_CONFIG_H   -Isrc -I./src -Ilib -I./lib -DLIBDIR=\"/usr/lib\" -DLOCALEDIR=\"/usr/share/locale\"     -O2 -m64 -march=x86-64 -mtune=generic -flto=auto -ffat-lto-objects -MT src/read.o -MD -MP -MF $depbase.Tpo -c -o src/read.o src/read.c &&\
mv -f $depbase.Tpo $depbase.Po
depbase=`echo src/remake.o | sed 's|[^/]*$|.deps/&|;s|\.o$||'`;\
x86_64-unknown-linux-gnu-gcc -DHAVE_CONFIG_H   -Isrc -I./src -Ilib -I./lib -DLIBDIR=\"/usr/lib\" -DLOCALEDIR=\"/usr/share/locale\"     -O2 -m64 -march=x86-64 -mtune=generic -flto=auto -ffat-lto-objects -MT src/remake.o -MD -MP -MF $depbase.Tpo -c -o src/remake.o src/remake.c &&\
mv -f $depbase.Tpo $depbase.Po
depbase=`echo src/rule.o | sed 's|[^/]*$|.deps/&|;s|\.o$||'`;\
x86_64-unknown-linux-gnu-gcc -DHAVE_CONFIG_H   -Isrc -I./src -Ilib -I./lib -DLIBDIR=\"/usr/lib\" -DLOCALEDIR=\"/usr/share/locale\"     -O2 -m64 -march=x86-64 -mtune=generic -flto=auto -ffat-lto-objects -MT src/rule.o -MD -MP -MF $depbase.Tpo -c -o src/rule.o src/rule.c &&\
mv -f $depbase.Tpo $depbase.Po
depbase=`echo src/shuffle.o | sed 's|[^/]*$|.deps/&|;s|\.o$||'`;\
x86_64-unknown-linux-gnu-gcc -DHAVE_CONFIG_H   -Isrc -I./src -Ilib -I./lib -DLIBDIR=\"/usr/lib\" -DLOCALEDIR=\"/usr/share/locale\"     -O2 -m64 -march=x86-64 -mtune=generic -flto=auto -ffat-lto-objects -MT src/shuffle.o -MD -MP -MF $depbase.Tpo -c -o src/shuffle.o src/shuffle.c &&\
mv -f $depbase.Tpo $depbase.Po
depbase=`echo src/signame.o | sed 's|[^/]*$|.deps/&|;s|\.o$||'`;\
x86_64-unknown-linux-gnu-gcc -DHAVE_CONFIG_H   -Isrc -I./src -Ilib -I./lib -DLIBDIR=\"/usr/lib\" -DLOCALEDIR=\"/usr/share/locale\"     -O2 -m64 -march=x86-64 -mtune=generic -flto=auto -ffat-lto-objects -MT src/signame.o -MD -MP -MF $depbase.Tpo -c -o src/signame.o src/signame.c &&\
mv -f $depbase.Tpo $depbase.Po
depbase=`echo src/strcache.o | sed 's|[^/]*$|.deps/&|;s|\.o$||'`;\
x86_64-unknown-linux-gnu-gcc -DHAVE_CONFIG_H   -Isrc -I./src -Ilib -I./lib -DLIBDIR=\"/usr/lib\" -DLOCALEDIR=\"/usr/share/locale\"     -O2 -m64 -march=x86-64 -mtune=generic -flto=auto -ffat-lto-objects -MT src/strcache.o -MD -MP -MF $depbase.Tpo -c -o src/strcache.o src/strcache.c &&\
mv -f $depbase.Tpo $depbase.Po
depbase=`echo src/variable.o | sed 's|[^/]*$|.deps/&|;s|\.o$||'`;\
x86_64-unknown-linux-gnu-gcc -DHAVE_CONFIG_H   -Isrc -I./src -Ilib -I./lib -DLIBDIR=\"/usr/lib\" -DLOCALEDIR=\"/usr/share/locale\"     -O2 -m64 -march=x86-64 -mtune=generic -flto=auto -ffat-lto-objects -MT src/variable.o -MD -MP -MF $depbase.Tpo -c -o src/variable.o src/variable.c &&\
mv -f $depbase.Tpo $depbase.Po
depbase=`echo src/version.o | sed 's|[^/]*$|.deps/&|;s|\.o$||'`;\
x86_64-unknown-linux-gnu-gcc -DHAVE_CONFIG_H   -Isrc -I./src -Ilib -I./lib -DLIBDIR=\"/usr/lib\" -DLOCALEDIR=\"/usr/share/locale\"     -O2 -m64 -march=x86-64 -mtune=generic -flto=auto -ffat-lto-objects -MT src/version.o -MD -MP -MF $depbase.Tpo -c -o src/version.o src/version.c &&\
mv -f $depbase.Tpo $depbase.Po
depbase=`echo src/vpath.o | sed 's|[^/]*$|.deps/&|;s|\.o$||'`;\
x86_64-unknown-linux-gnu-gcc -DHAVE_CONFIG_H   -Isrc -I./src -Ilib -I./lib -DLIBDIR=\"/usr/lib\" -DLOCALEDIR=\"/usr/share/locale\"     -O2 -m64 -march=x86-64 -mtune=generic -flto=auto -ffat-lto-objects -MT src/vpath.o -MD -MP -MF $depbase.Tpo -c -o src/vpath.o src/vpath.c &&\
mv -f $depbase.Tpo $depbase.Po
depbase=`echo src/posixos.o | sed 's|[^/]*$|.deps/&|;s|\.o$||'`;\
x86_64-unknown-linux-gnu-gcc -DHAVE_CONFIG_H   -Isrc -I./src -Ilib -I./lib -DLIBDIR=\"/usr/lib\" -DLOCALEDIR=\"/usr/share/locale\"     -O2 -m64 -march=x86-64 -mtune=generic -flto=auto -ffat-lto-objects -MT src/posixos.o -MD -MP -MF $depbase.Tpo -c -o src/posixos.o src/posixos.c &&\
mv -f $depbase.Tpo $depbase.Po
depbase=`echo src/remote-stub.o | sed 's|[^/]*$|.deps/&|;s|\.o$||'`;\
x86_64-unknown-linux-gnu-gcc -DHAVE_CONFIG_H   -Isrc -I./src -Ilib -I./lib -DLIBDIR=\"/usr/lib\" -DLOCALEDIR=\"/usr/share/locale\"     -O2 -m64 -march=x86-64 -mtune=generic -flto=auto -ffat-lto-objects -MT src/remote-stub.o -MD -MP -MF $depbase.Tpo -c -o src/remote-stub.o src/remote-stub.c &&\
mv -f $depbase.Tpo $depbase.Po
x86_64-unknown-linux-gnu-gcc  -O2 -m64 -march=x86-64 -mtune=generic -flto=auto -ffat-lto-objects -Wl,--export-dynamic  -o make src/ar.o src/arscan.o src/commands.o src/default.o src/dir.o src/expand.o src/file.o src/function.o src/getopt.o src/getopt1.o src/guile.o src/hash.o src/implicit.o src/job.o src/load.o src/loadapi.o src/main.o src/misc.o src/output.o src/read.o src/remake.o src/rule.o src/shuffle.o src/signame.o src/strcache.o src/variable.o src/version.o src/vpath.o  src/posixos.o  src/remote-stub.o   lib/libgnu.a   
make[1]: Leaving directory '/home/devel/building/work/src/make-4.4.1'
+ make DESTDIR=/home/devel/building/work/pkg install
Making install in lib
make[1]: Entering directory '/home/devel/building/work/src/make-4.4.1/lib'
make  install-recursive
make[2]: Entering directory '/home/devel/building/work/src/make-4.4.1/lib'
make[3]: Entering directory '/home/devel/building/work/src/make-4.4.1/lib'
make[4]: Entering directory '/home/devel/building/work/src/make-4.4.1/lib'
make[4]: Nothing to be done for 'install-exec-am'.
make[4]: Nothing to be done for 'install-data-am'.
make[4]: Leaving directory '/home/devel/building/work/src/make-4.4.1/lib'
make[3]: Leaving directory '/home/devel/building/work/src/make-4.4.1/lib'
make[2]: Leaving directory '/home/devel/building/work/src/make-4.4.1/lib'
make[1]: Leaving directory '/home/devel/building/work/src/make-4.4.1/lib'
Making install in po
make[1]: Entering directory '/home/devel/building/work/src/make-4.4.1/po'
if test "make" = "gettext-tools"; then \
  /bin/mkdir -p /home/devel/building/work/pkg/usr/share/gettext/po; \
  for file in Makefile.in.in remove-potcdate.sin quot.sed boldquot.sed en@quot.header en@boldquot.header insert-header.sin Rules-quot   Makevars.template; do \
    /usr/bin/install -c -m 644 ./$file \
		    /home/devel/building/work/pkg/usr/share/gettext/po/$file; \
  done; \
  for file in Makevars; do \
    rm -f /home/devel/building/work/pkg/usr/share/gettext/po/$file; \
  done; \
else \
  : ; \
fi
make[1]: Leaving directory '/home/devel/building/work/src/make-4.4.1/po'
Making install in doc
make[1]: Entering directory '/home/devel/building/work/src/make-4.4.1/doc'
make[2]: Entering directory '/home/devel/building/work/src/make-4.4.1/doc'
make[2]: Nothing to be done for 'install-exec-am'.
 /bin/mkdir -p '/home/devel/building/work/pkg/usr/share/info'
 /usr/bin/install -c -m 644 ./make.info ./make.info-1 ./make.info-2 ./make.info-3 '/home/devel/building/work/pkg/usr/share/info'
 install-info --info-dir='/home/devel/building/work/pkg/usr/share/info' '/home/devel/building/work/pkg/usr/share/info/make.info'
make[2]: Leaving directory '/home/devel/building/work/src/make-4.4.1/doc'
make[1]: Leaving directory '/home/devel/building/work/src/make-4.4.1/doc'
make[1]: Entering directory '/home/devel/building/work/src/make-4.4.1'
make[2]: Entering directory '/home/devel/building/work/src/make-4.4.1'
 /bin/mkdir -p '/home/devel/building/work/pkg/usr/include'
 /bin/mkdir -p '/home/devel/building/work/pkg/usr/share/man/man1'
 /bin/mkdir -p '/home/devel/building/work/pkg/usr/bin'
 /usr/bin/install -c -m 644 src/gnumake.h '/home/devel/building/work/pkg/usr/include'
 /usr/bin/install -c -m 644 doc/make.1 '/home/devel/building/work/pkg/usr/share/man/man1'
  /usr/bin/install -c make '/home/devel/building/work/pkg/usr/bin'
make[2]: Leaving directory '/home/devel/building/work/src/make-4.4.1'
make[1]: Leaving directory '/home/devel/building/work/src/make-4.4.1'
+ rm -r /home/devel/building/work/pkg/usr/share/info
=======> Build result:
drwxr-xr-x  0 root   root        0 Jul 26 09:52 usr/
drwxr-xr-x  0 root   root        0 Jul 26 09:52 usr/bin/
drwxr-xr-x  0 root   root        0 Jul 26 09:52 usr/include/
drwxr-xr-x  0 root   root        0 Jul 26 09:52 usr/share/
drwxr-xr-x  0 root   root        0 Jul 26 09:52 usr/share/man/
drwxr-xr-x  0 root   root        0 Jul 26 09:52 usr/share/man/man1/
-rw-r--r--  0 root   root     4778 Jul 26 09:52 usr/share/man/man1/make.1.gz
-rw-r--r--  0 root   root     2913 Jul 26 09:52 usr/include/gnumake.h
-rwxr-xr-x  0 root   root   254768 Jul 26 09:52 usr/bin/make
=======> Building '/home/devel/packages/make#4.4.1-2.x86_64.pkg.tar.xz' succeeded.
prt-get: Using PKGMK_PACKAGE_DIR: /home/devel/packages
prt-get: reinstalling make 4.4.1-2
prt-get: /usr/bin/pkgadd -u make#4.4.1-2.x86_64.pkg.tar.xz
prt-get: build done Wed Jul 26 09:52:33 2023

