prt-get: updating /usr/ports/core-x86_64/autoconf
prt-get: starting build Wed May 15 16:37:20 2024
=======> Building '/home/devel/packages/autoconf#2.72-1.x86_64.pkg.tar.zst'.
bsdtar -p -o -C /home/devel/building/work/src -xf /home/devel/sources/autoconf-2.72.tar.xz
+ build
+ cd autoconf-2.72
+ ./configure --build=x86_64-unknown-linux-musl --host=x86_64-unknown-linux-musl --prefix=/usr
checking for a BSD-compatible install... /usr/bin/install -c
checking whether build environment is sane... yes
checking for a race-free mkdir -p... /bin/mkdir -p
checking for gawk... gawk
checking whether make sets $(MAKE)... yes
checking whether make supports nested variables... yes
checking build system type... x86_64-unknown-linux-musl
checking host system type... x86_64-unknown-linux-musl
configure: autobuild project... GNU Autoconf
configure: autobuild revision... 2.72
configure: autobuild hostname... ishi
configure: autobuild timestamp... 20240515T143720Z
checking for a shell whose -n mode is known to work... bash
checking for characters that cannot appear in file names... none
checking whether directories can have trailing spaces... yes
checking for expr... /usr/bin/expr
checking for GNU M4 that supports accurate traces... /usr/bin/m4
checking whether /usr/bin/m4 accepts --gnu... yes
checking how m4 supports trace files... --debugfile
checking for perl... /usr/bin/perl
checking whether /usr/bin/perl Fcntl::flock is implemented... yes
checking for emacs... no
checking for xemacs... no
checking for emacs... no
checking where .elc files should go... ${datadir}/emacs/site-lisp
checking for grep that handles long lines and -e... /usr/bin/grep
checking for egrep... /usr/bin/grep -E
checking for a sed that does not truncate output... /bin/sed
checking whether make is case sensitive... yes
checking that generated files are newer than configure... done
configure: creating ./config.status
config.status: creating tests/atlocal
config.status: creating Makefile
config.status: creating lib/version.m4
config.status: executing tests/atconfig commands

You are about to use an experimental version of Autoconf.  Be sure to
read the relevant mailing lists, most importantly <autoconf@gnu.org>.

Below you will find information on the status of this version of Autoconf.

* Status

                 /*------------------------------------.
                 | New features need further testing.  |
                 `------------------------------------*/

* Autotest parallel testsuite support is still a work in progress.
  There are known issues in job handling under dash and some ksh
  variants, where a parallel testsuite can hang or cause a 100%
  processor load.  In the current release, the overall autoconf
  testsuite only exercises parallel autotest under bash and zsh, or if
  you have defined TEST_PARALLEL_AUTOTEST in the environment.
  Meanwhile, Cygwin has known problems with named fifos that cause
  failures when attempting parallel tests in an autotest suite.  It is
  possible that other difficulties will be encountered, whether with
  shell or platform limitations; help is appreciated in improving
  parallel testsuite support.

+ make V=1
make  all-am
make[1]: Entering directory '/home/devel/building/work/src/autoconf-2.72'
rm -f bin/autoconf bin/autoconf.tmp
rm -f bin/autoheader bin/autoheader.tmp
/bin/mkdir -p bin
rm -f bin/autom4te bin/autom4te.tmp
/bin/mkdir -p bin
srcdir=''; \
  test -f ./bin/autoconf.in || srcdir=./; \
  sed -e 's|@SHELL[@]|/bin/sh|g' -e 's|@PERL[@]|/usr/bin/perl|g' -e 's|@PERL_FLOCK[@]|yes|g' -e 's|@bindir[@]|/usr/bin|g' -e 's|@pkgdatadir[@]|/usr/share/autoconf|g' -e 's|@prefix[@]|/usr|g' -e 's|@autoconf-name[@]|'`echo autoconf | sed 's,x,x,'`'|g' -e 's|@autoheader-name[@]|'`echo autoheader | sed 's,x,x,'`'|g' -e 's|@autom4te-name[@]|'`echo autom4te | sed 's,x,x,'`'|g' -e 's|@M4[@]|/usr/bin/m4|g' -e 's|@M4_DEBUGFILE[@]|--debugfile|g' -e 's|@M4_GNU[@]|--gnu|g' -e 's|@AWK[@]|gawk|g' -e 's|@RELEASE_YEAR[@]|2023|g' -e 's|@VERSION[@]|2.72|g' -e 's|@PACKAGE_NAME[@]|GNU Autoconf|g' -e 's|@configure_input[@]|Generated from bin/autoconf.in; do not edit by hand.|g' ${srcdir}bin/autoconf.in >bin/autoconf.tmp
/bin/mkdir -p bin
srcdir=''; \
  test -f ./bin/autoheader.in || srcdir=./; \
  sed -e 's|@SHELL[@]|/bin/sh|g' -e 's|@PERL[@]|/usr/bin/perl|g' -e 's|@PERL_FLOCK[@]|yes|g' -e 's|@bindir[@]|/usr/bin|g' -e 's|@pkgdatadir[@]|/usr/share/autoconf|g' -e 's|@prefix[@]|/usr|g' -e 's|@autoconf-name[@]|'`echo autoconf | sed 's,x,x,'`'|g' -e 's|@autoheader-name[@]|'`echo autoheader | sed 's,x,x,'`'|g' -e 's|@autom4te-name[@]|'`echo autom4te | sed 's,x,x,'`'|g' -e 's|@M4[@]|/usr/bin/m4|g' -e 's|@M4_DEBUGFILE[@]|--debugfile|g' -e 's|@M4_GNU[@]|--gnu|g' -e 's|@AWK[@]|gawk|g' -e 's|@RELEASE_YEAR[@]|2023|g' -e 's|@VERSION[@]|2.72|g' -e 's|@PACKAGE_NAME[@]|GNU Autoconf|g' -e 's|@configure_input[@]|Generated from bin/autoheader.in; do not edit by hand.|g' ${srcdir}bin/autoheader.in >bin/autoheader.tmp
srcdir=''; \
  test -f ./bin/autom4te.in || srcdir=./; \
  sed -e 's|@SHELL[@]|/bin/sh|g' -e 's|@PERL[@]|/usr/bin/perl|g' -e 's|@PERL_FLOCK[@]|yes|g' -e 's|@bindir[@]|/usr/bin|g' -e 's|@pkgdatadir[@]|/usr/share/autoconf|g' -e 's|@prefix[@]|/usr|g' -e 's|@autoconf-name[@]|'`echo autoconf | sed 's,x,x,'`'|g' -e 's|@autoheader-name[@]|'`echo autoheader | sed 's,x,x,'`'|g' -e 's|@autom4te-name[@]|'`echo autom4te | sed 's,x,x,'`'|g' -e 's|@M4[@]|/usr/bin/m4|g' -e 's|@M4_DEBUGFILE[@]|--debugfile|g' -e 's|@M4_GNU[@]|--gnu|g' -e 's|@AWK[@]|gawk|g' -e 's|@RELEASE_YEAR[@]|2023|g' -e 's|@VERSION[@]|2.72|g' -e 's|@PACKAGE_NAME[@]|GNU Autoconf|g' -e 's|@configure_input[@]|Generated from bin/autom4te.in; do not edit by hand.|g' ${srcdir}bin/autom4te.in >bin/autom4te.tmp
rm -f bin/autoreconf bin/autoreconf.tmp
rm -f bin/autoscan bin/autoscan.tmp
/bin/mkdir -p bin
/bin/mkdir -p bin
srcdir=''; \
  test -f ./bin/autoreconf.in || srcdir=./; \
  sed -e 's|@SHELL[@]|/bin/sh|g' -e 's|@PERL[@]|/usr/bin/perl|g' -e 's|@PERL_FLOCK[@]|yes|g' -e 's|@bindir[@]|/usr/bin|g' -e 's|@pkgdatadir[@]|/usr/share/autoconf|g' -e 's|@prefix[@]|/usr|g' -e 's|@autoconf-name[@]|'`echo autoconf | sed 's,x,x,'`'|g' -e 's|@autoheader-name[@]|'`echo autoheader | sed 's,x,x,'`'|g' -e 's|@autom4te-name[@]|'`echo autom4te | sed 's,x,x,'`'|g' -e 's|@M4[@]|/usr/bin/m4|g' -e 's|@M4_DEBUGFILE[@]|--debugfile|g' -e 's|@M4_GNU[@]|--gnu|g' -e 's|@AWK[@]|gawk|g' -e 's|@RELEASE_YEAR[@]|2023|g' -e 's|@VERSION[@]|2.72|g' -e 's|@PACKAGE_NAME[@]|GNU Autoconf|g' -e 's|@configure_input[@]|Generated from bin/autoreconf.in; do not edit by hand.|g' ${srcdir}bin/autoreconf.in >bin/autoreconf.tmp
srcdir=''; \
  test -f ./bin/autoscan.in || srcdir=./; \
  sed -e 's|@SHELL[@]|/bin/sh|g' -e 's|@PERL[@]|/usr/bin/perl|g' -e 's|@PERL_FLOCK[@]|yes|g' -e 's|@bindir[@]|/usr/bin|g' -e 's|@pkgdatadir[@]|/usr/share/autoconf|g' -e 's|@prefix[@]|/usr|g' -e 's|@autoconf-name[@]|'`echo autoconf | sed 's,x,x,'`'|g' -e 's|@autoheader-name[@]|'`echo autoheader | sed 's,x,x,'`'|g' -e 's|@autom4te-name[@]|'`echo autom4te | sed 's,x,x,'`'|g' -e 's|@M4[@]|/usr/bin/m4|g' -e 's|@M4_DEBUGFILE[@]|--debugfile|g' -e 's|@M4_GNU[@]|--gnu|g' -e 's|@AWK[@]|gawk|g' -e 's|@RELEASE_YEAR[@]|2023|g' -e 's|@VERSION[@]|2.72|g' -e 's|@PACKAGE_NAME[@]|GNU Autoconf|g' -e 's|@configure_input[@]|Generated from bin/autoscan.in; do not edit by hand.|g' ${srcdir}bin/autoscan.in >bin/autoscan.tmp
rm -f bin/autoupdate bin/autoupdate.tmp
/bin/mkdir -p bin
rm -f bin/ifnames bin/ifnames.tmp
srcdir=''; \
  test -f ./bin/autoupdate.in || srcdir=./; \
  sed -e 's|@SHELL[@]|/bin/sh|g' -e 's|@PERL[@]|/usr/bin/perl|g' -e 's|@PERL_FLOCK[@]|yes|g' -e 's|@bindir[@]|/usr/bin|g' -e 's|@pkgdatadir[@]|/usr/share/autoconf|g' -e 's|@prefix[@]|/usr|g' -e 's|@autoconf-name[@]|'`echo autoconf | sed 's,x,x,'`'|g' -e 's|@autoheader-name[@]|'`echo autoheader | sed 's,x,x,'`'|g' -e 's|@autom4te-name[@]|'`echo autom4te | sed 's,x,x,'`'|g' -e 's|@M4[@]|/usr/bin/m4|g' -e 's|@M4_DEBUGFILE[@]|--debugfile|g' -e 's|@M4_GNU[@]|--gnu|g' -e 's|@AWK[@]|gawk|g' -e 's|@RELEASE_YEAR[@]|2023|g' -e 's|@VERSION[@]|2.72|g' -e 's|@PACKAGE_NAME[@]|GNU Autoconf|g' -e 's|@configure_input[@]|Generated from bin/autoupdate.in; do not edit by hand.|g' ${srcdir}bin/autoupdate.in >bin/autoupdate.tmp
/bin/mkdir -p bin
rm -f lib/autom4te.cfg lib/autom4te.cfg-t
srcdir=''; \
  test -f ./bin/ifnames.in || srcdir=./; \
  sed -e 's|@SHELL[@]|/bin/sh|g' -e 's|@PERL[@]|/usr/bin/perl|g' -e 's|@PERL_FLOCK[@]|yes|g' -e 's|@bindir[@]|/usr/bin|g' -e 's|@pkgdatadir[@]|/usr/share/autoconf|g' -e 's|@prefix[@]|/usr|g' -e 's|@autoconf-name[@]|'`echo autoconf | sed 's,x,x,'`'|g' -e 's|@autoheader-name[@]|'`echo autoheader | sed 's,x,x,'`'|g' -e 's|@autom4te-name[@]|'`echo autom4te | sed 's,x,x,'`'|g' -e 's|@M4[@]|/usr/bin/m4|g' -e 's|@M4_DEBUGFILE[@]|--debugfile|g' -e 's|@M4_GNU[@]|--gnu|g' -e 's|@AWK[@]|gawk|g' -e 's|@RELEASE_YEAR[@]|2023|g' -e 's|@VERSION[@]|2.72|g' -e 's|@PACKAGE_NAME[@]|GNU Autoconf|g' -e 's|@configure_input[@]|Generated from bin/ifnames.in; do not edit by hand.|g' ${srcdir}bin/ifnames.in >bin/ifnames.tmp
/bin/mkdir -p lib
sed -e 's|@SHELL[@]|/bin/sh|g' -e 's|@PERL[@]|/usr/bin/perl|g' -e 's|@PERL_FLOCK[@]|yes|g' -e 's|@bindir[@]|/usr/bin|g' -e 's|@pkgdatadir[@]|/usr/share/autoconf|g' -e 's|@prefix[@]|/usr|g' -e 's|@autoconf-name[@]|'`echo autoconf | sed 's,x,x,'`'|g' -e 's|@autoheader-name[@]|'`echo autoheader | sed 's,x,x,'`'|g' -e 's|@autom4te-name[@]|'`echo autom4te | sed 's,x,x,'`'|g' -e 's|@M4[@]|/usr/bin/m4|g' -e 's|@M4_DEBUGFILE[@]|--debugfile|g' -e 's|@M4_GNU[@]|--gnu|g' -e 's|@AWK[@]|gawk|g' -e 's|@RELEASE_YEAR[@]|2023|g' -e 's|@VERSION[@]|2.72|g' -e 's|@PACKAGE_NAME[@]|GNU Autoconf|g' -e 's|@configure_input[@]|Generated from lib/autom4te.cfg.in; do not edit by hand.|g' ./lib/autom4te.in >lib/autom4te.cfg-t
chmod +x bin/autoconf.tmp
chmod +x bin/autoheader.tmp
chmod a-w bin/autoconf.tmp
chmod a-w bin/autoheader.tmp
mv bin/autoconf.tmp bin/autoconf
chmod +x bin/autom4te.tmp
mv bin/autoheader.tmp bin/autoheader
chmod a-w bin/autom4te.tmp
if test 'no' != no; then \
  am__dir=. am__subdir_includes=''; \
  case lib/emacs/autoconf-mode.elc in */*) \
    am__dir=`echo 'lib/emacs/autoconf-mode.elc' | sed 's,/[^/]*$,,'`; \
    am__subdir_includes="-L $am__dir -L ./$am__dir"; \
  esac; \
  test -d "$am__dir" || /bin/mkdir -p "$am__dir" || exit 1; \
  no --batch \
      \
    $am__subdir_includes -L . -L . \
    --eval '(if (boundp (quote byte-compile-dest-file-function)) (setq byte-compile-dest-file-function (lambda (_) "lib/emacs/autoconf-mode.elc")) (defun byte-compile-dest-file (_) "lib/emacs/autoconf-mode.elc") )' \
    -f batch-byte-compile 'lib/emacs/autoconf-mode.el'; \
else :; fi
chmod +x bin/autoscan.tmp
mv bin/autom4te.tmp bin/autom4te
if test 'no' != no; then \
  am__dir=. am__subdir_includes=''; \
  case lib/emacs/autotest-mode.elc in */*) \
    am__dir=`echo 'lib/emacs/autotest-mode.elc' | sed 's,/[^/]*$,,'`; \
    am__subdir_includes="-L $am__dir -L ./$am__dir"; \
  esac; \
  test -d "$am__dir" || /bin/mkdir -p "$am__dir" || exit 1; \
  no --batch \
      \
    $am__subdir_includes -L . -L . \
    --eval '(if (boundp (quote byte-compile-dest-file-function)) (setq byte-compile-dest-file-function (lambda (_) "lib/emacs/autotest-mode.elc")) (defun byte-compile-dest-file (_) "lib/emacs/autotest-mode.elc") )' \
    -f batch-byte-compile 'lib/emacs/autotest-mode.el'; \
else :; fi
chmod +x bin/autoupdate.tmp
chmod +x bin/ifnames.tmp
chmod a-w bin/autoscan.tmp
chmod a-w bin/autoupdate.tmp
chmod a-w bin/ifnames.tmp
mv bin/autoscan.tmp bin/autoscan
mv bin/autoupdate.tmp bin/autoupdate
mv bin/ifnames.tmp bin/ifnames
chmod a-w lib/autom4te.cfg-t
mv -f lib/autom4te.cfg-t lib/autom4te.cfg
chmod +x bin/autoreconf.tmp
chmod a-w bin/autoreconf.tmp
autom4te_perllibdir='.'/lib AUTOM4TE_CFG='lib/autom4te.cfg'         bin/autom4te -B ''lib -B '.'/lib         --language=M4sh ./tests/wrapper.as -o tests/wrapper.in
mv bin/autoreconf.tmp bin/autoreconf
/bin/mkdir -p lib/autoconf
/bin/mkdir -p lib/autoscan
lang=`echo 'lib/autoconf/autoconf' | sed 's,.*/,,'` \
  && if test $lang = autoconf; then \
       lang=autoconf-without-aclocal-m4; \
     else :; fi \
  && autom4te_perllibdir='.'/lib AUTOM4TE_CFG='lib/autom4te.cfg'         bin/autom4te -B ''lib -B '.'/lib         \
	--language=$lang \
	--freeze \
	--output=lib/autoconf/autoconf.m4f
/bin/mkdir -p lib/autotest
echo '# Automatically Generated: do not edit this file' >lib/autoscan/autoscan.list
/bin/mkdir -p lib/m4sugar
lang=`echo 'lib/autotest/autotest' | sed 's,.*/,,'` \
  && if test $lang = autoconf; then \
       lang=autoconf-without-aclocal-m4; \
     else :; fi \
  && autom4te_perllibdir='.'/lib AUTOM4TE_CFG='lib/autom4te.cfg'         bin/autom4te -B ''lib -B '.'/lib         \
	--language=$lang \
	--freeze \
	--output=lib/autotest/autotest.m4f
sed '/^[#]/!q' ./lib/autoscan/autoscan.pre >>lib/autoscan/autoscan.list
lang=`echo 'lib/m4sugar/m4sugar' | sed 's,.*/,,'` \
  && if test $lang = autoconf; then \
       lang=autoconf-without-aclocal-m4; \
     else :; fi \
  && autom4te_perllibdir='.'/lib AUTOM4TE_CFG='lib/autom4te.cfg'         bin/autom4te -B ''lib -B '.'/lib         \
	--language=$lang \
	--freeze \
	--output=lib/m4sugar/m4sugar.m4f
/bin/mkdir -p lib/m4sugar
lang=`echo 'lib/m4sugar/m4sh' | sed 's,.*/,,'` \
  && if test $lang = autoconf; then \
       lang=autoconf-without-aclocal-m4; \
     else :; fi \
  && autom4te_perllibdir='.'/lib AUTOM4TE_CFG='lib/autom4te.cfg'         bin/autom4te -B ''lib -B '.'/lib         \
	--language=$lang \
	--freeze \
	--output=lib/m4sugar/m4sh.m4f
( \
  sed -n '/^[^#]/p' ./lib/autoscan/autoscan.pre; \
  autom4te_perllibdir='.'/lib AUTOM4TE_CFG='lib/autom4te.cfg'         bin/autom4te -B ''lib -B '.'/lib         --cache '' -M -l autoconf-without-aclocal-m4 \
    -t'AN_OUTPUT:$1: $2		$3' \
) | LC_ALL=C sort >>lib/autoscan/autoscan.list
rm -f tests/autoconf tests/autoconf.tmp
rm -f tests/autoheader tests/autoheader.tmp
input=tests/wrapper.in \
  && sed -e 's|@wrap_program[@]|autoconf|g' -e 's|@abs_top_srcdir[@]|/home/devel/building/work/src/autoconf-2.72|g' -e 's|@abs_top_builddir[@]|/home/devel/building/work/src/autoconf-2.72|g' -e "s|@configure_input[@]|Generated from $input.|g" tests/wrapper.in >tests/autoconf.tmp
rm -f tests/autom4te tests/autom4te.tmp
input=tests/wrapper.in \
  && sed -e 's|@wrap_program[@]|autoheader|g' -e 's|@abs_top_srcdir[@]|/home/devel/building/work/src/autoconf-2.72|g' -e 's|@abs_top_builddir[@]|/home/devel/building/work/src/autoconf-2.72|g' -e "s|@configure_input[@]|Generated from $input.|g" tests/wrapper.in >tests/autoheader.tmp
input=tests/wrapper.in \
  && sed -e 's|@wrap_program[@]|autom4te|g' -e 's|@abs_top_srcdir[@]|/home/devel/building/work/src/autoconf-2.72|g' -e 's|@abs_top_builddir[@]|/home/devel/building/work/src/autoconf-2.72|g' -e "s|@configure_input[@]|Generated from $input.|g" tests/wrapper.in >tests/autom4te.tmp
chmod +x tests/autoconf.tmp
chmod +x tests/autoheader.tmp
chmod +x tests/autom4te.tmp
chmod a-w tests/autoconf.tmp
chmod a-w tests/autoheader.tmp
chmod a-w tests/autom4te.tmp
mv -f tests/autoconf.tmp tests/autoconf
mv -f tests/autoheader.tmp tests/autoheader
mv -f tests/autom4te.tmp tests/autom4te
rm -f tests/autoreconf tests/autoreconf.tmp
rm -f tests/autoscan tests/autoscan.tmp
input=tests/wrapper.in \
  && sed -e 's|@wrap_program[@]|autoreconf|g' -e 's|@abs_top_srcdir[@]|/home/devel/building/work/src/autoconf-2.72|g' -e 's|@abs_top_builddir[@]|/home/devel/building/work/src/autoconf-2.72|g' -e "s|@configure_input[@]|Generated from $input.|g" tests/wrapper.in >tests/autoreconf.tmp
rm -f tests/autoupdate tests/autoupdate.tmp
input=tests/wrapper.in \
  && sed -e 's|@wrap_program[@]|autoscan|g' -e 's|@abs_top_srcdir[@]|/home/devel/building/work/src/autoconf-2.72|g' -e 's|@abs_top_builddir[@]|/home/devel/building/work/src/autoconf-2.72|g' -e "s|@configure_input[@]|Generated from $input.|g" tests/wrapper.in >tests/autoscan.tmp
rm -f tests/ifnames tests/ifnames.tmp
input=tests/wrapper.in \
  && sed -e 's|@wrap_program[@]|autoupdate|g' -e 's|@abs_top_srcdir[@]|/home/devel/building/work/src/autoconf-2.72|g' -e 's|@abs_top_builddir[@]|/home/devel/building/work/src/autoconf-2.72|g' -e "s|@configure_input[@]|Generated from $input.|g" tests/wrapper.in >tests/autoupdate.tmp
input=tests/wrapper.in \
  && sed -e 's|@wrap_program[@]|ifnames|g' -e 's|@abs_top_srcdir[@]|/home/devel/building/work/src/autoconf-2.72|g' -e 's|@abs_top_builddir[@]|/home/devel/building/work/src/autoconf-2.72|g' -e "s|@configure_input[@]|Generated from $input.|g" tests/wrapper.in >tests/ifnames.tmp
chmod +x tests/autoreconf.tmp
chmod +x tests/autoscan.tmp
chmod +x tests/autoupdate.tmp
chmod +x tests/ifnames.tmp
chmod a-w tests/autoreconf.tmp
chmod a-w tests/autoscan.tmp
chmod a-w tests/autoupdate.tmp
chmod a-w tests/ifnames.tmp
mv -f tests/autoreconf.tmp tests/autoreconf
mv -f tests/autoscan.tmp tests/autoscan
mv -f tests/autoupdate.tmp tests/autoupdate
mv -f tests/ifnames.tmp tests/ifnames
make[1]: Leaving directory '/home/devel/building/work/src/autoconf-2.72'
+ make prefix=/home/devel/building/work/pkg/usr install
make  install-am
make[1]: Entering directory '/home/devel/building/work/src/autoconf-2.72'
if test 'no' != no; then \
  am__dir=. am__subdir_includes=''; \
  case lib/emacs/autoconf-mode.elc in */*) \
    am__dir=`echo 'lib/emacs/autoconf-mode.elc' | sed 's,/[^/]*$,,'`; \
    am__subdir_includes="-L $am__dir -L ./$am__dir"; \
  esac; \
  test -d "$am__dir" || /bin/mkdir -p "$am__dir" || exit 1; \
  no --batch \
      \
    $am__subdir_includes -L . -L . \
    --eval '(if (boundp (quote byte-compile-dest-file-function)) (setq byte-compile-dest-file-function (lambda (_) "lib/emacs/autoconf-mode.elc")) (defun byte-compile-dest-file (_) "lib/emacs/autoconf-mode.elc") )' \
    -f batch-byte-compile 'lib/emacs/autoconf-mode.el'; \
else :; fi
if test 'no' != no; then \
  am__dir=. am__subdir_includes=''; \
  case lib/emacs/autotest-mode.elc in */*) \
    am__dir=`echo 'lib/emacs/autotest-mode.elc' | sed 's,/[^/]*$,,'`; \
    am__subdir_includes="-L $am__dir -L ./$am__dir"; \
  esac; \
  test -d "$am__dir" || /bin/mkdir -p "$am__dir" || exit 1; \
  no --batch \
      \
    $am__subdir_includes -L . -L . \
    --eval '(if (boundp (quote byte-compile-dest-file-function)) (setq byte-compile-dest-file-function (lambda (_) "lib/emacs/autotest-mode.elc")) (defun byte-compile-dest-file (_) "lib/emacs/autotest-mode.elc") )' \
    -f batch-byte-compile 'lib/emacs/autotest-mode.el'; \
else :; fi
make[2]: Entering directory '/home/devel/building/work/src/autoconf-2.72'
 /bin/mkdir -p '/home/devel/building/work/pkg/usr/bin'
 /bin/mkdir -p '/home/devel/building/work/pkg/usr/share/autoconf/autoconf'
 /bin/mkdir -p '/home/devel/building/work/pkg/usr/share/autoconf/autotest'
if test 'no' != no; then \
  am__dir=. am__subdir_includes=''; \
  case lib/emacs/autoconf-mode.elc in */*) \
    am__dir=`echo 'lib/emacs/autoconf-mode.elc' | sed 's,/[^/]*$,,'`; \
    am__subdir_includes="-L $am__dir -L ./$am__dir"; \
  esac; \
  test -d "$am__dir" || /bin/mkdir -p "$am__dir" || exit 1; \
  no --batch \
      \
    $am__subdir_includes -L . -L . \
    --eval '(if (boundp (quote byte-compile-dest-file-function)) (setq byte-compile-dest-file-function (lambda (_) "lib/emacs/autoconf-mode.elc")) (defun byte-compile-dest-file (_) "lib/emacs/autoconf-mode.elc") )' \
    -f batch-byte-compile 'lib/emacs/autoconf-mode.el'; \
else :; fi
 /bin/mkdir -p '/home/devel/building/work/pkg/usr/share/autoconf/build-aux'
 /usr/bin/install -c -m 644 lib/autoconf/autoconf.m4 lib/autoconf/general.m4 lib/autoconf/status.m4 lib/autoconf/oldnames.m4 lib/autoconf/specific.m4 lib/autoconf/autoheader.m4 lib/autoconf/autoupdate.m4 lib/autoconf/autotest.m4 lib/autoconf/autoscan.m4 lib/autoconf/lang.m4 lib/autoconf/c.m4 lib/autoconf/erlang.m4 lib/autoconf/fortran.m4 lib/autoconf/functions.m4 lib/autoconf/go.m4 lib/autoconf/headers.m4 lib/autoconf/types.m4 lib/autoconf/libs.m4 lib/autoconf/programs.m4 lib/autoconf/trailer.m4 '/home/devel/building/work/pkg/usr/share/autoconf/autoconf'
 /usr/bin/install -c -m 644 lib/autotest/autotest.m4 lib/autotest/general.m4 lib/autotest/specific.m4 '/home/devel/building/work/pkg/usr/share/autoconf/autotest'
 /usr/bin/install -c bin/autoconf bin/autoheader bin/autom4te bin/autoreconf bin/autoscan bin/autoupdate bin/ifnames '/home/devel/building/work/pkg/usr/bin'
if test 'no' != no; then \
  am__dir=. am__subdir_includes=''; \
  case lib/emacs/autotest-mode.elc in */*) \
    am__dir=`echo 'lib/emacs/autotest-mode.elc' | sed 's,/[^/]*$,,'`; \
    am__subdir_includes="-L $am__dir -L ./$am__dir"; \
  esac; \
  test -d "$am__dir" || /bin/mkdir -p "$am__dir" || exit 1; \
  no --batch \
      \
    $am__subdir_includes -L . -L . \
    --eval '(if (boundp (quote byte-compile-dest-file-function)) (setq byte-compile-dest-file-function (lambda (_) "lib/emacs/autotest-mode.elc")) (defun byte-compile-dest-file (_) "lib/emacs/autotest-mode.elc") )' \
    -f batch-byte-compile 'lib/emacs/autotest-mode.el'; \
else :; fi
 /usr/bin/install -c -m 644 build-aux/config.guess build-aux/config.sub build-aux/install-sh '/home/devel/building/work/pkg/usr/share/autoconf/build-aux'
 /bin/mkdir -p '/home/devel/building/work/pkg/usr/share/autoconf/m4sugar'
 /bin/mkdir -p '/home/devel/building/work/pkg/usr/share/autoconf/Autom4te'
 /usr/bin/install -c -m 644 lib/m4sugar/m4sugar.m4 lib/m4sugar/foreach.m4 lib/m4sugar/m4sh.m4 '/home/devel/building/work/pkg/usr/share/autoconf/m4sugar'
 /bin/mkdir -p '/home/devel/building/work/pkg/usr/share/man/man1'
 /usr/bin/install -c -m 644 lib/Autom4te/C4che.pm lib/Autom4te/ChannelDefs.pm lib/Autom4te/Channels.pm lib/Autom4te/Config.pm lib/Autom4te/Configure_ac.pm lib/Autom4te/FileUtils.pm lib/Autom4te/General.pm lib/Autom4te/Getopt.pm lib/Autom4te/Request.pm lib/Autom4te/XFile.pm '/home/devel/building/work/pkg/usr/share/autoconf/Autom4te'
 /bin/mkdir -p '/home/devel/building/work/pkg/usr/share/info'
 /bin/mkdir -p '/home/devel/building/work/pkg/usr/share/autoconf/autoconf'
 /bin/mkdir -p '/home/devel/building/work/pkg/usr/share/autoconf/autoscan'
 /bin/mkdir -p '/home/devel/building/work/pkg/usr/share/autoconf/autotest'
 /bin/mkdir -p '/home/devel/building/work/pkg/usr/share/autoconf/m4sugar'
 /usr/bin/install -c -m 644 lib/autoconf/autoconf.m4f '/home/devel/building/work/pkg/usr/share/autoconf/autoconf'
 /bin/mkdir -p '/home/devel/building/work/pkg/usr/share/autoconf'
 /usr/bin/install -c -m 644 lib/autoscan/autoscan.list '/home/devel/building/work/pkg/usr/share/autoconf/autoscan'
 /usr/bin/install -c -m 644 lib/m4sugar/m4sugar.m4f lib/m4sugar/m4sh.m4f '/home/devel/building/work/pkg/usr/share/autoconf/m4sugar'
 /usr/bin/install -c -m 644 lib/autotest/autotest.m4f '/home/devel/building/work/pkg/usr/share/autoconf/autotest'
 /bin/mkdir -p '/home/devel/building/work/pkg/usr/share/autoconf'
 /usr/bin/install -c -m 644 man/autoconf.1 man/autoheader.1 man/autom4te.1 man/autoreconf.1 man/autoscan.1 man/autoupdate.1 man/ifnames.1 '/home/devel/building/work/pkg/usr/share/man/man1'
 /usr/bin/install -c -m 644 ./INSTALL '/home/devel/building/work/pkg/usr/share/autoconf'
 /usr/bin/install -c -m 644 lib/autom4te.cfg lib/version.m4 '/home/devel/building/work/pkg/usr/share/autoconf'
 /usr/bin/install -c -m 644 ./doc/autoconf.info ./doc/standards.info '/home/devel/building/work/pkg/usr/share/info'
 install-info --info-dir='/home/devel/building/work/pkg/usr/share/info' '/home/devel/building/work/pkg/usr/share/info/autoconf.info'
 install-info --info-dir='/home/devel/building/work/pkg/usr/share/info' '/home/devel/building/work/pkg/usr/share/info/standards.info'
make  install-data-hook
make[3]: Entering directory '/home/devel/building/work/src/autoconf-2.72'
for s in build-aux/config.guess build-aux/config.sub build-aux/install-sh; do \
  chmod +x "/home/devel/building/work/pkg/usr/share/autoconf/$s"; \
done
make[3]: Leaving directory '/home/devel/building/work/src/autoconf-2.72'
make[2]: Leaving directory '/home/devel/building/work/src/autoconf-2.72'
make[1]: Leaving directory '/home/devel/building/work/src/autoconf-2.72'
+ rm -r /home/devel/building/work/pkg/usr/share/info
=======> Build result:
drwxr-xr-x  0 root   root        0 May 15 16:37 usr/
drwxr-xr-x  0 root   root        0 May 15 16:37 usr/bin/
drwxr-xr-x  0 root   root        0 May 15 16:37 usr/share/
drwxr-xr-x  0 root   root        0 May 15 16:37 usr/share/autoconf/
drwxr-xr-x  0 root   root        0 May 15 16:37 usr/share/man/
drwxr-xr-x  0 root   root        0 May 15 16:37 usr/share/man/man1/
-rw-r--r--  0 root   root     1575 May 15 16:37 usr/share/man/man1/autoconf.1.gz
-rw-r--r--  0 root   root     1384 May 15 16:37 usr/share/man/man1/autoheader.1.gz
-rw-r--r--  0 root   root     2208 May 15 16:37 usr/share/man/man1/autom4te.1.gz
-rw-r--r--  0 root   root     1767 May 15 16:37 usr/share/man/man1/autoreconf.1.gz
-rw-r--r--  0 root   root     1064 May 15 16:37 usr/share/man/man1/autoscan.1.gz
-rw-r--r--  0 root   root     1049 May 15 16:37 usr/share/man/man1/autoupdate.1.gz
-rw-r--r--  0 root   root      978 May 15 16:37 usr/share/man/man1/ifnames.1.gz
drwxr-xr-x  0 root   root        0 May 15 16:37 usr/share/autoconf/autoconf/
drwxr-xr-x  0 root   root        0 May 15 16:37 usr/share/autoconf/autotest/
drwxr-xr-x  0 root   root        0 May 15 16:37 usr/share/autoconf/build-aux/
drwxr-xr-x  0 root   root        0 May 15 16:37 usr/share/autoconf/m4sugar/
drwxr-xr-x  0 root   root        0 May 15 16:37 usr/share/autoconf/Autom4te/
drwxr-xr-x  0 root   root        0 May 15 16:37 usr/share/autoconf/autoscan/
-rw-r--r--  0 root   root    15766 May 15 16:37 usr/share/autoconf/INSTALL
-rw-r--r--  0 root   root     5143 May 15 16:37 usr/share/autoconf/autom4te.cfg
-rw-r--r--  0 root   root      560 May 15 16:37 usr/share/autoconf/version.m4
-rw-r--r--  0 root   root     9420 May 15 16:37 usr/share/autoconf/autoscan/autoscan.list
-rw-r--r--  0 root   root     5442 May 15 16:37 usr/share/autoconf/Autom4te/C4che.pm
-rw-r--r--  0 root   root    14123 May 15 16:37 usr/share/autoconf/Autom4te/ChannelDefs.pm
-rw-r--r--  0 root   root    21800 May 15 16:37 usr/share/autoconf/Autom4te/Channels.pm
-rw-r--r--  0 root   root     1425 May 15 16:37 usr/share/autoconf/Autom4te/Config.pm
-rw-r--r--  0 root   root     2986 May 15 16:37 usr/share/autoconf/Autom4te/Configure_ac.pm
-rw-r--r--  0 root   root    10021 May 15 16:37 usr/share/autoconf/Autom4te/FileUtils.pm
-rw-r--r--  0 root   root     8719 May 15 16:37 usr/share/autoconf/Autom4te/General.pm
-rw-r--r--  0 root   root     2283 May 15 16:37 usr/share/autoconf/Autom4te/Getopt.pm
-rw-r--r--  0 root   root     2778 May 15 16:37 usr/share/autoconf/Autom4te/Request.pm
-rw-r--r--  0 root   root     7461 May 15 16:37 usr/share/autoconf/Autom4te/XFile.pm
-rw-r--r--  0 root   root   122654 May 15 16:37 usr/share/autoconf/m4sugar/m4sugar.m4
-rw-r--r--  0 root   root    14766 May 15 16:37 usr/share/autoconf/m4sugar/foreach.m4
-rw-r--r--  0 root   root    78083 May 15 16:37 usr/share/autoconf/m4sugar/m4sh.m4
-rw-r--r--  0 root   root    30897 May 15 16:37 usr/share/autoconf/m4sugar/m4sugar.m4f
-rw-r--r--  0 root   root    72296 May 15 16:37 usr/share/autoconf/m4sugar/m4sh.m4f
-rwxr-xr-x  0 root   root    50622 May 15 16:37 usr/share/autoconf/build-aux/config.guess
-rwxr-xr-x  0 root   root    36482 May 15 16:37 usr/share/autoconf/build-aux/config.sub
-rwxr-xr-x  0 root   root    15425 May 15 16:37 usr/share/autoconf/build-aux/install-sh
-rw-r--r--  0 root   root     1227 May 15 16:37 usr/share/autoconf/autotest/autotest.m4
-rw-r--r--  0 root   root    76118 May 15 16:37 usr/share/autoconf/autotest/general.m4
-rw-r--r--  0 root   root     3054 May 15 16:37 usr/share/autoconf/autotest/specific.m4
-rw-r--r--  0 root   root   130958 May 15 16:37 usr/share/autoconf/autotest/autotest.m4f
-rw-r--r--  0 root   root     3710 May 15 16:37 usr/share/autoconf/autoconf/autoconf.m4
-rw-r--r--  0 root   root   115744 May 15 16:37 usr/share/autoconf/autoconf/general.m4
-rw-r--r--  0 root   root    56005 May 15 16:37 usr/share/autoconf/autoconf/status.m4
-rw-r--r--  0 root   root     3883 May 15 16:37 usr/share/autoconf/autoconf/oldnames.m4
-rw-r--r--  0 root   root    26556 May 15 16:37 usr/share/autoconf/autoconf/specific.m4
-rw-r--r--  0 root   root     2753 May 15 16:37 usr/share/autoconf/autoconf/autoheader.m4
-rw-r--r--  0 root   root     5107 May 15 16:37 usr/share/autoconf/autoconf/autoupdate.m4
-rw-r--r--  0 root   root     3053 May 15 16:37 usr/share/autoconf/autoconf/autotest.m4
-rw-r--r--  0 root   root     2038 May 15 16:37 usr/share/autoconf/autoconf/autoscan.m4
-rw-r--r--  0 root   root    24314 May 15 16:37 usr/share/autoconf/autoconf/lang.m4
-rw-r--r--  0 root   root    84884 May 15 16:37 usr/share/autoconf/autoconf/c.m4
-rw-r--r--  0 root   root     8717 May 15 16:37 usr/share/autoconf/autoconf/erlang.m4
-rw-r--r--  0 root   root    67953 May 15 16:37 usr/share/autoconf/autoconf/fortran.m4
-rw-r--r--  0 root   root    68606 May 15 16:37 usr/share/autoconf/autoconf/functions.m4
-rw-r--r--  0 root   root     4657 May 15 16:37 usr/share/autoconf/autoconf/go.m4
-rw-r--r--  0 root   root    30263 May 15 16:37 usr/share/autoconf/autoconf/headers.m4
-rw-r--r--  0 root   root    38704 May 15 16:37 usr/share/autoconf/autoconf/types.m4
-rw-r--r--  0 root   root    16796 May 15 16:37 usr/share/autoconf/autoconf/libs.m4
-rw-r--r--  0 root   root    32834 May 15 16:37 usr/share/autoconf/autoconf/programs.m4
-rw-r--r--  0 root   root      231 May 15 16:37 usr/share/autoconf/autoconf/trailer.m4
-rw-r--r--  0 root   root   524601 May 15 16:37 usr/share/autoconf/autoconf/autoconf.m4f
-rwxr-xr-x  0 root   root     6694 May 15 16:37 usr/bin/autoconf
-rwxr-xr-x  0 root   root     9098 May 15 16:37 usr/bin/autoheader
-rwxr-xr-x  0 root   root    34929 May 15 16:37 usr/bin/autom4te
-rwxr-xr-x  0 root   root    26873 May 15 16:37 usr/bin/autoreconf
-rwxr-xr-x  0 root   root    17182 May 15 16:37 usr/bin/autoscan
-rwxr-xr-x  0 root   root    34022 May 15 16:37 usr/bin/autoupdate
-rwxr-xr-x  0 root   root     4188 May 15 16:37 usr/bin/ifnames
=======> Building '/home/devel/packages/autoconf#2.72-1.x86_64.pkg.tar.zst' succeeded.
prt-get: Using PKGMK_PACKAGE_DIR: /home/devel/packages
prt-get: reinstalling autoconf 2.72-1
prt-get: /usr/bin/pkgadd -u autoconf#2.72-1.x86_64.pkg.tar.zst
prt-get: build done Wed May 15 16:37:21 2024

