prt-get: updating /usr/ports/core-x86_64/chrony
prt-get: starting build Wed May 15 16:40:19 2024
=======> Building '/home/devel/packages/chrony#4.5-1.x86_64.pkg.tar.zst'.
bsdtar -p -o -C /home/devel/building/work/src -xf /home/devel/sources/chrony-4.5.tar.gz
cp chrony.conf /home/devel/building/work/src
cp chrony.run /home/devel/building/work/src
cp chrony.run.conf /home/devel/building/work/src
+ build
+ cd chrony-4.5
+ ./configure --build=x86_64-unknown-linux-musl --host=x86_64-unknown-linux-musl --prefix=/usr --sysconfdir=/etc --with-user=chrony --without-gnutls --without-nss
Unrecognized option :  --build=x86_64-unknown-linux-musl
Unrecognized option :  --host=x86_64-unknown-linux-musl
Configuring for  Linux-x86_64
Checking for gcc : Yes
Checking for -fwrapv : Yes
Checking for pkg-config : Yes
Checking for 64-bit time_t : Yes
NTP time mapped to 1974-05-28T14:40:19Z/2110-07-04T21:08:35Z
Checking for math : Yes
Checking for struct in_pktinfo : Yes
Checking for IPv6 support : Yes
Checking for struct in6_pktinfo : Yes
Checking for O_NOFOLLOW flag : Yes
Checking for clock_gettime() : Yes
Checking for getaddrinfo() : Yes
Checking for pthread : Yes
Checking for getrandom() : Yes
Checking for recvmmsg() : No
Checking for recvmmsg() with _GNU_SOURCE : Yes
Checking for SW/HW timestamping : Yes
Checking for other timestamping options : Yes
Checking for <sys/timepps.h> : No
Checking for <timepps.h> : No
Checking for libcap : Yes
Checking for <linux/rtc.h> : Yes
Checking for <linux/ptp_clock.h> : Yes
Checking for pthread_setschedparam() : Yes
Checking for mlockall() : Yes
Checking for setrlimit(RLIMIT_MEMLOCK, ...) : Yes
Checking for editline : Yes
Checking for nettle : Yes
Checking for CMAC in nettle : Yes
Features : +CMDMON +NTP +REFCLOCK +RTC +PRIVDROP -SCFILTER -SIGND +ASYNCDNS -NTS +READLINE +SECHASH +IPV6 -DEBUG
Creating Makefile
Creating doc/Makefile
Creating test/unit/Makefile
+ make V=1
gcc -O2 -m64 -march=x86-64 -mtune=generic -flto=auto -ffat-lto-objects -Wmissing-prototypes -Wall -pthread  -c array.c
gcc -O2 -m64 -march=x86-64 -mtune=generic -flto=auto -ffat-lto-objects -Wmissing-prototypes -Wall -pthread  -c cmdparse.c
gcc -O2 -m64 -march=x86-64 -mtune=generic -flto=auto -ffat-lto-objects -Wmissing-prototypes -Wall -pthread  -c conf.c
gcc -O2 -m64 -march=x86-64 -mtune=generic -flto=auto -ffat-lto-objects -Wmissing-prototypes -Wall -pthread  -c local.c
gcc -O2 -m64 -march=x86-64 -mtune=generic -flto=auto -ffat-lto-objects -Wmissing-prototypes -Wall -pthread  -c logging.c
gcc -O2 -m64 -march=x86-64 -mtune=generic -flto=auto -ffat-lto-objects -Wmissing-prototypes -Wall -pthread  -c main.c
gcc -O2 -m64 -march=x86-64 -mtune=generic -flto=auto -ffat-lto-objects -Wmissing-prototypes -Wall -pthread  -c memory.c
gcc -O2 -m64 -march=x86-64 -mtune=generic -flto=auto -ffat-lto-objects -Wmissing-prototypes -Wall -pthread  -c quantiles.c
gcc -O2 -m64 -march=x86-64 -mtune=generic -flto=auto -ffat-lto-objects -Wmissing-prototypes -Wall -pthread  -c reference.c
gcc -O2 -m64 -march=x86-64 -mtune=generic -flto=auto -ffat-lto-objects -Wmissing-prototypes -Wall -pthread  -c regress.c
gcc -O2 -m64 -march=x86-64 -mtune=generic -flto=auto -ffat-lto-objects -Wmissing-prototypes -Wall -pthread  -c rtc.c
gcc -O2 -m64 -march=x86-64 -mtune=generic -flto=auto -ffat-lto-objects -Wmissing-prototypes -Wall -pthread  -c samplefilt.c
gcc -O2 -m64 -march=x86-64 -mtune=generic -flto=auto -ffat-lto-objects -Wmissing-prototypes -Wall -pthread  -c sched.c
gcc -O2 -m64 -march=x86-64 -mtune=generic -flto=auto -ffat-lto-objects -Wmissing-prototypes -Wall -pthread  -c socket.c
gcc -O2 -m64 -march=x86-64 -mtune=generic -flto=auto -ffat-lto-objects -Wmissing-prototypes -Wall -pthread  -c sources.c
gcc -O2 -m64 -march=x86-64 -mtune=generic -flto=auto -ffat-lto-objects -Wmissing-prototypes -Wall -pthread  -c sourcestats.c
gcc -O2 -m64 -march=x86-64 -mtune=generic -flto=auto -ffat-lto-objects -Wmissing-prototypes -Wall -pthread  -c stubs.c
gcc -O2 -m64 -march=x86-64 -mtune=generic -flto=auto -ffat-lto-objects -Wmissing-prototypes -Wall -pthread  -c smooth.c
gcc -O2 -m64 -march=x86-64 -mtune=generic -flto=auto -ffat-lto-objects -Wmissing-prototypes -Wall -pthread  -c sys.c
gcc -O2 -m64 -march=x86-64 -mtune=generic -flto=auto -ffat-lto-objects -Wmissing-prototypes -Wall -pthread  -c sys_null.c
gcc -O2 -m64 -march=x86-64 -mtune=generic -flto=auto -ffat-lto-objects -Wmissing-prototypes -Wall -pthread  -c tempcomp.c
gcc -O2 -m64 -march=x86-64 -mtune=generic -flto=auto -ffat-lto-objects -Wmissing-prototypes -Wall -pthread  -c util.c
gcc -O2 -m64 -march=x86-64 -mtune=generic -flto=auto -ffat-lto-objects -Wmissing-prototypes -Wall -pthread  -c sys_generic.c
gcc -O2 -m64 -march=x86-64 -mtune=generic -flto=auto -ffat-lto-objects -Wmissing-prototypes -Wall -pthread  -c sys_linux.c
gcc -O2 -m64 -march=x86-64 -mtune=generic -flto=auto -ffat-lto-objects -Wmissing-prototypes -Wall -pthread  -c sys_timex.c
gcc -O2 -m64 -march=x86-64 -mtune=generic -flto=auto -ffat-lto-objects -Wmissing-prototypes -Wall -pthread  -c sys_posix.c
gcc -O2 -m64 -march=x86-64 -mtune=generic -flto=auto -ffat-lto-objects -Wmissing-prototypes -Wall -pthread  -c cmdmon.c
gcc -O2 -m64 -march=x86-64 -mtune=generic -flto=auto -ffat-lto-objects -Wmissing-prototypes -Wall -pthread  -c manual.c
gcc -O2 -m64 -march=x86-64 -mtune=generic -flto=auto -ffat-lto-objects -Wmissing-prototypes -Wall -pthread  -c pktlength.c
gcc -O2 -m64 -march=x86-64 -mtune=generic -flto=auto -ffat-lto-objects -Wmissing-prototypes -Wall -pthread  -c ntp_auth.c
gcc -O2 -m64 -march=x86-64 -mtune=generic -flto=auto -ffat-lto-objects -Wmissing-prototypes -Wall -pthread  -c ntp_core.c
gcc -O2 -m64 -march=x86-64 -mtune=generic -flto=auto -ffat-lto-objects -Wmissing-prototypes -Wall -pthread  -c ntp_ext.c
gcc -O2 -m64 -march=x86-64 -mtune=generic -flto=auto -ffat-lto-objects -Wmissing-prototypes -Wall -pthread  -c ntp_io.c
gcc -O2 -m64 -march=x86-64 -mtune=generic -flto=auto -ffat-lto-objects -Wmissing-prototypes -Wall -pthread  -c ntp_sources.c
gcc -O2 -m64 -march=x86-64 -mtune=generic -flto=auto -ffat-lto-objects -Wmissing-prototypes -Wall -pthread  -c addrfilt.c
gcc -O2 -m64 -march=x86-64 -mtune=generic -flto=auto -ffat-lto-objects -Wmissing-prototypes -Wall -pthread  -c clientlog.c
gcc -O2 -m64 -march=x86-64 -mtune=generic -flto=auto -ffat-lto-objects -Wmissing-prototypes -Wall -pthread  -c keys.c
gcc -O2 -m64 -march=x86-64 -mtune=generic -flto=auto -ffat-lto-objects -Wmissing-prototypes -Wall -pthread  -c nameserv.c
gcc -O2 -m64 -march=x86-64 -mtune=generic -flto=auto -ffat-lto-objects -Wmissing-prototypes -Wall -pthread  -c refclock.c
gcc -O2 -m64 -march=x86-64 -mtune=generic -flto=auto -ffat-lto-objects -Wmissing-prototypes -Wall -pthread  -c refclock_phc.c
gcc -O2 -m64 -march=x86-64 -mtune=generic -flto=auto -ffat-lto-objects -Wmissing-prototypes -Wall -pthread  -c refclock_pps.c
gcc -O2 -m64 -march=x86-64 -mtune=generic -flto=auto -ffat-lto-objects -Wmissing-prototypes -Wall -pthread  -c refclock_shm.c
gcc -O2 -m64 -march=x86-64 -mtune=generic -flto=auto -ffat-lto-objects -Wmissing-prototypes -Wall -pthread  -c refclock_sock.c
gcc -O2 -m64 -march=x86-64 -mtune=generic -flto=auto -ffat-lto-objects -Wmissing-prototypes -Wall -pthread  -c nameserv_async.c
gcc -O2 -m64 -march=x86-64 -mtune=generic -flto=auto -ffat-lto-objects -Wmissing-prototypes -Wall -pthread  -c hwclock.c
gcc -O2 -m64 -march=x86-64 -mtune=generic -flto=auto -ffat-lto-objects -Wmissing-prototypes -Wall -pthread  -c ntp_io_linux.c
gcc -O2 -m64 -march=x86-64 -mtune=generic -flto=auto -ffat-lto-objects -Wmissing-prototypes -Wall -pthread  -c rtc_linux.c
gcc -O2 -m64 -march=x86-64 -mtune=generic -flto=auto -ffat-lto-objects -Wmissing-prototypes -Wall -pthread  -c cmac_nettle.c
gcc -O2 -m64 -march=x86-64 -mtune=generic -flto=auto -ffat-lto-objects -Wmissing-prototypes -Wall -pthread  -c hash_nettle.c
gcc -O2 -m64 -march=x86-64 -mtune=generic -flto=auto -ffat-lto-objects -Wmissing-prototypes -Wall -pthread  -c client.c
gcc -O2 -m64 -march=x86-64 -mtune=generic -flto=auto -ffat-lto-objects -Wmissing-prototypes -Wall -pthread -fwrapv  -c getdate.c
gcc -O2 -m64 -march=x86-64 -mtune=generic -flto=auto -ffat-lto-objects -Wmissing-prototypes -Wall -pthread -o chronyd array.o cmdparse.o conf.o local.o logging.o main.o memory.o quantiles.o reference.o regress.o rtc.o samplefilt.o sched.o socket.o sources.o sourcestats.o stubs.o smooth.o sys.o sys_null.o tempcomp.o util.o sys_generic.o sys_linux.o sys_timex.o sys_posix.o cmdmon.o manual.o pktlength.o ntp_auth.o ntp_core.o ntp_ext.o ntp_io.o ntp_sources.o addrfilt.o clientlog.o keys.o nameserv.o refclock.o refclock_phc.o refclock_pps.o refclock_shm.o refclock_sock.o nameserv_async.o hwclock.o ntp_io_linux.o rtc_linux.o cmac_nettle.o hash_nettle.o  -lnettle -lcap
gcc -O2 -m64 -march=x86-64 -mtune=generic -flto=auto -ffat-lto-objects -Wmissing-prototypes -Wall -pthread -o chronyc array.o client.o cmdparse.o getdate.o memory.o nameserv.o pktlength.o socket.o util.o cmac_nettle.o hash_nettle.o  -lnettle -ledit
+ make DESTDIR=/home/devel/building/work/pkg install
[ -d /home/devel/building/work/pkg/etc ] || mkdir -p /home/devel/building/work/pkg/etc
[ -d /home/devel/building/work/pkg/usr/sbin ] || mkdir -p /home/devel/building/work/pkg/usr/sbin
[ -d /home/devel/building/work/pkg/usr/bin ] || mkdir -p /home/devel/building/work/pkg/usr/bin
[ -d /home/devel/building/work/pkg/var/lib/chrony ] || mkdir -p /home/devel/building/work/pkg/var/lib/chrony
if [ -f /home/devel/building/work/pkg/usr/sbin/chronyd ]; then rm -f /home/devel/building/work/pkg/usr/sbin/chronyd ; fi
if [ -f /home/devel/building/work/pkg/usr/bin/chronyc ]; then rm -f /home/devel/building/work/pkg/usr/bin/chronyc ; fi
cp chronyd /home/devel/building/work/pkg/usr/sbin/chronyd
chmod 755 /home/devel/building/work/pkg/usr/sbin/chronyd
cp chronyc /home/devel/building/work/pkg/usr/bin/chronyc
chmod 755 /home/devel/building/work/pkg/usr/bin/chronyc
make -C doc install
make[1]: Entering directory '/home/devel/building/work/src/chrony-4.5/doc'
sed -e "s%\@SYSCONFDIR\@%/etc%g; s%\@BINDIR\@%/usr/bin%g; s%\@SBINDIR\@%/usr/sbin%g; s%\@CHRONY_VERSION\@%4.5%g; s%\@DEFAULT_HWCLOCK_FILE\@%%g; s%\@DEFAULT_PID_FILE\@%/var/run/chrony/chronyd.pid%g; s%\@DEFAULT_RTC_DEVICE\@%/dev/rtc%g; s%\@DEFAULT_USER\@%chrony%g; s%\@CHRONYRUNDIR\@%/var/run/chrony%g; s%\@CHRONYVARDIR\@%/var/lib/chrony%g;" < chrony.conf.man.in > chrony.conf.man
sed -e "s%\@SYSCONFDIR\@%/etc%g; s%\@BINDIR\@%/usr/bin%g; s%\@SBINDIR\@%/usr/sbin%g; s%\@CHRONY_VERSION\@%4.5%g; s%\@DEFAULT_HWCLOCK_FILE\@%%g; s%\@DEFAULT_PID_FILE\@%/var/run/chrony/chronyd.pid%g; s%\@DEFAULT_RTC_DEVICE\@%/dev/rtc%g; s%\@DEFAULT_USER\@%chrony%g; s%\@CHRONYRUNDIR\@%/var/run/chrony%g; s%\@CHRONYVARDIR\@%/var/lib/chrony%g;" < chronyc.man.in > chronyc.man
sed -e "s%\@SYSCONFDIR\@%/etc%g; s%\@BINDIR\@%/usr/bin%g; s%\@SBINDIR\@%/usr/sbin%g; s%\@CHRONY_VERSION\@%4.5%g; s%\@DEFAULT_HWCLOCK_FILE\@%%g; s%\@DEFAULT_PID_FILE\@%/var/run/chrony/chronyd.pid%g; s%\@DEFAULT_RTC_DEVICE\@%/dev/rtc%g; s%\@DEFAULT_USER\@%chrony%g; s%\@CHRONYRUNDIR\@%/var/run/chrony%g; s%\@CHRONYVARDIR\@%/var/lib/chrony%g;" < chronyd.man.in > chronyd.man
[ -d /home/devel/building/work/pkg/usr/share/man/man1 ] || mkdir -p /home/devel/building/work/pkg/usr/share/man/man1
[ -d /home/devel/building/work/pkg/usr/share/man/man5 ] || mkdir -p /home/devel/building/work/pkg/usr/share/man/man5
[ -d /home/devel/building/work/pkg/usr/share/man/man8 ] || mkdir -p /home/devel/building/work/pkg/usr/share/man/man8
cp chronyc.man /home/devel/building/work/pkg/usr/share/man/man1/chronyc.1
chmod 644 /home/devel/building/work/pkg/usr/share/man/man1/chronyc.1
cp chronyd.man /home/devel/building/work/pkg/usr/share/man/man8/chronyd.8
chmod 644 /home/devel/building/work/pkg/usr/share/man/man8/chronyd.8
cp chrony.conf.man /home/devel/building/work/pkg/usr/share/man/man5/chrony.conf.5
chmod 644 /home/devel/building/work/pkg/usr/share/man/man5/chrony.conf.5
make[1]: Leaving directory '/home/devel/building/work/src/chrony-4.5/doc'
+ install -D -m 0644 /home/devel/building/work/src/chrony.conf /home/devel/building/work/pkg/etc/chrony.conf
+ install -d /home/devel/building/work/pkg/etc/sv/chrony
+ install -m 0755 /home/devel/building/work/src/chrony.run /home/devel/building/work/pkg/etc/sv/chrony/run
+ install -m 0644 /home/devel/building/work/src/chrony.run.conf /home/devel/building/work/pkg/etc/sv/chrony/conf
+ ln -s /run/runit/supervise.chrony /home/devel/building/work/pkg/etc/sv/chrony/supervise
+ chown -R chrony:chrony /home/devel/building/work/pkg/var/lib/chrony
=======> Build result:
drwxr-xr-x  0 root   root        0 May 15 16:40 etc/
-rw-r--r--  0 root   root      252 May 15 16:40 etc/chrony.conf
drwxr-xr-x  0 root   root        0 May 15 16:40 etc/sv/
drwxr-xr-x  0 root   root        0 May 15 16:40 etc/sv/chrony/
-rwxr-xr-x  0 root   root      261 May 15 16:40 etc/sv/chrony/run
-rw-r--r--  0 root   root       13 May 15 16:40 etc/sv/chrony/conf
lrwxrwxrwx  0 root   root        0 May 15 16:40 etc/sv/chrony/supervise -> /run/runit/supervise.chrony
drwxr-xr-x  0 root   root        0 May 15 16:40 usr/
drwxr-xr-x  0 root   root        0 May 15 16:40 usr/sbin/
drwxr-xr-x  0 root   root        0 May 15 16:40 usr/bin/
drwxr-xr-x  0 root   root        0 May 15 16:40 usr/share/
drwxr-xr-x  0 root   root        0 May 15 16:40 usr/share/man/
drwxr-xr-x  0 root   root        0 May 15 16:40 usr/share/man/man1/
drwxr-xr-x  0 root   root        0 May 15 16:40 usr/share/man/man5/
drwxr-xr-x  0 root   root        0 May 15 16:40 usr/share/man/man8/
-rw-r--r--  0 root   root     3950 May 15 16:40 usr/share/man/man8/chronyd.8.gz
-rw-r--r--  0 root   root    44284 May 15 16:40 usr/share/man/man5/chrony.conf.5.gz
-rw-r--r--  0 root   root    19147 May 15 16:40 usr/share/man/man1/chronyc.1.gz
-rwxr-xr-x  0 root   root    84912 May 15 16:40 usr/bin/chronyc
-rwxr-xr-x  0 root   root   249632 May 15 16:40 usr/sbin/chronyd
drwxr-xr-x  0 root   root        0 May 15 16:40 var/
drwxr-xr-x  0 root   root        0 May 15 16:40 var/lib/
drwxr-xr-x  0 chrony chrony      0 May 15 16:40 var/lib/chrony/
=======> Building '/home/devel/packages/chrony#4.5-1.x86_64.pkg.tar.zst' succeeded.
prt-get: Using PKGMK_PACKAGE_DIR: /home/devel/packages
prt-get: reinstalling chrony 4.5-1
prt-get: /usr/bin/pkgadd -u chrony#4.5-1.x86_64.pkg.tar.zst
prt-get: build done Wed May 15 16:40:23 2024

