prt-get: updating /usr/ports/core-x86_64/dhcpcd
prt-get: starting build Wed May 15 16:48:17 2024
=======> Building '/home/devel/packages/dhcpcd#10.0.6-1.x86_64.pkg.tar.zst'.
bsdtar -p -o -C /home/devel/building/work/src -xf /home/devel/sources/dhcpcd-10.0.6.tar.xz
cp dhcpcd-sv.conf /home/devel/building/work/src
cp dhcpcd.run /home/devel/building/work/src
+ build
+ cd dhcpcd-10.0.6
+ ./configure --build=x86_64-unknown-linux-musl --host=x86_64-unknown-linux-musl --prefix= --libexecdir=/lib/dhcpcd --dbdir=/var/lib/dhcpcd --sysconfdir=/etc/dhcpcd --runstatedir=/run --enable-privsep --privsepuser=dhcpcd
configure args: --build=x86_64-unknown-linux-musl --host=x86_64-unknown-linux-musl --prefix= --libexecdir=/lib/dhcpcd --dbdir=/var/lib/dhcpcd --sysconfdir=/etc/dhcpcd --runstatedir=/run --enable-privsep --privsepuser=dhcpcd
Deriving operating system from ... x86_64-unknown-linux-musl
Configuring dhcpcd for ... linux
Enabling INET support
Enabling ARP support
Enabling ARPing support
Enabling IPv4LL support
Enabling INET6 support
Enabling DHCPv6 support
Enabling Authentication
Enabling Privilege Separation
dhcpcd
Using compiler .. cc
cc (SAUX-x86_64) 14.1.0
Testing for capsicum ... no
Testing for pledge ... no
dhcpcd-definitions.conf will be embedded in dhcpcd itself
Testing for nl80211 ... yes
Testing for IN6_ADDR_GEN_MODE_NONE ... yes
Testing for getifaddrs ... yes
Testing for ifaddrs.ifa_addrflags ... no
Testing for clock_gettime ... yes
Testing ioctl request type ... unsigned long
Testing for inet_ntoa ... yes
Testing for arc4random ... no
Testing for arc4random_uniform ... no
Testing for memset_explicit ... no
Testing for explicit_bzero ... yes
Testing for memset_s ... no
Testing for open_memstream ... yes
Testing for pidfile_lock ... no
Testing for setproctitle ... no
Testing for strlcpy ... yes
Testing for strtoi ... no
Testing for consttime_memequal ... no
Testing for dprintf ... yes
Testing for TAILQ_FOREACH_SAFE ... yes
Testing for TAILQ_CONCAT ...yes
Testing for rb_tree_init ... no
Testing for reallocarray ... yes
Testing for ppoll ... yes
Testing for be64enc ... no
Testing for fls64 ... no
Testing for MD5Init ... no
Testing for sha2.h ... sha2.h
Testing for SHA256_Init ... no
Testing for SHA256Init ... no
Testing for hmac ... no
Checking for libudev ... yes
Checking udev_monitor_filter_add_match_subsystem_devtype ... yes
Checking udev_device_get_is_initialized ... yes
Testing for dlopen ... yes
Checking for ntpd ... not found
Checking for chronyd ... /usr/sbin/chronyd (50-ntp.conf)
Checking for timesyncd ... not found
Checking for ypbind ... not found
Assuming ypbind is Linux

   SYSCONFDIR =		/etc/dhcpcd
   SBINDIR =		/sbin
   LIBDIR =		/lib
   LIBEXECDIR =		/lib/dhcpcd
   DBDIR =		/var/lib/dhcpcd
   RUNDIR =		/run/dhcpcd
   MANDIR =		/usr/share/man
   DATADIR =		/usr/share
   HOOKSCRIPTS =	50-ntp.conf
   EGHOOKSCRIPTS =	50-yp.conf
   STATUSARG =		
   PRIVSEPUSER =	dhcpcd

+ make V=1
for x in src hooks; do cd $x; make all || exit $?; cd ..; done
make[1]: Entering directory '/home/devel/building/work/src/dhcpcd-10.0.6/src'
cc -O2 -m64 -march=x86-64 -mtune=generic -flto=auto -ffat-lto-objects -std=c99 -DHAVE_CONFIG_H -DNDEBUG -D_GNU_SOURCE -D_FILE_OFFSET_BITS=64 -D_LARGEFILE_SOURCE -D_LARGEFILE64_SOURCE -DINET -DARP -DARPING -DIPV4LL -DINET6 -DDHCP6 -DAUTH -DPRIVSEP -DPLUGIN_DEV -I.. -I../src -I./crypt -c common.c -o common.o
cc -O2 -m64 -march=x86-64 -mtune=generic -flto=auto -ffat-lto-objects -std=c99 -DHAVE_CONFIG_H -DNDEBUG -D_GNU_SOURCE -D_FILE_OFFSET_BITS=64 -D_LARGEFILE_SOURCE -D_LARGEFILE64_SOURCE -DINET -DARP -DARPING -DIPV4LL -DINET6 -DDHCP6 -DAUTH -DPRIVSEP -DPLUGIN_DEV -I.. -I../src -I./crypt -c control.c -o control.o
cc -O2 -m64 -march=x86-64 -mtune=generic -flto=auto -ffat-lto-objects -std=c99 -DHAVE_CONFIG_H -DNDEBUG -D_GNU_SOURCE -D_FILE_OFFSET_BITS=64 -D_LARGEFILE_SOURCE -D_LARGEFILE64_SOURCE -DINET -DARP -DARPING -DIPV4LL -DINET6 -DDHCP6 -DAUTH -DPRIVSEP -DPLUGIN_DEV -I.. -I../src -I./crypt -c dhcpcd.c -o dhcpcd.o
cc -O2 -m64 -march=x86-64 -mtune=generic -flto=auto -ffat-lto-objects -std=c99 -DHAVE_CONFIG_H -DNDEBUG -D_GNU_SOURCE -D_FILE_OFFSET_BITS=64 -D_LARGEFILE_SOURCE -D_LARGEFILE64_SOURCE -DINET -DARP -DARPING -DIPV4LL -DINET6 -DDHCP6 -DAUTH -DPRIVSEP -DPLUGIN_DEV -I.. -I../src -I./crypt -c duid.c -o duid.o
cc -O2 -m64 -march=x86-64 -mtune=generic -flto=auto -ffat-lto-objects -std=c99 -DHAVE_CONFIG_H -DNDEBUG -D_GNU_SOURCE -D_FILE_OFFSET_BITS=64 -D_LARGEFILE_SOURCE -D_LARGEFILE64_SOURCE -DINET -DARP -DARPING -DIPV4LL -DINET6 -DDHCP6 -DAUTH -DPRIVSEP -DPLUGIN_DEV -I.. -I../src -I./crypt -c eloop.c -o eloop.o
cc -O2 -m64 -march=x86-64 -mtune=generic -flto=auto -ffat-lto-objects -std=c99 -DHAVE_CONFIG_H -DNDEBUG -D_GNU_SOURCE -D_FILE_OFFSET_BITS=64 -D_LARGEFILE_SOURCE -D_LARGEFILE64_SOURCE -DINET -DARP -DARPING -DIPV4LL -DINET6 -DDHCP6 -DAUTH -DPRIVSEP -DPLUGIN_DEV -I.. -I../src -I./crypt -c logerr.c -o logerr.o
cc -O2 -m64 -march=x86-64 -mtune=generic -flto=auto -ffat-lto-objects -std=c99 -DHAVE_CONFIG_H -DNDEBUG -D_GNU_SOURCE -D_FILE_OFFSET_BITS=64 -D_LARGEFILE_SOURCE -D_LARGEFILE64_SOURCE -DINET -DARP -DARPING -DIPV4LL -DINET6 -DDHCP6 -DAUTH -DPRIVSEP -DPLUGIN_DEV -I.. -I../src -I./crypt -c if.c -o if.o
/bin/sh  genembedh dhcpcd-definitions.conf dhcpcd-definitions-small.conf dhcpcd-embedded.h.in > dhcpcd-embedded.h
cc -O2 -m64 -march=x86-64 -mtune=generic -flto=auto -ffat-lto-objects -std=c99 -DHAVE_CONFIG_H -DNDEBUG -D_GNU_SOURCE -D_FILE_OFFSET_BITS=64 -D_LARGEFILE_SOURCE -D_LARGEFILE64_SOURCE -DINET -DARP -DARPING -DIPV4LL -DINET6 -DDHCP6 -DAUTH -DPRIVSEP -DPLUGIN_DEV -I.. -I../src -I./crypt -c sa.c -o sa.o
cc -O2 -m64 -march=x86-64 -mtune=generic -flto=auto -ffat-lto-objects -std=c99 -DHAVE_CONFIG_H -DNDEBUG -D_GNU_SOURCE -D_FILE_OFFSET_BITS=64 -D_LARGEFILE_SOURCE -D_LARGEFILE64_SOURCE -DINET -DARP -DARPING -DIPV4LL -DINET6 -DDHCP6 -DAUTH -DPRIVSEP -DPLUGIN_DEV -I.. -I../src -I./crypt -c route.c -o route.o
cc -O2 -m64 -march=x86-64 -mtune=generic -flto=auto -ffat-lto-objects -std=c99 -DHAVE_CONFIG_H -DNDEBUG -D_GNU_SOURCE -D_FILE_OFFSET_BITS=64 -D_LARGEFILE_SOURCE -D_LARGEFILE64_SOURCE -DINET -DARP -DARPING -DIPV4LL -DINET6 -DDHCP6 -DAUTH -DPRIVSEP -DPLUGIN_DEV -I.. -I../src -I./crypt -c dhcp-common.c -o dhcp-common.o
cc -O2 -m64 -march=x86-64 -mtune=generic -flto=auto -ffat-lto-objects -std=c99 -DHAVE_CONFIG_H -DNDEBUG -D_GNU_SOURCE -D_FILE_OFFSET_BITS=64 -D_LARGEFILE_SOURCE -D_LARGEFILE64_SOURCE -DINET -DARP -DARPING -DIPV4LL -DINET6 -DDHCP6 -DAUTH -DPRIVSEP -DPLUGIN_DEV -I.. -I../src -I./crypt -c script.c -o script.o
cc -O2 -m64 -march=x86-64 -mtune=generic -flto=auto -ffat-lto-objects -std=c99 -DHAVE_CONFIG_H -DNDEBUG -D_GNU_SOURCE -D_FILE_OFFSET_BITS=64 -D_LARGEFILE_SOURCE -D_LARGEFILE64_SOURCE -DINET -DARP -DARPING -DIPV4LL -DINET6 -DDHCP6 -DAUTH -DPRIVSEP -DPLUGIN_DEV -I.. -I../src -I./crypt -c auth.c -o auth.o
cc -O2 -m64 -march=x86-64 -mtune=generic -flto=auto -ffat-lto-objects -std=c99 -DHAVE_CONFIG_H -DNDEBUG -D_GNU_SOURCE -D_FILE_OFFSET_BITS=64 -D_LARGEFILE_SOURCE -D_LARGEFILE64_SOURCE -DINET -DARP -DARPING -DIPV4LL -DINET6 -DDHCP6 -DAUTH -DPRIVSEP -DPLUGIN_DEV -I.. -I../src -I./crypt -c if-linux.c -o if-linux.o
cc -O2 -m64 -march=x86-64 -mtune=generic -flto=auto -ffat-lto-objects -std=c99 -DHAVE_CONFIG_H -DNDEBUG -D_GNU_SOURCE -D_FILE_OFFSET_BITS=64 -D_LARGEFILE_SOURCE -D_LARGEFILE64_SOURCE -DINET -DARP -DARPING -DIPV4LL -DINET6 -DDHCP6 -DAUTH -DPRIVSEP -DPLUGIN_DEV -I.. -I../src -I./crypt -c dhcp.c -o dhcp.o
cc -O2 -m64 -march=x86-64 -mtune=generic -flto=auto -ffat-lto-objects -std=c99 -DHAVE_CONFIG_H -DNDEBUG -D_GNU_SOURCE -D_FILE_OFFSET_BITS=64 -D_LARGEFILE_SOURCE -D_LARGEFILE64_SOURCE -DINET -DARP -DARPING -DIPV4LL -DINET6 -DDHCP6 -DAUTH -DPRIVSEP -DPLUGIN_DEV -I.. -I../src -I./crypt -c ipv4.c -o ipv4.o
cc -O2 -m64 -march=x86-64 -mtune=generic -flto=auto -ffat-lto-objects -std=c99 -DHAVE_CONFIG_H -DNDEBUG -D_GNU_SOURCE -D_FILE_OFFSET_BITS=64 -D_LARGEFILE_SOURCE -D_LARGEFILE64_SOURCE -DINET -DARP -DARPING -DIPV4LL -DINET6 -DDHCP6 -DAUTH -DPRIVSEP -DPLUGIN_DEV -I.. -I../src -I./crypt -c bpf.c -o bpf.o
cc -O2 -m64 -march=x86-64 -mtune=generic -flto=auto -ffat-lto-objects -std=c99 -DHAVE_CONFIG_H -DNDEBUG -D_GNU_SOURCE -D_FILE_OFFSET_BITS=64 -D_LARGEFILE_SOURCE -D_LARGEFILE64_SOURCE -DINET -DARP -DARPING -DIPV4LL -DINET6 -DDHCP6 -DAUTH -DPRIVSEP -DPLUGIN_DEV -I.. -I../src -I./crypt -c arp.c -o arp.o
bpf.c: In function 'bpf_bootp':
bpf.c:709:2: warning: #warning A compromised PF_PACKET socket can be used as a raw socket [-Wcpp]
  709 | #warning A compromised PF_PACKET socket can be used as a raw socket
      |  ^~~~~~~
cc -O2 -m64 -march=x86-64 -mtune=generic -flto=auto -ffat-lto-objects -std=c99 -DHAVE_CONFIG_H -DNDEBUG -D_GNU_SOURCE -D_FILE_OFFSET_BITS=64 -D_LARGEFILE_SOURCE -D_LARGEFILE64_SOURCE -DINET -DARP -DARPING -DIPV4LL -DINET6 -DDHCP6 -DAUTH -DPRIVSEP -DPLUGIN_DEV -I.. -I../src -I./crypt -c ipv4ll.c -o ipv4ll.o
cc -O2 -m64 -march=x86-64 -mtune=generic -flto=auto -ffat-lto-objects -std=c99 -DHAVE_CONFIG_H -DNDEBUG -D_GNU_SOURCE -D_FILE_OFFSET_BITS=64 -D_LARGEFILE_SOURCE -D_LARGEFILE64_SOURCE -DINET -DARP -DARPING -DIPV4LL -DINET6 -DDHCP6 -DAUTH -DPRIVSEP -DPLUGIN_DEV -I.. -I../src -I./crypt -c ipv6.c -o ipv6.o
cc -O2 -m64 -march=x86-64 -mtune=generic -flto=auto -ffat-lto-objects -std=c99 -DHAVE_CONFIG_H -DNDEBUG -D_GNU_SOURCE -D_FILE_OFFSET_BITS=64 -D_LARGEFILE_SOURCE -D_LARGEFILE64_SOURCE -DINET -DARP -DARPING -DIPV4LL -DINET6 -DDHCP6 -DAUTH -DPRIVSEP -DPLUGIN_DEV -I.. -I../src -I./crypt -c ipv6nd.c -o ipv6nd.o
cc -O2 -m64 -march=x86-64 -mtune=generic -flto=auto -ffat-lto-objects -std=c99 -DHAVE_CONFIG_H -DNDEBUG -D_GNU_SOURCE -D_FILE_OFFSET_BITS=64 -D_LARGEFILE_SOURCE -D_LARGEFILE64_SOURCE -DINET -DARP -DARPING -DIPV4LL -DINET6 -DDHCP6 -DAUTH -DPRIVSEP -DPLUGIN_DEV -I.. -I../src -I./crypt -c dhcp6.c -o dhcp6.o
/bin/sh  genembedc dhcpcd-definitions.conf dhcpcd-definitions-small.conf dhcpcd-embedded.c.in > dhcpcd-embedded.c
cc -O2 -m64 -march=x86-64 -mtune=generic -flto=auto -ffat-lto-objects -std=c99 -DHAVE_CONFIG_H -DNDEBUG -D_GNU_SOURCE -D_FILE_OFFSET_BITS=64 -D_LARGEFILE_SOURCE -D_LARGEFILE64_SOURCE -DINET -DARP -DARPING -DIPV4LL -DINET6 -DDHCP6 -DAUTH -DPRIVSEP -DPLUGIN_DEV -I.. -I../src -I./crypt -c dev.c -o dev.o
In function 'add_attr_l',
    inlined from 'if_address' at if-linux.c:1921:3:
if-linux.c:1186:17: warning: writing 16 bytes into a region of size 0 [-Wstringop-overflow=]
 1186 |                 memcpy(RTA_DATA(rta), data, alen);
      |                 ^~~~~~~~~~~~~~~~~~~~~~~~~~~~~~~~~
if-linux.c: In function 'if_address':
if-linux.c:1489:25: note: at offset 20 into destination object 'hdr' of size 16
 1489 |         struct nlmsghdr hdr;
      |                         ^~~
cc -O2 -m64 -march=x86-64 -mtune=generic -flto=auto -ffat-lto-objects -std=c99 -DHAVE_CONFIG_H -DNDEBUG -D_GNU_SOURCE -D_FILE_OFFSET_BITS=64 -D_LARGEFILE_SOURCE -D_LARGEFILE64_SOURCE -DINET -DARP -DARPING -DIPV4LL -DINET6 -DDHCP6 -DAUTH -DPRIVSEP -DPLUGIN_DEV -I.. -I../src -I./crypt -c privsep.c -o privsep.o
cc -O2 -m64 -march=x86-64 -mtune=generic -flto=auto -ffat-lto-objects -std=c99 -DHAVE_CONFIG_H -DNDEBUG -D_GNU_SOURCE -D_FILE_OFFSET_BITS=64 -D_LARGEFILE_SOURCE -D_LARGEFILE64_SOURCE -DINET -DARP -DARPING -DIPV4LL -DINET6 -DDHCP6 -DAUTH -DPRIVSEP -DPLUGIN_DEV -I.. -I../src -I./crypt -c privsep-root.c -o privsep-root.o
cc -O2 -m64 -march=x86-64 -mtune=generic -flto=auto -ffat-lto-objects -std=c99 -DHAVE_CONFIG_H -DNDEBUG -D_GNU_SOURCE -D_FILE_OFFSET_BITS=64 -D_LARGEFILE_SOURCE -D_LARGEFILE64_SOURCE -DINET -DARP -DARPING -DIPV4LL -DINET6 -DDHCP6 -DAUTH -DPRIVSEP -DPLUGIN_DEV -I.. -I../src -I./crypt -c privsep-control.c -o privsep-control.o
cc -O2 -m64 -march=x86-64 -mtune=generic -flto=auto -ffat-lto-objects -std=c99 -DHAVE_CONFIG_H -DNDEBUG -D_GNU_SOURCE -D_FILE_OFFSET_BITS=64 -D_LARGEFILE_SOURCE -D_LARGEFILE64_SOURCE -DINET -DARP -DARPING -DIPV4LL -DINET6 -DDHCP6 -DAUTH -DPRIVSEP -DPLUGIN_DEV -I.. -I../src -I./crypt -c privsep-inet.c -o privsep-inet.o
cc -O2 -m64 -march=x86-64 -mtune=generic -flto=auto -ffat-lto-objects -std=c99 -DHAVE_CONFIG_H -DNDEBUG -D_GNU_SOURCE -D_FILE_OFFSET_BITS=64 -D_LARGEFILE_SOURCE -D_LARGEFILE64_SOURCE -DINET -DARP -DARPING -DIPV4LL -DINET6 -DDHCP6 -DAUTH -DPRIVSEP -DPLUGIN_DEV -I.. -I../src -I./crypt -c privsep-bpf.c -o privsep-bpf.o
cc -O2 -m64 -march=x86-64 -mtune=generic -flto=auto -ffat-lto-objects -std=c99 -DHAVE_CONFIG_H -DNDEBUG -D_GNU_SOURCE -D_FILE_OFFSET_BITS=64 -D_LARGEFILE_SOURCE -D_LARGEFILE64_SOURCE -DINET -DARP -DARPING -DIPV4LL -DINET6 -DDHCP6 -DAUTH -DPRIVSEP -DPLUGIN_DEV -I.. -I../src -I./crypt -c privsep-linux.c -o privsep-linux.o
cc -O2 -m64 -march=x86-64 -mtune=generic -flto=auto -ffat-lto-objects -std=c99 -DHAVE_CONFIG_H -DNDEBUG -D_GNU_SOURCE -D_FILE_OFFSET_BITS=64 -D_LARGEFILE_SOURCE -D_LARGEFILE64_SOURCE -DINET -DARP -DARPING -DIPV4LL -DINET6 -DDHCP6 -DAUTH -DPRIVSEP -DPLUGIN_DEV -I.. -I../src -I./crypt -c ../compat/crypt/hmac.c -o ../compat/crypt/hmac.o
cc -O2 -m64 -march=x86-64 -mtune=generic -flto=auto -ffat-lto-objects -std=c99 -DHAVE_CONFIG_H -DNDEBUG -D_GNU_SOURCE -D_FILE_OFFSET_BITS=64 -D_LARGEFILE_SOURCE -D_LARGEFILE64_SOURCE -DINET -DARP -DARPING -DIPV4LL -DINET6 -DDHCP6 -DAUTH -DPRIVSEP -DPLUGIN_DEV -I.. -I../src -I./crypt -c ../compat/crypt/md5.c -o ../compat/crypt/md5.o
cc -O2 -m64 -march=x86-64 -mtune=generic -flto=auto -ffat-lto-objects -std=c99 -DHAVE_CONFIG_H -DNDEBUG -D_GNU_SOURCE -D_FILE_OFFSET_BITS=64 -D_LARGEFILE_SOURCE -D_LARGEFILE64_SOURCE -DINET -DARP -DARPING -DIPV4LL -DINET6 -DDHCP6 -DAUTH -DPRIVSEP -DPLUGIN_DEV -I.. -I../src -I./crypt -c ../compat/crypt/sha256.c -o ../compat/crypt/sha256.o
cc -O2 -m64 -march=x86-64 -mtune=generic -flto=auto -ffat-lto-objects -std=c99 -DHAVE_CONFIG_H -DNDEBUG -D_GNU_SOURCE -D_FILE_OFFSET_BITS=64 -D_LARGEFILE_SOURCE -D_LARGEFILE64_SOURCE -DINET -DARP -DARPING -DIPV4LL -DINET6 -DDHCP6 -DAUTH -DPRIVSEP -DPLUGIN_DEV -I.. -I../src -I./crypt -c ../compat/arc4random.c -o ../compat/arc4random.o
cc -O2 -m64 -march=x86-64 -mtune=generic -flto=auto -ffat-lto-objects -std=c99 -DHAVE_CONFIG_H -DNDEBUG -D_GNU_SOURCE -D_FILE_OFFSET_BITS=64 -D_LARGEFILE_SOURCE -D_LARGEFILE64_SOURCE -DINET -DARP -DARPING -DIPV4LL -DINET6 -DDHCP6 -DAUTH -DPRIVSEP -DPLUGIN_DEV -I.. -I../src -I./crypt -c ../compat/arc4random_uniform.c -o ../compat/arc4random_uniform.o
cc -O2 -m64 -march=x86-64 -mtune=generic -flto=auto -ffat-lto-objects -std=c99 -DHAVE_CONFIG_H -DNDEBUG -D_GNU_SOURCE -D_FILE_OFFSET_BITS=64 -D_LARGEFILE_SOURCE -D_LARGEFILE64_SOURCE -DINET -DARP -DARPING -DIPV4LL -DINET6 -DDHCP6 -DAUTH -DPRIVSEP -DPLUGIN_DEV -I.. -I../src -I./crypt -c ../compat/pidfile.c -o ../compat/pidfile.o
cc -O2 -m64 -march=x86-64 -mtune=generic -flto=auto -ffat-lto-objects -std=c99 -DHAVE_CONFIG_H -DNDEBUG -D_GNU_SOURCE -D_FILE_OFFSET_BITS=64 -D_LARGEFILE_SOURCE -D_LARGEFILE64_SOURCE -DINET -DARP -DARPING -DIPV4LL -DINET6 -DDHCP6 -DAUTH -DPRIVSEP -DPLUGIN_DEV -I.. -I../src -I./crypt -c ../compat/setproctitle.c -o ../compat/setproctitle.o
cc -O2 -m64 -march=x86-64 -mtune=generic -flto=auto -ffat-lto-objects -std=c99 -DHAVE_CONFIG_H -DNDEBUG -D_GNU_SOURCE -D_FILE_OFFSET_BITS=64 -D_LARGEFILE_SOURCE -D_LARGEFILE64_SOURCE -DINET -DARP -DARPING -DIPV4LL -DINET6 -DDHCP6 -DAUTH -DPRIVSEP -DPLUGIN_DEV -I.. -I../src -I./crypt -c ../compat/strtoi.c -o ../compat/strtoi.o
cc -O2 -m64 -march=x86-64 -mtune=generic -flto=auto -ffat-lto-objects -std=c99 -DHAVE_CONFIG_H -DNDEBUG -D_GNU_SOURCE -D_FILE_OFFSET_BITS=64 -D_LARGEFILE_SOURCE -D_LARGEFILE64_SOURCE -DINET -DARP -DARPING -DIPV4LL -DINET6 -DDHCP6 -DAUTH -DPRIVSEP -DPLUGIN_DEV -I.. -I../src -I./crypt -c ../compat/strtou.c -o ../compat/strtou.o
cc -O2 -m64 -march=x86-64 -mtune=generic -flto=auto -ffat-lto-objects -std=c99 -DHAVE_CONFIG_H -DNDEBUG -D_GNU_SOURCE -D_FILE_OFFSET_BITS=64 -D_LARGEFILE_SOURCE -D_LARGEFILE64_SOURCE -DINET -DARP -DARPING -DIPV4LL -DINET6 -DDHCP6 -DAUTH -DPRIVSEP -DPLUGIN_DEV -I.. -I../src -I./crypt -c ../compat/rb.c -o ../compat/rb.o
sed -e 's:@RUNDIR@:/run/dhcpcd:g' -e 's:@DBDIR@:/var/lib/dhcpcd:g' -e 's:@LIBDIR@:/lib:g' -e 's:@HOOKDIR@:/lib/dhcpcd/dhcpcd-hooks:g' \
	-e 's:@SYSCONFDIR@:/etc/dhcpcd:g' -e 's:@SCRIPT@:/lib/dhcpcd/dhcpcd-run-hooks:g' -e 's:@DATADIR@:/usr/share:g' \
	-e 's:@SERVICEEXISTS@::g' -e 's:@SERVICECMD@::g' -e 's:@SERVICESTATUS@::g' \
	-e 's:@STATUSARG@::g' \
	dhcpcd.conf.5.in > dhcpcd.conf.5
sed -e 's:@RUNDIR@:/run/dhcpcd:g' -e 's:@DBDIR@:/var/lib/dhcpcd:g' -e 's:@LIBDIR@:/lib:g' -e 's:@HOOKDIR@:/lib/dhcpcd/dhcpcd-hooks:g' \
	-e 's:@SYSCONFDIR@:/etc/dhcpcd:g' -e 's:@SCRIPT@:/lib/dhcpcd/dhcpcd-run-hooks:g' -e 's:@DATADIR@:/usr/share:g' \
	-e 's:@SERVICEEXISTS@::g' -e 's:@SERVICECMD@::g' -e 's:@SERVICESTATUS@::g' \
	-e 's:@STATUSARG@::g' \
	dhcpcd.8.in > dhcpcd.8
cc -O2 -m64 -march=x86-64 -mtune=generic -flto=auto -ffat-lto-objects -std=c99 -DHAVE_CONFIG_H -DNDEBUG -D_GNU_SOURCE -D_FILE_OFFSET_BITS=64 -D_LARGEFILE_SOURCE -D_LARGEFILE64_SOURCE -DINET -DARP -DARPING -DIPV4LL -DINET6 -DDHCP6 -DAUTH -DPRIVSEP -DPLUGIN_DEV -I.. -I../src -I./crypt -c if-options.c -o if-options.o
cc -O2 -m64 -march=x86-64 -mtune=generic -flto=auto -ffat-lto-objects -std=c99 -DHAVE_CONFIG_H -DNDEBUG -D_GNU_SOURCE -D_FILE_OFFSET_BITS=64 -D_LARGEFILE_SOURCE -D_LARGEFILE64_SOURCE -DINET -DARP -DARPING -DIPV4LL -DINET6 -DDHCP6 -DAUTH -DPRIVSEP -DPLUGIN_DEV -I.. -I../src -I./crypt -c dhcpcd-embedded.c -o dhcpcd-embedded.o
cc -Wl,-export-dynamic -o dhcpcd common.o control.o dhcpcd.o duid.o eloop.o logerr.o if.o if-options.o sa.o route.o dhcp-common.o script.o auth.o if-linux.o dhcp.o ipv4.o bpf.o arp.o ipv4ll.o ipv6.o ipv6nd.o dhcp6.o dhcpcd-embedded.o dev.o privsep.o privsep-root.o privsep-control.o privsep-inet.o privsep-bpf.o privsep-linux.o ../compat/crypt/hmac.o ../compat/crypt/md5.o ../compat/crypt/sha256.o ../compat/arc4random.o ../compat/arc4random_uniform.o ../compat/pidfile.o ../compat/setproctitle.o ../compat/strtoi.o ../compat/strtou.o ../compat/rb.o 
In function 'add_attr_l',
    inlined from 'if_address' at if-linux.c:1921:3:
if-linux.c:1186:17: warning: writing 16 bytes into a region of size 0 [-Wstringop-overflow=]
 1186 |                 memcpy(RTA_DATA(rta), data, alen);
      |                 ^
if-linux.c: In function 'if_address':
if-linux.c:1489:25: note: at offset 20 into destination object 'hdr' of size 16
 1489 |         struct nlmsghdr hdr;
      |                         ^
for x in dev; do cd $x; make all || exit $?; cd ..; done
make[2]: Entering directory '/home/devel/building/work/src/dhcpcd-10.0.6/src/dev'
cc -fPIC -DPIC -DHAVE_CONFIG_H -DNDEBUG -D_GNU_SOURCE -D_FILE_OFFSET_BITS=64 -D_LARGEFILE_SOURCE -D_LARGEFILE64_SOURCE -DINET -DARP -DARPING -DIPV4LL -DINET6 -DDHCP6 -DAUTH -DPRIVSEP -DPLUGIN_DEV -I../../ -I../..//src  -O2 -m64 -march=x86-64 -mtune=generic -flto=auto -ffat-lto-objects -std=c99  -c udev.c -o udev.So
cc -Wl,-export-dynamic -shared -Wl,-x -o udev.so -Wl,-soname,udev.so \
    udev.So -ludev -lrt
make[2]: Leaving directory '/home/devel/building/work/src/dhcpcd-10.0.6/src/dev'
make[1]: Leaving directory '/home/devel/building/work/src/dhcpcd-10.0.6/src'
make[1]: Entering directory '/home/devel/building/work/src/dhcpcd-10.0.6/hooks'
sed -e 's:@RUNDIR@:/run/dhcpcd:g' -e 's:@DBDIR@:/var/lib/dhcpcd:g' -e 's:@LIBDIR@:/lib:g' -e 's:@HOOKDIR@:/lib/dhcpcd/dhcpcd-hooks:g' \
	-e 's:@SYSCONFDIR@:/etc/dhcpcd:g' -e 's:@SCRIPT@:/lib/dhcpcd/dhcpcd-run-hooks:g' -e 's:@DATADIR@:/usr/share:g' \
	-e 's:@SERVICEEXISTS@::g' -e 's:@SERVICECMD@::g' -e 's:@SERVICESTATUS@::g' \
	-e 's:@STATUSARG@::g' \
	-e 's:@DEFAULT_HOSTNAME@:(none):g' \
	-e 's:@YPDOMAIN_DIR@::g' \
	-e 's:@YPDOMAIN_SUFFIX@::g' \
	dhcpcd-run-hooks.in > dhcpcd-run-hooks
sed -e 's:@RUNDIR@:/run/dhcpcd:g' -e 's:@DBDIR@:/var/lib/dhcpcd:g' -e 's:@LIBDIR@:/lib:g' -e 's:@HOOKDIR@:/lib/dhcpcd/dhcpcd-hooks:g' \
	-e 's:@SYSCONFDIR@:/etc/dhcpcd:g' -e 's:@SCRIPT@:/lib/dhcpcd/dhcpcd-run-hooks:g' -e 's:@DATADIR@:/usr/share:g' \
	-e 's:@SERVICEEXISTS@::g' -e 's:@SERVICECMD@::g' -e 's:@SERVICESTATUS@::g' \
	-e 's:@STATUSARG@::g' \
	-e 's:@DEFAULT_HOSTNAME@:(none):g' \
	-e 's:@YPDOMAIN_DIR@::g' \
	-e 's:@YPDOMAIN_SUFFIX@::g' \
	dhcpcd-run-hooks.8.in > dhcpcd-run-hooks.8
sed -e 's:@RUNDIR@:/run/dhcpcd:g' -e 's:@DBDIR@:/var/lib/dhcpcd:g' -e 's:@LIBDIR@:/lib:g' -e 's:@HOOKDIR@:/lib/dhcpcd/dhcpcd-hooks:g' \
	-e 's:@SYSCONFDIR@:/etc/dhcpcd:g' -e 's:@SCRIPT@:/lib/dhcpcd/dhcpcd-run-hooks:g' -e 's:@DATADIR@:/usr/share:g' \
	-e 's:@SERVICEEXISTS@::g' -e 's:@SERVICECMD@::g' -e 's:@SERVICESTATUS@::g' \
	-e 's:@STATUSARG@::g' \
	-e 's:@DEFAULT_HOSTNAME@:(none):g' \
	-e 's:@YPDOMAIN_DIR@::g' \
	-e 's:@YPDOMAIN_SUFFIX@::g' \
	30-hostname.in > 30-hostname
make[1]: Leaving directory '/home/devel/building/work/src/dhcpcd-10.0.6/hooks'
+ make DESTDIR=/home/devel/building/work/pkg install
for x in src hooks; do cd $x; make install || exit $?; cd ..; done
make[1]: Entering directory '/home/devel/building/work/src/dhcpcd-10.0.6/src'
install -d /home/devel/building/work/pkg/sbin
install -d /home/devel/building/work/pkg/usr/share/man/man5
install -d /home/devel/building/work/pkg/etc/dhcpcd
install -m 0555 dhcpcd /home/devel/building/work/pkg/sbin
install -m 0444 dhcpcd.conf.5 /home/devel/building/work/pkg/usr/share/man/man5
# Install a new default config if not present
test -e /home/devel/building/work/pkg/etc/dhcpcd/dhcpcd.conf || \
	install -m 0644 dhcpcd.conf /home/devel/building/work/pkg/etc/dhcpcd
install -d /home/devel/building/work/pkg/usr/share/man/man8
install -m 0750 -d /home/devel/building/work/pkg/var/lib/dhcpcd
install -m 0444 dhcpcd.8 /home/devel/building/work/pkg/usr/share/man/man8
for x in dev; do cd $x; make proginstall || exit $?; cd ..; done
make[2]: Entering directory '/home/devel/building/work/src/dhcpcd-10.0.6/src/dev'
install -d /home/devel/building/work/pkg/lib/dhcpcd/dev
install -m 0555  udev.so /home/devel/building/work/pkg/lib/dhcpcd/dev
make[2]: Leaving directory '/home/devel/building/work/src/dhcpcd-10.0.6/src/dev'
make[1]: Leaving directory '/home/devel/building/work/src/dhcpcd-10.0.6/src'
make[1]: Entering directory '/home/devel/building/work/src/dhcpcd-10.0.6/hooks'
install -d /home/devel/building/work/pkg/lib/dhcpcd
install -m 0555 dhcpcd-run-hooks /home/devel/building/work/pkg/lib/dhcpcd
install -d /home/devel/building/work/pkg/usr/share/dhcpcd/hooks
install -d /home/devel/building/work/pkg/lib/dhcpcd/dhcpcd-hooks
install -d /home/devel/building/work/pkg/usr/share/man/man8
install -m 0444 10-wpa_supplicant 15-timezone 29-lookup-hostname 50-yp.conf /home/devel/building/work/pkg/usr/share/dhcpcd/hooks
install -m 0444 01-test 20-resolv.conf 30-hostname 50-ntp.conf /home/devel/building/work/pkg/lib/dhcpcd/dhcpcd-hooks
install -m 0444 dhcpcd-run-hooks.8 /home/devel/building/work/pkg/usr/share/man/man8
# We need to remove the old MTU change script if we at all can.
rm -f /home/devel/building/work/pkg/lib/dhcpcd/dhcpcd-hooks/10-mtu
make[1]: Leaving directory '/home/devel/building/work/src/dhcpcd-10.0.6/hooks'
+ install -d /home/devel/building/work/pkg/etc/sv/dhcpcd
+ install -m 0644 /home/devel/building/work/src/dhcpcd-sv.conf /home/devel/building/work/pkg/etc/sv/dhcpcd/conf
+ install -m 0755 /home/devel/building/work/src/dhcpcd.run /home/devel/building/work/pkg/etc/sv/dhcpcd/run
+ ln -s /run/runit/supervise.dhcpcd /home/devel/building/work/pkg/etc/sv/dhcpcd/supervise
+ install -d -m 0700 -o dhcpcd -g dhcpcd /home/devel/building/work/pkg/var/lib/dhcpcd
+ chown dhcpcd:dhcpcd /home/devel/building/work/pkg/var/lib/dhcpcd
+ chmod -R u+w /home/devel/building/work/pkg
+ ln -s /usr/share/dhcpcd/hooks/10-wpa_supplicant /home/devel/building/work/pkg/lib/dhcpcd/dhcpcd-hooks/10-wpa_supplicant
+ rm /home/devel/building/work/pkg/lib/dhcpcd/dhcpcd-hooks/50-ntp.conf
=======> Build result:
drwxr-xr-x  0 root   root        0 May 15 16:48 etc/
drwxr-xr-x  0 root   root        0 May 15 16:48 etc/dhcpcd/
drwxr-xr-x  0 root   root        0 May 15 16:48 etc/sv/
drwxr-xr-x  0 root   root        0 May 15 16:48 etc/sv/dhcpcd/
-rw-r--r--  0 root   root       19 May 15 16:48 etc/sv/dhcpcd/conf
-rwxr-xr-x  0 root   root       71 May 15 16:48 etc/sv/dhcpcd/run
lrwxrwxrwx  0 root   root        0 May 15 16:48 etc/sv/dhcpcd/supervise -> /run/runit/supervise.dhcpcd
-rw-r--r--  0 root   root     1429 May 15 16:48 etc/dhcpcd/dhcpcd.conf
drwxr-xr-x  0 root   root        0 May 15 16:48 lib/
drwxr-xr-x  0 root   root        0 May 15 16:48 lib/dhcpcd/
drwxr-xr-x  0 root   root        0 May 15 16:48 lib/dhcpcd/dev/
-rwxr-xr-x  0 root   root     8215 May 15 16:48 lib/dhcpcd/dhcpcd-run-hooks
drwxr-xr-x  0 root   root        0 May 15 16:48 lib/dhcpcd/dhcpcd-hooks/
-rw-r--r--  0 root   root      734 May 15 16:48 lib/dhcpcd/dhcpcd-hooks/01-test
-rw-r--r--  0 root   root     6164 May 15 16:48 lib/dhcpcd/dhcpcd-hooks/20-resolv.conf
-rw-r--r--  0 root   root     3762 May 15 16:48 lib/dhcpcd/dhcpcd-hooks/30-hostname
lrwxrwxrwx  0 root   root        0 May 15 16:48 lib/dhcpcd/dhcpcd-hooks/10-wpa_supplicant -> /usr/share/dhcpcd/hooks/10-wpa_supplicant
-rwxr-xr-x  0 root   root    14528 May 15 16:48 lib/dhcpcd/dev/udev.so
drwxr-xr-x  0 root   root        0 May 15 16:48 sbin/
-rwxr-xr-x  0 root   root   386432 May 15 16:48 sbin/dhcpcd
drwxr-xr-x  0 root   root        0 May 15 16:48 usr/
drwxr-xr-x  0 root   root        0 May 15 16:48 usr/share/
drwxr-xr-x  0 root   root        0 May 15 16:48 usr/share/man/
drwxr-xr-x  0 root   root        0 May 15 16:48 usr/share/dhcpcd/
drwxr-xr-x  0 root   root        0 May 15 16:48 usr/share/dhcpcd/hooks/
-rw-r--r--  0 root   root     2832 May 15 16:48 usr/share/dhcpcd/hooks/10-wpa_supplicant
-rw-r--r--  0 root   root      885 May 15 16:48 usr/share/dhcpcd/hooks/15-timezone
-rw-r--r--  0 root   root      814 May 15 16:48 usr/share/dhcpcd/hooks/29-lookup-hostname
-rw-r--r--  0 root   root     1163 May 15 16:48 usr/share/dhcpcd/hooks/50-yp.conf
drwxr-xr-x  0 root   root        0 May 15 16:48 usr/share/man/man5/
drwxr-xr-x  0 root   root        0 May 15 16:48 usr/share/man/man8/
-rw-r--r--  0 root   root     9256 May 15 16:48 usr/share/man/man8/dhcpcd.8.gz
-rw-r--r--  0 root   root     3038 May 15 16:48 usr/share/man/man8/dhcpcd-run-hooks.8.gz
-rw-r--r--  0 root   root    10992 May 15 16:48 usr/share/man/man5/dhcpcd.conf.5.gz
drwxr-xr-x  0 root   root        0 May 15 16:48 var/
drwxr-xr-x  0 root   root        0 May 15 16:48 var/lib/
drwx------  0 dhcpcd dhcpcd      0 May 15 16:48 var/lib/dhcpcd/
=======> Building '/home/devel/packages/dhcpcd#10.0.6-1.x86_64.pkg.tar.zst' succeeded.
prt-get: Using PKGMK_PACKAGE_DIR: /home/devel/packages
prt-get: reinstalling dhcpcd 10.0.6-1
prt-get: /usr/bin/pkgadd -u dhcpcd#10.0.6-1.x86_64.pkg.tar.zst
prt-get: build done Wed May 15 16:48:22 2024

