prt-get: updating /usr/ports/core-x86_64/file
prt-get: starting build Wed May 15 16:50:24 2024
=======> Building '/home/devel/packages/file#5.45-1.x86_64.pkg.tar.zst'.
bsdtar -p -o -C /home/devel/building/work/src -xf /home/devel/sources/file-5.45.tar.gz
+ build
+ cd file-5.45
+ ./configure --build=x86_64-unknown-linux-musl --host=x86_64-unknown-linux-musl --prefix=/usr --enable-fsect-man5 --enable-libseccomp
checking for a BSD-compatible install... /usr/bin/install -c
checking whether build environment is sane... yes
checking for a race-free mkdir -p... /bin/mkdir -p
checking for gawk... gawk
checking whether make sets $(MAKE)... yes
checking whether make supports nested variables... yes
checking whether make supports nested variables... (cached) yes
checking for builtin ELF support... yes
checking for ELF core file support... yes
checking for zlib support... 
checking for bzlib support... 
checking for xzlib support... 
checking for zstdlib support... 
checking for lzlib support... 
checking for libseccomp support... yes
checking for file formats in man section 5... yes
checking build system type... x86_64-unknown-linux-musl
checking host system type... x86_64-unknown-linux-musl
checking for x86_64-unknown-linux-musl-gcc... x86_64-unknown-linux-musl-gcc
checking whether the C compiler works... yes
checking for C compiler default output file name... a.out
checking for suffix of executables... 
checking whether we are cross compiling... no
checking for suffix of object files... o
checking whether the compiler supports GNU C... yes
checking whether x86_64-unknown-linux-musl-gcc accepts -g... yes
checking for x86_64-unknown-linux-musl-gcc option to enable C11 features... none needed
checking whether x86_64-unknown-linux-musl-gcc understands -c and -o together... yes
checking whether make supports the include directive... yes (GNU style)
checking dependency style of x86_64-unknown-linux-musl-gcc... gcc3
checking for stdio.h... yes
checking for stdlib.h... yes
checking for string.h... yes
checking for inttypes.h... yes
checking for stdint.h... yes
checking for strings.h... yes
checking for sys/stat.h... yes
checking for sys/types.h... yes
checking for unistd.h... yes
checking for wchar.h... yes
checking for minix/config.h... no
checking for sys/param.h... yes
checking for vfork.h... no
checking whether it is safe to define __EXTENSIONS__... yes
checking whether _XOPEN_SOURCE should be defined... no
checking whether byte ordering is bigendian... no
checking whether ln -s works... yes
checking how to print strings... printf
checking for a sed that does not truncate output... /bin/sed
checking for grep that handles long lines and -e... /usr/bin/grep
checking for egrep... /usr/bin/grep -E
checking for fgrep... /usr/bin/grep -F
checking for ld used by x86_64-unknown-linux-musl-gcc... /usr/bin/ld
checking if the linker (/usr/bin/ld) is GNU ld... yes
checking for BSD- or MS-compatible name lister (nm)... /usr/bin/x86_64-unknown-linux-musl-nm -B
checking the name lister (/usr/bin/x86_64-unknown-linux-musl-nm -B) interface... BSD nm
checking the maximum length of command line arguments... 98304
checking how to convert x86_64-unknown-linux-musl file names to x86_64-unknown-linux-musl format... func_convert_file_noop
checking how to convert x86_64-unknown-linux-musl file names to toolchain format... func_convert_file_noop
checking for /usr/bin/ld option to reload object files... -r
checking for x86_64-unknown-linux-musl-objdump... x86_64-unknown-linux-musl-objdump
checking how to recognize dependent libraries... pass_all
checking for x86_64-unknown-linux-musl-dlltool... no
checking for dlltool... no
checking how to associate runtime and link libraries... printf %s\n
checking for x86_64-unknown-linux-musl-ar... x86_64-unknown-linux-musl-ar
checking for archiver @FILE support... @
checking for x86_64-unknown-linux-musl-strip... x86_64-unknown-linux-musl-strip
checking for x86_64-unknown-linux-musl-ranlib... x86_64-unknown-linux-musl-ranlib
checking command to parse /usr/bin/x86_64-unknown-linux-musl-nm -B output from x86_64-unknown-linux-musl-gcc object... ok
checking for sysroot... no
checking for a working dd... /bin/dd
checking how to truncate binary pipes... /bin/dd bs=4096 count=1
checking for x86_64-unknown-linux-musl-mt... no
checking for mt... no
checking if : is a manifest tool... no
checking for dlfcn.h... yes
checking for objdir... .libs
checking if x86_64-unknown-linux-musl-gcc supports -fno-rtti -fno-exceptions... no
checking for x86_64-unknown-linux-musl-gcc option to produce PIC... -fPIC -DPIC
checking if x86_64-unknown-linux-musl-gcc PIC flag -fPIC -DPIC works... yes
checking if x86_64-unknown-linux-musl-gcc static flag -static works... yes
checking if x86_64-unknown-linux-musl-gcc supports -c -o file.o... yes
checking if x86_64-unknown-linux-musl-gcc supports -c -o file.o... (cached) yes
checking whether the x86_64-unknown-linux-musl-gcc linker (/usr/bin/ld -m elf_x86_64) supports shared libraries... yes
checking whether -lc should be explicitly linked in... no
checking dynamic linker characteristics... GNU/Linux ld.so
checking how to hardcode library paths into programs... immediate
checking whether stripping libraries is possible... yes
checking if libtool supports shared libraries... yes
checking whether to build shared libraries... yes
checking whether to build static libraries... no
checking whether the -Werror option is usable... yes
checking for simple visibility declarations... yes
checking for sys/mkdev.h... no
checking for sys/sysmacros.h... yes
checking for sys/wait.h that is POSIX.1 compatible... yes
checking for stdint.h... (cached) yes
checking for fcntl.h... yes
checking for inttypes.h... (cached) yes
checking for unistd.h... (cached) yes
checking for byteswap.h... yes
checking for spawn.h... yes
checking for utime.h... yes
checking for wchar.h... (cached) yes
checking for wctype.h... yes
checking for getopt.h... yes
checking for err.h... yes
checking for xlocale.h... no
checking for sys/bswap.h... no
checking for sys/mman.h... yes
checking for sys/stat.h... (cached) yes
checking for sys/types.h... (cached) yes
checking for sys/utime.h... no
checking for sys/time.h... yes
checking for sys/sysmacros.h... (cached) yes
checking for sys/ioctl.h... yes
checking for zlib.h... yes
checking for bzlib.h... yes
checking for lzma.h... yes
checking for zstd.h... yes
checking for zstd_errors.h... yes
checking for lzlib.h... no
checking for sig_t... yes
checking for off_t... yes
checking for size_t... yes
checking for struct stat.st_rdev... yes
checking for struct tm.tm_gmtoff... yes
checking whether struct tm is in sys/time.h or time.h... time.h
checking for x86_64-unknown-linux-musl-gcc options needed to detect all undeclared functions... none needed
checking for struct tm.tm_zone... yes
checking for tm_zone in struct tm... yes
checking whether tzname is declared... yes
checking for tzname... yes
checking for tm_isdst in struct tm... yes
checking whether daylight is declared... yes
checking for daylight... yes
checking for special C compiler options needed for large files... no
checking for _FILE_OFFSET_BITS value needed for large files... no
checking for _LARGEFILE_SOURCE value needed for large files... no
checking for mbstate_t... yes
checking for struct option in getopt... yes
checking for pid_t... yes
checking for uint8_t... yes
checking for uint16_t... yes
checking for uint32_t... yes
checking for int32_t... yes
checking for uint64_t... yes
checking for int64_t... yes
checking for intptr_t... yes
checking for uintptr_t... yes
checking for getpagesize... yes
checking for fork... yes
checking for vfork... yes
checking for working mmap... yes
checking for working fork... yes
checking for working vfork... (cached) yes
checking whether mbrtowc and mbstate_t are properly declared... yes
checking for gcc compiler warnings... yes
checking for strndup... yes
checking for mkstemp... yes
checking for mkostemp... yes
checking for utimes... yes
checking for utime... yes
checking for wcwidth... yes
checking for strtof... yes
checking for newlocale... yes
checking for uselocale... yes
checking for freelocale... yes
checking for memmem... yes
checking for pipe2... yes
checking for posix_spawnp... yes
checking for getopt_long... yes
checking for asprintf... yes
checking for vasprintf... yes
checking for strlcpy... yes
checking for strlcat... yes
checking for getline... yes
checking for ctime_r... yes
checking for asctime_r... yes
checking for localtime_r... yes
checking for gmtime_r... yes
checking for pread... yes
checking for strcasestr... yes
checking for fmtcheck... no
checking for dprintf... yes
checking for gzopen in -lz... yes
checking for BZ2_bzCompressInit in -lbz2... yes
checking for lzma_stream_decoder in -llzma... yes
checking for ZSTD_createDStream in -lzstd... yes
checking for LZ_decompress_open in -llz... no
checking for seccomp_init in -lseccomp... yes
checking that generated files are newer than configure... done
configure: creating ./config.status
config.status: creating Makefile
config.status: creating src/Makefile
config.status: creating magic/Makefile
config.status: creating tests/Makefile
config.status: creating doc/Makefile
config.status: creating python/Makefile
config.status: creating libmagic.pc
config.status: creating config.h
config.status: executing depfiles commands
config.status: executing libtool commands
+ make V=1
make  all-recursive
make[1]: Entering directory '/home/devel/building/work/src/file-5.45'
Making all in src
make[2]: Entering directory '/home/devel/building/work/src/file-5.45/src'
sed -e "s/X.YY/$(echo 5.45 | tr -d .)/" < ../src/magic.h.in > magic.h
make  all-am
make[3]: Entering directory '/home/devel/building/work/src/file-5.45/src'
depbase=`echo file.o | sed 's|[^/]*$|.deps/&|;s|\.o$||'`;\
x86_64-unknown-linux-musl-gcc -DHAVE_CONFIG_H -I. -I..  -DMAGIC='"/usr/share/misc/magic"'  -fvisibility=hidden -Wall -Wstrict-prototypes -Wmissing-prototypes -Wpointer-arith        -Wmissing-declarations -Wredundant-decls -Wnested-externs        -Wsign-compare -Wreturn-type -Wswitch -Wshadow        -Wcast-qual -Wwrite-strings -Wextra -Wunused-parameter -Wformat=2 -O2 -m64 -march=x86-64 -mtune=generic -flto=auto -ffat-lto-objects -MT file.o -MD -MP -MF $depbase.Tpo -c -o file.o file.c &&\
mv -f $depbase.Tpo $depbase.Po
depbase=`echo seccomp.o | sed 's|[^/]*$|.deps/&|;s|\.o$||'`;\
x86_64-unknown-linux-musl-gcc -DHAVE_CONFIG_H -I. -I..  -DMAGIC='"/usr/share/misc/magic"'  -fvisibility=hidden -Wall -Wstrict-prototypes -Wmissing-prototypes -Wpointer-arith        -Wmissing-declarations -Wredundant-decls -Wnested-externs        -Wsign-compare -Wreturn-type -Wswitch -Wshadow        -Wcast-qual -Wwrite-strings -Wextra -Wunused-parameter -Wformat=2 -O2 -m64 -march=x86-64 -mtune=generic -flto=auto -ffat-lto-objects -MT seccomp.o -MD -MP -MF $depbase.Tpo -c -o seccomp.o seccomp.c &&\
mv -f $depbase.Tpo $depbase.Po
depbase=`echo buffer.lo | sed 's|[^/]*$|.deps/&|;s|\.lo$||'`;\
/bin/sh ../libtool  --tag=CC   --mode=compile x86_64-unknown-linux-musl-gcc -DHAVE_CONFIG_H -I. -I..  -DMAGIC='"/usr/share/misc/magic"'  -fvisibility=hidden -Wall -Wstrict-prototypes -Wmissing-prototypes -Wpointer-arith        -Wmissing-declarations -Wredundant-decls -Wnested-externs        -Wsign-compare -Wreturn-type -Wswitch -Wshadow        -Wcast-qual -Wwrite-strings -Wextra -Wunused-parameter -Wformat=2 -O2 -m64 -march=x86-64 -mtune=generic -flto=auto -ffat-lto-objects -MT buffer.lo -MD -MP -MF $depbase.Tpo -c -o buffer.lo buffer.c &&\
mv -f $depbase.Tpo $depbase.Plo
depbase=`echo magic.lo | sed 's|[^/]*$|.deps/&|;s|\.lo$||'`;\
/bin/sh ../libtool  --tag=CC   --mode=compile x86_64-unknown-linux-musl-gcc -DHAVE_CONFIG_H -I. -I..  -DMAGIC='"/usr/share/misc/magic"'  -fvisibility=hidden -Wall -Wstrict-prototypes -Wmissing-prototypes -Wpointer-arith        -Wmissing-declarations -Wredundant-decls -Wnested-externs        -Wsign-compare -Wreturn-type -Wswitch -Wshadow        -Wcast-qual -Wwrite-strings -Wextra -Wunused-parameter -Wformat=2 -O2 -m64 -march=x86-64 -mtune=generic -flto=auto -ffat-lto-objects -MT magic.lo -MD -MP -MF $depbase.Tpo -c -o magic.lo magic.c &&\
mv -f $depbase.Tpo $depbase.Plo
depbase=`echo apprentice.lo | sed 's|[^/]*$|.deps/&|;s|\.lo$||'`;\
/bin/sh ../libtool  --tag=CC   --mode=compile x86_64-unknown-linux-musl-gcc -DHAVE_CONFIG_H -I. -I..  -DMAGIC='"/usr/share/misc/magic"'  -fvisibility=hidden -Wall -Wstrict-prototypes -Wmissing-prototypes -Wpointer-arith        -Wmissing-declarations -Wredundant-decls -Wnested-externs        -Wsign-compare -Wreturn-type -Wswitch -Wshadow        -Wcast-qual -Wwrite-strings -Wextra -Wunused-parameter -Wformat=2 -O2 -m64 -march=x86-64 -mtune=generic -flto=auto -ffat-lto-objects -MT apprentice.lo -MD -MP -MF $depbase.Tpo -c -o apprentice.lo apprentice.c &&\
mv -f $depbase.Tpo $depbase.Plo
depbase=`echo softmagic.lo | sed 's|[^/]*$|.deps/&|;s|\.lo$||'`;\
/bin/sh ../libtool  --tag=CC   --mode=compile x86_64-unknown-linux-musl-gcc -DHAVE_CONFIG_H -I. -I..  -DMAGIC='"/usr/share/misc/magic"'  -fvisibility=hidden -Wall -Wstrict-prototypes -Wmissing-prototypes -Wpointer-arith        -Wmissing-declarations -Wredundant-decls -Wnested-externs        -Wsign-compare -Wreturn-type -Wswitch -Wshadow        -Wcast-qual -Wwrite-strings -Wextra -Wunused-parameter -Wformat=2 -O2 -m64 -march=x86-64 -mtune=generic -flto=auto -ffat-lto-objects -MT softmagic.lo -MD -MP -MF $depbase.Tpo -c -o softmagic.lo softmagic.c &&\
mv -f $depbase.Tpo $depbase.Plo
depbase=`echo ascmagic.lo | sed 's|[^/]*$|.deps/&|;s|\.lo$||'`;\
/bin/sh ../libtool  --tag=CC   --mode=compile x86_64-unknown-linux-musl-gcc -DHAVE_CONFIG_H -I. -I..  -DMAGIC='"/usr/share/misc/magic"'  -fvisibility=hidden -Wall -Wstrict-prototypes -Wmissing-prototypes -Wpointer-arith        -Wmissing-declarations -Wredundant-decls -Wnested-externs        -Wsign-compare -Wreturn-type -Wswitch -Wshadow        -Wcast-qual -Wwrite-strings -Wextra -Wunused-parameter -Wformat=2 -O2 -m64 -march=x86-64 -mtune=generic -flto=auto -ffat-lto-objects -MT ascmagic.lo -MD -MP -MF $depbase.Tpo -c -o ascmagic.lo ascmagic.c &&\
mv -f $depbase.Tpo $depbase.Plo
depbase=`echo encoding.lo | sed 's|[^/]*$|.deps/&|;s|\.lo$||'`;\
/bin/sh ../libtool  --tag=CC   --mode=compile x86_64-unknown-linux-musl-gcc -DHAVE_CONFIG_H -I. -I..  -DMAGIC='"/usr/share/misc/magic"'  -fvisibility=hidden -Wall -Wstrict-prototypes -Wmissing-prototypes -Wpointer-arith        -Wmissing-declarations -Wredundant-decls -Wnested-externs        -Wsign-compare -Wreturn-type -Wswitch -Wshadow        -Wcast-qual -Wwrite-strings -Wextra -Wunused-parameter -Wformat=2 -O2 -m64 -march=x86-64 -mtune=generic -flto=auto -ffat-lto-objects -MT encoding.lo -MD -MP -MF $depbase.Tpo -c -o encoding.lo encoding.c &&\
mv -f $depbase.Tpo $depbase.Plo
libtool: compile:  x86_64-unknown-linux-musl-gcc -DHAVE_CONFIG_H -I. -I.. "-DMAGIC=\"/usr/share/misc/magic\"" -fvisibility=hidden -Wall -Wstrict-prototypes -Wmissing-prototypes -Wpointer-arith -Wmissing-declarations -Wredundant-decls -Wnested-externs -Wsign-compare -Wreturn-type -Wswitch -Wshadow -Wcast-qual -Wwrite-strings -Wextra -Wunused-parameter -Wformat=2 -O2 -m64 -march=x86-64 -mtune=generic -flto=auto -ffat-lto-objects -MT ascmagic.lo -MD -MP -MF .deps/ascmagic.Tpo -c ascmagic.c  -fPIC -DPIC -o .libs/ascmagic.o
libtool: compile:  x86_64-unknown-linux-musl-gcc -DHAVE_CONFIG_H -I. -I.. "-DMAGIC=\"/usr/share/misc/magic\"" -fvisibility=hidden -Wall -Wstrict-prototypes -Wmissing-prototypes -Wpointer-arith -Wmissing-declarations -Wredundant-decls -Wnested-externs -Wsign-compare -Wreturn-type -Wswitch -Wshadow -Wcast-qual -Wwrite-strings -Wextra -Wunused-parameter -Wformat=2 -O2 -m64 -march=x86-64 -mtune=generic -flto=auto -ffat-lto-objects -MT magic.lo -MD -MP -MF .deps/magic.Tpo -c magic.c  -fPIC -DPIC -o .libs/magic.o
libtool: compile:  x86_64-unknown-linux-musl-gcc -DHAVE_CONFIG_H -I. -I.. "-DMAGIC=\"/usr/share/misc/magic\"" -fvisibility=hidden -Wall -Wstrict-prototypes -Wmissing-prototypes -Wpointer-arith -Wmissing-declarations -Wredundant-decls -Wnested-externs -Wsign-compare -Wreturn-type -Wswitch -Wshadow -Wcast-qual -Wwrite-strings -Wextra -Wunused-parameter -Wformat=2 -O2 -m64 -march=x86-64 -mtune=generic -flto=auto -ffat-lto-objects -MT apprentice.lo -MD -MP -MF .deps/apprentice.Tpo -c apprentice.c  -fPIC -DPIC -o .libs/apprentice.o
libtool: compile:  x86_64-unknown-linux-musl-gcc -DHAVE_CONFIG_H -I. -I.. "-DMAGIC=\"/usr/share/misc/magic\"" -fvisibility=hidden -Wall -Wstrict-prototypes -Wmissing-prototypes -Wpointer-arith -Wmissing-declarations -Wredundant-decls -Wnested-externs -Wsign-compare -Wreturn-type -Wswitch -Wshadow -Wcast-qual -Wwrite-strings -Wextra -Wunused-parameter -Wformat=2 -O2 -m64 -march=x86-64 -mtune=generic -flto=auto -ffat-lto-objects -MT encoding.lo -MD -MP -MF .deps/encoding.Tpo -c encoding.c  -fPIC -DPIC -o .libs/encoding.o
libtool: compile:  x86_64-unknown-linux-musl-gcc -DHAVE_CONFIG_H -I. -I.. "-DMAGIC=\"/usr/share/misc/magic\"" -fvisibility=hidden -Wall -Wstrict-prototypes -Wmissing-prototypes -Wpointer-arith -Wmissing-declarations -Wredundant-decls -Wnested-externs -Wsign-compare -Wreturn-type -Wswitch -Wshadow -Wcast-qual -Wwrite-strings -Wextra -Wunused-parameter -Wformat=2 -O2 -m64 -march=x86-64 -mtune=generic -flto=auto -ffat-lto-objects -MT buffer.lo -MD -MP -MF .deps/buffer.Tpo -c buffer.c  -fPIC -DPIC -o .libs/buffer.o
libtool: compile:  x86_64-unknown-linux-musl-gcc -DHAVE_CONFIG_H -I. -I.. "-DMAGIC=\"/usr/share/misc/magic\"" -fvisibility=hidden -Wall -Wstrict-prototypes -Wmissing-prototypes -Wpointer-arith -Wmissing-declarations -Wredundant-decls -Wnested-externs -Wsign-compare -Wreturn-type -Wswitch -Wshadow -Wcast-qual -Wwrite-strings -Wextra -Wunused-parameter -Wformat=2 -O2 -m64 -march=x86-64 -mtune=generic -flto=auto -ffat-lto-objects -MT softmagic.lo -MD -MP -MF .deps/softmagic.Tpo -c softmagic.c  -fPIC -DPIC -o .libs/softmagic.o
depbase=`echo compress.lo | sed 's|[^/]*$|.deps/&|;s|\.lo$||'`;\
/bin/sh ../libtool  --tag=CC   --mode=compile x86_64-unknown-linux-musl-gcc -DHAVE_CONFIG_H -I. -I..  -DMAGIC='"/usr/share/misc/magic"'  -fvisibility=hidden -Wall -Wstrict-prototypes -Wmissing-prototypes -Wpointer-arith        -Wmissing-declarations -Wredundant-decls -Wnested-externs        -Wsign-compare -Wreturn-type -Wswitch -Wshadow        -Wcast-qual -Wwrite-strings -Wextra -Wunused-parameter -Wformat=2 -O2 -m64 -march=x86-64 -mtune=generic -flto=auto -ffat-lto-objects -MT compress.lo -MD -MP -MF $depbase.Tpo -c -o compress.lo compress.c &&\
mv -f $depbase.Tpo $depbase.Plo
depbase=`echo is_csv.lo | sed 's|[^/]*$|.deps/&|;s|\.lo$||'`;\
/bin/sh ../libtool  --tag=CC   --mode=compile x86_64-unknown-linux-musl-gcc -DHAVE_CONFIG_H -I. -I..  -DMAGIC='"/usr/share/misc/magic"'  -fvisibility=hidden -Wall -Wstrict-prototypes -Wmissing-prototypes -Wpointer-arith        -Wmissing-declarations -Wredundant-decls -Wnested-externs        -Wsign-compare -Wreturn-type -Wswitch -Wshadow        -Wcast-qual -Wwrite-strings -Wextra -Wunused-parameter -Wformat=2 -O2 -m64 -march=x86-64 -mtune=generic -flto=auto -ffat-lto-objects -MT is_csv.lo -MD -MP -MF $depbase.Tpo -c -o is_csv.lo is_csv.c &&\
mv -f $depbase.Tpo $depbase.Plo
libtool: compile:  x86_64-unknown-linux-musl-gcc -DHAVE_CONFIG_H -I. -I.. "-DMAGIC=\"/usr/share/misc/magic\"" -fvisibility=hidden -Wall -Wstrict-prototypes -Wmissing-prototypes -Wpointer-arith -Wmissing-declarations -Wredundant-decls -Wnested-externs -Wsign-compare -Wreturn-type -Wswitch -Wshadow -Wcast-qual -Wwrite-strings -Wextra -Wunused-parameter -Wformat=2 -O2 -m64 -march=x86-64 -mtune=generic -flto=auto -ffat-lto-objects -MT compress.lo -MD -MP -MF .deps/compress.Tpo -c compress.c  -fPIC -DPIC -o .libs/compress.o
libtool: compile:  x86_64-unknown-linux-musl-gcc -DHAVE_CONFIG_H -I. -I.. "-DMAGIC=\"/usr/share/misc/magic\"" -fvisibility=hidden -Wall -Wstrict-prototypes -Wmissing-prototypes -Wpointer-arith -Wmissing-declarations -Wredundant-decls -Wnested-externs -Wsign-compare -Wreturn-type -Wswitch -Wshadow -Wcast-qual -Wwrite-strings -Wextra -Wunused-parameter -Wformat=2 -O2 -m64 -march=x86-64 -mtune=generic -flto=auto -ffat-lto-objects -MT is_csv.lo -MD -MP -MF .deps/is_csv.Tpo -c is_csv.c  -fPIC -DPIC -o .libs/is_csv.o
depbase=`echo is_json.lo | sed 's|[^/]*$|.deps/&|;s|\.lo$||'`;\
/bin/sh ../libtool  --tag=CC   --mode=compile x86_64-unknown-linux-musl-gcc -DHAVE_CONFIG_H -I. -I..  -DMAGIC='"/usr/share/misc/magic"'  -fvisibility=hidden -Wall -Wstrict-prototypes -Wmissing-prototypes -Wpointer-arith        -Wmissing-declarations -Wredundant-decls -Wnested-externs        -Wsign-compare -Wreturn-type -Wswitch -Wshadow        -Wcast-qual -Wwrite-strings -Wextra -Wunused-parameter -Wformat=2 -O2 -m64 -march=x86-64 -mtune=generic -flto=auto -ffat-lto-objects -MT is_json.lo -MD -MP -MF $depbase.Tpo -c -o is_json.lo is_json.c &&\
mv -f $depbase.Tpo $depbase.Plo
depbase=`echo is_simh.lo | sed 's|[^/]*$|.deps/&|;s|\.lo$||'`;\
/bin/sh ../libtool  --tag=CC   --mode=compile x86_64-unknown-linux-musl-gcc -DHAVE_CONFIG_H -I. -I..  -DMAGIC='"/usr/share/misc/magic"'  -fvisibility=hidden -Wall -Wstrict-prototypes -Wmissing-prototypes -Wpointer-arith        -Wmissing-declarations -Wredundant-decls -Wnested-externs        -Wsign-compare -Wreturn-type -Wswitch -Wshadow        -Wcast-qual -Wwrite-strings -Wextra -Wunused-parameter -Wformat=2 -O2 -m64 -march=x86-64 -mtune=generic -flto=auto -ffat-lto-objects -MT is_simh.lo -MD -MP -MF $depbase.Tpo -c -o is_simh.lo is_simh.c &&\
mv -f $depbase.Tpo $depbase.Plo
depbase=`echo is_tar.lo | sed 's|[^/]*$|.deps/&|;s|\.lo$||'`;\
/bin/sh ../libtool  --tag=CC   --mode=compile x86_64-unknown-linux-musl-gcc -DHAVE_CONFIG_H -I. -I..  -DMAGIC='"/usr/share/misc/magic"'  -fvisibility=hidden -Wall -Wstrict-prototypes -Wmissing-prototypes -Wpointer-arith        -Wmissing-declarations -Wredundant-decls -Wnested-externs        -Wsign-compare -Wreturn-type -Wswitch -Wshadow        -Wcast-qual -Wwrite-strings -Wextra -Wunused-parameter -Wformat=2 -O2 -m64 -march=x86-64 -mtune=generic -flto=auto -ffat-lto-objects -MT is_tar.lo -MD -MP -MF $depbase.Tpo -c -o is_tar.lo is_tar.c &&\
mv -f $depbase.Tpo $depbase.Plo
libtool: compile:  x86_64-unknown-linux-musl-gcc -DHAVE_CONFIG_H -I. -I.. "-DMAGIC=\"/usr/share/misc/magic\"" -fvisibility=hidden -Wall -Wstrict-prototypes -Wmissing-prototypes -Wpointer-arith -Wmissing-declarations -Wredundant-decls -Wnested-externs -Wsign-compare -Wreturn-type -Wswitch -Wshadow -Wcast-qual -Wwrite-strings -Wextra -Wunused-parameter -Wformat=2 -O2 -m64 -march=x86-64 -mtune=generic -flto=auto -ffat-lto-objects -MT is_json.lo -MD -MP -MF .deps/is_json.Tpo -c is_json.c  -fPIC -DPIC -o .libs/is_json.o
depbase=`echo readelf.lo | sed 's|[^/]*$|.deps/&|;s|\.lo$||'`;\
/bin/sh ../libtool  --tag=CC   --mode=compile x86_64-unknown-linux-musl-gcc -DHAVE_CONFIG_H -I. -I..  -DMAGIC='"/usr/share/misc/magic"'  -fvisibility=hidden -Wall -Wstrict-prototypes -Wmissing-prototypes -Wpointer-arith        -Wmissing-declarations -Wredundant-decls -Wnested-externs        -Wsign-compare -Wreturn-type -Wswitch -Wshadow        -Wcast-qual -Wwrite-strings -Wextra -Wunused-parameter -Wformat=2 -O2 -m64 -march=x86-64 -mtune=generic -flto=auto -ffat-lto-objects -MT readelf.lo -MD -MP -MF $depbase.Tpo -c -o readelf.lo readelf.c &&\
mv -f $depbase.Tpo $depbase.Plo
depbase=`echo print.lo | sed 's|[^/]*$|.deps/&|;s|\.lo$||'`;\
/bin/sh ../libtool  --tag=CC   --mode=compile x86_64-unknown-linux-musl-gcc -DHAVE_CONFIG_H -I. -I..  -DMAGIC='"/usr/share/misc/magic"'  -fvisibility=hidden -Wall -Wstrict-prototypes -Wmissing-prototypes -Wpointer-arith        -Wmissing-declarations -Wredundant-decls -Wnested-externs        -Wsign-compare -Wreturn-type -Wswitch -Wshadow        -Wcast-qual -Wwrite-strings -Wextra -Wunused-parameter -Wformat=2 -O2 -m64 -march=x86-64 -mtune=generic -flto=auto -ffat-lto-objects -MT print.lo -MD -MP -MF $depbase.Tpo -c -o print.lo print.c &&\
mv -f $depbase.Tpo $depbase.Plo
libtool: compile:  x86_64-unknown-linux-musl-gcc -DHAVE_CONFIG_H -I. -I.. "-DMAGIC=\"/usr/share/misc/magic\"" -fvisibility=hidden -Wall -Wstrict-prototypes -Wmissing-prototypes -Wpointer-arith -Wmissing-declarations -Wredundant-decls -Wnested-externs -Wsign-compare -Wreturn-type -Wswitch -Wshadow -Wcast-qual -Wwrite-strings -Wextra -Wunused-parameter -Wformat=2 -O2 -m64 -march=x86-64 -mtune=generic -flto=auto -ffat-lto-objects -MT is_simh.lo -MD -MP -MF .deps/is_simh.Tpo -c is_simh.c  -fPIC -DPIC -o .libs/is_simh.o
libtool: compile:  x86_64-unknown-linux-musl-gcc -DHAVE_CONFIG_H -I. -I.. "-DMAGIC=\"/usr/share/misc/magic\"" -fvisibility=hidden -Wall -Wstrict-prototypes -Wmissing-prototypes -Wpointer-arith -Wmissing-declarations -Wredundant-decls -Wnested-externs -Wsign-compare -Wreturn-type -Wswitch -Wshadow -Wcast-qual -Wwrite-strings -Wextra -Wunused-parameter -Wformat=2 -O2 -m64 -march=x86-64 -mtune=generic -flto=auto -ffat-lto-objects -MT is_tar.lo -MD -MP -MF .deps/is_tar.Tpo -c is_tar.c  -fPIC -DPIC -o .libs/is_tar.o
libtool: compile:  x86_64-unknown-linux-musl-gcc -DHAVE_CONFIG_H -I. -I.. "-DMAGIC=\"/usr/share/misc/magic\"" -fvisibility=hidden -Wall -Wstrict-prototypes -Wmissing-prototypes -Wpointer-arith -Wmissing-declarations -Wredundant-decls -Wnested-externs -Wsign-compare -Wreturn-type -Wswitch -Wshadow -Wcast-qual -Wwrite-strings -Wextra -Wunused-parameter -Wformat=2 -O2 -m64 -march=x86-64 -mtune=generic -flto=auto -ffat-lto-objects -MT readelf.lo -MD -MP -MF .deps/readelf.Tpo -c readelf.c  -fPIC -DPIC -o .libs/readelf.o
libtool: compile:  x86_64-unknown-linux-musl-gcc -DHAVE_CONFIG_H -I. -I.. "-DMAGIC=\"/usr/share/misc/magic\"" -fvisibility=hidden -Wall -Wstrict-prototypes -Wmissing-prototypes -Wpointer-arith -Wmissing-declarations -Wredundant-decls -Wnested-externs -Wsign-compare -Wreturn-type -Wswitch -Wshadow -Wcast-qual -Wwrite-strings -Wextra -Wunused-parameter -Wformat=2 -O2 -m64 -march=x86-64 -mtune=generic -flto=auto -ffat-lto-objects -MT print.lo -MD -MP -MF .deps/print.Tpo -c print.c  -fPIC -DPIC -o .libs/print.o
depbase=`echo fsmagic.lo | sed 's|[^/]*$|.deps/&|;s|\.lo$||'`;\
/bin/sh ../libtool  --tag=CC   --mode=compile x86_64-unknown-linux-musl-gcc -DHAVE_CONFIG_H -I. -I..  -DMAGIC='"/usr/share/misc/magic"'  -fvisibility=hidden -Wall -Wstrict-prototypes -Wmissing-prototypes -Wpointer-arith        -Wmissing-declarations -Wredundant-decls -Wnested-externs        -Wsign-compare -Wreturn-type -Wswitch -Wshadow        -Wcast-qual -Wwrite-strings -Wextra -Wunused-parameter -Wformat=2 -O2 -m64 -march=x86-64 -mtune=generic -flto=auto -ffat-lto-objects -MT fsmagic.lo -MD -MP -MF $depbase.Tpo -c -o fsmagic.lo fsmagic.c &&\
mv -f $depbase.Tpo $depbase.Plo
depbase=`echo funcs.lo | sed 's|[^/]*$|.deps/&|;s|\.lo$||'`;\
/bin/sh ../libtool  --tag=CC   --mode=compile x86_64-unknown-linux-musl-gcc -DHAVE_CONFIG_H -I. -I..  -DMAGIC='"/usr/share/misc/magic"'  -fvisibility=hidden -Wall -Wstrict-prototypes -Wmissing-prototypes -Wpointer-arith        -Wmissing-declarations -Wredundant-decls -Wnested-externs        -Wsign-compare -Wreturn-type -Wswitch -Wshadow        -Wcast-qual -Wwrite-strings -Wextra -Wunused-parameter -Wformat=2 -O2 -m64 -march=x86-64 -mtune=generic -flto=auto -ffat-lto-objects -MT funcs.lo -MD -MP -MF $depbase.Tpo -c -o funcs.lo funcs.c &&\
mv -f $depbase.Tpo $depbase.Plo
depbase=`echo apptype.lo | sed 's|[^/]*$|.deps/&|;s|\.lo$||'`;\
/bin/sh ../libtool  --tag=CC   --mode=compile x86_64-unknown-linux-musl-gcc -DHAVE_CONFIG_H -I. -I..  -DMAGIC='"/usr/share/misc/magic"'  -fvisibility=hidden -Wall -Wstrict-prototypes -Wmissing-prototypes -Wpointer-arith        -Wmissing-declarations -Wredundant-decls -Wnested-externs        -Wsign-compare -Wreturn-type -Wswitch -Wshadow        -Wcast-qual -Wwrite-strings -Wextra -Wunused-parameter -Wformat=2 -O2 -m64 -march=x86-64 -mtune=generic -flto=auto -ffat-lto-objects -MT apptype.lo -MD -MP -MF $depbase.Tpo -c -o apptype.lo apptype.c &&\
mv -f $depbase.Tpo $depbase.Plo
libtool: compile:  x86_64-unknown-linux-musl-gcc -DHAVE_CONFIG_H -I. -I.. "-DMAGIC=\"/usr/share/misc/magic\"" -fvisibility=hidden -Wall -Wstrict-prototypes -Wmissing-prototypes -Wpointer-arith -Wmissing-declarations -Wredundant-decls -Wnested-externs -Wsign-compare -Wreturn-type -Wswitch -Wshadow -Wcast-qual -Wwrite-strings -Wextra -Wunused-parameter -Wformat=2 -O2 -m64 -march=x86-64 -mtune=generic -flto=auto -ffat-lto-objects -MT fsmagic.lo -MD -MP -MF .deps/fsmagic.Tpo -c fsmagic.c  -fPIC -DPIC -o .libs/fsmagic.o
libtool: compile:  x86_64-unknown-linux-musl-gcc -DHAVE_CONFIG_H -I. -I.. "-DMAGIC=\"/usr/share/misc/magic\"" -fvisibility=hidden -Wall -Wstrict-prototypes -Wmissing-prototypes -Wpointer-arith -Wmissing-declarations -Wredundant-decls -Wnested-externs -Wsign-compare -Wreturn-type -Wswitch -Wshadow -Wcast-qual -Wwrite-strings -Wextra -Wunused-parameter -Wformat=2 -O2 -m64 -march=x86-64 -mtune=generic -flto=auto -ffat-lto-objects -MT funcs.lo -MD -MP -MF .deps/funcs.Tpo -c funcs.c  -fPIC -DPIC -o .libs/funcs.o
depbase=`echo der.lo | sed 's|[^/]*$|.deps/&|;s|\.lo$||'`;\
/bin/sh ../libtool  --tag=CC   --mode=compile x86_64-unknown-linux-musl-gcc -DHAVE_CONFIG_H -I. -I..  -DMAGIC='"/usr/share/misc/magic"'  -fvisibility=hidden -Wall -Wstrict-prototypes -Wmissing-prototypes -Wpointer-arith        -Wmissing-declarations -Wredundant-decls -Wnested-externs        -Wsign-compare -Wreturn-type -Wswitch -Wshadow        -Wcast-qual -Wwrite-strings -Wextra -Wunused-parameter -Wformat=2 -O2 -m64 -march=x86-64 -mtune=generic -flto=auto -ffat-lto-objects -MT der.lo -MD -MP -MF $depbase.Tpo -c -o der.lo der.c &&\
mv -f $depbase.Tpo $depbase.Plo
depbase=`echo cdf.lo | sed 's|[^/]*$|.deps/&|;s|\.lo$||'`;\
/bin/sh ../libtool  --tag=CC   --mode=compile x86_64-unknown-linux-musl-gcc -DHAVE_CONFIG_H -I. -I..  -DMAGIC='"/usr/share/misc/magic"'  -fvisibility=hidden -Wall -Wstrict-prototypes -Wmissing-prototypes -Wpointer-arith        -Wmissing-declarations -Wredundant-decls -Wnested-externs        -Wsign-compare -Wreturn-type -Wswitch -Wshadow        -Wcast-qual -Wwrite-strings -Wextra -Wunused-parameter -Wformat=2 -O2 -m64 -march=x86-64 -mtune=generic -flto=auto -ffat-lto-objects -MT cdf.lo -MD -MP -MF $depbase.Tpo -c -o cdf.lo cdf.c &&\
mv -f $depbase.Tpo $depbase.Plo
libtool: compile:  x86_64-unknown-linux-musl-gcc -DHAVE_CONFIG_H -I. -I.. "-DMAGIC=\"/usr/share/misc/magic\"" -fvisibility=hidden -Wall -Wstrict-prototypes -Wmissing-prototypes -Wpointer-arith -Wmissing-declarations -Wredundant-decls -Wnested-externs -Wsign-compare -Wreturn-type -Wswitch -Wshadow -Wcast-qual -Wwrite-strings -Wextra -Wunused-parameter -Wformat=2 -O2 -m64 -march=x86-64 -mtune=generic -flto=auto -ffat-lto-objects -MT apptype.lo -MD -MP -MF .deps/apptype.Tpo -c apptype.c  -fPIC -DPIC -o .libs/apptype.o
depbase=`echo cdf_time.lo | sed 's|[^/]*$|.deps/&|;s|\.lo$||'`;\
/bin/sh ../libtool  --tag=CC   --mode=compile x86_64-unknown-linux-musl-gcc -DHAVE_CONFIG_H -I. -I..  -DMAGIC='"/usr/share/misc/magic"'  -fvisibility=hidden -Wall -Wstrict-prototypes -Wmissing-prototypes -Wpointer-arith        -Wmissing-declarations -Wredundant-decls -Wnested-externs        -Wsign-compare -Wreturn-type -Wswitch -Wshadow        -Wcast-qual -Wwrite-strings -Wextra -Wunused-parameter -Wformat=2 -O2 -m64 -march=x86-64 -mtune=generic -flto=auto -ffat-lto-objects -MT cdf_time.lo -MD -MP -MF $depbase.Tpo -c -o cdf_time.lo cdf_time.c &&\
mv -f $depbase.Tpo $depbase.Plo
libtool: compile:  x86_64-unknown-linux-musl-gcc -DHAVE_CONFIG_H -I. -I.. "-DMAGIC=\"/usr/share/misc/magic\"" -fvisibility=hidden -Wall -Wstrict-prototypes -Wmissing-prototypes -Wpointer-arith -Wmissing-declarations -Wredundant-decls -Wnested-externs -Wsign-compare -Wreturn-type -Wswitch -Wshadow -Wcast-qual -Wwrite-strings -Wextra -Wunused-parameter -Wformat=2 -O2 -m64 -march=x86-64 -mtune=generic -flto=auto -ffat-lto-objects -MT der.lo -MD -MP -MF .deps/der.Tpo -c der.c  -fPIC -DPIC -o .libs/der.o
libtool: compile:  x86_64-unknown-linux-musl-gcc -DHAVE_CONFIG_H -I. -I.. "-DMAGIC=\"/usr/share/misc/magic\"" -fvisibility=hidden -Wall -Wstrict-prototypes -Wmissing-prototypes -Wpointer-arith -Wmissing-declarations -Wredundant-decls -Wnested-externs -Wsign-compare -Wreturn-type -Wswitch -Wshadow -Wcast-qual -Wwrite-strings -Wextra -Wunused-parameter -Wformat=2 -O2 -m64 -march=x86-64 -mtune=generic -flto=auto -ffat-lto-objects -MT cdf_time.lo -MD -MP -MF .deps/cdf_time.Tpo -c cdf_time.c  -fPIC -DPIC -o .libs/cdf_time.o
depbase=`echo readcdf.lo | sed 's|[^/]*$|.deps/&|;s|\.lo$||'`;\
/bin/sh ../libtool  --tag=CC   --mode=compile x86_64-unknown-linux-musl-gcc -DHAVE_CONFIG_H -I. -I..  -DMAGIC='"/usr/share/misc/magic"'  -fvisibility=hidden -Wall -Wstrict-prototypes -Wmissing-prototypes -Wpointer-arith        -Wmissing-declarations -Wredundant-decls -Wnested-externs        -Wsign-compare -Wreturn-type -Wswitch -Wshadow        -Wcast-qual -Wwrite-strings -Wextra -Wunused-parameter -Wformat=2 -O2 -m64 -march=x86-64 -mtune=generic -flto=auto -ffat-lto-objects -MT readcdf.lo -MD -MP -MF $depbase.Tpo -c -o readcdf.lo readcdf.c &&\
mv -f $depbase.Tpo $depbase.Plo
libtool: compile:  x86_64-unknown-linux-musl-gcc -DHAVE_CONFIG_H -I. -I.. "-DMAGIC=\"/usr/share/misc/magic\"" -fvisibility=hidden -Wall -Wstrict-prototypes -Wmissing-prototypes -Wpointer-arith -Wmissing-declarations -Wredundant-decls -Wnested-externs -Wsign-compare -Wreturn-type -Wswitch -Wshadow -Wcast-qual -Wwrite-strings -Wextra -Wunused-parameter -Wformat=2 -O2 -m64 -march=x86-64 -mtune=generic -flto=auto -ffat-lto-objects -MT cdf.lo -MD -MP -MF .deps/cdf.Tpo -c cdf.c  -fPIC -DPIC -o .libs/cdf.o
depbase=`echo fmtcheck.lo | sed 's|[^/]*$|.deps/&|;s|\.lo$||'`;\
/bin/sh ../libtool  --tag=CC   --mode=compile x86_64-unknown-linux-musl-gcc -DHAVE_CONFIG_H -I. -I..  -DMAGIC='"/usr/share/misc/magic"'  -fvisibility=hidden -Wall -Wstrict-prototypes -Wmissing-prototypes -Wpointer-arith        -Wmissing-declarations -Wredundant-decls -Wnested-externs        -Wsign-compare -Wreturn-type -Wswitch -Wshadow        -Wcast-qual -Wwrite-strings -Wextra -Wunused-parameter -Wformat=2 -O2 -m64 -march=x86-64 -mtune=generic -flto=auto -ffat-lto-objects -MT fmtcheck.lo -MD -MP -MF $depbase.Tpo -c -o fmtcheck.lo fmtcheck.c &&\
mv -f $depbase.Tpo $depbase.Plo
libtool: compile:  x86_64-unknown-linux-musl-gcc -DHAVE_CONFIG_H -I. -I.. "-DMAGIC=\"/usr/share/misc/magic\"" -fvisibility=hidden -Wall -Wstrict-prototypes -Wmissing-prototypes -Wpointer-arith -Wmissing-declarations -Wredundant-decls -Wnested-externs -Wsign-compare -Wreturn-type -Wswitch -Wshadow -Wcast-qual -Wwrite-strings -Wextra -Wunused-parameter -Wformat=2 -O2 -m64 -march=x86-64 -mtune=generic -flto=auto -ffat-lto-objects -MT readcdf.lo -MD -MP -MF .deps/readcdf.Tpo -c readcdf.c  -fPIC -DPIC -o .libs/readcdf.o
libtool: compile:  x86_64-unknown-linux-musl-gcc -DHAVE_CONFIG_H -I. -I.. "-DMAGIC=\"/usr/share/misc/magic\"" -fvisibility=hidden -Wall -Wstrict-prototypes -Wmissing-prototypes -Wpointer-arith -Wmissing-declarations -Wredundant-decls -Wnested-externs -Wsign-compare -Wreturn-type -Wswitch -Wshadow -Wcast-qual -Wwrite-strings -Wextra -Wunused-parameter -Wformat=2 -O2 -m64 -march=x86-64 -mtune=generic -flto=auto -ffat-lto-objects -MT fmtcheck.lo -MD -MP -MF .deps/fmtcheck.Tpo -c fmtcheck.c  -fPIC -DPIC -o .libs/fmtcheck.o
readelf.c: In function 'doshn':
readelf.c:141:33: warning: 'cap32.c_un.c_val' may be used uninitialized [-Wmaybe-uninitialized]
  141 | #define elf_getu32(swap, value) getu32(swap, value)
      |                                 ^~~~~~~~~~~~~~~~~~~
readelf.c:1508:43: note: 'cap32' declared here
 1508 |                                 Elf32_Cap cap32;
      |                                           ^~~~~
readelf.c:141:33: warning: 'cap32.c_un.c_val' may be used uninitialized [-Wmaybe-uninitialized]
  141 | #define elf_getu32(swap, value) getu32(swap, value)
      |                                 ^~~~~~~~~~~~~~~~~~~
readelf.c:1508:43: note: 'cap32' declared here
 1508 |                                 Elf32_Cap cap32;
      |                                           ^~~~~
readelf.c:142:33: warning: 'cap64.c_un.c_val' may be used uninitialized [-Wmaybe-uninitialized]
  142 | #define elf_getu64(swap, value) getu64(swap, value)
      |                                 ^~~~~~~~~~~~~~~~~~~
readelf.c:1509:43: note: 'cap64' declared here
 1509 |                                 Elf64_Cap cap64;
      |                                           ^~~~~
readelf.c:142:33: warning: 'cap64.c_un.c_val' may be used uninitialized [-Wmaybe-uninitialized]
  142 | #define elf_getu64(swap, value) getu64(swap, value)
      |                                 ^~~~~~~~~~~~~~~~~~~
readelf.c:1509:43: note: 'cap64' declared here
 1509 |                                 Elf64_Cap cap64;
      |                                           ^~~~~
/bin/sh ../libtool  --tag=CC   --mode=link x86_64-unknown-linux-musl-gcc -fvisibility=hidden -Wall -Wstrict-prototypes -Wmissing-prototypes -Wpointer-arith        -Wmissing-declarations -Wredundant-decls -Wnested-externs        -Wsign-compare -Wreturn-type -Wswitch -Wshadow        -Wcast-qual -Wwrite-strings -Wextra -Wunused-parameter -Wformat=2 -O2 -m64 -march=x86-64 -mtune=generic -flto=auto -ffat-lto-objects -no-undefined -version-info 1:0:0  -o libmagic.la -rpath /usr/lib buffer.lo magic.lo apprentice.lo softmagic.lo ascmagic.lo encoding.lo compress.lo is_csv.lo is_json.lo is_simh.lo is_tar.lo readelf.lo print.lo fsmagic.lo funcs.lo apptype.lo der.lo cdf.lo cdf_time.lo readcdf.lo -lm fmtcheck.lo  -lseccomp -lzstd -llzma -lbz2 -lz 
libtool: link: x86_64-unknown-linux-musl-gcc -shared  -fPIC -DPIC  .libs/buffer.o .libs/magic.o .libs/apprentice.o .libs/softmagic.o .libs/ascmagic.o .libs/encoding.o .libs/compress.o .libs/is_csv.o .libs/is_json.o .libs/is_simh.o .libs/is_tar.o .libs/readelf.o .libs/print.o .libs/fsmagic.o .libs/funcs.o .libs/apptype.o .libs/der.o .libs/cdf.o .libs/cdf_time.o .libs/readcdf.o .libs/fmtcheck.o   -lm -lseccomp -lzstd -llzma -lbz2 -lz  -O2 -m64 -march=x86-64 -mtune=generic -flto=auto   -Wl,-soname -Wl,libmagic.so.1 -o .libs/libmagic.so.1.0.0
libtool: link: (cd ".libs" && rm -f "libmagic.so.1" && ln -s "libmagic.so.1.0.0" "libmagic.so.1")
libtool: link: (cd ".libs" && rm -f "libmagic.so" && ln -s "libmagic.so.1.0.0" "libmagic.so")
libtool: link: ( cd ".libs" && rm -f "libmagic.la" && ln -s "../libmagic.la" "libmagic.la" )
/bin/sh ../libtool  --tag=CC   --mode=link x86_64-unknown-linux-musl-gcc -fvisibility=hidden -Wall -Wstrict-prototypes -Wmissing-prototypes -Wpointer-arith        -Wmissing-declarations -Wredundant-decls -Wnested-externs        -Wsign-compare -Wreturn-type -Wswitch -Wshadow        -Wcast-qual -Wwrite-strings -Wextra -Wunused-parameter -Wformat=2 -O2 -m64 -march=x86-64 -mtune=generic -flto=auto -ffat-lto-objects   -o file file.o seccomp.o libmagic.la -lm -lseccomp -lzstd -llzma -lbz2 -lz 
libtool: link: x86_64-unknown-linux-musl-gcc -fvisibility=hidden -Wall -Wstrict-prototypes -Wmissing-prototypes -Wpointer-arith -Wmissing-declarations -Wredundant-decls -Wnested-externs -Wsign-compare -Wreturn-type -Wswitch -Wshadow -Wcast-qual -Wwrite-strings -Wextra -Wunused-parameter -Wformat=2 -O2 -m64 -march=x86-64 -mtune=generic -flto=auto -ffat-lto-objects -o .libs/file file.o seccomp.o  ./.libs/libmagic.so -lm -lseccomp -lzstd -llzma -lbz2 -lz
make[3]: Leaving directory '/home/devel/building/work/src/file-5.45/src'
make[2]: Leaving directory '/home/devel/building/work/src/file-5.45/src'
Making all in magic
make[2]: Entering directory '/home/devel/building/work/src/file-5.45/magic'
../src/file -C -m magic
make[2]: Leaving directory '/home/devel/building/work/src/file-5.45/magic'
Making all in tests
make[2]: Entering directory '/home/devel/building/work/src/file-5.45/tests'
make[2]: Nothing to be done for 'all'.
make[2]: Leaving directory '/home/devel/building/work/src/file-5.45/tests'
Making all in doc
make[2]: Entering directory '/home/devel/building/work/src/file-5.45/doc'
sed -e s@__CSECTION__@1@g \
    -e s@__FSECTION__@5@g \
    -e s@__VERSION__@5.45@g \
    -e s@__MAGIC__@/usr/share/misc/magic@g ./file.man > file.1
sed -e s@__CSECTION__@1@g \
    -e s@__FSECTION__@5@g \
    -e s@__VERSION__@5.45@g \
    -e s@__MAGIC__@/usr/share/misc/magic@g ./magic.man > magic.5
sed -e s@__CSECTION__@1@g \
    -e s@__FSECTION__@5@g \
    -e s@__VERSION__@5.45@g \
    -e s@__MAGIC__@/usr/share/misc/magic@g ./libmagic.man > libmagic.3
make[2]: Leaving directory '/home/devel/building/work/src/file-5.45/doc'
Making all in python
make[2]: Entering directory '/home/devel/building/work/src/file-5.45/python'
make[2]: Nothing to be done for 'all'.
make[2]: Leaving directory '/home/devel/building/work/src/file-5.45/python'
make[2]: Entering directory '/home/devel/building/work/src/file-5.45'
make[2]: Leaving directory '/home/devel/building/work/src/file-5.45'
make[1]: Leaving directory '/home/devel/building/work/src/file-5.45'
+ make DESTDIR=/home/devel/building/work/pkg install
Making install in src
make[1]: Entering directory '/home/devel/building/work/src/file-5.45/src'
make  install-am
make[2]: Entering directory '/home/devel/building/work/src/file-5.45/src'
make[3]: Entering directory '/home/devel/building/work/src/file-5.45/src'
 /bin/mkdir -p '/home/devel/building/work/pkg/usr/lib'
 /bin/sh ../libtool   --mode=install /usr/bin/install -c   libmagic.la '/home/devel/building/work/pkg/usr/lib'
 /bin/mkdir -p '/home/devel/building/work/pkg/usr/include'
 /usr/bin/install -c -m 644 magic.h '/home/devel/building/work/pkg/usr/include'
libtool: install: /usr/bin/install -c .libs/libmagic.so.1.0.0 /home/devel/building/work/pkg/usr/lib/libmagic.so.1.0.0
libtool: install: (cd /home/devel/building/work/pkg/usr/lib && { ln -s -f libmagic.so.1.0.0 libmagic.so.1 || { rm -f libmagic.so.1 && ln -s libmagic.so.1.0.0 libmagic.so.1; }; })
libtool: install: (cd /home/devel/building/work/pkg/usr/lib && { ln -s -f libmagic.so.1.0.0 libmagic.so || { rm -f libmagic.so && ln -s libmagic.so.1.0.0 libmagic.so; }; })
libtool: install: /usr/bin/install -c .libs/libmagic.lai /home/devel/building/work/pkg/usr/lib/libmagic.la
libtool: warning: remember to run 'libtool --finish /usr/lib'
 /bin/mkdir -p '/home/devel/building/work/pkg/usr/bin'
  /bin/sh ../libtool   --mode=install /usr/bin/install -c file '/home/devel/building/work/pkg/usr/bin'
libtool: warning: 'libmagic.la' has not been installed in '/usr/lib'
libtool: install: /usr/bin/install -c .libs/file /home/devel/building/work/pkg/usr/bin/file
make[3]: Leaving directory '/home/devel/building/work/src/file-5.45/src'
make[2]: Leaving directory '/home/devel/building/work/src/file-5.45/src'
make[1]: Leaving directory '/home/devel/building/work/src/file-5.45/src'
Making install in magic
make[1]: Entering directory '/home/devel/building/work/src/file-5.45/magic'
make[2]: Entering directory '/home/devel/building/work/src/file-5.45/magic'
make[2]: Nothing to be done for 'install-exec-am'.
 /bin/mkdir -p '/home/devel/building/work/pkg/usr/share/misc'
 /usr/bin/install -c -m 644 magic.mgc '/home/devel/building/work/pkg/usr/share/misc'
make[2]: Leaving directory '/home/devel/building/work/src/file-5.45/magic'
make[1]: Leaving directory '/home/devel/building/work/src/file-5.45/magic'
Making install in tests
make[1]: Entering directory '/home/devel/building/work/src/file-5.45/tests'
make[2]: Entering directory '/home/devel/building/work/src/file-5.45/tests'
make[2]: Nothing to be done for 'install-exec-am'.
make[2]: Nothing to be done for 'install-data-am'.
make[2]: Leaving directory '/home/devel/building/work/src/file-5.45/tests'
make[1]: Leaving directory '/home/devel/building/work/src/file-5.45/tests'
Making install in doc
make[1]: Entering directory '/home/devel/building/work/src/file-5.45/doc'
make[2]: Entering directory '/home/devel/building/work/src/file-5.45/doc'
make[2]: Nothing to be done for 'install-exec-am'.
 /bin/mkdir -p '/home/devel/building/work/pkg/usr/share/man/man1'
 /bin/mkdir -p '/home/devel/building/work/pkg/usr/share/man/man3'
 /bin/mkdir -p '/home/devel/building/work/pkg/usr/share/man/man4'
 /bin/mkdir -p '/home/devel/building/work/pkg/usr/share/man/man5'
 /usr/bin/install -c -m 644 file.1 '/home/devel/building/work/pkg/usr/share/man/man1'
 /usr/bin/install -c -m 644 libmagic.3 '/home/devel/building/work/pkg/usr/share/man/man3'
 /usr/bin/install -c -m 644 magic.5 '/home/devel/building/work/pkg/usr/share/man/man5'
make[2]: Leaving directory '/home/devel/building/work/src/file-5.45/doc'
make[1]: Leaving directory '/home/devel/building/work/src/file-5.45/doc'
Making install in python
make[1]: Entering directory '/home/devel/building/work/src/file-5.45/python'
make[2]: Entering directory '/home/devel/building/work/src/file-5.45/python'
make[2]: Nothing to be done for 'install-exec-am'.
make[2]: Nothing to be done for 'install-data-am'.
make[2]: Leaving directory '/home/devel/building/work/src/file-5.45/python'
make[1]: Leaving directory '/home/devel/building/work/src/file-5.45/python'
make[1]: Entering directory '/home/devel/building/work/src/file-5.45'
make[2]: Entering directory '/home/devel/building/work/src/file-5.45'
make[2]: Nothing to be done for 'install-data-am'.
 /bin/mkdir -p '/home/devel/building/work/pkg/usr/lib/pkgconfig'
 /usr/bin/install -c -m 644 libmagic.pc '/home/devel/building/work/pkg/usr/lib/pkgconfig'
make[2]: Leaving directory '/home/devel/building/work/src/file-5.45'
make[1]: Leaving directory '/home/devel/building/work/src/file-5.45'
+ rmdir /home/devel/building/work/pkg/usr/share/man/man4
+ find /home/devel/building/work/pkg -type f -name '*.la' -delete
=======> Build result:
drwxr-xr-x  0 root   root        0 May 15 16:50 usr/
drwxr-xr-x  0 root   root        0 May 15 16:50 usr/lib/
drwxr-xr-x  0 root   root        0 May 15 16:50 usr/include/
drwxr-xr-x  0 root   root        0 May 15 16:50 usr/bin/
drwxr-xr-x  0 root   root        0 May 15 16:50 usr/share/
drwxr-xr-x  0 root   root        0 May 15 16:50 usr/share/misc/
drwxr-xr-x  0 root   root        0 May 15 16:50 usr/share/man/
drwxr-xr-x  0 root   root        0 May 15 16:50 usr/share/man/man1/
drwxr-xr-x  0 root   root        0 May 15 16:50 usr/share/man/man3/
drwxr-xr-x  0 root   root        0 May 15 16:50 usr/share/man/man5/
-rw-r--r--  0 root   root     7988 May 15 16:50 usr/share/man/man5/magic.5.gz
-rw-r--r--  0 root   root     4044 May 15 16:50 usr/share/man/man3/libmagic.3.gz
-rw-r--r--  0 root   root     8872 May 15 16:50 usr/share/man/man1/file.1.gz
-rw-r--r--  0 root   root  8513392 May 15 16:50 usr/share/misc/magic.mgc
-rwxr-xr-x  0 root   root    27216 May 15 16:50 usr/bin/file
-rw-r--r--  0 root   root     6037 May 15 16:50 usr/include/magic.h
-rwxr-xr-x  0 root   root   167040 May 15 16:50 usr/lib/libmagic.so.1.0.0
lrwxrwxrwx  0 root   root        0 May 15 16:50 usr/lib/libmagic.so.1 -> libmagic.so.1.0.0
lrwxrwxrwx  0 root   root        0 May 15 16:50 usr/lib/libmagic.so -> libmagic.so.1.0.0
drwxr-xr-x  0 root   root        0 May 15 16:50 usr/lib/pkgconfig/
-rw-r--r--  0 root   root      264 May 15 16:50 usr/lib/pkgconfig/libmagic.pc
=======> Building '/home/devel/packages/file#5.45-1.x86_64.pkg.tar.zst' succeeded.
prt-get: Using PKGMK_PACKAGE_DIR: /home/devel/packages
prt-get: reinstalling file 5.45-1
prt-get: /usr/bin/pkgadd -u file#5.45-1.x86_64.pkg.tar.zst
prt-get: build done Wed May 15 16:50:34 2024

