prt-get: updating /usr/ports/core-x86_64/jansson
prt-get: starting build Wed May 15 18:44:34 2024
=======> Building '/home/devel/packages/jansson#2.14-2.x86_64.pkg.tar.zst'.
bsdtar -p -o -C /home/devel/building/work/src -xf /home/devel/sources/jansson-2.14.tar.gz
+ build
+ cd jansson-2.14
+ ./configure --prefix=/usr --disable-static
checking for a BSD-compatible install... /usr/bin/install -c
checking whether build environment is sane... yes
checking for a race-free mkdir -p... /bin/mkdir -p
checking for gawk... gawk
checking whether make sets $(MAKE)... yes
checking whether make supports nested variables... yes
checking for gcc... gcc
checking whether the C compiler works... yes
checking for C compiler default output file name... a.out
checking for suffix of executables... 
checking whether we are cross compiling... no
checking for suffix of object files... o
checking whether the compiler supports GNU C... yes
checking whether gcc accepts -g... yes
checking for gcc option to enable C11 features... none needed
checking whether gcc understands -c and -o together... yes
checking whether make supports the include directive... yes (GNU style)
checking dependency style of gcc... gcc3
checking for g++... g++
checking whether the compiler supports GNU C++... yes
checking whether g++ accepts -g... yes
checking for g++ option to enable C++11 features... none needed
checking dependency style of g++... gcc3
checking build system type... x86_64-pc-linux-musl
checking host system type... x86_64-pc-linux-musl
checking how to print strings... printf
checking for a sed that does not truncate output... /bin/sed
checking for grep that handles long lines and -e... /usr/bin/grep
checking for egrep... /usr/bin/grep -E
checking for fgrep... /usr/bin/grep -F
checking for ld used by gcc... /usr/bin/ld
checking if the linker (/usr/bin/ld) is GNU ld... yes
checking for BSD- or MS-compatible name lister (nm)... /usr/bin/nm -B
checking the name lister (/usr/bin/nm -B) interface... BSD nm
checking whether ln -s works... yes
checking the maximum length of command line arguments... 98304
checking how to convert x86_64-pc-linux-musl file names to x86_64-pc-linux-musl format... func_convert_file_noop
checking how to convert x86_64-pc-linux-musl file names to toolchain format... func_convert_file_noop
checking for /usr/bin/ld option to reload object files... -r
checking for objdump... objdump
checking how to recognize dependent libraries... pass_all
checking for dlltool... no
checking how to associate runtime and link libraries... printf %s\n
checking for ar... ar
checking for archiver @FILE support... @
checking for strip... strip
checking for ranlib... ranlib
checking command to parse /usr/bin/nm -B output from gcc object... ok
checking for sysroot... no
checking for a working dd... /bin/dd
checking how to truncate binary pipes... /bin/dd bs=4096 count=1
checking for mt... no
checking if : is a manifest tool... no
checking for stdio.h... yes
checking for stdlib.h... yes
checking for string.h... yes
checking for inttypes.h... yes
checking for stdint.h... yes
checking for strings.h... yes
checking for sys/stat.h... yes
checking for sys/types.h... yes
checking for unistd.h... yes
checking for dlfcn.h... yes
checking for objdir... .libs
checking if gcc supports -fno-rtti -fno-exceptions... no
checking for gcc option to produce PIC... -fPIC -DPIC
checking if gcc PIC flag -fPIC -DPIC works... yes
checking if gcc static flag -static works... yes
checking if gcc supports -c -o file.o... yes
checking if gcc supports -c -o file.o... (cached) yes
checking whether the gcc linker (/usr/bin/ld -m elf_x86_64) supports shared libraries... yes
checking whether -lc should be explicitly linked in... no
checking dynamic linker characteristics... GNU/Linux ld.so
checking how to hardcode library paths into programs... immediate
checking whether stripping libraries is possible... yes
checking if libtool supports shared libraries... yes
checking whether to build shared libraries... yes
checking whether to build static libraries... no
checking how to run the C++ preprocessor... g++ -E
checking for ld used by g++... /usr/bin/ld -m elf_x86_64
checking if the linker (/usr/bin/ld -m elf_x86_64) is GNU ld... yes
checking whether the g++ linker (/usr/bin/ld -m elf_x86_64) supports shared libraries... yes
checking for g++ option to produce PIC... -fPIC -DPIC
checking if g++ PIC flag -fPIC -DPIC works... yes
checking if g++ static flag -static works... yes
checking if g++ supports -c -o file.o... yes
checking if g++ supports -c -o file.o... (cached) yes
checking whether the g++ linker (/usr/bin/ld -m elf_x86_64) supports shared libraries... yes
checking dynamic linker characteristics... (cached) GNU/Linux ld.so
checking how to hardcode library paths into programs... immediate
checking for endian.h... yes
checking for fcntl.h... yes
checking for locale.h... yes
checking for sched.h... yes
checking for unistd.h... (cached) yes
checking for sys/param.h... yes
checking for sys/stat.h... (cached) yes
checking for sys/time.h... yes
checking for sys/types.h... (cached) yes
checking for int32_t... yes
checking for uint32_t... yes
checking for uint16_t... yes
checking for uint8_t... yes
checking for unsigned long long int... yes
checking for long long int... yes
checking for inline... inline
checking for close... yes
checking for getpid... yes
checking for gettimeofday... yes
checking for localeconv... yes
checking for open... yes
checking for read... yes
checking for sched_yield... yes
checking for strtoll... yes
checking for gcc __sync builtins... yes
checking for gcc __atomic builtins... yes
checking for -Bsymbolic-functions linker flag... yes
checking for gcc options needed to detect all undeclared functions... none needed
checking whether __GLIBC__ is declared... no
checking for -Wno-format-truncation... yes
checking that generated files are newer than configure... done
configure: creating ./config.status
config.status: creating jansson.pc
config.status: creating Makefile
config.status: creating doc/Makefile
config.status: creating src/Makefile
config.status: creating src/jansson_config.h
config.status: creating test/Makefile
config.status: creating test/bin/Makefile
config.status: creating test/ossfuzz/Makefile
config.status: creating test/suites/Makefile
config.status: creating test/suites/api/Makefile
config.status: creating jansson_private_config.h
config.status: executing depfiles commands
config.status: executing libtool commands
+ make V=1
make  all-recursive
make[1]: Entering directory '/home/devel/building/work/src/jansson-2.14'
Making all in doc
make[2]: Entering directory '/home/devel/building/work/src/jansson-2.14/doc'
make[2]: Nothing to be done for 'all'.
make[2]: Leaving directory '/home/devel/building/work/src/jansson-2.14/doc'
Making all in src
make[2]: Entering directory '/home/devel/building/work/src/jansson-2.14/src'
/bin/sh ../libtool  --tag=CC   --mode=compile gcc -DHAVE_CONFIG_H -I. -I..    -Wall -Wextra -Wdeclaration-after-statement -Wshadow -Wno-format-truncation -O2 -m64 -march=x86-64 -mtune=generic -flto=auto -ffat-lto-objects -MT dump.lo -MD -MP -MF .deps/dump.Tpo -c -o dump.lo dump.c
/bin/sh ../libtool  --tag=CC   --mode=compile gcc -DHAVE_CONFIG_H -I. -I..    -Wall -Wextra -Wdeclaration-after-statement -Wshadow -Wno-format-truncation -O2 -m64 -march=x86-64 -mtune=generic -flto=auto -ffat-lto-objects -MT error.lo -MD -MP -MF .deps/error.Tpo -c -o error.lo error.c
/bin/sh ../libtool  --tag=CC   --mode=compile gcc -DHAVE_CONFIG_H -I. -I..    -Wall -Wextra -Wdeclaration-after-statement -Wshadow -Wno-format-truncation -O2 -m64 -march=x86-64 -mtune=generic -flto=auto -ffat-lto-objects -MT hashtable.lo -MD -MP -MF .deps/hashtable.Tpo -c -o hashtable.lo hashtable.c
/bin/sh ../libtool  --tag=CC   --mode=compile gcc -DHAVE_CONFIG_H -I. -I..    -Wall -Wextra -Wdeclaration-after-statement -Wshadow -Wno-format-truncation -O2 -m64 -march=x86-64 -mtune=generic -flto=auto -ffat-lto-objects -MT hashtable_seed.lo -MD -MP -MF .deps/hashtable_seed.Tpo -c -o hashtable_seed.lo hashtable_seed.c
/bin/sh ../libtool  --tag=CC   --mode=compile gcc -DHAVE_CONFIG_H -I. -I..    -Wall -Wextra -Wdeclaration-after-statement -Wshadow -Wno-format-truncation -O2 -m64 -march=x86-64 -mtune=generic -flto=auto -ffat-lto-objects -MT load.lo -MD -MP -MF .deps/load.Tpo -c -o load.lo load.c
/bin/sh ../libtool  --tag=CC   --mode=compile gcc -DHAVE_CONFIG_H -I. -I..    -Wall -Wextra -Wdeclaration-after-statement -Wshadow -Wno-format-truncation -O2 -m64 -march=x86-64 -mtune=generic -flto=auto -ffat-lto-objects -MT memory.lo -MD -MP -MF .deps/memory.Tpo -c -o memory.lo memory.c
/bin/sh ../libtool  --tag=CC   --mode=compile gcc -DHAVE_CONFIG_H -I. -I..    -Wall -Wextra -Wdeclaration-after-statement -Wshadow -Wno-format-truncation -O2 -m64 -march=x86-64 -mtune=generic -flto=auto -ffat-lto-objects -MT pack_unpack.lo -MD -MP -MF .deps/pack_unpack.Tpo -c -o pack_unpack.lo pack_unpack.c
/bin/sh ../libtool  --tag=CC   --mode=compile gcc -DHAVE_CONFIG_H -I. -I..    -Wall -Wextra -Wdeclaration-after-statement -Wshadow -Wno-format-truncation -O2 -m64 -march=x86-64 -mtune=generic -flto=auto -ffat-lto-objects -MT strbuffer.lo -MD -MP -MF .deps/strbuffer.Tpo -c -o strbuffer.lo strbuffer.c
libtool: compile:  gcc -DHAVE_CONFIG_H -I. -I.. -Wall -Wextra -Wdeclaration-after-statement -Wshadow -Wno-format-truncation -O2 -m64 -march=x86-64 -mtune=generic -flto=auto -ffat-lto-objects -MT hashtable.lo -MD -MP -MF .deps/hashtable.Tpo -c hashtable.c  -fPIC -DPIC -o .libs/hashtable.o
libtool: compile:  gcc -DHAVE_CONFIG_H -I. -I.. -Wall -Wextra -Wdeclaration-after-statement -Wshadow -Wno-format-truncation -O2 -m64 -march=x86-64 -mtune=generic -flto=auto -ffat-lto-objects -MT error.lo -MD -MP -MF .deps/error.Tpo -c error.c  -fPIC -DPIC -o .libs/error.o
libtool: compile:  gcc -DHAVE_CONFIG_H -I. -I.. -Wall -Wextra -Wdeclaration-after-statement -Wshadow -Wno-format-truncation -O2 -m64 -march=x86-64 -mtune=generic -flto=auto -ffat-lto-objects -MT hashtable_seed.lo -MD -MP -MF .deps/hashtable_seed.Tpo -c hashtable_seed.c  -fPIC -DPIC -o .libs/hashtable_seed.o
libtool: compile:  gcc -DHAVE_CONFIG_H -I. -I.. -Wall -Wextra -Wdeclaration-after-statement -Wshadow -Wno-format-truncation -O2 -m64 -march=x86-64 -mtune=generic -flto=auto -ffat-lto-objects -MT pack_unpack.lo -MD -MP -MF .deps/pack_unpack.Tpo -c pack_unpack.c  -fPIC -DPIC -o .libs/pack_unpack.o
libtool: compile:  gcc -DHAVE_CONFIG_H -I. -I.. -Wall -Wextra -Wdeclaration-after-statement -Wshadow -Wno-format-truncation -O2 -m64 -march=x86-64 -mtune=generic -flto=auto -ffat-lto-objects -MT dump.lo -MD -MP -MF .deps/dump.Tpo -c dump.c  -fPIC -DPIC -o .libs/dump.o
libtool: compile:  gcc -DHAVE_CONFIG_H -I. -I.. -Wall -Wextra -Wdeclaration-after-statement -Wshadow -Wno-format-truncation -O2 -m64 -march=x86-64 -mtune=generic -flto=auto -ffat-lto-objects -MT load.lo -MD -MP -MF .deps/load.Tpo -c load.c  -fPIC -DPIC -o .libs/load.o
libtool: compile:  gcc -DHAVE_CONFIG_H -I. -I.. -Wall -Wextra -Wdeclaration-after-statement -Wshadow -Wno-format-truncation -O2 -m64 -march=x86-64 -mtune=generic -flto=auto -ffat-lto-objects -MT memory.lo -MD -MP -MF .deps/memory.Tpo -c memory.c  -fPIC -DPIC -o .libs/memory.o
In function 'jsonp_error_set_source',
    inlined from 'jsonp_error_set_source' at error.c:17:6:
error.c:25:9: warning: 'strncpy' specified bound depends on the length of the source argument [-Wstringop-truncation]
   25 |         strncpy(error->source, source, length + 1);
      |         ^~~~~~~~~~~~~~~~~~~~~~~~~~~~~~~~~~~~~~~~~~
error.c:23:14: note: length computed here
   23 |     length = strlen(source);
      |              ^~~~~~~~~~~~~~
libtool: compile:  gcc -DHAVE_CONFIG_H -I. -I.. -Wall -Wextra -Wdeclaration-after-statement -Wshadow -Wno-format-truncation -O2 -m64 -march=x86-64 -mtune=generic -flto=auto -ffat-lto-objects -MT strbuffer.lo -MD -MP -MF .deps/strbuffer.Tpo -c strbuffer.c  -fPIC -DPIC -o .libs/strbuffer.o
mv -f .deps/error.Tpo .deps/error.Plo
mv -f .deps/hashtable_seed.Tpo .deps/hashtable_seed.Plo
mv -f .deps/memory.Tpo .deps/memory.Plo
/bin/sh ../libtool  --tag=CC   --mode=compile gcc -DHAVE_CONFIG_H -I. -I..    -Wall -Wextra -Wdeclaration-after-statement -Wshadow -Wno-format-truncation -O2 -m64 -march=x86-64 -mtune=generic -flto=auto -ffat-lto-objects -MT strconv.lo -MD -MP -MF .deps/strconv.Tpo -c -o strconv.lo strconv.c
/bin/sh ../libtool  --tag=CC   --mode=compile gcc -DHAVE_CONFIG_H -I. -I..    -Wall -Wextra -Wdeclaration-after-statement -Wshadow -Wno-format-truncation -O2 -m64 -march=x86-64 -mtune=generic -flto=auto -ffat-lto-objects -MT utf.lo -MD -MP -MF .deps/utf.Tpo -c -o utf.lo utf.c
/bin/sh ../libtool  --tag=CC   --mode=compile gcc -DHAVE_CONFIG_H -I. -I..    -Wall -Wextra -Wdeclaration-after-statement -Wshadow -Wno-format-truncation -O2 -m64 -march=x86-64 -mtune=generic -flto=auto -ffat-lto-objects -MT value.lo -MD -MP -MF .deps/value.Tpo -c -o value.lo value.c
libtool: compile:  gcc -DHAVE_CONFIG_H -I. -I.. -Wall -Wextra -Wdeclaration-after-statement -Wshadow -Wno-format-truncation -O2 -m64 -march=x86-64 -mtune=generic -flto=auto -ffat-lto-objects -MT value.lo -MD -MP -MF .deps/value.Tpo -c value.c  -fPIC -DPIC -o .libs/value.o
mv -f .deps/strbuffer.Tpo .deps/strbuffer.Plo
/bin/sh ../libtool  --tag=CC   --mode=compile gcc -DHAVE_CONFIG_H -I. -I..    -Wall -Wextra -Wdeclaration-after-statement -Wshadow -Wno-format-truncation -O2 -m64 -march=x86-64 -mtune=generic -flto=auto -ffat-lto-objects -MT version.lo -MD -MP -MF .deps/version.Tpo -c -o version.lo version.c
libtool: compile:  gcc -DHAVE_CONFIG_H -I. -I.. -Wall -Wextra -Wdeclaration-after-statement -Wshadow -Wno-format-truncation -O2 -m64 -march=x86-64 -mtune=generic -flto=auto -ffat-lto-objects -MT strconv.lo -MD -MP -MF .deps/strconv.Tpo -c strconv.c  -fPIC -DPIC -o .libs/strconv.o
libtool: compile:  gcc -DHAVE_CONFIG_H -I. -I.. -Wall -Wextra -Wdeclaration-after-statement -Wshadow -Wno-format-truncation -O2 -m64 -march=x86-64 -mtune=generic -flto=auto -ffat-lto-objects -MT utf.lo -MD -MP -MF .deps/utf.Tpo -c utf.c  -fPIC -DPIC -o .libs/utf.o
libtool: compile:  gcc -DHAVE_CONFIG_H -I. -I.. -Wall -Wextra -Wdeclaration-after-statement -Wshadow -Wno-format-truncation -O2 -m64 -march=x86-64 -mtune=generic -flto=auto -ffat-lto-objects -MT version.lo -MD -MP -MF .deps/version.Tpo -c version.c  -fPIC -DPIC -o .libs/version.o
mv -f .deps/strconv.Tpo .deps/strconv.Plo
mv -f .deps/dump.Tpo .deps/dump.Plo
mv -f .deps/hashtable.Tpo .deps/hashtable.Plo
mv -f .deps/version.Tpo .deps/version.Plo
mv -f .deps/utf.Tpo .deps/utf.Plo
mv -f .deps/pack_unpack.Tpo .deps/pack_unpack.Plo
mv -f .deps/load.Tpo .deps/load.Plo
mv -f .deps/value.Tpo .deps/value.Plo
/bin/sh ../libtool  --tag=CC   --mode=link gcc -Wall -Wextra -Wdeclaration-after-statement -Wshadow -Wno-format-truncation -O2 -m64 -march=x86-64 -mtune=generic -flto=auto -ffat-lto-objects -no-undefined -export-symbols-regex '^json_|^jansson_' -version-info 18:0:14 -Wl,-Bsymbolic-functions  -o libjansson.la -rpath /usr/lib dump.lo error.lo hashtable.lo hashtable_seed.lo load.lo memory.lo pack_unpack.lo strbuffer.lo strconv.lo utf.lo value.lo version.lo  
libtool: link: /usr/bin/nm -B  .libs/dump.o .libs/error.o .libs/hashtable.o .libs/hashtable_seed.o .libs/load.o .libs/memory.o .libs/pack_unpack.o .libs/strbuffer.o .libs/strconv.o .libs/utf.o .libs/value.o .libs/version.o   | sed -n -e 's/^.*[	 ]\([ABCDGIRSTW][ABCDGIRSTW]*\)[	 ][	 ]*\([_A-Za-z][_A-Za-z0-9]*\)$/\1 \2 \2/p' | sed '/ __gnu_lto/d' | /bin/sed 's/.* //' | sort | uniq > .libs/libjansson.exp
libtool: link: /usr/bin/grep -E -e "^json_|^jansson_" ".libs/libjansson.exp" > ".libs/libjansson.expT"
libtool: link: mv -f ".libs/libjansson.expT" ".libs/libjansson.exp"
libtool: link: echo "{ global:" > .libs/libjansson.ver
libtool: link:  cat .libs/libjansson.exp | sed -e "s/\(.*\)/\1;/" >> .libs/libjansson.ver
libtool: link:  echo "local: *; };" >> .libs/libjansson.ver
libtool: link:  gcc -shared  -fPIC -DPIC  .libs/dump.o .libs/error.o .libs/hashtable.o .libs/hashtable_seed.o .libs/load.o .libs/memory.o .libs/pack_unpack.o .libs/strbuffer.o .libs/strconv.o .libs/utf.o .libs/value.o .libs/version.o    -O2 -m64 -march=x86-64 -mtune=generic -flto=auto -Wl,-Bsymbolic-functions   -Wl,-soname -Wl,libjansson.so.4 -Wl,-version-script -Wl,.libs/libjansson.ver -o .libs/libjansson.so.4.14.0
libtool: link: (cd ".libs" && rm -f "libjansson.so.4" && ln -s "libjansson.so.4.14.0" "libjansson.so.4")
libtool: link: (cd ".libs" && rm -f "libjansson.so" && ln -s "libjansson.so.4.14.0" "libjansson.so")
libtool: link: ( cd ".libs" && rm -f "libjansson.la" && ln -s "../libjansson.la" "libjansson.la" )
make[2]: Leaving directory '/home/devel/building/work/src/jansson-2.14/src'
Making all in test
make[2]: Entering directory '/home/devel/building/work/src/jansson-2.14/test'
Making all in bin
make[3]: Entering directory '/home/devel/building/work/src/jansson-2.14/test/bin'
make[3]: Nothing to be done for 'all'.
make[3]: Leaving directory '/home/devel/building/work/src/jansson-2.14/test/bin'
Making all in suites
make[3]: Entering directory '/home/devel/building/work/src/jansson-2.14/test/suites'
Making all in api
make[4]: Entering directory '/home/devel/building/work/src/jansson-2.14/test/suites/api'
make[4]: Nothing to be done for 'all'.
make[4]: Leaving directory '/home/devel/building/work/src/jansson-2.14/test/suites/api'
make[4]: Entering directory '/home/devel/building/work/src/jansson-2.14/test/suites'
make[4]: Nothing to be done for 'all-am'.
make[4]: Leaving directory '/home/devel/building/work/src/jansson-2.14/test/suites'
make[3]: Leaving directory '/home/devel/building/work/src/jansson-2.14/test/suites'
Making all in ossfuzz
make[3]: Entering directory '/home/devel/building/work/src/jansson-2.14/test/ossfuzz'
make[3]: Nothing to be done for 'all'.
make[3]: Leaving directory '/home/devel/building/work/src/jansson-2.14/test/ossfuzz'
make[3]: Entering directory '/home/devel/building/work/src/jansson-2.14/test'
make[3]: Nothing to be done for 'all-am'.
make[3]: Leaving directory '/home/devel/building/work/src/jansson-2.14/test'
make[2]: Leaving directory '/home/devel/building/work/src/jansson-2.14/test'
make[2]: Entering directory '/home/devel/building/work/src/jansson-2.14'
make[2]: Nothing to be done for 'all-am'.
make[2]: Leaving directory '/home/devel/building/work/src/jansson-2.14'
make[1]: Leaving directory '/home/devel/building/work/src/jansson-2.14'
+ make DESTDIR=/home/devel/building/work/pkg install
Making install in doc
make[1]: Entering directory '/home/devel/building/work/src/jansson-2.14/doc'
make[2]: Entering directory '/home/devel/building/work/src/jansson-2.14/doc'
make[2]: Nothing to be done for 'install-exec-am'.
make[2]: Nothing to be done for 'install-data-am'.
make[2]: Leaving directory '/home/devel/building/work/src/jansson-2.14/doc'
make[1]: Leaving directory '/home/devel/building/work/src/jansson-2.14/doc'
Making install in src
make[1]: Entering directory '/home/devel/building/work/src/jansson-2.14/src'
make[2]: Entering directory '/home/devel/building/work/src/jansson-2.14/src'
 /bin/mkdir -p '/home/devel/building/work/pkg/usr/lib'
 /bin/mkdir -p '/home/devel/building/work/pkg/usr/include'
 /bin/sh ../libtool   --mode=install /usr/bin/install -c   libjansson.la '/home/devel/building/work/pkg/usr/lib'
 /bin/mkdir -p '/home/devel/building/work/pkg/usr/include'
 /usr/bin/install -c -m 644 jansson.h '/home/devel/building/work/pkg/usr/include'
 /usr/bin/install -c -m 644 jansson_config.h '/home/devel/building/work/pkg/usr/include'
libtool: install: /usr/bin/install -c .libs/libjansson.so.4.14.0 /home/devel/building/work/pkg/usr/lib/libjansson.so.4.14.0
libtool: install: (cd /home/devel/building/work/pkg/usr/lib && { ln -s -f libjansson.so.4.14.0 libjansson.so.4 || { rm -f libjansson.so.4 && ln -s libjansson.so.4.14.0 libjansson.so.4; }; })
libtool: install: (cd /home/devel/building/work/pkg/usr/lib && { ln -s -f libjansson.so.4.14.0 libjansson.so || { rm -f libjansson.so && ln -s libjansson.so.4.14.0 libjansson.so; }; })
libtool: install: /usr/bin/install -c .libs/libjansson.lai /home/devel/building/work/pkg/usr/lib/libjansson.la
libtool: warning: remember to run 'libtool --finish /usr/lib'
make[2]: Leaving directory '/home/devel/building/work/src/jansson-2.14/src'
make[1]: Leaving directory '/home/devel/building/work/src/jansson-2.14/src'
Making install in test
make[1]: Entering directory '/home/devel/building/work/src/jansson-2.14/test'
Making install in bin
make[2]: Entering directory '/home/devel/building/work/src/jansson-2.14/test/bin'
make[3]: Entering directory '/home/devel/building/work/src/jansson-2.14/test/bin'
make[3]: Nothing to be done for 'install-exec-am'.
make[3]: Nothing to be done for 'install-data-am'.
make[3]: Leaving directory '/home/devel/building/work/src/jansson-2.14/test/bin'
make[2]: Leaving directory '/home/devel/building/work/src/jansson-2.14/test/bin'
Making install in suites
make[2]: Entering directory '/home/devel/building/work/src/jansson-2.14/test/suites'
Making install in api
make[3]: Entering directory '/home/devel/building/work/src/jansson-2.14/test/suites/api'
make[4]: Entering directory '/home/devel/building/work/src/jansson-2.14/test/suites/api'
make[4]: Nothing to be done for 'install-exec-am'.
make[4]: Nothing to be done for 'install-data-am'.
make[4]: Leaving directory '/home/devel/building/work/src/jansson-2.14/test/suites/api'
make[3]: Leaving directory '/home/devel/building/work/src/jansson-2.14/test/suites/api'
make[3]: Entering directory '/home/devel/building/work/src/jansson-2.14/test/suites'
make[4]: Entering directory '/home/devel/building/work/src/jansson-2.14/test/suites'
make[4]: Nothing to be done for 'install-exec-am'.
make[4]: Nothing to be done for 'install-data-am'.
make[4]: Leaving directory '/home/devel/building/work/src/jansson-2.14/test/suites'
make[3]: Leaving directory '/home/devel/building/work/src/jansson-2.14/test/suites'
make[2]: Leaving directory '/home/devel/building/work/src/jansson-2.14/test/suites'
Making install in ossfuzz
make[2]: Entering directory '/home/devel/building/work/src/jansson-2.14/test/ossfuzz'
make[3]: Entering directory '/home/devel/building/work/src/jansson-2.14/test/ossfuzz'
make[3]: Nothing to be done for 'install-exec-am'.
make[3]: Nothing to be done for 'install-data-am'.
make[3]: Leaving directory '/home/devel/building/work/src/jansson-2.14/test/ossfuzz'
make[2]: Leaving directory '/home/devel/building/work/src/jansson-2.14/test/ossfuzz'
make[2]: Entering directory '/home/devel/building/work/src/jansson-2.14/test'
make[3]: Entering directory '/home/devel/building/work/src/jansson-2.14/test'
make[3]: Nothing to be done for 'install-exec-am'.
make[3]: Nothing to be done for 'install-data-am'.
make[3]: Leaving directory '/home/devel/building/work/src/jansson-2.14/test'
make[2]: Leaving directory '/home/devel/building/work/src/jansson-2.14/test'
make[1]: Leaving directory '/home/devel/building/work/src/jansson-2.14/test'
make[1]: Entering directory '/home/devel/building/work/src/jansson-2.14'
make[2]: Entering directory '/home/devel/building/work/src/jansson-2.14'
make[2]: Nothing to be done for 'install-exec-am'.
 /bin/mkdir -p '/home/devel/building/work/pkg/usr/lib/pkgconfig'
 /usr/bin/install -c -m 644 jansson.pc '/home/devel/building/work/pkg/usr/lib/pkgconfig'
make[2]: Leaving directory '/home/devel/building/work/src/jansson-2.14'
make[1]: Leaving directory '/home/devel/building/work/src/jansson-2.14'
+ find /home/devel/building/work/pkg -type f -name '*.la' -delete
=======> Build result:
drwxr-xr-x  0 root   root        0 May 15 18:44 usr/
drwxr-xr-x  0 root   root        0 May 15 18:44 usr/lib/
drwxr-xr-x  0 root   root        0 May 15 18:44 usr/include/
-rw-r--r--  0 root   root    16330 May 15 18:44 usr/include/jansson.h
-rw-r--r--  0 root   root     1627 May 15 18:44 usr/include/jansson_config.h
-rwxr-xr-x  0 root   root    59568 May 15 18:44 usr/lib/libjansson.so.4.14.0
lrwxrwxrwx  0 root   root        0 May 15 18:44 usr/lib/libjansson.so.4 -> libjansson.so.4.14.0
lrwxrwxrwx  0 root   root        0 May 15 18:44 usr/lib/libjansson.so -> libjansson.so.4.14.0
drwxr-xr-x  0 root   root        0 May 15 18:44 usr/lib/pkgconfig/
-rw-r--r--  0 root   root      241 May 15 18:44 usr/lib/pkgconfig/jansson.pc
=======> Building '/home/devel/packages/jansson#2.14-2.x86_64.pkg.tar.zst' succeeded.
prt-get: Using PKGMK_PACKAGE_DIR: /home/devel/packages
prt-get: reinstalling jansson 2.14-2
prt-get: /usr/bin/pkgadd -u jansson#2.14-2.x86_64.pkg.tar.zst
prt-get: build done Wed May 15 18:44:38 2024

