prt-get: updating /usr/ports/core-x86_64/jsoncpp
prt-get: starting build Wed May 15 18:44:38 2024
=======> Building '/home/devel/packages/jsoncpp#1.9.5-1.x86_64.pkg.tar.zst'.
bsdtar -p -o -C /home/devel/building/work/src -xf /home/devel/sources/jsoncpp-1.9.5.tar.gz
+ build
+ cd jsoncpp-1.9.5
+ sed -i 's|1.9.4|1.9.5|' meson.build
+ build-meson . build
The Meson build system
Version: 1.4.0
Source dir: /home/devel/building/work/src/jsoncpp-1.9.5
Build dir: /home/devel/building/work/src/jsoncpp-1.9.5/build
Build type: native build
Project name: jsoncpp
Project version: 1.9.5
C++ compiler for the host machine: c++ (gcc 14.1.0 "c++ (SAUX-x86_64) 14.1.0")
C++ linker for the host machine: c++ ld.bfd 2.42
Host machine cpu family: x86_64
Host machine cpu: x86_64
Found pkg-config: YES (/usr/bin/pkg-config) 2.2.0
Program python3 found: YES (/usr/bin/python3)
Build targets in project: 3

jsoncpp 1.9.5

  User defined options
    auto_features     : auto
    bindir            : /usr/bin
    buildtype         : plain
    datadir           : /usr/share
    includedir        : /usr/include
    libdir            : /usr/lib
    libexecdir        : /usr/lib
    localstatedir     : /var
    mandir            : /usr/share/man
    prefix            : /usr
    sbindir           : /usr/sbin
    sharedstatedir    : /var/lib
    sysconfdir        : /etc
    werror            : false
    wrap_mode         : nodownload
    python.bytecompile: 0
    b_lto             : false
    b_pie             : true
    b_staticpic       : true

Found ninja-1.9 at /usr/bin/ninja
+ meson compile -j 8 -v -C build
ninja: entering directory '/home/devel/building/work/src/jsoncpp-1.9.5/build'
[1/11] c++ -Ijsontestrunner.p -I. -I.. -I../include -fdiagnostics-color=always -D_GLIBCXX_ASSERTIONS=1 -D_FILE_OFFSET_BITS=64 -Wall -Winvalid-pch -std=c++11 -O2 -m64 -march=x86-64 -mtune=generic -flto=auto -ffat-lto-objects -fPIE -MD -MQ jsontestrunner.p/src_jsontestrunner_main.cpp.o -MF jsontestrunner.p/src_jsontestrunner_main.cpp.o.d -o jsontestrunner.p/src_jsontestrunner_main.cpp.o -c ../src/jsontestrunner/main.cpp
[2/11] c++ -Ilibjsoncpp.so.25.p -I. -I.. -I../include -fdiagnostics-color=always -D_GLIBCXX_ASSERTIONS=1 -D_FILE_OFFSET_BITS=64 -Wall -Winvalid-pch -std=c++11 -O2 -m64 -march=x86-64 -mtune=generic -flto=auto -ffat-lto-objects -fPIC -MD -MQ libjsoncpp.so.25.p/src_lib_json_json_writer.cpp.o -MF libjsoncpp.so.25.p/src_lib_json_json_writer.cpp.o.d -o libjsoncpp.so.25.p/src_lib_json_json_writer.cpp.o -c ../src/lib_json/json_writer.cpp
[3/11] c++ -Ilibjsoncpp.so.25.p -I. -I.. -I../include -fdiagnostics-color=always -D_GLIBCXX_ASSERTIONS=1 -D_FILE_OFFSET_BITS=64 -Wall -Winvalid-pch -std=c++11 -O2 -m64 -march=x86-64 -mtune=generic -flto=auto -ffat-lto-objects -fPIC -MD -MQ libjsoncpp.so.25.p/src_lib_json_json_value.cpp.o -MF libjsoncpp.so.25.p/src_lib_json_json_value.cpp.o.d -o libjsoncpp.so.25.p/src_lib_json_json_value.cpp.o -c ../src/lib_json/json_value.cpp
[4/11] c++ -Ilibjsoncpp.so.25.p -I. -I.. -I../include -fdiagnostics-color=always -D_GLIBCXX_ASSERTIONS=1 -D_FILE_OFFSET_BITS=64 -Wall -Winvalid-pch -std=c++11 -O2 -m64 -march=x86-64 -mtune=generic -flto=auto -ffat-lto-objects -fPIC -MD -MQ libjsoncpp.so.25.p/src_lib_json_json_reader.cpp.o -MF libjsoncpp.so.25.p/src_lib_json_json_reader.cpp.o.d -o libjsoncpp.so.25.p/src_lib_json_json_reader.cpp.o -c ../src/lib_json/json_reader.cpp
[5/11] c++ -Ijsoncpp_test.p -I. -I.. -I../include -fdiagnostics-color=always -D_GLIBCXX_ASSERTIONS=1 -D_FILE_OFFSET_BITS=64 -Wall -Winvalid-pch -std=c++11 -O2 -m64 -march=x86-64 -mtune=generic -flto=auto -ffat-lto-objects -fPIE -MD -MQ jsoncpp_test.p/src_test_lib_json_fuzz.cpp.o -MF jsoncpp_test.p/src_test_lib_json_fuzz.cpp.o.d -o jsoncpp_test.p/src_test_lib_json_fuzz.cpp.o -c ../src/test_lib_json/fuzz.cpp
[6/11] c++ -Ijsoncpp_test.p -I. -I.. -I../include -fdiagnostics-color=always -D_GLIBCXX_ASSERTIONS=1 -D_FILE_OFFSET_BITS=64 -Wall -Winvalid-pch -std=c++11 -O2 -m64 -march=x86-64 -mtune=generic -flto=auto -ffat-lto-objects -fPIE -MD -MQ jsoncpp_test.p/src_test_lib_json_main.cpp.o -MF jsoncpp_test.p/src_test_lib_json_main.cpp.o.d -o jsoncpp_test.p/src_test_lib_json_main.cpp.o -c ../src/test_lib_json/main.cpp
[7/11] c++ -Ijsoncpp_test.p -I. -I.. -I../include -fdiagnostics-color=always -D_GLIBCXX_ASSERTIONS=1 -D_FILE_OFFSET_BITS=64 -Wall -Winvalid-pch -std=c++11 -O2 -m64 -march=x86-64 -mtune=generic -flto=auto -ffat-lto-objects -fPIE -MD -MQ jsoncpp_test.p/src_test_lib_json_jsontest.cpp.o -MF jsoncpp_test.p/src_test_lib_json_jsontest.cpp.o.d -o jsoncpp_test.p/src_test_lib_json_jsontest.cpp.o -c ../src/test_lib_json/jsontest.cpp
[8/11] c++  -o libjsoncpp.so.25 libjsoncpp.so.25.p/src_lib_json_json_reader.cpp.o libjsoncpp.so.25.p/src_lib_json_json_value.cpp.o libjsoncpp.so.25.p/src_lib_json_json_writer.cpp.o -Wl,--as-needed -Wl,--no-undefined -shared -fPIC -Wl,-soname,libjsoncpp.so.25 -O2 -m64 -march=x86-64 -mtune=generic -flto=auto -ffat-lto-objects
[9/11] /usr/bin/meson --internal symbolextractor /home/devel/building/work/src/jsoncpp-1.9.5/build libjsoncpp.so.25 libjsoncpp.so.25 libjsoncpp.so.25.p/libjsoncpp.so.25.symbols 
[10/11] c++  -o jsontestrunner jsontestrunner.p/src_jsontestrunner_main.cpp.o -Wl,--as-needed -Wl,--no-undefined -pie -O2 -m64 -march=x86-64 -mtune=generic -flto=auto -ffat-lto-objects '-Wl,-rpath,$ORIGIN/' -Wl,-rpath-link,/home/devel/building/work/src/jsoncpp-1.9.5/build/ libjsoncpp.so.25
[11/11] c++  -o jsoncpp_test jsoncpp_test.p/src_test_lib_json_jsontest.cpp.o jsoncpp_test.p/src_test_lib_json_main.cpp.o jsoncpp_test.p/src_test_lib_json_fuzz.cpp.o -Wl,--as-needed -Wl,--no-undefined -pie -O2 -m64 -march=x86-64 -mtune=generic -flto=auto -ffat-lto-objects '-Wl,-rpath,$ORIGIN/' -Wl,-rpath-link,/home/devel/building/work/src/jsoncpp-1.9.5/build/ libjsoncpp.so.25
INFO: autodetecting backend as ninja
INFO: calculating backend command to run: /usr/bin/ninja -C /home/devel/building/work/src/jsoncpp-1.9.5/build -j 8 -v
+ DESTDIR=/home/devel/building/work/pkg
+ meson install --no-rebuild -C build
Installing libjsoncpp.so.25 to /home/devel/building/work/pkg/usr/lib
Installing /home/devel/building/work/src/jsoncpp-1.9.5/include/json/allocator.h to /home/devel/building/work/pkg/usr/include/json
Installing /home/devel/building/work/src/jsoncpp-1.9.5/include/json/assertions.h to /home/devel/building/work/pkg/usr/include/json
Installing /home/devel/building/work/src/jsoncpp-1.9.5/include/json/config.h to /home/devel/building/work/pkg/usr/include/json
Installing /home/devel/building/work/src/jsoncpp-1.9.5/include/json/json_features.h to /home/devel/building/work/pkg/usr/include/json
Installing /home/devel/building/work/src/jsoncpp-1.9.5/include/json/forwards.h to /home/devel/building/work/pkg/usr/include/json
Installing /home/devel/building/work/src/jsoncpp-1.9.5/include/json/json.h to /home/devel/building/work/pkg/usr/include/json
Installing /home/devel/building/work/src/jsoncpp-1.9.5/include/json/reader.h to /home/devel/building/work/pkg/usr/include/json
Installing /home/devel/building/work/src/jsoncpp-1.9.5/include/json/value.h to /home/devel/building/work/pkg/usr/include/json
Installing /home/devel/building/work/src/jsoncpp-1.9.5/include/json/version.h to /home/devel/building/work/pkg/usr/include/json
Installing /home/devel/building/work/src/jsoncpp-1.9.5/include/json/writer.h to /home/devel/building/work/pkg/usr/include/json
Installing /home/devel/building/work/src/jsoncpp-1.9.5/build/meson-private/jsoncpp.pc to /home/devel/building/work/pkg/usr/lib/pkgconfig
Installing symlink pointing to libjsoncpp.so.25 to /home/devel/building/work/pkg/usr/lib/libjsoncpp.so
=======> Build result:
drwxr-xr-x  0 root   root        0 May 15 18:44 usr/
drwxr-xr-x  0 root   root        0 May 15 18:44 usr/lib/
drwxr-xr-x  0 root   root        0 May 15 18:44 usr/include/
drwxr-xr-x  0 root   root        0 May 15 18:44 usr/include/json/
-rw-r--r--  0 root   root     2447 Nov  3  2021 usr/include/json/allocator.h
-rw-r--r--  0 root   root     2817 Nov  3  2021 usr/include/json/assertions.h
-rw-r--r--  0 root   root     5272 Nov  3  2021 usr/include/json/config.h
-rw-r--r--  0 root   root     1793 Nov  3  2021 usr/include/json/json_features.h
-rw-r--r--  0 root   root      917 Nov  3  2021 usr/include/json/forwards.h
-rw-r--r--  0 root   root      447 Nov  3  2021 usr/include/json/json.h
-rw-r--r--  0 root   root    14147 Nov  3  2021 usr/include/json/reader.h
-rw-r--r--  0 root   root    30295 Nov  3  2021 usr/include/json/value.h
-rw-r--r--  0 root   root      966 Nov  3  2021 usr/include/json/version.h
-rw-r--r--  0 root   root    12095 Nov  3  2021 usr/include/json/writer.h
-rwxr-xr-x  0 root   root   229792 May 15 18:44 usr/lib/libjsoncpp.so.25
drwxr-xr-x  0 root   root        0 May 15 18:44 usr/lib/pkgconfig/
lrwxrwxrwx  0 root   root        0 May 15 18:44 usr/lib/libjsoncpp.so -> libjsoncpp.so.25
-rw-r--r--  0 root   root      197 May 15 18:44 usr/lib/pkgconfig/jsoncpp.pc
=======> Building '/home/devel/packages/jsoncpp#1.9.5-1.x86_64.pkg.tar.zst' succeeded.
prt-get: Using PKGMK_PACKAGE_DIR: /home/devel/packages
prt-get: reinstalling jsoncpp 1.9.5-1
prt-get: /usr/bin/pkgadd -u jsoncpp#1.9.5-1.x86_64.pkg.tar.zst
prt-get: build done Wed May 15 18:44:47 2024

