prt-get: updating /usr/ports/core-x86_64/kmod
prt-get: starting build Wed May 15 18:44:57 2024
=======> Building '/home/devel/packages/kmod#32-1.x86_64.pkg.tar.zst'.
bsdtar -p -o -C /home/devel/building/work/src -xf /home/devel/sources/kmod-32.tar.xz
cp portable-basename.patch /home/devel/building/work/src
cp strndupa.patch /home/devel/building/work/src
+ build
+ cd kmod-32
+ patch -p1 -i /home/devel/building/work/src/portable-basename.patch
patching file libkmod/libkmod-config.c
patching file shared/util.c
patching file shared/util.h
patching file testsuite/testsuite.c
patching file tools/depmod.c
Hunk #1 succeeded at 762 (offset 1 line).
patching file tools/kmod.c
Hunk #1 succeeded at 63 (offset -5 lines).
Hunk #2 succeeded at 151 (offset -5 lines).
+ patch -p1 -i /home/devel/building/work/src/strndupa.patch
patching file shared/util.c
Hunk #1 succeeded at 403 (offset 69 lines).
+ ./configure --build=x86_64-unknown-linux-musl --host=x86_64-unknown-linux-musl --prefix=/usr --bindir=/sbin --sysconfdir=/etc --disable-manpages --with-rootlibdir=/lib --with-zlib --with-xz --with-zstd --with-openssl
checking for x86_64-unknown-linux-musl-gcc... x86_64-unknown-linux-musl-gcc
checking whether the C compiler works... yes
checking for C compiler default output file name... a.out
checking for suffix of executables... 
checking whether we are cross compiling... no
checking for suffix of object files... o
checking whether the compiler supports GNU C... yes
checking whether x86_64-unknown-linux-musl-gcc accepts -g... yes
checking for x86_64-unknown-linux-musl-gcc option to enable C11 features... none needed
checking whether x86_64-unknown-linux-musl-gcc understands -c and -o together... yes
checking for stdio.h... yes
checking for stdlib.h... yes
checking for string.h... yes
checking for inttypes.h... yes
checking for stdint.h... yes
checking for strings.h... yes
checking for sys/stat.h... yes
checking for sys/types.h... yes
checking for unistd.h... yes
checking for wchar.h... yes
checking for minix/config.h... no
checking for linux/module.h... yes
checking whether it is safe to define __EXTENSIONS__... yes
checking whether _XOPEN_SOURCE should be defined... no
checking for x86_64-unknown-linux-musl-gcc option to enable large file support... none needed
checking whether to enable maintainer-specific portions of Makefiles... yes
checking for a BSD-compatible install... /usr/bin/install -c
checking whether build environment is sane... yes
checking for a race-free mkdir -p... /bin/mkdir -p
checking for gawk... gawk
checking whether make sets $(MAKE)... yes
checking whether make supports the include directive... yes (GNU style)
checking whether make supports nested variables... yes
checking how to create a pax tar archive... gnutar
checking dependency style of x86_64-unknown-linux-musl-gcc... gcc3
checking whether make supports nested variables... (cached) yes
checking build system type... x86_64-unknown-linux-musl
checking host system type... x86_64-unknown-linux-musl
checking how to print strings... printf
checking for a sed that does not truncate output... /bin/sed
checking for grep that handles long lines and -e... /usr/bin/grep
checking for egrep... /usr/bin/grep -E
checking for fgrep... /usr/bin/grep -F
checking for ld used by x86_64-unknown-linux-musl-gcc... /usr/bin/ld
checking if the linker (/usr/bin/ld) is GNU ld... yes
checking for BSD- or MS-compatible name lister (nm)... /usr/bin/x86_64-unknown-linux-musl-nm -B
checking the name lister (/usr/bin/x86_64-unknown-linux-musl-nm -B) interface... BSD nm
checking whether ln -s works... yes
checking the maximum length of command line arguments... 98304
checking how to convert x86_64-unknown-linux-musl file names to x86_64-unknown-linux-musl format... func_convert_file_noop
checking how to convert x86_64-unknown-linux-musl file names to toolchain format... func_convert_file_noop
checking for /usr/bin/ld option to reload object files... -r
checking for x86_64-unknown-linux-musl-file... no
checking for file... file
checking for x86_64-unknown-linux-musl-objdump... x86_64-unknown-linux-musl-objdump
checking how to recognize dependent libraries... pass_all
checking for x86_64-unknown-linux-musl-dlltool... no
checking for dlltool... no
checking how to associate runtime and link libraries... printf %s\n
checking for x86_64-unknown-linux-musl-ar... x86_64-unknown-linux-musl-ar
checking for archiver @FILE support... @
checking for x86_64-unknown-linux-musl-strip... x86_64-unknown-linux-musl-strip
checking for x86_64-unknown-linux-musl-ranlib... x86_64-unknown-linux-musl-ranlib
checking command to parse /usr/bin/x86_64-unknown-linux-musl-nm -B output from x86_64-unknown-linux-musl-gcc object... ok
checking for sysroot... no
checking for a working dd... /bin/dd
checking how to truncate binary pipes... /bin/dd bs=4096 count=1
checking for x86_64-unknown-linux-musl-mt... no
checking for mt... no
checking if : is a manifest tool... no
checking for dlfcn.h... yes
checking for objdir... .libs
checking if x86_64-unknown-linux-musl-gcc supports -fno-rtti -fno-exceptions... no
checking for x86_64-unknown-linux-musl-gcc option to produce PIC... -fPIC -DPIC
checking if x86_64-unknown-linux-musl-gcc PIC flag -fPIC -DPIC works... yes
checking if x86_64-unknown-linux-musl-gcc static flag -static works... yes
checking if x86_64-unknown-linux-musl-gcc supports -c -o file.o... yes
checking if x86_64-unknown-linux-musl-gcc supports -c -o file.o... (cached) yes
checking whether the x86_64-unknown-linux-musl-gcc linker (/usr/bin/ld -m elf_x86_64) supports shared libraries... yes
checking whether -lc should be explicitly linked in... no
checking dynamic linker characteristics... GNU/Linux ld.so
checking how to hardcode library paths into programs... immediate
checking whether stripping libraries is possible... yes
checking if libtool supports shared libraries... yes
checking whether to build shared libraries... yes
checking whether to build static libraries... no
checking for a sed that does not truncate output... (cached) /bin/sed
checking whether ln -s works... yes
checking for x86_64-unknown-linux-musl-pkg-config... no
checking for pkg-config... /usr/bin/pkg-config
checking pkg-config is at least version 0.9.0... yes
checking for xsltproc... no
checking for __xstat... yes
checking for __secure_getenv... no
checking for secure_getenv... yes
checking for finit_module... no
checking if compiler has __builtin_clz builtin function... yes
checking if compiler has __builtin_types_compatible_p builtin function... yes
checking if compiler has __builtin_uaddl_overflow builtin function... yes
checking if compiler has __builtin_uaddll_overflow builtin function... yes
checking for struct stat.st_mtim... yes
checking for x86_64-unknown-linux-musl-gcc options needed to detect all undeclared functions... none needed
checking whether strndupa is declared... no
checking whether be32toh is declared... yes
checking whether _Static_assert() is supported... yes
checking whether _Noreturn is supported... yes
checking for libzstd >= 1.4.4... yes
checking for liblzma >= 4.99... yes
checking for zlib... yes
checking for libcrypto >= 1.1.0... yes
checking for gtk-doc... no
configure: WARNING:
  You will not be able to create source packages with 'make dist'
  because gtk-doc >= 1.14 is not found.
checking for gtkdoc-check... no
checking for gtkdoc-check... no
checking for gtkdoc-rebase... no
checking for gtkdoc-mkpdf... no
checking whether to build gtk-doc documentation... no
checking for glib-2.0 >= 2.10.0 gobject-2.0  >= 2.10.0... yes
checking if x86_64-unknown-linux-musl-gcc supports flag -pipe in envvar CFLAGS... yes
checking if x86_64-unknown-linux-musl-gcc supports flag -DANOTHER_BRICK_IN_THE in envvar CFLAGS... yes
checking if x86_64-unknown-linux-musl-gcc supports flag -Wall in envvar CFLAGS... yes
checking if x86_64-unknown-linux-musl-gcc supports flag -W in envvar CFLAGS... yes
checking if x86_64-unknown-linux-musl-gcc supports flag -Wextra in envvar CFLAGS... yes
checking if x86_64-unknown-linux-musl-gcc supports flag -Wno-inline in envvar CFLAGS... yes
checking if x86_64-unknown-linux-musl-gcc supports flag -Wvla in envvar CFLAGS... yes
checking if x86_64-unknown-linux-musl-gcc supports flag -Wundef in envvar CFLAGS... yes
checking if x86_64-unknown-linux-musl-gcc supports flag -Wformat=2 in envvar CFLAGS... yes
checking if x86_64-unknown-linux-musl-gcc supports flag -Wlogical-op in envvar CFLAGS... yes
checking if x86_64-unknown-linux-musl-gcc supports flag -Wsign-compare in envvar CFLAGS... yes
checking if x86_64-unknown-linux-musl-gcc supports flag -Wformat-security in envvar CFLAGS... no
checking if x86_64-unknown-linux-musl-gcc supports flag -Wmissing-include-dirs in envvar CFLAGS... yes
checking if x86_64-unknown-linux-musl-gcc supports flag -Wformat-nonliteral in envvar CFLAGS... no
checking if x86_64-unknown-linux-musl-gcc supports flag -Wold-style-definition in envvar CFLAGS... yes
checking if x86_64-unknown-linux-musl-gcc supports flag -Wpointer-arith in envvar CFLAGS... yes
checking if x86_64-unknown-linux-musl-gcc supports flag -Winit-self in envvar CFLAGS... yes
checking if x86_64-unknown-linux-musl-gcc supports flag -Wdeclaration-after-statement in envvar CFLAGS... yes
checking if x86_64-unknown-linux-musl-gcc supports flag -Wfloat-equal in envvar CFLAGS... yes
checking if x86_64-unknown-linux-musl-gcc supports flag -Wmissing-prototypes in envvar CFLAGS... yes
checking if x86_64-unknown-linux-musl-gcc supports flag -Wstrict-prototypes in envvar CFLAGS... yes
checking if x86_64-unknown-linux-musl-gcc supports flag -Wredundant-decls in envvar CFLAGS... yes
checking if x86_64-unknown-linux-musl-gcc supports flag -Wmissing-declarations in envvar CFLAGS... yes
checking if x86_64-unknown-linux-musl-gcc supports flag -Wmissing-noreturn in envvar CFLAGS... yes
checking if x86_64-unknown-linux-musl-gcc supports flag -Wshadow in envvar CFLAGS... yes
checking if x86_64-unknown-linux-musl-gcc supports flag -Wendif-labels in envvar CFLAGS... yes
checking if x86_64-unknown-linux-musl-gcc supports flag -Wstrict-aliasing=3 in envvar CFLAGS... yes
checking if x86_64-unknown-linux-musl-gcc supports flag -Wwrite-strings in envvar CFLAGS... yes
checking if x86_64-unknown-linux-musl-gcc supports flag -Wno-long-long in envvar CFLAGS... yes
checking if x86_64-unknown-linux-musl-gcc supports flag -Wno-overlength-strings in envvar CFLAGS... yes
checking if x86_64-unknown-linux-musl-gcc supports flag -Wno-unused-parameter in envvar CFLAGS... yes
checking if x86_64-unknown-linux-musl-gcc supports flag -Wno-missing-field-initializers in envvar CFLAGS... yes
checking if x86_64-unknown-linux-musl-gcc supports flag -Wno-unused-result in envvar CFLAGS... yes
checking if x86_64-unknown-linux-musl-gcc supports flag -Wnested-externs in envvar CFLAGS... yes
checking if x86_64-unknown-linux-musl-gcc supports flag -Wchar-subscripts in envvar CFLAGS... yes
checking if x86_64-unknown-linux-musl-gcc supports flag -Wtype-limits in envvar CFLAGS... yes
checking if x86_64-unknown-linux-musl-gcc supports flag -Wuninitialized in envvar CFLAGS... yes
checking if x86_64-unknown-linux-musl-gcc supports flag -fno-common in envvar CFLAGS... yes
checking if x86_64-unknown-linux-musl-gcc supports flag -fdiagnostics-show-option in envvar CFLAGS... yes
checking if x86_64-unknown-linux-musl-gcc supports flag -fvisibility=hidden in envvar CFLAGS... yes
checking if x86_64-unknown-linux-musl-gcc supports flag -ffunction-sections in envvar CFLAGS... yes
checking if x86_64-unknown-linux-musl-gcc supports flag -fdata-sections in envvar CFLAGS... yes
checking if x86_64-unknown-linux-musl-gcc supports flag -Wl,--as-needed in envvar LDFLAGS... yes
checking if x86_64-unknown-linux-musl-gcc supports flag -Wl,--no-undefined in envvar LDFLAGS... yes
checking if x86_64-unknown-linux-musl-gcc supports flag -Wl,--gc-sections in envvar LDFLAGS... yes
checking that generated files are newer than configure... done
configure: creating ./config.status
config.status: creating Makefile
config.status: creating man/Makefile
config.status: creating libkmod/docs/Makefile
config.status: creating libkmod/docs/version.xml
config.status: creating libkmod/libkmod.pc
config.status: creating tools/kmod.pc
config.status: creating config.h
config.status: executing depfiles commands
config.status: executing libtool commands

	kmod 32
	=======

	module_directory:	/lib/modules
	prefix:			/usr
	sysconfdir:		/etc
	distconfdir:		${prefix}/lib
	libdir:			${exec_prefix}/lib
	rootlibdir:		/lib
	includedir:		${prefix}/include
	bindir:			/sbin
	Bash completions dir:   ${datarootdir}/bash-completion/completions

	compiler:		x86_64-unknown-linux-musl-gcc
	cflags:			 -pipe -DANOTHER_BRICK_IN_THE -Wall -W -Wextra -Wno-inline -Wvla -Wundef -Wformat=2 -Wlogical-op -Wsign-compare -Wmissing-include-dirs -Wold-style-definition -Wpointer-arith -Winit-self -Wdeclaration-after-statement -Wfloat-equal -Wmissing-prototypes -Wstrict-prototypes -Wredundant-decls -Wmissing-declarations -Wmissing-noreturn -Wshadow -Wendif-labels -Wstrict-aliasing=3 -Wwrite-strings -Wno-long-long -Wno-overlength-strings -Wno-unused-parameter -Wno-missing-field-initializers -Wno-unused-result -Wnested-externs -Wchar-subscripts -Wtype-limits -Wuninitialized -fno-common -fdiagnostics-show-option -fvisibility=hidden -ffunction-sections -fdata-sections -O2 -m64 -march=x86-64 -mtune=generic -flto=auto -ffat-lto-objects
	ldflags:		 -Wl,--as-needed -Wl,--no-undefined -Wl,--gc-sections 

	tools:			yes
	logging:		yes
	compression:		zstd=yes  xz=yes  zlib=yes
	debug:			no
	coverage:		no
	doc:			no
	man:			no
	test-modules:           yes

	features:               +ZSTD +XZ +ZLIB +LIBCRYPTO

+ make V=1
make --no-print-directory all-recursive
Making all in .
depbase=`echo tools/kmod.o | sed 's|[^/]*$|.deps/&|;s|\.o$||'`;\
x86_64-unknown-linux-musl-gcc -DHAVE_CONFIG_H -I.  -include ./config.h -I. -DSYSCONFDIR=\""/etc"\" -DDISTCONFDIR=\""/usr/lib"\" -DMODULE_DIRECTORY=\""/lib/modules"\"   -pipe -DANOTHER_BRICK_IN_THE -Wall -W -Wextra -Wno-inline -Wvla -Wundef -Wformat=2 -Wlogical-op -Wsign-compare -Wmissing-include-dirs -Wold-style-definition -Wpointer-arith -Winit-self -Wdeclaration-after-statement -Wfloat-equal -Wmissing-prototypes -Wstrict-prototypes -Wredundant-decls -Wmissing-declarations -Wmissing-noreturn -Wshadow -Wendif-labels -Wstrict-aliasing=3 -Wwrite-strings -Wno-long-long -Wno-overlength-strings -Wno-unused-parameter -Wno-missing-field-initializers -Wno-unused-result -Wnested-externs -Wchar-subscripts -Wtype-limits -Wuninitialized -fno-common -fdiagnostics-show-option -fvisibility=hidden -ffunction-sections -fdata-sections  -O2 -m64 -march=x86-64 -mtune=generic -flto=auto -ffat-lto-objects -MT tools/kmod.o -MD -MP -MF $depbase.Tpo -c -o tools/kmod.o tools/kmod.c &&\
mv -f $depbase.Tpo $depbase.Po
depbase=`echo tools/lsmod.o | sed 's|[^/]*$|.deps/&|;s|\.o$||'`;\
x86_64-unknown-linux-musl-gcc -DHAVE_CONFIG_H -I.  -include ./config.h -I. -DSYSCONFDIR=\""/etc"\" -DDISTCONFDIR=\""/usr/lib"\" -DMODULE_DIRECTORY=\""/lib/modules"\"   -pipe -DANOTHER_BRICK_IN_THE -Wall -W -Wextra -Wno-inline -Wvla -Wundef -Wformat=2 -Wlogical-op -Wsign-compare -Wmissing-include-dirs -Wold-style-definition -Wpointer-arith -Winit-self -Wdeclaration-after-statement -Wfloat-equal -Wmissing-prototypes -Wstrict-prototypes -Wredundant-decls -Wmissing-declarations -Wmissing-noreturn -Wshadow -Wendif-labels -Wstrict-aliasing=3 -Wwrite-strings -Wno-long-long -Wno-overlength-strings -Wno-unused-parameter -Wno-missing-field-initializers -Wno-unused-result -Wnested-externs -Wchar-subscripts -Wtype-limits -Wuninitialized -fno-common -fdiagnostics-show-option -fvisibility=hidden -ffunction-sections -fdata-sections  -O2 -m64 -march=x86-64 -mtune=generic -flto=auto -ffat-lto-objects -MT tools/lsmod.o -MD -MP -MF $depbase.Tpo -c -o tools/lsmod.o tools/lsmod.c &&\
mv -f $depbase.Tpo $depbase.Po
depbase=`echo tools/rmmod.o | sed 's|[^/]*$|.deps/&|;s|\.o$||'`;\
x86_64-unknown-linux-musl-gcc -DHAVE_CONFIG_H -I.  -include ./config.h -I. -DSYSCONFDIR=\""/etc"\" -DDISTCONFDIR=\""/usr/lib"\" -DMODULE_DIRECTORY=\""/lib/modules"\"   -pipe -DANOTHER_BRICK_IN_THE -Wall -W -Wextra -Wno-inline -Wvla -Wundef -Wformat=2 -Wlogical-op -Wsign-compare -Wmissing-include-dirs -Wold-style-definition -Wpointer-arith -Winit-self -Wdeclaration-after-statement -Wfloat-equal -Wmissing-prototypes -Wstrict-prototypes -Wredundant-decls -Wmissing-declarations -Wmissing-noreturn -Wshadow -Wendif-labels -Wstrict-aliasing=3 -Wwrite-strings -Wno-long-long -Wno-overlength-strings -Wno-unused-parameter -Wno-missing-field-initializers -Wno-unused-result -Wnested-externs -Wchar-subscripts -Wtype-limits -Wuninitialized -fno-common -fdiagnostics-show-option -fvisibility=hidden -ffunction-sections -fdata-sections  -O2 -m64 -march=x86-64 -mtune=generic -flto=auto -ffat-lto-objects -MT tools/rmmod.o -MD -MP -MF $depbase.Tpo -c -o tools/rmmod.o tools/rmmod.c &&\
mv -f $depbase.Tpo $depbase.Po
depbase=`echo tools/insmod.o | sed 's|[^/]*$|.deps/&|;s|\.o$||'`;\
x86_64-unknown-linux-musl-gcc -DHAVE_CONFIG_H -I.  -include ./config.h -I. -DSYSCONFDIR=\""/etc"\" -DDISTCONFDIR=\""/usr/lib"\" -DMODULE_DIRECTORY=\""/lib/modules"\"   -pipe -DANOTHER_BRICK_IN_THE -Wall -W -Wextra -Wno-inline -Wvla -Wundef -Wformat=2 -Wlogical-op -Wsign-compare -Wmissing-include-dirs -Wold-style-definition -Wpointer-arith -Winit-self -Wdeclaration-after-statement -Wfloat-equal -Wmissing-prototypes -Wstrict-prototypes -Wredundant-decls -Wmissing-declarations -Wmissing-noreturn -Wshadow -Wendif-labels -Wstrict-aliasing=3 -Wwrite-strings -Wno-long-long -Wno-overlength-strings -Wno-unused-parameter -Wno-missing-field-initializers -Wno-unused-result -Wnested-externs -Wchar-subscripts -Wtype-limits -Wuninitialized -fno-common -fdiagnostics-show-option -fvisibility=hidden -ffunction-sections -fdata-sections  -O2 -m64 -march=x86-64 -mtune=generic -flto=auto -ffat-lto-objects -MT tools/insmod.o -MD -MP -MF $depbase.Tpo -c -o tools/insmod.o tools/insmod.c &&\
mv -f $depbase.Tpo $depbase.Po
depbase=`echo tools/modinfo.o | sed 's|[^/]*$|.deps/&|;s|\.o$||'`;\
x86_64-unknown-linux-musl-gcc -DHAVE_CONFIG_H -I.  -include ./config.h -I. -DSYSCONFDIR=\""/etc"\" -DDISTCONFDIR=\""/usr/lib"\" -DMODULE_DIRECTORY=\""/lib/modules"\"   -pipe -DANOTHER_BRICK_IN_THE -Wall -W -Wextra -Wno-inline -Wvla -Wundef -Wformat=2 -Wlogical-op -Wsign-compare -Wmissing-include-dirs -Wold-style-definition -Wpointer-arith -Winit-self -Wdeclaration-after-statement -Wfloat-equal -Wmissing-prototypes -Wstrict-prototypes -Wredundant-decls -Wmissing-declarations -Wmissing-noreturn -Wshadow -Wendif-labels -Wstrict-aliasing=3 -Wwrite-strings -Wno-long-long -Wno-overlength-strings -Wno-unused-parameter -Wno-missing-field-initializers -Wno-unused-result -Wnested-externs -Wchar-subscripts -Wtype-limits -Wuninitialized -fno-common -fdiagnostics-show-option -fvisibility=hidden -ffunction-sections -fdata-sections  -O2 -m64 -march=x86-64 -mtune=generic -flto=auto -ffat-lto-objects -MT tools/modinfo.o -MD -MP -MF $depbase.Tpo -c -o tools/modinfo.o tools/modinfo.c &&\
mv -f $depbase.Tpo $depbase.Po
depbase=`echo tools/modprobe.o | sed 's|[^/]*$|.deps/&|;s|\.o$||'`;\
x86_64-unknown-linux-musl-gcc -DHAVE_CONFIG_H -I.  -include ./config.h -I. -DSYSCONFDIR=\""/etc"\" -DDISTCONFDIR=\""/usr/lib"\" -DMODULE_DIRECTORY=\""/lib/modules"\"   -pipe -DANOTHER_BRICK_IN_THE -Wall -W -Wextra -Wno-inline -Wvla -Wundef -Wformat=2 -Wlogical-op -Wsign-compare -Wmissing-include-dirs -Wold-style-definition -Wpointer-arith -Winit-self -Wdeclaration-after-statement -Wfloat-equal -Wmissing-prototypes -Wstrict-prototypes -Wredundant-decls -Wmissing-declarations -Wmissing-noreturn -Wshadow -Wendif-labels -Wstrict-aliasing=3 -Wwrite-strings -Wno-long-long -Wno-overlength-strings -Wno-unused-parameter -Wno-missing-field-initializers -Wno-unused-result -Wnested-externs -Wchar-subscripts -Wtype-limits -Wuninitialized -fno-common -fdiagnostics-show-option -fvisibility=hidden -ffunction-sections -fdata-sections  -O2 -m64 -march=x86-64 -mtune=generic -flto=auto -ffat-lto-objects -MT tools/modprobe.o -MD -MP -MF $depbase.Tpo -c -o tools/modprobe.o tools/modprobe.c &&\
mv -f $depbase.Tpo $depbase.Po
depbase=`echo tools/depmod.o | sed 's|[^/]*$|.deps/&|;s|\.o$||'`;\
x86_64-unknown-linux-musl-gcc -DHAVE_CONFIG_H -I.  -include ./config.h -I. -DSYSCONFDIR=\""/etc"\" -DDISTCONFDIR=\""/usr/lib"\" -DMODULE_DIRECTORY=\""/lib/modules"\"   -pipe -DANOTHER_BRICK_IN_THE -Wall -W -Wextra -Wno-inline -Wvla -Wundef -Wformat=2 -Wlogical-op -Wsign-compare -Wmissing-include-dirs -Wold-style-definition -Wpointer-arith -Winit-self -Wdeclaration-after-statement -Wfloat-equal -Wmissing-prototypes -Wstrict-prototypes -Wredundant-decls -Wmissing-declarations -Wmissing-noreturn -Wshadow -Wendif-labels -Wstrict-aliasing=3 -Wwrite-strings -Wno-long-long -Wno-overlength-strings -Wno-unused-parameter -Wno-missing-field-initializers -Wno-unused-result -Wnested-externs -Wchar-subscripts -Wtype-limits -Wuninitialized -fno-common -fdiagnostics-show-option -fvisibility=hidden -ffunction-sections -fdata-sections  -O2 -m64 -march=x86-64 -mtune=generic -flto=auto -ffat-lto-objects -MT tools/depmod.o -MD -MP -MF $depbase.Tpo -c -o tools/depmod.o tools/depmod.c &&\
mv -f $depbase.Tpo $depbase.Po
depbase=`echo tools/log.o | sed 's|[^/]*$|.deps/&|;s|\.o$||'`;\
x86_64-unknown-linux-musl-gcc -DHAVE_CONFIG_H -I.  -include ./config.h -I. -DSYSCONFDIR=\""/etc"\" -DDISTCONFDIR=\""/usr/lib"\" -DMODULE_DIRECTORY=\""/lib/modules"\"   -pipe -DANOTHER_BRICK_IN_THE -Wall -W -Wextra -Wno-inline -Wvla -Wundef -Wformat=2 -Wlogical-op -Wsign-compare -Wmissing-include-dirs -Wold-style-definition -Wpointer-arith -Winit-self -Wdeclaration-after-statement -Wfloat-equal -Wmissing-prototypes -Wstrict-prototypes -Wredundant-decls -Wmissing-declarations -Wmissing-noreturn -Wshadow -Wendif-labels -Wstrict-aliasing=3 -Wwrite-strings -Wno-long-long -Wno-overlength-strings -Wno-unused-parameter -Wno-missing-field-initializers -Wno-unused-result -Wnested-externs -Wchar-subscripts -Wtype-limits -Wuninitialized -fno-common -fdiagnostics-show-option -fvisibility=hidden -ffunction-sections -fdata-sections  -O2 -m64 -march=x86-64 -mtune=generic -flto=auto -ffat-lto-objects -MT tools/log.o -MD -MP -MF $depbase.Tpo -c -o tools/log.o tools/log.c &&\
mv -f $depbase.Tpo $depbase.Po
depbase=`echo tools/static-nodes.o | sed 's|[^/]*$|.deps/&|;s|\.o$||'`;\
x86_64-unknown-linux-musl-gcc -DHAVE_CONFIG_H -I.  -include ./config.h -I. -DSYSCONFDIR=\""/etc"\" -DDISTCONFDIR=\""/usr/lib"\" -DMODULE_DIRECTORY=\""/lib/modules"\"   -pipe -DANOTHER_BRICK_IN_THE -Wall -W -Wextra -Wno-inline -Wvla -Wundef -Wformat=2 -Wlogical-op -Wsign-compare -Wmissing-include-dirs -Wold-style-definition -Wpointer-arith -Winit-self -Wdeclaration-after-statement -Wfloat-equal -Wmissing-prototypes -Wstrict-prototypes -Wredundant-decls -Wmissing-declarations -Wmissing-noreturn -Wshadow -Wendif-labels -Wstrict-aliasing=3 -Wwrite-strings -Wno-long-long -Wno-overlength-strings -Wno-unused-parameter -Wno-missing-field-initializers -Wno-unused-result -Wnested-externs -Wchar-subscripts -Wtype-limits -Wuninitialized -fno-common -fdiagnostics-show-option -fvisibility=hidden -ffunction-sections -fdata-sections  -O2 -m64 -march=x86-64 -mtune=generic -flto=auto -ffat-lto-objects -MT tools/static-nodes.o -MD -MP -MF $depbase.Tpo -c -o tools/static-nodes.o tools/static-nodes.c &&\
mv -f $depbase.Tpo $depbase.Po
depbase=`echo shared/array.lo | sed 's|[^/]*$|.deps/&|;s|\.lo$||'`;\
/bin/sh ./libtool  --tag=CC   --mode=compile x86_64-unknown-linux-musl-gcc -DHAVE_CONFIG_H -I.  -include ./config.h -I. -DSYSCONFDIR=\""/etc"\" -DDISTCONFDIR=\""/usr/lib"\" -DMODULE_DIRECTORY=\""/lib/modules"\"   -pipe -DANOTHER_BRICK_IN_THE -Wall -W -Wextra -Wno-inline -Wvla -Wundef -Wformat=2 -Wlogical-op -Wsign-compare -Wmissing-include-dirs -Wold-style-definition -Wpointer-arith -Winit-self -Wdeclaration-after-statement -Wfloat-equal -Wmissing-prototypes -Wstrict-prototypes -Wredundant-decls -Wmissing-declarations -Wmissing-noreturn -Wshadow -Wendif-labels -Wstrict-aliasing=3 -Wwrite-strings -Wno-long-long -Wno-overlength-strings -Wno-unused-parameter -Wno-missing-field-initializers -Wno-unused-result -Wnested-externs -Wchar-subscripts -Wtype-limits -Wuninitialized -fno-common -fdiagnostics-show-option -fvisibility=hidden -ffunction-sections -fdata-sections  -O2 -m64 -march=x86-64 -mtune=generic -flto=auto -ffat-lto-objects -MT shared/array.lo -MD -MP -MF $depbase.Tpo -c -o shared/array.lo shared/array.c &&\
mv -f $depbase.Tpo $depbase.Plo
depbase=`echo shared/hash.lo | sed 's|[^/]*$|.deps/&|;s|\.lo$||'`;\
/bin/sh ./libtool  --tag=CC   --mode=compile x86_64-unknown-linux-musl-gcc -DHAVE_CONFIG_H -I.  -include ./config.h -I. -DSYSCONFDIR=\""/etc"\" -DDISTCONFDIR=\""/usr/lib"\" -DMODULE_DIRECTORY=\""/lib/modules"\"   -pipe -DANOTHER_BRICK_IN_THE -Wall -W -Wextra -Wno-inline -Wvla -Wundef -Wformat=2 -Wlogical-op -Wsign-compare -Wmissing-include-dirs -Wold-style-definition -Wpointer-arith -Winit-self -Wdeclaration-after-statement -Wfloat-equal -Wmissing-prototypes -Wstrict-prototypes -Wredundant-decls -Wmissing-declarations -Wmissing-noreturn -Wshadow -Wendif-labels -Wstrict-aliasing=3 -Wwrite-strings -Wno-long-long -Wno-overlength-strings -Wno-unused-parameter -Wno-missing-field-initializers -Wno-unused-result -Wnested-externs -Wchar-subscripts -Wtype-limits -Wuninitialized -fno-common -fdiagnostics-show-option -fvisibility=hidden -ffunction-sections -fdata-sections  -O2 -m64 -march=x86-64 -mtune=generic -flto=auto -ffat-lto-objects -MT shared/hash.lo -MD -MP -MF $depbase.Tpo -c -o shared/hash.lo shared/hash.c &&\
mv -f $depbase.Tpo $depbase.Plo
depbase=`echo shared/scratchbuf.lo | sed 's|[^/]*$|.deps/&|;s|\.lo$||'`;\
/bin/sh ./libtool  --tag=CC   --mode=compile x86_64-unknown-linux-musl-gcc -DHAVE_CONFIG_H -I.  -include ./config.h -I. -DSYSCONFDIR=\""/etc"\" -DDISTCONFDIR=\""/usr/lib"\" -DMODULE_DIRECTORY=\""/lib/modules"\"   -pipe -DANOTHER_BRICK_IN_THE -Wall -W -Wextra -Wno-inline -Wvla -Wundef -Wformat=2 -Wlogical-op -Wsign-compare -Wmissing-include-dirs -Wold-style-definition -Wpointer-arith -Winit-self -Wdeclaration-after-statement -Wfloat-equal -Wmissing-prototypes -Wstrict-prototypes -Wredundant-decls -Wmissing-declarations -Wmissing-noreturn -Wshadow -Wendif-labels -Wstrict-aliasing=3 -Wwrite-strings -Wno-long-long -Wno-overlength-strings -Wno-unused-parameter -Wno-missing-field-initializers -Wno-unused-result -Wnested-externs -Wchar-subscripts -Wtype-limits -Wuninitialized -fno-common -fdiagnostics-show-option -fvisibility=hidden -ffunction-sections -fdata-sections  -O2 -m64 -march=x86-64 -mtune=generic -flto=auto -ffat-lto-objects -MT shared/scratchbuf.lo -MD -MP -MF $depbase.Tpo -c -o shared/scratchbuf.lo shared/scratchbuf.c &&\
mv -f $depbase.Tpo $depbase.Plo
depbase=`echo shared/strbuf.lo | sed 's|[^/]*$|.deps/&|;s|\.lo$||'`;\
/bin/sh ./libtool  --tag=CC   --mode=compile x86_64-unknown-linux-musl-gcc -DHAVE_CONFIG_H -I.  -include ./config.h -I. -DSYSCONFDIR=\""/etc"\" -DDISTCONFDIR=\""/usr/lib"\" -DMODULE_DIRECTORY=\""/lib/modules"\"   -pipe -DANOTHER_BRICK_IN_THE -Wall -W -Wextra -Wno-inline -Wvla -Wundef -Wformat=2 -Wlogical-op -Wsign-compare -Wmissing-include-dirs -Wold-style-definition -Wpointer-arith -Winit-self -Wdeclaration-after-statement -Wfloat-equal -Wmissing-prototypes -Wstrict-prototypes -Wredundant-decls -Wmissing-declarations -Wmissing-noreturn -Wshadow -Wendif-labels -Wstrict-aliasing=3 -Wwrite-strings -Wno-long-long -Wno-overlength-strings -Wno-unused-parameter -Wno-missing-field-initializers -Wno-unused-result -Wnested-externs -Wchar-subscripts -Wtype-limits -Wuninitialized -fno-common -fdiagnostics-show-option -fvisibility=hidden -ffunction-sections -fdata-sections  -O2 -m64 -march=x86-64 -mtune=generic -flto=auto -ffat-lto-objects -MT shared/strbuf.lo -MD -MP -MF $depbase.Tpo -c -o shared/strbuf.lo shared/strbuf.c &&\
mv -f $depbase.Tpo $depbase.Plo
libtool: compile:  x86_64-unknown-linux-musl-gcc -DHAVE_CONFIG_H -I. -include ./config.h -I. "-DSYSCONFDIR=\"/etc\"" "-DDISTCONFDIR=\"/usr/lib\"" "-DMODULE_DIRECTORY=\"/lib/modules\"" -pipe -DANOTHER_BRICK_IN_THE -Wall -W -Wextra -Wno-inline -Wvla -Wundef -Wformat=2 -Wlogical-op -Wsign-compare -Wmissing-include-dirs -Wold-style-definition -Wpointer-arith -Winit-self -Wdeclaration-after-statement -Wfloat-equal -Wmissing-prototypes -Wstrict-prototypes -Wredundant-decls -Wmissing-declarations -Wmissing-noreturn -Wshadow -Wendif-labels -Wstrict-aliasing=3 -Wwrite-strings -Wno-long-long -Wno-overlength-strings -Wno-unused-parameter -Wno-missing-field-initializers -Wno-unused-result -Wnested-externs -Wchar-subscripts -Wtype-limits -Wuninitialized -fno-common -fdiagnostics-show-option -fvisibility=hidden -ffunction-sections -fdata-sections -O2 -m64 -march=x86-64 -mtune=generic -flto=auto -ffat-lto-objects -MT shared/array.lo -MD -MP -MF shared/.deps/array.Tpo -c shared/array.c  -fPIC -DPIC -o shared/.libs/array.o
libtool: compile:  x86_64-unknown-linux-musl-gcc -DHAVE_CONFIG_H -I. -include ./config.h -I. "-DSYSCONFDIR=\"/etc\"" "-DDISTCONFDIR=\"/usr/lib\"" "-DMODULE_DIRECTORY=\"/lib/modules\"" -pipe -DANOTHER_BRICK_IN_THE -Wall -W -Wextra -Wno-inline -Wvla -Wundef -Wformat=2 -Wlogical-op -Wsign-compare -Wmissing-include-dirs -Wold-style-definition -Wpointer-arith -Winit-self -Wdeclaration-after-statement -Wfloat-equal -Wmissing-prototypes -Wstrict-prototypes -Wredundant-decls -Wmissing-declarations -Wmissing-noreturn -Wshadow -Wendif-labels -Wstrict-aliasing=3 -Wwrite-strings -Wno-long-long -Wno-overlength-strings -Wno-unused-parameter -Wno-missing-field-initializers -Wno-unused-result -Wnested-externs -Wchar-subscripts -Wtype-limits -Wuninitialized -fno-common -fdiagnostics-show-option -fvisibility=hidden -ffunction-sections -fdata-sections -O2 -m64 -march=x86-64 -mtune=generic -flto=auto -ffat-lto-objects -MT shared/hash.lo -MD -MP -MF shared/.deps/hash.Tpo -c shared/hash.c  -fPIC -DPIC -o shared/.libs/hash.o
libtool: compile:  x86_64-unknown-linux-musl-gcc -DHAVE_CONFIG_H -I. -include ./config.h -I. "-DSYSCONFDIR=\"/etc\"" "-DDISTCONFDIR=\"/usr/lib\"" "-DMODULE_DIRECTORY=\"/lib/modules\"" -pipe -DANOTHER_BRICK_IN_THE -Wall -W -Wextra -Wno-inline -Wvla -Wundef -Wformat=2 -Wlogical-op -Wsign-compare -Wmissing-include-dirs -Wold-style-definition -Wpointer-arith -Winit-self -Wdeclaration-after-statement -Wfloat-equal -Wmissing-prototypes -Wstrict-prototypes -Wredundant-decls -Wmissing-declarations -Wmissing-noreturn -Wshadow -Wendif-labels -Wstrict-aliasing=3 -Wwrite-strings -Wno-long-long -Wno-overlength-strings -Wno-unused-parameter -Wno-missing-field-initializers -Wno-unused-result -Wnested-externs -Wchar-subscripts -Wtype-limits -Wuninitialized -fno-common -fdiagnostics-show-option -fvisibility=hidden -ffunction-sections -fdata-sections -O2 -m64 -march=x86-64 -mtune=generic -flto=auto -ffat-lto-objects -MT shared/scratchbuf.lo -MD -MP -MF shared/.deps/scratchbuf.Tpo -c shared/scratchbuf.c  -fPIC -DPIC -o shared/.libs/scratchbuf.o
depbase=`echo shared/util.lo | sed 's|[^/]*$|.deps/&|;s|\.lo$||'`;\
/bin/sh ./libtool  --tag=CC   --mode=compile x86_64-unknown-linux-musl-gcc -DHAVE_CONFIG_H -I.  -include ./config.h -I. -DSYSCONFDIR=\""/etc"\" -DDISTCONFDIR=\""/usr/lib"\" -DMODULE_DIRECTORY=\""/lib/modules"\"   -pipe -DANOTHER_BRICK_IN_THE -Wall -W -Wextra -Wno-inline -Wvla -Wundef -Wformat=2 -Wlogical-op -Wsign-compare -Wmissing-include-dirs -Wold-style-definition -Wpointer-arith -Winit-self -Wdeclaration-after-statement -Wfloat-equal -Wmissing-prototypes -Wstrict-prototypes -Wredundant-decls -Wmissing-declarations -Wmissing-noreturn -Wshadow -Wendif-labels -Wstrict-aliasing=3 -Wwrite-strings -Wno-long-long -Wno-overlength-strings -Wno-unused-parameter -Wno-missing-field-initializers -Wno-unused-result -Wnested-externs -Wchar-subscripts -Wtype-limits -Wuninitialized -fno-common -fdiagnostics-show-option -fvisibility=hidden -ffunction-sections -fdata-sections  -O2 -m64 -march=x86-64 -mtune=generic -flto=auto -ffat-lto-objects -MT shared/util.lo -MD -MP -MF $depbase.Tpo -c -o shared/util.lo shared/util.c &&\
mv -f $depbase.Tpo $depbase.Plo
depbase=`echo libkmod/libkmod.lo | sed 's|[^/]*$|.deps/&|;s|\.lo$||'`;\
/bin/sh ./libtool  --tag=CC   --mode=compile x86_64-unknown-linux-musl-gcc -DHAVE_CONFIG_H -I.  -include ./config.h -I. -DSYSCONFDIR=\""/etc"\" -DDISTCONFDIR=\""/usr/lib"\" -DMODULE_DIRECTORY=\""/lib/modules"\"   -pipe -DANOTHER_BRICK_IN_THE -Wall -W -Wextra -Wno-inline -Wvla -Wundef -Wformat=2 -Wlogical-op -Wsign-compare -Wmissing-include-dirs -Wold-style-definition -Wpointer-arith -Winit-self -Wdeclaration-after-statement -Wfloat-equal -Wmissing-prototypes -Wstrict-prototypes -Wredundant-decls -Wmissing-declarations -Wmissing-noreturn -Wshadow -Wendif-labels -Wstrict-aliasing=3 -Wwrite-strings -Wno-long-long -Wno-overlength-strings -Wno-unused-parameter -Wno-missing-field-initializers -Wno-unused-result -Wnested-externs -Wchar-subscripts -Wtype-limits -Wuninitialized -fno-common -fdiagnostics-show-option -fvisibility=hidden -ffunction-sections -fdata-sections  -O2 -m64 -march=x86-64 -mtune=generic -flto=auto -ffat-lto-objects -MT libkmod/libkmod.lo -MD -MP -MF $depbase.Tpo -c -o libkmod/libkmod.lo libkmod/libkmod.c &&\
mv -f $depbase.Tpo $depbase.Plo
depbase=`echo libkmod/libkmod-builtin.lo | sed 's|[^/]*$|.deps/&|;s|\.lo$||'`;\
/bin/sh ./libtool  --tag=CC   --mode=compile x86_64-unknown-linux-musl-gcc -DHAVE_CONFIG_H -I.  -include ./config.h -I. -DSYSCONFDIR=\""/etc"\" -DDISTCONFDIR=\""/usr/lib"\" -DMODULE_DIRECTORY=\""/lib/modules"\"   -pipe -DANOTHER_BRICK_IN_THE -Wall -W -Wextra -Wno-inline -Wvla -Wundef -Wformat=2 -Wlogical-op -Wsign-compare -Wmissing-include-dirs -Wold-style-definition -Wpointer-arith -Winit-self -Wdeclaration-after-statement -Wfloat-equal -Wmissing-prototypes -Wstrict-prototypes -Wredundant-decls -Wmissing-declarations -Wmissing-noreturn -Wshadow -Wendif-labels -Wstrict-aliasing=3 -Wwrite-strings -Wno-long-long -Wno-overlength-strings -Wno-unused-parameter -Wno-missing-field-initializers -Wno-unused-result -Wnested-externs -Wchar-subscripts -Wtype-limits -Wuninitialized -fno-common -fdiagnostics-show-option -fvisibility=hidden -ffunction-sections -fdata-sections  -O2 -m64 -march=x86-64 -mtune=generic -flto=auto -ffat-lto-objects -MT libkmod/libkmod-builtin.lo -MD -MP -MF $depbase.Tpo -c -o libkmod/libkmod-builtin.lo libkmod/libkmod-builtin.c &&\
mv -f $depbase.Tpo $depbase.Plo
depbase=`echo libkmod/libkmod-list.lo | sed 's|[^/]*$|.deps/&|;s|\.lo$||'`;\
/bin/sh ./libtool  --tag=CC   --mode=compile x86_64-unknown-linux-musl-gcc -DHAVE_CONFIG_H -I.  -include ./config.h -I. -DSYSCONFDIR=\""/etc"\" -DDISTCONFDIR=\""/usr/lib"\" -DMODULE_DIRECTORY=\""/lib/modules"\"   -pipe -DANOTHER_BRICK_IN_THE -Wall -W -Wextra -Wno-inline -Wvla -Wundef -Wformat=2 -Wlogical-op -Wsign-compare -Wmissing-include-dirs -Wold-style-definition -Wpointer-arith -Winit-self -Wdeclaration-after-statement -Wfloat-equal -Wmissing-prototypes -Wstrict-prototypes -Wredundant-decls -Wmissing-declarations -Wmissing-noreturn -Wshadow -Wendif-labels -Wstrict-aliasing=3 -Wwrite-strings -Wno-long-long -Wno-overlength-strings -Wno-unused-parameter -Wno-missing-field-initializers -Wno-unused-result -Wnested-externs -Wchar-subscripts -Wtype-limits -Wuninitialized -fno-common -fdiagnostics-show-option -fvisibility=hidden -ffunction-sections -fdata-sections  -O2 -m64 -march=x86-64 -mtune=generic -flto=auto -ffat-lto-objects -MT libkmod/libkmod-list.lo -MD -MP -MF $depbase.Tpo -c -o libkmod/libkmod-list.lo libkmod/libkmod-list.c &&\
mv -f $depbase.Tpo $depbase.Plo
libtool: compile:  x86_64-unknown-linux-musl-gcc -DHAVE_CONFIG_H -I. -include ./config.h -I. "-DSYSCONFDIR=\"/etc\"" "-DDISTCONFDIR=\"/usr/lib\"" "-DMODULE_DIRECTORY=\"/lib/modules\"" -pipe -DANOTHER_BRICK_IN_THE -Wall -W -Wextra -Wno-inline -Wvla -Wundef -Wformat=2 -Wlogical-op -Wsign-compare -Wmissing-include-dirs -Wold-style-definition -Wpointer-arith -Winit-self -Wdeclaration-after-statement -Wfloat-equal -Wmissing-prototypes -Wstrict-prototypes -Wredundant-decls -Wmissing-declarations -Wmissing-noreturn -Wshadow -Wendif-labels -Wstrict-aliasing=3 -Wwrite-strings -Wno-long-long -Wno-overlength-strings -Wno-unused-parameter -Wno-missing-field-initializers -Wno-unused-result -Wnested-externs -Wchar-subscripts -Wtype-limits -Wuninitialized -fno-common -fdiagnostics-show-option -fvisibility=hidden -ffunction-sections -fdata-sections -O2 -m64 -march=x86-64 -mtune=generic -flto=auto -ffat-lto-objects -MT shared/strbuf.lo -MD -MP -MF shared/.deps/strbuf.Tpo -c shared/strbuf.c  -fPIC -DPIC -o shared/.libs/strbuf.o
libtool: compile:  x86_64-unknown-linux-musl-gcc -DHAVE_CONFIG_H -I. -include ./config.h -I. "-DSYSCONFDIR=\"/etc\"" "-DDISTCONFDIR=\"/usr/lib\"" "-DMODULE_DIRECTORY=\"/lib/modules\"" -pipe -DANOTHER_BRICK_IN_THE -Wall -W -Wextra -Wno-inline -Wvla -Wundef -Wformat=2 -Wlogical-op -Wsign-compare -Wmissing-include-dirs -Wold-style-definition -Wpointer-arith -Winit-self -Wdeclaration-after-statement -Wfloat-equal -Wmissing-prototypes -Wstrict-prototypes -Wredundant-decls -Wmissing-declarations -Wmissing-noreturn -Wshadow -Wendif-labels -Wstrict-aliasing=3 -Wwrite-strings -Wno-long-long -Wno-overlength-strings -Wno-unused-parameter -Wno-missing-field-initializers -Wno-unused-result -Wnested-externs -Wchar-subscripts -Wtype-limits -Wuninitialized -fno-common -fdiagnostics-show-option -fvisibility=hidden -ffunction-sections -fdata-sections -O2 -m64 -march=x86-64 -mtune=generic -flto=auto -ffat-lto-objects -MT shared/util.lo -MD -MP -MF shared/.deps/util.Tpo -c shared/util.c  -fPIC -DPIC -o shared/.libs/util.o
libtool: compile:  x86_64-unknown-linux-musl-gcc -DHAVE_CONFIG_H -I. -include ./config.h -I. "-DSYSCONFDIR=\"/etc\"" "-DDISTCONFDIR=\"/usr/lib\"" "-DMODULE_DIRECTORY=\"/lib/modules\"" -pipe -DANOTHER_BRICK_IN_THE -Wall -W -Wextra -Wno-inline -Wvla -Wundef -Wformat=2 -Wlogical-op -Wsign-compare -Wmissing-include-dirs -Wold-style-definition -Wpointer-arith -Winit-self -Wdeclaration-after-statement -Wfloat-equal -Wmissing-prototypes -Wstrict-prototypes -Wredundant-decls -Wmissing-declarations -Wmissing-noreturn -Wshadow -Wendif-labels -Wstrict-aliasing=3 -Wwrite-strings -Wno-long-long -Wno-overlength-strings -Wno-unused-parameter -Wno-missing-field-initializers -Wno-unused-result -Wnested-externs -Wchar-subscripts -Wtype-limits -Wuninitialized -fno-common -fdiagnostics-show-option -fvisibility=hidden -ffunction-sections -fdata-sections -O2 -m64 -march=x86-64 -mtune=generic -flto=auto -ffat-lto-objects -MT libkmod/libkmod.lo -MD -MP -MF libkmod/.deps/libkmod.Tpo -c libkmod/libkmod.c  -fPIC -DPIC -o libkmod/.libs/libkmod.o
libtool: compile:  x86_64-unknown-linux-musl-gcc -DHAVE_CONFIG_H -I. -include ./config.h -I. "-DSYSCONFDIR=\"/etc\"" "-DDISTCONFDIR=\"/usr/lib\"" "-DMODULE_DIRECTORY=\"/lib/modules\"" -pipe -DANOTHER_BRICK_IN_THE -Wall -W -Wextra -Wno-inline -Wvla -Wundef -Wformat=2 -Wlogical-op -Wsign-compare -Wmissing-include-dirs -Wold-style-definition -Wpointer-arith -Winit-self -Wdeclaration-after-statement -Wfloat-equal -Wmissing-prototypes -Wstrict-prototypes -Wredundant-decls -Wmissing-declarations -Wmissing-noreturn -Wshadow -Wendif-labels -Wstrict-aliasing=3 -Wwrite-strings -Wno-long-long -Wno-overlength-strings -Wno-unused-parameter -Wno-missing-field-initializers -Wno-unused-result -Wnested-externs -Wchar-subscripts -Wtype-limits -Wuninitialized -fno-common -fdiagnostics-show-option -fvisibility=hidden -ffunction-sections -fdata-sections -O2 -m64 -march=x86-64 -mtune=generic -flto=auto -ffat-lto-objects -MT libkmod/libkmod-list.lo -MD -MP -MF libkmod/.deps/libkmod-list.Tpo -c libkmod/libkmod-list.c  -fPIC -DPIC -o libkmod/.libs/libkmod-list.o
depbase=`echo libkmod/libkmod-config.lo | sed 's|[^/]*$|.deps/&|;s|\.lo$||'`;\
/bin/sh ./libtool  --tag=CC   --mode=compile x86_64-unknown-linux-musl-gcc -DHAVE_CONFIG_H -I.  -include ./config.h -I. -DSYSCONFDIR=\""/etc"\" -DDISTCONFDIR=\""/usr/lib"\" -DMODULE_DIRECTORY=\""/lib/modules"\"   -pipe -DANOTHER_BRICK_IN_THE -Wall -W -Wextra -Wno-inline -Wvla -Wundef -Wformat=2 -Wlogical-op -Wsign-compare -Wmissing-include-dirs -Wold-style-definition -Wpointer-arith -Winit-self -Wdeclaration-after-statement -Wfloat-equal -Wmissing-prototypes -Wstrict-prototypes -Wredundant-decls -Wmissing-declarations -Wmissing-noreturn -Wshadow -Wendif-labels -Wstrict-aliasing=3 -Wwrite-strings -Wno-long-long -Wno-overlength-strings -Wno-unused-parameter -Wno-missing-field-initializers -Wno-unused-result -Wnested-externs -Wchar-subscripts -Wtype-limits -Wuninitialized -fno-common -fdiagnostics-show-option -fvisibility=hidden -ffunction-sections -fdata-sections  -O2 -m64 -march=x86-64 -mtune=generic -flto=auto -ffat-lto-objects -MT libkmod/libkmod-config.lo -MD -MP -MF $depbase.Tpo -c -o libkmod/libkmod-config.lo libkmod/libkmod-config.c &&\
mv -f $depbase.Tpo $depbase.Plo
libtool: compile:  x86_64-unknown-linux-musl-gcc -DHAVE_CONFIG_H -I. -include ./config.h -I. "-DSYSCONFDIR=\"/etc\"" "-DDISTCONFDIR=\"/usr/lib\"" "-DMODULE_DIRECTORY=\"/lib/modules\"" -pipe -DANOTHER_BRICK_IN_THE -Wall -W -Wextra -Wno-inline -Wvla -Wundef -Wformat=2 -Wlogical-op -Wsign-compare -Wmissing-include-dirs -Wold-style-definition -Wpointer-arith -Winit-self -Wdeclaration-after-statement -Wfloat-equal -Wmissing-prototypes -Wstrict-prototypes -Wredundant-decls -Wmissing-declarations -Wmissing-noreturn -Wshadow -Wendif-labels -Wstrict-aliasing=3 -Wwrite-strings -Wno-long-long -Wno-overlength-strings -Wno-unused-parameter -Wno-missing-field-initializers -Wno-unused-result -Wnested-externs -Wchar-subscripts -Wtype-limits -Wuninitialized -fno-common -fdiagnostics-show-option -fvisibility=hidden -ffunction-sections -fdata-sections -O2 -m64 -march=x86-64 -mtune=generic -flto=auto -ffat-lto-objects -MT libkmod/libkmod-builtin.lo -MD -MP -MF libkmod/.deps/libkmod-builtin.Tpo -c libkmod/libkmod-builtin.c  -fPIC -DPIC -o libkmod/.libs/libkmod-builtin.o
depbase=`echo libkmod/libkmod-index.lo | sed 's|[^/]*$|.deps/&|;s|\.lo$||'`;\
/bin/sh ./libtool  --tag=CC   --mode=compile x86_64-unknown-linux-musl-gcc -DHAVE_CONFIG_H -I.  -include ./config.h -I. -DSYSCONFDIR=\""/etc"\" -DDISTCONFDIR=\""/usr/lib"\" -DMODULE_DIRECTORY=\""/lib/modules"\"   -pipe -DANOTHER_BRICK_IN_THE -Wall -W -Wextra -Wno-inline -Wvla -Wundef -Wformat=2 -Wlogical-op -Wsign-compare -Wmissing-include-dirs -Wold-style-definition -Wpointer-arith -Winit-self -Wdeclaration-after-statement -Wfloat-equal -Wmissing-prototypes -Wstrict-prototypes -Wredundant-decls -Wmissing-declarations -Wmissing-noreturn -Wshadow -Wendif-labels -Wstrict-aliasing=3 -Wwrite-strings -Wno-long-long -Wno-overlength-strings -Wno-unused-parameter -Wno-missing-field-initializers -Wno-unused-result -Wnested-externs -Wchar-subscripts -Wtype-limits -Wuninitialized -fno-common -fdiagnostics-show-option -fvisibility=hidden -ffunction-sections -fdata-sections  -O2 -m64 -march=x86-64 -mtune=generic -flto=auto -ffat-lto-objects -MT libkmod/libkmod-index.lo -MD -MP -MF $depbase.Tpo -c -o libkmod/libkmod-index.lo libkmod/libkmod-index.c &&\
mv -f $depbase.Tpo $depbase.Plo
libtool: compile:  x86_64-unknown-linux-musl-gcc -DHAVE_CONFIG_H -I. -include ./config.h -I. "-DSYSCONFDIR=\"/etc\"" "-DDISTCONFDIR=\"/usr/lib\"" "-DMODULE_DIRECTORY=\"/lib/modules\"" -pipe -DANOTHER_BRICK_IN_THE -Wall -W -Wextra -Wno-inline -Wvla -Wundef -Wformat=2 -Wlogical-op -Wsign-compare -Wmissing-include-dirs -Wold-style-definition -Wpointer-arith -Winit-self -Wdeclaration-after-statement -Wfloat-equal -Wmissing-prototypes -Wstrict-prototypes -Wredundant-decls -Wmissing-declarations -Wmissing-noreturn -Wshadow -Wendif-labels -Wstrict-aliasing=3 -Wwrite-strings -Wno-long-long -Wno-overlength-strings -Wno-unused-parameter -Wno-missing-field-initializers -Wno-unused-result -Wnested-externs -Wchar-subscripts -Wtype-limits -Wuninitialized -fno-common -fdiagnostics-show-option -fvisibility=hidden -ffunction-sections -fdata-sections -O2 -m64 -march=x86-64 -mtune=generic -flto=auto -ffat-lto-objects -MT libkmod/libkmod-index.lo -MD -MP -MF libkmod/.deps/libkmod-index.Tpo -c libkmod/libkmod-index.c  -fPIC -DPIC -o libkmod/.libs/libkmod-index.o
depbase=`echo libkmod/libkmod-module.lo | sed 's|[^/]*$|.deps/&|;s|\.lo$||'`;\
/bin/sh ./libtool  --tag=CC   --mode=compile x86_64-unknown-linux-musl-gcc -DHAVE_CONFIG_H -I.  -include ./config.h -I. -DSYSCONFDIR=\""/etc"\" -DDISTCONFDIR=\""/usr/lib"\" -DMODULE_DIRECTORY=\""/lib/modules"\"   -pipe -DANOTHER_BRICK_IN_THE -Wall -W -Wextra -Wno-inline -Wvla -Wundef -Wformat=2 -Wlogical-op -Wsign-compare -Wmissing-include-dirs -Wold-style-definition -Wpointer-arith -Winit-self -Wdeclaration-after-statement -Wfloat-equal -Wmissing-prototypes -Wstrict-prototypes -Wredundant-decls -Wmissing-declarations -Wmissing-noreturn -Wshadow -Wendif-labels -Wstrict-aliasing=3 -Wwrite-strings -Wno-long-long -Wno-overlength-strings -Wno-unused-parameter -Wno-missing-field-initializers -Wno-unused-result -Wnested-externs -Wchar-subscripts -Wtype-limits -Wuninitialized -fno-common -fdiagnostics-show-option -fvisibility=hidden -ffunction-sections -fdata-sections  -O2 -m64 -march=x86-64 -mtune=generic -flto=auto -ffat-lto-objects -MT libkmod/libkmod-module.lo -MD -MP -MF $depbase.Tpo -c -o libkmod/libkmod-module.lo libkmod/libkmod-module.c &&\
mv -f $depbase.Tpo $depbase.Plo
libtool: compile:  x86_64-unknown-linux-musl-gcc -DHAVE_CONFIG_H -I. -include ./config.h -I. "-DSYSCONFDIR=\"/etc\"" "-DDISTCONFDIR=\"/usr/lib\"" "-DMODULE_DIRECTORY=\"/lib/modules\"" -pipe -DANOTHER_BRICK_IN_THE -Wall -W -Wextra -Wno-inline -Wvla -Wundef -Wformat=2 -Wlogical-op -Wsign-compare -Wmissing-include-dirs -Wold-style-definition -Wpointer-arith -Winit-self -Wdeclaration-after-statement -Wfloat-equal -Wmissing-prototypes -Wstrict-prototypes -Wredundant-decls -Wmissing-declarations -Wmissing-noreturn -Wshadow -Wendif-labels -Wstrict-aliasing=3 -Wwrite-strings -Wno-long-long -Wno-overlength-strings -Wno-unused-parameter -Wno-missing-field-initializers -Wno-unused-result -Wnested-externs -Wchar-subscripts -Wtype-limits -Wuninitialized -fno-common -fdiagnostics-show-option -fvisibility=hidden -ffunction-sections -fdata-sections -O2 -m64 -march=x86-64 -mtune=generic -flto=auto -ffat-lto-objects -MT libkmod/libkmod-config.lo -MD -MP -MF libkmod/.deps/libkmod-config.Tpo -c libkmod/libkmod-config.c  -fPIC -DPIC -o libkmod/.libs/libkmod-config.o
depbase=`echo libkmod/libkmod-file.lo | sed 's|[^/]*$|.deps/&|;s|\.lo$||'`;\
/bin/sh ./libtool  --tag=CC   --mode=compile x86_64-unknown-linux-musl-gcc -DHAVE_CONFIG_H -I.  -include ./config.h -I. -DSYSCONFDIR=\""/etc"\" -DDISTCONFDIR=\""/usr/lib"\" -DMODULE_DIRECTORY=\""/lib/modules"\"   -pipe -DANOTHER_BRICK_IN_THE -Wall -W -Wextra -Wno-inline -Wvla -Wundef -Wformat=2 -Wlogical-op -Wsign-compare -Wmissing-include-dirs -Wold-style-definition -Wpointer-arith -Winit-self -Wdeclaration-after-statement -Wfloat-equal -Wmissing-prototypes -Wstrict-prototypes -Wredundant-decls -Wmissing-declarations -Wmissing-noreturn -Wshadow -Wendif-labels -Wstrict-aliasing=3 -Wwrite-strings -Wno-long-long -Wno-overlength-strings -Wno-unused-parameter -Wno-missing-field-initializers -Wno-unused-result -Wnested-externs -Wchar-subscripts -Wtype-limits -Wuninitialized -fno-common -fdiagnostics-show-option -fvisibility=hidden -ffunction-sections -fdata-sections  -O2 -m64 -march=x86-64 -mtune=generic -flto=auto -ffat-lto-objects -MT libkmod/libkmod-file.lo -MD -MP -MF $depbase.Tpo -c -o libkmod/libkmod-file.lo libkmod/libkmod-file.c &&\
mv -f $depbase.Tpo $depbase.Plo
depbase=`echo libkmod/libkmod-elf.lo | sed 's|[^/]*$|.deps/&|;s|\.lo$||'`;\
/bin/sh ./libtool  --tag=CC   --mode=compile x86_64-unknown-linux-musl-gcc -DHAVE_CONFIG_H -I.  -include ./config.h -I. -DSYSCONFDIR=\""/etc"\" -DDISTCONFDIR=\""/usr/lib"\" -DMODULE_DIRECTORY=\""/lib/modules"\"   -pipe -DANOTHER_BRICK_IN_THE -Wall -W -Wextra -Wno-inline -Wvla -Wundef -Wformat=2 -Wlogical-op -Wsign-compare -Wmissing-include-dirs -Wold-style-definition -Wpointer-arith -Winit-self -Wdeclaration-after-statement -Wfloat-equal -Wmissing-prototypes -Wstrict-prototypes -Wredundant-decls -Wmissing-declarations -Wmissing-noreturn -Wshadow -Wendif-labels -Wstrict-aliasing=3 -Wwrite-strings -Wno-long-long -Wno-overlength-strings -Wno-unused-parameter -Wno-missing-field-initializers -Wno-unused-result -Wnested-externs -Wchar-subscripts -Wtype-limits -Wuninitialized -fno-common -fdiagnostics-show-option -fvisibility=hidden -ffunction-sections -fdata-sections  -O2 -m64 -march=x86-64 -mtune=generic -flto=auto -ffat-lto-objects -MT libkmod/libkmod-elf.lo -MD -MP -MF $depbase.Tpo -c -o libkmod/libkmod-elf.lo libkmod/libkmod-elf.c &&\
mv -f $depbase.Tpo $depbase.Plo
libtool: compile:  x86_64-unknown-linux-musl-gcc -DHAVE_CONFIG_H -I. -include ./config.h -I. "-DSYSCONFDIR=\"/etc\"" "-DDISTCONFDIR=\"/usr/lib\"" "-DMODULE_DIRECTORY=\"/lib/modules\"" -pipe -DANOTHER_BRICK_IN_THE -Wall -W -Wextra -Wno-inline -Wvla -Wundef -Wformat=2 -Wlogical-op -Wsign-compare -Wmissing-include-dirs -Wold-style-definition -Wpointer-arith -Winit-self -Wdeclaration-after-statement -Wfloat-equal -Wmissing-prototypes -Wstrict-prototypes -Wredundant-decls -Wmissing-declarations -Wmissing-noreturn -Wshadow -Wendif-labels -Wstrict-aliasing=3 -Wwrite-strings -Wno-long-long -Wno-overlength-strings -Wno-unused-parameter -Wno-missing-field-initializers -Wno-unused-result -Wnested-externs -Wchar-subscripts -Wtype-limits -Wuninitialized -fno-common -fdiagnostics-show-option -fvisibility=hidden -ffunction-sections -fdata-sections -O2 -m64 -march=x86-64 -mtune=generic -flto=auto -ffat-lto-objects -MT libkmod/libkmod-module.lo -MD -MP -MF libkmod/.deps/libkmod-module.Tpo -c libkmod/libkmod-module.c  -fPIC -DPIC -o libkmod/.libs/libkmod-module.o
depbase=`echo libkmod/libkmod-signature.lo | sed 's|[^/]*$|.deps/&|;s|\.lo$||'`;\
/bin/sh ./libtool  --tag=CC   --mode=compile x86_64-unknown-linux-musl-gcc -DHAVE_CONFIG_H -I.  -include ./config.h -I. -DSYSCONFDIR=\""/etc"\" -DDISTCONFDIR=\""/usr/lib"\" -DMODULE_DIRECTORY=\""/lib/modules"\"   -pipe -DANOTHER_BRICK_IN_THE -Wall -W -Wextra -Wno-inline -Wvla -Wundef -Wformat=2 -Wlogical-op -Wsign-compare -Wmissing-include-dirs -Wold-style-definition -Wpointer-arith -Winit-self -Wdeclaration-after-statement -Wfloat-equal -Wmissing-prototypes -Wstrict-prototypes -Wredundant-decls -Wmissing-declarations -Wmissing-noreturn -Wshadow -Wendif-labels -Wstrict-aliasing=3 -Wwrite-strings -Wno-long-long -Wno-overlength-strings -Wno-unused-parameter -Wno-missing-field-initializers -Wno-unused-result -Wnested-externs -Wchar-subscripts -Wtype-limits -Wuninitialized -fno-common -fdiagnostics-show-option -fvisibility=hidden -ffunction-sections -fdata-sections  -O2 -m64 -march=x86-64 -mtune=generic -flto=auto -ffat-lto-objects -MT libkmod/libkmod-signature.lo -MD -MP -MF $depbase.Tpo -c -o libkmod/libkmod-signature.lo libkmod/libkmod-signature.c &&\
mv -f $depbase.Tpo $depbase.Plo
libtool: compile:  x86_64-unknown-linux-musl-gcc -DHAVE_CONFIG_H -I. -include ./config.h -I. "-DSYSCONFDIR=\"/etc\"" "-DDISTCONFDIR=\"/usr/lib\"" "-DMODULE_DIRECTORY=\"/lib/modules\"" -pipe -DANOTHER_BRICK_IN_THE -Wall -W -Wextra -Wno-inline -Wvla -Wundef -Wformat=2 -Wlogical-op -Wsign-compare -Wmissing-include-dirs -Wold-style-definition -Wpointer-arith -Winit-self -Wdeclaration-after-statement -Wfloat-equal -Wmissing-prototypes -Wstrict-prototypes -Wredundant-decls -Wmissing-declarations -Wmissing-noreturn -Wshadow -Wendif-labels -Wstrict-aliasing=3 -Wwrite-strings -Wno-long-long -Wno-overlength-strings -Wno-unused-parameter -Wno-missing-field-initializers -Wno-unused-result -Wnested-externs -Wchar-subscripts -Wtype-limits -Wuninitialized -fno-common -fdiagnostics-show-option -fvisibility=hidden -ffunction-sections -fdata-sections -O2 -m64 -march=x86-64 -mtune=generic -flto=auto -ffat-lto-objects -MT libkmod/libkmod-elf.lo -MD -MP -MF libkmod/.deps/libkmod-elf.Tpo -c libkmod/libkmod-elf.c  -fPIC -DPIC -o libkmod/.libs/libkmod-elf.o
libtool: compile:  x86_64-unknown-linux-musl-gcc -DHAVE_CONFIG_H -I. -include ./config.h -I. "-DSYSCONFDIR=\"/etc\"" "-DDISTCONFDIR=\"/usr/lib\"" "-DMODULE_DIRECTORY=\"/lib/modules\"" -pipe -DANOTHER_BRICK_IN_THE -Wall -W -Wextra -Wno-inline -Wvla -Wundef -Wformat=2 -Wlogical-op -Wsign-compare -Wmissing-include-dirs -Wold-style-definition -Wpointer-arith -Winit-self -Wdeclaration-after-statement -Wfloat-equal -Wmissing-prototypes -Wstrict-prototypes -Wredundant-decls -Wmissing-declarations -Wmissing-noreturn -Wshadow -Wendif-labels -Wstrict-aliasing=3 -Wwrite-strings -Wno-long-long -Wno-overlength-strings -Wno-unused-parameter -Wno-missing-field-initializers -Wno-unused-result -Wnested-externs -Wchar-subscripts -Wtype-limits -Wuninitialized -fno-common -fdiagnostics-show-option -fvisibility=hidden -ffunction-sections -fdata-sections -O2 -m64 -march=x86-64 -mtune=generic -flto=auto -ffat-lto-objects -MT libkmod/libkmod-file.lo -MD -MP -MF libkmod/.deps/libkmod-file.Tpo -c libkmod/libkmod-file.c  -fPIC -DPIC -o libkmod/.libs/libkmod-file.o
/bin/sh ./libtool  --tag=CC   --mode=link x86_64-unknown-linux-musl-gcc -pipe -DANOTHER_BRICK_IN_THE -Wall -W -Wextra -Wno-inline -Wvla -Wundef -Wformat=2 -Wlogical-op -Wsign-compare -Wmissing-include-dirs -Wold-style-definition -Wpointer-arith -Winit-self -Wdeclaration-after-statement -Wfloat-equal -Wmissing-prototypes -Wstrict-prototypes -Wredundant-decls -Wmissing-declarations -Wmissing-noreturn -Wshadow -Wendif-labels -Wstrict-aliasing=3 -Wwrite-strings -Wno-long-long -Wno-overlength-strings -Wno-unused-parameter -Wno-missing-field-initializers -Wno-unused-result -Wnested-externs -Wchar-subscripts -Wtype-limits -Wuninitialized -fno-common -fdiagnostics-show-option -fvisibility=hidden -ffunction-sections -fdata-sections  -O2 -m64 -march=x86-64 -mtune=generic -flto=auto -ffat-lto-objects -Wl,--as-needed -Wl,--no-undefined -Wl,--gc-sections  -o shared/libshared.la  shared/array.lo shared/hash.lo shared/scratchbuf.lo shared/strbuf.lo shared/util.lo  -lzstd -llzma -lz -lcrypto
libtool: compile:  x86_64-unknown-linux-musl-gcc -DHAVE_CONFIG_H -I. -include ./config.h -I. "-DSYSCONFDIR=\"/etc\"" "-DDISTCONFDIR=\"/usr/lib\"" "-DMODULE_DIRECTORY=\"/lib/modules\"" -pipe -DANOTHER_BRICK_IN_THE -Wall -W -Wextra -Wno-inline -Wvla -Wundef -Wformat=2 -Wlogical-op -Wsign-compare -Wmissing-include-dirs -Wold-style-definition -Wpointer-arith -Winit-self -Wdeclaration-after-statement -Wfloat-equal -Wmissing-prototypes -Wstrict-prototypes -Wredundant-decls -Wmissing-declarations -Wmissing-noreturn -Wshadow -Wendif-labels -Wstrict-aliasing=3 -Wwrite-strings -Wno-long-long -Wno-overlength-strings -Wno-unused-parameter -Wno-missing-field-initializers -Wno-unused-result -Wnested-externs -Wchar-subscripts -Wtype-limits -Wuninitialized -fno-common -fdiagnostics-show-option -fvisibility=hidden -ffunction-sections -fdata-sections -O2 -m64 -march=x86-64 -mtune=generic -flto=auto -ffat-lto-objects -MT libkmod/libkmod-signature.lo -MD -MP -MF libkmod/.deps/libkmod-signature.Tpo -c libkmod/libkmod-signature.c  -fPIC -DPIC -o libkmod/.libs/libkmod-signature.o
libtool: link: x86_64-unknown-linux-musl-ar cr shared/.libs/libshared.a shared/.libs/array.o shared/.libs/hash.o shared/.libs/scratchbuf.o shared/.libs/strbuf.o shared/.libs/util.o 
libtool: link: x86_64-unknown-linux-musl-ranlib shared/.libs/libshared.a
libtool: link: ( cd "shared/.libs" && rm -f "libshared.la" && ln -s "../libshared.la" "libshared.la" )
/bin/sh ./libtool  --tag=CC   --mode=link x86_64-unknown-linux-musl-gcc -pipe -DANOTHER_BRICK_IN_THE -Wall -W -Wextra -Wno-inline -Wvla -Wundef -Wformat=2 -Wlogical-op -Wsign-compare -Wmissing-include-dirs -Wold-style-definition -Wpointer-arith -Winit-self -Wdeclaration-after-statement -Wfloat-equal -Wmissing-prototypes -Wstrict-prototypes -Wredundant-decls -Wmissing-declarations -Wmissing-noreturn -Wshadow -Wendif-labels -Wstrict-aliasing=3 -Wwrite-strings -Wno-long-long -Wno-overlength-strings -Wno-unused-parameter -Wno-missing-field-initializers -Wno-unused-result -Wnested-externs -Wchar-subscripts -Wtype-limits -Wuninitialized -fno-common -fdiagnostics-show-option -fvisibility=hidden -ffunction-sections -fdata-sections  -O2 -m64 -march=x86-64 -mtune=generic -flto=auto -ffat-lto-objects -Wl,--as-needed -Wl,--no-undefined -Wl,--gc-sections -Wl,--version-script=./libkmod/libkmod.sym  -o libkmod/libkmod-internal.la  libkmod/libkmod.lo libkmod/libkmod-builtin.lo libkmod/libkmod-list.lo libkmod/libkmod-config.lo libkmod/libkmod-index.lo libkmod/libkmod-module.lo libkmod/libkmod-file.lo libkmod/libkmod-elf.lo libkmod/libkmod-signature.lo shared/libshared.la -lzstd -llzma -lz -lcrypto -lzstd -llzma -lz -lcrypto
/bin/sh ./libtool  --tag=CC   --mode=link x86_64-unknown-linux-musl-gcc -pipe -DANOTHER_BRICK_IN_THE -Wall -W -Wextra -Wno-inline -Wvla -Wundef -Wformat=2 -Wlogical-op -Wsign-compare -Wmissing-include-dirs -Wold-style-definition -Wpointer-arith -Winit-self -Wdeclaration-after-statement -Wfloat-equal -Wmissing-prototypes -Wstrict-prototypes -Wredundant-decls -Wmissing-declarations -Wmissing-noreturn -Wshadow -Wendif-labels -Wstrict-aliasing=3 -Wwrite-strings -Wno-long-long -Wno-overlength-strings -Wno-unused-parameter -Wno-missing-field-initializers -Wno-unused-result -Wnested-externs -Wchar-subscripts -Wtype-limits -Wuninitialized -fno-common -fdiagnostics-show-option -fvisibility=hidden -ffunction-sections -fdata-sections  -O2 -m64 -march=x86-64 -mtune=generic -flto=auto -ffat-lto-objects -Wl,--as-needed -Wl,--no-undefined -Wl,--gc-sections -version-info 6:2:4 -Wl,--version-script=./libkmod/libkmod.sym  -o libkmod/libkmod.la -rpath /usr/lib libkmod/libkmod.lo libkmod/libkmod-builtin.lo libkmod/libkmod-list.lo libkmod/libkmod-config.lo libkmod/libkmod-index.lo libkmod/libkmod-module.lo libkmod/libkmod-file.lo libkmod/libkmod-elf.lo libkmod/libkmod-signature.lo shared/libshared.la -lzstd -llzma -lz -lcrypto -lzstd -llzma -lz -lcrypto
libtool: link: x86_64-unknown-linux-musl-gcc -shared  -fPIC -DPIC  libkmod/.libs/libkmod.o libkmod/.libs/libkmod-builtin.o libkmod/.libs/libkmod-list.o libkmod/.libs/libkmod-config.o libkmod/.libs/libkmod-index.o libkmod/.libs/libkmod-module.o libkmod/.libs/libkmod-file.o libkmod/.libs/libkmod-elf.o libkmod/.libs/libkmod-signature.o  -Wl,--whole-archive shared/.libs/libshared.a -Wl,--no-whole-archive  -lzstd -llzma -lz -lcrypto  -O2 -m64 -march=x86-64 -mtune=generic -flto=auto -Wl,--as-needed -Wl,--no-undefined -Wl,--gc-sections -Wl,--version-script=./libkmod/libkmod.sym   -Wl,-soname -Wl,libkmod.so.2 -o libkmod/.libs/libkmod.so.2.4.2
libtool: link: (cd libkmod/.libs/libkmod-internal.lax/libshared.a && x86_64-unknown-linux-musl-ar x "/home/devel/building/work/src/kmod-32/shared/.libs/libshared.a")
libtool: link: x86_64-unknown-linux-musl-ar cr libkmod/.libs/libkmod-internal.a libkmod/.libs/libkmod.o libkmod/.libs/libkmod-builtin.o libkmod/.libs/libkmod-list.o libkmod/.libs/libkmod-config.o libkmod/.libs/libkmod-index.o libkmod/.libs/libkmod-module.o libkmod/.libs/libkmod-file.o libkmod/.libs/libkmod-elf.o libkmod/.libs/libkmod-signature.o   libkmod/.libs/libkmod-internal.lax/libshared.a/array.o libkmod/.libs/libkmod-internal.lax/libshared.a/hash.o libkmod/.libs/libkmod-internal.lax/libshared.a/scratchbuf.o libkmod/.libs/libkmod-internal.lax/libshared.a/strbuf.o libkmod/.libs/libkmod-internal.lax/libshared.a/util.o 
libtool: link: x86_64-unknown-linux-musl-ranlib libkmod/.libs/libkmod-internal.a
libtool: link: rm -fr libkmod/.libs/libkmod-internal.lax
libtool: link: ( cd "libkmod/.libs" && rm -f "libkmod-internal.la" && ln -s "../libkmod-internal.la" "libkmod-internal.la" )
/bin/sh ./libtool  --tag=CC   --mode=link x86_64-unknown-linux-musl-gcc -pipe -DANOTHER_BRICK_IN_THE -Wall -W -Wextra -Wno-inline -Wvla -Wundef -Wformat=2 -Wlogical-op -Wsign-compare -Wmissing-include-dirs -Wold-style-definition -Wpointer-arith -Winit-self -Wdeclaration-after-statement -Wfloat-equal -Wmissing-prototypes -Wstrict-prototypes -Wredundant-decls -Wmissing-declarations -Wmissing-noreturn -Wshadow -Wendif-labels -Wstrict-aliasing=3 -Wwrite-strings -Wno-long-long -Wno-overlength-strings -Wno-unused-parameter -Wno-missing-field-initializers -Wno-unused-result -Wnested-externs -Wchar-subscripts -Wtype-limits -Wuninitialized -fno-common -fdiagnostics-show-option -fvisibility=hidden -ffunction-sections -fdata-sections  -O2 -m64 -march=x86-64 -mtune=generic -flto=auto -ffat-lto-objects -Wl,--as-needed -Wl,--no-undefined -Wl,--gc-sections  -o tools/kmod tools/kmod.o tools/lsmod.o tools/rmmod.o tools/insmod.o tools/modinfo.o tools/modprobe.o tools/depmod.o tools/log.o tools/static-nodes.o shared/libshared.la libkmod/libkmod-internal.la -lzstd -llzma -lz -lcrypto
libtool: link: x86_64-unknown-linux-musl-gcc -pipe -DANOTHER_BRICK_IN_THE -Wall -W -Wextra -Wno-inline -Wvla -Wundef -Wformat=2 -Wlogical-op -Wsign-compare -Wmissing-include-dirs -Wold-style-definition -Wpointer-arith -Winit-self -Wdeclaration-after-statement -Wfloat-equal -Wmissing-prototypes -Wstrict-prototypes -Wredundant-decls -Wmissing-declarations -Wmissing-noreturn -Wshadow -Wendif-labels -Wstrict-aliasing=3 -Wwrite-strings -Wno-long-long -Wno-overlength-strings -Wno-unused-parameter -Wno-missing-field-initializers -Wno-unused-result -Wnested-externs -Wchar-subscripts -Wtype-limits -Wuninitialized -fno-common -fdiagnostics-show-option -fvisibility=hidden -ffunction-sections -fdata-sections -O2 -m64 -march=x86-64 -mtune=generic -flto=auto -ffat-lto-objects -Wl,--as-needed -Wl,--no-undefined -Wl,--gc-sections -o tools/kmod tools/kmod.o tools/lsmod.o tools/rmmod.o tools/insmod.o tools/modinfo.o tools/modprobe.o tools/depmod.o tools/log.o tools/static-nodes.o  shared/.libs/libshared.a libkmod/.libs/libkmod-internal.a -lzstd -llzma -lz -lcrypto
libtool: link: (cd "libkmod/.libs" && rm -f "libkmod.so.2" && ln -s "libkmod.so.2.4.2" "libkmod.so.2")
libtool: link: (cd "libkmod/.libs" && rm -f "libkmod.so" && ln -s "libkmod.so.2.4.2" "libkmod.so")
libtool: link: ( cd "libkmod/.libs" && rm -f "libkmod.la" && ln -s "../libkmod.la" "libkmod.la" )
(rm -f tools/insmod; \
	ln -s kmod tools/insmod)
(rm -f tools/rmmod; \
	ln -s kmod tools/rmmod)
(rm -f tools/lsmod; \
	ln -s kmod tools/lsmod)
(rm -f tools/modprobe; \
	ln -s kmod tools/modprobe)
(rm -f tools/modinfo; \
	ln -s kmod tools/modinfo)
(rm -f tools/depmod; \
	ln -s kmod tools/depmod)
Making all in libkmod/docs
make[2]: Nothing to be done for 'all'.
+ make DESTDIR=/home/devel/building/work/pkg install
Making install in .
 /bin/mkdir -p '/home/devel/building/work/pkg/usr/lib'
 /bin/sh ./libtool   --mode=install /usr/bin/install -c   libkmod/libkmod.la '/home/devel/building/work/pkg/usr/lib'
 /bin/mkdir -p '/home/devel/building/work/pkg/usr/share/bash-completion/completions'
 /bin/mkdir -p '/home/devel/building/work/pkg/usr/include'
 /bin/mkdir -p '/home/devel/building/work/pkg/usr/lib/pkgconfig'
 /usr/bin/install -c -m 644 shell-completion/bash/kmod '/home/devel/building/work/pkg/usr/share/bash-completion/completions'
 /usr/bin/install -c -m 644 libkmod/libkmod.h '/home/devel/building/work/pkg/usr/include'
 /usr/bin/install -c -m 644 libkmod/libkmod.pc tools/kmod.pc '/home/devel/building/work/pkg/usr/lib/pkgconfig'
libtool: install: /usr/bin/install -c libkmod/.libs/libkmod.so.2.4.2 /home/devel/building/work/pkg/usr/lib/libkmod.so.2.4.2
libtool: install: (cd /home/devel/building/work/pkg/usr/lib && { ln -s -f libkmod.so.2.4.2 libkmod.so.2 || { rm -f libkmod.so.2 && ln -s libkmod.so.2.4.2 libkmod.so.2; }; })
libtool: install: (cd /home/devel/building/work/pkg/usr/lib && { ln -s -f libkmod.so.2.4.2 libkmod.so || { rm -f libkmod.so && ln -s libkmod.so.2.4.2 libkmod.so; }; })
libtool: install: /usr/bin/install -c libkmod/.libs/libkmod.lai /home/devel/building/work/pkg/usr/lib/libkmod.la
libtool: warning: remember to run 'libtool --finish /usr/lib'
 /bin/mkdir -p '/home/devel/building/work/pkg/sbin'
  /bin/sh ./libtool   --mode=install /usr/bin/install -c tools/kmod '/home/devel/building/work/pkg/sbin'
libtool: install: /usr/bin/install -c tools/kmod /home/devel/building/work/pkg/sbin/kmod
make --no-print-directory install-exec-hook
if test "/usr/lib" != "/lib"; then \
	/bin/mkdir -p /home/devel/building/work/pkg/lib && \
	so_img_name=$(readlink /home/devel/building/work/pkg/usr/lib/libkmod.so) && \
	so_img_rel_target_prefix=$(echo /usr/lib | sed 's,\(^/\|\)[^/][^/]*,..,g') && \
	ln -sf $so_img_rel_target_prefix/lib/$so_img_name /home/devel/building/work/pkg/usr/lib/libkmod.so && \
	mv /home/devel/building/work/pkg/usr/lib/libkmod.so.* /home/devel/building/work/pkg/lib; \
fi
for tool in insmod lsmod rmmod depmod modprobe modinfo; do \
	ln -s kmod /home/devel/building/work/pkg/sbin/$tool; \
done
Making install in libkmod/docs
make[2]: Nothing to be done for 'install-exec-am'.
make[2]: Nothing to be done for 'install-data-am'.
+ install -d /home/devel/building/work/pkg/etc/modprobe.d /home/devel/building/work/pkg/etc/depmod.d
+ install -d /home/devel/building/work/pkg/bin
+ install -d /home/devel/building/work/pkg/usr/share/man/man5 /home/devel/building/work/pkg/usr/share/man/man8
+ install -m 0644 man/depmod.d.5 man/modprobe.d.5 man/modules.dep.5 man/modules.dep.bin.5 /home/devel/building/work/pkg/usr/share/man/man5
+ install -m 0644 man/depmod.8 man/insmod.8 man/kmod.8 man/lsmod.8 man/modinfo.8 man/modprobe.8 man/rmmod.8 /home/devel/building/work/pkg/usr/share/man/man8
+ ln -s ../sbin/kmod /home/devel/building/work/pkg/bin/lsmod
+ ln -s ../sbin/kmod /home/devel/building/work/pkg/bin/modinfo
+ rm -r /home/devel/building/work/pkg/usr/share/bash-completion
+ find /home/devel/building/work/pkg -type f -name '*.la' -delete
=======> Build result:
drwxr-xr-x  0 root   root        0 May 15 18:45 bin/
lrwxrwxrwx  0 root   root        0 May 15 18:45 bin/lsmod -> ../sbin/kmod
lrwxrwxrwx  0 root   root        0 May 15 18:45 bin/modinfo -> ../sbin/kmod
drwxr-xr-x  0 root   root        0 May 15 18:45 etc/
drwxr-xr-x  0 root   root        0 May 15 18:45 etc/modprobe.d/
drwxr-xr-x  0 root   root        0 May 15 18:45 etc/depmod.d/
drwxr-xr-x  0 root   root        0 May 15 18:45 lib/
lrwxrwxrwx  0 root   root        0 May 15 18:45 lib/libkmod.so.2 -> libkmod.so.2.4.2
-rwxr-xr-x  0 root   root   105592 May 15 18:45 lib/libkmod.so.2.4.2
drwxr-xr-x  0 root   root        0 May 15 18:45 sbin/
-rwxr-xr-x  0 root   root   154688 May 15 18:45 sbin/kmod
lrwxrwxrwx  0 root   root        0 May 15 18:45 sbin/insmod -> kmod
lrwxrwxrwx  0 root   root        0 May 15 18:45 sbin/lsmod -> kmod
lrwxrwxrwx  0 root   root        0 May 15 18:45 sbin/rmmod -> kmod
lrwxrwxrwx  0 root   root        0 May 15 18:45 sbin/depmod -> kmod
lrwxrwxrwx  0 root   root        0 May 15 18:45 sbin/modprobe -> kmod
lrwxrwxrwx  0 root   root        0 May 15 18:45 sbin/modinfo -> kmod
drwxr-xr-x  0 root   root        0 May 15 18:45 usr/
drwxr-xr-x  0 root   root        0 May 15 18:45 usr/lib/
drwxr-xr-x  0 root   root        0 May 15 18:45 usr/share/
drwxr-xr-x  0 root   root        0 May 15 18:45 usr/include/
-rw-r--r--  0 root   root     9667 May 15 18:45 usr/include/libkmod.h
drwxr-xr-x  0 root   root        0 May 15 18:45 usr/share/man/
drwxr-xr-x  0 root   root        0 May 15 18:45 usr/share/man/man5/
drwxr-xr-x  0 root   root        0 May 15 18:45 usr/share/man/man8/
-rw-r--r--  0 root   root     2564 May 15 18:45 usr/share/man/man8/depmod.8.gz
-rw-r--r--  0 root   root      943 May 15 18:45 usr/share/man/man8/insmod.8.gz
-rw-r--r--  0 root   root      955 May 15 18:45 usr/share/man/man8/kmod.8.gz
-rw-r--r--  0 root   root      802 May 15 18:45 usr/share/man/man8/lsmod.8.gz
-rw-r--r--  0 root   root     1647 May 15 18:45 usr/share/man/man8/modinfo.8.gz
-rw-r--r--  0 root   root     3841 May 15 18:45 usr/share/man/man8/modprobe.8.gz
-rw-r--r--  0 root   root     1185 May 15 18:45 usr/share/man/man8/rmmod.8.gz
-rw-r--r--  0 root   root     1834 May 15 18:45 usr/share/man/man5/depmod.d.5.gz
-rw-r--r--  0 root   root     3144 May 15 18:45 usr/share/man/man5/modprobe.d.5.gz
-rw-r--r--  0 root   root     1061 May 15 18:45 usr/share/man/man5/modules.dep.5.gz
-rw-r--r--  0 root   root       56 May 15 18:45 usr/share/man/man5/modules.dep.bin.5.gz
drwxr-xr-x  0 root   root        0 May 15 18:45 usr/lib/pkgconfig/
lrwxrwxrwx  0 root   root        0 May 15 18:45 usr/lib/libkmod.so -> ../../lib/libkmod.so.2.4.2
-rw-r--r--  0 root   root      246 May 15 18:45 usr/lib/pkgconfig/libkmod.pc
-rw-r--r--  0 root   root      220 May 15 18:45 usr/lib/pkgconfig/kmod.pc
=======> Building '/home/devel/packages/kmod#32-1.x86_64.pkg.tar.zst' succeeded.
prt-get: Using PKGMK_PACKAGE_DIR: /home/devel/packages
prt-get: reinstalling kmod 32-1
prt-get: /usr/bin/pkgadd -u kmod#32-1.x86_64.pkg.tar.zst
prt-get: build done Wed May 15 18:45:04 2024

