prt-get: updating /usr/ports/core-x86_64/libcap
prt-get: starting build Wed May 15 18:45:54 2024
=======> Building '/home/devel/packages/libcap#2.69-1.x86_64.pkg.tar.zst'.
bsdtar -p -o -C /home/devel/building/work/src -xf /home/devel/sources/libcap-2.69.tar.xz
+ build
+ cd libcap-2.69
+ sed '/^CFLAGS/s/-O2/-O2 -m64 -march=x86-64 -mtune=generic -flto=auto -ffat-lto-objects/' -i Make.Rules
+ sed '/^PROGS/s/$/ capsh/' -i progs/Makefile
+ make lib=lib prefix=/usr GOLANG=no RAISE_SETFCAP=no PKGCONFIGDIR=/usr/lib/pkgconfig
make -C libcap all
make[1]: Entering directory '/home/devel/building/work/src/libcap-2.69/libcap'
sed -e 's,@prefix@,/usr,' \
	-e 's,@exec_prefix@,/usr,' \
	-e 's,@libdir@,/usr/lib,' \
	-e 's,@includedir@,/usr/include,' \
	-e 's,@VERSION@,2.69,' \
	-e 's,@deps@,,' \
	libcap.pc.in >libcap.pc
=> making cap_names.list.h from /home/devel/building/work/src/libcap-2.69/libcap/../libcap/include/uapi/linux/capability.h
grep -E '^#define\s+CAP_([^\s]+)\s+[0-9]+\s*$' include/uapi/linux/capability.h | sed -e 's/^#define\s\+/{"/' -e 's/\s*$/},/' -e 's/\s\+/",/' -e 'y/ABCDEFGHIJKLMNOPQRSTUVWXYZ/abcdefghijklmnopqrstuvwxyz/' > cap_names.list.h
make libpsx.pc
make[2]: Entering directory '/home/devel/building/work/src/libcap-2.69/libcap'
gcc -O2 -Dlinux -Wall -Wwrite-strings -Wpointer-arith -Wcast-qual -Wcast-align -Wstrict-prototypes -Wmissing-prototypes -Wnested-externs -Winline -Wshadow -Wunreachable-code  -D_LARGEFILE64_SOURCE -D_FILE_OFFSET_BITS=64 -I/home/devel/building/work/src/libcap-2.69/libcap/../libcap/include/uapi -I/home/devel/building/work/src/libcap-2.69/libcap/../libcap/include _makenames.c -o _makenames
(cat cap_names.header ; sed -e 's/[\{\}"]//g' -e 's/,$//' cap_names.list.h) | gperf --ignore-case --language=ANSI-C --readonly --null-strings --global-table --hash-function-name=__cap_hash_name --lookup-function-name="__cap_lookup_name" -c -t -m20  > _caps_output.gperf
sed -e 's,@prefix@,/usr,' \
	-e 's,@exec_prefix@,/usr,' \
	-e 's,@libdir@,/usr/lib,' \
	-e 's,@includedir@,/usr/include,' \
	-e 's,@VERSION@,2.69,' \
	-e 's,@deps@,,' \
	libpsx.pc.in >libpsx.pc
make[2]: Leaving directory '/home/devel/building/work/src/libcap-2.69/libcap'
sed -e 's/unsigned int len/size_t len/' -i _caps_output.gperf
./_makenames > cap_names.h
gcc -O2 -m64 -march=x86-64 -mtune=generic -flto=auto -ffat-lto-objects -Wall -Wwrite-strings -Wpointer-arith -Wcast-qual -Wcast-align -Wstrict-prototypes -Wmissing-prototypes -Wnested-externs -Winline -Wshadow -Wunreachable-code -Wall -Wwrite-strings -Wpointer-arith -Wcast-qual -Wcast-align -Wstrict-prototypes -Wmissing-prototypes -Wnested-externs -Winline -Wshadow -Wunreachable-code -fPIC -Dlinux -D_LARGEFILE64_SOURCE -D_FILE_OFFSET_BITS=64 -I/home/devel/building/work/src/libcap-2.69/libcap/../libcap/include/uapi -I/home/devel/building/work/src/libcap-2.69/libcap/../libcap/include -c cap_alloc.c -o cap_alloc.o
gcc -O2 -m64 -march=x86-64 -mtune=generic -flto=auto -ffat-lto-objects -Wall -Wwrite-strings -Wpointer-arith -Wcast-qual -Wcast-align -Wstrict-prototypes -Wmissing-prototypes -Wnested-externs -Winline -Wshadow -Wunreachable-code -Wall -Wwrite-strings -Wpointer-arith -Wcast-qual -Wcast-align -Wstrict-prototypes -Wmissing-prototypes -Wnested-externs -Winline -Wshadow -Wunreachable-code -fPIC -Dlinux -D_LARGEFILE64_SOURCE -D_FILE_OFFSET_BITS=64 -I/home/devel/building/work/src/libcap-2.69/libcap/../libcap/include/uapi -I/home/devel/building/work/src/libcap-2.69/libcap/../libcap/include -c cap_proc.c -o cap_proc.o
gcc -O2 -m64 -march=x86-64 -mtune=generic -flto=auto -ffat-lto-objects -Wall -Wwrite-strings -Wpointer-arith -Wcast-qual -Wcast-align -Wstrict-prototypes -Wmissing-prototypes -Wnested-externs -Winline -Wshadow -Wunreachable-code -Wall -Wwrite-strings -Wpointer-arith -Wcast-qual -Wcast-align -Wstrict-prototypes -Wmissing-prototypes -Wnested-externs -Winline -Wshadow -Wunreachable-code -fPIC -Dlinux -D_LARGEFILE64_SOURCE -D_FILE_OFFSET_BITS=64 -I/home/devel/building/work/src/libcap-2.69/libcap/../libcap/include/uapi -I/home/devel/building/work/src/libcap-2.69/libcap/../libcap/include -c cap_extint.c -o cap_extint.o
gcc -O2 -m64 -march=x86-64 -mtune=generic -flto=auto -ffat-lto-objects -Wall -Wwrite-strings -Wpointer-arith -Wcast-qual -Wcast-align -Wstrict-prototypes -Wmissing-prototypes -Wnested-externs -Winline -Wshadow -Wunreachable-code -Wall -Wwrite-strings -Wpointer-arith -Wcast-qual -Wcast-align -Wstrict-prototypes -Wmissing-prototypes -Wnested-externs -Winline -Wshadow -Wunreachable-code -fPIC -Dlinux -D_LARGEFILE64_SOURCE -D_FILE_OFFSET_BITS=64 -I/home/devel/building/work/src/libcap-2.69/libcap/../libcap/include/uapi -I/home/devel/building/work/src/libcap-2.69/libcap/../libcap/include -c cap_flag.c -o cap_flag.o
gcc -O2 -m64 -march=x86-64 -mtune=generic -flto=auto -ffat-lto-objects -Wall -Wwrite-strings -Wpointer-arith -Wcast-qual -Wcast-align -Wstrict-prototypes -Wmissing-prototypes -Wnested-externs -Winline -Wshadow -Wunreachable-code -Wall -Wwrite-strings -Wpointer-arith -Wcast-qual -Wcast-align -Wstrict-prototypes -Wmissing-prototypes -Wnested-externs -Winline -Wshadow -Wunreachable-code -fPIC -Dlinux -D_LARGEFILE64_SOURCE -D_FILE_OFFSET_BITS=64 -I/home/devel/building/work/src/libcap-2.69/libcap/../libcap/include/uapi -I/home/devel/building/work/src/libcap-2.69/libcap/../libcap/include -DINCLUDE_GPERF_OUTPUT='"_caps_output.gperf"' -c cap_text.c -o cap_text.o
gcc -O2 -m64 -march=x86-64 -mtune=generic -flto=auto -ffat-lto-objects -Wall -Wwrite-strings -Wpointer-arith -Wcast-qual -Wcast-align -Wstrict-prototypes -Wmissing-prototypes -Wnested-externs -Winline -Wshadow -Wunreachable-code -Wall -Wwrite-strings -Wpointer-arith -Wcast-qual -Wcast-align -Wstrict-prototypes -Wmissing-prototypes -Wnested-externs -Winline -Wshadow -Wunreachable-code -fPIC -Dlinux -D_LARGEFILE64_SOURCE -D_FILE_OFFSET_BITS=64 -I/home/devel/building/work/src/libcap-2.69/libcap/../libcap/include/uapi -I/home/devel/building/work/src/libcap-2.69/libcap/../libcap/include -c cap_file.c -o cap_file.o
ar rcs libcap.a cap_alloc.o cap_proc.o cap_extint.o cap_flag.o cap_text.o cap_file.o
ranlib libcap.a
make libcap.so
make[2]: Entering directory '/home/devel/building/work/src/libcap-2.69/libcap'
gcc -o empty empty.c
objcopy --dump-section .interp=loader.txt empty /dev/null
gcc -O2 -m64 -march=x86-64 -mtune=generic -flto=auto -ffat-lto-objects -Wall -Wwrite-strings -Wpointer-arith -Wcast-qual -Wcast-align -Wstrict-prototypes -Wmissing-prototypes -Wnested-externs -Winline -Wshadow -Wunreachable-code -Wall -Wwrite-strings -Wpointer-arith -Wcast-qual -Wcast-align -Wstrict-prototypes -Wmissing-prototypes -Wnested-externs -Winline -Wshadow -Wunreachable-code -fPIC -Wall -Wwrite-strings -Wpointer-arith -Wcast-qual -Wcast-align -Wstrict-prototypes -Wmissing-prototypes -Wnested-externs -Winline -Wshadow -Wunreachable-code -fPIC -Dlinux -D_LARGEFILE64_SOURCE -D_FILE_OFFSET_BITS=64 -I/home/devel/building/work/src/libcap-2.69/libcap/../libcap/include/uapi -I/home/devel/building/work/src/libcap-2.69/libcap/../libcap/include -DLIBRARY_VERSION=\"libcap-2.69\" -DSHARED_LOADER=\"/lib/ld-musl-x86_64.so.1\" -include ./libcap.h -c execable.c -o cap_magic.o
gcc -Wl,-x -shared -O2 -m64 -march=x86-64 -mtune=generic -flto=auto -ffat-lto-objects -Wall -Wwrite-strings -Wpointer-arith -Wcast-qual -Wcast-align -Wstrict-prototypes -Wmissing-prototypes -Wnested-externs -Winline -Wshadow -Wunreachable-code -Wall -Wwrite-strings -Wpointer-arith -Wcast-qual -Wcast-align -Wstrict-prototypes -Wmissing-prototypes -Wnested-externs -Winline -Wshadow -Wunreachable-code -fPIC -Wall -Wwrite-strings -Wpointer-arith -Wcast-qual -Wcast-align -Wstrict-prototypes -Wmissing-prototypes -Wnested-externs -Winline -Wshadow -Wunreachable-code -fPIC  -Wl,-soname,libcap.so.2 -o libcap.so.2.69 cap_alloc.o cap_proc.o cap_extint.o cap_flag.o cap_text.o cap_file.o cap_magic.o -Wl,-e,__so_start
ln -sf libcap.so.2.69 libcap.so.2
ln -sf libcap.so.2 libcap.so
make[2]: Leaving directory '/home/devel/building/work/src/libcap-2.69/libcap'
make libpsx.a
make[2]: Entering directory '/home/devel/building/work/src/libcap-2.69/libcap'
gcc -O2 -m64 -march=x86-64 -mtune=generic -flto=auto -ffat-lto-objects -Wall -Wwrite-strings -Wpointer-arith -Wcast-qual -Wcast-align -Wstrict-prototypes -Wmissing-prototypes -Wnested-externs -Winline -Wshadow -Wunreachable-code -Wall -Wwrite-strings -Wpointer-arith -Wcast-qual -Wcast-align -Wstrict-prototypes -Wmissing-prototypes -Wnested-externs -Winline -Wshadow -Wunreachable-code -fPIC -Wall -Wwrite-strings -Wpointer-arith -Wcast-qual -Wcast-align -Wstrict-prototypes -Wmissing-prototypes -Wnested-externs -Winline -Wshadow -Wunreachable-code -fPIC -Dlinux -D_LARGEFILE64_SOURCE -D_FILE_OFFSET_BITS=64 -I/home/devel/building/work/src/libcap-2.69/libcap/../libcap/include/uapi -I/home/devel/building/work/src/libcap-2.69/libcap/../libcap/include -c ../psx/psx.c -o ../psx/psx.o
rm -f include/sys/psx_syscall.h
ln -s ../../../psx/psx_syscall.h include/sys/psx_syscall.h
ar rcs libpsx.a ../psx/psx.o
ranlib libpsx.a
make[2]: Leaving directory '/home/devel/building/work/src/libcap-2.69/libcap'
make libpsx.so
make[2]: Entering directory '/home/devel/building/work/src/libcap-2.69/libcap'
gcc -O2 -m64 -march=x86-64 -mtune=generic -flto=auto -ffat-lto-objects -Wall -Wwrite-strings -Wpointer-arith -Wcast-qual -Wcast-align -Wstrict-prototypes -Wmissing-prototypes -Wnested-externs -Winline -Wshadow -Wunreachable-code -Wall -Wwrite-strings -Wpointer-arith -Wcast-qual -Wcast-align -Wstrict-prototypes -Wmissing-prototypes -Wnested-externs -Winline -Wshadow -Wunreachable-code -fPIC -Wall -Wwrite-strings -Wpointer-arith -Wcast-qual -Wcast-align -Wstrict-prototypes -Wmissing-prototypes -Wnested-externs -Winline -Wshadow -Wunreachable-code -fPIC -Dlinux -D_LARGEFILE64_SOURCE -D_FILE_OFFSET_BITS=64 -I/home/devel/building/work/src/libcap-2.69/libcap/../libcap/include/uapi -I/home/devel/building/work/src/libcap-2.69/libcap/../libcap/include -DLIBRARY_VERSION=\"libpsx-2.69\" -DSHARED_LOADER=\"/lib/ld-musl-x86_64.so.1\" -c psx_exec.c -o psx_magic.o
gcc -Wl,-x -shared -O2 -m64 -march=x86-64 -mtune=generic -flto=auto -ffat-lto-objects -Wall -Wwrite-strings -Wpointer-arith -Wcast-qual -Wcast-align -Wstrict-prototypes -Wmissing-prototypes -Wnested-externs -Winline -Wshadow -Wunreachable-code -Wall -Wwrite-strings -Wpointer-arith -Wcast-qual -Wcast-align -Wstrict-prototypes -Wmissing-prototypes -Wnested-externs -Winline -Wshadow -Wunreachable-code -fPIC -Wall -Wwrite-strings -Wpointer-arith -Wcast-qual -Wcast-align -Wstrict-prototypes -Wmissing-prototypes -Wnested-externs -Winline -Wshadow -Wunreachable-code -fPIC  -Wl,-soname,libpsx.so.2 -o libpsx.so.2.69 ../psx/psx.o psx_magic.o -Wl,-e,__so_start -lpthread -Wl,-wrap,pthread_create
ln -sf libpsx.so.2.69 libpsx.so.2
ln -sf libpsx.so.2 libpsx.so
make[2]: Leaving directory '/home/devel/building/work/src/libcap-2.69/libcap'
make[1]: Leaving directory '/home/devel/building/work/src/libcap-2.69/libcap'
make -C tests all
make[1]: Entering directory '/home/devel/building/work/src/libcap-2.69/tests'
leave test building to test target
make[1]: Leaving directory '/home/devel/building/work/src/libcap-2.69/tests'
make -C progs all
make[1]: Entering directory '/home/devel/building/work/src/libcap-2.69/progs'
Makefile:60: warning: overriding recipe for target 'capsh'
Makefile:38: warning: ignoring old recipe for target 'capsh'
gcc -O2 -m64 -march=x86-64 -mtune=generic -flto=auto -ffat-lto-objects -Wall -Wwrite-strings -Wpointer-arith -Wcast-qual -Wcast-align -Wstrict-prototypes -Wmissing-prototypes -Wnested-externs -Winline -Wshadow -Wunreachable-code -Wall -Wwrite-strings -Wpointer-arith -Wcast-qual -Wcast-align -Wstrict-prototypes -Wmissing-prototypes -Wnested-externs -Winline -Wshadow -Wunreachable-code -Dlinux -D_LARGEFILE64_SOURCE -D_FILE_OFFSET_BITS=64 -I/home/devel/building/work/src/libcap-2.69/progs/../libcap/include/uapi -I/home/devel/building/work/src/libcap-2.69/progs/../libcap/include -c getpcaps.c -o getpcaps.o
gcc -O2 -m64 -march=x86-64 -mtune=generic -flto=auto -ffat-lto-objects -Wall -Wwrite-strings -Wpointer-arith -Wcast-qual -Wcast-align -Wstrict-prototypes -Wmissing-prototypes -Wnested-externs -Winline -Wshadow -Wunreachable-code -Wall -Wwrite-strings -Wpointer-arith -Wcast-qual -Wcast-align -Wstrict-prototypes -Wmissing-prototypes -Wnested-externs -Winline -Wshadow -Wunreachable-code -Dlinux -D_LARGEFILE64_SOURCE -D_FILE_OFFSET_BITS=64 -I/home/devel/building/work/src/libcap-2.69/progs/../libcap/include/uapi -I/home/devel/building/work/src/libcap-2.69/progs/../libcap/include -c getcap.c -o getcap.o
gcc -O2 -m64 -march=x86-64 -mtune=generic -flto=auto -ffat-lto-objects -Wall -Wwrite-strings -Wpointer-arith -Wcast-qual -Wcast-align -Wstrict-prototypes -Wmissing-prototypes -Wnested-externs -Winline -Wshadow -Wunreachable-code -Wall -Wwrite-strings -Wpointer-arith -Wcast-qual -Wcast-align -Wstrict-prototypes -Wmissing-prototypes -Wnested-externs -Winline -Wshadow -Wunreachable-code -Dlinux -D_LARGEFILE64_SOURCE -D_FILE_OFFSET_BITS=64 -I/home/devel/building/work/src/libcap-2.69/progs/../libcap/include/uapi -I/home/devel/building/work/src/libcap-2.69/progs/../libcap/include -c setcap.c -o setcap.o
./mkcapshdoc.sh > capshdoc.c.cf
gcc -O2 -m64 -march=x86-64 -mtune=generic -flto=auto -ffat-lto-objects -Wall -Wwrite-strings -Wpointer-arith -Wcast-qual -Wcast-align -Wstrict-prototypes -Wmissing-prototypes -Wnested-externs -Winline -Wshadow -Wunreachable-code -Wall -Wwrite-strings -Wpointer-arith -Wcast-qual -Wcast-align -Wstrict-prototypes -Wmissing-prototypes -Wnested-externs -Winline -Wshadow -Wunreachable-code -Dlinux -D_LARGEFILE64_SOURCE -D_FILE_OFFSET_BITS=64 -I/home/devel/building/work/src/libcap-2.69/progs/../libcap/include/uapi -I/home/devel/building/work/src/libcap-2.69/progs/../libcap/include -c capsh.c -o capsh.o
gcc -O2 -m64 -march=x86-64 -mtune=generic -flto=auto -ffat-lto-objects -Wall -Wwrite-strings -Wpointer-arith -Wcast-qual -Wcast-align -Wstrict-prototypes -Wmissing-prototypes -Wnested-externs -Winline -Wshadow -Wunreachable-code -Wall -Wwrite-strings -Wpointer-arith -Wcast-qual -Wcast-align -Wstrict-prototypes -Wmissing-prototypes -Wnested-externs -Winline -Wshadow -Wunreachable-code  getcap.o -L/home/devel/building/work/src/libcap-2.69/progs/../libcap -lcap  -o getcap
gcc -O2 -m64 -march=x86-64 -mtune=generic -flto=auto -ffat-lto-objects -Wall -Wwrite-strings -Wpointer-arith -Wcast-qual -Wcast-align -Wstrict-prototypes -Wmissing-prototypes -Wnested-externs -Winline -Wshadow -Wunreachable-code -Wall -Wwrite-strings -Wpointer-arith -Wcast-qual -Wcast-align -Wstrict-prototypes -Wmissing-prototypes -Wnested-externs -Winline -Wshadow -Wunreachable-code  getpcaps.o -L/home/devel/building/work/src/libcap-2.69/progs/../libcap -lcap  -o getpcaps
diff -u capshdoc.c capshdoc.c.cf || (rm capshdoc.c.cf ; exit 1)
gcc -O2 -m64 -march=x86-64 -mtune=generic -flto=auto -ffat-lto-objects -Wall -Wwrite-strings -Wpointer-arith -Wcast-qual -Wcast-align -Wstrict-prototypes -Wmissing-prototypes -Wnested-externs -Winline -Wshadow -Wunreachable-code -Wall -Wwrite-strings -Wpointer-arith -Wcast-qual -Wcast-align -Wstrict-prototypes -Wmissing-prototypes -Wnested-externs -Winline -Wshadow -Wunreachable-code  setcap.o -L/home/devel/building/work/src/libcap-2.69/progs/../libcap -lcap  -o setcap
gcc -O2 -m64 -march=x86-64 -mtune=generic -flto=auto -ffat-lto-objects -Wall -Wwrite-strings -Wpointer-arith -Wcast-qual -Wcast-align -Wstrict-prototypes -Wmissing-prototypes -Wnested-externs -Winline -Wshadow -Wunreachable-code -Wall -Wwrite-strings -Wpointer-arith -Wcast-qual -Wcast-align -Wstrict-prototypes -Wmissing-prototypes -Wnested-externs -Winline -Wshadow -Wunreachable-code -Dlinux -D_LARGEFILE64_SOURCE -D_FILE_OFFSET_BITS=64 -I/home/devel/building/work/src/libcap-2.69/progs/../libcap/include/uapi -I/home/devel/building/work/src/libcap-2.69/progs/../libcap/include   capsh.c capshdoc.c -L/home/devel/building/work/src/libcap-2.69/progs/../libcap -lcap  -o capsh
make[1]: Leaving directory '/home/devel/building/work/src/libcap-2.69/progs'
make -C doc all
make[1]: Entering directory '/home/devel/building/work/src/libcap-2.69/doc'
make[1]: Nothing to be done for 'all'.
make[1]: Leaving directory '/home/devel/building/work/src/libcap-2.69/doc'
+ make lib=lib prefix=/usr GOLANG=no RAISE_SETFCAP=no PKGCONFIGDIR=/usr/lib/pkgconfig DESTDIR=/home/devel/building/work/pkg install
make -C libcap install
make[1]: Entering directory '/home/devel/building/work/src/libcap-2.69/libcap'
mkdir -p -m 0755 /home/devel/building/work/pkg/usr/include/sys
mkdir -p -m 0755 /home/devel/building/work/pkg/usr/lib/pkgconfig
mkdir -p -m 0755 /home/devel/building/work/pkg/usr/lib
install -m 0644 include/sys/capability.h /home/devel/building/work/pkg/usr/include/sys
install -m 0644 libcap.pc /home/devel/building/work/pkg/usr/lib/pkgconfig/libcap.pc
install -m 0644 libcap.a /home/devel/building/work/pkg/usr/lib/libcap.a
make install-static-psx
make[2]: Entering directory '/home/devel/building/work/src/libcap-2.69/libcap'
mkdir -p -m 0755 /home/devel/building/work/pkg/usr/include/sys
mkdir -p -m 0755 /home/devel/building/work/pkg/usr/lib/pkgconfig
mkdir -p -m 0755 /home/devel/building/work/pkg/usr/lib
install -m 0644 include/sys/psx_syscall.h /home/devel/building/work/pkg/usr/include/sys
install -m 0644 libpsx.pc /home/devel/building/work/pkg/usr/lib/pkgconfig/libpsx.pc
install -m 0644 libpsx.a /home/devel/building/work/pkg/usr/lib/libpsx.a
make[2]: Leaving directory '/home/devel/building/work/src/libcap-2.69/libcap'
make install-shared
make[2]: Entering directory '/home/devel/building/work/src/libcap-2.69/libcap'
mkdir -p -m 0755 /home/devel/building/work/pkg/usr/include/sys
mkdir -p -m 0755 /home/devel/building/work/pkg/usr/lib/pkgconfig
mkdir -p -m 0755 /home/devel/building/work/pkg/usr/lib
install -m 0644 include/sys/capability.h /home/devel/building/work/pkg/usr/include/sys
install -m 0644 libcap.pc /home/devel/building/work/pkg/usr/lib/pkgconfig/libcap.pc
install -m 0755 libcap.so.2.69 /home/devel/building/work/pkg/usr/lib/libcap.so.2.69
ln -sf libcap.so.2.69 /home/devel/building/work/pkg/usr/lib/libcap.so.2
ln -sf libcap.so.2 /home/devel/building/work/pkg/usr/lib/libcap.so
make install-shared-psx
make[3]: Entering directory '/home/devel/building/work/src/libcap-2.69/libcap'
mkdir -p -m 0755 /home/devel/building/work/pkg/usr/include/sys
mkdir -p -m 0755 /home/devel/building/work/pkg/usr/lib/pkgconfig
mkdir -p -m 0755 /home/devel/building/work/pkg/usr/lib
install -m 0644 include/sys/psx_syscall.h /home/devel/building/work/pkg/usr/include/sys
install -m 0644 libpsx.pc /home/devel/building/work/pkg/usr/lib/pkgconfig/libpsx.pc
install -m 0755 libpsx.so.2.69 /home/devel/building/work/pkg/usr/lib/libpsx.so.2.69
ln -sf libpsx.so.2.69 /home/devel/building/work/pkg/usr/lib/libpsx.so.2
ln -sf libpsx.so.2 /home/devel/building/work/pkg/usr/lib/libpsx.so
make[3]: Leaving directory '/home/devel/building/work/src/libcap-2.69/libcap'
make[2]: Leaving directory '/home/devel/building/work/src/libcap-2.69/libcap'
make[1]: Leaving directory '/home/devel/building/work/src/libcap-2.69/libcap'
make -C tests install
make[1]: Entering directory '/home/devel/building/work/src/libcap-2.69/tests'
nothing to install from tests
make[1]: Leaving directory '/home/devel/building/work/src/libcap-2.69/tests'
make -C progs install
make[1]: Entering directory '/home/devel/building/work/src/libcap-2.69/progs'
Makefile:60: warning: overriding recipe for target 'capsh'
Makefile:38: warning: ignoring old recipe for target 'capsh'
mkdir -p -m 0755 /home/devel/building/work/pkg/usr/sbin
for p in getpcaps getcap setcap capsh capsh ; do \
	install -m 0755 $p /home/devel/building/work/pkg/usr/sbin ; \
done
make[1]: Leaving directory '/home/devel/building/work/src/libcap-2.69/progs'
make -C doc install
make[1]: Entering directory '/home/devel/building/work/src/libcap-2.69/doc'
mkdir -p -m 755 /home/devel/building/work/pkg/usr/share/man/man1 /home/devel/building/work/pkg/usr/share/man/man3 /home/devel/building/work/pkg/usr/share/man/man8
for man in \
	/home/devel/building/work/pkg/usr/share/man/man1 capsh.1 \
	/home/devel/building/work/pkg/usr/share/man/man3 cap_init.3 cap_free.3 cap_dup.3 cap_clear.3 cap_clear_flag.3 cap_get_flag.3 cap_set_flag.3 cap_fill.3 cap_fill_flag.3 cap_max_bits.3 cap_compare.3 cap_get_proc.3 cap_get_pid.3 cap_set_proc.3 cap_get_file.3 cap_get_fd.3 cap_set_file.3 cap_set_fd.3 cap_set_nsowner.3 cap_get_nsowner.3 cap_copy_ext.3 cap_size.3 cap_copy_int.3 cap_mode.3 cap_copy_int_check.3 cap_set_syscall.3 cap_from_text.3 cap_to_text.3 cap_from_name.3 cap_to_name.3 capsetp.3 capgetp.3 libcap.3 cap_get_bound.3 cap_drop_bound.3 cap_get_mode.3 cap_set_mode.3 cap_mode_name.3 cap_get_secbits.3 cap_set_secbits.3 cap_setuid.3 cap_setgroups.3 cap_launch.3 cap_func_launcher.3 cap_launcher_callback.3 cap_launcher_set_chroot.3 cap_launcher_set_mode.3 cap_launcher_setgroups.3 cap_launcher_setuid.3 cap_launcher_set_iab.3 cap_new_launcher.3 cap_iab.3 cap_iab_init.3 cap_iab_dup.3 cap_iab_compare.3 cap_iab_get_proc.3 cap_iab_get_pid.3 cap_iab_set_proc.3 cap_iab_to_text.3 cap_iab_from_text.3 cap_iab_get_vector.3 cap_iab_set_vector.3 cap_iab_fill.3 cap_proc_root.3 cap_prctl.3 cap_prctlw.3 psx_syscall.3 psx_syscall3.3 psx_syscall6.3 psx_set_sensitivity.3 psx_load_syscalls.3 __psx_syscall.3 libpsx.3 \
	/home/devel/building/work/pkg/usr/share/man/man8 getcap.8 setcap.8 getpcaps.8 captree.8 \
	; \
do \
	case $man in \
	/*)	sub=$man ; continue ;; \
	esac; \
	install -m 644 $man $sub ; \
done
make[1]: Leaving directory '/home/devel/building/work/src/libcap-2.69/doc'
+ find /home/devel/building/work/pkg -type f -name '*.la' -delete
=======> Build result:
drwxr-xr-x  0 root   root        0 May 15 18:45 usr/
drwxr-xr-x  0 root   root        0 May 15 18:45 usr/include/
drwxr-xr-x  0 root   root        0 May 15 18:45 usr/lib/
drwxr-xr-x  0 root   root        0 May 15 18:45 usr/sbin/
drwxr-xr-x  0 root   root        0 May 15 18:45 usr/share/
drwxr-xr-x  0 root   root        0 May 15 18:45 usr/share/man/
drwxr-xr-x  0 root   root        0 May 15 18:45 usr/share/man/man1/
drwxr-xr-x  0 root   root        0 May 15 18:45 usr/share/man/man3/
drwxr-xr-x  0 root   root        0 May 15 18:45 usr/share/man/man8/
-rw-r--r--  0 root   root      569 May 15 18:45 usr/share/man/man8/getcap.8.gz
-rw-r--r--  0 root   root      912 May 15 18:45 usr/share/man/man8/setcap.8.gz
-rw-r--r--  0 root   root      838 May 15 18:45 usr/share/man/man8/getpcaps.8.gz
-rw-r--r--  0 root   root     1250 May 15 18:45 usr/share/man/man8/captree.8.gz
-rw-r--r--  0 root   root     1047 May 15 18:45 usr/share/man/man3/cap_init.3.gz
-rw-r--r--  0 root   root       51 May 15 18:45 usr/share/man/man3/cap_free.3.gz
-rw-r--r--  0 root   root       50 May 15 18:45 usr/share/man/man3/cap_dup.3.gz
-rw-r--r--  0 root   root     1640 May 15 18:45 usr/share/man/man3/cap_clear.3.gz
-rw-r--r--  0 root   root       58 May 15 18:45 usr/share/man/man3/cap_clear_flag.3.gz
-rw-r--r--  0 root   root       56 May 15 18:45 usr/share/man/man3/cap_get_flag.3.gz
-rw-r--r--  0 root   root       56 May 15 18:45 usr/share/man/man3/cap_set_flag.3.gz
-rw-r--r--  0 root   root       52 May 15 18:45 usr/share/man/man3/cap_fill.3.gz
-rw-r--r--  0 root   root       57 May 15 18:45 usr/share/man/man3/cap_fill_flag.3.gz
-rw-r--r--  0 root   root       56 May 15 18:45 usr/share/man/man3/cap_max_bits.3.gz
-rw-r--r--  0 root   root       55 May 15 18:45 usr/share/man/man3/cap_compare.3.gz
-rw-r--r--  0 root   root     4493 May 15 18:45 usr/share/man/man3/cap_get_proc.3.gz
-rw-r--r--  0 root   root       58 May 15 18:45 usr/share/man/man3/cap_get_pid.3.gz
-rw-r--r--  0 root   root       59 May 15 18:45 usr/share/man/man3/cap_set_proc.3.gz
-rw-r--r--  0 root   root     1585 May 15 18:45 usr/share/man/man3/cap_get_file.3.gz
-rw-r--r--  0 root   root       57 May 15 18:45 usr/share/man/man3/cap_get_fd.3.gz
-rw-r--r--  0 root   root       59 May 15 18:45 usr/share/man/man3/cap_set_file.3.gz
-rw-r--r--  0 root   root       57 May 15 18:45 usr/share/man/man3/cap_set_fd.3.gz
-rw-r--r--  0 root   root       62 May 15 18:45 usr/share/man/man3/cap_set_nsowner.3.gz
-rw-r--r--  0 root   root       62 May 15 18:45 usr/share/man/man3/cap_get_nsowner.3.gz
-rw-r--r--  0 root   root     1447 May 15 18:45 usr/share/man/man3/cap_copy_ext.3.gz
-rw-r--r--  0 root   root       55 May 15 18:45 usr/share/man/man3/cap_size.3.gz
-rw-r--r--  0 root   root       59 May 15 18:45 usr/share/man/man3/cap_copy_int.3.gz
-rw-r--r--  0 root   root       55 May 15 18:45 usr/share/man/man3/cap_mode.3.gz
-rw-r--r--  0 root   root       65 May 15 18:45 usr/share/man/man3/cap_copy_int_check.3.gz
-rw-r--r--  0 root   root       56 May 15 18:45 usr/share/man/man3/cap_set_syscall.3.gz
-rw-r--r--  0 root   root     2852 May 15 18:45 usr/share/man/man3/cap_from_text.3.gz
-rw-r--r--  0 root   root       59 May 15 18:45 usr/share/man/man3/cap_to_text.3.gz
-rw-r--r--  0 root   root       61 May 15 18:45 usr/share/man/man3/cap_from_name.3.gz
-rw-r--r--  0 root   root       59 May 15 18:45 usr/share/man/man3/cap_to_name.3.gz
-rw-r--r--  0 root   root       54 May 15 18:45 usr/share/man/man3/capsetp.3.gz
-rw-r--r--  0 root   root       54 May 15 18:45 usr/share/man/man3/capgetp.3.gz
-rw-r--r--  0 root   root     2290 May 15 18:45 usr/share/man/man3/libcap.3.gz
-rw-r--r--  0 root   root       60 May 15 18:45 usr/share/man/man3/cap_get_bound.3.gz
-rw-r--r--  0 root   root       61 May 15 18:45 usr/share/man/man3/cap_drop_bound.3.gz
-rw-r--r--  0 root   root       59 May 15 18:45 usr/share/man/man3/cap_get_mode.3.gz
-rw-r--r--  0 root   root       59 May 15 18:45 usr/share/man/man3/cap_set_mode.3.gz
-rw-r--r--  0 root   root       60 May 15 18:45 usr/share/man/man3/cap_mode_name.3.gz
-rw-r--r--  0 root   root       62 May 15 18:45 usr/share/man/man3/cap_get_secbits.3.gz
-rw-r--r--  0 root   root       62 May 15 18:45 usr/share/man/man3/cap_set_secbits.3.gz
-rw-r--r--  0 root   root       57 May 15 18:45 usr/share/man/man3/cap_setuid.3.gz
-rw-r--r--  0 root   root       60 May 15 18:45 usr/share/man/man3/cap_setgroups.3.gz
-rw-r--r--  0 root   root     2680 May 15 18:45 usr/share/man/man3/cap_launch.3.gz
-rw-r--r--  0 root   root       62 May 15 18:45 usr/share/man/man3/cap_func_launcher.3.gz
-rw-r--r--  0 root   root       66 May 15 18:45 usr/share/man/man3/cap_launcher_callback.3.gz
-rw-r--r--  0 root   root       68 May 15 18:45 usr/share/man/man3/cap_launcher_set_chroot.3.gz
-rw-r--r--  0 root   root       66 May 15 18:45 usr/share/man/man3/cap_launcher_set_mode.3.gz
-rw-r--r--  0 root   root       67 May 15 18:45 usr/share/man/man3/cap_launcher_setgroups.3.gz
-rw-r--r--  0 root   root       64 May 15 18:45 usr/share/man/man3/cap_launcher_setuid.3.gz
-rw-r--r--  0 root   root       65 May 15 18:45 usr/share/man/man3/cap_launcher_set_iab.3.gz
-rw-r--r--  0 root   root       61 May 15 18:45 usr/share/man/man3/cap_new_launcher.3.gz
-rw-r--r--  0 root   root     3073 May 15 18:45 usr/share/man/man3/cap_iab.3.gz
-rw-r--r--  0 root   root       54 May 15 18:45 usr/share/man/man3/cap_iab_init.3.gz
-rw-r--r--  0 root   root       53 May 15 18:45 usr/share/man/man3/cap_iab_dup.3.gz
-rw-r--r--  0 root   root       57 May 15 18:45 usr/share/man/man3/cap_iab_compare.3.gz
-rw-r--r--  0 root   root       58 May 15 18:45 usr/share/man/man3/cap_iab_get_proc.3.gz
-rw-r--r--  0 root   root       57 May 15 18:45 usr/share/man/man3/cap_iab_get_pid.3.gz
-rw-r--r--  0 root   root       58 May 15 18:45 usr/share/man/man3/cap_iab_set_proc.3.gz
-rw-r--r--  0 root   root       57 May 15 18:45 usr/share/man/man3/cap_iab_to_text.3.gz
-rw-r--r--  0 root   root       59 May 15 18:45 usr/share/man/man3/cap_iab_from_text.3.gz
-rw-r--r--  0 root   root       60 May 15 18:45 usr/share/man/man3/cap_iab_get_vector.3.gz
-rw-r--r--  0 root   root       60 May 15 18:45 usr/share/man/man3/cap_iab_set_vector.3.gz
-rw-r--r--  0 root   root       54 May 15 18:45 usr/share/man/man3/cap_iab_fill.3.gz
-rw-r--r--  0 root   root       55 May 15 18:45 usr/share/man/man3/cap_proc_root.3.gz
-rw-r--r--  0 root   root       56 May 15 18:45 usr/share/man/man3/cap_prctl.3.gz
-rw-r--r--  0 root   root       57 May 15 18:45 usr/share/man/man3/cap_prctlw.3.gz
-rw-r--r--  0 root   root       52 May 15 18:45 usr/share/man/man3/psx_syscall.3.gz
-rw-r--r--  0 root   root       53 May 15 18:45 usr/share/man/man3/psx_syscall3.3.gz
-rw-r--r--  0 root   root       53 May 15 18:45 usr/share/man/man3/psx_syscall6.3.gz
-rw-r--r--  0 root   root       60 May 15 18:45 usr/share/man/man3/psx_set_sensitivity.3.gz
-rw-r--r--  0 root   root       58 May 15 18:45 usr/share/man/man3/psx_load_syscalls.3.gz
-rw-r--r--  0 root   root       54 May 15 18:45 usr/share/man/man3/__psx_syscall.3.gz
-rw-r--r--  0 root   root     1942 May 15 18:45 usr/share/man/man3/libpsx.3.gz
-rw-r--r--  0 root   root     3857 May 15 18:45 usr/share/man/man1/capsh.1.gz
-rwxr-xr-x  0 root   root    14296 May 15 18:45 usr/sbin/getpcaps
-rwxr-xr-x  0 root   root    14272 May 15 18:45 usr/sbin/getcap
-rwxr-xr-x  0 root   root    14344 May 15 18:45 usr/sbin/setcap
-rwxr-xr-x  0 root   root    46280 May 15 18:45 usr/sbin/capsh
drwxr-xr-x  0 root   root        0 May 15 18:45 usr/lib/pkgconfig/
-rw-r--r--  0 root   root   246264 May 15 18:45 usr/lib/libcap.a
-rw-r--r--  0 root   root    55180 May 15 18:45 usr/lib/libpsx.a
-rwxr-xr-x  0 root   root    47672 May 15 18:45 usr/lib/libcap.so.2.69
lrwxrwxrwx  0 root   root        0 May 15 18:45 usr/lib/libcap.so.2 -> libcap.so.2.69
lrwxrwxrwx  0 root   root        0 May 15 18:45 usr/lib/libcap.so -> libcap.so.2
-rwxr-xr-x  0 root   root    22736 May 15 18:45 usr/lib/libpsx.so.2.69
lrwxrwxrwx  0 root   root        0 May 15 18:45 usr/lib/libpsx.so.2 -> libpsx.so.2.69
lrwxrwxrwx  0 root   root        0 May 15 18:45 usr/lib/libpsx.so -> libpsx.so.2
-rw-r--r--  0 root   root      209 May 15 18:45 usr/lib/pkgconfig/libcap.pc
-rw-r--r--  0 root   root      254 May 15 18:45 usr/lib/pkgconfig/libpsx.pc
drwxr-xr-x  0 root   root        0 May 15 18:45 usr/include/sys/
-rw-r--r--  0 root   root     8681 May 15 18:45 usr/include/sys/capability.h
-rw-r--r--  0 root   root     3511 May 15 18:45 usr/include/sys/psx_syscall.h
=======> Building '/home/devel/packages/libcap#2.69-1.x86_64.pkg.tar.zst' succeeded.
prt-get: Using PKGMK_PACKAGE_DIR: /home/devel/packages
prt-get: reinstalling libcap 2.69-1
prt-get: /usr/bin/pkgadd -u libcap#2.69-1.x86_64.pkg.tar.zst
prt-get: build done Wed May 15 18:45:57 2024

