prt-get: updating /usr/ports/core-x86_64/lynx
prt-get: starting build Wed May 15 18:51:17 2024
=======> Building '/home/devel/packages/lynx#2.9.0-1.x86_64.pkg.tar.zst'.
bsdtar -p -o -C /home/devel/building/work/src -xf /home/devel/sources/lynx2.9.0.tar.gz
+ build
+ cd lynx2.9.0
+ ./configure --build=x86_64-unknown-linux-musl --host=x86_64-unknown-linux-musl --prefix=/usr --sysconfdir=/etc --enable-8bit-toupper --enable-externs --enable-nsl-fork --enable-cgi-links --enable-exec-links --enable-exec-scripts --enable-persistent-cookies --enable-gzip-help --enable-prettysrc --enable-source-cache --enable-cjk --enable-default-colors --enable-nested-tables --enable-japanese-utf8 --enable-ipv6 --enable-forms-options --enable-justify-elts --enable-partial --enable-read-eta --enable-scrollbar --enable-progressbar --enable-syslog --enable-kbd-layout --disable-idna --disable-nls --with-zlib --with-bzlib --with-screen=ncursesw --with-ssl --without-included-gettext
Configuring lynx version 2.9.0
checking build system type... x86_64-unknown-linux-musl
checking host system type... x86_64-unknown-linux-musl
checking target system type... x86_64-unknown-linux-musl
Configuring for linux-musl
checking for DESTDIR... 
checking for x86_64-unknown-linux-musl-gcc... x86_64-unknown-linux-musl-gcc
checking for C compiler default output... a.out
checking whether the C compiler works... yes
checking whether we are cross compiling... no
checking for executable suffix... 
checking for object suffix... o
checking whether we are using the GNU C compiler... yes
checking whether x86_64-unknown-linux-musl-gcc accepts -g... yes
checking version of x86_64-unknown-linux-musl-gcc... 14.1.0
checking if this is really Intel C compiler... no
checking if this is really Clang C compiler... no
checking for x86_64-unknown-linux-musl-gcc option to accept ANSI C... none needed
checking $CFLAGS variable... ok
checking $CC variable... ok
checking for ggrep... no
checking for grep... grep
checking for egrep... grep -E
checking how to run the C preprocessor... x86_64-unknown-linux-musl-gcc -E
checking if preprocessor -C option works... yes
checking whether ln -s works... yes
checking whether make sets ${MAKE}... yes
checking for a BSD compatible install... /usr/bin/install -c
checking for byacc... no
checking for bison... bison -y
checking for egrep... (cached) grep -E
checking for lint... no
checking for cppcheck... no
checking for splint... no
checking for fgrep... grep -F
checking for makeflags variable... 
checking for ".PHONY" make-support... yes
checking if filesystem supports mixed-case filenames... yes
checking for exctags... no
checking for ctags... no
checking for exetags... no
checking for etags... no
checking for ctags... no
checking for etags... no
checking for x86_64-unknown-linux-musl-windres... no
checking for windres... none
checking for x86_64-unknown-linux-musl-ranlib... x86_64-unknown-linux-musl-ranlib
checking for x86_64-unknown-linux-musl-ar... x86_64-unknown-linux-musl-ar
checking for options to update archives... -curvU
checking if you want to see long compiling messages... yes
checking if you want to check memory-leaks... no
checking if you want to enable debug-code... no
checking if you want to enable lynx trace code *recommended* ... yes
checking if you want verbose trace code... no
checking if you want to use C11 _Noreturn feature... no
checking if you want to turn on gcc warnings... no
checking if you want to use dbmalloc for testing... no
checking if you want to use dmalloc for testing... no
checking $CFLAGS variable... ok
checking $CC variable... ok
checking for x86_64-unknown-linux-musl-gcc option to accept ANSI C... -DCC_HAS_PROTOS
checking for special C compiler options needed for large files... no
checking for _FILE_OFFSET_BITS value needed for large files... no
checking for _LARGE_FILES value needed for large files... no
checking for _LARGEFILE_SOURCE value needed for large files... no
checking for fseeko... yes
checking whether to use struct dirent64... no
checking for PATH separator... :
checking for msginit... /usr/bin/msginit
checking for x86_64-unknown-linux-musl-ranlib... (cached) x86_64-unknown-linux-musl-ranlib
checking for ANSI C header files... yes
checking for inline... inline
checking for sys/types.h... yes
checking for sys/stat.h... yes
checking for stdlib.h... yes
checking for string.h... yes
checking for memory.h... yes
checking for strings.h... yes
checking for inttypes.h... yes
checking for stdint.h... yes
checking for unistd.h... yes
checking for off_t... yes
checking for size_t... yes
checking for working alloca.h... yes
checking for alloca... yes
checking for stdlib.h... (cached) yes
checking for unistd.h... (cached) yes
checking for getpagesize... yes
checking for working mmap... yes
checking whether we are using the GNU C Library 2.1 or newer... no
checking for argz.h... no
checking for limits.h... yes
checking for locale.h... yes
checking for nl_types.h... yes
checking for malloc.h... yes
checking for stddef.h... yes
checking for stdlib.h... (cached) yes
checking for string.h... (cached) yes
checking for unistd.h... (cached) yes
checking for sys/param.h... yes
checking for feof_unlocked... yes
checking for fgets_unlocked... yes
checking for getcwd... yes
checking for getegid... yes
checking for geteuid... yes
checking for getgid... yes
checking for getuid... yes
checking for mempcpy... yes
checking for munmap... yes
checking for putenv... yes
checking for setenv... yes
checking for setlocale... yes
checking for stpcpy... yes
checking for strchr... yes
checking for strcasecmp... yes
checking for strdup... yes
checking for strtoul... yes
checking for tsearch... yes
checking for __argz_count... no
checking for __argz_stringify... no
checking for __argz_next... no
checking for iconv... yes
checking if the declaration of iconv() needs const.... no
checking for nl_langinfo and CODESET... yes
checking for LC_MESSAGES... yes
checking whether NLS is requested... no
checking if you want full utility pathnames... yes
checking for system mailer... unknown
checking system mail flags... -t -oi
checking if the POSIX test-macros are already defined... no
checking if we should define _XOPEN_SOURCE... no
checking if we should define _POSIX_C_SOURCE... -D_POSIX_C_SOURCE=199506L
configure: WARNING: _POSIX_C_SOURCE definition is not usable
checking if SIGWINCH is defined... yes
checking if you want NSS compatible SSL libraries... no
checking if you want ssl library... yes
checking if you want gnutls support... no
checking if you want gnutls-openssl compat... no
checking if you want socks library... no
checking if you want socks5 library... no
checking for network libraries... working...
checking for gethostname... yes
checking for main in -linet... no
checking for socket... yes
checking for gethostbyname... yes
checking for inet_ntoa... yes
checking for gethostbyname... (cached) yes
checking for strcasecmp... (cached) yes
checking for inet_aton function... yes
checking if you want to use pkg-config... yes
checking for x86_64-unknown-linux-musl-pkg-config... no
checking for pkg-config... /usr/bin/pkg-config
checking pkg-config for openssl... yes
checking for X509 support... yes
checking whether to enable ipv6... yes
checking ipv6 stack type... linux-libinet6
checking for IPv6 library if required... inet6
checking for getaddrinfo... yes
checking working getaddrinfo... yes
checking for screen type... ncursesw
checking for specific curses-directory... no
checking for wchar.h... yes
checking for multibyte character support... yes
checking pkg-config for ncursesw... yes
checking if the ncursesw package files work... yes
checking for terminfo header... term.h
checking for an rpath option... -Wl,-rpath,
checking for chtype typedef... yes
checking if chtype is scalar or struct... scalar
checking if you want the wide-curses features... yes
checking if color-style code should be used... yes
checking for location of style-sheet file... /etc/lynx.lss
checking for the default configuration-file... /etc/lynx.cfg
checking for the default configuration-path... /etc
checking if htmlized lynx.cfg should be built... no
checking if local doc directory should be linked to help page... no
checking for MIME library directory... /etc
checking if locale-charset selection logic should be used... yes
checking if you want only a few charsets... no
checking whether exit is declared... yes
checking whether time.h and sys/time.h may both be included... yes
checking for dirent.h that defines DIR... yes
checking for opendir in -ldir... no
checking for arpa/inet.h... yes
checking for fcntl.h... yes
checking for limits.h... (cached) yes
checking for sys/fcntl.h... yes
checking for sys/filio.h... no
checking for sys/ioctl.h... yes
checking for sys/param.h... (cached) yes
checking for sys/timeb.h... yes
checking for sys/time.h... yes
checking for syslog.h... yes
checking for termio.h... no
checking for termios.h... yes
checking for vfork.h... no
checking for wchar.h... (cached) yes
checking termio.h and termios.h... yes
checking for sigaction and structs... yes
checking for sys/wait.h... yes
checking for union wait... no
checking for uid_t in sys/types.h... yes
checking type of array argument to getgroups... gid_t
checking for off_t... (cached) yes
checking for pid_t... yes
checking for uid_t in sys/types.h... (cached) yes
checking for mode_t... yes
checking for ssize_t... yes
checking for socklen_t... yes
checking for long long type... yes
checking for tm.tm_gmtoff... yes
checking for int... yes
checking size of int... 4
checking for long... yes
checking size of long... 8
checking for off_t... (cached) yes
checking size of off_t... 8
checking for size_t... (cached) yes
checking size of size_t... 8
checking for time_t... yes
checking size of time_t... 8
checking for intptr_t... yes
checking for working alloca.h... (cached) yes
checking for alloca... (cached) yes
checking for unistd.h... (cached) yes
checking for vfork.h... (cached) no
checking for fork... yes
checking for vfork... yes
checking for working fork... (cached) yes
checking for working vfork... (cached) yes
checking if we should use fcntl or ioctl... ioctl
checking for broken/missing definition of remove... no
checking for lstat... yes 
checking for getpwuid... yes
checking for passwd.pw_gecos... yes
checking for vasprintf... yes
checking if vasprintf requires workaround... no
checking for atoll... yes
checking for ctermid... yes
checking for cuserid... yes
checking for ftime... yes
checking for getcwd... (cached) yes
checking for getgroups... yes
checking for gettimeofday... yes
checking for getuid... (cached) yes
checking for popen... yes
checking for putenv... (cached) yes
checking for readdir... yes
checking for setuid... yes
checking for truncate... yes
checking for ttyname... yes
checking for unsetenv... yes
checking for sleep... yes
checking for usleep... yes
checking for waitpid... yes
checking for mkdtemp... yes
checking for mktime... yes
checking for strstr... yes
checking for wcwidth... yes
checking for limits.h... (cached) yes
checking for arc2random... no
checking for arc4random in -lbsd... yes
checking for random-integer functions... srandom/random
checking for range of random-integers... INT_MAX
checking for sleep declaration... yes
checking for strstr declaration... yes
checking for getgrgid declaration... yes
checking for getgrnam declaration... yes
checking if TRUE/FALSE are defined... yes
checking if external errno is declared... yes
checking if external errno exists... no
checking if we can set errno... yes
checking for setlocale()... yes
checking if NGROUPS is defined... yes
checking for strerror... yes
checking for lastlog.h... yes
checking for paths.h... yes
checking for lastlog path... no
checking for utmp implementation... utmpx
checking if utmpx.ut_host is declared... yes
checking if utmpx.ut_syslen is declared... no
checking if utmpx.ut_name is declared... ut_user
checking for exit-status in utmpx... ut_exit.__e_exit
checking if utmpx.ut_xtime is declared... define
checking if utmpx.ut_session is declared... yes
checking if utmpx is SYSV flavor... yes
checking if external h_errno exists... yes
checking if bibp: URLs should be supported... yes
checking if configuration info should be browsable... yes
checking if new-style forms-based options screen should be used... yes
checking if old-style options menu should be used... yes
checking if sessions code should be used... yes
checking if session-caching code should be used... yes
checking if address-list page should be used... yes
checking if support for CJK should be used... yes
checking for iconv... (cached) yes
checking if the declaration of iconv() needs const.... (cached) no
checking if experimental support for Chinese UTF-8 should be used... yes
checking if support for Japanese UTF-8 should be used... yes
checking if experimental wcwidth/UTF-8 logic should be used... no
checking if you want to use default-colors... yes
checking if experimental keyboard-layout logic should be used... yes
checking if experimental nested-table logic should be used... yes
checking if alternative line-edit bindings should be used... yes
checking if ascii case-conversion should be used... yes
checking if you want to use extended HTML DTD logic... yes
checking if file-upload logic should be used... yes
checking if IDNA support should be used... no
checking if element-justification logic should be used... yes
checking if partial-display should be used... yes
checking if persistent-cookie logic should be used... yes
checking if html source should be colorized... yes
checking if progress-bar code should be used... yes
checking if read-progress message should show ETA... yes
checking if source caching should be used... yes
checking if scrollbar code should be used... yes
checking if charset-selection logic should be used... no
checking if you want to use external commands... yes
checking if you want to use setfont support... no
checking if you want cgi-link support... yes
checking if you want change-exec support... no
checking if you want exec-links support... yes
checking if you want exec-scripts support... yes
checking if you want internal-links feature... no
checking if you want to fork NSL requests... yes
checking if you want to log URL requests via syslog... yes
checking if you want to underline links... no
checking if help files should be gzip'ed... yes
checking if you want to use libbz2 for decompression of some bzip2 files... yes
checking if you want to use zlib for decompression of some gzip files... yes
checking for zError... yes
checking if you want to use brotli decompression... yes
configure: WARNING: Cannot find brotlidec library
checking if you want to exclude FINGER code... no
checking if you want to exclude GOPHER code... no
checking if you want to exclude NEWS code... no
checking if you want to exclude FTP code... no
checking if you want to include WAIS code... no
checking if directory-editor code should be used... yes
checking if you wish to allow extracting from archives via DirEd... yes
checking if DirEd mode should override keys... yes
checking if you wish to allow permissions commands via DirEd... yes
checking if you wish to allow executable-permission commands via DirEd... yes
checking if you wish to allow "tar" commands from DirEd... yes
checking if you wish to allow "uudecode" commands from DirEd... yes
checking if you wish to allow "zip" and "unzip" commands from DirEd... yes
checking if you wish to allow "gzip" and "gunzip" commands from DirEd... yes
checking if you want long-directory listings... yes
checking if parent-directory references are permitted... yes
checking for telnet... /usr/bin/telnet
checking for tn3270... no
checking for tn3270... no
checking for rlogin... no
checking for rlogin... no
checking for mv... /bin/mv
checking for gzip... /bin/gzip
checking for gunzip... /bin/gunzip
checking for unzip... no
checking for unzip... no
checking for bzip2... /usr/bin/bzip2
checking for brotli... no
checking for brotli... no
checking for tar... /bin/tar
checking for compress... no
checking for compress... no
checking for rm... /bin/rm
checking for uudecode... no
checking for uudecode... no
checking for zcat... /bin/zcat
checking for zip... no
checking for zip... no
checking for /usr/bin/install... /usr/bin/install -c
checking if we can include termio.h with curses... no
checking for ncursesw/term.h... no
checking for term.h... yes
checking if curses supports alternate-character set... acs_map
checking if curses supports fancy attributes... yes
checking for function curses_version... yes
checking for obsolete/broken version of ncurses... no
checking if curses supports color attributes... yes
checking for termio.h... (cached) no
checking for termios.h... (cached) yes
checking for unistd.h... (cached) yes
checking for sys/ioctl.h... (cached) yes
checking for sys/termio.h... no
checking whether termios.h needs _POSIX_SOURCE... no
checking declaration of size-change... yes
checking if ttytype is declared in curses library... yes
checking if curses supports wide characters... yes
checking if we must include wchar.h to declare mbstate_t... no
checking definition to turn on extended curses functions... _XOPEN_SOURCE_EXTENDED
checking for term.h... (cached) term.h
checking for unctrl.h... unctrl.h
checking for assume_default_colors... yes
checking for cbreak... yes
checking for define_key... yes
checking for delscreen... yes
checking for getattrs... yes
checking for getbegx... yes
checking for getbegy... yes
checking for keypad... yes
checking for napms... yes
checking for newpad... yes
checking for newterm... yes
checking for pnoutrefresh... yes
checking for resizeterm... yes
checking for touchline... yes
checking for touchwin... yes
checking for use_default_colors... yes
checking for use_legacy_coding... yes
checking for wattr_get... yes
checking for wborder... yes
checking for wredrawln... yes
checking for wresize... yes
checking for curses_exit... no
checking for _nc_free_and_exit... yes
checking for _nc_freeall... yes
checking if rpath-hack should be disabled... no
checking for updated LDFLAGS... maybe
checking for ldd... ldd
srcdir is .
updating cache config.cache
configure: creating ./config.status
config.status: creating makefile
config.status: creating WWW/Library/Implementation/makefile
config.status: creating src/makefile
config.status: creating src/chrtrans/makefile
config.status: creating lynx_cfg.h
+ make V=1
Constructing sed-script help_files.sed
sed	-e '/^#/d' -e '/^$/d' \
	-e 's%\(.*\)=\(.*\@.*\)$%s=@\1@=\2=g%' \
	-e 's%\(.*\)=\(http:.*\)$%s=@\1@=\2=g%' \
	-e 's%\(.*\)=\(ftp:.*\)$%s=@\1@=\2=g%' \
	-e 's%\(.*\)=\(.*\.html\)$%s=@\1@=\2.gz=g%' \
	help_files.tmp | tr '=' '"' > help_files.sed
Appending interim-fix for existing html files to help_files.sed
sed	-e '/^#/d' -e '/[:@]/d' -e '/^$/d' \
	-e 's%\(.*\)=\(.*\.html\)$%s=\2=\2.gz=g%' \
	-e 's%\.html=%\\.html=%' \
	help_files.tmp | tr '=' '"' >> help_files.sed
if test -n ".gz"; then echo "s%\\(\.gz\\)*\.gz%.gz%g" >> help_files.sed; fi
Creating LYHelp.h
**********************************************

       Help links point to compressed files
       To access them properly you have to type
                 make install-help

**********************************************
( cd ./WWW/Library/Implementation && make  DESTDIR="" CC="x86_64-unknown-linux-musl-gcc" LY_CFLAGS="-O2 -m64 -march=x86-64 -mtune=generic -flto=auto -ffat-lto-objects  " CPPFLAGS="-DLINUX -DNCURSES_WIDECHAR -D_XOPEN_SOURCE_EXTENDED" LYFLAGS="" )
make[1]: Entering directory '/home/devel/building/work/src/lynx2.9.0/WWW/Library/Implementation'
x86_64-unknown-linux-musl-gcc -DHAVE_CONFIG_H  -I../../.. -I../../../src -I../../.. -I../../../src  -I../../../WWW/Library/Implementation  -DLINUX -DNCURSES_WIDECHAR -D_XOPEN_SOURCE_EXTENDED -O2 -m64 -march=x86-64 -mtune=generic -flto=auto -ffat-lto-objects     -I../../../WWW/Library/Implementation/ -DACCESS_AUTH -c ../../../WWW/Library/Implementation/HTParse.c
x86_64-unknown-linux-musl-gcc -DHAVE_CONFIG_H  -I../../.. -I../../../src -I../../.. -I../../../src  -I../../../WWW/Library/Implementation  -DLINUX -DNCURSES_WIDECHAR -D_XOPEN_SOURCE_EXTENDED -O2 -m64 -march=x86-64 -mtune=generic -flto=auto -ffat-lto-objects     -I../../../WWW/Library/Implementation/ -DACCESS_AUTH -c ../../../WWW/Library/Implementation/HTAccess.c
x86_64-unknown-linux-musl-gcc -DHAVE_CONFIG_H  -I../../.. -I../../../src -I../../.. -I../../../src  -I../../../WWW/Library/Implementation  -DLINUX -DNCURSES_WIDECHAR -D_XOPEN_SOURCE_EXTENDED -O2 -m64 -march=x86-64 -mtune=generic -flto=auto -ffat-lto-objects     -I../../../WWW/Library/Implementation/ -DACCESS_AUTH -c ../../../WWW/Library/Implementation/HTTP.c
x86_64-unknown-linux-musl-gcc -DHAVE_CONFIG_H  -I../../.. -I../../../src -I../../.. -I../../../src  -I../../../WWW/Library/Implementation  -DLINUX -DNCURSES_WIDECHAR -D_XOPEN_SOURCE_EXTENDED -O2 -m64 -march=x86-64 -mtune=generic -flto=auto -ffat-lto-objects     -I../../../WWW/Library/Implementation/ -DACCESS_AUTH -c ../../../WWW/Library/Implementation/HTFile.c
x86_64-unknown-linux-musl-gcc -DHAVE_CONFIG_H  -I../../.. -I../../../src -I../../.. -I../../../src  -I../../../WWW/Library/Implementation  -DLINUX -DNCURSES_WIDECHAR -D_XOPEN_SOURCE_EXTENDED -O2 -m64 -march=x86-64 -mtune=generic -flto=auto -ffat-lto-objects     -I../../../WWW/Library/Implementation/ -DACCESS_AUTH -c ../../../WWW/Library/Implementation/HTBTree.c
x86_64-unknown-linux-musl-gcc -DHAVE_CONFIG_H  -I../../.. -I../../../src -I../../.. -I../../../src  -I../../../WWW/Library/Implementation  -DLINUX -DNCURSES_WIDECHAR -D_XOPEN_SOURCE_EXTENDED -O2 -m64 -march=x86-64 -mtune=generic -flto=auto -ffat-lto-objects     -I../../../WWW/Library/Implementation/ -DACCESS_AUTH -c ../../../WWW/Library/Implementation/HTFTP.c
x86_64-unknown-linux-musl-gcc -DHAVE_CONFIG_H  -I../../.. -I../../../src -I../../.. -I../../../src  -I../../../WWW/Library/Implementation  -DLINUX -DNCURSES_WIDECHAR -D_XOPEN_SOURCE_EXTENDED -O2 -m64 -march=x86-64 -mtune=generic -flto=auto -ffat-lto-objects     -I../../../WWW/Library/Implementation/ -DACCESS_AUTH -c ../../../WWW/Library/Implementation/HTTCP.c
x86_64-unknown-linux-musl-gcc -DHAVE_CONFIG_H  -I../../.. -I../../../src -I../../.. -I../../../src  -I../../../WWW/Library/Implementation  -DLINUX -DNCURSES_WIDECHAR -D_XOPEN_SOURCE_EXTENDED -O2 -m64 -march=x86-64 -mtune=generic -flto=auto -ffat-lto-objects     -I../../../WWW/Library/Implementation/ -DACCESS_AUTH -c ../../../WWW/Library/Implementation/SGML.c
x86_64-unknown-linux-musl-gcc -DHAVE_CONFIG_H  -I../../.. -I../../../src -I../../.. -I../../../src  -I../../../WWW/Library/Implementation  -DLINUX -DNCURSES_WIDECHAR -D_XOPEN_SOURCE_EXTENDED -O2 -m64 -march=x86-64 -mtune=generic -flto=auto -ffat-lto-objects     -I../../../WWW/Library/Implementation/ -DACCESS_AUTH -c ../../../WWW/Library/Implementation/HTMLDTD.c
x86_64-unknown-linux-musl-gcc -DHAVE_CONFIG_H  -I../../.. -I../../../src -I../../.. -I../../../src  -I../../../WWW/Library/Implementation  -DLINUX -DNCURSES_WIDECHAR -D_XOPEN_SOURCE_EXTENDED -O2 -m64 -march=x86-64 -mtune=generic -flto=auto -ffat-lto-objects     -I../../../WWW/Library/Implementation/ -DACCESS_AUTH -c ../../../WWW/Library/Implementation/HTChunk.c
x86_64-unknown-linux-musl-gcc -DHAVE_CONFIG_H  -I../../.. -I../../../src -I../../.. -I../../../src  -I../../../WWW/Library/Implementation  -DLINUX -DNCURSES_WIDECHAR -D_XOPEN_SOURCE_EXTENDED -O2 -m64 -march=x86-64 -mtune=generic -flto=auto -ffat-lto-objects     -I../../../WWW/Library/Implementation/ -DACCESS_AUTH -c ../../../WWW/Library/Implementation/HTPlain.c
x86_64-unknown-linux-musl-gcc -DHAVE_CONFIG_H  -I../../.. -I../../../src -I../../.. -I../../../src  -I../../../WWW/Library/Implementation  -DLINUX -DNCURSES_WIDECHAR -D_XOPEN_SOURCE_EXTENDED -O2 -m64 -march=x86-64 -mtune=generic -flto=auto -ffat-lto-objects     -I../../../WWW/Library/Implementation/ -DACCESS_AUTH -c ../../../WWW/Library/Implementation/HTMLGen.c
x86_64-unknown-linux-musl-gcc -DHAVE_CONFIG_H  -I../../.. -I../../../src -I../../.. -I../../../src  -I../../../WWW/Library/Implementation  -DLINUX -DNCURSES_WIDECHAR -D_XOPEN_SOURCE_EXTENDED -O2 -m64 -march=x86-64 -mtune=generic -flto=auto -ffat-lto-objects     -I../../../WWW/Library/Implementation/ -DACCESS_AUTH -c ../../../WWW/Library/Implementation/HTAtom.c
x86_64-unknown-linux-musl-gcc -DHAVE_CONFIG_H  -I../../.. -I../../../src -I../../.. -I../../../src  -I../../../WWW/Library/Implementation  -DLINUX -DNCURSES_WIDECHAR -D_XOPEN_SOURCE_EXTENDED -O2 -m64 -march=x86-64 -mtune=generic -flto=auto -ffat-lto-objects     -I../../../WWW/Library/Implementation/ -DACCESS_AUTH -c ../../../WWW/Library/Implementation/HTAnchor.c
x86_64-unknown-linux-musl-gcc -DHAVE_CONFIG_H  -I../../.. -I../../../src -I../../.. -I../../../src  -I../../../WWW/Library/Implementation  -DLINUX -DNCURSES_WIDECHAR -D_XOPEN_SOURCE_EXTENDED -O2 -m64 -march=x86-64 -mtune=generic -flto=auto -ffat-lto-objects     -I../../../WWW/Library/Implementation/ -DACCESS_AUTH -c ../../../WWW/Library/Implementation/HTStyle.c
x86_64-unknown-linux-musl-gcc -DHAVE_CONFIG_H  -I../../.. -I../../../src -I../../.. -I../../../src  -I../../../WWW/Library/Implementation  -DLINUX -DNCURSES_WIDECHAR -D_XOPEN_SOURCE_EXTENDED -O2 -m64 -march=x86-64 -mtune=generic -flto=auto -ffat-lto-objects     -I../../../WWW/Library/Implementation/ -DACCESS_AUTH -c ../../../WWW/Library/Implementation/HTList.c
x86_64-unknown-linux-musl-gcc -DHAVE_CONFIG_H  -I../../.. -I../../../src -I../../.. -I../../../src  -I../../../WWW/Library/Implementation  -DLINUX -DNCURSES_WIDECHAR -D_XOPEN_SOURCE_EXTENDED -O2 -m64 -march=x86-64 -mtune=generic -flto=auto -ffat-lto-objects     -I../../../WWW/Library/Implementation/ -DACCESS_AUTH -c -DVC=\"2.14\" ../../../WWW/Library/Implementation/HTString.c
x86_64-unknown-linux-musl-gcc -DHAVE_CONFIG_H  -I../../.. -I../../../src -I../../.. -I../../../src  -I../../../WWW/Library/Implementation  -DLINUX -DNCURSES_WIDECHAR -D_XOPEN_SOURCE_EXTENDED -O2 -m64 -march=x86-64 -mtune=generic -flto=auto -ffat-lto-objects     -I../../../WWW/Library/Implementation/ -DACCESS_AUTH -c -DVC=\"2.14\" ../../../WWW/Library/Implementation/HTRules.c
x86_64-unknown-linux-musl-gcc -DHAVE_CONFIG_H  -I../../.. -I../../../src -I../../.. -I../../../src  -I../../../WWW/Library/Implementation  -DLINUX -DNCURSES_WIDECHAR -D_XOPEN_SOURCE_EXTENDED -O2 -m64 -march=x86-64 -mtune=generic -flto=auto -ffat-lto-objects     -I../../../WWW/Library/Implementation/ -DACCESS_AUTH -c ../../../WWW/Library/Implementation/HTFormat.c
x86_64-unknown-linux-musl-gcc -DHAVE_CONFIG_H  -I../../.. -I../../../src -I../../.. -I../../../src  -I../../../WWW/Library/Implementation  -DLINUX -DNCURSES_WIDECHAR -D_XOPEN_SOURCE_EXTENDED -O2 -m64 -march=x86-64 -mtune=generic -flto=auto -ffat-lto-objects     -I../../../WWW/Library/Implementation/ -DACCESS_AUTH -c ../../../WWW/Library/Implementation/HTMIME.c
x86_64-unknown-linux-musl-gcc -DHAVE_CONFIG_H  -I../../.. -I../../../src -I../../.. -I../../../src  -I../../../WWW/Library/Implementation  -DLINUX -DNCURSES_WIDECHAR -D_XOPEN_SOURCE_EXTENDED -O2 -m64 -march=x86-64 -mtune=generic -flto=auto -ffat-lto-objects     -I../../../WWW/Library/Implementation/ -DACCESS_AUTH -c ../../../WWW/Library/Implementation/HTNews.c
x86_64-unknown-linux-musl-gcc -DHAVE_CONFIG_H  -I../../.. -I../../../src -I../../.. -I../../../src  -I../../../WWW/Library/Implementation  -DLINUX -DNCURSES_WIDECHAR -D_XOPEN_SOURCE_EXTENDED -O2 -m64 -march=x86-64 -mtune=generic -flto=auto -ffat-lto-objects     -I../../../WWW/Library/Implementation/ -DACCESS_AUTH -c ../../../WWW/Library/Implementation/HTGopher.c
x86_64-unknown-linux-musl-gcc -DHAVE_CONFIG_H  -I../../.. -I../../../src -I../../.. -I../../../src  -I../../../WWW/Library/Implementation  -DLINUX -DNCURSES_WIDECHAR -D_XOPEN_SOURCE_EXTENDED -O2 -m64 -march=x86-64 -mtune=generic -flto=auto -ffat-lto-objects     -I../../../WWW/Library/Implementation/ -DACCESS_AUTH -c ../../../WWW/Library/Implementation/HTTelnet.c
x86_64-unknown-linux-musl-gcc -DHAVE_CONFIG_H  -I../../.. -I../../../src -I../../.. -I../../../src  -I../../../WWW/Library/Implementation  -DLINUX -DNCURSES_WIDECHAR -D_XOPEN_SOURCE_EXTENDED -O2 -m64 -march=x86-64 -mtune=generic -flto=auto -ffat-lto-objects     -I../../../WWW/Library/Implementation/ -DACCESS_AUTH -c ../../../WWW/Library/Implementation/HTFinger.c
x86_64-unknown-linux-musl-gcc -DHAVE_CONFIG_H  -I../../.. -I../../../src -I../../.. -I../../../src  -I../../../WWW/Library/Implementation  -DLINUX -DNCURSES_WIDECHAR -D_XOPEN_SOURCE_EXTENDED -O2 -m64 -march=x86-64 -mtune=generic -flto=auto -ffat-lto-objects     -I../../../WWW/Library/Implementation/ -DACCESS_AUTH -c ../../../WWW/Library/Implementation/HTWSRC.c
x86_64-unknown-linux-musl-gcc -DHAVE_CONFIG_H  -I../../.. -I../../../src -I../../.. -I../../../src  -I../../../WWW/Library/Implementation  -DLINUX -DNCURSES_WIDECHAR -D_XOPEN_SOURCE_EXTENDED -O2 -m64 -march=x86-64 -mtune=generic -flto=auto -ffat-lto-objects     -I../../../WWW/Library/Implementation/ -DACCESS_AUTH -c ../../../WWW/Library/Implementation/HTAAUtil.c
x86_64-unknown-linux-musl-gcc -DHAVE_CONFIG_H  -I../../.. -I../../../src -I../../.. -I../../../src  -I../../../WWW/Library/Implementation  -DLINUX -DNCURSES_WIDECHAR -D_XOPEN_SOURCE_EXTENDED -O2 -m64 -march=x86-64 -mtune=generic -flto=auto -ffat-lto-objects     -I../../../WWW/Library/Implementation/ -DACCESS_AUTH -c ../../../WWW/Library/Implementation/HTAABrow.c
x86_64-unknown-linux-musl-gcc -DHAVE_CONFIG_H  -I../../.. -I../../../src -I../../.. -I../../../src  -I../../../WWW/Library/Implementation  -DLINUX -DNCURSES_WIDECHAR -D_XOPEN_SOURCE_EXTENDED -O2 -m64 -march=x86-64 -mtune=generic -flto=auto -ffat-lto-objects     -I../../../WWW/Library/Implementation/ -DACCESS_AUTH -c ../../../WWW/Library/Implementation/HTGroup.c
x86_64-unknown-linux-musl-gcc -DHAVE_CONFIG_H  -I../../.. -I../../../src -I../../.. -I../../../src  -I../../../WWW/Library/Implementation  -DLINUX -DNCURSES_WIDECHAR -D_XOPEN_SOURCE_EXTENDED -O2 -m64 -march=x86-64 -mtune=generic -flto=auto -ffat-lto-objects     -I../../../WWW/Library/Implementation/ -DACCESS_AUTH -c ../../../WWW/Library/Implementation/HTAAProt.c
x86_64-unknown-linux-musl-gcc -DHAVE_CONFIG_H  -I../../.. -I../../../src -I../../.. -I../../../src  -I../../../WWW/Library/Implementation  -DLINUX -DNCURSES_WIDECHAR -D_XOPEN_SOURCE_EXTENDED -O2 -m64 -march=x86-64 -mtune=generic -flto=auto -ffat-lto-objects     -I../../../WWW/Library/Implementation/ -DACCESS_AUTH -c ../../../WWW/Library/Implementation/HTAssoc.c
x86_64-unknown-linux-musl-gcc -DHAVE_CONFIG_H  -I../../.. -I../../../src -I../../.. -I../../../src  -I../../../WWW/Library/Implementation  -DLINUX -DNCURSES_WIDECHAR -D_XOPEN_SOURCE_EXTENDED -O2 -m64 -march=x86-64 -mtune=generic -flto=auto -ffat-lto-objects     -I../../../WWW/Library/Implementation/ -DACCESS_AUTH -c ../../../WWW/Library/Implementation/HTLex.c
x86_64-unknown-linux-musl-gcc -DHAVE_CONFIG_H  -I../../.. -I../../../src -I../../.. -I../../../src  -I../../../WWW/Library/Implementation  -DLINUX -DNCURSES_WIDECHAR -D_XOPEN_SOURCE_EXTENDED -O2 -m64 -march=x86-64 -mtune=generic -flto=auto -ffat-lto-objects     -I../../../WWW/Library/Implementation/ -DACCESS_AUTH -c ../../../WWW/Library/Implementation/HTUU.c
x86_64-unknown-linux-musl-gcc -DHAVE_CONFIG_H  -I../../.. -I../../../src -I../../.. -I../../../src  -I../../../WWW/Library/Implementation  -DLINUX -DNCURSES_WIDECHAR -D_XOPEN_SOURCE_EXTENDED -O2 -m64 -march=x86-64 -mtune=generic -flto=auto -ffat-lto-objects     -I../../../WWW/Library/Implementation/ -DACCESS_AUTH -c ../../../WWW/Library/Implementation/HTDOS.c
x86_64-unknown-linux-musl-ar -curvU ./libwww.a ./HTParse.o ./HTAccess.o ./HTTP.o ./HTFile.o	./HTBTree.o ./HTFTP.o ./HTTCP.o ./SGML.o ./HTMLDTD.o ./HTChunk.o ./HTPlain.o ./HTMLGen.o ./HTAtom.o ./HTAnchor.o ./HTStyle.o ./HTList.o ./HTString.o ./HTRules.o ./HTFormat.o  ./HTMIME.o ./HTNews.o  ./HTGopher.o ./HTTelnet.o ./HTFinger.o ./HTWSRC.o  ./HTAAUtil.o ./HTAABrow.o ./HTGroup.o ./HTAAProt.o ./HTAssoc.o  ./HTLex.o    ./HTUU.o ./HTDOS.o
a - ./HTParse.o
a - ./HTAccess.o
a - ./HTTP.o
a - ./HTFile.o
a - ./HTBTree.o
a - ./HTFTP.o
a - ./HTTCP.o
a - ./SGML.o
a - ./HTMLDTD.o
a - ./HTChunk.o
a - ./HTPlain.o
a - ./HTMLGen.o
a - ./HTAtom.o
a - ./HTAnchor.o
a - ./HTStyle.o
a - ./HTList.o
a - ./HTString.o
a - ./HTRules.o
a - ./HTFormat.o
a - ./HTMIME.o
a - ./HTNews.o
a - ./HTGopher.o
a - ./HTTelnet.o
a - ./HTFinger.o
a - ./HTWSRC.o
a - ./HTAAUtil.o
a - ./HTAABrow.o
a - ./HTGroup.o
a - ./HTAAProt.o
a - ./HTAssoc.o
a - ./HTLex.o
a - ./HTUU.o
a - ./HTDOS.o
x86_64-unknown-linux-musl-ranlib ./libwww.a
make[1]: Leaving directory '/home/devel/building/work/src/lynx2.9.0/WWW/Library/Implementation'
( cd ./src/chrtrans && make  DESTDIR="" CC="x86_64-unknown-linux-musl-gcc" all SITE_DEFS="" BUILD_CFLAGS="-O2 -m64 -march=x86-64 -mtune=generic -flto=auto -ffat-lto-objects  " BUILD_CPPFLAGS="-DLINUX -DNCURSES_WIDECHAR -D_XOPEN_SOURCE_EXTENDED -DHAVE_CONFIG_H" BUILD_LDFLAGS="" BUILD_LIBS="-lz -lbz2 -lbsd -lncursesw -ltinfo -lssl -lcrypto" BUILD_CC="x86_64-unknown-linux-musl-gcc" )
make[1]: Entering directory '/home/devel/building/work/src/lynx2.9.0/src/chrtrans'
x86_64-unknown-linux-musl-gcc -I../.. -I../../src -I../../src/chrtrans -I../../WWW/Library/Implementation -I../../  -DLINUX -DNCURSES_WIDECHAR -D_XOPEN_SOURCE_EXTENDED -DHAVE_CONFIG_H -O2 -m64 -march=x86-64 -mtune=generic -flto=auto -ffat-lto-objects   -c ./makeuctb.c
x86_64-unknown-linux-musl-gcc -I../.. -I../../src -I../../src/chrtrans -I../../WWW/Library/Implementation -I../../  -DLINUX -DNCURSES_WIDECHAR -D_XOPEN_SOURCE_EXTENDED -DHAVE_CONFIG_H -O2 -m64 -march=x86-64 -mtune=generic -flto=auto -ffat-lto-objects    -o makeuctb makeuctb.o -lz -lbz2 -lbsd -lncursesw -ltinfo -lssl -lcrypto
/usr/bin/ld: /lib/../lib/libc.so: warning: The fgetln() function cannot be safely ported, use getline(3) instead, as it is supported by GNU and POSIX.1-2008.
./makeuctb ./cp1250_uni.tbl cp1250_uni.h
./makeuctb ./cp1251_uni.tbl cp1251_uni.h
./makeuctb ./cp1252_uni.tbl cp1252_uni.h
./makeuctb ./cp1253_uni.tbl cp1253_uni.h
./makeuctb ./cp1255_uni.tbl cp1255_uni.h
./makeuctb ./cp1256_uni.tbl cp1256_uni.h
./makeuctb ./cp1257_uni.tbl cp1257_uni.h
./makeuctb ./cp437_uni.tbl cp437_uni.h
makeuctb: windows-1250: translation map (_windows_1250).
makeuctb: windows-1251: translation map (_windows_1251).
makeuctb: windows-1252: translation map (_windows_1252).
./makeuctb ./cp737_uni.tbl cp737_uni.h
./makeuctb ./cp775_uni.tbl cp775_uni.h
./makeuctb ./cp850_uni.tbl cp850_uni.h
makeuctb: windows-1253: translation map (_windows_1253).
makeuctb: windows-1255: translation map (_windows_1255).
./makeuctb ./cp852_uni.tbl cp852_uni.h
makeuctb: windows-1256: translation map (_windows_1256).
makeuctb: windows-1257: translation map (_windows_1257).
makeuctb: cp437: translation map (_cp437).
makeuctb: cp737: translation map (_cp737).
makeuctb: cp775: translation map (_cp775).
makeuctb: cp850: translation map (_cp850).
makeuctb: cp852: translation map (_cp852).
./makeuctb ./cp857_uni.tbl cp857_uni.h
./makeuctb ./cp862_uni.tbl cp862_uni.h
./makeuctb ./cp864_uni.tbl cp864_uni.h
./makeuctb ./cp866_uni.tbl cp866_uni.h
./makeuctb ./cp866u_uni.tbl cp866u_uni.h
./makeuctb ./cp869_uni.tbl cp869_uni.h
./makeuctb ./def7_uni.tbl def7_uni.h
./makeuctb ./dmcs_uni.tbl dmcs_uni.h
makeuctb: cp857: translation map (_cp857).
makeuctb: cp862: translation map (_cp862).
makeuctb: cp864: translation map (_cp864).
makeuctb: cp866: translation map (_cp866).
makeuctb: cp866u: translation map (_cp866u).
makeuctb: cp869: translation map (_cp869).
./makeuctb ./hp_uni.tbl hp_uni.h
./makeuctb ./iso01_uni.tbl iso01_uni.h
./makeuctb ./iso02_uni.tbl iso02_uni.h
./makeuctb ./iso03_uni.tbl iso03_uni.h
./makeuctb ./iso04_uni.tbl iso04_uni.h
makeuctb: dec-mcs: translation map (_dec_mcs).
makeuctb: hp-roman8: translation map (_hp_roman8).
makeuctb: iso-8859-1: translation map (_iso_8859_1).
makeuctb: iso-8859-2: translation map (_iso_8859_2).
makeuctb: iso-8859-3: translation map (_iso_8859_3).
./makeuctb ./iso05_uni.tbl iso05_uni.h
makeuctb: iso-8859-4: translation map (_iso_8859_4).
./makeuctb ./iso06_uni.tbl iso06_uni.h
makeuctb: us-ascii: default translation map ().
./makeuctb ./iso07_uni.tbl iso07_uni.h
./makeuctb ./iso08_uni.tbl iso08_uni.h
./makeuctb ./iso09_uni.tbl iso09_uni.h
makeuctb: iso-8859-6: translation map (_iso_8859_6).
makeuctb: iso-8859-5: translation map (_iso_8859_5).
makeuctb: iso-8859-7: translation map (_iso_8859_7).
./makeuctb ./iso10_uni.tbl iso10_uni.h
makeuctb: iso-8859-8: translation map (_iso_8859_8).
./makeuctb ./iso13_uni.tbl iso13_uni.h
makeuctb: iso-8859-9: translation map (_iso_8859_9).
./makeuctb ./iso14_uni.tbl iso14_uni.h
./makeuctb ./iso15_uni.tbl iso15_uni.h
./makeuctb ./iso16_uni.tbl iso16_uni.h
./makeuctb ./koi8r_uni.tbl koi8r_uni.h
makeuctb: iso-8859-10: translation map (_iso_8859_10).
makeuctb: iso-8859-13: translation map (_iso_8859_13).
makeuctb: iso-8859-14: translation map (_iso_8859_14).
./makeuctb ./koi8u_uni.tbl koi8u_uni.h
makeuctb: iso-8859-15: translation map (_iso_8859_15).
makeuctb: iso-8859-16: translation map (_iso_8859_16).
./makeuctb ./mac_uni.tbl mac_uni.h
makeuctb: koi8-r: translation map (_koi8_r).
./makeuctb ./mnem2_suni.tbl mnem2_suni.h
./makeuctb ./mnem_suni.tbl mnem_suni.h
./makeuctb ./next_uni.tbl next_uni.h
./makeuctb ./pt154_uni.tbl pt154_uni.h
./makeuctb ./rfc_suni.tbl rfc_suni.h
makeuctb: koi8-u: translation map (_koi8_u).
./makeuctb ./utf8_uni.tbl utf8_uni.h
./makeuctb ./viscii_uni.tbl viscii_uni.h
makeuctb: next: translation map (_next).
makeuctb: macintosh: translation map (_macintosh).
makeuctb: mnemonic: translation map (_mnemonic).
makeuctb: mnem: translation map (_mnem).
makeuctb: viscii: translation map (_viscii).
makeuctb: utf-8: translation map (_utf_8).
makeuctb: mnemonic+ascii+0: translation map (_mnemonic_ascii_0).
makeuctb: ptcp154: translation map (_ptcp154).
make[1]: Leaving directory '/home/devel/building/work/src/lynx2.9.0/src/chrtrans'
( cd ./src && make  DESTDIR="" CC="x86_64-unknown-linux-musl-gcc" all CFLAGS="-O2 -m64 -march=x86-64 -mtune=generic -flto=auto -ffat-lto-objects  " CPPFLAGS="-DLINUX -DNCURSES_WIDECHAR -D_XOPEN_SOURCE_EXTENDED" LDFLAGS="" LIBS="-lz -lbz2 -lbsd -lncursesw -ltinfo -lssl -lcrypto   " SITE_DEFS="" WWWINC=./WWW/Library/Implementation WWWLIB=".././WWW/Library/Implementation/libwww.a" )
make[1]: Entering directory '/home/devel/building/work/src/lynx2.9.0/src'
Compiling Lynx sources
x86_64-unknown-linux-musl-gcc -O2 -m64 -march=x86-64 -mtune=generic -flto=auto -ffat-lto-objects   -DHAVE_CONFIG_H  -DLOCALEDIR=\"/usr/share/locale\" -I. -I.. -Ichrtrans -I./chrtrans -I.. -I../src -I.././WWW/Library/Implementation   -DLINUX -DNCURSES_WIDECHAR -D_XOPEN_SOURCE_EXTENDED -c LYebcdic.c
x86_64-unknown-linux-musl-gcc -O2 -m64 -march=x86-64 -mtune=generic -flto=auto -ffat-lto-objects   -DHAVE_CONFIG_H  -DLOCALEDIR=\"/usr/share/locale\" -I. -I.. -Ichrtrans -I./chrtrans -I.. -I../src -I.././WWW/Library/Implementation   -DLINUX -DNCURSES_WIDECHAR -D_XOPEN_SOURCE_EXTENDED -c LYClean.c
x86_64-unknown-linux-musl-gcc -O2 -m64 -march=x86-64 -mtune=generic -flto=auto -ffat-lto-objects   -DHAVE_CONFIG_H  -DLOCALEDIR=\"/usr/share/locale\" -I. -I.. -Ichrtrans -I./chrtrans -I.. -I../src -I.././WWW/Library/Implementation   -DLINUX -DNCURSES_WIDECHAR -D_XOPEN_SOURCE_EXTENDED -c LYShowInfo.c
x86_64-unknown-linux-musl-gcc -O2 -m64 -march=x86-64 -mtune=generic -flto=auto -ffat-lto-objects   -DHAVE_CONFIG_H  -DLOCALEDIR=\"/usr/share/locale\" -I. -I.. -Ichrtrans -I./chrtrans -I.. -I../src -I.././WWW/Library/Implementation   -DLINUX -DNCURSES_WIDECHAR -D_XOPEN_SOURCE_EXTENDED -c LYEdit.c
x86_64-unknown-linux-musl-gcc -O2 -m64 -march=x86-64 -mtune=generic -flto=auto -ffat-lto-objects   -DHAVE_CONFIG_H  -DLOCALEDIR=\"/usr/share/locale\" -I. -I.. -Ichrtrans -I./chrtrans -I.. -I../src -I.././WWW/Library/Implementation   -DLINUX -DNCURSES_WIDECHAR -D_XOPEN_SOURCE_EXTENDED -c LYStrings.c
x86_64-unknown-linux-musl-gcc -O2 -m64 -march=x86-64 -mtune=generic -flto=auto -ffat-lto-objects   -DHAVE_CONFIG_H  -DLOCALEDIR=\"/usr/share/locale\" -I. -I.. -Ichrtrans -I./chrtrans -I.. -I../src -I.././WWW/Library/Implementation   -DLINUX -DNCURSES_WIDECHAR -D_XOPEN_SOURCE_EXTENDED -c LYMail.c
x86_64-unknown-linux-musl-gcc -O2 -m64 -march=x86-64 -mtune=generic -flto=auto -ffat-lto-objects   -DHAVE_CONFIG_H  -DLOCALEDIR=\"/usr/share/locale\" -I. -I.. -Ichrtrans -I./chrtrans -I.. -I../src -I.././WWW/Library/Implementation   -DLINUX -DNCURSES_WIDECHAR -D_XOPEN_SOURCE_EXTENDED -c HTAlert.c
x86_64-unknown-linux-musl-gcc -O2 -m64 -march=x86-64 -mtune=generic -flto=auto -ffat-lto-objects   -DHAVE_CONFIG_H  -DLOCALEDIR=\"/usr/share/locale\" -I. -I.. -Ichrtrans -I./chrtrans -I.. -I../src -I.././WWW/Library/Implementation   -DLINUX -DNCURSES_WIDECHAR -D_XOPEN_SOURCE_EXTENDED -c GridText.c
x86_64-unknown-linux-musl-gcc -O2 -m64 -march=x86-64 -mtune=generic -flto=auto -ffat-lto-objects   -DHAVE_CONFIG_H  -DLOCALEDIR=\"/usr/share/locale\" -I. -I.. -Ichrtrans -I./chrtrans -I.. -I../src -I.././WWW/Library/Implementation   -DLINUX -DNCURSES_WIDECHAR -D_XOPEN_SOURCE_EXTENDED -c LYGetFile.c
x86_64-unknown-linux-musl-gcc -O2 -m64 -march=x86-64 -mtune=generic -flto=auto -ffat-lto-objects   -DHAVE_CONFIG_H  -DLOCALEDIR=\"/usr/share/locale\" -I. -I.. -Ichrtrans -I./chrtrans -I.. -I../src -I.././WWW/Library/Implementation   -DLINUX -DNCURSES_WIDECHAR -D_XOPEN_SOURCE_EXTENDED -c LYMain.c
x86_64-unknown-linux-musl-gcc -O2 -m64 -march=x86-64 -mtune=generic -flto=auto -ffat-lto-objects   -DHAVE_CONFIG_H  -DLOCALEDIR=\"/usr/share/locale\" -I. -I.. -Ichrtrans -I./chrtrans -I.. -I../src -I.././WWW/Library/Implementation   -DLINUX -DNCURSES_WIDECHAR -D_XOPEN_SOURCE_EXTENDED -c LYMainLoop.c
x86_64-unknown-linux-musl-gcc -O2 -m64 -march=x86-64 -mtune=generic -flto=auto -ffat-lto-objects   -DHAVE_CONFIG_H  -DLOCALEDIR=\"/usr/share/locale\" -I. -I.. -Ichrtrans -I./chrtrans -I.. -I../src -I.././WWW/Library/Implementation   -DLINUX -DNCURSES_WIDECHAR -D_XOPEN_SOURCE_EXTENDED -c LYCurses.c
x86_64-unknown-linux-musl-gcc -O2 -m64 -march=x86-64 -mtune=generic -flto=auto -ffat-lto-objects   -DHAVE_CONFIG_H  -DLOCALEDIR=\"/usr/share/locale\" -I. -I.. -Ichrtrans -I./chrtrans -I.. -I../src -I.././WWW/Library/Implementation   -DLINUX -DNCURSES_WIDECHAR -D_XOPEN_SOURCE_EXTENDED -c LYBookmark.c
x86_64-unknown-linux-musl-gcc -O2 -m64 -march=x86-64 -mtune=generic -flto=auto -ffat-lto-objects   -DHAVE_CONFIG_H  -DLOCALEDIR=\"/usr/share/locale\" -I. -I.. -Ichrtrans -I./chrtrans -I.. -I../src -I.././WWW/Library/Implementation   -DLINUX -DNCURSES_WIDECHAR -D_XOPEN_SOURCE_EXTENDED -c LYmktime.c
x86_64-unknown-linux-musl-gcc -O2 -m64 -march=x86-64 -mtune=generic -flto=auto -ffat-lto-objects   -DHAVE_CONFIG_H  -DLOCALEDIR=\"/usr/share/locale\" -I. -I.. -Ichrtrans -I./chrtrans -I.. -I../src -I.././WWW/Library/Implementation   -DLINUX -DNCURSES_WIDECHAR -D_XOPEN_SOURCE_EXTENDED -c LYUtils.c
x86_64-unknown-linux-musl-gcc -O2 -m64 -march=x86-64 -mtune=generic -flto=auto -ffat-lto-objects   -DHAVE_CONFIG_H  -DLOCALEDIR=\"/usr/share/locale\" -I. -I.. -Ichrtrans -I./chrtrans -I.. -I../src -I.././WWW/Library/Implementation   -DLINUX -DNCURSES_WIDECHAR -D_XOPEN_SOURCE_EXTENDED -c LYOptions.c
x86_64-unknown-linux-musl-gcc -O2 -m64 -march=x86-64 -mtune=generic -flto=auto -ffat-lto-objects   -DHAVE_CONFIG_H  -DLOCALEDIR=\"/usr/share/locale\" -I. -I.. -Ichrtrans -I./chrtrans -I.. -I../src -I.././WWW/Library/Implementation   -DLINUX -DNCURSES_WIDECHAR -D_XOPEN_SOURCE_EXTENDED -c LYReadCFG.c
x86_64-unknown-linux-musl-gcc -O2 -m64 -march=x86-64 -mtune=generic -flto=auto -ffat-lto-objects   -DHAVE_CONFIG_H  -DLOCALEDIR=\"/usr/share/locale\" -I. -I.. -Ichrtrans -I./chrtrans -I.. -I../src -I.././WWW/Library/Implementation   -DLINUX -DNCURSES_WIDECHAR -D_XOPEN_SOURCE_EXTENDED -c LYSearch.c
x86_64-unknown-linux-musl-gcc -O2 -m64 -march=x86-64 -mtune=generic -flto=auto -ffat-lto-objects   -DHAVE_CONFIG_H  -DLOCALEDIR=\"/usr/share/locale\" -I. -I.. -Ichrtrans -I./chrtrans -I.. -I../src -I.././WWW/Library/Implementation   -DLINUX -DNCURSES_WIDECHAR -D_XOPEN_SOURCE_EXTENDED -c LYHistory.c
x86_64-unknown-linux-musl-gcc -O2 -m64 -march=x86-64 -mtune=generic -flto=auto -ffat-lto-objects   -DHAVE_CONFIG_H  -DLOCALEDIR=\"/usr/share/locale\" -I. -I.. -Ichrtrans -I./chrtrans -I.. -I../src -I.././WWW/Library/Implementation   -DLINUX -DNCURSES_WIDECHAR -D_XOPEN_SOURCE_EXTENDED -c LYForms.c
x86_64-unknown-linux-musl-gcc -O2 -m64 -march=x86-64 -mtune=generic -flto=auto -ffat-lto-objects   -DHAVE_CONFIG_H  -DLOCALEDIR=\"/usr/share/locale\" -I. -I.. -Ichrtrans -I./chrtrans -I.. -I../src -I.././WWW/Library/Implementation   -DLINUX -DNCURSES_WIDECHAR -D_XOPEN_SOURCE_EXTENDED -c LYPrint.c
x86_64-unknown-linux-musl-gcc -O2 -m64 -march=x86-64 -mtune=generic -flto=auto -ffat-lto-objects   -DHAVE_CONFIG_H  -DLOCALEDIR=\"/usr/share/locale\" -I. -I.. -Ichrtrans -I./chrtrans -I.. -I../src -I.././WWW/Library/Implementation   -DLINUX -DNCURSES_WIDECHAR -D_XOPEN_SOURCE_EXTENDED -c LYrcFile.c
x86_64-unknown-linux-musl-gcc -O2 -m64 -march=x86-64 -mtune=generic -flto=auto -ffat-lto-objects   -DHAVE_CONFIG_H  -DLOCALEDIR=\"/usr/share/locale\" -I. -I.. -Ichrtrans -I./chrtrans -I.. -I../src -I.././WWW/Library/Implementation   -DLINUX -DNCURSES_WIDECHAR -D_XOPEN_SOURCE_EXTENDED -c LYDownload.c
x86_64-unknown-linux-musl-gcc -O2 -m64 -march=x86-64 -mtune=generic -flto=auto -ffat-lto-objects   -DHAVE_CONFIG_H  -DLOCALEDIR=\"/usr/share/locale\" -I. -I.. -Ichrtrans -I./chrtrans -I.. -I../src -I.././WWW/Library/Implementation   -DLINUX -DNCURSES_WIDECHAR -D_XOPEN_SOURCE_EXTENDED -c LYNews.c
x86_64-unknown-linux-musl-gcc -O2 -m64 -march=x86-64 -mtune=generic -flto=auto -ffat-lto-objects   -DHAVE_CONFIG_H  -DLOCALEDIR=\"/usr/share/locale\" -I. -I.. -Ichrtrans -I./chrtrans -I.. -I../src -I.././WWW/Library/Implementation   -DLINUX -DNCURSES_WIDECHAR -D_XOPEN_SOURCE_EXTENDED -c LYKeymap.c
x86_64-unknown-linux-musl-gcc -O2 -m64 -march=x86-64 -mtune=generic -flto=auto -ffat-lto-objects   -DHAVE_CONFIG_H  -DLOCALEDIR=\"/usr/share/locale\" -I. -I.. -Ichrtrans -I./chrtrans -I.. -I../src -I.././WWW/Library/Implementation   -DLINUX -DNCURSES_WIDECHAR -D_XOPEN_SOURCE_EXTENDED -c HTML.c
x86_64-unknown-linux-musl-gcc -O2 -m64 -march=x86-64 -mtune=generic -flto=auto -ffat-lto-objects   -DHAVE_CONFIG_H  -DLOCALEDIR=\"/usr/share/locale\" -I. -I.. -Ichrtrans -I./chrtrans -I.. -I../src -I.././WWW/Library/Implementation   -DLINUX -DNCURSES_WIDECHAR -D_XOPEN_SOURCE_EXTENDED -c HTFWriter.c
x86_64-unknown-linux-musl-gcc -O2 -m64 -march=x86-64 -mtune=generic -flto=auto -ffat-lto-objects   -DHAVE_CONFIG_H  -DLOCALEDIR=\"/usr/share/locale\" -I. -I.. -Ichrtrans -I./chrtrans -I.. -I../src -I.././WWW/Library/Implementation   -DLINUX -DNCURSES_WIDECHAR -D_XOPEN_SOURCE_EXTENDED -c HTInit.c
x86_64-unknown-linux-musl-gcc -O2 -m64 -march=x86-64 -mtune=generic -flto=auto -ffat-lto-objects   -DHAVE_CONFIG_H  -DLOCALEDIR=\"/usr/share/locale\" -I. -I.. -Ichrtrans -I./chrtrans -I.. -I../src -I.././WWW/Library/Implementation   -DLINUX -DNCURSES_WIDECHAR -D_XOPEN_SOURCE_EXTENDED -c DefaultStyle.c
x86_64-unknown-linux-musl-gcc -O2 -m64 -march=x86-64 -mtune=generic -flto=auto -ffat-lto-objects   -DHAVE_CONFIG_H  -DLOCALEDIR=\"/usr/share/locale\" -I. -I.. -Ichrtrans -I./chrtrans -I.. -I../src -I.././WWW/Library/Implementation   -DLINUX -DNCURSES_WIDECHAR -D_XOPEN_SOURCE_EXTENDED -c LYUpload.c
x86_64-unknown-linux-musl-gcc -O2 -m64 -march=x86-64 -mtune=generic -flto=auto -ffat-lto-objects   -DHAVE_CONFIG_H  -DLOCALEDIR=\"/usr/share/locale\" -I. -I.. -Ichrtrans -I./chrtrans -I.. -I../src -I.././WWW/Library/Implementation   -DLINUX -DNCURSES_WIDECHAR -D_XOPEN_SOURCE_EXTENDED -c LYLeaks.c
x86_64-unknown-linux-musl-gcc -O2 -m64 -march=x86-64 -mtune=generic -flto=auto -ffat-lto-objects   -DHAVE_CONFIG_H  -DLOCALEDIR=\"/usr/share/locale\" -I. -I.. -Ichrtrans -I./chrtrans -I.. -I../src -I.././WWW/Library/Implementation   -DLINUX -DNCURSES_WIDECHAR -D_XOPEN_SOURCE_EXTENDED -c LYexit.c
x86_64-unknown-linux-musl-gcc -O2 -m64 -march=x86-64 -mtune=generic -flto=auto -ffat-lto-objects   -DHAVE_CONFIG_H  -DLOCALEDIR=\"/usr/share/locale\" -I. -I.. -Ichrtrans -I./chrtrans -I.. -I../src -I.././WWW/Library/Implementation   -DLINUX -DNCURSES_WIDECHAR -D_XOPEN_SOURCE_EXTENDED -c LYJump.c
x86_64-unknown-linux-musl-gcc -O2 -m64 -march=x86-64 -mtune=generic -flto=auto -ffat-lto-objects   -DHAVE_CONFIG_H  -DLOCALEDIR=\"/usr/share/locale\" -I. -I.. -Ichrtrans -I./chrtrans -I.. -I../src -I.././WWW/Library/Implementation   -DLINUX -DNCURSES_WIDECHAR -D_XOPEN_SOURCE_EXTENDED -c LYList.c
x86_64-unknown-linux-musl-gcc -O2 -m64 -march=x86-64 -mtune=generic -flto=auto -ffat-lto-objects   -DHAVE_CONFIG_H  -DLOCALEDIR=\"/usr/share/locale\" -I. -I.. -Ichrtrans -I./chrtrans -I.. -I../src -I.././WWW/Library/Implementation   -DLINUX -DNCURSES_WIDECHAR -D_XOPEN_SOURCE_EXTENDED -c LYCgi.c
x86_64-unknown-linux-musl-gcc -O2 -m64 -march=x86-64 -mtune=generic -flto=auto -ffat-lto-objects   -DHAVE_CONFIG_H  -DLOCALEDIR=\"/usr/share/locale\" -I. -I.. -Ichrtrans -I./chrtrans -I.. -I../src -I.././WWW/Library/Implementation   -DLINUX -DNCURSES_WIDECHAR -D_XOPEN_SOURCE_EXTENDED -c LYTraversal.c
x86_64-unknown-linux-musl-gcc -O2 -m64 -march=x86-64 -mtune=generic -flto=auto -ffat-lto-objects   -DHAVE_CONFIG_H  -DLOCALEDIR=\"/usr/share/locale\" -I. -I.. -Ichrtrans -I./chrtrans -I.. -I../src -I.././WWW/Library/Implementation   -DLINUX -DNCURSES_WIDECHAR -D_XOPEN_SOURCE_EXTENDED -c LYEditmap.c
x86_64-unknown-linux-musl-gcc -O2 -m64 -march=x86-64 -mtune=generic -flto=auto -ffat-lto-objects   -DHAVE_CONFIG_H  -DLOCALEDIR=\"/usr/share/locale\" -I. -I.. -Ichrtrans -I./chrtrans -I.. -I../src -I.././WWW/Library/Implementation   -DLINUX -DNCURSES_WIDECHAR -D_XOPEN_SOURCE_EXTENDED -c LYCharSets.c
x86_64-unknown-linux-musl-gcc -O2 -m64 -march=x86-64 -mtune=generic -flto=auto -ffat-lto-objects   -DHAVE_CONFIG_H  -DLOCALEDIR=\"/usr/share/locale\" -I. -I.. -Ichrtrans -I./chrtrans -I.. -I../src -I.././WWW/Library/Implementation   -DLINUX -DNCURSES_WIDECHAR -D_XOPEN_SOURCE_EXTENDED -c LYCharUtils.c
x86_64-unknown-linux-musl-gcc -O2 -m64 -march=x86-64 -mtune=generic -flto=auto -ffat-lto-objects   -DHAVE_CONFIG_H  -DLOCALEDIR=\"/usr/share/locale\" -I. -I.. -Ichrtrans -I./chrtrans -I.. -I../src -I.././WWW/Library/Implementation   -DLINUX -DNCURSES_WIDECHAR -D_XOPEN_SOURCE_EXTENDED -c LYMap.c
x86_64-unknown-linux-musl-gcc -O2 -m64 -march=x86-64 -mtune=generic -flto=auto -ffat-lto-objects   -DHAVE_CONFIG_H  -DLOCALEDIR=\"/usr/share/locale\" -I. -I.. -Ichrtrans -I./chrtrans -I.. -I../src -I.././WWW/Library/Implementation   -DLINUX -DNCURSES_WIDECHAR -D_XOPEN_SOURCE_EXTENDED -c LYCookie.c
x86_64-unknown-linux-musl-gcc -O2 -m64 -march=x86-64 -mtune=generic -flto=auto -ffat-lto-objects   -DHAVE_CONFIG_H  -DLOCALEDIR=\"/usr/share/locale\" -I. -I.. -Ichrtrans -I./chrtrans -I.. -I../src -I.././WWW/Library/Implementation   -DLINUX -DNCURSES_WIDECHAR -D_XOPEN_SOURCE_EXTENDED -c LYStyle.c
x86_64-unknown-linux-musl-gcc -O2 -m64 -march=x86-64 -mtune=generic -flto=auto -ffat-lto-objects   -DHAVE_CONFIG_H  -DLOCALEDIR=\"/usr/share/locale\" -I. -I.. -Ichrtrans -I./chrtrans -I.. -I../src -I.././WWW/Library/Implementation   -DLINUX -DNCURSES_WIDECHAR -D_XOPEN_SOURCE_EXTENDED -c LYHash.c
x86_64-unknown-linux-musl-gcc -O2 -m64 -march=x86-64 -mtune=generic -flto=auto -ffat-lto-objects   -DHAVE_CONFIG_H  -DLOCALEDIR=\"/usr/share/locale\" -I. -I.. -Ichrtrans -I./chrtrans -I.. -I../src -I.././WWW/Library/Implementation   -DLINUX -DNCURSES_WIDECHAR -D_XOPEN_SOURCE_EXTENDED -c LYPrettySrc.c
x86_64-unknown-linux-musl-gcc -O2 -m64 -march=x86-64 -mtune=generic -flto=auto -ffat-lto-objects   -DHAVE_CONFIG_H  -DLOCALEDIR=\"/usr/share/locale\" -I. -I.. -Ichrtrans -I./chrtrans -I.. -I../src -I.././WWW/Library/Implementation   -DLINUX -DNCURSES_WIDECHAR -D_XOPEN_SOURCE_EXTENDED -c TRSTable.c
x86_64-unknown-linux-musl-gcc -O2 -m64 -march=x86-64 -mtune=generic -flto=auto -ffat-lto-objects   -DHAVE_CONFIG_H  -DLOCALEDIR=\"/usr/share/locale\" -I. -I.. -Ichrtrans -I./chrtrans -I.. -I../src -I.././WWW/Library/Implementation   -DLINUX -DNCURSES_WIDECHAR -D_XOPEN_SOURCE_EXTENDED -c parsdate.c
x86_64-unknown-linux-musl-gcc -O2 -m64 -march=x86-64 -mtune=generic -flto=auto -ffat-lto-objects   -DHAVE_CONFIG_H  -DLOCALEDIR=\"/usr/share/locale\" -I. -I.. -Ichrtrans -I./chrtrans -I.. -I../src -I.././WWW/Library/Implementation   -DLINUX -DNCURSES_WIDECHAR -D_XOPEN_SOURCE_EXTENDED -c UCdomap.c
x86_64-unknown-linux-musl-gcc -O2 -m64 -march=x86-64 -mtune=generic -flto=auto -ffat-lto-objects   -DHAVE_CONFIG_H  -DLOCALEDIR=\"/usr/share/locale\" -I. -I.. -Ichrtrans -I./chrtrans -I.. -I../src -I.././WWW/Library/Implementation   -DLINUX -DNCURSES_WIDECHAR -D_XOPEN_SOURCE_EXTENDED -c UCAux.c
x86_64-unknown-linux-musl-gcc -O2 -m64 -march=x86-64 -mtune=generic -flto=auto -ffat-lto-objects   -DHAVE_CONFIG_H  -DLOCALEDIR=\"/usr/share/locale\" -I. -I.. -Ichrtrans -I./chrtrans -I.. -I../src -I.././WWW/Library/Implementation   -DLINUX -DNCURSES_WIDECHAR -D_XOPEN_SOURCE_EXTENDED -c UCAuto.c
x86_64-unknown-linux-musl-gcc -O2 -m64 -march=x86-64 -mtune=generic -flto=auto -ffat-lto-objects   -DHAVE_CONFIG_H  -DLOCALEDIR=\"/usr/share/locale\" -I. -I.. -Ichrtrans -I./chrtrans -I.. -I../src -I.././WWW/Library/Implementation   -DLINUX -DNCURSES_WIDECHAR -D_XOPEN_SOURCE_EXTENDED -c LYSession.c
x86_64-unknown-linux-musl-gcc -O2 -m64 -march=x86-64 -mtune=generic -flto=auto -ffat-lto-objects   -DHAVE_CONFIG_H  -DLOCALEDIR=\"/usr/share/locale\" -I. -I.. -Ichrtrans -I./chrtrans -I.. -I../src -I.././WWW/Library/Implementation   -DLINUX -DNCURSES_WIDECHAR -D_XOPEN_SOURCE_EXTENDED -c LYExtern.c
x86_64-unknown-linux-musl-gcc -O2 -m64 -march=x86-64 -mtune=generic -flto=auto -ffat-lto-objects   -DHAVE_CONFIG_H  -DLOCALEDIR=\"/usr/share/locale\" -I. -I.. -Ichrtrans -I./chrtrans -I.. -I../src -I.././WWW/Library/Implementation   -DLINUX -DNCURSES_WIDECHAR -D_XOPEN_SOURCE_EXTENDED -c LYLocal.c
Linking and creating Lynx executable
x86_64-unknown-linux-musl-gcc -O2 -m64 -march=x86-64 -mtune=generic -flto=auto -ffat-lto-objects   -DHAVE_CONFIG_H  -DLOCALEDIR=\"/usr/share/locale\" -I. -I.. -Ichrtrans -I./chrtrans -I.. -I../src -I.././WWW/Library/Implementation   -DLINUX -DNCURSES_WIDECHAR -D_XOPEN_SOURCE_EXTENDED  -o lynx  LYebcdic.o LYClean.o LYShowInfo.o LYEdit.o LYStrings.o LYMail.o HTAlert.o GridText.o LYGetFile.o LYMain.o LYMainLoop.o LYCurses.o LYBookmark.o LYmktime.o LYUtils.o LYOptions.o LYReadCFG.o LYSearch.o LYHistory.o LYForms.o LYPrint.o LYrcFile.o LYDownload.o LYNews.o LYKeymap.o HTML.o HTFWriter.o HTInit.o DefaultStyle.o LYUpload.o LYLeaks.o LYexit.o LYJump.o LYList.o LYCgi.o LYTraversal.o LYEditmap.o LYCharSets.o LYCharUtils.o LYMap.o LYCookie.o LYStyle.o LYHash.o LYPrettySrc.o TRSTable.o parsdate.o UCdomap.o UCAux.o UCAuto.o  LYSession.o LYExtern.o LYLocal.o  .././WWW/Library/Implementation/libwww.a -lz -lbz2 -lbsd -lncursesw -ltinfo -lssl -lcrypto    
/usr/bin/ld: /lib/../lib/libc.so: warning: The fgetln() function cannot be safely ported, use getline(3) instead, as it is supported by GNU and POSIX.1-2008.
Copying Lynx executable into top-level directory
rm -f ../lynx
cp lynx ../
Welcome to Lynx!
make[1]: Leaving directory '/home/devel/building/work/src/lynx2.9.0/src'
+ make -j1 DESTDIR=/home/devel/building/work/pkg install
mkdir -p /home/devel/building/work/pkg/usr/bin
/bin/sh -c "P=`echo lynx|sed 's,x,x,'`; \
if test -f /home/devel/building/work/pkg/usr/bin/$P ; then \
      mv -f /home/devel/building/work/pkg/usr/bin/$P /home/devel/building/work/pkg/usr/bin/$P.old; fi"; \
/usr/bin/install -c lynx /home/devel/building/work/pkg/usr/bin/`echo lynx|sed 's,x,x,'`
mkdir -p /home/devel/building/work/pkg/usr/share/man/man1
/usr/bin/install -c -m 644 ./lynx.man /home/devel/building/work/pkg/usr/share/man/man1/`echo lynx|sed 's,x,x,'`.1
mkdir -p /home/devel/building/work/pkg/etc
** installing ./lynx.cfg as /home/devel/building/work/pkg/etc/lynx.cfg
** installing ./samples/lynx.lss as /home/devel/building/work/pkg/etc/lynx.lss

Use make install-help to install the help-files
Use make install-doc to install extra documentation files

=======> Build result:
drwxr-xr-x  0 root   root        0 May 15 18:51 etc/
-rw-r--r--  0 root   root   163326 May 15 18:51 etc/lynx.cfg
-rw-r--r--  0 root   root     3581 May 15 18:51 etc/lynx.lss
drwxr-xr-x  0 root   root        0 May 15 18:51 usr/
drwxr-xr-x  0 root   root        0 May 15 18:51 usr/bin/
drwxr-xr-x  0 root   root        0 May 15 18:51 usr/share/
drwxr-xr-x  0 root   root        0 May 15 18:51 usr/share/man/
drwxr-xr-x  0 root   root        0 May 15 18:51 usr/share/man/man1/
-rw-r--r--  0 root   root    14683 May 15 18:51 usr/share/man/man1/lynx.1.gz
-rwxr-xr-x  0 root   root  1575520 May 15 18:51 usr/bin/lynx
=======> Building '/home/devel/packages/lynx#2.9.0-1.x86_64.pkg.tar.zst' succeeded.
prt-get: Using PKGMK_PACKAGE_DIR: /home/devel/packages
prt-get: reinstalling lynx 2.9.0-1
prt-get: /usr/bin/pkgadd -u lynx#2.9.0-1.x86_64.pkg.tar.zst
prt-get: build done Wed May 15 18:51:41 2024

