prt-get: updating /usr/ports/core-x86_64/meson
prt-get: starting build Wed May 15 18:54:28 2024
=======> Building '/home/devel/packages/meson#1.4.0-1.x86_64.pkg.tar.zst'.
bsdtar -p -o -C /home/devel/building/work/src -xf /home/devel/sources/meson-1.4.0.tar.gz
cp build-meson /home/devel/building/work/src
+ build
+ cd meson-1.4.0
+ /usr/bin/pip3 wheel -w dist --no-cache-dir --no-build-isolation --no-deps /home/devel/building/work/src/meson-1.4.0
Processing /home/devel/building/work/src/meson-1.4.0
  Preparing metadata (pyproject.toml): started
  Preparing metadata (pyproject.toml): finished with status 'done'
Building wheels for collected packages: meson
  Building wheel for meson (pyproject.toml): started
  Building wheel for meson (pyproject.toml): finished with status 'done'
  Created wheel for meson: filename=meson-1.4.0-py3-none-any.whl size=935471 sha256=0159a5d8489b6978f2ab8613da9cd2059f79673d0afcfbe1fdd0c34a00f0c7eb
  Stored in directory: /tmp/pip-ephem-wheel-cache-in5zgz2w/wheels/80/49/ef/d034cc9946237d0ad5680da69e272096569abc45b07f6333a3
Successfully built meson
+ PIP_CONFIG_FILE=/dev/null
+ /usr/bin/pip3 install --root-user-action=ignore --no-warn-script-location --ignore-installed --no-deps dist/meson-1.4.0-py3-none-any.whl --no-cache-dir --no-index --isolated --root=/home/devel/building/work/pkg
Processing ./dist/meson-1.4.0-py3-none-any.whl
Installing collected packages: meson
Successfully installed meson-1.4.0
+ install -D -m 0755 /home/devel/building/work/src/build-meson -t /home/devel/building/work/pkg/usr/bin
+ install -d /home/devel/building/work/pkg/usr/share/vim/vimfiles
+ cp -rt /home/devel/building/work/pkg/usr/share/vim/vimfiles data/syntax-highlighting/vim/ftdetect/ data/syntax-highlighting/vim/ftplugin/ data/syntax-highlighting/vim/indent/ data/syntax-highlighting/vim/syntax/
+ install -m 0644 -Dt /home/devel/building/work/pkg/usr/share/bash-completion/completions data/shell-completions/bash/meson
=======> Build result:
drwxr-xr-x  0 root   root        0 May 15 18:54 usr/
drwxr-xr-x  0 root   root        0 May 15 18:54 usr/lib/
drwxr-xr-x  0 root   root        0 May 15 18:54 usr/share/
drwxr-xr-x  0 root   root        0 May 15 18:54 usr/bin/
-rwxr-xr-x  0 root   root      219 May 15 18:54 usr/bin/meson
-rwxr-xr-x  0 root   root      598 May 15 18:54 usr/bin/build-meson
drwxr-xr-x  0 root   root        0 May 15 18:54 usr/share/man/
drwxr-xr-x  0 root   root        0 May 15 18:54 usr/share/polkit-1/
drwxr-xr-x  0 root   root        0 May 15 18:54 usr/share/vim/
drwxr-xr-x  0 root   root        0 May 15 18:54 usr/share/bash-completion/
drwxr-xr-x  0 root   root        0 May 15 18:54 usr/share/bash-completion/completions/
-rw-r--r--  0 root   root    27039 May 15 18:54 usr/share/bash-completion/completions/meson
drwxr-xr-x  0 root   root        0 May 15 18:54 usr/share/vim/vimfiles/
drwxr-xr-x  0 root   root        0 May 15 18:54 usr/share/vim/vimfiles/ftdetect/
drwxr-xr-x  0 root   root        0 May 15 18:54 usr/share/vim/vimfiles/ftplugin/
drwxr-xr-x  0 root   root        0 May 15 18:54 usr/share/vim/vimfiles/indent/
drwxr-xr-x  0 root   root        0 May 15 18:54 usr/share/vim/vimfiles/syntax/
-rw-r--r--  0 root   root     4030 May 15 18:54 usr/share/vim/vimfiles/syntax/meson.vim
-rw-r--r--  0 root   root     5319 May 15 18:54 usr/share/vim/vimfiles/indent/meson.vim
-rw-r--r--  0 root   root     1146 May 15 18:54 usr/share/vim/vimfiles/ftplugin/meson.vim
-rw-r--r--  0 root   root      216 May 15 18:54 usr/share/vim/vimfiles/ftdetect/meson.vim
drwxr-xr-x  0 root   root        0 May 15 18:54 usr/share/polkit-1/actions/
-rw-r--r--  0 root   root      896 May 15 18:54 usr/share/polkit-1/actions/com.mesonbuild.install.policy
drwxr-xr-x  0 root   root        0 May 15 18:54 usr/share/man/man1/
-rw-r--r--  0 root   root     2089 May 15 18:54 usr/share/man/man1/meson.1.gz
drwxr-xr-x  0 root   root        0 May 15 18:54 usr/lib/python3.12/
drwxr-xr-x  0 root   root        0 May 15 18:54 usr/lib/python3.12/site-packages/
drwxr-xr-x  0 root   root        0 May 15 18:54 usr/lib/python3.12/site-packages/mesonbuild/
drwxr-xr-x  0 root   root        0 May 15 18:54 usr/lib/python3.12/site-packages/meson-1.4.0.dist-info/
-rw-r--r--  0 root   root    11358 May 15 18:54 usr/lib/python3.12/site-packages/meson-1.4.0.dist-info/COPYING
-rw-r--r--  0 root   root     1763 May 15 18:54 usr/lib/python3.12/site-packages/meson-1.4.0.dist-info/METADATA
-rw-r--r--  0 root   root       92 May 15 18:54 usr/lib/python3.12/site-packages/meson-1.4.0.dist-info/WHEEL
-rw-r--r--  0 root   root       52 May 15 18:54 usr/lib/python3.12/site-packages/meson-1.4.0.dist-info/entry_points.txt
-rw-r--r--  0 root   root       11 May 15 18:54 usr/lib/python3.12/site-packages/meson-1.4.0.dist-info/top_level.txt
-rw-r--r--  0 root   root        4 May 15 18:54 usr/lib/python3.12/site-packages/meson-1.4.0.dist-info/INSTALLER
-rw-r--r--  0 root   root      284 May 15 18:54 usr/lib/python3.12/site-packages/meson-1.4.0.dist-info/direct_url.json
-rw-r--r--  0 root   root        0 May 15 18:54 usr/lib/python3.12/site-packages/meson-1.4.0.dist-info/REQUESTED
-rw-r--r--  0 root   root    35261 May 15 18:54 usr/lib/python3.12/site-packages/meson-1.4.0.dist-info/RECORD
-rw-r--r--  0 root   root        0 May 15 18:54 usr/lib/python3.12/site-packages/mesonbuild/__init__.py
-rw-r--r--  0 root   root     1914 May 15 18:54 usr/lib/python3.12/site-packages/mesonbuild/_pathlib.py
-rw-r--r--  0 root   root     1860 May 15 18:54 usr/lib/python3.12/site-packages/mesonbuild/_typing.py
-rw-r--r--  0 root   root    12691 May 15 18:54 usr/lib/python3.12/site-packages/mesonbuild/arglist.py
-rw-r--r--  0 root   root   134402 May 15 18:54 usr/lib/python3.12/site-packages/mesonbuild/build.py
-rw-r--r--  0 root   root    66051 May 15 18:54 usr/lib/python3.12/site-packages/mesonbuild/coredata.py
-rw-r--r--  0 root   root     2382 May 15 18:54 usr/lib/python3.12/site-packages/mesonbuild/depfile.py
-rw-r--r--  0 root   root    15117 May 15 18:54 usr/lib/python3.12/site-packages/mesonbuild/envconfig.py
-rw-r--r--  0 root   root    41556 May 15 18:54 usr/lib/python3.12/site-packages/mesonbuild/environment.py
-rw-r--r--  0 root   root    14203 May 15 18:54 usr/lib/python3.12/site-packages/mesonbuild/mcompile.py
-rw-r--r--  0 root   root    15477 May 15 18:54 usr/lib/python3.12/site-packages/mesonbuild/mconf.py
-rw-r--r--  0 root   root    10382 May 15 18:54 usr/lib/python3.12/site-packages/mesonbuild/mdevenv.py
-rw-r--r--  0 root   root    15690 May 15 18:54 usr/lib/python3.12/site-packages/mesonbuild/mdist.py
-rw-r--r--  0 root   root     1258 May 15 18:54 usr/lib/python3.12/site-packages/mesonbuild/mesondata.py
-rw-r--r--  0 root   root      549 May 15 18:54 usr/lib/python3.12/site-packages/mesonbuild/mesonlib.py
-rw-r--r--  0 root   root    13376 May 15 18:54 usr/lib/python3.12/site-packages/mesonbuild/mesonmain.py
-rw-r--r--  0 root   root     8264 May 15 18:54 usr/lib/python3.12/site-packages/mesonbuild/minit.py
-rw-r--r--  0 root   root    38896 May 15 18:54 usr/lib/python3.12/site-packages/mesonbuild/minstall.py
-rw-r--r--  0 root   root    30419 May 15 18:54 usr/lib/python3.12/site-packages/mesonbuild/mintro.py
-rw-r--r--  0 root   root    19710 May 15 18:54 usr/lib/python3.12/site-packages/mesonbuild/mlog.py
-rw-r--r--  0 root   root    41242 May 15 18:54 usr/lib/python3.12/site-packages/mesonbuild/mparser.py
-rw-r--r--  0 root   root    19452 May 15 18:54 usr/lib/python3.12/site-packages/mesonbuild/msetup.py
-rw-r--r--  0 root   root    33411 May 15 18:54 usr/lib/python3.12/site-packages/mesonbuild/msubprojects.py
-rw-r--r--  0 root   root    89056 May 15 18:54 usr/lib/python3.12/site-packages/mesonbuild/mtest.py
-rw-r--r--  0 root   root     4235 May 15 18:54 usr/lib/python3.12/site-packages/mesonbuild/munstable_coredata.py
-rw-r--r--  0 root   root    11435 May 15 18:54 usr/lib/python3.12/site-packages/mesonbuild/optinterpreter.py
-rw-r--r--  0 root   root    16552 May 15 18:54 usr/lib/python3.12/site-packages/mesonbuild/programs.py
-rw-r--r--  0 root   root    43550 May 15 18:54 usr/lib/python3.12/site-packages/mesonbuild/rewriter.py
drwxr-xr-x  0 root   root        0 May 15 18:54 usr/lib/python3.12/site-packages/mesonbuild/ast/
drwxr-xr-x  0 root   root        0 May 15 18:54 usr/lib/python3.12/site-packages/mesonbuild/backend/
drwxr-xr-x  0 root   root        0 May 15 18:54 usr/lib/python3.12/site-packages/mesonbuild/cargo/
drwxr-xr-x  0 root   root        0 May 15 18:54 usr/lib/python3.12/site-packages/mesonbuild/cmake/
drwxr-xr-x  0 root   root        0 May 15 18:54 usr/lib/python3.12/site-packages/mesonbuild/compilers/
drwxr-xr-x  0 root   root        0 May 15 18:54 usr/lib/python3.12/site-packages/mesonbuild/dependencies/
drwxr-xr-x  0 root   root        0 May 15 18:54 usr/lib/python3.12/site-packages/mesonbuild/interpreter/
drwxr-xr-x  0 root   root        0 May 15 18:54 usr/lib/python3.12/site-packages/mesonbuild/interpreterbase/
drwxr-xr-x  0 root   root        0 May 15 18:54 usr/lib/python3.12/site-packages/mesonbuild/linkers/
drwxr-xr-x  0 root   root        0 May 15 18:54 usr/lib/python3.12/site-packages/mesonbuild/modules/
drwxr-xr-x  0 root   root        0 May 15 18:54 usr/lib/python3.12/site-packages/mesonbuild/scripts/
drwxr-xr-x  0 root   root        0 May 15 18:54 usr/lib/python3.12/site-packages/mesonbuild/templates/
drwxr-xr-x  0 root   root        0 May 15 18:54 usr/lib/python3.12/site-packages/mesonbuild/utils/
drwxr-xr-x  0 root   root        0 May 15 18:54 usr/lib/python3.12/site-packages/mesonbuild/wrap/
drwxr-xr-x  0 root   root        0 May 15 18:54 usr/lib/python3.12/site-packages/mesonbuild/__pycache__/
-rw-r--r--  0 root   root      182 May 15 18:54 usr/lib/python3.12/site-packages/mesonbuild/__pycache__/__init__.cpython-312.pyc
-rw-r--r--  0 root   root     2396 May 15 18:54 usr/lib/python3.12/site-packages/mesonbuild/__pycache__/_pathlib.cpython-312.pyc
-rw-r--r--  0 root   root     4413 May 15 18:54 usr/lib/python3.12/site-packages/mesonbuild/__pycache__/_typing.cpython-312.pyc
-rw-r--r--  0 root   root    15259 May 15 18:54 usr/lib/python3.12/site-packages/mesonbuild/__pycache__/arglist.cpython-312.pyc
-rw-r--r--  0 root   root   163478 May 15 18:54 usr/lib/python3.12/site-packages/mesonbuild/__pycache__/build.cpython-312.pyc
-rw-r--r--  0 root   root    84475 May 15 18:54 usr/lib/python3.12/site-packages/mesonbuild/__pycache__/coredata.cpython-312.pyc
-rw-r--r--  0 root   root     2969 May 15 18:54 usr/lib/python3.12/site-packages/mesonbuild/__pycache__/depfile.cpython-312.pyc
-rw-r--r--  0 root   root    19734 May 15 18:54 usr/lib/python3.12/site-packages/mesonbuild/__pycache__/envconfig.cpython-312.pyc
-rw-r--r--  0 root   root    44177 May 15 18:54 usr/lib/python3.12/site-packages/mesonbuild/__pycache__/environment.cpython-312.pyc
-rw-r--r--  0 root   root    17553 May 15 18:54 usr/lib/python3.12/site-packages/mesonbuild/__pycache__/mcompile.cpython-312.pyc
-rw-r--r--  0 root   root    22719 May 15 18:54 usr/lib/python3.12/site-packages/mesonbuild/__pycache__/mconf.cpython-312.pyc
-rw-r--r--  0 root   root    15086 May 15 18:54 usr/lib/python3.12/site-packages/mesonbuild/__pycache__/mdevenv.cpython-312.pyc
-rw-r--r--  0 root   root    23598 May 15 18:54 usr/lib/python3.12/site-packages/mesonbuild/__pycache__/mdist.cpython-312.pyc
-rw-r--r--  0 root   root     2325 May 15 18:54 usr/lib/python3.12/site-packages/mesonbuild/__pycache__/mesondata.cpython-312.pyc
-rw-r--r--  0 root   root      526 May 15 18:54 usr/lib/python3.12/site-packages/mesonbuild/__pycache__/mesonlib.cpython-312.pyc
-rw-r--r--  0 root   root    16948 May 15 18:54 usr/lib/python3.12/site-packages/mesonbuild/__pycache__/mesonmain.cpython-312.pyc
-rw-r--r--  0 root   root    11202 May 15 18:54 usr/lib/python3.12/site-packages/mesonbuild/__pycache__/minit.cpython-312.pyc
-rw-r--r--  0 root   root    50963 May 15 18:54 usr/lib/python3.12/site-packages/mesonbuild/__pycache__/minstall.cpython-312.pyc
-rw-r--r--  0 root   root    43850 May 15 18:54 usr/lib/python3.12/site-packages/mesonbuild/__pycache__/mintro.cpython-312.pyc
-rw-r--r--  0 root   root    27748 May 15 18:54 usr/lib/python3.12/site-packages/mesonbuild/__pycache__/mlog.cpython-312.pyc
-rw-r--r--  0 root   root    64661 May 15 18:54 usr/lib/python3.12/site-packages/mesonbuild/__pycache__/mparser.cpython-312.pyc
-rw-r--r--  0 root   root    25054 May 15 18:54 usr/lib/python3.12/site-packages/mesonbuild/__pycache__/msetup.cpython-312.pyc
-rw-r--r--  0 root   root    45915 May 15 18:54 usr/lib/python3.12/site-packages/mesonbuild/__pycache__/msubprojects.cpython-312.pyc
-rw-r--r--  0 root   root   129937 May 15 18:54 usr/lib/python3.12/site-packages/mesonbuild/__pycache__/mtest.cpython-312.pyc
-rw-r--r--  0 root   root     6202 May 15 18:54 usr/lib/python3.12/site-packages/mesonbuild/__pycache__/munstable_coredata.cpython-312.pyc
-rw-r--r--  0 root   root    15838 May 15 18:54 usr/lib/python3.12/site-packages/mesonbuild/__pycache__/optinterpreter.cpython-312.pyc
-rw-r--r--  0 root   root    17615 May 15 18:54 usr/lib/python3.12/site-packages/mesonbuild/__pycache__/programs.cpython-312.pyc
-rw-r--r--  0 root   root    58658 May 15 18:54 usr/lib/python3.12/site-packages/mesonbuild/__pycache__/rewriter.cpython-312.pyc
-rw-r--r--  0 root   root     2070 May 15 18:54 usr/lib/python3.12/site-packages/mesonbuild/wrap/__init__.py
-rw-r--r--  0 root   root    38783 May 15 18:54 usr/lib/python3.12/site-packages/mesonbuild/wrap/wrap.py
-rw-r--r--  0 root   root     8558 May 15 18:54 usr/lib/python3.12/site-packages/mesonbuild/wrap/wraptool.py
drwxr-xr-x  0 root   root        0 May 15 18:54 usr/lib/python3.12/site-packages/mesonbuild/wrap/__pycache__/
-rw-r--r--  0 root   root     1081 May 15 18:54 usr/lib/python3.12/site-packages/mesonbuild/wrap/__pycache__/__init__.cpython-312.pyc
-rw-r--r--  0 root   root    53201 May 15 18:54 usr/lib/python3.12/site-packages/mesonbuild/wrap/__pycache__/wrap.cpython-312.pyc
-rw-r--r--  0 root   root    11792 May 15 18:54 usr/lib/python3.12/site-packages/mesonbuild/wrap/__pycache__/wraptool.cpython-312.pyc
-rw-r--r--  0 root   root        0 May 15 18:54 usr/lib/python3.12/site-packages/mesonbuild/utils/__init__.py
-rw-r--r--  0 root   root     6635 May 15 18:54 usr/lib/python3.12/site-packages/mesonbuild/utils/core.py
-rw-r--r--  0 root   root      694 May 15 18:54 usr/lib/python3.12/site-packages/mesonbuild/utils/platform.py
-rw-r--r--  0 root   root     1078 May 15 18:54 usr/lib/python3.12/site-packages/mesonbuild/utils/posix.py
-rw-r--r--  0 root   root    84790 May 15 18:54 usr/lib/python3.12/site-packages/mesonbuild/utils/universal.py
-rw-r--r--  0 root   root     4059 May 15 18:54 usr/lib/python3.12/site-packages/mesonbuild/utils/vsenv.py
-rw-r--r--  0 root   root      950 May 15 18:54 usr/lib/python3.12/site-packages/mesonbuild/utils/win32.py
drwxr-xr-x  0 root   root        0 May 15 18:54 usr/lib/python3.12/site-packages/mesonbuild/utils/__pycache__/
-rw-r--r--  0 root   root      188 May 15 18:54 usr/lib/python3.12/site-packages/mesonbuild/utils/__pycache__/__init__.cpython-312.pyc
-rw-r--r--  0 root   root    10836 May 15 18:54 usr/lib/python3.12/site-packages/mesonbuild/utils/__pycache__/core.cpython-312.pyc
-rw-r--r--  0 root   root     1229 May 15 18:54 usr/lib/python3.12/site-packages/mesonbuild/utils/__pycache__/platform.cpython-312.pyc
-rw-r--r--  0 root   root     1950 May 15 18:54 usr/lib/python3.12/site-packages/mesonbuild/utils/__pycache__/posix.cpython-312.pyc
-rw-r--r--  0 root   root   108186 May 15 18:54 usr/lib/python3.12/site-packages/mesonbuild/utils/__pycache__/universal.cpython-312.pyc
-rw-r--r--  0 root   root     4686 May 15 18:54 usr/lib/python3.12/site-packages/mesonbuild/utils/__pycache__/vsenv.cpython-312.pyc
-rw-r--r--  0 root   root     1762 May 15 18:54 usr/lib/python3.12/site-packages/mesonbuild/utils/__pycache__/win32.cpython-312.pyc
-rw-r--r--  0 root   root        0 May 15 18:54 usr/lib/python3.12/site-packages/mesonbuild/templates/__init__.py
-rw-r--r--  0 root   root     3143 May 15 18:54 usr/lib/python3.12/site-packages/mesonbuild/templates/cpptemplates.py
-rw-r--r--  0 root   root     2093 May 15 18:54 usr/lib/python3.12/site-packages/mesonbuild/templates/cstemplates.py
-rw-r--r--  0 root   root     2945 May 15 18:54 usr/lib/python3.12/site-packages/mesonbuild/templates/ctemplates.py
-rw-r--r--  0 root   root     3150 May 15 18:54 usr/lib/python3.12/site-packages/mesonbuild/templates/cudatemplates.py
-rw-r--r--  0 root   root     2576 May 15 18:54 usr/lib/python3.12/site-packages/mesonbuild/templates/dlangtemplates.py
-rw-r--r--  0 root   root     2281 May 15 18:54 usr/lib/python3.12/site-packages/mesonbuild/templates/fortrantemplates.py
-rw-r--r--  0 root   root     2184 May 15 18:54 usr/lib/python3.12/site-packages/mesonbuild/templates/javatemplates.py
-rw-r--r--  0 root   root     3072 May 15 18:54 usr/lib/python3.12/site-packages/mesonbuild/templates/mesontemplates.py
-rw-r--r--  0 root   root     3065 May 15 18:54 usr/lib/python3.12/site-packages/mesonbuild/templates/objcpptemplates.py
-rw-r--r--  0 root   root     2983 May 15 18:54 usr/lib/python3.12/site-packages/mesonbuild/templates/objctemplates.py
-rw-r--r--  0 root   root     1897 May 15 18:54 usr/lib/python3.12/site-packages/mesonbuild/templates/rusttemplates.py
-rw-r--r--  0 root   root     1400 May 15 18:54 usr/lib/python3.12/site-packages/mesonbuild/templates/samplefactory.py
-rw-r--r--  0 root   root     5818 May 15 18:54 usr/lib/python3.12/site-packages/mesonbuild/templates/sampleimpl.py
-rw-r--r--  0 root   root     2018 May 15 18:54 usr/lib/python3.12/site-packages/mesonbuild/templates/valatemplates.py
drwxr-xr-x  0 root   root        0 May 15 18:54 usr/lib/python3.12/site-packages/mesonbuild/templates/__pycache__/
-rw-r--r--  0 root   root      192 May 15 18:54 usr/lib/python3.12/site-packages/mesonbuild/templates/__pycache__/__init__.cpython-312.pyc
-rw-r--r--  0 root   root     3400 May 15 18:54 usr/lib/python3.12/site-packages/mesonbuild/templates/__pycache__/cpptemplates.cpython-312.pyc
-rw-r--r--  0 root   root     2358 May 15 18:54 usr/lib/python3.12/site-packages/mesonbuild/templates/__pycache__/cstemplates.cpython-312.pyc
-rw-r--r--  0 root   root     3209 May 15 18:54 usr/lib/python3.12/site-packages/mesonbuild/templates/__pycache__/ctemplates.cpython-312.pyc
-rw-r--r--  0 root   root     3404 May 15 18:54 usr/lib/python3.12/site-packages/mesonbuild/templates/__pycache__/cudatemplates.cpython-312.pyc
-rw-r--r--  0 root   root     3035 May 15 18:54 usr/lib/python3.12/site-packages/mesonbuild/templates/__pycache__/dlangtemplates.cpython-312.pyc
-rw-r--r--  0 root   root     2527 May 15 18:54 usr/lib/python3.12/site-packages/mesonbuild/templates/__pycache__/fortrantemplates.cpython-312.pyc
-rw-r--r--  0 root   root     2442 May 15 18:54 usr/lib/python3.12/site-packages/mesonbuild/templates/__pycache__/javatemplates.cpython-312.pyc
-rw-r--r--  0 root   root     3482 May 15 18:54 usr/lib/python3.12/site-packages/mesonbuild/templates/__pycache__/mesontemplates.cpython-312.pyc
-rw-r--r--  0 root   root     3313 May 15 18:54 usr/lib/python3.12/site-packages/mesonbuild/templates/__pycache__/objcpptemplates.cpython-312.pyc
-rw-r--r--  0 root   root     3236 May 15 18:54 usr/lib/python3.12/site-packages/mesonbuild/templates/__pycache__/objctemplates.cpython-312.pyc
-rw-r--r--  0 root   root     2337 May 15 18:54 usr/lib/python3.12/site-packages/mesonbuild/templates/__pycache__/rusttemplates.cpython-312.pyc
-rw-r--r--  0 root   root     1756 May 15 18:54 usr/lib/python3.12/site-packages/mesonbuild/templates/__pycache__/samplefactory.cpython-312.pyc
-rw-r--r--  0 root   root    10253 May 15 18:54 usr/lib/python3.12/site-packages/mesonbuild/templates/__pycache__/sampleimpl.cpython-312.pyc
-rw-r--r--  0 root   root     2266 May 15 18:54 usr/lib/python3.12/site-packages/mesonbuild/templates/__pycache__/valatemplates.cpython-312.pyc
-rw-r--r--  0 root   root      303 May 15 18:54 usr/lib/python3.12/site-packages/mesonbuild/scripts/__init__.py
-rw-r--r--  0 root   root     1848 May 15 18:54 usr/lib/python3.12/site-packages/mesonbuild/scripts/clangformat.py
-rw-r--r--  0 root   root     1036 May 15 18:54 usr/lib/python3.12/site-packages/mesonbuild/scripts/clangtidy.py
-rw-r--r--  0 root   root     1004 May 15 18:54 usr/lib/python3.12/site-packages/mesonbuild/scripts/cleantrees.py
-rw-r--r--  0 root   root     3264 May 15 18:54 usr/lib/python3.12/site-packages/mesonbuild/scripts/cmake_run_ctgt.py
-rw-r--r--  0 root   root      510 May 15 18:54 usr/lib/python3.12/site-packages/mesonbuild/scripts/cmd_or_ps.ps1
-rw-r--r--  0 root   root      420 May 15 18:54 usr/lib/python3.12/site-packages/mesonbuild/scripts/copy.py
-rw-r--r--  0 root   root    10588 May 15 18:54 usr/lib/python3.12/site-packages/mesonbuild/scripts/coverage.py
-rw-r--r--  0 root   root      664 May 15 18:54 usr/lib/python3.12/site-packages/mesonbuild/scripts/delwithsuffix.py
-rw-r--r--  0 root   root    19919 May 15 18:54 usr/lib/python3.12/site-packages/mesonbuild/scripts/depfixer.py
-rw-r--r--  0 root   root     9150 May 15 18:54 usr/lib/python3.12/site-packages/mesonbuild/scripts/depscan.py
-rw-r--r--  0 root   root      473 May 15 18:54 usr/lib/python3.12/site-packages/mesonbuild/scripts/dirchanger.py
-rw-r--r--  0 root   root    15871 May 15 18:54 usr/lib/python3.12/site-packages/mesonbuild/scripts/env2mfile.py
-rw-r--r--  0 root   root     3657 May 15 18:54 usr/lib/python3.12/site-packages/mesonbuild/scripts/externalproject.py
-rw-r--r--  0 root   root     3453 May 15 18:54 usr/lib/python3.12/site-packages/mesonbuild/scripts/gettext.py
-rw-r--r--  0 root   root    11122 May 15 18:54 usr/lib/python3.12/site-packages/mesonbuild/scripts/gtkdochelper.py
-rw-r--r--  0 root   root     1111 May 15 18:54 usr/lib/python3.12/site-packages/mesonbuild/scripts/hotdochelper.py
-rw-r--r--  0 root   root     2614 May 15 18:54 usr/lib/python3.12/site-packages/mesonbuild/scripts/itstool.py
-rw-r--r--  0 root   root     4159 May 15 18:54 usr/lib/python3.12/site-packages/mesonbuild/scripts/meson_exe.py
-rw-r--r--  0 root   root      937 May 15 18:54 usr/lib/python3.12/site-packages/mesonbuild/scripts/msgfmthelper.py
-rw-r--r--  0 root   root     1813 May 15 18:54 usr/lib/python3.12/site-packages/mesonbuild/scripts/pycompile.py
-rw-r--r--  0 root   root     4237 May 15 18:54 usr/lib/python3.12/site-packages/mesonbuild/scripts/python_info.py
-rw-r--r--  0 root   root     2147 May 15 18:54 usr/lib/python3.12/site-packages/mesonbuild/scripts/regen_checker.py
-rw-r--r--  0 root   root     1993 May 15 18:54 usr/lib/python3.12/site-packages/mesonbuild/scripts/run_tool.py
-rw-r--r--  0 root   root     2063 May 15 18:54 usr/lib/python3.12/site-packages/mesonbuild/scripts/scanbuild.py
-rw-r--r--  0 root   root    12541 May 15 18:54 usr/lib/python3.12/site-packages/mesonbuild/scripts/symbolextractor.py
-rw-r--r--  0 root   root     1239 May 15 18:54 usr/lib/python3.12/site-packages/mesonbuild/scripts/tags.py
-rw-r--r--  0 root   root      343 May 15 18:54 usr/lib/python3.12/site-packages/mesonbuild/scripts/test_loaded_modules.py
-rw-r--r--  0 root   root     1171 May 15 18:54 usr/lib/python3.12/site-packages/mesonbuild/scripts/uninstall.py
-rw-r--r--  0 root   root     1231 May 15 18:54 usr/lib/python3.12/site-packages/mesonbuild/scripts/vcstagger.py
-rw-r--r--  0 root   root      604 May 15 18:54 usr/lib/python3.12/site-packages/mesonbuild/scripts/yasm.py
drwxr-xr-x  0 root   root        0 May 15 18:54 usr/lib/python3.12/site-packages/mesonbuild/scripts/__pycache__/
-rw-r--r--  0 root   root      561 May 15 18:54 usr/lib/python3.12/site-packages/mesonbuild/scripts/__pycache__/__init__.cpython-312.pyc
-rw-r--r--  0 root   root     2618 May 15 18:54 usr/lib/python3.12/site-packages/mesonbuild/scripts/__pycache__/clangformat.cpython-312.pyc
-rw-r--r--  0 root   root     1792 May 15 18:54 usr/lib/python3.12/site-packages/mesonbuild/scripts/__pycache__/clangtidy.cpython-312.pyc
-rw-r--r--  0 root   root     1746 May 15 18:54 usr/lib/python3.12/site-packages/mesonbuild/scripts/__pycache__/cleantrees.cpython-312.pyc
-rw-r--r--  0 root   root     4378 May 15 18:54 usr/lib/python3.12/site-packages/mesonbuild/scripts/__pycache__/cmake_run_ctgt.cpython-312.pyc
-rw-r--r--  0 root   root      603 May 15 18:54 usr/lib/python3.12/site-packages/mesonbuild/scripts/__pycache__/copy.cpython-312.pyc
-rw-r--r--  0 root   root    10081 May 15 18:54 usr/lib/python3.12/site-packages/mesonbuild/scripts/__pycache__/coverage.cpython-312.pyc
-rw-r--r--  0 root   root     1262 May 15 18:54 usr/lib/python3.12/site-packages/mesonbuild/scripts/__pycache__/delwithsuffix.cpython-312.pyc
-rw-r--r--  0 root   root    28352 May 15 18:54 usr/lib/python3.12/site-packages/mesonbuild/scripts/__pycache__/depfixer.cpython-312.pyc
-rw-r--r--  0 root   root    10186 May 15 18:54 usr/lib/python3.12/site-packages/mesonbuild/scripts/__pycache__/depscan.cpython-312.pyc
-rw-r--r--  0 root   root      825 May 15 18:54 usr/lib/python3.12/site-packages/mesonbuild/scripts/__pycache__/dirchanger.cpython-312.pyc
-rw-r--r--  0 root   root    20976 May 15 18:54 usr/lib/python3.12/site-packages/mesonbuild/scripts/__pycache__/env2mfile.cpython-312.pyc
-rw-r--r--  0 root   root     6468 May 15 18:54 usr/lib/python3.12/site-packages/mesonbuild/scripts/__pycache__/externalproject.cpython-312.pyc
-rw-r--r--  0 root   root     5397 May 15 18:54 usr/lib/python3.12/site-packages/mesonbuild/scripts/__pycache__/gettext.cpython-312.pyc
-rw-r--r--  0 root   root    14131 May 15 18:54 usr/lib/python3.12/site-packages/mesonbuild/scripts/__pycache__/gtkdochelper.cpython-312.pyc
-rw-r--r--  0 root   root     2212 May 15 18:54 usr/lib/python3.12/site-packages/mesonbuild/scripts/__pycache__/hotdochelper.cpython-312.pyc
-rw-r--r--  0 root   root     3930 May 15 18:54 usr/lib/python3.12/site-packages/mesonbuild/scripts/__pycache__/itstool.cpython-312.pyc
-rw-r--r--  0 root   root     6425 May 15 18:54 usr/lib/python3.12/site-packages/mesonbuild/scripts/__pycache__/meson_exe.cpython-312.pyc
-rw-r--r--  0 root   root     1735 May 15 18:54 usr/lib/python3.12/site-packages/mesonbuild/scripts/__pycache__/msgfmthelper.cpython-312.pyc
-rw-r--r--  0 root   root     2866 May 15 18:54 usr/lib/python3.12/site-packages/mesonbuild/scripts/__pycache__/pycompile.cpython-312.pyc
-rw-r--r--  0 root   root     4534 May 15 18:54 usr/lib/python3.12/site-packages/mesonbuild/scripts/__pycache__/python_info.cpython-312.pyc
-rw-r--r--  0 root   root     3138 May 15 18:54 usr/lib/python3.12/site-packages/mesonbuild/scripts/__pycache__/regen_checker.cpython-312.pyc
-rw-r--r--  0 root   root     3692 May 15 18:54 usr/lib/python3.12/site-packages/mesonbuild/scripts/__pycache__/run_tool.cpython-312.pyc
-rw-r--r--  0 root   root     3058 May 15 18:54 usr/lib/python3.12/site-packages/mesonbuild/scripts/__pycache__/scanbuild.cpython-312.pyc
-rw-r--r--  0 root   root    14624 May 15 18:54 usr/lib/python3.12/site-packages/mesonbuild/scripts/__pycache__/symbolextractor.cpython-312.pyc
-rw-r--r--  0 root   root     2860 May 15 18:54 usr/lib/python3.12/site-packages/mesonbuild/scripts/__pycache__/tags.cpython-312.pyc
-rw-r--r--  0 root   root      762 May 15 18:54 usr/lib/python3.12/site-packages/mesonbuild/scripts/__pycache__/test_loaded_modules.cpython-312.pyc
-rw-r--r--  0 root   root     1993 May 15 18:54 usr/lib/python3.12/site-packages/mesonbuild/scripts/__pycache__/uninstall.cpython-312.pyc
-rw-r--r--  0 root   root     2251 May 15 18:54 usr/lib/python3.12/site-packages/mesonbuild/scripts/__pycache__/vcstagger.cpython-312.pyc
-rw-r--r--  0 root   root     1245 May 15 18:54 usr/lib/python3.12/site-packages/mesonbuild/scripts/__pycache__/yasm.cpython-312.pyc
-rw-r--r--  0 root   root    10714 May 15 18:54 usr/lib/python3.12/site-packages/mesonbuild/modules/__init__.py
-rw-r--r--  0 root   root    18218 May 15 18:54 usr/lib/python3.12/site-packages/mesonbuild/modules/cmake.py
-rw-r--r--  0 root   root    18712 May 15 18:54 usr/lib/python3.12/site-packages/mesonbuild/modules/cuda.py
-rw-r--r--  0 root   root     4190 May 15 18:54 usr/lib/python3.12/site-packages/mesonbuild/modules/dlang.py
-rw-r--r--  0 root   root    13390 May 15 18:54 usr/lib/python3.12/site-packages/mesonbuild/modules/external_project.py
-rw-r--r--  0 root   root    13963 May 15 18:54 usr/lib/python3.12/site-packages/mesonbuild/modules/fs.py
-rw-r--r--  0 root   root   104579 May 15 18:54 usr/lib/python3.12/site-packages/mesonbuild/modules/gnome.py
-rw-r--r--  0 root   root    21141 May 15 18:54 usr/lib/python3.12/site-packages/mesonbuild/modules/hotdoc.py
-rw-r--r--  0 root   root    16157 May 15 18:54 usr/lib/python3.12/site-packages/mesonbuild/modules/i18n.py
-rw-r--r--  0 root   root     4099 May 15 18:54 usr/lib/python3.12/site-packages/mesonbuild/modules/icestorm.py
-rw-r--r--  0 root   root     4526 May 15 18:54 usr/lib/python3.12/site-packages/mesonbuild/modules/java.py
-rw-r--r--  0 root   root     2106 May 15 18:54 usr/lib/python3.12/site-packages/mesonbuild/modules/keyval.py
-rw-r--r--  0 root   root      908 May 15 18:54 usr/lib/python3.12/site-packages/mesonbuild/modules/modtest.py
-rw-r--r--  0 root   root    38129 May 15 18:54 usr/lib/python3.12/site-packages/mesonbuild/modules/pkgconfig.py
-rw-r--r--  0 root   root    26012 May 15 18:54 usr/lib/python3.12/site-packages/mesonbuild/modules/python.py
-rw-r--r--  0 root   root     3398 May 15 18:54 usr/lib/python3.12/site-packages/mesonbuild/modules/python3.py
-rw-r--r--  0 root   root    30840 May 15 18:54 usr/lib/python3.12/site-packages/mesonbuild/modules/qt.py
-rw-r--r--  0 root   root      513 May 15 18:54 usr/lib/python3.12/site-packages/mesonbuild/modules/qt4.py
-rw-r--r--  0 root   root      513 May 15 18:54 usr/lib/python3.12/site-packages/mesonbuild/modules/qt5.py
-rw-r--r--  0 root   root      522 May 15 18:54 usr/lib/python3.12/site-packages/mesonbuild/modules/qt6.py
-rw-r--r--  0 root   root    14618 May 15 18:54 usr/lib/python3.12/site-packages/mesonbuild/modules/rust.py
-rw-r--r--  0 root   root     3984 May 15 18:54 usr/lib/python3.12/site-packages/mesonbuild/modules/simd.py
-rw-r--r--  0 root   root    11307 May 15 18:54 usr/lib/python3.12/site-packages/mesonbuild/modules/sourceset.py
-rw-r--r--  0 root   root     5625 May 15 18:54 usr/lib/python3.12/site-packages/mesonbuild/modules/wayland.py
-rw-r--r--  0 root   root     9402 May 15 18:54 usr/lib/python3.12/site-packages/mesonbuild/modules/windows.py
drwxr-xr-x  0 root   root        0 May 15 18:54 usr/lib/python3.12/site-packages/mesonbuild/modules/__pycache__/
-rw-r--r--  0 root   root    15099 May 15 18:54 usr/lib/python3.12/site-packages/mesonbuild/modules/__pycache__/__init__.cpython-312.pyc
-rw-r--r--  0 root   root    25983 May 15 18:54 usr/lib/python3.12/site-packages/mesonbuild/modules/__pycache__/cmake.cpython-312.pyc
-rw-r--r--  0 root   root    14771 May 15 18:54 usr/lib/python3.12/site-packages/mesonbuild/modules/__pycache__/cuda.cpython-312.pyc
-rw-r--r--  0 root   root     6049 May 15 18:54 usr/lib/python3.12/site-packages/mesonbuild/modules/__pycache__/dlang.cpython-312.pyc
-rw-r--r--  0 root   root    18298 May 15 18:54 usr/lib/python3.12/site-packages/mesonbuild/modules/__pycache__/external_project.cpython-312.pyc
-rw-r--r--  0 root   root    19763 May 15 18:54 usr/lib/python3.12/site-packages/mesonbuild/modules/__pycache__/fs.cpython-312.pyc
-rw-r--r--  0 root   root   109488 May 15 18:54 usr/lib/python3.12/site-packages/mesonbuild/modules/__pycache__/gnome.cpython-312.pyc
-rw-r--r--  0 root   root    31277 May 15 18:54 usr/lib/python3.12/site-packages/mesonbuild/modules/__pycache__/hotdoc.cpython-312.pyc
-rw-r--r--  0 root   root    18173 May 15 18:54 usr/lib/python3.12/site-packages/mesonbuild/modules/__pycache__/i18n.cpython-312.pyc
-rw-r--r--  0 root   root     5584 May 15 18:54 usr/lib/python3.12/site-packages/mesonbuild/modules/__pycache__/icestorm.cpython-312.pyc
-rw-r--r--  0 root   root     5823 May 15 18:54 usr/lib/python3.12/site-packages/mesonbuild/modules/__pycache__/java.cpython-312.pyc
-rw-r--r--  0 root   root     3689 May 15 18:54 usr/lib/python3.12/site-packages/mesonbuild/modules/__pycache__/keyval.cpython-312.pyc
-rw-r--r--  0 root   root     1735 May 15 18:54 usr/lib/python3.12/site-packages/mesonbuild/modules/__pycache__/modtest.cpython-312.pyc
-rw-r--r--  0 root   root    43812 May 15 18:54 usr/lib/python3.12/site-packages/mesonbuild/modules/__pycache__/pkgconfig.cpython-312.pyc
-rw-r--r--  0 root   root    33310 May 15 18:54 usr/lib/python3.12/site-packages/mesonbuild/modules/__pycache__/python.cpython-312.pyc
-rw-r--r--  0 root   root     4861 May 15 18:54 usr/lib/python3.12/site-packages/mesonbuild/modules/__pycache__/python3.cpython-312.pyc
-rw-r--r--  0 root   root    34524 May 15 18:54 usr/lib/python3.12/site-packages/mesonbuild/modules/__pycache__/qt.cpython-312.pyc
-rw-r--r--  0 root   root     1054 May 15 18:54 usr/lib/python3.12/site-packages/mesonbuild/modules/__pycache__/qt4.cpython-312.pyc
-rw-r--r--  0 root   root     1054 May 15 18:54 usr/lib/python3.12/site-packages/mesonbuild/modules/__pycache__/qt5.cpython-312.pyc
-rw-r--r--  0 root   root     1066 May 15 18:54 usr/lib/python3.12/site-packages/mesonbuild/modules/__pycache__/qt6.cpython-312.pyc
-rw-r--r--  0 root   root    16866 May 15 18:54 usr/lib/python3.12/site-packages/mesonbuild/modules/__pycache__/rust.cpython-312.pyc
-rw-r--r--  0 root   root     5333 May 15 18:54 usr/lib/python3.12/site-packages/mesonbuild/modules/__pycache__/simd.cpython-312.pyc
-rw-r--r--  0 root   root    15518 May 15 18:54 usr/lib/python3.12/site-packages/mesonbuild/modules/__pycache__/sourceset.cpython-312.pyc
-rw-r--r--  0 root   root     6910 May 15 18:54 usr/lib/python3.12/site-packages/mesonbuild/modules/__pycache__/wayland.cpython-312.pyc
-rw-r--r--  0 root   root    11230 May 15 18:54 usr/lib/python3.12/site-packages/mesonbuild/modules/__pycache__/windows.cpython-312.pyc
-rw-r--r--  0 root   root      367 May 15 18:54 usr/lib/python3.12/site-packages/mesonbuild/linkers/__init__.py
-rw-r--r--  0 root   root      967 May 15 18:54 usr/lib/python3.12/site-packages/mesonbuild/linkers/base.py
-rw-r--r--  0 root   root    10511 May 15 18:54 usr/lib/python3.12/site-packages/mesonbuild/linkers/detect.py
-rw-r--r--  0 root   root    57143 May 15 18:54 usr/lib/python3.12/site-packages/mesonbuild/linkers/linkers.py
drwxr-xr-x  0 root   root        0 May 15 18:54 usr/lib/python3.12/site-packages/mesonbuild/linkers/__pycache__/
-rw-r--r--  0 root   root      412 May 15 18:54 usr/lib/python3.12/site-packages/mesonbuild/linkers/__pycache__/__init__.cpython-312.pyc
-rw-r--r--  0 root   root     1795 May 15 18:54 usr/lib/python3.12/site-packages/mesonbuild/linkers/__pycache__/base.cpython-312.pyc
-rw-r--r--  0 root   root    11294 May 15 18:54 usr/lib/python3.12/site-packages/mesonbuild/linkers/__pycache__/detect.cpython-312.pyc
-rw-r--r--  0 root   root    76375 May 15 18:54 usr/lib/python3.12/site-packages/mesonbuild/linkers/__pycache__/linkers.cpython-312.pyc
-rw-r--r--  0 root   root     2414 May 15 18:54 usr/lib/python3.12/site-packages/mesonbuild/interpreterbase/__init__.py
-rw-r--r--  0 root   root     1065 May 15 18:54 usr/lib/python3.12/site-packages/mesonbuild/interpreterbase/_unholder.py
-rw-r--r--  0 root   root     7789 May 15 18:54 usr/lib/python3.12/site-packages/mesonbuild/interpreterbase/baseobjects.py
-rw-r--r--  0 root   root    37010 May 15 18:54 usr/lib/python3.12/site-packages/mesonbuild/interpreterbase/decorators.py
-rw-r--r--  0 root   root      980 May 15 18:54 usr/lib/python3.12/site-packages/mesonbuild/interpreterbase/disabler.py
-rw-r--r--  0 root   root      430 May 15 18:54 usr/lib/python3.12/site-packages/mesonbuild/interpreterbase/exceptions.py
-rw-r--r--  0 root   root     2733 May 15 18:54 usr/lib/python3.12/site-packages/mesonbuild/interpreterbase/helpers.py
-rw-r--r--  0 root   root    31076 May 15 18:54 usr/lib/python3.12/site-packages/mesonbuild/interpreterbase/interpreterbase.py
-rw-r--r--  0 root   root      554 May 15 18:54 usr/lib/python3.12/site-packages/mesonbuild/interpreterbase/operator.py
drwxr-xr-x  0 root   root        0 May 15 18:54 usr/lib/python3.12/site-packages/mesonbuild/interpreterbase/__pycache__/
-rw-r--r--  0 root   root     1975 May 15 18:54 usr/lib/python3.12/site-packages/mesonbuild/interpreterbase/__pycache__/__init__.cpython-312.pyc
-rw-r--r--  0 root   root     1590 May 15 18:54 usr/lib/python3.12/site-packages/mesonbuild/interpreterbase/__pycache__/_unholder.cpython-312.pyc
-rw-r--r--  0 root   root    11252 May 15 18:54 usr/lib/python3.12/site-packages/mesonbuild/interpreterbase/__pycache__/baseobjects.cpython-312.pyc
-rw-r--r--  0 root   root    45840 May 15 18:54 usr/lib/python3.12/site-packages/mesonbuild/interpreterbase/__pycache__/decorators.cpython-312.pyc
-rw-r--r--  0 root   root     1578 May 15 18:54 usr/lib/python3.12/site-packages/mesonbuild/interpreterbase/__pycache__/disabler.cpython-312.pyc
-rw-r--r--  0 root   root     1184 May 15 18:54 usr/lib/python3.12/site-packages/mesonbuild/interpreterbase/__pycache__/exceptions.cpython-312.pyc
-rw-r--r--  0 root   root     4526 May 15 18:54 usr/lib/python3.12/site-packages/mesonbuild/interpreterbase/__pycache__/helpers.cpython-312.pyc
-rw-r--r--  0 root   root    40940 May 15 18:54 usr/lib/python3.12/site-packages/mesonbuild/interpreterbase/__pycache__/interpreterbase.cpython-312.pyc
-rw-r--r--  0 root   root      782 May 15 18:54 usr/lib/python3.12/site-packages/mesonbuild/interpreterbase/__pycache__/operator.cpython-312.pyc
-rw-r--r--  0 root   root     1272 May 15 18:54 usr/lib/python3.12/site-packages/mesonbuild/interpreter/__init__.py
-rw-r--r--  0 root   root    43938 May 15 18:54 usr/lib/python3.12/site-packages/mesonbuild/interpreter/compiler.py
-rw-r--r--  0 root   root    19615 May 15 18:54 usr/lib/python3.12/site-packages/mesonbuild/interpreter/dependencyfallbacks.py
-rw-r--r--  0 root   root   179960 May 15 18:54 usr/lib/python3.12/site-packages/mesonbuild/interpreter/interpreter.py
-rw-r--r--  0 root   root    47496 May 15 18:54 usr/lib/python3.12/site-packages/mesonbuild/interpreter/interpreterobjects.py
-rw-r--r--  0 root   root    13271 May 15 18:54 usr/lib/python3.12/site-packages/mesonbuild/interpreter/kwargs.py
-rw-r--r--  0 root   root    22920 May 15 18:54 usr/lib/python3.12/site-packages/mesonbuild/interpreter/mesonmain.py
-rw-r--r--  0 root   root    31624 May 15 18:54 usr/lib/python3.12/site-packages/mesonbuild/interpreter/type_checking.py
drwxr-xr-x  0 root   root        0 May 15 18:54 usr/lib/python3.12/site-packages/mesonbuild/interpreter/primitives/
drwxr-xr-x  0 root   root        0 May 15 18:54 usr/lib/python3.12/site-packages/mesonbuild/interpreter/__pycache__/
-rw-r--r--  0 root   root     1033 May 15 18:54 usr/lib/python3.12/site-packages/mesonbuild/interpreter/__pycache__/__init__.cpython-312.pyc
-rw-r--r--  0 root   root    56898 May 15 18:54 usr/lib/python3.12/site-packages/mesonbuild/interpreter/__pycache__/compiler.cpython-312.pyc
-rw-r--r--  0 root   root    21731 May 15 18:54 usr/lib/python3.12/site-packages/mesonbuild/interpreter/__pycache__/dependencyfallbacks.cpython-312.pyc
-rw-r--r--  0 root   root   213629 May 15 18:54 usr/lib/python3.12/site-packages/mesonbuild/interpreter/__pycache__/interpreter.cpython-312.pyc
-rw-r--r--  0 root   root    70053 May 15 18:54 usr/lib/python3.12/site-packages/mesonbuild/interpreter/__pycache__/interpreterobjects.cpython-312.pyc
-rw-r--r--  0 root   root    18371 May 15 18:54 usr/lib/python3.12/site-packages/mesonbuild/interpreter/__pycache__/kwargs.cpython-312.pyc
-rw-r--r--  0 root   root    29578 May 15 18:54 usr/lib/python3.12/site-packages/mesonbuild/interpreter/__pycache__/mesonmain.cpython-312.pyc
-rw-r--r--  0 root   root    34379 May 15 18:54 usr/lib/python3.12/site-packages/mesonbuild/interpreter/__pycache__/type_checking.cpython-312.pyc
-rw-r--r--  0 root   root      743 May 15 18:54 usr/lib/python3.12/site-packages/mesonbuild/interpreter/primitives/__init__.py
-rw-r--r--  0 root   root     3769 May 15 18:54 usr/lib/python3.12/site-packages/mesonbuild/interpreter/primitives/array.py
-rw-r--r--  0 root   root     1871 May 15 18:54 usr/lib/python3.12/site-packages/mesonbuild/interpreter/primitives/boolean.py
-rw-r--r--  0 root   root     2820 May 15 18:54 usr/lib/python3.12/site-packages/mesonbuild/interpreter/primitives/dict.py
-rw-r--r--  0 root   root     3355 May 15 18:54 usr/lib/python3.12/site-packages/mesonbuild/interpreter/primitives/integer.py
-rw-r--r--  0 root   root     1063 May 15 18:54 usr/lib/python3.12/site-packages/mesonbuild/interpreter/primitives/range.py
-rw-r--r--  0 root   root     9085 May 15 18:54 usr/lib/python3.12/site-packages/mesonbuild/interpreter/primitives/string.py
drwxr-xr-x  0 root   root        0 May 15 18:54 usr/lib/python3.12/site-packages/mesonbuild/interpreter/primitives/__pycache__/
-rw-r--r--  0 root   root      759 May 15 18:54 usr/lib/python3.12/site-packages/mesonbuild/interpreter/primitives/__pycache__/__init__.cpython-312.pyc
-rw-r--r--  0 root   root     6568 May 15 18:54 usr/lib/python3.12/site-packages/mesonbuild/interpreter/primitives/__pycache__/array.cpython-312.pyc
-rw-r--r--  0 root   root     3960 May 15 18:54 usr/lib/python3.12/site-packages/mesonbuild/interpreter/primitives/__pycache__/boolean.cpython-312.pyc
-rw-r--r--  0 root   root     5312 May 15 18:54 usr/lib/python3.12/site-packages/mesonbuild/interpreter/primitives/__pycache__/dict.cpython-312.pyc
-rw-r--r--  0 root   root     6568 May 15 18:54 usr/lib/python3.12/site-packages/mesonbuild/interpreter/primitives/__pycache__/integer.cpython-312.pyc
-rw-r--r--  0 root   root     2169 May 15 18:54 usr/lib/python3.12/site-packages/mesonbuild/interpreter/primitives/__pycache__/range.cpython-312.pyc
-rw-r--r--  0 root   root    15906 May 15 18:54 usr/lib/python3.12/site-packages/mesonbuild/interpreter/primitives/__pycache__/string.cpython-312.pyc
-rw-r--r--  0 root   root     8235 May 15 18:54 usr/lib/python3.12/site-packages/mesonbuild/dependencies/__init__.py
-rw-r--r--  0 root   root    27684 May 15 18:54 usr/lib/python3.12/site-packages/mesonbuild/dependencies/base.py
-rw-r--r--  0 root   root    39001 May 15 18:54 usr/lib/python3.12/site-packages/mesonbuild/dependencies/boost.py
-rw-r--r--  0 root   root    29375 May 15 18:54 usr/lib/python3.12/site-packages/mesonbuild/dependencies/cmake.py
-rw-r--r--  0 root   root     3186 May 15 18:54 usr/lib/python3.12/site-packages/mesonbuild/dependencies/coarrays.py
-rw-r--r--  0 root   root     7073 May 15 18:54 usr/lib/python3.12/site-packages/mesonbuild/dependencies/configtool.py
-rw-r--r--  0 root   root    13540 May 15 18:54 usr/lib/python3.12/site-packages/mesonbuild/dependencies/cuda.py
-rw-r--r--  0 root   root     9266 May 15 18:54 usr/lib/python3.12/site-packages/mesonbuild/dependencies/detect.py
-rw-r--r--  0 root   root    29623 May 15 18:54 usr/lib/python3.12/site-packages/mesonbuild/dependencies/dev.py
-rw-r--r--  0 root   root    17543 May 15 18:54 usr/lib/python3.12/site-packages/mesonbuild/dependencies/dub.py
-rw-r--r--  0 root   root     6509 May 15 18:54 usr/lib/python3.12/site-packages/mesonbuild/dependencies/factory.py
-rw-r--r--  0 root   root     5081 May 15 18:54 usr/lib/python3.12/site-packages/mesonbuild/dependencies/framework.py
-rw-r--r--  0 root   root     6735 May 15 18:54 usr/lib/python3.12/site-packages/mesonbuild/dependencies/hdf5.py
-rw-r--r--  0 root   root    25561 May 15 18:54 usr/lib/python3.12/site-packages/mesonbuild/dependencies/misc.py
-rw-r--r--  0 root   root     8465 May 15 18:54 usr/lib/python3.12/site-packages/mesonbuild/dependencies/mpi.py
-rw-r--r--  0 root   root    26635 May 15 18:54 usr/lib/python3.12/site-packages/mesonbuild/dependencies/pkgconfig.py
-rw-r--r--  0 root   root     1872 May 15 18:54 usr/lib/python3.12/site-packages/mesonbuild/dependencies/platform.py
-rw-r--r--  0 root   root    18919 May 15 18:54 usr/lib/python3.12/site-packages/mesonbuild/dependencies/python.py
-rw-r--r--  0 root   root    19556 May 15 18:54 usr/lib/python3.12/site-packages/mesonbuild/dependencies/qt.py
-rw-r--r--  0 root   root     5383 May 15 18:54 usr/lib/python3.12/site-packages/mesonbuild/dependencies/scalapack.py
-rw-r--r--  0 root   root    11461 May 15 18:54 usr/lib/python3.12/site-packages/mesonbuild/dependencies/ui.py
drwxr-xr-x  0 root   root        0 May 15 18:54 usr/lib/python3.12/site-packages/mesonbuild/dependencies/data/
drwxr-xr-x  0 root   root        0 May 15 18:54 usr/lib/python3.12/site-packages/mesonbuild/dependencies/__pycache__/
-rw-r--r--  0 root   root     2050 May 15 18:54 usr/lib/python3.12/site-packages/mesonbuild/dependencies/__pycache__/__init__.cpython-312.pyc
-rw-r--r--  0 root   root    35071 May 15 18:54 usr/lib/python3.12/site-packages/mesonbuild/dependencies/__pycache__/base.cpython-312.pyc
-rw-r--r--  0 root   root    41806 May 15 18:54 usr/lib/python3.12/site-packages/mesonbuild/dependencies/__pycache__/boost.cpython-312.pyc
-rw-r--r--  0 root   root    35097 May 15 18:54 usr/lib/python3.12/site-packages/mesonbuild/dependencies/__pycache__/cmake.cpython-312.pyc
-rw-r--r--  0 root   root     3653 May 15 18:54 usr/lib/python3.12/site-packages/mesonbuild/dependencies/__pycache__/coarrays.cpython-312.pyc
-rw-r--r--  0 root   root     8419 May 15 18:54 usr/lib/python3.12/site-packages/mesonbuild/dependencies/__pycache__/configtool.cpython-312.pyc
-rw-r--r--  0 root   root    19480 May 15 18:54 usr/lib/python3.12/site-packages/mesonbuild/dependencies/__pycache__/cuda.cpython-312.pyc
-rw-r--r--  0 root   root     9844 May 15 18:54 usr/lib/python3.12/site-packages/mesonbuild/dependencies/__pycache__/detect.cpython-312.pyc
-rw-r--r--  0 root   root    36440 May 15 18:54 usr/lib/python3.12/site-packages/mesonbuild/dependencies/__pycache__/dev.cpython-312.pyc
-rw-r--r--  0 root   root    18914 May 15 18:54 usr/lib/python3.12/site-packages/mesonbuild/dependencies/__pycache__/dub.cpython-312.pyc
-rw-r--r--  0 root   root     7465 May 15 18:54 usr/lib/python3.12/site-packages/mesonbuild/dependencies/__pycache__/factory.cpython-312.pyc
-rw-r--r--  0 root   root     5364 May 15 18:54 usr/lib/python3.12/site-packages/mesonbuild/dependencies/__pycache__/framework.cpython-312.pyc
-rw-r--r--  0 root   root     7764 May 15 18:54 usr/lib/python3.12/site-packages/mesonbuild/dependencies/__pycache__/hdf5.cpython-312.pyc
-rw-r--r--  0 root   root    29949 May 15 18:54 usr/lib/python3.12/site-packages/mesonbuild/dependencies/__pycache__/misc.cpython-312.pyc
-rw-r--r--  0 root   root    10676 May 15 18:54 usr/lib/python3.12/site-packages/mesonbuild/dependencies/__pycache__/mpi.cpython-312.pyc
-rw-r--r--  0 root   root    29740 May 15 18:54 usr/lib/python3.12/site-packages/mesonbuild/dependencies/__pycache__/pkgconfig.cpython-312.pyc
-rw-r--r--  0 root   root     2504 May 15 18:54 usr/lib/python3.12/site-packages/mesonbuild/dependencies/__pycache__/platform.cpython-312.pyc
-rw-r--r--  0 root   root    21778 May 15 18:54 usr/lib/python3.12/site-packages/mesonbuild/dependencies/__pycache__/python.cpython-312.pyc
-rw-r--r--  0 root   root    24964 May 15 18:54 usr/lib/python3.12/site-packages/mesonbuild/dependencies/__pycache__/qt.cpython-312.pyc
-rw-r--r--  0 root   root     6886 May 15 18:54 usr/lib/python3.12/site-packages/mesonbuild/dependencies/__pycache__/scalapack.cpython-312.pyc
-rw-r--r--  0 root   root    13869 May 15 18:54 usr/lib/python3.12/site-packages/mesonbuild/dependencies/__pycache__/ui.cpython-312.pyc
-rw-r--r--  0 root   root     3033 May 15 18:54 usr/lib/python3.12/site-packages/mesonbuild/dependencies/data/CMakeLists.txt
-rw-r--r--  0 root   root     6175 May 15 18:54 usr/lib/python3.12/site-packages/mesonbuild/dependencies/data/CMakeListsLLVM.txt
-rw-r--r--  0 root   root     1170 May 15 18:54 usr/lib/python3.12/site-packages/mesonbuild/dependencies/data/CMakePathInfo.txt
-rw-r--r--  0 root   root        0 May 15 18:54 usr/lib/python3.12/site-packages/mesonbuild/dependencies/data/__init__.py
drwxr-xr-x  0 root   root        0 May 15 18:54 usr/lib/python3.12/site-packages/mesonbuild/dependencies/data/__pycache__/
-rw-r--r--  0 root   root      200 May 15 18:54 usr/lib/python3.12/site-packages/mesonbuild/dependencies/data/__pycache__/__init__.cpython-312.pyc
-rw-r--r--  0 root   root     1915 May 15 18:54 usr/lib/python3.12/site-packages/mesonbuild/compilers/__init__.py
-rw-r--r--  0 root   root    11017 May 15 18:54 usr/lib/python3.12/site-packages/mesonbuild/compilers/asm.py
-rw-r--r--  0 root   root    35154 May 15 18:54 usr/lib/python3.12/site-packages/mesonbuild/compilers/c.py
-rw-r--r--  0 root   root     5608 May 15 18:54 usr/lib/python3.12/site-packages/mesonbuild/compilers/c_function_attributes.py
-rw-r--r--  0 root   root    57796 May 15 18:54 usr/lib/python3.12/site-packages/mesonbuild/compilers/compilers.py
-rw-r--r--  0 root   root    45404 May 15 18:54 usr/lib/python3.12/site-packages/mesonbuild/compilers/cpp.py
-rw-r--r--  0 root   root     4443 May 15 18:54 usr/lib/python3.12/site-packages/mesonbuild/compilers/cs.py
-rw-r--r--  0 root   root    42365 May 15 18:54 usr/lib/python3.12/site-packages/mesonbuild/compilers/cuda.py
-rw-r--r--  0 root   root     3064 May 15 18:54 usr/lib/python3.12/site-packages/mesonbuild/compilers/cython.py
-rw-r--r--  0 root   root    36212 May 15 18:54 usr/lib/python3.12/site-packages/mesonbuild/compilers/d.py
-rw-r--r--  0 root   root    66230 May 15 18:54 usr/lib/python3.12/site-packages/mesonbuild/compilers/detect.py
-rw-r--r--  0 root   root    23021 May 15 18:54 usr/lib/python3.12/site-packages/mesonbuild/compilers/fortran.py
-rw-r--r--  0 root   root     4037 May 15 18:54 usr/lib/python3.12/site-packages/mesonbuild/compilers/java.py
-rw-r--r--  0 root   root     4703 May 15 18:54 usr/lib/python3.12/site-packages/mesonbuild/compilers/objc.py
-rw-r--r--  0 root   root     4842 May 15 18:54 usr/lib/python3.12/site-packages/mesonbuild/compilers/objcpp.py
-rw-r--r--  0 root   root     9237 May 15 18:54 usr/lib/python3.12/site-packages/mesonbuild/compilers/rust.py
-rw-r--r--  0 root   root     4271 May 15 18:54 usr/lib/python3.12/site-packages/mesonbuild/compilers/swift.py
-rw-r--r--  0 root   root     4840 May 15 18:54 usr/lib/python3.12/site-packages/mesonbuild/compilers/vala.py
drwxr-xr-x  0 root   root        0 May 15 18:54 usr/lib/python3.12/site-packages/mesonbuild/compilers/mixins/
drwxr-xr-x  0 root   root        0 May 15 18:54 usr/lib/python3.12/site-packages/mesonbuild/compilers/__pycache__/
-rw-r--r--  0 root   root     1446 May 15 18:54 usr/lib/python3.12/site-packages/mesonbuild/compilers/__pycache__/__init__.cpython-312.pyc
-rw-r--r--  0 root   root    16266 May 15 18:54 usr/lib/python3.12/site-packages/mesonbuild/compilers/__pycache__/asm.cpython-312.pyc
-rw-r--r--  0 root   root    41677 May 15 18:54 usr/lib/python3.12/site-packages/mesonbuild/compilers/__pycache__/c.cpython-312.pyc
-rw-r--r--  0 root   root     5191 May 15 18:54 usr/lib/python3.12/site-packages/mesonbuild/compilers/__pycache__/c_function_attributes.cpython-312.pyc
-rw-r--r--  0 root   root    72344 May 15 18:54 usr/lib/python3.12/site-packages/mesonbuild/compilers/__pycache__/compilers.cpython-312.pyc
-rw-r--r--  0 root   root    49593 May 15 18:54 usr/lib/python3.12/site-packages/mesonbuild/compilers/__pycache__/cpp.cpython-312.pyc
-rw-r--r--  0 root   root     7595 May 15 18:54 usr/lib/python3.12/site-packages/mesonbuild/compilers/__pycache__/cs.cpython-312.pyc
-rw-r--r--  0 root   root    36023 May 15 18:54 usr/lib/python3.12/site-packages/mesonbuild/compilers/__pycache__/cuda.cpython-312.pyc
-rw-r--r--  0 root   root     4872 May 15 18:54 usr/lib/python3.12/site-packages/mesonbuild/compilers/__pycache__/cython.cpython-312.pyc
-rw-r--r--  0 root   root    40369 May 15 18:54 usr/lib/python3.12/site-packages/mesonbuild/compilers/__pycache__/d.cpython-312.pyc
-rw-r--r--  0 root   root    59928 May 15 18:54 usr/lib/python3.12/site-packages/mesonbuild/compilers/__pycache__/detect.cpython-312.pyc
-rw-r--r--  0 root   root    25407 May 15 18:54 usr/lib/python3.12/site-packages/mesonbuild/compilers/__pycache__/fortran.cpython-312.pyc
-rw-r--r--  0 root   root     6308 May 15 18:54 usr/lib/python3.12/site-packages/mesonbuild/compilers/__pycache__/java.cpython-312.pyc
-rw-r--r--  0 root   root     5627 May 15 18:54 usr/lib/python3.12/site-packages/mesonbuild/compilers/__pycache__/objc.cpython-312.pyc
-rw-r--r--  0 root   root     5727 May 15 18:54 usr/lib/python3.12/site-packages/mesonbuild/compilers/__pycache__/objcpp.cpython-312.pyc
-rw-r--r--  0 root   root    12165 May 15 18:54 usr/lib/python3.12/site-packages/mesonbuild/compilers/__pycache__/rust.cpython-312.pyc
-rw-r--r--  0 root   root     7246 May 15 18:54 usr/lib/python3.12/site-packages/mesonbuild/compilers/__pycache__/swift.cpython-312.pyc
-rw-r--r--  0 root   root     7879 May 15 18:54 usr/lib/python3.12/site-packages/mesonbuild/compilers/__pycache__/vala.cpython-312.pyc
-rw-r--r--  0 root   root        0 May 15 18:54 usr/lib/python3.12/site-packages/mesonbuild/compilers/mixins/__init__.py
-rw-r--r--  0 root   root     6220 May 15 18:54 usr/lib/python3.12/site-packages/mesonbuild/compilers/mixins/arm.py
-rw-r--r--  0 root   root     3589 May 15 18:54 usr/lib/python3.12/site-packages/mesonbuild/compilers/mixins/ccrx.py
-rw-r--r--  0 root   root     7697 May 15 18:54 usr/lib/python3.12/site-packages/mesonbuild/compilers/mixins/clang.py
-rw-r--r--  0 root   root    63024 May 15 18:54 usr/lib/python3.12/site-packages/mesonbuild/compilers/mixins/clike.py
-rw-r--r--  0 root   root     3601 May 15 18:54 usr/lib/python3.12/site-packages/mesonbuild/compilers/mixins/compcert.py
-rw-r--r--  0 root   root     3936 May 15 18:54 usr/lib/python3.12/site-packages/mesonbuild/compilers/mixins/elbrus.py
-rw-r--r--  0 root   root     3663 May 15 18:54 usr/lib/python3.12/site-packages/mesonbuild/compilers/mixins/emscripten.py
-rw-r--r--  0 root   root    20628 May 15 18:54 usr/lib/python3.12/site-packages/mesonbuild/compilers/mixins/gnu.py
-rw-r--r--  0 root   root     6257 May 15 18:54 usr/lib/python3.12/site-packages/mesonbuild/compilers/mixins/intel.py
-rw-r--r--  0 root   root     4265 May 15 18:54 usr/lib/python3.12/site-packages/mesonbuild/compilers/mixins/islinker.py
-rw-r--r--  0 root   root     8860 May 15 18:54 usr/lib/python3.12/site-packages/mesonbuild/compilers/mixins/metrowerks.py
-rw-r--r--  0 root   root     2875 May 15 18:54 usr/lib/python3.12/site-packages/mesonbuild/compilers/mixins/pgi.py
-rw-r--r--  0 root   root     4167 May 15 18:54 usr/lib/python3.12/site-packages/mesonbuild/compilers/mixins/ti.py
-rw-r--r--  0 root   root    18031 May 15 18:54 usr/lib/python3.12/site-packages/mesonbuild/compilers/mixins/visualstudio.py
-rw-r--r--  0 root   root     3451 May 15 18:54 usr/lib/python3.12/site-packages/mesonbuild/compilers/mixins/xc16.py
drwxr-xr-x  0 root   root        0 May 15 18:54 usr/lib/python3.12/site-packages/mesonbuild/compilers/mixins/__pycache__/
-rw-r--r--  0 root   root      199 May 15 18:54 usr/lib/python3.12/site-packages/mesonbuild/compilers/mixins/__pycache__/__init__.cpython-312.pyc
-rw-r--r--  0 root   root     7431 May 15 18:54 usr/lib/python3.12/site-packages/mesonbuild/compilers/mixins/__pycache__/arm.cpython-312.pyc
-rw-r--r--  0 root   root     4769 May 15 18:54 usr/lib/python3.12/site-packages/mesonbuild/compilers/mixins/__pycache__/ccrx.cpython-312.pyc
-rw-r--r--  0 root   root     8938 May 15 18:54 usr/lib/python3.12/site-packages/mesonbuild/compilers/mixins/__pycache__/clang.cpython-312.pyc
-rw-r--r--  0 root   root    65992 May 15 18:54 usr/lib/python3.12/site-packages/mesonbuild/compilers/mixins/__pycache__/clike.cpython-312.pyc
-rw-r--r--  0 root   root     4979 May 15 18:54 usr/lib/python3.12/site-packages/mesonbuild/compilers/mixins/__pycache__/compcert.cpython-312.pyc
-rw-r--r--  0 root   root     6178 May 15 18:54 usr/lib/python3.12/site-packages/mesonbuild/compilers/mixins/__pycache__/elbrus.cpython-312.pyc
-rw-r--r--  0 root   root     4874 May 15 18:54 usr/lib/python3.12/site-packages/mesonbuild/compilers/mixins/__pycache__/emscripten.cpython-312.pyc
-rw-r--r--  0 root   root    23602 May 15 18:54 usr/lib/python3.12/site-packages/mesonbuild/compilers/mixins/__pycache__/gnu.cpython-312.pyc
-rw-r--r--  0 root   root     6768 May 15 18:54 usr/lib/python3.12/site-packages/mesonbuild/compilers/mixins/__pycache__/intel.cpython-312.pyc
-rw-r--r--  0 root   root     7011 May 15 18:54 usr/lib/python3.12/site-packages/mesonbuild/compilers/mixins/__pycache__/islinker.cpython-312.pyc
-rw-r--r--  0 root   root    11281 May 15 18:54 usr/lib/python3.12/site-packages/mesonbuild/compilers/mixins/__pycache__/metrowerks.cpython-312.pyc
-rw-r--r--  0 root   root     4013 May 15 18:54 usr/lib/python3.12/site-packages/mesonbuild/compilers/mixins/__pycache__/pgi.cpython-312.pyc
-rw-r--r--  0 root   root     5925 May 15 18:54 usr/lib/python3.12/site-packages/mesonbuild/compilers/mixins/__pycache__/ti.cpython-312.pyc
-rw-r--r--  0 root   root    21517 May 15 18:54 usr/lib/python3.12/site-packages/mesonbuild/compilers/mixins/__pycache__/visualstudio.cpython-312.pyc
-rw-r--r--  0 root   root     4697 May 15 18:54 usr/lib/python3.12/site-packages/mesonbuild/compilers/mixins/__pycache__/xc16.cpython-312.pyc
-rw-r--r--  0 root   root      874 May 15 18:54 usr/lib/python3.12/site-packages/mesonbuild/cmake/__init__.py
-rw-r--r--  0 root   root    13099 May 15 18:54 usr/lib/python3.12/site-packages/mesonbuild/cmake/common.py
-rw-r--r--  0 root   root    10635 May 15 18:54 usr/lib/python3.12/site-packages/mesonbuild/cmake/executor.py
-rw-r--r--  0 root   root    12931 May 15 18:54 usr/lib/python3.12/site-packages/mesonbuild/cmake/fileapi.py
-rw-r--r--  0 root   root     6055 May 15 18:54 usr/lib/python3.12/site-packages/mesonbuild/cmake/generator.py
-rw-r--r--  0 root   root    56830 May 15 18:54 usr/lib/python3.12/site-packages/mesonbuild/cmake/interpreter.py
-rw-r--r--  0 root   root     9595 May 15 18:54 usr/lib/python3.12/site-packages/mesonbuild/cmake/toolchain.py
-rw-r--r--  0 root   root    33412 May 15 18:54 usr/lib/python3.12/site-packages/mesonbuild/cmake/traceparser.py
-rw-r--r--  0 root   root     6718 May 15 18:54 usr/lib/python3.12/site-packages/mesonbuild/cmake/tracetargets.py
drwxr-xr-x  0 root   root        0 May 15 18:54 usr/lib/python3.12/site-packages/mesonbuild/cmake/data/
drwxr-xr-x  0 root   root        0 May 15 18:54 usr/lib/python3.12/site-packages/mesonbuild/cmake/__pycache__/
-rw-r--r--  0 root   root      778 May 15 18:54 usr/lib/python3.12/site-packages/mesonbuild/cmake/__pycache__/__init__.cpython-312.pyc
-rw-r--r--  0 root   root    22758 May 15 18:54 usr/lib/python3.12/site-packages/mesonbuild/cmake/__pycache__/common.cpython-312.pyc
-rw-r--r--  0 root   root    14675 May 15 18:54 usr/lib/python3.12/site-packages/mesonbuild/cmake/__pycache__/executor.cpython-312.pyc
-rw-r--r--  0 root   root    14438 May 15 18:54 usr/lib/python3.12/site-packages/mesonbuild/cmake/__pycache__/fileapi.cpython-312.pyc
-rw-r--r--  0 root   root    10457 May 15 18:54 usr/lib/python3.12/site-packages/mesonbuild/cmake/__pycache__/generator.cpython-312.pyc
-rw-r--r--  0 root   root    74166 May 15 18:54 usr/lib/python3.12/site-packages/mesonbuild/cmake/__pycache__/interpreter.cpython-312.pyc
-rw-r--r--  0 root   root    13726 May 15 18:54 usr/lib/python3.12/site-packages/mesonbuild/cmake/__pycache__/toolchain.cpython-312.pyc
-rw-r--r--  0 root   root    38840 May 15 18:54 usr/lib/python3.12/site-packages/mesonbuild/cmake/__pycache__/traceparser.cpython-312.pyc
-rw-r--r--  0 root   root     8095 May 15 18:54 usr/lib/python3.12/site-packages/mesonbuild/cmake/__pycache__/tracetargets.cpython-312.pyc
-rw-r--r--  0 root   root        0 May 15 18:54 usr/lib/python3.12/site-packages/mesonbuild/cmake/data/__init__.py
-rw-r--r--  0 root   root     2065 May 15 18:54 usr/lib/python3.12/site-packages/mesonbuild/cmake/data/preload.cmake
drwxr-xr-x  0 root   root        0 May 15 18:54 usr/lib/python3.12/site-packages/mesonbuild/cmake/data/__pycache__/
-rw-r--r--  0 root   root      193 May 15 18:54 usr/lib/python3.12/site-packages/mesonbuild/cmake/data/__pycache__/__init__.cpython-312.pyc
-rw-r--r--  0 root   root       66 May 15 18:54 usr/lib/python3.12/site-packages/mesonbuild/cargo/__init__.py
-rw-r--r--  0 root   root     9161 May 15 18:54 usr/lib/python3.12/site-packages/mesonbuild/cargo/builder.py
-rw-r--r--  0 root   root     7281 May 15 18:54 usr/lib/python3.12/site-packages/mesonbuild/cargo/cfg.py
-rw-r--r--  0 root   root    26191 May 15 18:54 usr/lib/python3.12/site-packages/mesonbuild/cargo/interpreter.py
-rw-r--r--  0 root   root     5255 May 15 18:54 usr/lib/python3.12/site-packages/mesonbuild/cargo/manifest.py
-rw-r--r--  0 root   root     3948 May 15 18:54 usr/lib/python3.12/site-packages/mesonbuild/cargo/version.py
drwxr-xr-x  0 root   root        0 May 15 18:54 usr/lib/python3.12/site-packages/mesonbuild/cargo/__pycache__/
-rw-r--r--  0 root   root      268 May 15 18:54 usr/lib/python3.12/site-packages/mesonbuild/cargo/__pycache__/__init__.cpython-312.pyc
-rw-r--r--  0 root   root    13590 May 15 18:54 usr/lib/python3.12/site-packages/mesonbuild/cargo/__pycache__/builder.cpython-312.pyc
-rw-r--r--  0 root   root    11455 May 15 18:54 usr/lib/python3.12/site-packages/mesonbuild/cargo/__pycache__/cfg.cpython-312.pyc
-rw-r--r--  0 root   root    33122 May 15 18:54 usr/lib/python3.12/site-packages/mesonbuild/cargo/__pycache__/interpreter.cpython-312.pyc
-rw-r--r--  0 root   root     6800 May 15 18:54 usr/lib/python3.12/site-packages/mesonbuild/cargo/__pycache__/manifest.cpython-312.pyc
-rw-r--r--  0 root   root     3203 May 15 18:54 usr/lib/python3.12/site-packages/mesonbuild/cargo/__pycache__/version.cpython-312.pyc
-rw-r--r--  0 root   root        0 May 15 18:54 usr/lib/python3.12/site-packages/mesonbuild/backend/__init__.py
-rw-r--r--  0 root   root    99756 May 15 18:54 usr/lib/python3.12/site-packages/mesonbuild/backend/backends.py
-rw-r--r--  0 root   root   187066 May 15 18:54 usr/lib/python3.12/site-packages/mesonbuild/backend/ninjabackend.py
-rw-r--r--  0 root   root      950 May 15 18:54 usr/lib/python3.12/site-packages/mesonbuild/backend/nonebackend.py
-rw-r--r--  0 root   root   121082 May 15 18:54 usr/lib/python3.12/site-packages/mesonbuild/backend/vs2010backend.py
-rw-r--r--  0 root   root     1313 May 15 18:54 usr/lib/python3.12/site-packages/mesonbuild/backend/vs2012backend.py
-rw-r--r--  0 root   root     1312 May 15 18:54 usr/lib/python3.12/site-packages/mesonbuild/backend/vs2013backend.py
-rw-r--r--  0 root   root     1311 May 15 18:54 usr/lib/python3.12/site-packages/mesonbuild/backend/vs2015backend.py
-rw-r--r--  0 root   root     2494 May 15 18:54 usr/lib/python3.12/site-packages/mesonbuild/backend/vs2017backend.py
-rw-r--r--  0 root   root     2242 May 15 18:54 usr/lib/python3.12/site-packages/mesonbuild/backend/vs2019backend.py
-rw-r--r--  0 root   root     2285 May 15 18:54 usr/lib/python3.12/site-packages/mesonbuild/backend/vs2022backend.py
-rw-r--r--  0 root   root    90583 May 15 18:54 usr/lib/python3.12/site-packages/mesonbuild/backend/xcodebackend.py
drwxr-xr-x  0 root   root        0 May 15 18:54 usr/lib/python3.12/site-packages/mesonbuild/backend/__pycache__/
-rw-r--r--  0 root   root      190 May 15 18:54 usr/lib/python3.12/site-packages/mesonbuild/backend/__pycache__/__init__.cpython-312.pyc
-rw-r--r--  0 root   root   121278 May 15 18:54 usr/lib/python3.12/site-packages/mesonbuild/backend/__pycache__/backends.cpython-312.pyc
-rw-r--r--  0 root   root   210190 May 15 18:54 usr/lib/python3.12/site-packages/mesonbuild/backend/__pycache__/ninjabackend.cpython-312.pyc
-rw-r--r--  0 root   root     1420 May 15 18:54 usr/lib/python3.12/site-packages/mesonbuild/backend/__pycache__/nonebackend.cpython-312.pyc
-rw-r--r--  0 root   root   111759 May 15 18:54 usr/lib/python3.12/site-packages/mesonbuild/backend/__pycache__/vs2010backend.cpython-312.pyc
-rw-r--r--  0 root   root     2103 May 15 18:54 usr/lib/python3.12/site-packages/mesonbuild/backend/__pycache__/vs2012backend.cpython-312.pyc
-rw-r--r--  0 root   root     2103 May 15 18:54 usr/lib/python3.12/site-packages/mesonbuild/backend/__pycache__/vs2013backend.cpython-312.pyc
-rw-r--r--  0 root   root     2107 May 15 18:54 usr/lib/python3.12/site-packages/mesonbuild/backend/__pycache__/vs2015backend.cpython-312.pyc
-rw-r--r--  0 root   root     3961 May 15 18:54 usr/lib/python3.12/site-packages/mesonbuild/backend/__pycache__/vs2017backend.cpython-312.pyc
-rw-r--r--  0 root   root     3804 May 15 18:54 usr/lib/python3.12/site-packages/mesonbuild/backend/__pycache__/vs2019backend.cpython-312.pyc
-rw-r--r--  0 root   root     3847 May 15 18:54 usr/lib/python3.12/site-packages/mesonbuild/backend/__pycache__/vs2022backend.cpython-312.pyc
-rw-r--r--  0 root   root   114127 May 15 18:54 usr/lib/python3.12/site-packages/mesonbuild/backend/__pycache__/xcodebackend.cpython-312.pyc
-rw-r--r--  0 root   root      707 May 15 18:54 usr/lib/python3.12/site-packages/mesonbuild/ast/__init__.py
-rw-r--r--  0 root   root    18127 May 15 18:54 usr/lib/python3.12/site-packages/mesonbuild/ast/interpreter.py
-rw-r--r--  0 root   root    17572 May 15 18:54 usr/lib/python3.12/site-packages/mesonbuild/ast/introspection.py
-rw-r--r--  0 root   root     3461 May 15 18:54 usr/lib/python3.12/site-packages/mesonbuild/ast/postprocess.py
-rw-r--r--  0 root   root    22556 May 15 18:54 usr/lib/python3.12/site-packages/mesonbuild/ast/printer.py
-rw-r--r--  0 root   root     5441 May 15 18:54 usr/lib/python3.12/site-packages/mesonbuild/ast/visitor.py
drwxr-xr-x  0 root   root        0 May 15 18:54 usr/lib/python3.12/site-packages/mesonbuild/ast/__pycache__/
-rw-r--r--  0 root   root      638 May 15 18:54 usr/lib/python3.12/site-packages/mesonbuild/ast/__pycache__/__init__.cpython-312.pyc
-rw-r--r--  0 root   root    24088 May 15 18:54 usr/lib/python3.12/site-packages/mesonbuild/ast/__pycache__/interpreter.cpython-312.pyc
-rw-r--r--  0 root   root    21939 May 15 18:54 usr/lib/python3.12/site-packages/mesonbuild/ast/__pycache__/introspection.cpython-312.pyc
-rw-r--r--  0 root   root     7122 May 15 18:54 usr/lib/python3.12/site-packages/mesonbuild/ast/__pycache__/postprocess.cpython-312.pyc
-rw-r--r--  0 root   root    42897 May 15 18:54 usr/lib/python3.12/site-packages/mesonbuild/ast/__pycache__/printer.cpython-312.pyc
-rw-r--r--  0 root   root    11151 May 15 18:54 usr/lib/python3.12/site-packages/mesonbuild/ast/__pycache__/visitor.cpython-312.pyc
=======> Building '/home/devel/packages/meson#1.4.0-1.x86_64.pkg.tar.zst' succeeded.
prt-get: Using PKGMK_PACKAGE_DIR: /home/devel/packages
prt-get: reinstalling meson 1.4.0-1
prt-get: /usr/bin/pkgadd -u meson#1.4.0-1.x86_64.pkg.tar.zst
prt-get: build done Wed May 15 18:54:31 2024

