prt-get: updating /usr/ports/core-x86_64/minicom
prt-get: starting build Wed May 15 18:54:31 2024
=======> Building '/home/devel/packages/minicom#2.9-1.x86_64.pkg.tar.zst'.
bsdtar -p -o -C /home/devel/building/work/src -xf /home/devel/sources/minicom-2.9.tar.gz
+ build
+ cd minicom-2.9
+ ./configure --prefix=/usr --sysconfdir=/etc --enable-lock-dir=/run/lock --disable-nls
checking for a BSD-compatible install... /usr/bin/install -c
checking whether build environment is sane... yes
checking for a race-free mkdir -p... /bin/mkdir -p
checking for gawk... gawk
checking whether make sets $(MAKE)... yes
checking whether make supports nested variables... yes
checking whether make supports the include directive... yes (GNU style)
checking for gcc... gcc
checking whether the C compiler works... yes
checking for C compiler default output file name... a.out
checking for suffix of executables... 
checking whether we are cross compiling... no
checking for suffix of object files... o
checking whether the compiler supports GNU C... yes
checking whether gcc accepts -g... yes
checking for gcc option to enable C11 features... none needed
checking whether gcc understands -c and -o together... yes
checking dependency style of gcc... gcc3
checking for stdio.h... yes
checking for stdlib.h... yes
checking for string.h... yes
checking for inttypes.h... yes
checking for stdint.h... yes
checking for strings.h... yes
checking for sys/stat.h... yes
checking for sys/types.h... yes
checking for unistd.h... yes
checking for wchar.h... yes
checking for minix/config.h... no
checking whether it is safe to define __EXTENSIONS__... yes
checking whether _XOPEN_SOURCE should be defined... no
checking for gcc... (cached) gcc
checking whether the compiler supports GNU C... (cached) yes
checking whether gcc accepts -g... (cached) yes
checking for gcc option to enable C11 features... (cached) none needed
checking whether gcc understands -c and -o together... (cached) yes
checking dependency style of gcc... (cached) gcc3
checking for ar... ar
checking the archiver (ar) interface... ar
checking for special C compiler options needed for large files... no
checking for _FILE_OFFSET_BITS value needed for large files... no
checking for ranlib... ranlib
checking for library containing strerror... none required
checking build system type... x86_64-pc-linux-musl
checking host system type... x86_64-pc-linux-musl
checking for ld used by gcc... /usr/bin/ld
checking if the linker (/usr/bin/ld) is GNU ld... yes
checking for shared library run path origin... done
checking 32-bit host C ABI... no
checking how to run the C preprocessor... gcc -E
checking for grep that handles long lines and -e... /usr/bin/grep
checking for egrep... /usr/bin/grep -E
checking for ELF binary format... yes
checking for the common suffixes of directories in the library search path... lib,lib,lib64
checking for iconv... yes
checking for working iconv... yes
checking for pkg-config... /usr/bin/pkg-config
checking pkg-config is at least version 0.9.0... yes
checking for lockdev... no
checking for a sed that does not truncate output... /bin/sed
checking whether NLS is requested... no
checking for msgfmt... /usr/bin/msgfmt
checking for gmsgfmt... /usr/bin/msgfmt
checking for xgettext... /usr/bin/xgettext
checking for msgmerge... /usr/bin/msgmerge
checking for CFPreferencesCopyAppValue... no
checking for CFLocaleCopyPreferredLanguages... no
checking whether to use NLS... no
checking for kermit... no
checking for tputs in -ltinfo... yes
checking for termcap.h... yes
checking for socket in -lsocket... no
checking for dirent.h that defines DIR... yes
checking for library containing opendir... none required
checking for sys/wait.h that is POSIX.1 compatible... yes
checking whether stat file-mode macros are broken... no
checking POSIX termios... yes
checking whether termios.h defines TIOCGWINSZ... no
checking whether sys/ioctl.h defines TIOCGWINSZ... yes
checking for stdarg.h... yes
checking for varargs.h... no
checking for termio.h... no
checking for termios.h... yes
checking for setjmp.h... yes
checking for errno.h... yes
checking for pwd.h... yes
checking for signal.h... yes
checking for fcntl.h... yes
checking for sgtty.h... no
checking for locale.h... yes
checking for sys/stat.h... (cached) yes
checking for sys/file.h... yes
checking for sys/ioctl.h... yes
checking for sys/time.h... yes
checking for sys/ttold.h... no
checking for sys/param.h... yes
checking for unistd.h... (cached) yes
checking for posix1_lim.h... no
checking for sgtty.h... (cached) no
checking for features.h... yes
checking for an ANSI C-conforming const... yes
checking for uid_t in sys/types.h... yes
checking for mode_t... yes
checking for pid_t... yes
checking for size_t... yes
checking whether struct tm is in sys/time.h or time.h... time.h
checking for error_at_line... no
checking whether closedir returns void... no
checking if malloc debugging is wanted... no
checking for getcwd... yes
checking for getwd... no
checking for memmove... yes
checking for strerror... yes
checking for strstr... yes
checking for vsnprintf... yes
checking for vprintf... yes
checking for select... yes
checking for snprintf... yes
checking for usleep... yes
checking for getopt... yes
checking for getopt_long... yes
checking for long file names... yes
checking for com line lock directory... /run/lock
checking for default serial port device... /dev/ttyS1
checking for default baud rate... 115200
checking that generated files are newer than configure... done
configure: creating ./config.status
config.status: creating Makefile
config.status: creating doc/Makefile
config.status: creating extras/Makefile
config.status: creating extras/linux/Makefile
config.status: creating extras/tables/Makefile
config.status: creating extras/termcap/Makefile
config.status: creating extras/terminfo/Makefile
config.status: creating man/Makefile
config.status: creating lib/Makefile
config.status: creating src/Makefile
config.status: creating po/Makefile.in
config.status: creating minicom.spec
config.status: creating config.h
config.status: executing depfiles commands
config.status: executing po-directories commands
config.status: creating po/POTFILES
config.status: creating po/Makefile
+ make V=1
make  all-recursive
make[1]: Entering directory '/home/devel/building/work/src/minicom-2.9'
Making all in doc
make[2]: Entering directory '/home/devel/building/work/src/minicom-2.9/doc'
make[2]: Nothing to be done for 'all'.
make[2]: Leaving directory '/home/devel/building/work/src/minicom-2.9/doc'
Making all in extras
make[2]: Entering directory '/home/devel/building/work/src/minicom-2.9/extras'
Making all in linux
make[3]: Entering directory '/home/devel/building/work/src/minicom-2.9/extras/linux'
make[3]: Nothing to be done for 'all'.
make[3]: Leaving directory '/home/devel/building/work/src/minicom-2.9/extras/linux'
Making all in tables
make[3]: Entering directory '/home/devel/building/work/src/minicom-2.9/extras/tables'
make[3]: Nothing to be done for 'all'.
make[3]: Leaving directory '/home/devel/building/work/src/minicom-2.9/extras/tables'
Making all in termcap
make[3]: Entering directory '/home/devel/building/work/src/minicom-2.9/extras/termcap'
make[3]: Nothing to be done for 'all'.
make[3]: Leaving directory '/home/devel/building/work/src/minicom-2.9/extras/termcap'
Making all in terminfo
make[3]: Entering directory '/home/devel/building/work/src/minicom-2.9/extras/terminfo'
make[3]: Nothing to be done for 'all'.
make[3]: Leaving directory '/home/devel/building/work/src/minicom-2.9/extras/terminfo'
make[3]: Entering directory '/home/devel/building/work/src/minicom-2.9/extras'
make[3]: Nothing to be done for 'all-am'.
make[3]: Leaving directory '/home/devel/building/work/src/minicom-2.9/extras'
make[2]: Leaving directory '/home/devel/building/work/src/minicom-2.9/extras'
Making all in man
make[2]: Entering directory '/home/devel/building/work/src/minicom-2.9/man'
make[2]: Nothing to be done for 'all'.
make[2]: Leaving directory '/home/devel/building/work/src/minicom-2.9/man'
Making all in po
make[2]: Entering directory '/home/devel/building/work/src/minicom-2.9/po'
make[2]: Nothing to be done for 'all'.
make[2]: Leaving directory '/home/devel/building/work/src/minicom-2.9/po'
Making all in lib
make[2]: Entering directory '/home/devel/building/work/src/minicom-2.9/lib'
gcc -DHAVE_CONFIG_H -I. -I..     -O2 -m64 -march=x86-64 -mtune=generic -flto=auto -ffat-lto-objects -W -Wall -Wextra -std=gnu99 -fno-common -Wno-format-truncation -MT error.o -MD -MP -MF .deps/error.Tpo -c -o error.o error.c
mv -f .deps/error.Tpo .deps/error.Po
rm -f libport.a
ar cru libport.a  error.o 
ar: `u' modifier ignored since `D' is the default (see `U')
ranlib libport.a
make[2]: Leaving directory '/home/devel/building/work/src/minicom-2.9/lib'
Making all in src
make[2]: Entering directory '/home/devel/building/work/src/minicom-2.9/src'
gcc -DHAVE_CONFIG_H -I. -I..  -I../lib -DCONFDIR=\"/etc\" -DLOCALEDIR=\"/usr/share/locale\"   -O2 -m64 -march=x86-64 -mtune=generic -flto=auto -ffat-lto-objects -W -Wall -Wextra -std=gnu99 -fno-common -Wno-format-truncation -MT minicom.o -MD -MP -MF .deps/minicom.Tpo -c -o minicom.o minicom.c
gcc -DHAVE_CONFIG_H -I. -I..  -I../lib -DCONFDIR=\"/etc\" -DLOCALEDIR=\"/usr/share/locale\"   -O2 -m64 -march=x86-64 -mtune=generic -flto=auto -ffat-lto-objects -W -Wall -Wextra -std=gnu99 -fno-common -Wno-format-truncation -MT vt100.o -MD -MP -MF .deps/vt100.Tpo -c -o vt100.o vt100.c
gcc -DHAVE_CONFIG_H -I. -I..  -I../lib -DCONFDIR=\"/etc\" -DLOCALEDIR=\"/usr/share/locale\"   -O2 -m64 -march=x86-64 -mtune=generic -flto=auto -ffat-lto-objects -W -Wall -Wextra -std=gnu99 -fno-common -Wno-format-truncation -MT config.o -MD -MP -MF .deps/config.Tpo -c -o config.o config.c
gcc -DHAVE_CONFIG_H -I. -I..  -I../lib -DCONFDIR=\"/etc\" -DLOCALEDIR=\"/usr/share/locale\"   -O2 -m64 -march=x86-64 -mtune=generic -flto=auto -ffat-lto-objects -W -Wall -Wextra -std=gnu99 -fno-common -Wno-format-truncation -MT help.o -MD -MP -MF .deps/help.Tpo -c -o help.o help.c
gcc -DHAVE_CONFIG_H -I. -I..  -I../lib -DCONFDIR=\"/etc\" -DLOCALEDIR=\"/usr/share/locale\"   -O2 -m64 -march=x86-64 -mtune=generic -flto=auto -ffat-lto-objects -W -Wall -Wextra -std=gnu99 -fno-common -Wno-format-truncation -MT updown.o -MD -MP -MF .deps/updown.Tpo -c -o updown.o updown.c
gcc -DHAVE_CONFIG_H -I. -I..  -I../lib -DCONFDIR=\"/etc\" -DLOCALEDIR=\"/usr/share/locale\"   -O2 -m64 -march=x86-64 -mtune=generic -flto=auto -ffat-lto-objects -W -Wall -Wextra -std=gnu99 -fno-common -Wno-format-truncation -MT util.o -MD -MP -MF .deps/util.Tpo -c -o util.o util.c
gcc -DHAVE_CONFIG_H -I. -I..  -I../lib -DCONFDIR=\"/etc\" -DLOCALEDIR=\"/usr/share/locale\"   -O2 -m64 -march=x86-64 -mtune=generic -flto=auto -ffat-lto-objects -W -Wall -Wextra -std=gnu99 -fno-common -Wno-format-truncation -MT dial.o -MD -MP -MF .deps/dial.Tpo -c -o dial.o dial.c
gcc -DHAVE_CONFIG_H -I. -I..  -I../lib -DCONFDIR=\"/etc\" -DLOCALEDIR=\"/usr/share/locale\"   -O2 -m64 -march=x86-64 -mtune=generic -flto=auto -ffat-lto-objects -W -Wall -Wextra -std=gnu99 -fno-common -Wno-format-truncation -MT window.o -MD -MP -MF .deps/window.Tpo -c -o window.o window.c
mv -f .deps/help.Tpo .deps/help.Po
gcc -DHAVE_CONFIG_H -I. -I..  -I../lib -DCONFDIR=\"/etc\" -DLOCALEDIR=\"/usr/share/locale\"   -O2 -m64 -march=x86-64 -mtune=generic -flto=auto -ffat-lto-objects -W -Wall -Wextra -std=gnu99 -fno-common -Wno-format-truncation -MT wkeys.o -MD -MP -MF .deps/wkeys.Tpo -c -o wkeys.o wkeys.c
mv -f .deps/util.Tpo .deps/util.Po
gcc -DHAVE_CONFIG_H -I. -I..  -I../lib -DCONFDIR=\"/etc\" -DLOCALEDIR=\"/usr/share/locale\"   -O2 -m64 -march=x86-64 -mtune=generic -flto=auto -ffat-lto-objects -W -Wall -Wextra -std=gnu99 -fno-common -Wno-format-truncation -MT ipc.o -MD -MP -MF .deps/ipc.Tpo -c -o ipc.o ipc.c
mv -f .deps/wkeys.Tpo .deps/wkeys.Po
gcc -DHAVE_CONFIG_H -I. -I..  -I../lib -DCONFDIR=\"/etc\" -DLOCALEDIR=\"/usr/share/locale\"   -O2 -m64 -march=x86-64 -mtune=generic -flto=auto -ffat-lto-objects -W -Wall -Wextra -std=gnu99 -fno-common -Wno-format-truncation -MT windiv.o -MD -MP -MF .deps/windiv.Tpo -c -o windiv.o windiv.c
mv -f .deps/ipc.Tpo .deps/ipc.Po
gcc -DHAVE_CONFIG_H -I. -I..  -I../lib -DCONFDIR=\"/etc\" -DLOCALEDIR=\"/usr/share/locale\"   -O2 -m64 -march=x86-64 -mtune=generic -flto=auto -ffat-lto-objects -W -Wall -Wextra -std=gnu99 -fno-common -Wno-format-truncation -MT sysdep1.o -MD -MP -MF .deps/sysdep1.Tpo -c -o sysdep1.o sysdep1.c
mv -f .deps/windiv.Tpo .deps/windiv.Po
gcc -DHAVE_CONFIG_H -I. -I..  -I../lib -DCONFDIR=\"/etc\" -DLOCALEDIR=\"/usr/share/locale\"   -O2 -m64 -march=x86-64 -mtune=generic -flto=auto -ffat-lto-objects -W -Wall -Wextra -std=gnu99 -fno-common -Wno-format-truncation -MT sysdep1_s.o -MD -MP -MF .deps/sysdep1_s.Tpo -c -o sysdep1_s.o sysdep1_s.c
mv -f .deps/updown.Tpo .deps/updown.Po
gcc -DHAVE_CONFIG_H -I. -I..  -I../lib -DCONFDIR=\"/etc\" -DLOCALEDIR=\"/usr/share/locale\"   -O2 -m64 -march=x86-64 -mtune=generic -flto=auto -ffat-lto-objects -W -Wall -Wextra -std=gnu99 -fno-common -Wno-format-truncation -MT sysdep2.o -MD -MP -MF .deps/sysdep2.Tpo -c -o sysdep2.o sysdep2.c
mv -f .deps/sysdep1_s.Tpo .deps/sysdep1_s.Po
gcc -DHAVE_CONFIG_H -I. -I..  -I../lib -DCONFDIR=\"/etc\" -DLOCALEDIR=\"/usr/share/locale\"   -O2 -m64 -march=x86-64 -mtune=generic -flto=auto -ffat-lto-objects -W -Wall -Wextra -std=gnu99 -fno-common -Wno-format-truncation -MT rwconf.o -MD -MP -MF .deps/rwconf.Tpo -c -o rwconf.o rwconf.c
mv -f .deps/sysdep2.Tpo .deps/sysdep2.Po
gcc -DHAVE_CONFIG_H -I. -I..  -I../lib -DCONFDIR=\"/etc\" -DLOCALEDIR=\"/usr/share/locale\"   -O2 -m64 -march=x86-64 -mtune=generic -flto=auto -ffat-lto-objects -W -Wall -Wextra -std=gnu99 -fno-common -Wno-format-truncation -MT main.o -MD -MP -MF .deps/main.Tpo -c -o main.o main.c
mv -f .deps/sysdep1.Tpo .deps/sysdep1.Po
gcc -DHAVE_CONFIG_H -I. -I..  -I../lib -DCONFDIR=\"/etc\" -DLOCALEDIR=\"/usr/share/locale\"   -O2 -m64 -march=x86-64 -mtune=generic -flto=auto -ffat-lto-objects -W -Wall -Wextra -std=gnu99 -fno-common -Wno-format-truncation -MT file.o -MD -MP -MF .deps/file.Tpo -c -o file.o file.c
mv -f .deps/rwconf.Tpo .deps/rwconf.Po
mv -f .deps/vt100.Tpo .deps/vt100.Po
gcc -DHAVE_CONFIG_H -I. -I..  -I../lib -DCONFDIR=\"/etc\" -DLOCALEDIR=\"/usr/share/locale\"   -O2 -m64 -march=x86-64 -mtune=generic -flto=auto -ffat-lto-objects -W -Wall -Wextra -std=gnu99 -fno-common -Wno-format-truncation -MT getsdir.o -MD -MP -MF .deps/getsdir.Tpo -c -o getsdir.o getsdir.c
gcc -DHAVE_CONFIG_H -I. -I..  -I../lib -DCONFDIR=\"/etc\" -DLOCALEDIR=\"/usr/share/locale\"   -O2 -m64 -march=x86-64 -mtune=generic -flto=auto -ffat-lto-objects -W -Wall -Wextra -std=gnu99 -fno-common -Wno-format-truncation -MT wildmat.o -MD -MP -MF .deps/wildmat.Tpo -c -o wildmat.o wildmat.c
mv -f .deps/getsdir.Tpo .deps/getsdir.Po
gcc -DHAVE_CONFIG_H -I. -I..  -I../lib -DCONFDIR=\"/etc\" -DLOCALEDIR=\"/usr/share/locale\"   -O2 -m64 -march=x86-64 -mtune=generic -flto=auto -ffat-lto-objects -W -Wall -Wextra -std=gnu99 -fno-common -Wno-format-truncation -MT common.o -MD -MP -MF .deps/common.Tpo -c -o common.o common.c
mv -f .deps/wildmat.Tpo .deps/wildmat.Po
gcc -DHAVE_CONFIG_H -I. -I..  -I../lib -DCONFDIR=\"/etc\" -DLOCALEDIR=\"/usr/share/locale\"   -O2 -m64 -march=x86-64 -mtune=generic -flto=auto -ffat-lto-objects -W -Wall -Wextra -std=gnu99 -fno-common -Wno-format-truncation -MT script.o -MD -MP -MF .deps/script.Tpo -c -o script.o script.c
mv -f .deps/minicom.Tpo .deps/minicom.Po
gcc -DHAVE_CONFIG_H -I. -I..  -I../lib -DCONFDIR=\"/etc\" -DLOCALEDIR=\"/usr/share/locale\"   -O2 -m64 -march=x86-64 -mtune=generic -flto=auto -ffat-lto-objects -W -Wall -Wextra -std=gnu99 -fno-common -Wno-format-truncation -MT ascii-xfr.o -MD -MP -MF .deps/ascii-xfr.Tpo -c -o ascii-xfr.o ascii-xfr.c
mv -f .deps/dial.Tpo .deps/dial.Po
mv -f .deps/common.Tpo .deps/common.Po
mv -f .deps/file.Tpo .deps/file.Po
mv -f .deps/ascii-xfr.Tpo .deps/ascii-xfr.Po
gcc  -O2 -m64 -march=x86-64 -mtune=generic -flto=auto -ffat-lto-objects -W -Wall -Wextra -std=gnu99 -fno-common -Wno-format-truncation   -o ascii-xfr ascii-xfr.o  -ltinfo
mv -f .deps/main.Tpo .deps/main.Po
mv -f .deps/window.Tpo .deps/window.Po
mv -f .deps/config.Tpo .deps/config.Po
gcc  -O2 -m64 -march=x86-64 -mtune=generic -flto=auto -ffat-lto-objects -W -Wall -Wextra -std=gnu99 -fno-common -Wno-format-truncation   -o minicom minicom.o vt100.o config.o help.o updown.o util.o dial.o window.o wkeys.o ipc.o windiv.o sysdep1.o sysdep1_s.o sysdep2.o rwconf.o main.o file.o getsdir.o wildmat.o common.o  ../lib/libport.a  -ltinfo
mv -f .deps/script.Tpo .deps/script.Po
gcc  -O2 -m64 -march=x86-64 -mtune=generic -flto=auto -ffat-lto-objects -W -Wall -Wextra -std=gnu99 -fno-common -Wno-format-truncation   -o runscript script.o sysdep1_s.o common.o ../lib/libport.a -ltinfo
make[2]: Leaving directory '/home/devel/building/work/src/minicom-2.9/src'
make[2]: Entering directory '/home/devel/building/work/src/minicom-2.9'
make[2]: Leaving directory '/home/devel/building/work/src/minicom-2.9'
make[1]: Leaving directory '/home/devel/building/work/src/minicom-2.9'
+ make DESTDIR=/home/devel/building/work/pkg install
Making install in doc
make[1]: Entering directory '/home/devel/building/work/src/minicom-2.9/doc'
make[2]: Entering directory '/home/devel/building/work/src/minicom-2.9/doc'
make[2]: Nothing to be done for 'install-exec-am'.
make[2]: Nothing to be done for 'install-data-am'.
make[2]: Leaving directory '/home/devel/building/work/src/minicom-2.9/doc'
make[1]: Leaving directory '/home/devel/building/work/src/minicom-2.9/doc'
Making install in extras
make[1]: Entering directory '/home/devel/building/work/src/minicom-2.9/extras'
Making install in linux
make[2]: Entering directory '/home/devel/building/work/src/minicom-2.9/extras/linux'
make[3]: Entering directory '/home/devel/building/work/src/minicom-2.9/extras/linux'
make[3]: Nothing to be done for 'install-exec-am'.
make[3]: Nothing to be done for 'install-data-am'.
make[3]: Leaving directory '/home/devel/building/work/src/minicom-2.9/extras/linux'
make[2]: Leaving directory '/home/devel/building/work/src/minicom-2.9/extras/linux'
Making install in tables
make[2]: Entering directory '/home/devel/building/work/src/minicom-2.9/extras/tables'
make[3]: Entering directory '/home/devel/building/work/src/minicom-2.9/extras/tables'
make[3]: Nothing to be done for 'install-exec-am'.
make[3]: Nothing to be done for 'install-data-am'.
make[3]: Leaving directory '/home/devel/building/work/src/minicom-2.9/extras/tables'
make[2]: Leaving directory '/home/devel/building/work/src/minicom-2.9/extras/tables'
Making install in termcap
make[2]: Entering directory '/home/devel/building/work/src/minicom-2.9/extras/termcap'
make[3]: Entering directory '/home/devel/building/work/src/minicom-2.9/extras/termcap'
make[3]: Nothing to be done for 'install-exec-am'.
make[3]: Nothing to be done for 'install-data-am'.
make[3]: Leaving directory '/home/devel/building/work/src/minicom-2.9/extras/termcap'
make[2]: Leaving directory '/home/devel/building/work/src/minicom-2.9/extras/termcap'
Making install in terminfo
make[2]: Entering directory '/home/devel/building/work/src/minicom-2.9/extras/terminfo'
make[3]: Entering directory '/home/devel/building/work/src/minicom-2.9/extras/terminfo'
make[3]: Nothing to be done for 'install-exec-am'.
make[3]: Nothing to be done for 'install-data-am'.
make[3]: Leaving directory '/home/devel/building/work/src/minicom-2.9/extras/terminfo'
make[2]: Leaving directory '/home/devel/building/work/src/minicom-2.9/extras/terminfo'
make[2]: Entering directory '/home/devel/building/work/src/minicom-2.9/extras'
make[3]: Entering directory '/home/devel/building/work/src/minicom-2.9/extras'
make[3]: Nothing to be done for 'install-exec-am'.
make[3]: Nothing to be done for 'install-data-am'.
make[3]: Leaving directory '/home/devel/building/work/src/minicom-2.9/extras'
make[2]: Leaving directory '/home/devel/building/work/src/minicom-2.9/extras'
make[1]: Leaving directory '/home/devel/building/work/src/minicom-2.9/extras'
Making install in man
make[1]: Entering directory '/home/devel/building/work/src/minicom-2.9/man'
make[2]: Entering directory '/home/devel/building/work/src/minicom-2.9/man'
make[2]: Nothing to be done for 'install-exec-am'.
 /bin/mkdir -p '/home/devel/building/work/pkg/usr/share/man/man1'
 /usr/bin/install -c -m 644 ascii-xfr.1 minicom.1 runscript.1 xminicom.1 '/home/devel/building/work/pkg/usr/share/man/man1'
make[2]: Leaving directory '/home/devel/building/work/src/minicom-2.9/man'
make[1]: Leaving directory '/home/devel/building/work/src/minicom-2.9/man'
Making install in po
make[1]: Entering directory '/home/devel/building/work/src/minicom-2.9/po'
if test "minicom" = "gettext-tools"; then \
  /bin/mkdir -p /home/devel/building/work/pkg/usr/share/gettext/po; \
  for file in Makefile.in.in remove-potcdate.sin quot.sed boldquot.sed en@quot.header en@boldquot.header insert-header.sin Rules-quot   Makevars.template; do \
    /usr/bin/install -c -m 644 ./$file \
		    /home/devel/building/work/pkg/usr/share/gettext/po/$file; \
  done; \
  for file in Makevars; do \
    rm -f /home/devel/building/work/pkg/usr/share/gettext/po/$file; \
  done; \
else \
  : ; \
fi
make[1]: Leaving directory '/home/devel/building/work/src/minicom-2.9/po'
Making install in lib
make[1]: Entering directory '/home/devel/building/work/src/minicom-2.9/lib'
make[2]: Entering directory '/home/devel/building/work/src/minicom-2.9/lib'
make[2]: Nothing to be done for 'install-exec-am'.
make[2]: Nothing to be done for 'install-data-am'.
make[2]: Leaving directory '/home/devel/building/work/src/minicom-2.9/lib'
make[1]: Leaving directory '/home/devel/building/work/src/minicom-2.9/lib'
Making install in src
make[1]: Entering directory '/home/devel/building/work/src/minicom-2.9/src'
make[2]: Entering directory '/home/devel/building/work/src/minicom-2.9/src'
 /bin/mkdir -p '/home/devel/building/work/pkg/usr/bin'
make[2]: Nothing to be done for 'install-data-am'.
 /bin/mkdir -p '/home/devel/building/work/pkg/usr/bin'
  /usr/bin/install -c minicom runscript ascii-xfr '/home/devel/building/work/pkg/usr/bin'
 /usr/bin/install -c xminicom '/home/devel/building/work/pkg/usr/bin'
make[2]: Leaving directory '/home/devel/building/work/src/minicom-2.9/src'
make[1]: Leaving directory '/home/devel/building/work/src/minicom-2.9/src'
make[1]: Entering directory '/home/devel/building/work/src/minicom-2.9'
make[2]: Entering directory '/home/devel/building/work/src/minicom-2.9'
make[2]: Nothing to be done for 'install-exec-am'.
make[2]: Nothing to be done for 'install-data-am'.
make[2]: Leaving directory '/home/devel/building/work/src/minicom-2.9'
make[1]: Leaving directory '/home/devel/building/work/src/minicom-2.9'
=======> Build result:
drwxr-xr-x  0 root   root        0 May 15 18:54 usr/
drwxr-xr-x  0 root   root        0 May 15 18:54 usr/share/
drwxr-xr-x  0 root   root        0 May 15 18:54 usr/bin/
-rwxr-xr-x  0 root   root   200568 May 15 18:54 usr/bin/minicom
-rwxr-xr-x  0 root   root     1506 May 15 18:54 usr/bin/xminicom
-rwxr-xr-x  0 root   root    23096 May 15 18:54 usr/bin/runscript
-rwxr-xr-x  0 root   root    14344 May 15 18:54 usr/bin/ascii-xfr
drwxr-xr-x  0 root   root        0 May 15 18:54 usr/share/man/
drwxr-xr-x  0 root   root        0 May 15 18:54 usr/share/man/man1/
-rw-r--r--  0 root   root     1153 May 15 18:54 usr/share/man/man1/ascii-xfr.1.gz
-rw-r--r--  0 root   root    13608 May 15 18:54 usr/share/man/man1/minicom.1.gz
-rw-r--r--  0 root   root     3037 May 15 18:54 usr/share/man/man1/runscript.1.gz
-rw-r--r--  0 root   root      349 May 15 18:54 usr/share/man/man1/xminicom.1.gz
=======> Building '/home/devel/packages/minicom#2.9-1.x86_64.pkg.tar.zst' succeeded.
prt-get: Using PKGMK_PACKAGE_DIR: /home/devel/packages
prt-get: reinstalling minicom 2.9-1
prt-get: /usr/bin/pkgadd -u minicom#2.9-1.x86_64.pkg.tar.zst
prt-get: build done Wed May 15 18:54:37 2024

