prt-get: updating /usr/ports/core-x86_64/mpdecimal
prt-get: starting build Wed May 15 18:54:43 2024
=======> Building '/home/devel/packages/mpdecimal#2.5.1-4.x86_64.pkg.tar.zst'.
bsdtar -p -o -C /home/devel/building/work/src -xf /home/devel/sources/mpdecimal-2.5.1.tar.gz
+ build
+ cd mpdecimal-2.5.1
+ ./configure --build=x86_64-unknown-linux-musl --host=x86_64-unknown-linux-musl --prefix=/usr
checking system as reported by uname -s... Linux
checking build system type... x86_64-unknown-linux-musl
checking host system type... x86_64-unknown-linux-musl
checking for --enable-shared... yes
checking for --enable-cxx... yes
checking for --enable-profile... no
checking for x86_64-unknown-linux-musl-gcc... x86_64-unknown-linux-musl-gcc
checking whether the C compiler works... yes
checking for C compiler default output file name... a.out
checking for suffix of executables... 
checking whether we are cross compiling... no
checking for suffix of object files... o
checking whether we are using the GNU C compiler... yes
checking whether x86_64-unknown-linux-musl-gcc accepts -g... yes
checking for x86_64-unknown-linux-musl-gcc option to accept ISO C89... none needed
checking for x86_64-unknown-linux-musl-g++... x86_64-unknown-linux-musl-g++
checking whether we are using the GNU C++ compiler... yes
checking whether x86_64-unknown-linux-musl-g++ accepts -g... yes
checking for x86_64-unknown-linux-musl-ar... x86_64-unknown-linux-musl-ar
checking for x86_64-unknown-linux-musl-ranlib... x86_64-unknown-linux-musl-ranlib
checking how to run the C preprocessor... x86_64-unknown-linux-musl-gcc -E
checking for grep that handles long lines and -e... /usr/bin/grep
checking for egrep... /usr/bin/grep -E
checking for ANSI C header files... yes
checking for sys/types.h... yes
checking for sys/stat.h... yes
checking for stdlib.h... yes
checking for string.h... yes
checking for memory.h... yes
checking for strings.h... yes
checking for inttypes.h... yes
checking for stdint.h... yes
checking for unistd.h... yes
checking for inttypes.h... (cached) yes
checking pthread.h usability... yes
checking pthread.h presence... yes
checking for pthread.h... yes
checking for stdint.h... (cached) yes
checking for size_t... yes
checking for int32_t... yes
checking for int64_t... yes
checking for uint32_t... yes
checking for uint64_t... yes
checking for __uint128_t... yes
checking size of size_t... 8
checking size of __uint128_t... 16
checking for x64 gcc inline assembler... yes
checking for x87 gcc inline assembler... yes
checking for -O2... yes
checking for a BSD-compatible install... /usr/bin/install -c
checking for glibc _FORTIFY_SOURCE/memmove bug... no
configure: creating ./config.status
config.status: creating Makefile
config.status: creating libmpdec/Makefile
config.status: creating tests/Makefile
config.status: creating libmpdec/mpdecimal.h
config.status: creating libmpdec++/Makefile
config.status: creating tests++/Makefile
config.status: creating config.h
+ make V=1
cd libmpdec && make 
make[1]: Entering directory '/home/devel/building/work/src/mpdecimal-2.5.1/libmpdec'
x86_64-unknown-linux-musl-gcc -Wall -Wextra -Wno-unknown-pragmas -std=c99 -pedantic -DCONFIG_64 -DASM -DNDEBUG -O2 -m64 -march=x86-64 -mtune=generic -flto=auto -ffat-lto-objects -c basearith.c
x86_64-unknown-linux-musl-gcc -Wall -Wextra -Wno-unknown-pragmas -std=c99 -pedantic -DCONFIG_64 -DASM -DNDEBUG -O2 -m64 -march=x86-64 -mtune=generic -flto=auto -ffat-lto-objects -c context.c
x86_64-unknown-linux-musl-gcc -Wall -Wextra -Wno-unknown-pragmas -std=c99 -pedantic -DCONFIG_64 -DASM -DNDEBUG -O2 -m64 -march=x86-64 -mtune=generic -flto=auto -ffat-lto-objects -c constants.c
x86_64-unknown-linux-musl-gcc -Wall -Wextra -Wno-unknown-pragmas -std=c99 -pedantic -DCONFIG_64 -DASM -DNDEBUG -O2 -m64 -march=x86-64 -mtune=generic -flto=auto -ffat-lto-objects -c convolute.c
x86_64-unknown-linux-musl-gcc -Wall -Wextra -Wno-unknown-pragmas -std=c99 -pedantic -DCONFIG_64 -DASM -DNDEBUG -O2 -m64 -march=x86-64 -mtune=generic -flto=auto -ffat-lto-objects -c crt.c
x86_64-unknown-linux-musl-gcc -Wall -Wextra -Wno-unknown-pragmas -std=c99 -pedantic -DCONFIG_64 -DASM -DNDEBUG -O2 -m64 -march=x86-64 -mtune=generic -flto=auto -ffat-lto-objects -c mpdecimal.c
x86_64-unknown-linux-musl-gcc -Wall -Wextra -Wno-unknown-pragmas -std=c99 -pedantic -DCONFIG_64 -DASM -DNDEBUG -O2 -m64 -march=x86-64 -mtune=generic -flto=auto -ffat-lto-objects -c mpsignal.c
x86_64-unknown-linux-musl-gcc -Wall -Wextra -Wno-unknown-pragmas -std=c99 -pedantic -DCONFIG_64 -DASM -DNDEBUG -O2 -m64 -march=x86-64 -mtune=generic -flto=auto -ffat-lto-objects -c difradix2.c
x86_64-unknown-linux-musl-gcc -Wall -Wextra -Wno-unknown-pragmas -std=c99 -pedantic -DCONFIG_64 -DASM -DNDEBUG -O2 -m64 -march=x86-64 -mtune=generic -flto=auto -ffat-lto-objects -c fnt.c
x86_64-unknown-linux-musl-gcc -Wall -Wextra -Wno-unknown-pragmas -std=c99 -pedantic -DCONFIG_64 -DASM -DNDEBUG -O2 -m64 -march=x86-64 -mtune=generic -flto=auto -ffat-lto-objects -c fourstep.c
x86_64-unknown-linux-musl-gcc -Wall -Wextra -Wno-unknown-pragmas -std=c99 -pedantic -DCONFIG_64 -DASM -DNDEBUG -O2 -m64 -march=x86-64 -mtune=generic -flto=auto -ffat-lto-objects -c io.c
x86_64-unknown-linux-musl-gcc -Wall -Wextra -Wno-unknown-pragmas -std=c99 -pedantic -DCONFIG_64 -DASM -DNDEBUG -O2 -m64 -march=x86-64 -mtune=generic -flto=auto -ffat-lto-objects -c mpalloc.c
x86_64-unknown-linux-musl-gcc -Wall -Wextra -Wno-unknown-pragmas -std=c99 -pedantic -DCONFIG_64 -DASM -DNDEBUG -O2 -m64 -march=x86-64 -mtune=generic -flto=auto -ffat-lto-objects -c numbertheory.c
x86_64-unknown-linux-musl-gcc -Wall -Wextra -Wno-unknown-pragmas -std=c99 -pedantic -DCONFIG_64 -DASM -DNDEBUG -O2 -m64 -march=x86-64 -mtune=generic -flto=auto -ffat-lto-objects -c sixstep.c
x86_64-unknown-linux-musl-gcc -Wall -Wextra -Wno-unknown-pragmas -std=c99 -pedantic -DCONFIG_64 -DASM -DNDEBUG -O2 -m64 -march=x86-64 -mtune=generic -flto=auto -ffat-lto-objects -c transpose.c
x86_64-unknown-linux-musl-gcc -Wall -Wextra -Wno-unknown-pragmas -std=c99 -pedantic -DCONFIG_64 -DASM -DNDEBUG -O2 -m64 -march=x86-64 -mtune=generic -flto=auto -ffat-lto-objects -fPIC -c basearith.c -o .objs/basearith.o
x86_64-unknown-linux-musl-gcc -Wall -Wextra -Wno-unknown-pragmas -std=c99 -pedantic -DCONFIG_64 -DASM -DNDEBUG -O2 -m64 -march=x86-64 -mtune=generic -flto=auto -ffat-lto-objects -fPIC -c context.c -o .objs/context.o
x86_64-unknown-linux-musl-gcc -Wall -Wextra -Wno-unknown-pragmas -std=c99 -pedantic -DCONFIG_64 -DASM -DNDEBUG -O2 -m64 -march=x86-64 -mtune=generic -flto=auto -ffat-lto-objects -fPIC -c constants.c -o .objs/constants.o
x86_64-unknown-linux-musl-gcc -Wall -Wextra -Wno-unknown-pragmas -std=c99 -pedantic -DCONFIG_64 -DASM -DNDEBUG -O2 -m64 -march=x86-64 -mtune=generic -flto=auto -ffat-lto-objects -fPIC -c convolute.c -o .objs/convolute.o
x86_64-unknown-linux-musl-gcc -Wall -Wextra -Wno-unknown-pragmas -std=c99 -pedantic -DCONFIG_64 -DASM -DNDEBUG -O2 -m64 -march=x86-64 -mtune=generic -flto=auto -ffat-lto-objects -fPIC -c crt.c -o .objs/crt.o
x86_64-unknown-linux-musl-gcc -Wall -Wextra -Wno-unknown-pragmas -std=c99 -pedantic -DCONFIG_64 -DASM -DNDEBUG -O2 -m64 -march=x86-64 -mtune=generic -flto=auto -ffat-lto-objects -fPIC -c mpdecimal.c -o .objs/mpdecimal.o
x86_64-unknown-linux-musl-gcc -Wall -Wextra -Wno-unknown-pragmas -std=c99 -pedantic -DCONFIG_64 -DASM -DNDEBUG -O2 -m64 -march=x86-64 -mtune=generic -flto=auto -ffat-lto-objects -fPIC -c mpsignal.c -o .objs/mpsignal.o
x86_64-unknown-linux-musl-gcc -Wall -Wextra -Wno-unknown-pragmas -std=c99 -pedantic -DCONFIG_64 -DASM -DNDEBUG -O2 -m64 -march=x86-64 -mtune=generic -flto=auto -ffat-lto-objects -fPIC -c difradix2.c -o .objs/difradix2.o
x86_64-unknown-linux-musl-gcc -Wall -Wextra -Wno-unknown-pragmas -std=c99 -pedantic -DCONFIG_64 -DASM -DNDEBUG -O2 -m64 -march=x86-64 -mtune=generic -flto=auto -ffat-lto-objects -fPIC -c fnt.c -o .objs/fnt.o
x86_64-unknown-linux-musl-gcc -Wall -Wextra -Wno-unknown-pragmas -std=c99 -pedantic -DCONFIG_64 -DASM -DNDEBUG -O2 -m64 -march=x86-64 -mtune=generic -flto=auto -ffat-lto-objects -fPIC -c fourstep.c -o .objs/fourstep.o
x86_64-unknown-linux-musl-gcc -Wall -Wextra -Wno-unknown-pragmas -std=c99 -pedantic -DCONFIG_64 -DASM -DNDEBUG -O2 -m64 -march=x86-64 -mtune=generic -flto=auto -ffat-lto-objects -fPIC -c io.c -o .objs/io.o
x86_64-unknown-linux-musl-gcc -Wall -Wextra -Wno-unknown-pragmas -std=c99 -pedantic -DCONFIG_64 -DASM -DNDEBUG -O2 -m64 -march=x86-64 -mtune=generic -flto=auto -ffat-lto-objects -fPIC -c mpalloc.c -o .objs/mpalloc.o
x86_64-unknown-linux-musl-gcc -Wall -Wextra -Wno-unknown-pragmas -std=c99 -pedantic -DCONFIG_64 -DASM -DNDEBUG -O2 -m64 -march=x86-64 -mtune=generic -flto=auto -ffat-lto-objects -fPIC -c numbertheory.c -o .objs/numbertheory.o
x86_64-unknown-linux-musl-gcc -Wall -Wextra -Wno-unknown-pragmas -std=c99 -pedantic -DCONFIG_64 -DASM -DNDEBUG -O2 -m64 -march=x86-64 -mtune=generic -flto=auto -ffat-lto-objects -fPIC -c sixstep.c -o .objs/sixstep.o
x86_64-unknown-linux-musl-gcc -Wall -Wextra -Wno-unknown-pragmas -std=c99 -pedantic -DCONFIG_64 -DASM -DNDEBUG -O2 -m64 -march=x86-64 -mtune=generic -flto=auto -ffat-lto-objects -fPIC -c transpose.c -o .objs/transpose.o
x86_64-unknown-linux-musl-ar rc libmpdec.a basearith.o context.o constants.o convolute.o crt.o mpdecimal.o mpsignal.o difradix2.o fnt.o fourstep.o io.o mpalloc.o numbertheory.o sixstep.o transpose.o
x86_64-unknown-linux-musl-ranlib libmpdec.a
x86_64-unknown-linux-musl-gcc -shared -Wl,-soname,libmpdec.so.3 -o libmpdec.so.2.5.1 .objs/basearith.o .objs/context.o .objs/constants.o .objs/convolute.o .objs/crt.o .objs/mpdecimal.o .objs/mpsignal.o .objs/difradix2.o .objs/fnt.o .objs/fourstep.o .objs/io.o .objs/mpalloc.o .objs/numbertheory.o .objs/sixstep.o .objs/transpose.o -lm
ln -sf libmpdec.so.2.5.1 libmpdec.so
ln -sf libmpdec.so.2.5.1 libmpdec.so.3
make[1]: Leaving directory '/home/devel/building/work/src/mpdecimal-2.5.1/libmpdec'
cd libmpdec++ && make 
make[1]: Entering directory '/home/devel/building/work/src/mpdecimal-2.5.1/libmpdec++'
x86_64-unknown-linux-musl-g++ -pthread -I. -I../libmpdec -Wall -Wextra -std=c++11 -pedantic -DNDEBUG -O3 -O2 -m64 -march=x86-64 -mtune=generic -flto=auto -ffat-lto-objects -c decimal.cc
x86_64-unknown-linux-musl-g++ -pthread -I. -I../libmpdec -Wall -Wextra -std=c++11 -pedantic -DNDEBUG -O3 -O2 -m64 -march=x86-64 -mtune=generic -flto=auto -ffat-lto-objects -fPIC -c decimal.cc -o .objs/decimal.o
x86_64-unknown-linux-musl-ar rc libmpdec++.a decimal.o
x86_64-unknown-linux-musl-ranlib libmpdec++.a
x86_64-unknown-linux-musl-g++ -pthread -L../libmpdec -shared -Wl,-soname,libmpdec++.so.3 -o libmpdec++.so.2.5.1 .objs/decimal.o -lmpdec -lm
ln -sf libmpdec++.so.2.5.1 libmpdec++.so
ln -sf libmpdec++.so.2.5.1 libmpdec++.so.3
make[1]: Leaving directory '/home/devel/building/work/src/mpdecimal-2.5.1/libmpdec++'
+ make DESTDIR=/home/devel/building/work/pkg install
cd libmpdec && make 
/usr/bin/install -c -d -m 755 /home/devel/building/work/pkg/usr/share/doc/mpdecimal
cp -Rp doc/libmpdec /home/devel/building/work/pkg/usr/share/doc/mpdecimal
cp -Rp doc/libmpdec++ /home/devel/building/work/pkg/usr/share/doc/mpdecimal
make[1]: Entering directory '/home/devel/building/work/src/mpdecimal-2.5.1/libmpdec'
make[1]: Nothing to be done for 'default'.
make[1]: Leaving directory '/home/devel/building/work/src/mpdecimal-2.5.1/libmpdec'
/usr/bin/install -c -d -m 755 /home/devel/building/work/pkg/usr/include
cd libmpdec++ && make 
/usr/bin/install -c -m 644 libmpdec/mpdecimal.h /home/devel/building/work/pkg/usr/include
/usr/bin/install -c -d -m 755 /home/devel/building/work/pkg/usr/lib
/usr/bin/install -c -m 644 libmpdec/libmpdec.a /home/devel/building/work/pkg/usr/lib
make[1]: Entering directory '/home/devel/building/work/src/mpdecimal-2.5.1/libmpdec++'
make[1]: Nothing to be done for 'default'.
make[1]: Leaving directory '/home/devel/building/work/src/mpdecimal-2.5.1/libmpdec++'
/usr/bin/install -c -m 755 libmpdec/libmpdec.so.2.5.1 /home/devel/building/work/pkg/usr/lib
/usr/bin/install -c -d -m 755 /home/devel/building/work/pkg/usr/include
cd /home/devel/building/work/pkg/usr/lib && ln -sf libmpdec.so.2.5.1 libmpdec.so.3 && ln -sf libmpdec.so.2.5.1 libmpdec.so
/usr/bin/install -c -m 644 libmpdec++/decimal.hh /home/devel/building/work/pkg/usr/include
/usr/bin/install -c -d -m 755 /home/devel/building/work/pkg/usr/lib
/usr/bin/install -c -m 644 libmpdec++/libmpdec++.a /home/devel/building/work/pkg/usr/lib
/usr/bin/install -c -m 755 libmpdec++/libmpdec++.so.2.5.1 /home/devel/building/work/pkg/usr/lib
cd /home/devel/building/work/pkg/usr/lib && ln -sf libmpdec++.so.2.5.1 libmpdec++.so.3 && ln -sf libmpdec++.so.2.5.1 libmpdec++.so
+ rm -r /home/devel/building/work/pkg/usr/share
+ find /home/devel/building/work/pkg -type f -name '*.a' -delete
=======> Build result:
drwxr-xr-x  0 root   root        0 May 15 18:54 usr/
drwxr-xr-x  0 root   root        0 May 15 18:54 usr/include/
drwxr-xr-x  0 root   root        0 May 15 18:54 usr/lib/
-rwxr-xr-x  0 root   root   183704 May 15 18:54 usr/lib/libmpdec.so.2.5.1
lrwxrwxrwx  0 root   root        0 May 15 18:54 usr/lib/libmpdec.so.3 -> libmpdec.so.2.5.1
lrwxrwxrwx  0 root   root        0 May 15 18:54 usr/lib/libmpdec.so -> libmpdec.so.2.5.1
-rwxr-xr-x  0 root   root    39536 May 15 18:54 usr/lib/libmpdec++.so.2.5.1
lrwxrwxrwx  0 root   root        0 May 15 18:54 usr/lib/libmpdec++.so.3 -> libmpdec++.so.2.5.1
lrwxrwxrwx  0 root   root        0 May 15 18:54 usr/lib/libmpdec++.so -> libmpdec++.so.2.5.1
-rw-r--r--  0 root   root    40453 May 15 18:54 usr/include/mpdecimal.h
-rw-r--r--  0 root   root    48991 May 15 18:54 usr/include/decimal.hh
=======> Building '/home/devel/packages/mpdecimal#2.5.1-4.x86_64.pkg.tar.zst' succeeded.
prt-get: Using PKGMK_PACKAGE_DIR: /home/devel/packages
prt-get: reinstalling mpdecimal 2.5.1-4
prt-get: /usr/bin/pkgadd -u mpdecimal#2.5.1-4.x86_64.pkg.tar.zst
prt-get: build done Wed May 15 18:54:49 2024

