prt-get: updating /usr/ports/core-x86_64/musl-fts
prt-get: starting build Wed May 15 18:55:30 2024
=======> Building '/home/devel/packages/musl-fts#1.2.7-1.x86_64.pkg.tar.zst'.
bsdtar -p -o -C /home/devel/building/work/src -xf /home/devel/sources/musl-fts-1.2.7.tar.gz
+ build
+ cd musl-fts-1.2.7
+ CFLAGS+=' -fPIC'
+ ./bootstrap.sh
libtoolize: putting auxiliary files in '.'.
libtoolize: linking file './ltmain.sh'
libtoolize: putting macros in AC_CONFIG_MACRO_DIRS, 'm4'.
libtoolize: linking file 'm4/libtool.m4'
libtoolize: linking file 'm4/ltoptions.m4'
libtoolize: linking file 'm4/ltsugar.m4'
libtoolize: linking file 'm4/ltversion.m4'
libtoolize: linking file 'm4/lt~obsolete.m4'
configure.ac:9: installing './compile'
configure.ac:10: installing './config.guess'
configure.ac:10: installing './config.sub'
configure.ac:5: installing './install-sh'
configure.ac:5: installing './missing'
Makefile.am: installing './INSTALL'
Makefile.am: installing './depcomp'
+ ./configure --build=x86_64-unknown-linux-musl --host=x86_64-unknown-linux-musl --prefix=/usr
checking for a BSD-compatible install... /usr/bin/install -c
checking whether build environment is sane... yes
checking for a race-free mkdir -p... /bin/mkdir -p
checking for gawk... gawk
checking whether make sets $(MAKE)... yes
checking whether make supports nested variables... yes
checking for x86_64-unknown-linux-musl-gcc... x86_64-unknown-linux-musl-gcc
checking whether the C compiler works... yes
checking for C compiler default output file name... a.out
checking for suffix of executables... 
checking whether we are cross compiling... no
checking for suffix of object files... o
checking whether the compiler supports GNU C... yes
checking whether x86_64-unknown-linux-musl-gcc accepts -g... yes
checking for x86_64-unknown-linux-musl-gcc option to enable C11 features... none needed
checking whether x86_64-unknown-linux-musl-gcc understands -c and -o together... yes
checking whether make supports the include directive... yes (GNU style)
checking dependency style of x86_64-unknown-linux-musl-gcc... gcc3
checking build system type... x86_64-unknown-linux-musl
checking host system type... x86_64-unknown-linux-musl
checking how to print strings... printf
checking for a sed that does not truncate output... /bin/sed
checking for grep that handles long lines and -e... /usr/bin/grep
checking for egrep... /usr/bin/grep -E
checking for fgrep... /usr/bin/grep -F
checking for ld used by x86_64-unknown-linux-musl-gcc... /usr/bin/ld
checking if the linker (/usr/bin/ld) is GNU ld... yes
checking for BSD- or MS-compatible name lister (nm)... /usr/bin/x86_64-unknown-linux-musl-nm -B
checking the name lister (/usr/bin/x86_64-unknown-linux-musl-nm -B) interface... BSD nm
checking whether ln -s works... yes
checking the maximum length of command line arguments... 98304
checking how to convert x86_64-unknown-linux-musl file names to x86_64-unknown-linux-musl format... func_convert_file_noop
checking how to convert x86_64-unknown-linux-musl file names to toolchain format... func_convert_file_noop
checking for /usr/bin/ld option to reload object files... -r
checking for x86_64-unknown-linux-musl-file... no
checking for file... file
checking for x86_64-unknown-linux-musl-objdump... x86_64-unknown-linux-musl-objdump
checking how to recognize dependent libraries... pass_all
checking for x86_64-unknown-linux-musl-dlltool... no
checking for dlltool... no
checking how to associate runtime and link libraries... printf %s\n
checking for x86_64-unknown-linux-musl-ar... x86_64-unknown-linux-musl-ar
checking for archiver @FILE support... @
checking for x86_64-unknown-linux-musl-strip... x86_64-unknown-linux-musl-strip
checking for x86_64-unknown-linux-musl-ranlib... x86_64-unknown-linux-musl-ranlib
checking command to parse /usr/bin/x86_64-unknown-linux-musl-nm -B output from x86_64-unknown-linux-musl-gcc object... ok
checking for sysroot... no
checking for a working dd... /bin/dd
checking how to truncate binary pipes... /bin/dd bs=4096 count=1
checking for x86_64-unknown-linux-musl-mt... no
checking for mt... no
checking if : is a manifest tool... no
checking for stdio.h... yes
checking for stdlib.h... yes
checking for string.h... yes
checking for inttypes.h... yes
checking for stdint.h... yes
checking for strings.h... yes
checking for sys/stat.h... yes
checking for sys/types.h... yes
checking for unistd.h... yes
checking for dlfcn.h... yes
checking for objdir... .libs
checking if x86_64-unknown-linux-musl-gcc supports -fno-rtti -fno-exceptions... no
checking for x86_64-unknown-linux-musl-gcc option to produce PIC... -fPIC -DPIC
checking if x86_64-unknown-linux-musl-gcc PIC flag -fPIC -DPIC works... yes
checking if x86_64-unknown-linux-musl-gcc static flag -static works... yes
checking if x86_64-unknown-linux-musl-gcc supports -c -o file.o... yes
checking if x86_64-unknown-linux-musl-gcc supports -c -o file.o... (cached) yes
checking whether the x86_64-unknown-linux-musl-gcc linker (/usr/bin/ld -m elf_x86_64) supports shared libraries... yes
checking whether -lc should be explicitly linked in... no
checking dynamic linker characteristics... GNU/Linux ld.so
checking how to hardcode library paths into programs... immediate
checking whether stripping libraries is possible... yes
checking if libtool supports shared libraries... yes
checking whether to build shared libraries... yes
checking whether to build static libraries... yes
checking for assert.h... yes
checking for dirent.h... yes
checking for errno.h... yes
checking for fcntl.h... yes
checking for stdlib.h... (cached) yes
checking for string.h... (cached) yes
checking for unistd.h... (cached) yes
checking for sys/param.h... yes
checking for sys/stat.h... (cached) yes
checking for x86_64-unknown-linux-musl-gcc options needed to detect all undeclared functions... none needed
checking whether MAX is declared... yes
checking whether UINTMAX_MAX is declared... no
checking for dirfd... yes
checking for DIR.dd_fd... no
checking for DIR.d_fd... no
checking that generated files are newer than configure... done
configure: creating ./config.status
config.status: creating Makefile
config.status: creating musl-fts.pc
config.status: creating config.h
config.status: executing depfiles commands
config.status: executing libtool commands
+ make V=1
make  all-am
make[1]: Entering directory '/home/devel/building/work/src/musl-fts-1.2.7'
/bin/sh ./libtool  --tag=CC   --mode=compile x86_64-unknown-linux-musl-gcc -DHAVE_CONFIG_H -I.     -O2 -m64 -march=x86-64 -mtune=generic -flto=auto -ffat-lto-objects -fPIC -MT fts.lo -MD -MP -MF .deps/fts.Tpo -c -o fts.lo fts.c
libtool: compile:  x86_64-unknown-linux-musl-gcc -DHAVE_CONFIG_H -I. -O2 -m64 -march=x86-64 -mtune=generic -flto=auto -ffat-lto-objects -fPIC -MT fts.lo -MD -MP -MF .deps/fts.Tpo -c fts.c  -fPIC -DPIC -o .libs/fts.o
libtool: compile:  x86_64-unknown-linux-musl-gcc -DHAVE_CONFIG_H -I. -O2 -m64 -march=x86-64 -mtune=generic -flto=auto -ffat-lto-objects -fPIC -MT fts.lo -MD -MP -MF .deps/fts.Tpo -c fts.c -o fts.o >/dev/null 2>&1
mv -f .deps/fts.Tpo .deps/fts.Plo
/bin/sh ./libtool  --tag=CC   --mode=link x86_64-unknown-linux-musl-gcc  -O2 -m64 -march=x86-64 -mtune=generic -flto=auto -ffat-lto-objects -fPIC   -o libfts.la -rpath /usr/lib fts.lo  
libtool: link: x86_64-unknown-linux-musl-gcc -shared  -fPIC -DPIC  .libs/fts.o    -O2 -m64 -march=x86-64 -mtune=generic -flto=auto   -Wl,-soname -Wl,libfts.so.0 -o .libs/libfts.so.0.0.0
libtool: link: (cd ".libs" && rm -f "libfts.so.0" && ln -s "libfts.so.0.0.0" "libfts.so.0")
libtool: link: (cd ".libs" && rm -f "libfts.so" && ln -s "libfts.so.0.0.0" "libfts.so")
libtool: link: x86_64-unknown-linux-musl-ar cr .libs/libfts.a  fts.o
libtool: link: x86_64-unknown-linux-musl-ranlib .libs/libfts.a
libtool: link: ( cd ".libs" && rm -f "libfts.la" && ln -s "../libfts.la" "libfts.la" )
make[1]: Leaving directory '/home/devel/building/work/src/musl-fts-1.2.7'
+ make DESTDIR=/home/devel/building/work/pkg install
make[1]: Entering directory '/home/devel/building/work/src/musl-fts-1.2.7'
 /bin/mkdir -p '/home/devel/building/work/pkg/usr/include'
 /bin/mkdir -p '/home/devel/building/work/pkg/usr/lib/pkgconfig'
 /bin/mkdir -p '/home/devel/building/work/pkg/usr/lib'
 /usr/bin/install -c -m 644 fts.h '/home/devel/building/work/pkg/usr/include'
 /usr/bin/install -c -m 644 musl-fts.pc '/home/devel/building/work/pkg/usr/lib/pkgconfig'
 /bin/sh ./libtool   --mode=install /usr/bin/install -c   libfts.la '/home/devel/building/work/pkg/usr/lib'
libtool: install: /usr/bin/install -c .libs/libfts.so.0.0.0 /home/devel/building/work/pkg/usr/lib/libfts.so.0.0.0
libtool: install: (cd /home/devel/building/work/pkg/usr/lib && { ln -s -f libfts.so.0.0.0 libfts.so.0 || { rm -f libfts.so.0 && ln -s libfts.so.0.0.0 libfts.so.0; }; })
libtool: install: (cd /home/devel/building/work/pkg/usr/lib && { ln -s -f libfts.so.0.0.0 libfts.so || { rm -f libfts.so && ln -s libfts.so.0.0.0 libfts.so; }; })
libtool: install: /usr/bin/install -c .libs/libfts.lai /home/devel/building/work/pkg/usr/lib/libfts.la
libtool: install: /usr/bin/install -c .libs/libfts.a /home/devel/building/work/pkg/usr/lib/libfts.a
libtool: install: chmod 644 /home/devel/building/work/pkg/usr/lib/libfts.a
libtool: install: x86_64-unknown-linux-musl-ranlib /home/devel/building/work/pkg/usr/lib/libfts.a
libtool: warning: remember to run 'libtool --finish /usr/lib'
make[1]: Leaving directory '/home/devel/building/work/src/musl-fts-1.2.7'
+ install -D -m 0644 musl-fts.pc -t /home/devel/building/work/pkg/usr/lib/pkgconfig/
=======> Build result:
drwxr-xr-x  0 root   root        0 May 15 18:55 usr/
drwxr-xr-x  0 root   root        0 May 15 18:55 usr/include/
drwxr-xr-x  0 root   root        0 May 15 18:55 usr/lib/
drwxr-xr-x  0 root   root        0 May 15 18:55 usr/lib/pkgconfig/
-rwxr-xr-x  0 root   root    18408 May 15 18:55 usr/lib/libfts.so.0.0.0
lrwxrwxrwx  0 root   root        0 May 15 18:55 usr/lib/libfts.so.0 -> libfts.so.0.0.0
lrwxrwxrwx  0 root   root        0 May 15 18:55 usr/lib/libfts.so -> libfts.so.0.0.0
-rwxr-xr-x  0 root   root      903 May 15 18:55 usr/lib/libfts.la
-rw-r--r--  0 root   root    56426 May 15 18:55 usr/lib/libfts.a
-rw-r--r--  0 root   root      230 May 15 18:55 usr/lib/pkgconfig/musl-fts.pc
-rw-r--r--  0 root   root     5719 May 15 18:55 usr/include/fts.h
=======> Building '/home/devel/packages/musl-fts#1.2.7-1.x86_64.pkg.tar.zst' succeeded.
prt-get: Using PKGMK_PACKAGE_DIR: /home/devel/packages
prt-get: reinstalling musl-fts 1.2.7-1
prt-get: /usr/bin/pkgadd -u musl-fts#1.2.7-1.x86_64.pkg.tar.zst
prt-get: build done Wed May 15 18:55:35 2024

