prt-get: updating /usr/ports/core-x86_64/musl-locales
prt-get: starting build Wed May 15 18:55:35 2024
=======> Building '/home/devel/packages/musl-locales#0.1.0-1.x86_64.pkg.tar.zst'.
bsdtar -p -o -C /home/devel/building/work/src -xf /home/devel/sources/musl-locales-0.1.0.tar.bz2
cp add-all-available-locales.patch /home/devel/building/work/src
+ build
+ cd musl-locales-0.1.0
+ patch -p1 -i /home/devel/building/work/src/add-all-available-locales.patch
patching file locale.c
+ mkdir build
+ cd build
+ cmake .. -G Ninja -DCMAKE_BUILD_TYPE=None -DCMAKE_INSTALL_PREFIX=/usr -Wno-dev
-- The C compiler identification is GNU 14.1.0
-- Detecting C compiler ABI info
-- Detecting C compiler ABI info - done
-- Check for working C compiler: /usr/bin/cc - skipped
-- Detecting C compile features
-- Detecting C compile features - done
-- Found Intl: built in to C library
-- Configuring done (0.2s)
-- Generating done (0.0s)
-- Build files have been written to: /home/devel/building/work/src/musl-locales-0.1.0/build
+ ninja -v
[1/5] cd /home/devel/building/work/src/musl-locales-0.1.0/build/musl-po && /usr/bin/msgfmt -o /home/devel/building/work/src/musl-locales-0.1.0/build/musl-po/cs_CZ.UTF-8 /home/devel/building/work/src/musl-locales-0.1.0/musl-po/cs_CZ.po && cd /home/devel/building/work/src/musl-locales-0.1.0/build/musl-po && /usr/bin/msgfmt -o /home/devel/building/work/src/musl-locales-0.1.0/build/musl-po/de_CH.UTF-8 /home/devel/building/work/src/musl-locales-0.1.0/musl-po/de_CH.po && cd /home/devel/building/work/src/musl-locales-0.1.0/build/musl-po && /usr/bin/msgfmt -o /home/devel/building/work/src/musl-locales-0.1.0/build/musl-po/de_DE.UTF-8 /home/devel/building/work/src/musl-locales-0.1.0/musl-po/de_DE.po && cd /home/devel/building/work/src/musl-locales-0.1.0/build/musl-po && /usr/bin/msgfmt -o /home/devel/building/work/src/musl-locales-0.1.0/build/musl-po/en_GB.UTF-8 /home/devel/building/work/src/musl-locales-0.1.0/musl-po/en_GB.po && cd /home/devel/building/work/src/musl-locales-0.1.0/build/musl-po && /usr/bin/msgfmt -o /home/devel/building/work/src/musl-locales-0.1.0/build/musl-po/en_US.UTF-8 /home/devel/building/work/src/musl-locales-0.1.0/musl-po/en_US.po && cd /home/devel/building/work/src/musl-locales-0.1.0/build/musl-po && /usr/bin/msgfmt -o /home/devel/building/work/src/musl-locales-0.1.0/build/musl-po/es_ES.UTF-8 /home/devel/building/work/src/musl-locales-0.1.0/musl-po/es_ES.po && cd /home/devel/building/work/src/musl-locales-0.1.0/build/musl-po && /usr/bin/msgfmt -o /home/devel/building/work/src/musl-locales-0.1.0/build/musl-po/fi_FI.UTF-8 /home/devel/building/work/src/musl-locales-0.1.0/musl-po/fi_FI.po && cd /home/devel/building/work/src/musl-locales-0.1.0/build/musl-po && /usr/bin/msgfmt -o /home/devel/building/work/src/musl-locales-0.1.0/build/musl-po/fr_FR.UTF-8 /home/devel/building/work/src/musl-locales-0.1.0/musl-po/fr_FR.po && cd /home/devel/building/work/src/musl-locales-0.1.0/build/musl-po && /usr/bin/msgfmt -o /home/devel/building/work/src/musl-locales-0.1.0/build/musl-po/it_IT.UTF-8 /home/devel/building/work/src/musl-locales-0.1.0/musl-po/it_IT.po && cd /home/devel/building/work/src/musl-locales-0.1.0/build/musl-po && /usr/bin/msgfmt -o /home/devel/building/work/src/musl-locales-0.1.0/build/musl-po/nb_NO.UTF-8 /home/devel/building/work/src/musl-locales-0.1.0/musl-po/nb_NO.po && cd /home/devel/building/work/src/musl-locales-0.1.0/build/musl-po && /usr/bin/msgfmt -o /home/devel/building/work/src/musl-locales-0.1.0/build/musl-po/nl_NL.UTF-8 /home/devel/building/work/src/musl-locales-0.1.0/musl-po/nl_NL.po && cd /home/devel/building/work/src/musl-locales-0.1.0/build/musl-po && /usr/bin/msgfmt -o /home/devel/building/work/src/musl-locales-0.1.0/build/musl-po/pt_BR.UTF-8 /home/devel/building/work/src/musl-locales-0.1.0/musl-po/pt_BR.po && cd /home/devel/building/work/src/musl-locales-0.1.0/build/musl-po && /usr/bin/msgfmt -o /home/devel/building/work/src/musl-locales-0.1.0/build/musl-po/pt_PT.UTF-8 /home/devel/building/work/src/musl-locales-0.1.0/musl-po/pt_PT.po && cd /home/devel/building/work/src/musl-locales-0.1.0/build/musl-po && /usr/bin/msgfmt -o /home/devel/building/work/src/musl-locales-0.1.0/build/musl-po/ru_RU.UTF-8 /home/devel/building/work/src/musl-locales-0.1.0/musl-po/ru_RU.po && cd /home/devel/building/work/src/musl-locales-0.1.0/build/musl-po && /usr/bin/msgfmt -o /home/devel/building/work/src/musl-locales-0.1.0/build/musl-po/sr_RS.UTF-8 /home/devel/building/work/src/musl-locales-0.1.0/musl-po/sr_RS.po && cd /home/devel/building/work/src/musl-locales-0.1.0/build/musl-po && /usr/bin/msgfmt -o /home/devel/building/work/src/musl-locales-0.1.0/build/musl-po/sv_SE.UTF-8 /home/devel/building/work/src/musl-locales-0.1.0/musl-po/sv_SE.po
[2/5] cd /home/devel/building/work/src/musl-locales-0.1.0/build/po && /usr/bin/msgfmt -o /home/devel/building/work/src/musl-locales-0.1.0/build/po/cs_CZ.mo /home/devel/building/work/src/musl-locales-0.1.0/po/cs_CZ.po && cd /home/devel/building/work/src/musl-locales-0.1.0/build/po && /usr/bin/msgfmt -o /home/devel/building/work/src/musl-locales-0.1.0/build/po/de_CH.mo /home/devel/building/work/src/musl-locales-0.1.0/po/de_CH.po && cd /home/devel/building/work/src/musl-locales-0.1.0/build/po && /usr/bin/msgfmt -o /home/devel/building/work/src/musl-locales-0.1.0/build/po/de_DE.mo /home/devel/building/work/src/musl-locales-0.1.0/po/de_DE.po && cd /home/devel/building/work/src/musl-locales-0.1.0/build/po && /usr/bin/msgfmt -o /home/devel/building/work/src/musl-locales-0.1.0/build/po/en_GB.mo /home/devel/building/work/src/musl-locales-0.1.0/po/en_GB.po && cd /home/devel/building/work/src/musl-locales-0.1.0/build/po && /usr/bin/msgfmt -o /home/devel/building/work/src/musl-locales-0.1.0/build/po/en_US.mo /home/devel/building/work/src/musl-locales-0.1.0/po/en_US.po && cd /home/devel/building/work/src/musl-locales-0.1.0/build/po && /usr/bin/msgfmt -o /home/devel/building/work/src/musl-locales-0.1.0/build/po/es_ES.mo /home/devel/building/work/src/musl-locales-0.1.0/po/es_ES.po && cd /home/devel/building/work/src/musl-locales-0.1.0/build/po && /usr/bin/msgfmt -o /home/devel/building/work/src/musl-locales-0.1.0/build/po/fi_FI.mo /home/devel/building/work/src/musl-locales-0.1.0/po/fi_FI.po && cd /home/devel/building/work/src/musl-locales-0.1.0/build/po && /usr/bin/msgfmt -o /home/devel/building/work/src/musl-locales-0.1.0/build/po/fr_FR.mo /home/devel/building/work/src/musl-locales-0.1.0/po/fr_FR.po && cd /home/devel/building/work/src/musl-locales-0.1.0/build/po && /usr/bin/msgfmt -o /home/devel/building/work/src/musl-locales-0.1.0/build/po/it_IT.mo /home/devel/building/work/src/musl-locales-0.1.0/po/it_IT.po && cd /home/devel/building/work/src/musl-locales-0.1.0/build/po && /usr/bin/msgfmt -o /home/devel/building/work/src/musl-locales-0.1.0/build/po/nb_NO.mo /home/devel/building/work/src/musl-locales-0.1.0/po/nb_NO.po && cd /home/devel/building/work/src/musl-locales-0.1.0/build/po && /usr/bin/msgfmt -o /home/devel/building/work/src/musl-locales-0.1.0/build/po/nl_NL.mo /home/devel/building/work/src/musl-locales-0.1.0/po/nl_NL.po && cd /home/devel/building/work/src/musl-locales-0.1.0/build/po && /usr/bin/msgfmt -o /home/devel/building/work/src/musl-locales-0.1.0/build/po/pt_BR.mo /home/devel/building/work/src/musl-locales-0.1.0/po/pt_BR.po && cd /home/devel/building/work/src/musl-locales-0.1.0/build/po && /usr/bin/msgfmt -o /home/devel/building/work/src/musl-locales-0.1.0/build/po/pt_PT.mo /home/devel/building/work/src/musl-locales-0.1.0/po/pt_PT.po && cd /home/devel/building/work/src/musl-locales-0.1.0/build/po && /usr/bin/msgfmt -o /home/devel/building/work/src/musl-locales-0.1.0/build/po/ru_RU.mo /home/devel/building/work/src/musl-locales-0.1.0/po/ru_RU.po && cd /home/devel/building/work/src/musl-locales-0.1.0/build/po && /usr/bin/msgfmt -o /home/devel/building/work/src/musl-locales-0.1.0/build/po/sr_RS.mo /home/devel/building/work/src/musl-locales-0.1.0/po/sr_RS.po && cd /home/devel/building/work/src/musl-locales-0.1.0/build/po && /usr/bin/msgfmt -o /home/devel/building/work/src/musl-locales-0.1.0/build/po/sv_SE.mo /home/devel/building/work/src/musl-locales-0.1.0/po/sv_SE.po
[3/5] /usr/bin/cc  -I/home/devel/building/work/src/musl-locales-0.1.0/build -O2 -m64 -march=x86-64 -mtune=generic -flto=auto -ffat-lto-objects -std=gnu11 -Wno-pedantic -MD -MT CMakeFiles/locale.dir/categories.c.o -MF CMakeFiles/locale.dir/categories.c.o.d -o CMakeFiles/locale.dir/categories.c.o -c /home/devel/building/work/src/musl-locales-0.1.0/categories.c
[4/5] /usr/bin/cc  -I/home/devel/building/work/src/musl-locales-0.1.0/build -O2 -m64 -march=x86-64 -mtune=generic -flto=auto -ffat-lto-objects -std=gnu11 -Wno-pedantic -MD -MT CMakeFiles/locale.dir/locale.c.o -MF CMakeFiles/locale.dir/locale.c.o.d -o CMakeFiles/locale.dir/locale.c.o -c /home/devel/building/work/src/musl-locales-0.1.0/locale.c
[5/5] : && /usr/bin/cc -O2 -m64 -march=x86-64 -mtune=generic -flto=auto -ffat-lto-objects -rdynamic CMakeFiles/locale.dir/locale.c.o CMakeFiles/locale.dir/categories.c.o -o locale   && :
+ DESTDIR=/home/devel/building/work/pkg
+ ninja install
[1/3] Running utility command for musl-i18n
[2/3] Running utility command for i18n
[3/3] Install the project...
-- Install configuration: "None"
-- Installing: /home/devel/building/work/pkg/etc/profile.d/00locale.sh
-- Installing: /home/devel/building/work/pkg/usr/bin/locale
-- Installing: /home/devel/building/work/pkg/usr/share/locale/cs_CZ/LC_MESSAGES/musl-locales.mo
-- Installing: /home/devel/building/work/pkg/usr/share/locale/de_CH/LC_MESSAGES/musl-locales.mo
-- Installing: /home/devel/building/work/pkg/usr/share/locale/de_DE/LC_MESSAGES/musl-locales.mo
-- Installing: /home/devel/building/work/pkg/usr/share/locale/en_GB/LC_MESSAGES/musl-locales.mo
-- Installing: /home/devel/building/work/pkg/usr/share/locale/en_US/LC_MESSAGES/musl-locales.mo
-- Installing: /home/devel/building/work/pkg/usr/share/locale/es_ES/LC_MESSAGES/musl-locales.mo
-- Installing: /home/devel/building/work/pkg/usr/share/locale/fi_FI/LC_MESSAGES/musl-locales.mo
-- Installing: /home/devel/building/work/pkg/usr/share/locale/fr_FR/LC_MESSAGES/musl-locales.mo
-- Installing: /home/devel/building/work/pkg/usr/share/locale/it_IT/LC_MESSAGES/musl-locales.mo
-- Installing: /home/devel/building/work/pkg/usr/share/locale/nb_NO/LC_MESSAGES/musl-locales.mo
-- Installing: /home/devel/building/work/pkg/usr/share/locale/nl_NL/LC_MESSAGES/musl-locales.mo
-- Installing: /home/devel/building/work/pkg/usr/share/locale/pt_BR/LC_MESSAGES/musl-locales.mo
-- Installing: /home/devel/building/work/pkg/usr/share/locale/pt_PT/LC_MESSAGES/musl-locales.mo
-- Installing: /home/devel/building/work/pkg/usr/share/locale/ru_RU/LC_MESSAGES/musl-locales.mo
-- Installing: /home/devel/building/work/pkg/usr/share/locale/sr_RS/LC_MESSAGES/musl-locales.mo
-- Installing: /home/devel/building/work/pkg/usr/share/locale/sv_SE/LC_MESSAGES/musl-locales.mo
-- Installing: /home/devel/building/work/pkg/usr/share/i18n/locales/musl/cs_CZ.UTF-8
-- Installing: /home/devel/building/work/pkg/usr/share/i18n/locales/musl/de_CH.UTF-8
-- Installing: /home/devel/building/work/pkg/usr/share/i18n/locales/musl/de_DE.UTF-8
-- Installing: /home/devel/building/work/pkg/usr/share/i18n/locales/musl/en_GB.UTF-8
-- Installing: /home/devel/building/work/pkg/usr/share/i18n/locales/musl/en_US.UTF-8
-- Installing: /home/devel/building/work/pkg/usr/share/i18n/locales/musl/es_ES.UTF-8
-- Installing: /home/devel/building/work/pkg/usr/share/i18n/locales/musl/fi_FI.UTF-8
-- Installing: /home/devel/building/work/pkg/usr/share/i18n/locales/musl/fr_FR.UTF-8
-- Installing: /home/devel/building/work/pkg/usr/share/i18n/locales/musl/it_IT.UTF-8
-- Installing: /home/devel/building/work/pkg/usr/share/i18n/locales/musl/nb_NO.UTF-8
-- Installing: /home/devel/building/work/pkg/usr/share/i18n/locales/musl/nl_NL.UTF-8
-- Installing: /home/devel/building/work/pkg/usr/share/i18n/locales/musl/pt_BR.UTF-8
-- Installing: /home/devel/building/work/pkg/usr/share/i18n/locales/musl/pt_PT.UTF-8
-- Installing: /home/devel/building/work/pkg/usr/share/i18n/locales/musl/ru_RU.UTF-8
-- Installing: /home/devel/building/work/pkg/usr/share/i18n/locales/musl/sr_RS.UTF-8
-- Installing: /home/devel/building/work/pkg/usr/share/i18n/locales/musl/sv_SE.UTF-8
+ rm -r /home/devel/building/work/pkg/etc/profile.d
=======> Build result:
drwxr-xr-x  0 root   root        0 May 15 18:55 etc/
drwxr-xr-x  0 root   root        0 May 15 18:55 usr/
drwxr-xr-x  0 root   root        0 May 15 18:55 usr/bin/
drwxr-xr-x  0 root   root        0 May 15 18:55 usr/share/
drwxr-xr-x  0 root   root        0 May 15 18:55 usr/share/locale/
drwxr-xr-x  0 root   root        0 May 15 18:55 usr/share/i18n/
drwxr-xr-x  0 root   root        0 May 15 18:55 usr/share/i18n/locales/
drwxr-xr-x  0 root   root        0 May 15 18:55 usr/share/i18n/locales/musl/
-rw-r--r--  0 root   root    14089 May 15 18:55 usr/share/i18n/locales/musl/cs_CZ.UTF-8
-rw-r--r--  0 root   root      268 May 15 18:55 usr/share/i18n/locales/musl/de_CH.UTF-8
-rw-r--r--  0 root   root     1310 May 15 18:55 usr/share/i18n/locales/musl/de_DE.UTF-8
-rw-r--r--  0 root   root      613 May 15 18:55 usr/share/i18n/locales/musl/en_GB.UTF-8
-rw-r--r--  0 root   root    13116 May 15 18:55 usr/share/i18n/locales/musl/en_US.UTF-8
-rw-r--r--  0 root   root     1869 May 15 18:55 usr/share/i18n/locales/musl/es_ES.UTF-8
-rw-r--r--  0 root   root    12770 May 15 18:55 usr/share/i18n/locales/musl/fi_FI.UTF-8
-rw-r--r--  0 root   root    12494 May 15 18:55 usr/share/i18n/locales/musl/fr_FR.UTF-8
-rw-r--r--  0 root   root     1687 May 15 18:55 usr/share/i18n/locales/musl/it_IT.UTF-8
-rw-r--r--  0 root   root     1493 May 15 18:55 usr/share/i18n/locales/musl/nb_NO.UTF-8
-rw-r--r--  0 root   root     1868 May 15 18:55 usr/share/i18n/locales/musl/nl_NL.UTF-8
-rw-r--r--  0 root   root    12758 May 15 18:55 usr/share/i18n/locales/musl/pt_BR.UTF-8
-rw-r--r--  0 root   root    13691 May 15 18:55 usr/share/i18n/locales/musl/pt_PT.UTF-8
-rw-r--r--  0 root   root    16803 May 15 18:55 usr/share/i18n/locales/musl/ru_RU.UTF-8
-rw-r--r--  0 root   root    17559 May 15 18:55 usr/share/i18n/locales/musl/sr_RS.UTF-8
-rw-r--r--  0 root   root    12727 May 15 18:55 usr/share/i18n/locales/musl/sv_SE.UTF-8
drwxr-xr-x  0 root   root        0 May 15 18:55 usr/share/locale/cs_CZ/
drwxr-xr-x  0 root   root        0 May 15 18:55 usr/share/locale/de_CH/
drwxr-xr-x  0 root   root        0 May 15 18:55 usr/share/locale/de_DE/
drwxr-xr-x  0 root   root        0 May 15 18:55 usr/share/locale/en_GB/
drwxr-xr-x  0 root   root        0 May 15 18:55 usr/share/locale/en_US/
drwxr-xr-x  0 root   root        0 May 15 18:55 usr/share/locale/es_ES/
drwxr-xr-x  0 root   root        0 May 15 18:55 usr/share/locale/fi_FI/
drwxr-xr-x  0 root   root        0 May 15 18:55 usr/share/locale/fr_FR/
drwxr-xr-x  0 root   root        0 May 15 18:55 usr/share/locale/it_IT/
drwxr-xr-x  0 root   root        0 May 15 18:55 usr/share/locale/nb_NO/
drwxr-xr-x  0 root   root        0 May 15 18:55 usr/share/locale/nl_NL/
drwxr-xr-x  0 root   root        0 May 15 18:55 usr/share/locale/pt_BR/
drwxr-xr-x  0 root   root        0 May 15 18:55 usr/share/locale/pt_PT/
drwxr-xr-x  0 root   root        0 May 15 18:55 usr/share/locale/ru_RU/
drwxr-xr-x  0 root   root        0 May 15 18:55 usr/share/locale/sr_RS/
drwxr-xr-x  0 root   root        0 May 15 18:55 usr/share/locale/sv_SE/
drwxr-xr-x  0 root   root        0 May 15 18:55 usr/share/locale/sv_SE/LC_MESSAGES/
-rw-r--r--  0 root   root     1497 May 15 18:55 usr/share/locale/sv_SE/LC_MESSAGES/musl-locales.mo
drwxr-xr-x  0 root   root        0 May 15 18:55 usr/share/locale/sr_RS/LC_MESSAGES/
-rw-r--r--  0 root   root     1926 May 15 18:55 usr/share/locale/sr_RS/LC_MESSAGES/musl-locales.mo
drwxr-xr-x  0 root   root        0 May 15 18:55 usr/share/locale/ru_RU/LC_MESSAGES/
-rw-r--r--  0 root   root     2030 May 15 18:55 usr/share/locale/ru_RU/LC_MESSAGES/musl-locales.mo
drwxr-xr-x  0 root   root        0 May 15 18:55 usr/share/locale/pt_PT/LC_MESSAGES/
-rw-r--r--  0 root   root     1687 May 15 18:55 usr/share/locale/pt_PT/LC_MESSAGES/musl-locales.mo
drwxr-xr-x  0 root   root        0 May 15 18:55 usr/share/locale/pt_BR/LC_MESSAGES/
-rw-r--r--  0 root   root     1687 May 15 18:55 usr/share/locale/pt_BR/LC_MESSAGES/musl-locales.mo
drwxr-xr-x  0 root   root        0 May 15 18:55 usr/share/locale/nl_NL/LC_MESSAGES/
-rw-r--r--  0 root   root     1654 May 15 18:55 usr/share/locale/nl_NL/LC_MESSAGES/musl-locales.mo
drwxr-xr-x  0 root   root        0 May 15 18:55 usr/share/locale/nb_NO/LC_MESSAGES/
-rw-r--r--  0 root   root     1493 May 15 18:55 usr/share/locale/nb_NO/LC_MESSAGES/musl-locales.mo
drwxr-xr-x  0 root   root        0 May 15 18:55 usr/share/locale/it_IT/LC_MESSAGES/
-rw-r--r--  0 root   root     1727 May 15 18:55 usr/share/locale/it_IT/LC_MESSAGES/musl-locales.mo
drwxr-xr-x  0 root   root        0 May 15 18:55 usr/share/locale/fr_FR/LC_MESSAGES/
-rw-r--r--  0 root   root     1552 May 15 18:55 usr/share/locale/fr_FR/LC_MESSAGES/musl-locales.mo
drwxr-xr-x  0 root   root        0 May 15 18:55 usr/share/locale/fi_FI/LC_MESSAGES/
-rw-r--r--  0 root   root     1543 May 15 18:55 usr/share/locale/fi_FI/LC_MESSAGES/musl-locales.mo
drwxr-xr-x  0 root   root        0 May 15 18:55 usr/share/locale/es_ES/LC_MESSAGES/
-rw-r--r--  0 root   root     1655 May 15 18:55 usr/share/locale/es_ES/LC_MESSAGES/musl-locales.mo
drwxr-xr-x  0 root   root        0 May 15 18:55 usr/share/locale/en_US/LC_MESSAGES/
-rw-r--r--  0 root   root     1487 May 15 18:55 usr/share/locale/en_US/LC_MESSAGES/musl-locales.mo
drwxr-xr-x  0 root   root        0 May 15 18:55 usr/share/locale/en_GB/LC_MESSAGES/
-rw-r--r--  0 root   root     1487 May 15 18:55 usr/share/locale/en_GB/LC_MESSAGES/musl-locales.mo
drwxr-xr-x  0 root   root        0 May 15 18:55 usr/share/locale/de_DE/LC_MESSAGES/
-rw-r--r--  0 root   root     1310 May 15 18:55 usr/share/locale/de_DE/LC_MESSAGES/musl-locales.mo
drwxr-xr-x  0 root   root        0 May 15 18:55 usr/share/locale/de_CH/LC_MESSAGES/
-rw-r--r--  0 root   root      268 May 15 18:55 usr/share/locale/de_CH/LC_MESSAGES/musl-locales.mo
drwxr-xr-x  0 root   root        0 May 15 18:55 usr/share/locale/cs_CZ/LC_MESSAGES/
-rw-r--r--  0 root   root    14088 May 15 18:55 usr/share/locale/cs_CZ/LC_MESSAGES/musl-locales.mo
-rwxr-xr-x  0 root   root    19312 May 15 18:55 usr/bin/locale
=======> Building '/home/devel/packages/musl-locales#0.1.0-1.x86_64.pkg.tar.zst' succeeded.
prt-get: Using PKGMK_PACKAGE_DIR: /home/devel/packages
prt-get: reinstalling musl-locales 0.1.0-1
prt-get: /usr/bin/pkgadd -u musl-locales#0.1.0-1.x86_64.pkg.tar.zst
prt-get: build done Wed May 15 18:55:35 2024

