prt-get: updating /usr/ports/core-x86_64/musl-obstack
prt-get: starting build Wed May 15 18:55:36 2024
=======> Building '/home/devel/packages/musl-obstack#1.2.3-1.x86_64.pkg.tar.zst'.
bsdtar -p -o -C /home/devel/building/work/src -xf /home/devel/sources/musl-obstack-1.2.3.tar.gz
+ build
+ cd musl-obstack-1.2.3
+ ./bootstrap.sh
libtoolize: putting auxiliary files in '.'.
libtoolize: linking file './ltmain.sh'
libtoolize: putting macros in AC_CONFIG_MACRO_DIRS, 'm4'.
libtoolize: linking file 'm4/libtool.m4'
libtoolize: linking file 'm4/ltoptions.m4'
libtoolize: linking file 'm4/ltsugar.m4'
libtoolize: linking file 'm4/ltversion.m4'
libtoolize: linking file 'm4/lt~obsolete.m4'
configure.ac:12: warning: The macro 'AC_PROG_LIBTOOL' is obsolete.
configure.ac:12: You should run autoupdate.
m4/libtool.m4:100: AC_PROG_LIBTOOL is expanded from...
configure.ac:12: the top level
configure.ac:11: installing './compile'
configure.ac:12: installing './config.guess'
configure.ac:12: installing './config.sub'
configure.ac:7: installing './install-sh'
configure.ac:7: installing './missing'
Makefile.am: installing './INSTALL'
Makefile.am: installing './depcomp'
+ ./configure --build=x86_64-unknown-linux-musl --host=x86_64-unknown-linux-musl --prefix=/usr
checking for a BSD-compatible install... /usr/bin/install -c
checking whether build environment is sane... yes
checking for a race-free mkdir -p... /bin/mkdir -p
checking for gawk... gawk
checking whether make sets $(MAKE)... yes
checking whether make supports nested variables... yes
checking for x86_64-unknown-linux-musl-gcc... x86_64-unknown-linux-musl-gcc
checking whether the C compiler works... yes
checking for C compiler default output file name... a.out
checking for suffix of executables... 
checking whether we are cross compiling... no
checking for suffix of object files... o
checking whether the compiler supports GNU C... yes
checking whether x86_64-unknown-linux-musl-gcc accepts -g... yes
checking for x86_64-unknown-linux-musl-gcc option to enable C11 features... none needed
checking whether x86_64-unknown-linux-musl-gcc understands -c and -o together... yes
checking whether make supports the include directive... yes (GNU style)
checking dependency style of x86_64-unknown-linux-musl-gcc... gcc3
checking build system type... x86_64-unknown-linux-musl
checking host system type... x86_64-unknown-linux-musl
checking how to print strings... printf
checking for a sed that does not truncate output... /bin/sed
checking for grep that handles long lines and -e... /usr/bin/grep
checking for egrep... /usr/bin/grep -E
checking for fgrep... /usr/bin/grep -F
checking for ld used by x86_64-unknown-linux-musl-gcc... /usr/bin/ld
checking if the linker (/usr/bin/ld) is GNU ld... yes
checking for BSD- or MS-compatible name lister (nm)... /usr/bin/x86_64-unknown-linux-musl-nm -B
checking the name lister (/usr/bin/x86_64-unknown-linux-musl-nm -B) interface... BSD nm
checking whether ln -s works... yes
checking the maximum length of command line arguments... 98304
checking how to convert x86_64-unknown-linux-musl file names to x86_64-unknown-linux-musl format... func_convert_file_noop
checking how to convert x86_64-unknown-linux-musl file names to toolchain format... func_convert_file_noop
checking for /usr/bin/ld option to reload object files... -r
checking for x86_64-unknown-linux-musl-file... no
checking for file... file
checking for x86_64-unknown-linux-musl-objdump... x86_64-unknown-linux-musl-objdump
checking how to recognize dependent libraries... pass_all
checking for x86_64-unknown-linux-musl-dlltool... no
checking for dlltool... no
checking how to associate runtime and link libraries... printf %s\n
checking for x86_64-unknown-linux-musl-ar... x86_64-unknown-linux-musl-ar
checking for archiver @FILE support... @
checking for x86_64-unknown-linux-musl-strip... x86_64-unknown-linux-musl-strip
checking for x86_64-unknown-linux-musl-ranlib... x86_64-unknown-linux-musl-ranlib
checking command to parse /usr/bin/x86_64-unknown-linux-musl-nm -B output from x86_64-unknown-linux-musl-gcc object... ok
checking for sysroot... no
checking for a working dd... /bin/dd
checking how to truncate binary pipes... /bin/dd bs=4096 count=1
checking for x86_64-unknown-linux-musl-mt... no
checking for mt... no
checking if : is a manifest tool... no
checking for stdio.h... yes
checking for stdlib.h... yes
checking for string.h... yes
checking for inttypes.h... yes
checking for stdint.h... yes
checking for strings.h... yes
checking for sys/stat.h... yes
checking for sys/types.h... yes
checking for unistd.h... yes
checking for dlfcn.h... yes
checking for objdir... .libs
checking if x86_64-unknown-linux-musl-gcc supports -fno-rtti -fno-exceptions... no
checking for x86_64-unknown-linux-musl-gcc option to produce PIC... -fPIC -DPIC
checking if x86_64-unknown-linux-musl-gcc PIC flag -fPIC -DPIC works... yes
checking if x86_64-unknown-linux-musl-gcc static flag -static works... yes
checking if x86_64-unknown-linux-musl-gcc supports -c -o file.o... yes
checking if x86_64-unknown-linux-musl-gcc supports -c -o file.o... (cached) yes
checking whether the x86_64-unknown-linux-musl-gcc linker (/usr/bin/ld -m elf_x86_64) supports shared libraries... yes
checking whether -lc should be explicitly linked in... no
checking dynamic linker characteristics... GNU/Linux ld.so
checking how to hardcode library paths into programs... immediate
checking whether stripping libraries is possible... yes
checking if libtool supports shared libraries... yes
checking whether to build shared libraries... yes
checking whether to build static libraries... yes
checking for stddef.h... yes
checking for stdio.h... (cached) yes
checking for stdint.h... (cached) yes
checking for inttypes.h... (cached) yes
checking that generated files are newer than configure... done
configure: creating ./config.status
config.status: creating Makefile
config.status: creating musl-obstack.pc
config.status: creating config.h
config.status: executing depfiles commands
config.status: executing libtool commands
+ make V=1
make  all-am
make[1]: Entering directory '/home/devel/building/work/src/musl-obstack-1.2.3'
/bin/sh ./libtool  --tag=CC   --mode=compile x86_64-unknown-linux-musl-gcc -DHAVE_CONFIG_H -I.     -O2 -m64 -march=x86-64 -mtune=generic -flto=auto -ffat-lto-objects -MT obstack.lo -MD -MP -MF .deps/obstack.Tpo -c -o obstack.lo obstack.c
/bin/sh ./libtool  --tag=CC   --mode=compile x86_64-unknown-linux-musl-gcc -DHAVE_CONFIG_H -I.     -O2 -m64 -march=x86-64 -mtune=generic -flto=auto -ffat-lto-objects -MT obstack_printf.lo -MD -MP -MF .deps/obstack_printf.Tpo -c -o obstack_printf.lo obstack_printf.c
libtool: compile:  x86_64-unknown-linux-musl-gcc -DHAVE_CONFIG_H -I. -O2 -m64 -march=x86-64 -mtune=generic -flto=auto -ffat-lto-objects -MT obstack.lo -MD -MP -MF .deps/obstack.Tpo -c obstack.c  -fPIC -DPIC -o .libs/obstack.o
libtool: compile:  x86_64-unknown-linux-musl-gcc -DHAVE_CONFIG_H -I. -O2 -m64 -march=x86-64 -mtune=generic -flto=auto -ffat-lto-objects -MT obstack_printf.lo -MD -MP -MF .deps/obstack_printf.Tpo -c obstack_printf.c  -fPIC -DPIC -o .libs/obstack_printf.o
libtool: compile:  x86_64-unknown-linux-musl-gcc -DHAVE_CONFIG_H -I. -O2 -m64 -march=x86-64 -mtune=generic -flto=auto -ffat-lto-objects -MT obstack_printf.lo -MD -MP -MF .deps/obstack_printf.Tpo -c obstack_printf.c -o obstack_printf.o >/dev/null 2>&1
mv -f .deps/obstack_printf.Tpo .deps/obstack_printf.Plo
libtool: compile:  x86_64-unknown-linux-musl-gcc -DHAVE_CONFIG_H -I. -O2 -m64 -march=x86-64 -mtune=generic -flto=auto -ffat-lto-objects -MT obstack.lo -MD -MP -MF .deps/obstack.Tpo -c obstack.c -o obstack.o >/dev/null 2>&1
mv -f .deps/obstack.Tpo .deps/obstack.Plo
/bin/sh ./libtool  --tag=CC   --mode=link x86_64-unknown-linux-musl-gcc  -O2 -m64 -march=x86-64 -mtune=generic -flto=auto -ffat-lto-objects -version-info 1  -o libobstack.la -rpath /usr/lib obstack.lo obstack_printf.lo  
libtool: link: x86_64-unknown-linux-musl-gcc -shared  -fPIC -DPIC  .libs/obstack.o .libs/obstack_printf.o    -O2 -m64 -march=x86-64 -mtune=generic -flto=auto   -Wl,-soname -Wl,libobstack.so.1 -o .libs/libobstack.so.1.0.0
libtool: link: (cd ".libs" && rm -f "libobstack.so.1" && ln -s "libobstack.so.1.0.0" "libobstack.so.1")
libtool: link: (cd ".libs" && rm -f "libobstack.so" && ln -s "libobstack.so.1.0.0" "libobstack.so")
libtool: link: x86_64-unknown-linux-musl-ar cr .libs/libobstack.a  obstack.o obstack_printf.o
libtool: link: x86_64-unknown-linux-musl-ranlib .libs/libobstack.a
libtool: link: ( cd ".libs" && rm -f "libobstack.la" && ln -s "../libobstack.la" "libobstack.la" )
make[1]: Leaving directory '/home/devel/building/work/src/musl-obstack-1.2.3'
+ make DESTDIR=/home/devel/building/work/pkg install
make[1]: Entering directory '/home/devel/building/work/src/musl-obstack-1.2.3'
 /bin/mkdir -p '/home/devel/building/work/pkg/usr/include'
 /bin/mkdir -p '/home/devel/building/work/pkg/usr/lib/pkgconfig'
 /bin/mkdir -p '/home/devel/building/work/pkg/usr/lib'
 /bin/sh ./libtool   --mode=install /usr/bin/install -c   libobstack.la '/home/devel/building/work/pkg/usr/lib'
 /usr/bin/install -c -m 644 obstack.h '/home/devel/building/work/pkg/usr/include'
 /usr/bin/install -c -m 644 musl-obstack.pc '/home/devel/building/work/pkg/usr/lib/pkgconfig'
libtool: install: /usr/bin/install -c .libs/libobstack.so.1.0.0 /home/devel/building/work/pkg/usr/lib/libobstack.so.1.0.0
libtool: install: (cd /home/devel/building/work/pkg/usr/lib && { ln -s -f libobstack.so.1.0.0 libobstack.so.1 || { rm -f libobstack.so.1 && ln -s libobstack.so.1.0.0 libobstack.so.1; }; })
libtool: install: (cd /home/devel/building/work/pkg/usr/lib && { ln -s -f libobstack.so.1.0.0 libobstack.so || { rm -f libobstack.so && ln -s libobstack.so.1.0.0 libobstack.so; }; })
libtool: install: /usr/bin/install -c .libs/libobstack.lai /home/devel/building/work/pkg/usr/lib/libobstack.la
libtool: install: /usr/bin/install -c .libs/libobstack.a /home/devel/building/work/pkg/usr/lib/libobstack.a
libtool: install: chmod 644 /home/devel/building/work/pkg/usr/lib/libobstack.a
libtool: install: x86_64-unknown-linux-musl-ranlib /home/devel/building/work/pkg/usr/lib/libobstack.a
libtool: warning: remember to run 'libtool --finish /usr/lib'
make[1]: Leaving directory '/home/devel/building/work/src/musl-obstack-1.2.3'
=======> Build result:
drwxr-xr-x  0 root   root        0 May 15 18:55 usr/
drwxr-xr-x  0 root   root        0 May 15 18:55 usr/include/
drwxr-xr-x  0 root   root        0 May 15 18:55 usr/lib/
drwxr-xr-x  0 root   root        0 May 15 18:55 usr/lib/pkgconfig/
-rwxr-xr-x  0 root   root    14200 May 15 18:55 usr/lib/libobstack.so.1.0.0
lrwxrwxrwx  0 root   root        0 May 15 18:55 usr/lib/libobstack.so.1 -> libobstack.so.1.0.0
lrwxrwxrwx  0 root   root        0 May 15 18:55 usr/lib/libobstack.so -> libobstack.so.1.0.0
-rwxr-xr-x  0 root   root      931 May 15 18:55 usr/lib/libobstack.la
-rw-r--r--  0 root   root    29310 May 15 18:55 usr/lib/libobstack.a
-rw-r--r--  0 root   root      237 May 15 18:55 usr/lib/pkgconfig/musl-obstack.pc
-rw-r--r--  0 root   root    22540 May 15 18:55 usr/include/obstack.h
=======> Building '/home/devel/packages/musl-obstack#1.2.3-1.x86_64.pkg.tar.zst' succeeded.
prt-get: Using PKGMK_PACKAGE_DIR: /home/devel/packages
prt-get: reinstalling musl-obstack 1.2.3-1
prt-get: /usr/bin/pkgadd -u musl-obstack#1.2.3-1.x86_64.pkg.tar.zst
prt-get: build done Wed May 15 18:55:40 2024

