prt-get: updating /usr/ports/opt-x86_64/npth
prt-get: starting build Wed May 15 18:57:00 2024
=======> Building '/home/devel/packages/npth#1.7-1.x86_64.pkg.tar.zst'.
bsdtar -p -o -C /home/devel/building/work/src -xf /home/devel/sources/npth-1.7.tar.bz2
cp npth-1.7-musl.patch /home/devel/building/work/src
+ build
+ cd npth-1.7
+ patch -p1 -i /home/devel/building/work/src/npth-1.7-musl.patch
patching file configure.ac
+ autoreconf -fiv
autoreconf: export WARNINGS=
autoreconf: Entering directory '.'
autoreconf: configure.ac: not using Gettext
autoreconf: running: aclocal --force -I m4
autoreconf: configure.ac: tracing
autoreconf: running: libtoolize --copy --force
libtoolize: putting auxiliary files in AC_CONFIG_AUX_DIR, 'build-aux'.
libtoolize: copying file 'build-aux/ltmain.sh'
libtoolize: putting macros in AC_CONFIG_MACRO_DIRS, 'm4'.
libtoolize: copying file 'm4/libtool.m4'
libtoolize: copying file 'm4/ltoptions.m4'
libtoolize: copying file 'm4/ltsugar.m4'
libtoolize: copying file 'm4/ltversion.m4'
libtoolize: copying file 'm4/lt~obsolete.m4'
autoreconf: configure.ac: not using Intltool
autoreconf: configure.ac: not using Gtkdoc
autoreconf: running: aclocal --force -I m4
autoreconf: running: /usr/bin/autoconf --force
autoreconf: running: /usr/bin/autoheader --force
autoreconf: running: automake --add-missing --copy --force-missing
configure.ac:83: installing 'build-aux/compile'
configure.ac:74: installing 'build-aux/missing'
src/Makefile.am: installing 'build-aux/depcomp'
autoreconf: 'build-aux/install-sh' is updated
autoreconf: 'build-aux/config.sub' is updated
autoreconf: 'build-aux/config.guess' is updated
autoreconf: Leaving directory '.'
+ ./configure --build=x86_64-unknown-linux-musl --host=x86_64-unknown-linux-musl --prefix=/usr --enable-install-npth-config
checking for a BSD-compatible install... /usr/bin/install -c
checking whether build environment is sane... yes
checking for a race-free mkdir -p... /bin/mkdir -p
checking for gawk... gawk
checking whether make sets $(MAKE)... yes
checking whether make supports nested variables... yes
checking whether to enable maintainer-specific portions of Makefiles... no
checking build system type... x86_64-unknown-linux-musl
checking host system type... x86_64-unknown-linux-musl
checking whether make supports nested variables... (cached) yes
checking whether make supports the include directive... yes (GNU style)
checking for x86_64-unknown-linux-musl-gcc... x86_64-unknown-linux-musl-gcc
checking whether the C compiler works... yes
checking for C compiler default output file name... a.out
checking for suffix of executables... 
checking whether we are cross compiling... no
checking for suffix of object files... o
checking whether the compiler supports GNU C... yes
checking whether x86_64-unknown-linux-musl-gcc accepts -g... yes
checking for x86_64-unknown-linux-musl-gcc option to enable C11 features... none needed
checking whether x86_64-unknown-linux-musl-gcc understands -c and -o together... yes
checking dependency style of x86_64-unknown-linux-musl-gcc... gcc3
checking for stdio.h... yes
checking for stdlib.h... yes
checking for string.h... yes
checking for inttypes.h... yes
checking for stdint.h... yes
checking for strings.h... yes
checking for sys/stat.h... yes
checking for sys/types.h... yes
checking for unistd.h... yes
checking for wchar.h... yes
checking for minix/config.h... no
checking for sys/socket.h... yes
checking whether it is safe to define __EXTENSIONS__... yes
checking whether _XOPEN_SOURCE should be defined... no
checking for x86_64-unknown-linux-musl-gcc... (cached) x86_64-unknown-linux-musl-gcc
checking whether the compiler supports GNU C... (cached) yes
checking whether x86_64-unknown-linux-musl-gcc accepts -g... (cached) yes
checking for x86_64-unknown-linux-musl-gcc option to enable C11 features... (cached) none needed
checking whether x86_64-unknown-linux-musl-gcc understands -c and -o together... (cached) yes
checking dependency style of x86_64-unknown-linux-musl-gcc... (cached) gcc3
checking if gcc supports -Wpointer-arith... yes
checking how to print strings... printf
checking for a sed that does not truncate output... /bin/sed
checking for grep that handles long lines and -e... /usr/bin/grep
checking for egrep... /usr/bin/grep -E
checking for fgrep... /usr/bin/grep -F
checking for ld used by x86_64-unknown-linux-musl-gcc... /usr/bin/ld
checking if the linker (/usr/bin/ld) is GNU ld... yes
checking for BSD- or MS-compatible name lister (nm)... /usr/bin/x86_64-unknown-linux-musl-nm -B
checking the name lister (/usr/bin/x86_64-unknown-linux-musl-nm -B) interface... BSD nm
checking whether ln -s works... yes
checking the maximum length of command line arguments... 98304
checking how to convert x86_64-unknown-linux-musl file names to x86_64-unknown-linux-musl format... func_convert_file_noop
checking how to convert x86_64-unknown-linux-musl file names to toolchain format... func_convert_file_noop
checking for /usr/bin/ld option to reload object files... -r
checking for x86_64-unknown-linux-musl-file... no
checking for file... file
checking for x86_64-unknown-linux-musl-objdump... x86_64-unknown-linux-musl-objdump
checking how to recognize dependent libraries... pass_all
checking for x86_64-unknown-linux-musl-dlltool... no
checking for dlltool... no
checking how to associate runtime and link libraries... printf %s\n
checking for x86_64-unknown-linux-musl-ar... x86_64-unknown-linux-musl-ar
checking for archiver @FILE support... @
checking for x86_64-unknown-linux-musl-strip... x86_64-unknown-linux-musl-strip
checking for x86_64-unknown-linux-musl-ranlib... x86_64-unknown-linux-musl-ranlib
checking command to parse /usr/bin/x86_64-unknown-linux-musl-nm -B output from x86_64-unknown-linux-musl-gcc object... ok
checking for sysroot... no
checking for a working dd... /bin/dd
checking how to truncate binary pipes... /bin/dd bs=4096 count=1
checking for x86_64-unknown-linux-musl-mt... no
checking for mt... no
checking if : is a manifest tool... no
checking for dlfcn.h... yes
checking for objdir... .libs
checking if x86_64-unknown-linux-musl-gcc supports -fno-rtti -fno-exceptions... no
checking for x86_64-unknown-linux-musl-gcc option to produce PIC... -fPIC -DPIC
checking if x86_64-unknown-linux-musl-gcc PIC flag -fPIC -DPIC works... yes
checking if x86_64-unknown-linux-musl-gcc static flag -static works... yes
checking if x86_64-unknown-linux-musl-gcc supports -c -o file.o... yes
checking if x86_64-unknown-linux-musl-gcc supports -c -o file.o... (cached) yes
checking whether the x86_64-unknown-linux-musl-gcc linker (/usr/bin/ld -m elf_x86_64) supports shared libraries... yes
checking whether -lc should be explicitly linked in... no
checking dynamic linker characteristics... GNU/Linux ld.so
checking how to hardcode library paths into programs... immediate
checking whether stripping libraries is possible... yes
checking if libtool supports shared libraries... yes
checking whether to build shared libraries... yes
checking whether to build static libraries... no
checking for x86_64-unknown-linux-musl-windres... no
checking for windres... no
checking for sys/socket.h... (cached) yes
checking for sys/select.h... yes
checking for unistd.h... (cached) yes
checking for sys/time.h... yes
checking for time.h... yes
checking for signal.h... yes
checking for poll.h... yes
checking for socklen_t... yes
checking for pid_t... yes
checking for size_t... yes
checking for ssize_t... yes
checking for library containing pthread_cancel... none required
checking for pthread_rwlock_t... yes
checking for pthread_tryjoin_np... yes
checking for pthread_setname_np... yes
checking for pthread_getname_np... yes
checking for pthread_mutex_timedlock... yes
checking for pthread_rwlock_rdlock... yes
checking for pthread_rwlock_wrlock... yes
checking for pthread_rwlock_timedrdlock... yes
checking for pthread_rwlock_timedwrlock... yes
checking for pthread_rwlock_tryrdlock... yes
checking for pthread_rwlock_trywrlock... yes
checking for pthread_atfork... yes
checking for select... yes
checking for pselect... yes
checking for gettimeofday... yes
checking for ppoll... yes
checking for library containing setsockopt... none needed
checking for library containing clock_gettime... none required
checking that generated files are newer than configure... done
configure: creating ./config.status
config.status: creating Makefile
config.status: creating npth.pc
config.status: creating src/npth.h
config.status: creating src/Makefile
config.status: creating w32/Makefile
config.status: creating tests/Makefile
config.status: creating npth-config
config.status: creating config.h
config.status: executing depfiles commands
config.status: executing libtool commands

        npth v1.7-unknown prepared for make

        Revision: 0000000  (0)
        Platform: x86_64-unknown-linux-musl

+ make V=1
make  all-recursive
make[1]: Entering directory '/home/devel/building/work/src/npth-1.7'
Making all in src
make[2]: Entering directory '/home/devel/building/work/src/npth-1.7/src'
/bin/sh ../libtool  --tag=CC   --mode=compile x86_64-unknown-linux-musl-gcc -DHAVE_CONFIG_H -I. -I..     -O2 -m64 -march=x86-64 -mtune=generic -flto=auto -ffat-lto-objects -Wall -Wcast-align -Wshadow -Wstrict-prototypes -Wpointer-arith -MT npth.lo -MD -MP -MF .deps/npth.Tpo -c -o npth.lo npth.c
/bin/sh ../libtool  --tag=CC   --mode=compile x86_64-unknown-linux-musl-gcc -DHAVE_CONFIG_H -I. -I..     -O2 -m64 -march=x86-64 -mtune=generic -flto=auto -ffat-lto-objects -Wall -Wcast-align -Wshadow -Wstrict-prototypes -Wpointer-arith -MT npth-sigev.lo -MD -MP -MF .deps/npth-sigev.Tpo -c -o npth-sigev.lo npth-sigev.c
libtool: compile:  x86_64-unknown-linux-musl-gcc -DHAVE_CONFIG_H -I. -I.. -O2 -m64 -march=x86-64 -mtune=generic -flto=auto -ffat-lto-objects -Wall -Wcast-align -Wshadow -Wstrict-prototypes -Wpointer-arith -MT npth.lo -MD -MP -MF .deps/npth.Tpo -c npth.c  -fPIC -DPIC -o .libs/npth.o
libtool: compile:  x86_64-unknown-linux-musl-gcc -DHAVE_CONFIG_H -I. -I.. -O2 -m64 -march=x86-64 -mtune=generic -flto=auto -ffat-lto-objects -Wall -Wcast-align -Wshadow -Wstrict-prototypes -Wpointer-arith -MT npth-sigev.lo -MD -MP -MF .deps/npth-sigev.Tpo -c npth-sigev.c  -fPIC -DPIC -o .libs/npth-sigev.o
mv -f .deps/npth-sigev.Tpo .deps/npth-sigev.Plo
mv -f .deps/npth.Tpo .deps/npth.Plo
/bin/sh ../libtool  --tag=CC   --mode=link x86_64-unknown-linux-musl-gcc  -O2 -m64 -march=x86-64 -mtune=generic -flto=auto -ffat-lto-objects -Wall -Wcast-align -Wshadow -Wstrict-prototypes -Wpointer-arith   -Wl,--version-script=./libnpth.vers -version-info 2:0:2  -o libnpth.la -rpath /usr/lib npth.lo npth-sigev.lo  
libtool: link: x86_64-unknown-linux-musl-gcc -shared  -fPIC -DPIC  .libs/npth.o .libs/npth-sigev.o    -O2 -m64 -march=x86-64 -mtune=generic -flto=auto -Wl,--version-script=./libnpth.vers   -Wl,-soname -Wl,libnpth.so.0 -o .libs/libnpth.so.0.2.0
libtool: link: (cd ".libs" && rm -f "libnpth.so.0" && ln -s "libnpth.so.0.2.0" "libnpth.so.0")
libtool: link: (cd ".libs" && rm -f "libnpth.so" && ln -s "libnpth.so.0.2.0" "libnpth.so")
libtool: link: ( cd ".libs" && rm -f "libnpth.la" && ln -s "../libnpth.la" "libnpth.la" )
make[2]: Leaving directory '/home/devel/building/work/src/npth-1.7/src'
Making all in tests
make[2]: Entering directory '/home/devel/building/work/src/npth-1.7/tests'
x86_64-unknown-linux-musl-gcc -DHAVE_CONFIG_H -I. -I..  -I../src   -O2 -m64 -march=x86-64 -mtune=generic -flto=auto -ffat-lto-objects -Wall -Wcast-align -Wshadow -Wstrict-prototypes -Wpointer-arith -MT t-mutex.o -MD -MP -MF .deps/t-mutex.Tpo -c -o t-mutex.o t-mutex.c
x86_64-unknown-linux-musl-gcc -DHAVE_CONFIG_H -I. -I..  -I../src   -O2 -m64 -march=x86-64 -mtune=generic -flto=auto -ffat-lto-objects -Wall -Wcast-align -Wshadow -Wstrict-prototypes -Wpointer-arith -MT t-thread.o -MD -MP -MF .deps/t-thread.Tpo -c -o t-thread.o t-thread.c
x86_64-unknown-linux-musl-gcc -DHAVE_CONFIG_H -I. -I..  -I../src   -O2 -m64 -march=x86-64 -mtune=generic -flto=auto -ffat-lto-objects -Wall -Wcast-align -Wshadow -Wstrict-prototypes -Wpointer-arith -MT t-fork.o -MD -MP -MF .deps/t-fork.Tpo -c -o t-fork.o t-fork.c
mv -f .deps/t-fork.Tpo .deps/t-fork.Po
mv -f .deps/t-mutex.Tpo .deps/t-mutex.Po
/bin/sh ../libtool  --tag=CC   --mode=link x86_64-unknown-linux-musl-gcc  -O2 -m64 -march=x86-64 -mtune=generic -flto=auto -ffat-lto-objects -Wall -Wcast-align -Wshadow -Wstrict-prototypes -Wpointer-arith -no-install  -o t-fork t-fork.o ../src/libnpth.la    
/bin/sh ../libtool  --tag=CC   --mode=link x86_64-unknown-linux-musl-gcc  -O2 -m64 -march=x86-64 -mtune=generic -flto=auto -ffat-lto-objects -Wall -Wcast-align -Wshadow -Wstrict-prototypes -Wpointer-arith -no-install  -o t-mutex t-mutex.o ../src/libnpth.la    
libtool: link: x86_64-unknown-linux-musl-gcc -O2 -m64 -march=x86-64 -mtune=generic -flto=auto -ffat-lto-objects -Wall -Wcast-align -Wshadow -Wstrict-prototypes -Wpointer-arith -o t-mutex t-mutex.o  ../src/.libs/libnpth.so -Wl,-rpath -Wl,/home/devel/building/work/src/npth-1.7/src/.libs
libtool: link: x86_64-unknown-linux-musl-gcc -O2 -m64 -march=x86-64 -mtune=generic -flto=auto -ffat-lto-objects -Wall -Wcast-align -Wshadow -Wstrict-prototypes -Wpointer-arith -o t-fork t-fork.o  ../src/.libs/libnpth.so -Wl,-rpath -Wl,/home/devel/building/work/src/npth-1.7/src/.libs
mv -f .deps/t-thread.Tpo .deps/t-thread.Po
/bin/sh ../libtool  --tag=CC   --mode=link x86_64-unknown-linux-musl-gcc  -O2 -m64 -march=x86-64 -mtune=generic -flto=auto -ffat-lto-objects -Wall -Wcast-align -Wshadow -Wstrict-prototypes -Wpointer-arith -no-install  -o t-thread t-thread.o ../src/libnpth.la    
libtool: link: x86_64-unknown-linux-musl-gcc -O2 -m64 -march=x86-64 -mtune=generic -flto=auto -ffat-lto-objects -Wall -Wcast-align -Wshadow -Wstrict-prototypes -Wpointer-arith -o t-thread t-thread.o  ../src/.libs/libnpth.so -Wl,-rpath -Wl,/home/devel/building/work/src/npth-1.7/src/.libs
make[2]: Leaving directory '/home/devel/building/work/src/npth-1.7/tests'
make[2]: Entering directory '/home/devel/building/work/src/npth-1.7'
make[2]: Leaving directory '/home/devel/building/work/src/npth-1.7'
make[1]: Leaving directory '/home/devel/building/work/src/npth-1.7'
+ make DESTDIR=/home/devel/building/work/pkg install
Making install in src
make[1]: Entering directory '/home/devel/building/work/src/npth-1.7/src'
make[2]: Entering directory '/home/devel/building/work/src/npth-1.7/src'
 /bin/mkdir -p '/home/devel/building/work/pkg/usr/lib'
 /bin/mkdir -p '/home/devel/building/work/pkg/usr/include'
 /bin/sh ../libtool   --mode=install /usr/bin/install -c   libnpth.la '/home/devel/building/work/pkg/usr/lib'
 /usr/bin/install -c -m 644 npth.h '/home/devel/building/work/pkg/usr/include'
libtool: install: /usr/bin/install -c .libs/libnpth.so.0.2.0 /home/devel/building/work/pkg/usr/lib/libnpth.so.0.2.0
libtool: install: (cd /home/devel/building/work/pkg/usr/lib && { ln -s -f libnpth.so.0.2.0 libnpth.so.0 || { rm -f libnpth.so.0 && ln -s libnpth.so.0.2.0 libnpth.so.0; }; })
libtool: install: (cd /home/devel/building/work/pkg/usr/lib && { ln -s -f libnpth.so.0.2.0 libnpth.so || { rm -f libnpth.so && ln -s libnpth.so.0.2.0 libnpth.so; }; })
libtool: install: /usr/bin/install -c .libs/libnpth.lai /home/devel/building/work/pkg/usr/lib/libnpth.la
libtool: warning: remember to run 'libtool --finish /usr/lib'
make[2]: Leaving directory '/home/devel/building/work/src/npth-1.7/src'
make[1]: Leaving directory '/home/devel/building/work/src/npth-1.7/src'
Making install in tests
make[1]: Entering directory '/home/devel/building/work/src/npth-1.7/tests'
make[2]: Entering directory '/home/devel/building/work/src/npth-1.7/tests'
make[2]: Nothing to be done for 'install-exec-am'.
make[2]: Nothing to be done for 'install-data-am'.
make[2]: Leaving directory '/home/devel/building/work/src/npth-1.7/tests'
make[1]: Leaving directory '/home/devel/building/work/src/npth-1.7/tests'
make[1]: Entering directory '/home/devel/building/work/src/npth-1.7'
make[2]: Entering directory '/home/devel/building/work/src/npth-1.7'
 /bin/mkdir -p '/home/devel/building/work/pkg/usr/bin'
 /bin/mkdir -p '/home/devel/building/work/pkg/usr/share/aclocal'
 /bin/mkdir -p '/home/devel/building/work/pkg/usr/lib/pkgconfig'
 /usr/bin/install -c -m 644 npth.pc '/home/devel/building/work/pkg/usr/lib/pkgconfig'
 /usr/bin/install -c -m 644 npth.m4 '/home/devel/building/work/pkg/usr/share/aclocal'
 /usr/bin/install -c npth-config '/home/devel/building/work/pkg/usr/bin'
make[2]: Leaving directory '/home/devel/building/work/src/npth-1.7'
make[1]: Leaving directory '/home/devel/building/work/src/npth-1.7'
+ find /home/devel/building/work/pkg -type f -name '*.la' -delete
=======> Build result:
drwxr-xr-x  0 root   root        0 May 15 18:57 usr/
drwxr-xr-x  0 root   root        0 May 15 18:57 usr/lib/
drwxr-xr-x  0 root   root        0 May 15 18:57 usr/include/
drwxr-xr-x  0 root   root        0 May 15 18:57 usr/bin/
drwxr-xr-x  0 root   root        0 May 15 18:57 usr/share/
drwxr-xr-x  0 root   root        0 May 15 18:57 usr/share/aclocal/
-rw-r--r--  0 root   root     4435 May 15 18:57 usr/share/aclocal/npth.m4
-rwxr-xr-x  0 root   root     3317 May 15 18:57 usr/bin/npth-config
-rw-r--r--  0 root   root    15418 May 15 18:57 usr/include/npth.h
-rwxr-xr-x  0 root   root    22864 May 15 18:57 usr/lib/libnpth.so.0.2.0
lrwxrwxrwx  0 root   root        0 May 15 18:57 usr/lib/libnpth.so.0 -> libnpth.so.0.2.0
lrwxrwxrwx  0 root   root        0 May 15 18:57 usr/lib/libnpth.so -> libnpth.so.0.2.0
drwxr-xr-x  0 root   root        0 May 15 18:57 usr/lib/pkgconfig/
-rw-r--r--  0 root   root      317 May 15 18:57 usr/lib/pkgconfig/npth.pc
=======> Building '/home/devel/packages/npth#1.7-1.x86_64.pkg.tar.zst' succeeded.
prt-get: Using PKGMK_PACKAGE_DIR: /home/devel/packages
prt-get: reinstalling npth 1.7-1
prt-get: /usr/bin/pkgadd -u npth#1.7-1.x86_64.pkg.tar.zst
prt-get: build done Wed May 15 18:57:08 2024

