prt-get: updating /usr/ports/core-x86_64/openresolv
prt-get: starting build Wed May 15 18:57:10 2024
=======> Building '/home/devel/packages/openresolv#3.13.2-1.x86_64.pkg.tar.zst'.
bsdtar -p -o -C /home/devel/building/work/src -xf /home/devel/sources/openresolv-3.13.2.tar.gz
+ build
+ cd openresolv-3.13.2
+ ./configure --build=x86_64-unknown-linux-musl --host=x86_64-unknown-linux-musl --sysconfdir=/etc --libexecdir=/lib/resolvconf --mandir=/usr/share/man --rundir=/run
Deriving operating system from ... x86_64-unknown-linux-musl
Configuring openresolv for ... linux

   SYSCONFDIR =		/etc
   SBINDIR =		/sbin
   LIBEXECDIR =		/lib/resolvconf
   VARDIR =		/run
   MANDIR =		/usr/share/man

   RESTARTCMD =		
   RCDIR =		
   STATUSARG =		

+ make V=1
sed	-e 's:@SBINDIR@:/sbin:g' -e 's:@SYSCONFDIR@:/etc:g' -e 's:@LIBEXECDIR@:/lib/resolvconf:g' \
	-e 's:@VARDIR@:/run/resolvconf:g' \
	-e 's:@RCDIR@::g' -e 's:@RESTARTCMD@::g' -e 's:@RCDIR@::g' -e 's:@STATUSARG@::g' \
	resolvconf.in > resolvconf
sed	-e 's:@SBINDIR@:/sbin:g' -e 's:@SYSCONFDIR@:/etc:g' -e 's:@LIBEXECDIR@:/lib/resolvconf:g' \
	-e 's:@VARDIR@:/run/resolvconf:g' \
	-e 's:@RCDIR@::g' -e 's:@RESTARTCMD@::g' -e 's:@RCDIR@::g' -e 's:@STATUSARG@::g' \
	resolvconf.8.in > resolvconf.8
sed	-e 's:@SBINDIR@:/sbin:g' -e 's:@SYSCONFDIR@:/etc:g' -e 's:@LIBEXECDIR@:/lib/resolvconf:g' \
	-e 's:@VARDIR@:/run/resolvconf:g' \
	-e 's:@RCDIR@::g' -e 's:@RESTARTCMD@::g' -e 's:@RCDIR@::g' -e 's:@STATUSARG@::g' \
	resolvconf.conf.5.in > resolvconf.conf.5
sed	-e 's:@SBINDIR@:/sbin:g' -e 's:@SYSCONFDIR@:/etc:g' -e 's:@LIBEXECDIR@:/lib/resolvconf:g' \
	-e 's:@VARDIR@:/run/resolvconf:g' \
	-e 's:@RCDIR@::g' -e 's:@RESTARTCMD@::g' -e 's:@RCDIR@::g' -e 's:@STATUSARG@::g' \
	libc.in > libc
sed	-e 's:@SBINDIR@:/sbin:g' -e 's:@SYSCONFDIR@:/etc:g' -e 's:@LIBEXECDIR@:/lib/resolvconf:g' \
	-e 's:@VARDIR@:/run/resolvconf:g' \
	-e 's:@RCDIR@::g' -e 's:@RESTARTCMD@::g' -e 's:@RCDIR@::g' -e 's:@STATUSARG@::g' \
	dnsmasq.in > dnsmasq
sed	-e 's:@SBINDIR@:/sbin:g' -e 's:@SYSCONFDIR@:/etc:g' -e 's:@LIBEXECDIR@:/lib/resolvconf:g' \
	-e 's:@VARDIR@:/run/resolvconf:g' \
	-e 's:@RCDIR@::g' -e 's:@RESTARTCMD@::g' -e 's:@RCDIR@::g' -e 's:@STATUSARG@::g' \
	named.in > named
sed	-e 's:@SBINDIR@:/sbin:g' -e 's:@SYSCONFDIR@:/etc:g' -e 's:@LIBEXECDIR@:/lib/resolvconf:g' \
	-e 's:@VARDIR@:/run/resolvconf:g' \
	-e 's:@RCDIR@::g' -e 's:@RESTARTCMD@::g' -e 's:@RCDIR@::g' -e 's:@STATUSARG@::g' \
	pdnsd.in > pdnsd
sed	-e 's:@SBINDIR@:/sbin:g' -e 's:@SYSCONFDIR@:/etc:g' -e 's:@LIBEXECDIR@:/lib/resolvconf:g' \
	-e 's:@VARDIR@:/run/resolvconf:g' \
	-e 's:@RCDIR@::g' -e 's:@RESTARTCMD@::g' -e 's:@RCDIR@::g' -e 's:@STATUSARG@::g' \
	pdns_recursor.in > pdns_recursor
sed	-e 's:@SBINDIR@:/sbin:g' -e 's:@SYSCONFDIR@:/etc:g' -e 's:@LIBEXECDIR@:/lib/resolvconf:g' \
	-e 's:@VARDIR@:/run/resolvconf:g' \
	-e 's:@RCDIR@::g' -e 's:@RESTARTCMD@::g' -e 's:@RCDIR@::g' -e 's:@STATUSARG@::g' \
	unbound.in > unbound
sed	-e 's:@SBINDIR@:/sbin:g' -e 's:@SYSCONFDIR@:/etc:g' -e 's:@LIBEXECDIR@:/lib/resolvconf:g' \
	-e 's:@VARDIR@:/run/resolvconf:g' \
	-e 's:@RCDIR@::g' -e 's:@RESTARTCMD@::g' -e 's:@RCDIR@::g' -e 's:@STATUSARG@::g' \
	avahi-daemon.in > avahi-daemon
sed	-e 's:@SBINDIR@:/sbin:g' -e 's:@SYSCONFDIR@:/etc:g' -e 's:@LIBEXECDIR@:/lib/resolvconf:g' \
	-e 's:@VARDIR@:/run/resolvconf:g' \
	-e 's:@RCDIR@::g' -e 's:@RESTARTCMD@::g' -e 's:@RCDIR@::g' -e 's:@STATUSARG@::g' \
	mdnsd.in > mdnsd
+ make DESTDIR=/home/devel/building/work/pkg install
install -d /home/devel/building/work/pkg/sbin
install -d /home/devel/building/work/pkg/usr/share/man/man8
install -m 0755 resolvconf /home/devel/building/work/pkg/sbin
install -m 0444 resolvconf.8 /home/devel/building/work/pkg/usr/share/man/man8
install -d /home/devel/building/work/pkg/etc
install -d /home/devel/building/work/pkg/usr/share/man/man5
test -e /home/devel/building/work/pkg/etc/resolvconf.conf || \
install -m 0644 resolvconf.conf /home/devel/building/work/pkg/etc
install -m 0444 resolvconf.conf.5 /home/devel/building/work/pkg/usr/share/man/man5
install -d /home/devel/building/work/pkg/lib/resolvconf
install -m 0644 libc dnsmasq named pdnsd pdns_recursor unbound /home/devel/building/work/pkg/lib/resolvconf
install -d /home/devel/building/work/pkg/lib/resolvconf/libc.d
install -m 0644 avahi-daemon mdnsd \
	/home/devel/building/work/pkg/lib/resolvconf/libc.d
=======> Build result:
drwxr-xr-x  0 root   root        0 May 15 18:57 etc/
-rw-r--r--  0 root   root      255 May 15 18:57 etc/resolvconf.conf
drwxr-xr-x  0 root   root        0 May 15 18:57 lib/
drwxr-xr-x  0 root   root        0 May 15 18:57 lib/resolvconf/
-rw-r--r--  0 root   root     7449 May 15 18:57 lib/resolvconf/libc
-rw-r--r--  0 root   root     5799 May 15 18:57 lib/resolvconf/dnsmasq
-rw-r--r--  0 root   root     3652 May 15 18:57 lib/resolvconf/named
-rw-r--r--  0 root   root     4401 May 15 18:57 lib/resolvconf/pdnsd
-rw-r--r--  0 root   root     2461 May 15 18:57 lib/resolvconf/pdns_recursor
-rw-r--r--  0 root   root     3214 May 15 18:57 lib/resolvconf/unbound
drwxr-xr-x  0 root   root        0 May 15 18:57 lib/resolvconf/libc.d/
-rw-r--r--  0 root   root     1570 May 15 18:57 lib/resolvconf/libc.d/avahi-daemon
-rw-r--r--  0 root   root     1541 May 15 18:57 lib/resolvconf/libc.d/mdnsd
drwxr-xr-x  0 root   root        0 May 15 18:57 sbin/
-rwxr-xr-x  0 root   root    24386 May 15 18:57 sbin/resolvconf
drwxr-xr-x  0 root   root        0 May 15 18:57 usr/
drwxr-xr-x  0 root   root        0 May 15 18:57 usr/share/
drwxr-xr-x  0 root   root        0 May 15 18:57 usr/share/man/
drwxr-xr-x  0 root   root        0 May 15 18:57 usr/share/man/man8/
drwxr-xr-x  0 root   root        0 May 15 18:57 usr/share/man/man5/
-r--r--r--  0 root   root     4172 May 15 18:57 usr/share/man/man5/resolvconf.conf.5.gz
-r--r--r--  0 root   root     3563 May 15 18:57 usr/share/man/man8/resolvconf.8.gz
=======> Building '/home/devel/packages/openresolv#3.13.2-1.x86_64.pkg.tar.zst' succeeded.
prt-get: Using PKGMK_PACKAGE_DIR: /home/devel/packages
prt-get: reinstalling openresolv 3.13.2-1
prt-get: /usr/bin/pkgadd -u openresolv#3.13.2-1.x86_64.pkg.tar.zst
prt-get: build done Wed May 15 18:57:10 2024

