prt-get: updating /usr/ports/core-x86_64/pciutils
prt-get: starting build Wed May 15 19:00:46 2024
=======> Building '/home/devel/packages/pciutils#3.12.0-1.x86_64.pkg.tar.zst'.
bsdtar -p -o -C /home/devel/building/work/src -xf /home/devel/sources/pciutils-3.12.0.tar.xz
cp basename.patch /home/devel/building/work/src
cp update-pciids.sh /home/devel/building/work/src
+ build
+ cd pciutils-3.12.0
+ patch -p1 -i /home/devel/building/work/src/basename.patch
patching file lib/sysfs.c
+ make V=1 -j1 PREFIX=/usr SHAREDIR=/usr/share/hwdata SHARED=yes 'OPT=-O2 -m64 -march=x86-64 -mtune=generic -flto=auto -ffat-lto-objects' ZLIB=no
cd lib && ./configure
Configuring libpci for your system... x86_64--linux 6.9.0-saux-musl x86_64 linux
Looking for access methods... sysfs proc mem-ports ecam i386-ports dump
Checking for zlib support... no (set manually)
Checking for DNS support... yes (auto-detected)
Checking for libkmod... yes (auto-detected)
Checking for udev hwdb support... yes (auto-detected)
Checking whether to build a shared library... yes (set manually)
make -C lib all
make[1]: Entering directory '/home/devel/building/work/src/pciutils-3.12.0/lib'
cc -O2 -m64 -march=x86-64 -mtune=generic -flto=auto -ffat-lto-objects -Wall -W -Wno-parentheses -Wstrict-prototypes -Wmissing-prototypes -fPIC -fvisibility=hidden   -c -o init.o init.c
cc -O2 -m64 -march=x86-64 -mtune=generic -flto=auto -ffat-lto-objects -Wall -W -Wno-parentheses -Wstrict-prototypes -Wmissing-prototypes -fPIC -fvisibility=hidden   -c -o access.o access.c
cc -O2 -m64 -march=x86-64 -mtune=generic -flto=auto -ffat-lto-objects -Wall -W -Wno-parentheses -Wstrict-prototypes -Wmissing-prototypes -fPIC -fvisibility=hidden   -c -o generic.o generic.c
cc -O2 -m64 -march=x86-64 -mtune=generic -flto=auto -ffat-lto-objects -Wall -W -Wno-parentheses -Wstrict-prototypes -Wmissing-prototypes -fPIC -fvisibility=hidden   -c -o dump.o dump.c
cc -O2 -m64 -march=x86-64 -mtune=generic -flto=auto -ffat-lto-objects -Wall -W -Wno-parentheses -Wstrict-prototypes -Wmissing-prototypes -fPIC -fvisibility=hidden   -c -o names.o names.c
cc -O2 -m64 -march=x86-64 -mtune=generic -flto=auto -ffat-lto-objects -Wall -W -Wno-parentheses -Wstrict-prototypes -Wmissing-prototypes -fPIC -fvisibility=hidden   -c -o filter.o filter.c
cc -O2 -m64 -march=x86-64 -mtune=generic -flto=auto -ffat-lto-objects -Wall -W -Wno-parentheses -Wstrict-prototypes -Wmissing-prototypes -fPIC -fvisibility=hidden   -c -o names-hash.o names-hash.c
cc -O2 -m64 -march=x86-64 -mtune=generic -flto=auto -ffat-lto-objects -Wall -W -Wno-parentheses -Wstrict-prototypes -Wmissing-prototypes -fPIC -fvisibility=hidden   -c -o names-parse.o names-parse.c
cc -O2 -m64 -march=x86-64 -mtune=generic -flto=auto -ffat-lto-objects -Wall -W -Wno-parentheses -Wstrict-prototypes -Wmissing-prototypes -fPIC -fvisibility=hidden   -c -o names-net.o names-net.c
cc -O2 -m64 -march=x86-64 -mtune=generic -flto=auto -ffat-lto-objects -Wall -W -Wno-parentheses -Wstrict-prototypes -Wmissing-prototypes -fPIC -fvisibility=hidden   -c -o names-cache.o names-cache.c
cc -O2 -m64 -march=x86-64 -mtune=generic -flto=auto -ffat-lto-objects -Wall -W -Wno-parentheses -Wstrict-prototypes -Wmissing-prototypes -fPIC -fvisibility=hidden   -c -o names-hwdb.o names-hwdb.c
cc -O2 -m64 -march=x86-64 -mtune=generic -flto=auto -ffat-lto-objects -Wall -W -Wno-parentheses -Wstrict-prototypes -Wmissing-prototypes -fPIC -fvisibility=hidden   -c -o params.o params.c
cc -O2 -m64 -march=x86-64 -mtune=generic -flto=auto -ffat-lto-objects -Wall -W -Wno-parentheses -Wstrict-prototypes -Wmissing-prototypes -fPIC -fvisibility=hidden   -c -o caps.o caps.c
cc -O2 -m64 -march=x86-64 -mtune=generic -flto=auto -ffat-lto-objects -Wall -W -Wno-parentheses -Wstrict-prototypes -Wmissing-prototypes -fPIC -fvisibility=hidden   -c -o sysfs.o sysfs.c
cc -O2 -m64 -march=x86-64 -mtune=generic -flto=auto -ffat-lto-objects -Wall -W -Wno-parentheses -Wstrict-prototypes -Wmissing-prototypes -fPIC -fvisibility=hidden   -c -o proc.o proc.c
cc -O2 -m64 -march=x86-64 -mtune=generic -flto=auto -ffat-lto-objects -Wall -W -Wno-parentheses -Wstrict-prototypes -Wmissing-prototypes -fPIC -fvisibility=hidden   -c -o i386-ports.o i386-ports.c
cc -O2 -m64 -march=x86-64 -mtune=generic -flto=auto -ffat-lto-objects -Wall -W -Wno-parentheses -Wstrict-prototypes -Wmissing-prototypes -fPIC -fvisibility=hidden   -c -o mmio-ports.o mmio-ports.c
cc -O2 -m64 -march=x86-64 -mtune=generic -flto=auto -ffat-lto-objects -Wall -W -Wno-parentheses -Wstrict-prototypes -Wmissing-prototypes -fPIC -fvisibility=hidden   -c -o ecam.o ecam.c
cc -O2 -m64 -march=x86-64 -mtune=generic -flto=auto -ffat-lto-objects -Wall -W -Wno-parentheses -Wstrict-prototypes -Wmissing-prototypes -fPIC -fvisibility=hidden   -c -o physmem-posix.o physmem-posix.c
cc -shared -O2 -m64 -march=x86-64 -mtune=generic -flto=auto -ffat-lto-objects -Wall -W -Wno-parentheses -Wstrict-prototypes -Wmissing-prototypes -fPIC -fvisibility=hidden  -Wl,-soname,libpci.so.3 -Wl,--version-script=libpci.ver -o libpci.so.3.12.0 init.o access.o generic.o dump.o names.o filter.o names-hash.o names-parse.o names-net.o names-cache.o names-hwdb.o params.o caps.o sysfs.o proc.o i386-ports.o mmio-ports.o ecam.o physmem-posix.o -lresolv -ludev
sed <libpci.pc.in >libpci.pc -e 's,@PREFIX@,/usr,' \
	-e 's,@INCDIR@,/usr/include,' \
	-e 's,@LIBDIR@,/usr/lib,' \
	-e 's,@IDSDIR@,/usr/share/hwdata,' \
	-e 's,@VERSION@,3.12.0,' \
	-e 's,@LDLIBS@,,' \
	-e 's,@WITH_LIBS@,-lresolv -ludev,'
make[1]: Leaving directory '/home/devel/building/work/src/pciutils-3.12.0/lib'
cc -O2 -m64 -march=x86-64 -mtune=generic -flto=auto -ffat-lto-objects -Wall -W -Wno-parentheses -Wstrict-prototypes -Wmissing-prototypes   -c -o lspci.o lspci.c
cc -O2 -m64 -march=x86-64 -mtune=generic -flto=auto -ffat-lto-objects -Wall -W -Wno-parentheses -Wstrict-prototypes -Wmissing-prototypes   -c -o ls-vpd.o ls-vpd.c
cc -O2 -m64 -march=x86-64 -mtune=generic -flto=auto -ffat-lto-objects -Wall -W -Wno-parentheses -Wstrict-prototypes -Wmissing-prototypes   -c -o ls-caps.o ls-caps.c
cc -O2 -m64 -march=x86-64 -mtune=generic -flto=auto -ffat-lto-objects -Wall -W -Wno-parentheses -Wstrict-prototypes -Wmissing-prototypes   -c -o ls-caps-vendor.o ls-caps-vendor.c
cc -O2 -m64 -march=x86-64 -mtune=generic -flto=auto -ffat-lto-objects -Wall -W -Wno-parentheses -Wstrict-prototypes -Wmissing-prototypes   -c -o ls-ecaps.o ls-ecaps.c
cc -O2 -m64 -march=x86-64 -mtune=generic -flto=auto -ffat-lto-objects -Wall -W -Wno-parentheses -Wstrict-prototypes -Wmissing-prototypes    -c -o ls-kernel.o ls-kernel.c
cc -O2 -m64 -march=x86-64 -mtune=generic -flto=auto -ffat-lto-objects -Wall -W -Wno-parentheses -Wstrict-prototypes -Wmissing-prototypes   -c -o ls-tree.o ls-tree.c
cc -O2 -m64 -march=x86-64 -mtune=generic -flto=auto -ffat-lto-objects -Wall -W -Wno-parentheses -Wstrict-prototypes -Wmissing-prototypes   -c -o ls-map.o ls-map.c
cc -O2 -m64 -march=x86-64 -mtune=generic -flto=auto -ffat-lto-objects -Wall -W -Wno-parentheses -Wstrict-prototypes -Wmissing-prototypes   -c -o common.o common.c
cc -O2 -m64 -march=x86-64 -mtune=generic -flto=auto -ffat-lto-objects -Wall -W -Wno-parentheses -Wstrict-prototypes -Wmissing-prototypes   lspci.o ls-vpd.o ls-caps.o ls-caps-vendor.o ls-ecaps.o ls-kernel.o ls-tree.o ls-map.o common.o lib/libpci.so.3.12.0 -lkmod -o lspci
cc -O2 -m64 -march=x86-64 -mtune=generic -flto=auto -ffat-lto-objects -Wall -W -Wno-parentheses -Wstrict-prototypes -Wmissing-prototypes   -c -o setpci.o setpci.c
cc -O2 -m64 -march=x86-64 -mtune=generic -flto=auto -ffat-lto-objects -Wall -W -Wno-parentheses -Wstrict-prototypes -Wmissing-prototypes   setpci.o common.o lib/libpci.so.3.12.0  -o setpci
cc -O2 -m64 -march=x86-64 -mtune=generic -flto=auto -ffat-lto-objects -Wall -W -Wno-parentheses -Wstrict-prototypes -Wmissing-prototypes   -c -o example.o example.c
cc -O2 -m64 -march=x86-64 -mtune=generic -flto=auto -ffat-lto-objects -Wall -W -Wno-parentheses -Wstrict-prototypes -Wmissing-prototypes   example.o lib/libpci.so.3.12.0  -o example
M=`echo 2024-04-05 | sed 's/-01-/-January-/;s/-02-/-February-/;s/-03-/-March-/;s/-04-/-April-/;s/-05-/-May-/;s/-06-/-June-/;s/-07-/-July-/;s/-08-/-August-/;s/-09-/-September-/;s/-10-/-October-/;s/-11-/-November-/;s/-12-/-December-/;s/\(.*\)-\(.*\)-\(.*\)/\3 \2 \1/'` ; sed <lspci.man >lspci.8 "s/@TODAY@/$M/;s/@VERSION@/pciutils-3.12.0/;s#@IDSDIR@#/usr/share/hwdata#;s#@PCI_IDS@#pci.ids#"
Makefile:145: warning: pattern recipe did not update peer target 'lspci.5'.
Makefile:145: warning: pattern recipe did not update peer target 'lspci.7'.
M=`echo 2024-04-05 | sed 's/-01-/-January-/;s/-02-/-February-/;s/-03-/-March-/;s/-04-/-April-/;s/-05-/-May-/;s/-06-/-June-/;s/-07-/-July-/;s/-08-/-August-/;s/-09-/-September-/;s/-10-/-October-/;s/-11-/-November-/;s/-12-/-December-/;s/\(.*\)-\(.*\)-\(.*\)/\3 \2 \1/'` ; sed <setpci.man >setpci.8 "s/@TODAY@/$M/;s/@VERSION@/pciutils-3.12.0/;s#@IDSDIR@#/usr/share/hwdata#;s#@PCI_IDS@#pci.ids#"
Makefile:145: warning: pattern recipe did not update peer target 'setpci.5'.
Makefile:145: warning: pattern recipe did not update peer target 'setpci.7'.
M=`echo 2024-04-05 | sed 's/-01-/-January-/;s/-02-/-February-/;s/-03-/-March-/;s/-04-/-April-/;s/-05-/-May-/;s/-06-/-June-/;s/-07-/-July-/;s/-08-/-August-/;s/-09-/-September-/;s/-10-/-October-/;s/-11-/-November-/;s/-12-/-December-/;s/\(.*\)-\(.*\)-\(.*\)/\3 \2 \1/'` ; sed <pcilib.man >pcilib.7 "s/@TODAY@/$M/;s/@VERSION@/pciutils-3.12.0/;s#@IDSDIR@#/usr/share/hwdata#;s#@PCI_IDS@#pci.ids#"
Makefile:145: warning: pattern recipe did not update peer target 'pcilib.5'.
Makefile:145: warning: pattern recipe did not update peer target 'pcilib.8'.
M=`echo 2024-04-05 | sed 's/-01-/-January-/;s/-02-/-February-/;s/-03-/-March-/;s/-04-/-April-/;s/-05-/-May-/;s/-06-/-June-/;s/-07-/-July-/;s/-08-/-August-/;s/-09-/-September-/;s/-10-/-October-/;s/-11-/-November-/;s/-12-/-December-/;s/\(.*\)-\(.*\)-\(.*\)/\3 \2 \1/'` ; sed <pci.ids.man >pci.ids.5 "s/@TODAY@/$M/;s/@VERSION@/pciutils-3.12.0/;s#@IDSDIR@#/usr/share/hwdata#;s#@PCI_IDS@#pci.ids#"
Makefile:145: warning: pattern recipe did not update peer target 'pci.ids.7'.
Makefile:145: warning: pattern recipe did not update peer target 'pci.ids.8'.
sed <update-pciids.sh >update-pciids "s@^DEST=.*@DEST=/usr/share/hwdata/pci.ids@;s@^PCI_COMPRESSED_IDS=.*@PCI_COMPRESSED_IDS=@;s@VERSION=.*@VERSION=3.12.0@"
chmod +x update-pciids
M=`echo 2024-04-05 | sed 's/-01-/-January-/;s/-02-/-February-/;s/-03-/-March-/;s/-04-/-April-/;s/-05-/-May-/;s/-06-/-June-/;s/-07-/-July-/;s/-08-/-August-/;s/-09-/-September-/;s/-10-/-October-/;s/-11-/-November-/;s/-12-/-December-/;s/\(.*\)-\(.*\)-\(.*\)/\3 \2 \1/'` ; sed <update-pciids.man >update-pciids.8 "s/@TODAY@/$M/;s/@VERSION@/pciutils-3.12.0/;s#@IDSDIR@#/usr/share/hwdata#;s#@PCI_IDS@#pci.ids#"
Makefile:145: warning: pattern recipe did not update peer target 'update-pciids.5'.
Makefile:145: warning: pattern recipe did not update peer target 'update-pciids.7'.
cc -O2 -m64 -march=x86-64 -mtune=generic -flto=auto -ffat-lto-objects -Wall -W -Wno-parentheses -Wstrict-prototypes -Wmissing-prototypes -I .   -c -o pcilmr.o pcilmr.c
cc -O2 -m64 -march=x86-64 -mtune=generic -flto=auto -ffat-lto-objects -Wall -W -Wno-parentheses -Wstrict-prototypes -Wmissing-prototypes -I .   -c -o lmr/margin_hw.o lmr/margin_hw.c
cc -O2 -m64 -march=x86-64 -mtune=generic -flto=auto -ffat-lto-objects -Wall -W -Wno-parentheses -Wstrict-prototypes -Wmissing-prototypes -I .   -c -o lmr/margin.o lmr/margin.c
cc -O2 -m64 -march=x86-64 -mtune=generic -flto=auto -ffat-lto-objects -Wall -W -Wno-parentheses -Wstrict-prototypes -Wmissing-prototypes -I .   -c -o lmr/margin_log.o lmr/margin_log.c
cc -O2 -m64 -march=x86-64 -mtune=generic -flto=auto -ffat-lto-objects -Wall -W -Wno-parentheses -Wstrict-prototypes -Wmissing-prototypes -I .   -c -o lmr/margin_results.o lmr/margin_results.c
cc -O2 -m64 -march=x86-64 -mtune=generic -flto=auto -ffat-lto-objects -Wall -W -Wno-parentheses -Wstrict-prototypes -Wmissing-prototypes   pcilmr.o lmr/margin_hw.o lmr/margin.o lmr/margin_log.o lmr/margin_results.o common.o lib/libpci.so.3.12.0  -o pcilmr
M=`echo 2024-04-05 | sed 's/-01-/-January-/;s/-02-/-February-/;s/-03-/-March-/;s/-04-/-April-/;s/-05-/-May-/;s/-06-/-June-/;s/-07-/-July-/;s/-08-/-August-/;s/-09-/-September-/;s/-10-/-October-/;s/-11-/-November-/;s/-12-/-December-/;s/\(.*\)-\(.*\)-\(.*\)/\3 \2 \1/'` ; sed <pcilmr.man >pcilmr.8 "s/@TODAY@/$M/;s/@VERSION@/pciutils-3.12.0/;s#@IDSDIR@#/usr/share/hwdata#;s#@PCI_IDS@#pci.ids#"
Makefile:145: warning: pattern recipe did not update peer target 'pcilmr.5'.
Makefile:145: warning: pattern recipe did not update peer target 'pcilmr.7'.
+ make clean
rm -f `find . -name "*~" -o -name "*.[oa]" -o -name "\#*\#" -o -name TAGS -o -name core -o -name "*.orig"`
rm -f update-pciids lspci setpci example lib/config.* *.[578] pci.ids.gz lib/*.pc lib/*.so lib/*.so.* lib/*.dll lib/*.def lib/dllrsrc.rc *-rsrc.rc tags pcilmr
rm -rf maint/dist
+ make V=1 -j1 PREFIX=/usr SHAREDIR=/usr/share/hwdata SHARED=yes 'OPT=-O2 -m64 -march=x86-64 -mtune=generic -flto=auto -ffat-lto-objects' ZLIB=no DESTDIR=/home/devel/building/work/pkg install install-lib
cd lib && ./configure
Configuring libpci for your system... x86_64--linux 6.9.0-saux-musl x86_64 linux
Looking for access methods... sysfs proc mem-ports ecam i386-ports dump
Checking for zlib support... no (set manually)
Checking for DNS support... yes (auto-detected)
Checking for libkmod... yes (auto-detected)
Checking for udev hwdb support... yes (auto-detected)
Checking whether to build a shared library... yes (set manually)
make -C lib all
make[1]: Entering directory '/home/devel/building/work/src/pciutils-3.12.0/lib'
cc -O2 -m64 -march=x86-64 -mtune=generic -flto=auto -ffat-lto-objects -Wall -W -Wno-parentheses -Wstrict-prototypes -Wmissing-prototypes -fPIC -fvisibility=hidden   -c -o init.o init.c
cc -O2 -m64 -march=x86-64 -mtune=generic -flto=auto -ffat-lto-objects -Wall -W -Wno-parentheses -Wstrict-prototypes -Wmissing-prototypes -fPIC -fvisibility=hidden   -c -o access.o access.c
cc -O2 -m64 -march=x86-64 -mtune=generic -flto=auto -ffat-lto-objects -Wall -W -Wno-parentheses -Wstrict-prototypes -Wmissing-prototypes -fPIC -fvisibility=hidden   -c -o generic.o generic.c
cc -O2 -m64 -march=x86-64 -mtune=generic -flto=auto -ffat-lto-objects -Wall -W -Wno-parentheses -Wstrict-prototypes -Wmissing-prototypes -fPIC -fvisibility=hidden   -c -o dump.o dump.c
cc -O2 -m64 -march=x86-64 -mtune=generic -flto=auto -ffat-lto-objects -Wall -W -Wno-parentheses -Wstrict-prototypes -Wmissing-prototypes -fPIC -fvisibility=hidden   -c -o names.o names.c
cc -O2 -m64 -march=x86-64 -mtune=generic -flto=auto -ffat-lto-objects -Wall -W -Wno-parentheses -Wstrict-prototypes -Wmissing-prototypes -fPIC -fvisibility=hidden   -c -o filter.o filter.c
cc -O2 -m64 -march=x86-64 -mtune=generic -flto=auto -ffat-lto-objects -Wall -W -Wno-parentheses -Wstrict-prototypes -Wmissing-prototypes -fPIC -fvisibility=hidden   -c -o names-hash.o names-hash.c
cc -O2 -m64 -march=x86-64 -mtune=generic -flto=auto -ffat-lto-objects -Wall -W -Wno-parentheses -Wstrict-prototypes -Wmissing-prototypes -fPIC -fvisibility=hidden   -c -o names-parse.o names-parse.c
cc -O2 -m64 -march=x86-64 -mtune=generic -flto=auto -ffat-lto-objects -Wall -W -Wno-parentheses -Wstrict-prototypes -Wmissing-prototypes -fPIC -fvisibility=hidden   -c -o names-net.o names-net.c
cc -O2 -m64 -march=x86-64 -mtune=generic -flto=auto -ffat-lto-objects -Wall -W -Wno-parentheses -Wstrict-prototypes -Wmissing-prototypes -fPIC -fvisibility=hidden   -c -o names-cache.o names-cache.c
cc -O2 -m64 -march=x86-64 -mtune=generic -flto=auto -ffat-lto-objects -Wall -W -Wno-parentheses -Wstrict-prototypes -Wmissing-prototypes -fPIC -fvisibility=hidden   -c -o names-hwdb.o names-hwdb.c
cc -O2 -m64 -march=x86-64 -mtune=generic -flto=auto -ffat-lto-objects -Wall -W -Wno-parentheses -Wstrict-prototypes -Wmissing-prototypes -fPIC -fvisibility=hidden   -c -o params.o params.c
cc -O2 -m64 -march=x86-64 -mtune=generic -flto=auto -ffat-lto-objects -Wall -W -Wno-parentheses -Wstrict-prototypes -Wmissing-prototypes -fPIC -fvisibility=hidden   -c -o caps.o caps.c
cc -O2 -m64 -march=x86-64 -mtune=generic -flto=auto -ffat-lto-objects -Wall -W -Wno-parentheses -Wstrict-prototypes -Wmissing-prototypes -fPIC -fvisibility=hidden   -c -o sysfs.o sysfs.c
cc -O2 -m64 -march=x86-64 -mtune=generic -flto=auto -ffat-lto-objects -Wall -W -Wno-parentheses -Wstrict-prototypes -Wmissing-prototypes -fPIC -fvisibility=hidden   -c -o proc.o proc.c
cc -O2 -m64 -march=x86-64 -mtune=generic -flto=auto -ffat-lto-objects -Wall -W -Wno-parentheses -Wstrict-prototypes -Wmissing-prototypes -fPIC -fvisibility=hidden   -c -o i386-ports.o i386-ports.c
cc -O2 -m64 -march=x86-64 -mtune=generic -flto=auto -ffat-lto-objects -Wall -W -Wno-parentheses -Wstrict-prototypes -Wmissing-prototypes -fPIC -fvisibility=hidden   -c -o mmio-ports.o mmio-ports.c
cc -O2 -m64 -march=x86-64 -mtune=generic -flto=auto -ffat-lto-objects -Wall -W -Wno-parentheses -Wstrict-prototypes -Wmissing-prototypes -fPIC -fvisibility=hidden   -c -o ecam.o ecam.c
cc -O2 -m64 -march=x86-64 -mtune=generic -flto=auto -ffat-lto-objects -Wall -W -Wno-parentheses -Wstrict-prototypes -Wmissing-prototypes -fPIC -fvisibility=hidden   -c -o physmem-posix.o physmem-posix.c
cc -shared -O2 -m64 -march=x86-64 -mtune=generic -flto=auto -ffat-lto-objects -Wall -W -Wno-parentheses -Wstrict-prototypes -Wmissing-prototypes -fPIC -fvisibility=hidden  -Wl,-soname,libpci.so.3 -Wl,--version-script=libpci.ver -o libpci.so.3.12.0 init.o access.o generic.o dump.o names.o filter.o names-hash.o names-parse.o names-net.o names-cache.o names-hwdb.o params.o caps.o sysfs.o proc.o i386-ports.o mmio-ports.o ecam.o physmem-posix.o -lresolv -ludev
sed <libpci.pc.in >libpci.pc -e 's,@PREFIX@,/usr,' \
	-e 's,@INCDIR@,/usr/include,' \
	-e 's,@LIBDIR@,/usr/lib,' \
	-e 's,@IDSDIR@,/usr/share/hwdata,' \
	-e 's,@VERSION@,3.12.0,' \
	-e 's,@LDLIBS@,,' \
	-e 's,@WITH_LIBS@,-lresolv -ludev,'
make[1]: Leaving directory '/home/devel/building/work/src/pciutils-3.12.0/lib'
cc -O2 -m64 -march=x86-64 -mtune=generic -flto=auto -ffat-lto-objects -Wall -W -Wno-parentheses -Wstrict-prototypes -Wmissing-prototypes   -c -o lspci.o lspci.c
cc -O2 -m64 -march=x86-64 -mtune=generic -flto=auto -ffat-lto-objects -Wall -W -Wno-parentheses -Wstrict-prototypes -Wmissing-prototypes   -c -o ls-vpd.o ls-vpd.c
cc -O2 -m64 -march=x86-64 -mtune=generic -flto=auto -ffat-lto-objects -Wall -W -Wno-parentheses -Wstrict-prototypes -Wmissing-prototypes   -c -o ls-caps.o ls-caps.c
cc -O2 -m64 -march=x86-64 -mtune=generic -flto=auto -ffat-lto-objects -Wall -W -Wno-parentheses -Wstrict-prototypes -Wmissing-prototypes   -c -o ls-caps-vendor.o ls-caps-vendor.c
cc -O2 -m64 -march=x86-64 -mtune=generic -flto=auto -ffat-lto-objects -Wall -W -Wno-parentheses -Wstrict-prototypes -Wmissing-prototypes   -c -o ls-ecaps.o ls-ecaps.c
cc -O2 -m64 -march=x86-64 -mtune=generic -flto=auto -ffat-lto-objects -Wall -W -Wno-parentheses -Wstrict-prototypes -Wmissing-prototypes    -c -o ls-kernel.o ls-kernel.c
cc -O2 -m64 -march=x86-64 -mtune=generic -flto=auto -ffat-lto-objects -Wall -W -Wno-parentheses -Wstrict-prototypes -Wmissing-prototypes   -c -o ls-tree.o ls-tree.c
cc -O2 -m64 -march=x86-64 -mtune=generic -flto=auto -ffat-lto-objects -Wall -W -Wno-parentheses -Wstrict-prototypes -Wmissing-prototypes   -c -o ls-map.o ls-map.c
cc -O2 -m64 -march=x86-64 -mtune=generic -flto=auto -ffat-lto-objects -Wall -W -Wno-parentheses -Wstrict-prototypes -Wmissing-prototypes   -c -o common.o common.c
cc -O2 -m64 -march=x86-64 -mtune=generic -flto=auto -ffat-lto-objects -Wall -W -Wno-parentheses -Wstrict-prototypes -Wmissing-prototypes   lspci.o ls-vpd.o ls-caps.o ls-caps-vendor.o ls-ecaps.o ls-kernel.o ls-tree.o ls-map.o common.o lib/libpci.so.3.12.0 -lkmod -o lspci
cc -O2 -m64 -march=x86-64 -mtune=generic -flto=auto -ffat-lto-objects -Wall -W -Wno-parentheses -Wstrict-prototypes -Wmissing-prototypes   -c -o setpci.o setpci.c
cc -O2 -m64 -march=x86-64 -mtune=generic -flto=auto -ffat-lto-objects -Wall -W -Wno-parentheses -Wstrict-prototypes -Wmissing-prototypes   setpci.o common.o lib/libpci.so.3.12.0  -o setpci
cc -O2 -m64 -march=x86-64 -mtune=generic -flto=auto -ffat-lto-objects -Wall -W -Wno-parentheses -Wstrict-prototypes -Wmissing-prototypes   -c -o example.o example.c
cc -O2 -m64 -march=x86-64 -mtune=generic -flto=auto -ffat-lto-objects -Wall -W -Wno-parentheses -Wstrict-prototypes -Wmissing-prototypes   example.o lib/libpci.so.3.12.0  -o example
M=`echo 2024-04-05 | sed 's/-01-/-January-/;s/-02-/-February-/;s/-03-/-March-/;s/-04-/-April-/;s/-05-/-May-/;s/-06-/-June-/;s/-07-/-July-/;s/-08-/-August-/;s/-09-/-September-/;s/-10-/-October-/;s/-11-/-November-/;s/-12-/-December-/;s/\(.*\)-\(.*\)-\(.*\)/\3 \2 \1/'` ; sed <lspci.man >lspci.8 "s/@TODAY@/$M/;s/@VERSION@/pciutils-3.12.0/;s#@IDSDIR@#/usr/share/hwdata#;s#@PCI_IDS@#pci.ids#"
Makefile:145: warning: pattern recipe did not update peer target 'lspci.5'.
Makefile:145: warning: pattern recipe did not update peer target 'lspci.7'.
M=`echo 2024-04-05 | sed 's/-01-/-January-/;s/-02-/-February-/;s/-03-/-March-/;s/-04-/-April-/;s/-05-/-May-/;s/-06-/-June-/;s/-07-/-July-/;s/-08-/-August-/;s/-09-/-September-/;s/-10-/-October-/;s/-11-/-November-/;s/-12-/-December-/;s/\(.*\)-\(.*\)-\(.*\)/\3 \2 \1/'` ; sed <setpci.man >setpci.8 "s/@TODAY@/$M/;s/@VERSION@/pciutils-3.12.0/;s#@IDSDIR@#/usr/share/hwdata#;s#@PCI_IDS@#pci.ids#"
Makefile:145: warning: pattern recipe did not update peer target 'setpci.5'.
Makefile:145: warning: pattern recipe did not update peer target 'setpci.7'.
M=`echo 2024-04-05 | sed 's/-01-/-January-/;s/-02-/-February-/;s/-03-/-March-/;s/-04-/-April-/;s/-05-/-May-/;s/-06-/-June-/;s/-07-/-July-/;s/-08-/-August-/;s/-09-/-September-/;s/-10-/-October-/;s/-11-/-November-/;s/-12-/-December-/;s/\(.*\)-\(.*\)-\(.*\)/\3 \2 \1/'` ; sed <pcilib.man >pcilib.7 "s/@TODAY@/$M/;s/@VERSION@/pciutils-3.12.0/;s#@IDSDIR@#/usr/share/hwdata#;s#@PCI_IDS@#pci.ids#"
Makefile:145: warning: pattern recipe did not update peer target 'pcilib.5'.
Makefile:145: warning: pattern recipe did not update peer target 'pcilib.8'.
M=`echo 2024-04-05 | sed 's/-01-/-January-/;s/-02-/-February-/;s/-03-/-March-/;s/-04-/-April-/;s/-05-/-May-/;s/-06-/-June-/;s/-07-/-July-/;s/-08-/-August-/;s/-09-/-September-/;s/-10-/-October-/;s/-11-/-November-/;s/-12-/-December-/;s/\(.*\)-\(.*\)-\(.*\)/\3 \2 \1/'` ; sed <pci.ids.man >pci.ids.5 "s/@TODAY@/$M/;s/@VERSION@/pciutils-3.12.0/;s#@IDSDIR@#/usr/share/hwdata#;s#@PCI_IDS@#pci.ids#"
Makefile:145: warning: pattern recipe did not update peer target 'pci.ids.7'.
Makefile:145: warning: pattern recipe did not update peer target 'pci.ids.8'.
sed <update-pciids.sh >update-pciids "s@^DEST=.*@DEST=/usr/share/hwdata/pci.ids@;s@^PCI_COMPRESSED_IDS=.*@PCI_COMPRESSED_IDS=@;s@VERSION=.*@VERSION=3.12.0@"
chmod +x update-pciids
M=`echo 2024-04-05 | sed 's/-01-/-January-/;s/-02-/-February-/;s/-03-/-March-/;s/-04-/-April-/;s/-05-/-May-/;s/-06-/-June-/;s/-07-/-July-/;s/-08-/-August-/;s/-09-/-September-/;s/-10-/-October-/;s/-11-/-November-/;s/-12-/-December-/;s/\(.*\)-\(.*\)-\(.*\)/\3 \2 \1/'` ; sed <update-pciids.man >update-pciids.8 "s/@TODAY@/$M/;s/@VERSION@/pciutils-3.12.0/;s#@IDSDIR@#/usr/share/hwdata#;s#@PCI_IDS@#pci.ids#"
Makefile:145: warning: pattern recipe did not update peer target 'update-pciids.5'.
Makefile:145: warning: pattern recipe did not update peer target 'update-pciids.7'.
cc -O2 -m64 -march=x86-64 -mtune=generic -flto=auto -ffat-lto-objects -Wall -W -Wno-parentheses -Wstrict-prototypes -Wmissing-prototypes -I .   -c -o pcilmr.o pcilmr.c
cc -O2 -m64 -march=x86-64 -mtune=generic -flto=auto -ffat-lto-objects -Wall -W -Wno-parentheses -Wstrict-prototypes -Wmissing-prototypes -I .   -c -o lmr/margin_hw.o lmr/margin_hw.c
cc -O2 -m64 -march=x86-64 -mtune=generic -flto=auto -ffat-lto-objects -Wall -W -Wno-parentheses -Wstrict-prototypes -Wmissing-prototypes -I .   -c -o lmr/margin.o lmr/margin.c
cc -O2 -m64 -march=x86-64 -mtune=generic -flto=auto -ffat-lto-objects -Wall -W -Wno-parentheses -Wstrict-prototypes -Wmissing-prototypes -I .   -c -o lmr/margin_log.o lmr/margin_log.c
cc -O2 -m64 -march=x86-64 -mtune=generic -flto=auto -ffat-lto-objects -Wall -W -Wno-parentheses -Wstrict-prototypes -Wmissing-prototypes -I .   -c -o lmr/margin_results.o lmr/margin_results.c
cc -O2 -m64 -march=x86-64 -mtune=generic -flto=auto -ffat-lto-objects -Wall -W -Wno-parentheses -Wstrict-prototypes -Wmissing-prototypes   pcilmr.o lmr/margin_hw.o lmr/margin.o lmr/margin_log.o lmr/margin_results.o common.o lib/libpci.so.3.12.0  -o pcilmr
M=`echo 2024-04-05 | sed 's/-01-/-January-/;s/-02-/-February-/;s/-03-/-March-/;s/-04-/-April-/;s/-05-/-May-/;s/-06-/-June-/;s/-07-/-July-/;s/-08-/-August-/;s/-09-/-September-/;s/-10-/-October-/;s/-11-/-November-/;s/-12-/-December-/;s/\(.*\)-\(.*\)-\(.*\)/\3 \2 \1/'` ; sed <pcilmr.man >pcilmr.8 "s/@TODAY@/$M/;s/@VERSION@/pciutils-3.12.0/;s#@IDSDIR@#/usr/share/hwdata#;s#@PCI_IDS@#pci.ids#"
Makefile:145: warning: pattern recipe did not update peer target 'pcilmr.5'.
Makefile:145: warning: pattern recipe did not update peer target 'pcilmr.7'.
install -d -m 755 /home/devel/building/work/pkg/usr/lib
install -c -m 644 lib/libpci.so.3.12.0 /home/devel/building/work/pkg/usr/lib
install -d -m 755 /home/devel/building/work/pkg/usr/bin /home/devel/building/work/pkg/usr/sbin /home/devel/building/work/pkg/usr/share/hwdata /home/devel/building/work/pkg/usr/share/man/man8 /home/devel/building/work/pkg/usr/share/man/man7 /home/devel/building/work/pkg/usr/share/man/man5
install -c -m 755 -s lspci /home/devel/building/work/pkg/usr/bin
install -c -m 755 -s setpci /home/devel/building/work/pkg/usr/sbin
install -c -m 755 -s pcilmr /home/devel/building/work/pkg/usr/sbin
install -c -m 755 update-pciids /home/devel/building/work/pkg/usr/sbin
install -c -m 644 pci.ids /home/devel/building/work/pkg/usr/share/hwdata
install -c -m 644 lspci.8 setpci.8 pcilmr.8 update-pciids.8 /home/devel/building/work/pkg/usr/share/man/man8
install -c -m 644 pcilib.7 /home/devel/building/work/pkg/usr/share/man/man7
install -c -m 644 pci.ids.5 /home/devel/building/work/pkg/usr/share/man/man5
ln -sf libpci.so.3.12.0 /home/devel/building/work/pkg/usr/lib/libpci.so.3
install -d -m 755 /home/devel/building/work/pkg/usr/include/pci /home/devel/building/work/pkg/usr/lib/pkgconfig
install -c -m 644 lib/config.h lib/header.h lib/pci.h lib/types.h /home/devel/building/work/pkg/usr/include/pci
install -c -m 644 lib/libpci.pc /home/devel/building/work/pkg/usr/lib/pkgconfig
ln -sf libpci.so.3.12.0 /home/devel/building/work/pkg/usr/lib/libpci.so.3
ln -sf libpci.so.3 /home/devel/building/work/pkg/usr/lib/libpci.so
+ chmod 0755 /home/devel/building/work/pkg/usr/lib/libpci.so
+ install -d -m 0755 /home/devel/building/work/pkg/usr/share/hwdata/
+ wget https://pci-ids.ucw.cz/v2.2/pci.ids -O /home/devel/building/work/pkg/usr/share/hwdata/pci.ids
[0] Downloading 'https://pci-ids.ucw.cz/v2.2/pci.ids' ...
Saving '/home/devel/building/work/pkg/usr/share/hwdata/pci.ids'
HTTP response 200 OK [https://pci-ids.ucw.cz/v2.2/pci.ids]
+ install -D -m 0754 /home/devel/building/work/src/update-pciids.sh /home/devel/building/work/pkg/etc/cron/weekly/update-pciids.sh
=======> Build result:
drwxr-xr-x  0 root   root        0 May 15 19:01 etc/
drwxr-xr-x  0 root   root        0 May 15 19:01 etc/cron/
drwxr-xr-x  0 root   root        0 May 15 19:01 etc/cron/weekly/
-rwxr-xr--  0 root   root       36 May 15 19:01 etc/cron/weekly/update-pciids.sh
drwxr-xr-x  0 root   root        0 May 15 19:01 usr/
drwxr-xr-x  0 root   root        0 May 15 19:01 usr/lib/
drwxr-xr-x  0 root   root        0 May 15 19:01 usr/bin/
drwxr-xr-x  0 root   root        0 May 15 19:01 usr/sbin/
drwxr-xr-x  0 root   root        0 May 15 19:01 usr/share/
drwxr-xr-x  0 root   root        0 May 15 19:01 usr/include/
drwxr-xr-x  0 root   root        0 May 15 19:01 usr/include/pci/
-rw-r--r--  0 root   root      824 May 15 19:01 usr/include/pci/config.h
-rw-r--r--  0 root   root    88886 May 15 19:01 usr/include/pci/header.h
-rw-r--r--  0 root   root    13101 May 15 19:01 usr/include/pci/pci.h
-rw-r--r--  0 root   root     1542 May 15 19:01 usr/include/pci/types.h
drwxr-xr-x  0 root   root        0 May 15 19:01 usr/share/hwdata/
drwxr-xr-x  0 root   root        0 May 15 19:01 usr/share/man/
drwxr-xr-x  0 root   root        0 May 15 19:01 usr/share/man/man8/
drwxr-xr-x  0 root   root        0 May 15 19:01 usr/share/man/man7/
drwxr-xr-x  0 root   root        0 May 15 19:01 usr/share/man/man5/
-rw-r--r--  0 root   root     1557 May 15 19:01 usr/share/man/man5/pci.ids.5.gz
-rw-r--r--  0 root   root     3451 May 15 19:01 usr/share/man/man7/pcilib.7.gz
-rw-r--r--  0 root   root     4522 May 15 19:01 usr/share/man/man8/lspci.8.gz
-rw-r--r--  0 root   root     2881 May 15 19:01 usr/share/man/man8/setpci.8.gz
-rw-r--r--  0 root   root     2812 May 15 19:01 usr/share/man/man8/pcilmr.8.gz
-rw-r--r--  0 root   root      500 May 15 19:01 usr/share/man/man8/update-pciids.8.gz
-rw-r--r--  0 root   root  1450307 May 15 03:15 usr/share/hwdata/pci.ids
-rwxr-xr-x  0 root   root    22840 May 15 19:01 usr/sbin/setpci
-rwxr-xr-x  0 root   root    35088 May 15 19:01 usr/sbin/pcilmr
-rwxr-xr-x  0 root   root     2176 May 15 19:01 usr/sbin/update-pciids
-rwxr-xr-x  0 root   root   102560 May 15 19:01 usr/bin/lspci
-rwxr-xr-x  0 root   root    77624 May 15 19:01 usr/lib/libpci.so.3.12.0
drwxr-xr-x  0 root   root        0 May 15 19:01 usr/lib/pkgconfig/
lrwxrwxrwx  0 root   root        0 May 15 19:01 usr/lib/libpci.so.3 -> libpci.so.3.12.0
lrwxrwxrwx  0 root   root        0 May 15 19:01 usr/lib/libpci.so -> libpci.so.3
-rw-r--r--  0 root   root      206 May 15 19:01 usr/lib/pkgconfig/libpci.pc
=======> Building '/home/devel/packages/pciutils#3.12.0-1.x86_64.pkg.tar.zst' succeeded.
prt-get: Using PKGMK_PACKAGE_DIR: /home/devel/packages
prt-get: reinstalling pciutils 3.12.0-1
prt-get: /usr/bin/pkgadd -u pciutils#3.12.0-1.x86_64.pkg.tar.zst
prt-get: build done Wed May 15 19:01:03 2024

