prt-get: updating /usr/ports/core-x86_64/pkgconf
prt-get: starting build Wed May 15 19:02:52 2024
=======> Building '/home/devel/packages/pkgconf#2.2.0-1.x86_64.pkg.tar.zst'.
bsdtar -p -o -C /home/devel/building/work/src -xf /home/devel/sources/pkgconf-2.2.0.tar.xz
cp x86_64-unknown-linux-musl.personality /home/devel/building/work/src
+ build
+ cd pkgconf-2.2.0
+ ./configure --prefix=/usr --sysconfdir=/etc --with-pkg-config-dir=/usr/lib/pkgconfig:/usr/share/pkgconfig --with-system-libdir=/lib:/usr/lib --with-system-includedir=/usr/include --disable-static
checking for gcc... gcc
checking whether the C compiler works... yes
checking for C compiler default output file name... a.out
checking for suffix of executables... 
checking whether we are cross compiling... no
checking for suffix of object files... o
checking whether the compiler supports GNU C... yes
checking whether gcc accepts -g... yes
checking for gcc option to enable C11 features... none needed
checking whether gcc understands -c and -o together... yes
checking whether C compiler accepts -Wall... yes
checking whether C compiler accepts -Wextra... yes
checking whether C compiler accepts -Wformat=2... yes
checking whether C compiler accepts -std=gnu99... yes
checking for gcc options needed to detect all undeclared functions... none needed
checking whether strlcpy is declared... yes
checking whether strlcat is declared... yes
checking whether strndup is declared... yes
checking for stdio.h... yes
checking for stdlib.h... yes
checking for string.h... yes
checking for inttypes.h... yes
checking for stdint.h... yes
checking for strings.h... yes
checking for sys/stat.h... yes
checking for sys/types.h... yes
checking for unistd.h... yes
checking whether reallocarray is declared... yes
checking for sys/stat.h... (cached) yes
checking for a BSD-compatible install... /usr/bin/install -c
checking whether build environment is sane... yes
checking for a race-free mkdir -p... /bin/mkdir -p
checking for gawk... gawk
checking whether make sets $(MAKE)... yes
checking whether make supports the include directive... yes (GNU style)
checking whether make supports nested variables... yes
checking dependency style of gcc... gcc3
checking whether make supports nested variables... (cached) yes
checking build system type... x86_64-pc-linux-musl
checking host system type... x86_64-pc-linux-musl
checking how to print strings... printf
checking for a sed that does not truncate output... /bin/sed
checking for grep that handles long lines and -e... /usr/bin/grep
checking for egrep... /usr/bin/grep -E
checking for fgrep... /usr/bin/grep -F
checking for ld used by gcc... /usr/bin/ld
checking if the linker (/usr/bin/ld) is GNU ld... yes
checking for BSD- or MS-compatible name lister (nm)... /usr/bin/nm -B
checking the name lister (/usr/bin/nm -B) interface... BSD nm
checking whether ln -s works... yes
checking the maximum length of command line arguments... 98304
checking how to convert x86_64-pc-linux-musl file names to x86_64-pc-linux-musl format... func_convert_file_noop
checking how to convert x86_64-pc-linux-musl file names to toolchain format... func_convert_file_noop
checking for /usr/bin/ld option to reload object files... -r
checking for file... file
checking for objdump... objdump
checking how to recognize dependent libraries... pass_all
checking for dlltool... no
checking how to associate runtime and link libraries... printf %s\n
checking for ar... ar
checking for archiver @FILE support... @
checking for strip... strip
checking for ranlib... ranlib
checking command to parse /usr/bin/nm -B output from gcc object... ok
checking for sysroot... no
checking for a working dd... /bin/dd
checking how to truncate binary pipes... /bin/dd bs=4096 count=1
checking for mt... no
checking if : is a manifest tool... no
checking for dlfcn.h... yes
checking for objdir... .libs
checking if gcc supports -fno-rtti -fno-exceptions... no
checking for gcc option to produce PIC... -fPIC -DPIC
checking if gcc PIC flag -fPIC -DPIC works... yes
checking if gcc static flag -static works... yes
checking if gcc supports -c -o file.o... yes
checking if gcc supports -c -o file.o... (cached) yes
checking whether the gcc linker (/usr/bin/ld -m elf_x86_64) supports shared libraries... yes
checking whether -lc should be explicitly linked in... no
checking dynamic linker characteristics... GNU/Linux ld.so
checking how to hardcode library paths into programs... immediate
checking whether stripping libraries is possible... yes
checking if libtool supports shared libraries... yes
checking whether to build shared libraries... yes
checking whether to build static libraries... no
checking for special C compiler options needed for large files... no
checking for _FILE_OFFSET_BITS value needed for large files... no
checking how to run the C preprocessor... gcc -E
checking for gcc... (cached) gcc
checking whether the compiler supports GNU C... (cached) yes
checking whether gcc accepts -g... (cached) yes
checking for gcc option to enable C11 features... (cached) none needed
checking whether gcc understands -c and -o together... (cached) yes
checking whether ln -s works... yes
checking that generated files are newer than configure... done
configure: creating ./config.status
config.status: creating Makefile
config.status: creating Kyuafile
config.status: creating libpkgconf.pc
config.status: creating tests/Kyuafile
config.status: creating tests/test_env.sh
config.status: creating libpkgconf/config.h
config.status: executing depfiles commands
config.status: executing libtool commands
+ make V=1
gcc -DHAVE_CONFIG_H -I. -I./libpkgconf  -I./libpkgconf -I./cli -I./cli/bomtool  -DPERSONALITY_PATH=\"/usr/share/pkgconfig/personality.d:/etc/pkgconfig/personality.d\" -DPKG_DEFAULT_PATH=\"/usr/lib/pkgconfig:/usr/share/pkgconfig\" -DSYSTEM_INCLUDEDIR=\"/usr/include\" -DSYSTEM_LIBDIR=\"/lib:/usr/lib\" -O2 -m64 -march=x86-64 -mtune=generic -flto=auto -ffat-lto-objects -Wall -Wextra -Wformat=2 -std=gnu99 -MT cli/bomtool-getopt_long.o -MD -MP -MF cli/.deps/bomtool-getopt_long.Tpo -c -o cli/bomtool-getopt_long.o `test -f 'cli/getopt_long.c' || echo './'`cli/getopt_long.c
gcc -DHAVE_CONFIG_H -I. -I./libpkgconf  -I./libpkgconf -I./cli  -DPERSONALITY_PATH=\"/usr/share/pkgconfig/personality.d:/etc/pkgconfig/personality.d\" -DPKG_DEFAULT_PATH=\"/usr/lib/pkgconfig:/usr/share/pkgconfig\" -DSYSTEM_INCLUDEDIR=\"/usr/include\" -DSYSTEM_LIBDIR=\"/lib:/usr/lib\" -O2 -m64 -march=x86-64 -mtune=generic -flto=auto -ffat-lto-objects -Wall -Wextra -Wformat=2 -std=gnu99 -MT cli/pkgconf-main.o -MD -MP -MF cli/.deps/pkgconf-main.Tpo -c -o cli/pkgconf-main.o `test -f 'cli/main.c' || echo './'`cli/main.c
gcc -DHAVE_CONFIG_H -I. -I./libpkgconf  -I./libpkgconf -I./cli  -DPERSONALITY_PATH=\"/usr/share/pkgconfig/personality.d:/etc/pkgconfig/personality.d\" -DPKG_DEFAULT_PATH=\"/usr/lib/pkgconfig:/usr/share/pkgconfig\" -DSYSTEM_INCLUDEDIR=\"/usr/include\" -DSYSTEM_LIBDIR=\"/lib:/usr/lib\" -O2 -m64 -march=x86-64 -mtune=generic -flto=auto -ffat-lto-objects -Wall -Wextra -Wformat=2 -std=gnu99 -MT cli/pkgconf-getopt_long.o -MD -MP -MF cli/.deps/pkgconf-getopt_long.Tpo -c -o cli/pkgconf-getopt_long.o `test -f 'cli/getopt_long.c' || echo './'`cli/getopt_long.c
gcc -DHAVE_CONFIG_H -I. -I./libpkgconf  -I./libpkgconf -I./cli  -DPERSONALITY_PATH=\"/usr/share/pkgconfig/personality.d:/etc/pkgconfig/personality.d\" -DPKG_DEFAULT_PATH=\"/usr/lib/pkgconfig:/usr/share/pkgconfig\" -DSYSTEM_INCLUDEDIR=\"/usr/include\" -DSYSTEM_LIBDIR=\"/lib:/usr/lib\" -O2 -m64 -march=x86-64 -mtune=generic -flto=auto -ffat-lto-objects -Wall -Wextra -Wformat=2 -std=gnu99 -MT cli/pkgconf-renderer-msvc.o -MD -MP -MF cli/.deps/pkgconf-renderer-msvc.Tpo -c -o cli/pkgconf-renderer-msvc.o `test -f 'cli/renderer-msvc.c' || echo './'`cli/renderer-msvc.c
depbase=`echo libpkgconf/audit.lo | sed 's|[^/]*$|.deps/&|;s|\.lo$||'`;\
/bin/sh ./libtool  --tag=CC   --mode=compile gcc -DHAVE_CONFIG_H -I. -I./libpkgconf    -DPERSONALITY_PATH=\"/usr/share/pkgconfig/personality.d:/etc/pkgconfig/personality.d\" -DPKG_DEFAULT_PATH=\"/usr/lib/pkgconfig:/usr/share/pkgconfig\" -DSYSTEM_INCLUDEDIR=\"/usr/include\" -DSYSTEM_LIBDIR=\"/lib:/usr/lib\" -O2 -m64 -march=x86-64 -mtune=generic -flto=auto -ffat-lto-objects -Wall -Wextra -Wformat=2 -std=gnu99 -MT libpkgconf/audit.lo -MD -MP -MF $depbase.Tpo -c -o libpkgconf/audit.lo libpkgconf/audit.c &&\
mv -f $depbase.Tpo $depbase.Plo
depbase=`echo libpkgconf/cache.lo | sed 's|[^/]*$|.deps/&|;s|\.lo$||'`;\
/bin/sh ./libtool  --tag=CC   --mode=compile gcc -DHAVE_CONFIG_H -I. -I./libpkgconf    -DPERSONALITY_PATH=\"/usr/share/pkgconfig/personality.d:/etc/pkgconfig/personality.d\" -DPKG_DEFAULT_PATH=\"/usr/lib/pkgconfig:/usr/share/pkgconfig\" -DSYSTEM_INCLUDEDIR=\"/usr/include\" -DSYSTEM_LIBDIR=\"/lib:/usr/lib\" -O2 -m64 -march=x86-64 -mtune=generic -flto=auto -ffat-lto-objects -Wall -Wextra -Wformat=2 -std=gnu99 -MT libpkgconf/cache.lo -MD -MP -MF $depbase.Tpo -c -o libpkgconf/cache.lo libpkgconf/cache.c &&\
mv -f $depbase.Tpo $depbase.Plo
depbase=`echo libpkgconf/client.lo | sed 's|[^/]*$|.deps/&|;s|\.lo$||'`;\
/bin/sh ./libtool  --tag=CC   --mode=compile gcc -DHAVE_CONFIG_H -I. -I./libpkgconf    -DPERSONALITY_PATH=\"/usr/share/pkgconfig/personality.d:/etc/pkgconfig/personality.d\" -DPKG_DEFAULT_PATH=\"/usr/lib/pkgconfig:/usr/share/pkgconfig\" -DSYSTEM_INCLUDEDIR=\"/usr/include\" -DSYSTEM_LIBDIR=\"/lib:/usr/lib\" -O2 -m64 -march=x86-64 -mtune=generic -flto=auto -ffat-lto-objects -Wall -Wextra -Wformat=2 -std=gnu99 -MT libpkgconf/client.lo -MD -MP -MF $depbase.Tpo -c -o libpkgconf/client.lo libpkgconf/client.c &&\
mv -f $depbase.Tpo $depbase.Plo
depbase=`echo libpkgconf/pkg.lo | sed 's|[^/]*$|.deps/&|;s|\.lo$||'`;\
/bin/sh ./libtool  --tag=CC   --mode=compile gcc -DHAVE_CONFIG_H -I. -I./libpkgconf    -DPERSONALITY_PATH=\"/usr/share/pkgconfig/personality.d:/etc/pkgconfig/personality.d\" -DPKG_DEFAULT_PATH=\"/usr/lib/pkgconfig:/usr/share/pkgconfig\" -DSYSTEM_INCLUDEDIR=\"/usr/include\" -DSYSTEM_LIBDIR=\"/lib:/usr/lib\" -O2 -m64 -march=x86-64 -mtune=generic -flto=auto -ffat-lto-objects -Wall -Wextra -Wformat=2 -std=gnu99 -MT libpkgconf/pkg.lo -MD -MP -MF $depbase.Tpo -c -o libpkgconf/pkg.lo libpkgconf/pkg.c &&\
mv -f $depbase.Tpo $depbase.Plo
libtool: compile:  gcc -DHAVE_CONFIG_H -I. -I./libpkgconf "-DPERSONALITY_PATH=\"/usr/share/pkgconfig/personality.d:/etc/pkgconfig/personality.d\"" "-DPKG_DEFAULT_PATH=\"/usr/lib/pkgconfig:/usr/share/pkgconfig\"" "-DSYSTEM_INCLUDEDIR=\"/usr/include\"" "-DSYSTEM_LIBDIR=\"/lib:/usr/lib\"" -O2 -m64 -march=x86-64 -mtune=generic -flto=auto -ffat-lto-objects -Wall -Wextra -Wformat=2 -std=gnu99 -MT libpkgconf/cache.lo -MD -MP -MF libpkgconf/.deps/cache.Tpo -c libpkgconf/cache.c  -fPIC -DPIC -o libpkgconf/.libs/cache.o
libtool: compile:  gcc -DHAVE_CONFIG_H -I. -I./libpkgconf "-DPERSONALITY_PATH=\"/usr/share/pkgconfig/personality.d:/etc/pkgconfig/personality.d\"" "-DPKG_DEFAULT_PATH=\"/usr/lib/pkgconfig:/usr/share/pkgconfig\"" "-DSYSTEM_INCLUDEDIR=\"/usr/include\"" "-DSYSTEM_LIBDIR=\"/lib:/usr/lib\"" -O2 -m64 -march=x86-64 -mtune=generic -flto=auto -ffat-lto-objects -Wall -Wextra -Wformat=2 -std=gnu99 -MT libpkgconf/audit.lo -MD -MP -MF libpkgconf/.deps/audit.Tpo -c libpkgconf/audit.c  -fPIC -DPIC -o libpkgconf/.libs/audit.o
libtool: compile:  gcc -DHAVE_CONFIG_H -I. -I./libpkgconf "-DPERSONALITY_PATH=\"/usr/share/pkgconfig/personality.d:/etc/pkgconfig/personality.d\"" "-DPKG_DEFAULT_PATH=\"/usr/lib/pkgconfig:/usr/share/pkgconfig\"" "-DSYSTEM_INCLUDEDIR=\"/usr/include\"" "-DSYSTEM_LIBDIR=\"/lib:/usr/lib\"" -O2 -m64 -march=x86-64 -mtune=generic -flto=auto -ffat-lto-objects -Wall -Wextra -Wformat=2 -std=gnu99 -MT libpkgconf/pkg.lo -MD -MP -MF libpkgconf/.deps/pkg.Tpo -c libpkgconf/pkg.c  -fPIC -DPIC -o libpkgconf/.libs/pkg.o
libtool: compile:  gcc -DHAVE_CONFIG_H -I. -I./libpkgconf "-DPERSONALITY_PATH=\"/usr/share/pkgconfig/personality.d:/etc/pkgconfig/personality.d\"" "-DPKG_DEFAULT_PATH=\"/usr/lib/pkgconfig:/usr/share/pkgconfig\"" "-DSYSTEM_INCLUDEDIR=\"/usr/include\"" "-DSYSTEM_LIBDIR=\"/lib:/usr/lib\"" -O2 -m64 -march=x86-64 -mtune=generic -flto=auto -ffat-lto-objects -Wall -Wextra -Wformat=2 -std=gnu99 -MT libpkgconf/client.lo -MD -MP -MF libpkgconf/.deps/client.Tpo -c libpkgconf/client.c  -fPIC -DPIC -o libpkgconf/.libs/client.o
mv -f cli/.deps/pkgconf-renderer-msvc.Tpo cli/.deps/pkgconf-renderer-msvc.Po
depbase=`echo libpkgconf/bsdstubs.lo | sed 's|[^/]*$|.deps/&|;s|\.lo$||'`;\
/bin/sh ./libtool  --tag=CC   --mode=compile gcc -DHAVE_CONFIG_H -I. -I./libpkgconf    -DPERSONALITY_PATH=\"/usr/share/pkgconfig/personality.d:/etc/pkgconfig/personality.d\" -DPKG_DEFAULT_PATH=\"/usr/lib/pkgconfig:/usr/share/pkgconfig\" -DSYSTEM_INCLUDEDIR=\"/usr/include\" -DSYSTEM_LIBDIR=\"/lib:/usr/lib\" -O2 -m64 -march=x86-64 -mtune=generic -flto=auto -ffat-lto-objects -Wall -Wextra -Wformat=2 -std=gnu99 -MT libpkgconf/bsdstubs.lo -MD -MP -MF $depbase.Tpo -c -o libpkgconf/bsdstubs.lo libpkgconf/bsdstubs.c &&\
mv -f $depbase.Tpo $depbase.Plo
depbase=`echo libpkgconf/fragment.lo | sed 's|[^/]*$|.deps/&|;s|\.lo$||'`;\
/bin/sh ./libtool  --tag=CC   --mode=compile gcc -DHAVE_CONFIG_H -I. -I./libpkgconf    -DPERSONALITY_PATH=\"/usr/share/pkgconfig/personality.d:/etc/pkgconfig/personality.d\" -DPKG_DEFAULT_PATH=\"/usr/lib/pkgconfig:/usr/share/pkgconfig\" -DSYSTEM_INCLUDEDIR=\"/usr/include\" -DSYSTEM_LIBDIR=\"/lib:/usr/lib\" -O2 -m64 -march=x86-64 -mtune=generic -flto=auto -ffat-lto-objects -Wall -Wextra -Wformat=2 -std=gnu99 -MT libpkgconf/fragment.lo -MD -MP -MF $depbase.Tpo -c -o libpkgconf/fragment.lo libpkgconf/fragment.c &&\
mv -f $depbase.Tpo $depbase.Plo
depbase=`echo libpkgconf/argvsplit.lo | sed 's|[^/]*$|.deps/&|;s|\.lo$||'`;\
/bin/sh ./libtool  --tag=CC   --mode=compile gcc -DHAVE_CONFIG_H -I. -I./libpkgconf    -DPERSONALITY_PATH=\"/usr/share/pkgconfig/personality.d:/etc/pkgconfig/personality.d\" -DPKG_DEFAULT_PATH=\"/usr/lib/pkgconfig:/usr/share/pkgconfig\" -DSYSTEM_INCLUDEDIR=\"/usr/include\" -DSYSTEM_LIBDIR=\"/lib:/usr/lib\" -O2 -m64 -march=x86-64 -mtune=generic -flto=auto -ffat-lto-objects -Wall -Wextra -Wformat=2 -std=gnu99 -MT libpkgconf/argvsplit.lo -MD -MP -MF $depbase.Tpo -c -o libpkgconf/argvsplit.lo libpkgconf/argvsplit.c &&\
mv -f $depbase.Tpo $depbase.Plo
libtool: compile:  gcc -DHAVE_CONFIG_H -I. -I./libpkgconf "-DPERSONALITY_PATH=\"/usr/share/pkgconfig/personality.d:/etc/pkgconfig/personality.d\"" "-DPKG_DEFAULT_PATH=\"/usr/lib/pkgconfig:/usr/share/pkgconfig\"" "-DSYSTEM_INCLUDEDIR=\"/usr/include\"" "-DSYSTEM_LIBDIR=\"/lib:/usr/lib\"" -O2 -m64 -march=x86-64 -mtune=generic -flto=auto -ffat-lto-objects -Wall -Wextra -Wformat=2 -std=gnu99 -MT libpkgconf/fragment.lo -MD -MP -MF libpkgconf/.deps/fragment.Tpo -c libpkgconf/fragment.c  -fPIC -DPIC -o libpkgconf/.libs/fragment.o
mv -f cli/.deps/bomtool-getopt_long.Tpo cli/.deps/bomtool-getopt_long.Po
depbase=`echo libpkgconf/fileio.lo | sed 's|[^/]*$|.deps/&|;s|\.lo$||'`;\
/bin/sh ./libtool  --tag=CC   --mode=compile gcc -DHAVE_CONFIG_H -I. -I./libpkgconf    -DPERSONALITY_PATH=\"/usr/share/pkgconfig/personality.d:/etc/pkgconfig/personality.d\" -DPKG_DEFAULT_PATH=\"/usr/lib/pkgconfig:/usr/share/pkgconfig\" -DSYSTEM_INCLUDEDIR=\"/usr/include\" -DSYSTEM_LIBDIR=\"/lib:/usr/lib\" -O2 -m64 -march=x86-64 -mtune=generic -flto=auto -ffat-lto-objects -Wall -Wextra -Wformat=2 -std=gnu99 -MT libpkgconf/fileio.lo -MD -MP -MF $depbase.Tpo -c -o libpkgconf/fileio.lo libpkgconf/fileio.c &&\
mv -f $depbase.Tpo $depbase.Plo
libtool: compile:  gcc -DHAVE_CONFIG_H -I. -I./libpkgconf "-DPERSONALITY_PATH=\"/usr/share/pkgconfig/personality.d:/etc/pkgconfig/personality.d\"" "-DPKG_DEFAULT_PATH=\"/usr/lib/pkgconfig:/usr/share/pkgconfig\"" "-DSYSTEM_INCLUDEDIR=\"/usr/include\"" "-DSYSTEM_LIBDIR=\"/lib:/usr/lib\"" -O2 -m64 -march=x86-64 -mtune=generic -flto=auto -ffat-lto-objects -Wall -Wextra -Wformat=2 -std=gnu99 -MT libpkgconf/bsdstubs.lo -MD -MP -MF libpkgconf/.deps/bsdstubs.Tpo -c libpkgconf/bsdstubs.c  -fPIC -DPIC -o libpkgconf/.libs/bsdstubs.o
mv -f cli/.deps/pkgconf-getopt_long.Tpo cli/.deps/pkgconf-getopt_long.Po
depbase=`echo libpkgconf/tuple.lo | sed 's|[^/]*$|.deps/&|;s|\.lo$||'`;\
/bin/sh ./libtool  --tag=CC   --mode=compile gcc -DHAVE_CONFIG_H -I. -I./libpkgconf    -DPERSONALITY_PATH=\"/usr/share/pkgconfig/personality.d:/etc/pkgconfig/personality.d\" -DPKG_DEFAULT_PATH=\"/usr/lib/pkgconfig:/usr/share/pkgconfig\" -DSYSTEM_INCLUDEDIR=\"/usr/include\" -DSYSTEM_LIBDIR=\"/lib:/usr/lib\" -O2 -m64 -march=x86-64 -mtune=generic -flto=auto -ffat-lto-objects -Wall -Wextra -Wformat=2 -std=gnu99 -MT libpkgconf/tuple.lo -MD -MP -MF $depbase.Tpo -c -o libpkgconf/tuple.lo libpkgconf/tuple.c &&\
mv -f $depbase.Tpo $depbase.Plo
libtool: compile:  gcc -DHAVE_CONFIG_H -I. -I./libpkgconf "-DPERSONALITY_PATH=\"/usr/share/pkgconfig/personality.d:/etc/pkgconfig/personality.d\"" "-DPKG_DEFAULT_PATH=\"/usr/lib/pkgconfig:/usr/share/pkgconfig\"" "-DSYSTEM_INCLUDEDIR=\"/usr/include\"" "-DSYSTEM_LIBDIR=\"/lib:/usr/lib\"" -O2 -m64 -march=x86-64 -mtune=generic -flto=auto -ffat-lto-objects -Wall -Wextra -Wformat=2 -std=gnu99 -MT libpkgconf/argvsplit.lo -MD -MP -MF libpkgconf/.deps/argvsplit.Tpo -c libpkgconf/argvsplit.c  -fPIC -DPIC -o libpkgconf/.libs/argvsplit.o
depbase=`echo libpkgconf/dependency.lo | sed 's|[^/]*$|.deps/&|;s|\.lo$||'`;\
/bin/sh ./libtool  --tag=CC   --mode=compile gcc -DHAVE_CONFIG_H -I. -I./libpkgconf    -DPERSONALITY_PATH=\"/usr/share/pkgconfig/personality.d:/etc/pkgconfig/personality.d\" -DPKG_DEFAULT_PATH=\"/usr/lib/pkgconfig:/usr/share/pkgconfig\" -DSYSTEM_INCLUDEDIR=\"/usr/include\" -DSYSTEM_LIBDIR=\"/lib:/usr/lib\" -O2 -m64 -march=x86-64 -mtune=generic -flto=auto -ffat-lto-objects -Wall -Wextra -Wformat=2 -std=gnu99 -MT libpkgconf/dependency.lo -MD -MP -MF $depbase.Tpo -c -o libpkgconf/dependency.lo libpkgconf/dependency.c &&\
mv -f $depbase.Tpo $depbase.Plo
depbase=`echo libpkgconf/queue.lo | sed 's|[^/]*$|.deps/&|;s|\.lo$||'`;\
/bin/sh ./libtool  --tag=CC   --mode=compile gcc -DHAVE_CONFIG_H -I. -I./libpkgconf    -DPERSONALITY_PATH=\"/usr/share/pkgconfig/personality.d:/etc/pkgconfig/personality.d\" -DPKG_DEFAULT_PATH=\"/usr/lib/pkgconfig:/usr/share/pkgconfig\" -DSYSTEM_INCLUDEDIR=\"/usr/include\" -DSYSTEM_LIBDIR=\"/lib:/usr/lib\" -O2 -m64 -march=x86-64 -mtune=generic -flto=auto -ffat-lto-objects -Wall -Wextra -Wformat=2 -std=gnu99 -MT libpkgconf/queue.lo -MD -MP -MF $depbase.Tpo -c -o libpkgconf/queue.lo libpkgconf/queue.c &&\
mv -f $depbase.Tpo $depbase.Plo
libtool: compile:  gcc -DHAVE_CONFIG_H -I. -I./libpkgconf "-DPERSONALITY_PATH=\"/usr/share/pkgconfig/personality.d:/etc/pkgconfig/personality.d\"" "-DPKG_DEFAULT_PATH=\"/usr/lib/pkgconfig:/usr/share/pkgconfig\"" "-DSYSTEM_INCLUDEDIR=\"/usr/include\"" "-DSYSTEM_LIBDIR=\"/lib:/usr/lib\"" -O2 -m64 -march=x86-64 -mtune=generic -flto=auto -ffat-lto-objects -Wall -Wextra -Wformat=2 -std=gnu99 -MT libpkgconf/tuple.lo -MD -MP -MF libpkgconf/.deps/tuple.Tpo -c libpkgconf/tuple.c  -fPIC -DPIC -o libpkgconf/.libs/tuple.o
libtool: compile:  gcc -DHAVE_CONFIG_H -I. -I./libpkgconf "-DPERSONALITY_PATH=\"/usr/share/pkgconfig/personality.d:/etc/pkgconfig/personality.d\"" "-DPKG_DEFAULT_PATH=\"/usr/lib/pkgconfig:/usr/share/pkgconfig\"" "-DSYSTEM_INCLUDEDIR=\"/usr/include\"" "-DSYSTEM_LIBDIR=\"/lib:/usr/lib\"" -O2 -m64 -march=x86-64 -mtune=generic -flto=auto -ffat-lto-objects -Wall -Wextra -Wformat=2 -std=gnu99 -MT libpkgconf/fileio.lo -MD -MP -MF libpkgconf/.deps/fileio.Tpo -c libpkgconf/fileio.c  -fPIC -DPIC -o libpkgconf/.libs/fileio.o
libtool: compile:  gcc -DHAVE_CONFIG_H -I. -I./libpkgconf "-DPERSONALITY_PATH=\"/usr/share/pkgconfig/personality.d:/etc/pkgconfig/personality.d\"" "-DPKG_DEFAULT_PATH=\"/usr/lib/pkgconfig:/usr/share/pkgconfig\"" "-DSYSTEM_INCLUDEDIR=\"/usr/include\"" "-DSYSTEM_LIBDIR=\"/lib:/usr/lib\"" -O2 -m64 -march=x86-64 -mtune=generic -flto=auto -ffat-lto-objects -Wall -Wextra -Wformat=2 -std=gnu99 -MT libpkgconf/dependency.lo -MD -MP -MF libpkgconf/.deps/dependency.Tpo -c libpkgconf/dependency.c  -fPIC -DPIC -o libpkgconf/.libs/dependency.o
libtool: compile:  gcc -DHAVE_CONFIG_H -I. -I./libpkgconf "-DPERSONALITY_PATH=\"/usr/share/pkgconfig/personality.d:/etc/pkgconfig/personality.d\"" "-DPKG_DEFAULT_PATH=\"/usr/lib/pkgconfig:/usr/share/pkgconfig\"" "-DSYSTEM_INCLUDEDIR=\"/usr/include\"" "-DSYSTEM_LIBDIR=\"/lib:/usr/lib\"" -O2 -m64 -march=x86-64 -mtune=generic -flto=auto -ffat-lto-objects -Wall -Wextra -Wformat=2 -std=gnu99 -MT libpkgconf/queue.lo -MD -MP -MF libpkgconf/.deps/queue.Tpo -c libpkgconf/queue.c  -fPIC -DPIC -o libpkgconf/.libs/queue.o
depbase=`echo libpkgconf/path.lo | sed 's|[^/]*$|.deps/&|;s|\.lo$||'`;\
/bin/sh ./libtool  --tag=CC   --mode=compile gcc -DHAVE_CONFIG_H -I. -I./libpkgconf    -DPERSONALITY_PATH=\"/usr/share/pkgconfig/personality.d:/etc/pkgconfig/personality.d\" -DPKG_DEFAULT_PATH=\"/usr/lib/pkgconfig:/usr/share/pkgconfig\" -DSYSTEM_INCLUDEDIR=\"/usr/include\" -DSYSTEM_LIBDIR=\"/lib:/usr/lib\" -O2 -m64 -march=x86-64 -mtune=generic -flto=auto -ffat-lto-objects -Wall -Wextra -Wformat=2 -std=gnu99 -MT libpkgconf/path.lo -MD -MP -MF $depbase.Tpo -c -o libpkgconf/path.lo libpkgconf/path.c &&\
mv -f $depbase.Tpo $depbase.Plo
depbase=`echo libpkgconf/personality.lo | sed 's|[^/]*$|.deps/&|;s|\.lo$||'`;\
/bin/sh ./libtool  --tag=CC   --mode=compile gcc -DHAVE_CONFIG_H -I. -I./libpkgconf    -DPERSONALITY_PATH=\"/usr/share/pkgconfig/personality.d:/etc/pkgconfig/personality.d\" -DPKG_DEFAULT_PATH=\"/usr/lib/pkgconfig:/usr/share/pkgconfig\" -DSYSTEM_INCLUDEDIR=\"/usr/include\" -DSYSTEM_LIBDIR=\"/lib:/usr/lib\" -O2 -m64 -march=x86-64 -mtune=generic -flto=auto -ffat-lto-objects -Wall -Wextra -Wformat=2 -std=gnu99 -MT libpkgconf/personality.lo -MD -MP -MF $depbase.Tpo -c -o libpkgconf/personality.lo libpkgconf/personality.c &&\
mv -f $depbase.Tpo $depbase.Plo
libtool: compile:  gcc -DHAVE_CONFIG_H -I. -I./libpkgconf "-DPERSONALITY_PATH=\"/usr/share/pkgconfig/personality.d:/etc/pkgconfig/personality.d\"" "-DPKG_DEFAULT_PATH=\"/usr/lib/pkgconfig:/usr/share/pkgconfig\"" "-DSYSTEM_INCLUDEDIR=\"/usr/include\"" "-DSYSTEM_LIBDIR=\"/lib:/usr/lib\"" -O2 -m64 -march=x86-64 -mtune=generic -flto=auto -ffat-lto-objects -Wall -Wextra -Wformat=2 -std=gnu99 -MT libpkgconf/personality.lo -MD -MP -MF libpkgconf/.deps/personality.Tpo -c libpkgconf/personality.c  -fPIC -DPIC -o libpkgconf/.libs/personality.o
depbase=`echo libpkgconf/parser.lo | sed 's|[^/]*$|.deps/&|;s|\.lo$||'`;\
/bin/sh ./libtool  --tag=CC   --mode=compile gcc -DHAVE_CONFIG_H -I. -I./libpkgconf    -DPERSONALITY_PATH=\"/usr/share/pkgconfig/personality.d:/etc/pkgconfig/personality.d\" -DPKG_DEFAULT_PATH=\"/usr/lib/pkgconfig:/usr/share/pkgconfig\" -DSYSTEM_INCLUDEDIR=\"/usr/include\" -DSYSTEM_LIBDIR=\"/lib:/usr/lib\" -O2 -m64 -march=x86-64 -mtune=generic -flto=auto -ffat-lto-objects -Wall -Wextra -Wformat=2 -std=gnu99 -MT libpkgconf/parser.lo -MD -MP -MF $depbase.Tpo -c -o libpkgconf/parser.lo libpkgconf/parser.c &&\
mv -f $depbase.Tpo $depbase.Plo
libtool: compile:  gcc -DHAVE_CONFIG_H -I. -I./libpkgconf "-DPERSONALITY_PATH=\"/usr/share/pkgconfig/personality.d:/etc/pkgconfig/personality.d\"" "-DPKG_DEFAULT_PATH=\"/usr/lib/pkgconfig:/usr/share/pkgconfig\"" "-DSYSTEM_INCLUDEDIR=\"/usr/include\"" "-DSYSTEM_LIBDIR=\"/lib:/usr/lib\"" -O2 -m64 -march=x86-64 -mtune=generic -flto=auto -ffat-lto-objects -Wall -Wextra -Wformat=2 -std=gnu99 -MT libpkgconf/path.lo -MD -MP -MF libpkgconf/.deps/path.Tpo -c libpkgconf/path.c  -fPIC -DPIC -o libpkgconf/.libs/path.o
gcc -DHAVE_CONFIG_H -I. -I./libpkgconf  -I./libpkgconf -I./cli -I./cli/bomtool  -DPERSONALITY_PATH=\"/usr/share/pkgconfig/personality.d:/etc/pkgconfig/personality.d\" -DPKG_DEFAULT_PATH=\"/usr/lib/pkgconfig:/usr/share/pkgconfig\" -DSYSTEM_INCLUDEDIR=\"/usr/include\" -DSYSTEM_LIBDIR=\"/lib:/usr/lib\" -O2 -m64 -march=x86-64 -mtune=generic -flto=auto -ffat-lto-objects -Wall -Wextra -Wformat=2 -std=gnu99 -MT cli/bomtool/bomtool-main.o -MD -MP -MF cli/bomtool/.deps/bomtool-main.Tpo -c -o cli/bomtool/bomtool-main.o `test -f 'cli/bomtool/main.c' || echo './'`cli/bomtool/main.c
mv -f cli/.deps/pkgconf-main.Tpo cli/.deps/pkgconf-main.Po
libtool: compile:  gcc -DHAVE_CONFIG_H -I. -I./libpkgconf "-DPERSONALITY_PATH=\"/usr/share/pkgconfig/personality.d:/etc/pkgconfig/personality.d\"" "-DPKG_DEFAULT_PATH=\"/usr/lib/pkgconfig:/usr/share/pkgconfig\"" "-DSYSTEM_INCLUDEDIR=\"/usr/include\"" "-DSYSTEM_LIBDIR=\"/lib:/usr/lib\"" -O2 -m64 -march=x86-64 -mtune=generic -flto=auto -ffat-lto-objects -Wall -Wextra -Wformat=2 -std=gnu99 -MT libpkgconf/parser.lo -MD -MP -MF libpkgconf/.deps/parser.Tpo -c libpkgconf/parser.c  -fPIC -DPIC -o libpkgconf/.libs/parser.o
mv -f cli/bomtool/.deps/bomtool-main.Tpo cli/bomtool/.deps/bomtool-main.Po
/bin/sh ./libtool  --tag=CC   --mode=link gcc -DPERSONALITY_PATH=\"/usr/share/pkgconfig/personality.d:/etc/pkgconfig/personality.d\" -DPKG_DEFAULT_PATH=\"/usr/lib/pkgconfig:/usr/share/pkgconfig\" -DSYSTEM_INCLUDEDIR=\"/usr/include\" -DSYSTEM_LIBDIR=\"/lib:/usr/lib\" -O2 -m64 -march=x86-64 -mtune=generic -flto=auto -ffat-lto-objects -Wall -Wextra -Wformat=2 -std=gnu99 -no-undefined -version-info 5:0:0 -export-symbols-regex '^pkgconf_'  -o libpkgconf.la -rpath /usr/lib libpkgconf/audit.lo libpkgconf/cache.lo libpkgconf/client.lo libpkgconf/pkg.lo libpkgconf/bsdstubs.lo libpkgconf/fragment.lo libpkgconf/argvsplit.lo libpkgconf/fileio.lo libpkgconf/tuple.lo libpkgconf/dependency.lo libpkgconf/queue.lo libpkgconf/path.lo libpkgconf/personality.lo libpkgconf/parser.lo  
libtool: link: /usr/bin/nm -B  libpkgconf/.libs/audit.o libpkgconf/.libs/cache.o libpkgconf/.libs/client.o libpkgconf/.libs/pkg.o libpkgconf/.libs/bsdstubs.o libpkgconf/.libs/fragment.o libpkgconf/.libs/argvsplit.o libpkgconf/.libs/fileio.o libpkgconf/.libs/tuple.o libpkgconf/.libs/dependency.o libpkgconf/.libs/queue.o libpkgconf/.libs/path.o libpkgconf/.libs/personality.o libpkgconf/.libs/parser.o   | /bin/sed -n -e 's/^.*[	 ]\([ABCDGIRSTW][ABCDGIRSTW]*\)[	 ][	 ]*\([_A-Za-z][_A-Za-z0-9]*\)$/\1 \2 \2/p' | /bin/sed '/ __gnu_lto/d' | /bin/sed 's/.* //' | sort | uniq > .libs/libpkgconf.exp
libtool: link: /usr/bin/grep -E -e "^pkgconf_" ".libs/libpkgconf.exp" > ".libs/libpkgconf.expT"
libtool: link: mv -f ".libs/libpkgconf.expT" ".libs/libpkgconf.exp"
libtool: link: echo "{ global:" > .libs/libpkgconf.ver
libtool: link:  cat .libs/libpkgconf.exp | /bin/sed -e "s/\(.*\)/\1;/" >> .libs/libpkgconf.ver
libtool: link:  echo "local: *; };" >> .libs/libpkgconf.ver
libtool: link:  gcc -shared  -fPIC -DPIC  libpkgconf/.libs/audit.o libpkgconf/.libs/cache.o libpkgconf/.libs/client.o libpkgconf/.libs/pkg.o libpkgconf/.libs/bsdstubs.o libpkgconf/.libs/fragment.o libpkgconf/.libs/argvsplit.o libpkgconf/.libs/fileio.o libpkgconf/.libs/tuple.o libpkgconf/.libs/dependency.o libpkgconf/.libs/queue.o libpkgconf/.libs/path.o libpkgconf/.libs/personality.o libpkgconf/.libs/parser.o    -O2 -m64 -march=x86-64 -mtune=generic -flto=auto   -Wl,-soname -Wl,libpkgconf.so.5 -Wl,-version-script -Wl,.libs/libpkgconf.ver -o .libs/libpkgconf.so.5.0.0
libtool: link: (cd ".libs" && rm -f "libpkgconf.so.5" && ln -s "libpkgconf.so.5.0.0" "libpkgconf.so.5")
libtool: link: (cd ".libs" && rm -f "libpkgconf.so" && ln -s "libpkgconf.so.5.0.0" "libpkgconf.so")
libtool: link: ( cd ".libs" && rm -f "libpkgconf.la" && ln -s "../libpkgconf.la" "libpkgconf.la" )
/bin/sh ./libtool  --tag=CC   --mode=link gcc -DPERSONALITY_PATH=\"/usr/share/pkgconfig/personality.d:/etc/pkgconfig/personality.d\" -DPKG_DEFAULT_PATH=\"/usr/lib/pkgconfig:/usr/share/pkgconfig\" -DSYSTEM_INCLUDEDIR=\"/usr/include\" -DSYSTEM_LIBDIR=\"/lib:/usr/lib\" -O2 -m64 -march=x86-64 -mtune=generic -flto=auto -ffat-lto-objects -Wall -Wextra -Wformat=2 -std=gnu99   -o pkgconf cli/pkgconf-main.o cli/pkgconf-getopt_long.o cli/pkgconf-renderer-msvc.o libpkgconf.la 
/bin/sh ./libtool  --tag=CC   --mode=link gcc -DPERSONALITY_PATH=\"/usr/share/pkgconfig/personality.d:/etc/pkgconfig/personality.d\" -DPKG_DEFAULT_PATH=\"/usr/lib/pkgconfig:/usr/share/pkgconfig\" -DSYSTEM_INCLUDEDIR=\"/usr/include\" -DSYSTEM_LIBDIR=\"/lib:/usr/lib\" -O2 -m64 -march=x86-64 -mtune=generic -flto=auto -ffat-lto-objects -Wall -Wextra -Wformat=2 -std=gnu99   -o bomtool cli/bomtool/bomtool-main.o cli/bomtool-getopt_long.o libpkgconf.la 
libtool: link: gcc "-DPERSONALITY_PATH=\"/usr/share/pkgconfig/personality.d:/etc/pkgconfig/personality.d\"" "-DPKG_DEFAULT_PATH=\"/usr/lib/pkgconfig:/usr/share/pkgconfig\"" "-DSYSTEM_INCLUDEDIR=\"/usr/include\"" "-DSYSTEM_LIBDIR=\"/lib:/usr/lib\"" -O2 -m64 -march=x86-64 -mtune=generic -flto=auto -ffat-lto-objects -Wall -Wextra -Wformat=2 -std=gnu99 -o .libs/pkgconf cli/pkgconf-main.o cli/pkgconf-getopt_long.o cli/pkgconf-renderer-msvc.o  ./.libs/libpkgconf.so
libtool: link: gcc "-DPERSONALITY_PATH=\"/usr/share/pkgconfig/personality.d:/etc/pkgconfig/personality.d\"" "-DPKG_DEFAULT_PATH=\"/usr/lib/pkgconfig:/usr/share/pkgconfig\"" "-DSYSTEM_INCLUDEDIR=\"/usr/include\"" "-DSYSTEM_LIBDIR=\"/lib:/usr/lib\"" -O2 -m64 -march=x86-64 -mtune=generic -flto=auto -ffat-lto-objects -Wall -Wextra -Wformat=2 -std=gnu99 -o .libs/bomtool cli/bomtool/bomtool-main.o cli/bomtool-getopt_long.o  ./.libs/libpkgconf.so
+ make DESTDIR=/home/devel/building/work/pkg install
make[1]: Entering directory '/home/devel/building/work/src/pkgconf-2.2.0'
 /bin/mkdir -p '/home/devel/building/work/pkg/usr/share/doc/pkgconf'
 /bin/mkdir -p '/home/devel/building/work/pkg/usr/share/aclocal'
 /usr/bin/install -c -m 644 README.md AUTHORS '/home/devel/building/work/pkg/usr/share/doc/pkgconf'
 /bin/mkdir -p '/home/devel/building/work/pkg/usr/share/man/man1'
 /usr/bin/install -c -m 644 pkg.m4 '/home/devel/building/work/pkg/usr/share/aclocal'
 /bin/mkdir -p '/home/devel/building/work/pkg/usr/share/man/man5'
 /bin/mkdir -p '/home/devel/building/work/pkg/usr/include/pkgconf'
 /bin/mkdir -p '/home/devel/building/work/pkg/usr/share/man/man7'
 /bin/mkdir -p '/home/devel/building/work/pkg/usr/lib/pkgconfig'
 /bin/mkdir -p '/home/devel/building/work/pkg/usr/lib'
 /bin/sh ./libtool   --mode=install /usr/bin/install -c   libpkgconf.la '/home/devel/building/work/pkg/usr/lib'
 /usr/bin/install -c -m 644 libpkgconf.pc '/home/devel/building/work/pkg/usr/lib/pkgconfig'
 /usr/bin/install -c -m 644 man/pkg.m4.7 '/home/devel/building/work/pkg/usr/share/man/man7'
 /usr/bin/install -c -m 644 man/pc.5 man/pkgconf-personality.5 '/home/devel/building/work/pkg/usr/share/man/man5'
 /bin/mkdir -p '/home/devel/building/work/pkg/usr/include/pkgconf/libpkgconf'
 /usr/bin/install -c -m 644 man/pkgconf.1 '/home/devel/building/work/pkg/usr/share/man/man1'
 /usr/bin/install -c -m 644  libpkgconf/bsdstubs.h libpkgconf/iter.h libpkgconf/libpkgconf.h libpkgconf/stdinc.h libpkgconf/libpkgconf-api.h '/home/devel/building/work/pkg/usr/include/pkgconf/libpkgconf'
libtool: install: /usr/bin/install -c .libs/libpkgconf.so.5.0.0 /home/devel/building/work/pkg/usr/lib/libpkgconf.so.5.0.0
libtool: install: (cd /home/devel/building/work/pkg/usr/lib && { ln -s -f libpkgconf.so.5.0.0 libpkgconf.so.5 || { rm -f libpkgconf.so.5 && ln -s libpkgconf.so.5.0.0 libpkgconf.so.5; }; })
libtool: install: (cd /home/devel/building/work/pkg/usr/lib && { ln -s -f libpkgconf.so.5.0.0 libpkgconf.so || { rm -f libpkgconf.so && ln -s libpkgconf.so.5.0.0 libpkgconf.so; }; })
libtool: install: /usr/bin/install -c .libs/libpkgconf.lai /home/devel/building/work/pkg/usr/lib/libpkgconf.la
libtool: warning: remember to run 'libtool --finish /usr/lib'
 /bin/mkdir -p '/home/devel/building/work/pkg/usr/bin'
  /bin/sh ./libtool   --mode=install /usr/bin/install -c pkgconf bomtool '/home/devel/building/work/pkg/usr/bin'
libtool: warning: 'libpkgconf.la' has not been installed in '/usr/lib'
libtool: install: /usr/bin/install -c .libs/pkgconf /home/devel/building/work/pkg/usr/bin/pkgconf
libtool: warning: 'libpkgconf.la' has not been installed in '/usr/lib'
libtool: install: /usr/bin/install -c .libs/bomtool /home/devel/building/work/pkg/usr/bin/bomtool
make[1]: Leaving directory '/home/devel/building/work/src/pkgconf-2.2.0'
+ install -Dt /home/devel/building/work/pkg/usr/share/pkgconfig/personality.d -m 0644 /home/devel/building/work/src/x86_64-unknown-linux-musl.personality
+ ln -s pkgconf /home/devel/building/work/pkg/usr/bin/x86_64-unknown-linux-gnu-pkg-config
+ ln -s pkgconf /home/devel/building/work/pkg/usr/bin/pkg-config
+ ln -s pkgconf.1 /home/devel/building/work/pkg/usr/share/man/man1/pkg-config.1
+ rm -r /home/devel/building/work/pkg/usr/share/doc
+ find /home/devel/building/work/pkg -type f -name '*.la' -delete
=======> Build result:
drwxr-xr-x  0 root   root        0 May 15 19:02 usr/
drwxr-xr-x  0 root   root        0 May 15 19:02 usr/share/
drwxr-xr-x  0 root   root        0 May 15 19:02 usr/include/
drwxr-xr-x  0 root   root        0 May 15 19:02 usr/lib/
drwxr-xr-x  0 root   root        0 May 15 19:02 usr/bin/
-rwxr-xr-x  0 root   root    43336 May 15 19:02 usr/bin/pkgconf
-rwxr-xr-x  0 root   root    18472 May 15 19:02 usr/bin/bomtool
lrwxrwxrwx  0 root   root        0 May 15 19:02 usr/bin/x86_64-unknown-linux-gnu-pkg-config -> pkgconf
lrwxrwxrwx  0 root   root        0 May 15 19:02 usr/bin/pkg-config -> pkgconf
drwxr-xr-x  0 root   root        0 May 15 19:02 usr/lib/pkgconfig/
-rwxr-xr-x  0 root   root    78048 May 15 19:02 usr/lib/libpkgconf.so.5.0.0
lrwxrwxrwx  0 root   root        0 May 15 19:02 usr/lib/libpkgconf.so.5 -> libpkgconf.so.5.0.0
lrwxrwxrwx  0 root   root        0 May 15 19:02 usr/lib/libpkgconf.so -> libpkgconf.so.5.0.0
-rw-r--r--  0 root   root      338 May 15 19:02 usr/lib/pkgconfig/libpkgconf.pc
drwxr-xr-x  0 root   root        0 May 15 19:02 usr/include/pkgconf/
drwxr-xr-x  0 root   root        0 May 15 19:02 usr/include/pkgconf/libpkgconf/
-rw-r--r--  0 root   root     1076 May 15 19:02 usr/include/pkgconf/libpkgconf/bsdstubs.h
-rw-r--r--  0 root   root     2016 May 15 19:02 usr/include/pkgconf/libpkgconf/iter.h
-rw-r--r--  0 root   root    18733 May 15 19:02 usr/include/pkgconf/libpkgconf/libpkgconf.h
-rw-r--r--  0 root   root     1612 May 15 19:02 usr/include/pkgconf/libpkgconf/stdinc.h
-rw-r--r--  0 root   root      599 May 15 19:02 usr/include/pkgconf/libpkgconf/libpkgconf-api.h
drwxr-xr-x  0 root   root        0 May 15 19:02 usr/share/aclocal/
drwxr-xr-x  0 root   root        0 May 15 19:02 usr/share/man/
drwxr-xr-x  0 root   root        0 May 15 19:02 usr/share/pkgconfig/
drwxr-xr-x  0 root   root        0 May 15 19:02 usr/share/pkgconfig/personality.d/
-rw-r--r--  0 root   root      176 May 15 19:02 usr/share/pkgconfig/personality.d/x86_64-unknown-linux-musl.personality
drwxr-xr-x  0 root   root        0 May 15 19:02 usr/share/man/man1/
drwxr-xr-x  0 root   root        0 May 15 19:02 usr/share/man/man5/
drwxr-xr-x  0 root   root        0 May 15 19:02 usr/share/man/man7/
-rw-r--r--  0 root   root     1526 May 15 19:02 usr/share/man/man7/pkg.m4.7.gz
-rw-r--r--  0 root   root     2334 May 15 19:02 usr/share/man/man5/pc.5.gz
-rw-r--r--  0 root   root     1442 May 15 19:02 usr/share/man/man5/pkgconf-personality.5.gz
-rw-r--r--  0 root   root     2880 May 15 19:02 usr/share/man/man1/pkgconf.1.gz
lrwxrwxrwx  0 root   root        0 May 15 19:02 usr/share/man/man1/pkg-config.1.gz -> pkgconf.1.gz
-rw-r--r--  0 root   root    12735 May 15 19:02 usr/share/aclocal/pkg.m4
=======> Building '/home/devel/packages/pkgconf#2.2.0-1.x86_64.pkg.tar.zst' succeeded.
prt-get: Using PKGMK_PACKAGE_DIR: /home/devel/packages
prt-get: reinstalling pkgconf 2.2.0-1
prt-get: /usr/bin/pkgadd -u pkgconf#2.2.0-1.x86_64.pkg.tar.zst
prt-get: build done Wed May 15 19:02:56 2024

