prt-get: updating /usr/ports/core-x86_64/procps
prt-get: starting build Wed May 15 19:03:08 2024
=======> Building '/home/devel/packages/procps#4.0.4-1.x86_64.pkg.tar.zst'.
bsdtar -p -o -C /home/devel/building/work/src -xf /home/devel/sources/procps-ng-4.0.4.tar.xz
cp sysctl.conf /home/devel/building/work/src
+ build
+ cd procps-ng-4.0.4
+ export 'LINGUAS= '
+ LINGUAS=' '
+ ./configure --prefix=/usr --sbindir=/sbin --libdir=/usr/lib --sysconfdir=/etc --disable-nls --disable-kill --disable-static --disable-modern-top
checking for a BSD-compatible install... /usr/bin/install -c
checking whether build environment is sane... yes
checking for a race-free mkdir -p... /bin/mkdir -p
checking for gawk... gawk
checking whether make sets $(MAKE)... yes
checking whether make supports nested variables... yes
checking how to create a pax tar archive... gnutar
checking whether make supports nested variables... (cached) yes
checking whether make supports the include directive... yes (GNU style)
checking for gcc... gcc
checking whether the C compiler works... yes
checking for C compiler default output file name... a.out
checking for suffix of executables... 
checking whether we are cross compiling... no
checking for suffix of object files... o
checking whether the compiler supports GNU C... yes
checking whether gcc accepts -g... yes
checking for gcc option to enable C11 features... none needed
checking whether gcc understands -c and -o together... yes
checking dependency style of gcc... gcc3
checking for stdio.h... yes
checking for stdlib.h... yes
checking for string.h... yes
checking for inttypes.h... yes
checking for stdint.h... yes
checking for strings.h... yes
checking for sys/stat.h... yes
checking for sys/types.h... yes
checking for unistd.h... yes
checking for wchar.h... yes
checking for minix/config.h... no
checking for vfork.h... no
checking for sys/param.h... yes
checking whether it is safe to define __EXTENSIONS__... yes
checking whether _XOPEN_SOURCE should be defined... no
checking for special C compiler options needed for large files... no
checking for _FILE_OFFSET_BITS value needed for large files... no
checking for gawk... (cached) gawk
checking for gcc... (cached) gcc
checking whether the compiler supports GNU C... (cached) yes
checking whether gcc accepts -g... (cached) yes
checking for gcc option to enable C11 features... (cached) none needed
checking whether gcc understands -c and -o together... (cached) yes
checking dependency style of gcc... (cached) gcc3
checking how to run the C preprocessor... gcc -std=gnu99 -E
checking whether ln -s works... yes
checking for pkg-config... /usr/bin/pkg-config
checking pkg-config is at least version 0.9.0... yes
checking whether make sets $(MAKE)... (cached) yes
checking whether NLS is requested... no
checking for po4a... no
checking for sys/mkdev.h... no
checking for sys/sysmacros.h... yes
checking for arpa/inet.h... yes
checking for fcntl.h... yes
checking for float.h... yes
checking for langinfo.h... yes
checking for libintl.h... yes
checking for limits.h... yes
checking for locale.h... yes
checking for stdint.h... (cached) yes
checking for stdio_ext.h... yes
checking for stdlib.h... (cached) yes
checking for string.h... (cached) yes
checking for sys/file.h... yes
checking for sys/ioctl.h... yes
checking for sys/param.h... (cached) yes
checking for sys/time.h... yes
checking for termios.h... yes
checking for unistd.h... (cached) yes
checking for utmp.h... yes
checking for utmpx.h... yes
checking for values.h... yes
checking for wchar.h... (cached) yes
checking for wctype.h... yes
checking for _Bool... yes
checking for stdbool.h that conforms to C99... yes
checking for grep that handles long lines and -e... /usr/bin/grep
checking for egrep... /usr/bin/grep -E
checking for uid_t in sys/types.h... yes
checking for inline... inline
checking for int32_t... yes
checking for pid_t... yes
checking for C/C++ restrict keyword... __restrict__
checking for size_t... yes
checking for ssize_t... yes
checking for struct stat.st_rdev... yes
checking for siginfo_t.si_int... yes
checking for gcc -std=gnu99 options needed to detect all undeclared functions... none needed
checking whether __UT_HOSTSIZE is declared... no
checking build system type... x86_64-pc-linux-musl
checking host system type... x86_64-pc-linux-musl
checking how to print strings... printf
checking for a sed that does not truncate output... /bin/sed
checking for fgrep... /usr/bin/grep -F
checking for ld used by gcc -std=gnu99... /usr/bin/ld
checking if the linker (/usr/bin/ld) is GNU ld... yes
checking for BSD- or MS-compatible name lister (nm)... /usr/bin/nm -B
checking the name lister (/usr/bin/nm -B) interface... BSD nm
checking the maximum length of command line arguments... 98304
checking how to convert x86_64-pc-linux-musl file names to x86_64-pc-linux-musl format... func_convert_file_noop
checking how to convert x86_64-pc-linux-musl file names to toolchain format... func_convert_file_noop
checking for /usr/bin/ld option to reload object files... -r
checking for file... file
checking for objdump... objdump
checking how to recognize dependent libraries... pass_all
checking for dlltool... no
checking how to associate runtime and link libraries... printf %s\n
checking for ar... ar
checking for archiver @FILE support... @
checking for strip... strip
checking for ranlib... ranlib
checking command to parse /usr/bin/nm -B output from gcc -std=gnu99 object... ok
checking for sysroot... no
checking for a working dd... /bin/dd
checking how to truncate binary pipes... /bin/dd bs=4096 count=1
checking for mt... no
checking if : is a manifest tool... no
checking for dlfcn.h... yes
checking for objdir... .libs
checking if gcc -std=gnu99 supports -fno-rtti -fno-exceptions... no
checking for gcc -std=gnu99 option to produce PIC... -fPIC -DPIC
checking if gcc -std=gnu99 PIC flag -fPIC -DPIC works... yes
checking if gcc -std=gnu99 static flag -static works... yes
checking if gcc -std=gnu99 supports -c -o file.o... yes
checking if gcc -std=gnu99 supports -c -o file.o... (cached) yes
checking whether the gcc -std=gnu99 linker (/usr/bin/ld -m elf_x86_64) supports shared libraries... yes
checking whether -lc should be explicitly linked in... no
checking dynamic linker characteristics... GNU/Linux ld.so
checking how to hardcode library paths into programs... immediate
checking whether stripping libraries is possible... yes
checking if libtool supports shared libraries... yes
checking whether to build shared libraries... yes
checking whether to build static libraries... no
checking for error_at_line... no
checking for fork... yes
checking for vfork... yes
checking for getpagesize... yes
checking for working fork... yes
checking for working vfork... (cached) yes
checking for GNU libc compatible malloc... yes
checking whether mbrtowc and mbstate_t are properly declared... yes
checking for working mmap... yes
checking for GNU libc compatible realloc... yes
checking for working strcoll... yes
checking for working strtod... yes
checking for msgfmt... /usr/bin/msgfmt
checking for gmsgfmt... /usr/bin/msgfmt
checking for xgettext... /usr/bin/xgettext
checking for msgmerge... /usr/bin/msgmerge
checking for ld used by GCC... /usr/bin/ld -m elf_x86_64
checking if the linker (/usr/bin/ld -m elf_x86_64) is GNU ld... yes
checking for shared library run path origin... done
checking whether NLS is requested... no
checking whether to use NLS... no
checking for error.h... no
checking for stdio_ext.h... (cached) yes
checking for __progname... yes
checking whether program_invocation_name is defined... yes
checking whether program_invocation_short_name is defined... yes
checking for pidfd_open... no
checking for __NR_pidfd_open... yes
checking for ncursesw... yes
checking for library containing dlopen... none required
checking for __fpending... yes
checking for alarm... yes
checking for atexit... yes
checking for dup2... yes
checking for gethostname... yes
checking for getpagesize... (cached) yes
checking for gettimeofday... yes
checking for iswprint... yes
checking for memchr... yes
checking for memmove... yes
checking for memset... yes
checking for mkdir... yes
checking for nl_langinfo... yes
checking for putenv... yes
checking for regcomp... yes
checking for rpmatch... no
checking for select... yes
checking for setlocale... yes
checking for sigabbrev_np... no
checking for strcasecmp... yes
checking for strchr... yes
checking for strcspn... yes
checking for strdup... yes
checking for strerror... yes
checking for strncasecmp... yes
checking for strndup... yes
checking for strpbrk... yes
checking for strrchr... yes
checking for strspn... yes
checking for strstr... yes
checking for strtol... yes
checking for strtoul... yes
checking for strverscmp... yes
checking for utmpname... yes
checking for wcwidth... yes
checking that generated files are newer than configure... done
configure: creating ./config.status
config.status: creating Makefile
config.status: creating local/Makefile
config.status: creating po-man/Makefile
config.status: creating po/Makefile.in
config.status: creating library/libproc2.pc
config.status: creating testsuite/Makefile
config.status: creating config.h
config.status: executing depfiles commands
config.status: executing libtool commands
config.status: executing default-1 commands
config.status: creating po/POTFILES
config.status: creating po/Makefile
+ make V=1
make  all-recursive
make[1]: Entering directory '/home/devel/building/work/src/procps-ng-4.0.4'
Making all in local
make[2]: Entering directory '/home/devel/building/work/src/procps-ng-4.0.4/local'
make[2]: Nothing to be done for 'all'.
make[2]: Leaving directory '/home/devel/building/work/src/procps-ng-4.0.4/local'
Making all in po-man
make[2]: Entering directory '/home/devel/building/work/src/procps-ng-4.0.4/po-man'
make[2]: Nothing to be done for 'all'.
make[2]: Leaving directory '/home/devel/building/work/src/procps-ng-4.0.4/po-man'
Making all in po
make[2]: Entering directory '/home/devel/building/work/src/procps-ng-4.0.4/po'
make[2]: Nothing to be done for 'all'.
make[2]: Leaving directory '/home/devel/building/work/src/procps-ng-4.0.4/po'
Making all in testsuite
make[2]: Entering directory '/home/devel/building/work/src/procps-ng-4.0.4/testsuite'
depbase=`echo ps.test/test-schedbatch.o | sed 's|[^/]*$|.deps/&|;s|\.o$||'`;\
gcc -std=gnu99 -DHAVE_CONFIG_H -I. -I..     -O2 -m64 -march=x86-64 -mtune=generic -flto=auto -ffat-lto-objects -MT ps.test/test-schedbatch.o -MD -MP -MF $depbase.Tpo -c -o ps.test/test-schedbatch.o ps.test/test-schedbatch.c &&\
mv -f $depbase.Tpo $depbase.Po
/bin/sh ../libtool  --tag=CC   --mode=link gcc -std=gnu99  -O2 -m64 -march=x86-64 -mtune=generic -flto=auto -ffat-lto-objects   -o test-schedbatch ps.test/test-schedbatch.o  
libtool: link: gcc -std=gnu99 -O2 -m64 -march=x86-64 -mtune=generic -flto=auto -ffat-lto-objects -o test-schedbatch ps.test/test-schedbatch.o 
make[2]: Leaving directory '/home/devel/building/work/src/procps-ng-4.0.4/testsuite'
make[2]: Entering directory '/home/devel/building/work/src/procps-ng-4.0.4'
depbase=`echo local/strutils.o | sed 's|[^/]*$|.deps/&|;s|\.o$||'`;\
gcc -std=gnu99 -DHAVE_CONFIG_H -I.  -include ./config.h -I./local -I./library/include -Wno-unused-result -DLOCALEDIR=\"/usr/share/locale\"   -Ilibrary/include -O2 -m64 -march=x86-64 -mtune=generic -flto=auto -ffat-lto-objects -MT local/strutils.o -MD -MP -MF $depbase.Tpo -c -o local/strutils.o local/strutils.c &&\
mv -f $depbase.Tpo $depbase.Po
gcc -std=gnu99 -DHAVE_CONFIG_H -I.  -include ./config.h -I./local -I./library/include -Wno-unused-result -DLOCALEDIR=\"/usr/share/locale\"   -DNCURSES_WIDECHAR -O2 -m64 -march=x86-64 -mtune=generic -flto=auto -ffat-lto-objects -MT local/src_watch-strutils.o -MD -MP -MF local/.deps/src_watch-strutils.Tpo -c -o local/src_watch-strutils.o `test -f 'local/strutils.c' || echo './'`local/strutils.c
gcc -std=gnu99 -DHAVE_CONFIG_H -I.  -include ./config.h -I./local -I./library/include -Wno-unused-result -DLOCALEDIR=\"/usr/share/locale\"   -DNCURSES_WIDECHAR -O2 -m64 -march=x86-64 -mtune=generic -flto=auto -ffat-lto-objects -MT local/src_watch-fileutils.o -MD -MP -MF local/.deps/src_watch-fileutils.Tpo -c -o local/src_watch-fileutils.o `test -f 'local/fileutils.c' || echo './'`local/fileutils.c
gcc -std=gnu99 -DHAVE_CONFIG_H -I.  -include ./config.h -I./local -I./library/include -Wno-unused-result -DLOCALEDIR=\"/usr/share/locale\"   -DNCURSES_WIDECHAR -O2 -m64 -march=x86-64 -mtune=generic -flto=auto -ffat-lto-objects -MT local/src_top_top-fileutils.o -MD -MP -MF local/.deps/src_top_top-fileutils.Tpo -c -o local/src_top_top-fileutils.o `test -f 'local/fileutils.c' || echo './'`local/fileutils.c
gcc -std=gnu99 -DHAVE_CONFIG_H -I.  -include ./config.h -I./local -I./library/include -Wno-unused-result -DLOCALEDIR=\"/usr/share/locale\"   -DNCURSES_WIDECHAR -O2 -m64 -march=x86-64 -mtune=generic -flto=auto -ffat-lto-objects -MT local/src_top_top-signals.o -MD -MP -MF local/.deps/src_top_top-signals.Tpo -c -o local/src_top_top-signals.o `test -f 'local/signals.c' || echo './'`local/signals.c
gcc -std=gnu99 -DHAVE_CONFIG_H -I.  -include ./config.h -I./local -I./library/include -Wno-unused-result -DLOCALEDIR=\"/usr/share/locale\"   -DNCURSES_WIDECHAR -O2 -m64 -march=x86-64 -mtune=generic -flto=auto -ffat-lto-objects -MT src/slabtop-slabtop.o -MD -MP -MF src/.deps/slabtop-slabtop.Tpo -c -o src/slabtop-slabtop.o `test -f 'src/slabtop.c' || echo './'`src/slabtop.c
gcc -std=gnu99 -DHAVE_CONFIG_H -I.  -include ./config.h -I./local -I./library/include -Wno-unused-result -DLOCALEDIR=\"/usr/share/locale\"   -DNCURSES_WIDECHAR -O2 -m64 -march=x86-64 -mtune=generic -flto=auto -ffat-lto-objects -MT local/src_slabtop-strutils.o -MD -MP -MF local/.deps/src_slabtop-strutils.Tpo -c -o local/src_slabtop-strutils.o `test -f 'local/strutils.c' || echo './'`local/strutils.c
gcc -std=gnu99 -DHAVE_CONFIG_H -I.  -include ./config.h -I./local -I./library/include -Wno-unused-result -DLOCALEDIR=\"/usr/share/locale\"   -DNCURSES_WIDECHAR -O2 -m64 -march=x86-64 -mtune=generic -flto=auto -ffat-lto-objects -MT local/src_slabtop-fileutils.o -MD -MP -MF local/.deps/src_slabtop-fileutils.Tpo -c -o local/src_slabtop-fileutils.o `test -f 'local/fileutils.c' || echo './'`local/fileutils.c
mv -f local/.deps/src_watch-fileutils.Tpo local/.deps/src_watch-fileutils.Po
mv -f local/.deps/src_top_top-fileutils.Tpo local/.deps/src_top_top-fileutils.Po
depbase=`echo src/sysctl.o | sed 's|[^/]*$|.deps/&|;s|\.o$||'`;\
gcc -std=gnu99 -DHAVE_CONFIG_H -I.  -include ./config.h -I./local -I./library/include -Wno-unused-result -DLOCALEDIR=\"/usr/share/locale\"   -Ilibrary/include -O2 -m64 -march=x86-64 -mtune=generic -flto=auto -ffat-lto-objects -MT src/sysctl.o -MD -MP -MF $depbase.Tpo -c -o src/sysctl.o src/sysctl.c &&\
mv -f $depbase.Tpo $depbase.Po
depbase=`echo local/procio.o | sed 's|[^/]*$|.deps/&|;s|\.o$||'`;\
gcc -std=gnu99 -DHAVE_CONFIG_H -I.  -include ./config.h -I./local -I./library/include -Wno-unused-result -DLOCALEDIR=\"/usr/share/locale\"   -Ilibrary/include -O2 -m64 -march=x86-64 -mtune=generic -flto=auto -ffat-lto-objects -MT local/procio.o -MD -MP -MF $depbase.Tpo -c -o local/procio.o local/procio.c &&\
mv -f $depbase.Tpo $depbase.Po
mv -f local/.deps/src_slabtop-fileutils.Tpo local/.deps/src_slabtop-fileutils.Po
depbase=`echo src/ps/display.o | sed 's|[^/]*$|.deps/&|;s|\.o$||'`;\
gcc -std=gnu99 -DHAVE_CONFIG_H -I.  -include ./config.h -I./local -I./library/include -Wno-unused-result -DLOCALEDIR=\"/usr/share/locale\"   -Ilibrary/include -O2 -m64 -march=x86-64 -mtune=generic -flto=auto -ffat-lto-objects -MT src/ps/display.o -MD -MP -MF $depbase.Tpo -c -o src/ps/display.o src/ps/display.c &&\
mv -f $depbase.Tpo $depbase.Po
mv -f local/.deps/src_watch-strutils.Tpo local/.deps/src_watch-strutils.Po
mv -f local/.deps/src_slabtop-strutils.Tpo local/.deps/src_slabtop-strutils.Po
depbase=`echo src/ps/global.o | sed 's|[^/]*$|.deps/&|;s|\.o$||'`;\
gcc -std=gnu99 -DHAVE_CONFIG_H -I.  -include ./config.h -I./local -I./library/include -Wno-unused-result -DLOCALEDIR=\"/usr/share/locale\"   -Ilibrary/include -O2 -m64 -march=x86-64 -mtune=generic -flto=auto -ffat-lto-objects -MT src/ps/global.o -MD -MP -MF $depbase.Tpo -c -o src/ps/global.o src/ps/global.c &&\
mv -f $depbase.Tpo $depbase.Po
depbase=`echo src/ps/help.o | sed 's|[^/]*$|.deps/&|;s|\.o$||'`;\
gcc -std=gnu99 -DHAVE_CONFIG_H -I.  -include ./config.h -I./local -I./library/include -Wno-unused-result -DLOCALEDIR=\"/usr/share/locale\"   -Ilibrary/include -O2 -m64 -march=x86-64 -mtune=generic -flto=auto -ffat-lto-objects -MT src/ps/help.o -MD -MP -MF $depbase.Tpo -c -o src/ps/help.o src/ps/help.c &&\
mv -f $depbase.Tpo $depbase.Po
depbase=`echo src/ps/output.o | sed 's|[^/]*$|.deps/&|;s|\.o$||'`;\
gcc -std=gnu99 -DHAVE_CONFIG_H -I.  -include ./config.h -I./local -I./library/include -Wno-unused-result -DLOCALEDIR=\"/usr/share/locale\"   -Ilibrary/include -O2 -m64 -march=x86-64 -mtune=generic -flto=auto -ffat-lto-objects -MT src/ps/output.o -MD -MP -MF $depbase.Tpo -c -o src/ps/output.o src/ps/output.c &&\
mv -f $depbase.Tpo $depbase.Po
mv -f local/.deps/src_top_top-signals.Tpo local/.deps/src_top_top-signals.Po
depbase=`echo src/ps/parser.o | sed 's|[^/]*$|.deps/&|;s|\.o$||'`;\
gcc -std=gnu99 -DHAVE_CONFIG_H -I.  -include ./config.h -I./local -I./library/include -Wno-unused-result -DLOCALEDIR=\"/usr/share/locale\"   -Ilibrary/include -O2 -m64 -march=x86-64 -mtune=generic -flto=auto -ffat-lto-objects -MT src/ps/parser.o -MD -MP -MF $depbase.Tpo -c -o src/ps/parser.o src/ps/parser.c &&\
mv -f $depbase.Tpo $depbase.Po
mv -f src/.deps/slabtop-slabtop.Tpo src/.deps/slabtop-slabtop.Po
depbase=`echo src/ps/select.o | sed 's|[^/]*$|.deps/&|;s|\.o$||'`;\
gcc -std=gnu99 -DHAVE_CONFIG_H -I.  -include ./config.h -I./local -I./library/include -Wno-unused-result -DLOCALEDIR=\"/usr/share/locale\"   -Ilibrary/include -O2 -m64 -march=x86-64 -mtune=generic -flto=auto -ffat-lto-objects -MT src/ps/select.o -MD -MP -MF $depbase.Tpo -c -o src/ps/select.o src/ps/select.c &&\
mv -f $depbase.Tpo $depbase.Po
depbase=`echo src/ps/signames.o | sed 's|[^/]*$|.deps/&|;s|\.o$||'`;\
gcc -std=gnu99 -DHAVE_CONFIG_H -I.  -include ./config.h -I./local -I./library/include -Wno-unused-result -DLOCALEDIR=\"/usr/share/locale\"   -Ilibrary/include -O2 -m64 -march=x86-64 -mtune=generic -flto=auto -ffat-lto-objects -MT src/ps/signames.o -MD -MP -MF $depbase.Tpo -c -o src/ps/signames.o src/ps/signames.c &&\
mv -f $depbase.Tpo $depbase.Po
depbase=`echo src/ps/sortformat.o | sed 's|[^/]*$|.deps/&|;s|\.o$||'`;\
gcc -std=gnu99 -DHAVE_CONFIG_H -I.  -include ./config.h -I./local -I./library/include -Wno-unused-result -DLOCALEDIR=\"/usr/share/locale\"   -Ilibrary/include -O2 -m64 -march=x86-64 -mtune=generic -flto=auto -ffat-lto-objects -MT src/ps/sortformat.o -MD -MP -MF $depbase.Tpo -c -o src/ps/sortformat.o src/ps/sortformat.c &&\
mv -f $depbase.Tpo $depbase.Po
depbase=`echo src/ps/stacktrace.o | sed 's|[^/]*$|.deps/&|;s|\.o$||'`;\
gcc -std=gnu99 -DHAVE_CONFIG_H -I.  -include ./config.h -I./local -I./library/include -Wno-unused-result -DLOCALEDIR=\"/usr/share/locale\"   -Ilibrary/include -O2 -m64 -march=x86-64 -mtune=generic -flto=auto -ffat-lto-objects -MT src/ps/stacktrace.o -MD -MP -MF $depbase.Tpo -c -o src/ps/stacktrace.o src/ps/stacktrace.c &&\
mv -f $depbase.Tpo $depbase.Po
depbase=`echo local/fileutils.o | sed 's|[^/]*$|.deps/&|;s|\.o$||'`;\
gcc -std=gnu99 -DHAVE_CONFIG_H -I.  -include ./config.h -I./local -I./library/include -Wno-unused-result -DLOCALEDIR=\"/usr/share/locale\"   -Ilibrary/include -O2 -m64 -march=x86-64 -mtune=generic -flto=auto -ffat-lto-objects -MT local/fileutils.o -MD -MP -MF $depbase.Tpo -c -o local/fileutils.o local/fileutils.c &&\
mv -f $depbase.Tpo $depbase.Po
depbase=`echo local/signals.o | sed 's|[^/]*$|.deps/&|;s|\.o$||'`;\
gcc -std=gnu99 -DHAVE_CONFIG_H -I.  -include ./config.h -I./local -I./library/include -Wno-unused-result -DLOCALEDIR=\"/usr/share/locale\"   -Ilibrary/include -O2 -m64 -march=x86-64 -mtune=generic -flto=auto -ffat-lto-objects -MT local/signals.o -MD -MP -MF $depbase.Tpo -c -o local/signals.o local/signals.c &&\
mv -f $depbase.Tpo $depbase.Po
depbase=`echo library/devname.lo | sed 's|[^/]*$|.deps/&|;s|\.lo$||'`;\
/bin/sh ./libtool  --tag=CC   --mode=compile gcc -std=gnu99 -DHAVE_CONFIG_H -I.  -include ./config.h -I./local -I./library/include -Wno-unused-result -DLOCALEDIR=\"/usr/share/locale\"   -Ilibrary/include -O2 -m64 -march=x86-64 -mtune=generic -flto=auto -ffat-lto-objects -MT library/devname.lo -MD -MP -MF $depbase.Tpo -c -o library/devname.lo library/devname.c &&\
mv -f $depbase.Tpo $depbase.Plo
depbase=`echo library/diskstats.lo | sed 's|[^/]*$|.deps/&|;s|\.lo$||'`;\
/bin/sh ./libtool  --tag=CC   --mode=compile gcc -std=gnu99 -DHAVE_CONFIG_H -I.  -include ./config.h -I./local -I./library/include -Wno-unused-result -DLOCALEDIR=\"/usr/share/locale\"   -Ilibrary/include -O2 -m64 -march=x86-64 -mtune=generic -flto=auto -ffat-lto-objects -MT library/diskstats.lo -MD -MP -MF $depbase.Tpo -c -o library/diskstats.lo library/diskstats.c &&\
mv -f $depbase.Tpo $depbase.Plo
depbase=`echo library/escape.lo | sed 's|[^/]*$|.deps/&|;s|\.lo$||'`;\
/bin/sh ./libtool  --tag=CC   --mode=compile gcc -std=gnu99 -DHAVE_CONFIG_H -I.  -include ./config.h -I./local -I./library/include -Wno-unused-result -DLOCALEDIR=\"/usr/share/locale\"   -Ilibrary/include -O2 -m64 -march=x86-64 -mtune=generic -flto=auto -ffat-lto-objects -MT library/escape.lo -MD -MP -MF $depbase.Tpo -c -o library/escape.lo library/escape.c &&\
mv -f $depbase.Tpo $depbase.Plo
depbase=`echo library/meminfo.lo | sed 's|[^/]*$|.deps/&|;s|\.lo$||'`;\
/bin/sh ./libtool  --tag=CC   --mode=compile gcc -std=gnu99 -DHAVE_CONFIG_H -I.  -include ./config.h -I./local -I./library/include -Wno-unused-result -DLOCALEDIR=\"/usr/share/locale\"   -Ilibrary/include -O2 -m64 -march=x86-64 -mtune=generic -flto=auto -ffat-lto-objects -MT library/meminfo.lo -MD -MP -MF $depbase.Tpo -c -o library/meminfo.lo library/meminfo.c &&\
mv -f $depbase.Tpo $depbase.Plo
libtool: compile:  gcc -std=gnu99 -DHAVE_CONFIG_H -I. -include ./config.h -I./local -I./library/include -Wno-unused-result "-DLOCALEDIR=\"/usr/share/locale\"" -Ilibrary/include -O2 -m64 -march=x86-64 -mtune=generic -flto=auto -ffat-lto-objects -MT library/devname.lo -MD -MP -MF library/.deps/devname.Tpo -c library/devname.c  -fPIC -DPIC -o library/.libs/devname.o
libtool: compile:  gcc -std=gnu99 -DHAVE_CONFIG_H -I. -include ./config.h -I./local -I./library/include -Wno-unused-result "-DLOCALEDIR=\"/usr/share/locale\"" -Ilibrary/include -O2 -m64 -march=x86-64 -mtune=generic -flto=auto -ffat-lto-objects -MT library/escape.lo -MD -MP -MF library/.deps/escape.Tpo -c library/escape.c  -fPIC -DPIC -o library/.libs/escape.o
libtool: compile:  gcc -std=gnu99 -DHAVE_CONFIG_H -I. -include ./config.h -I./local -I./library/include -Wno-unused-result "-DLOCALEDIR=\"/usr/share/locale\"" -Ilibrary/include -O2 -m64 -march=x86-64 -mtune=generic -flto=auto -ffat-lto-objects -MT library/diskstats.lo -MD -MP -MF library/.deps/diskstats.Tpo -c library/diskstats.c  -fPIC -DPIC -o library/.libs/diskstats.o
depbase=`echo library/namespace.lo | sed 's|[^/]*$|.deps/&|;s|\.lo$||'`;\
/bin/sh ./libtool  --tag=CC   --mode=compile gcc -std=gnu99 -DHAVE_CONFIG_H -I.  -include ./config.h -I./local -I./library/include -Wno-unused-result -DLOCALEDIR=\"/usr/share/locale\"   -Ilibrary/include -O2 -m64 -march=x86-64 -mtune=generic -flto=auto -ffat-lto-objects -MT library/namespace.lo -MD -MP -MF $depbase.Tpo -c -o library/namespace.lo library/namespace.c &&\
mv -f $depbase.Tpo $depbase.Plo
depbase=`echo library/numa.lo | sed 's|[^/]*$|.deps/&|;s|\.lo$||'`;\
/bin/sh ./libtool  --tag=CC   --mode=compile gcc -std=gnu99 -DHAVE_CONFIG_H -I.  -include ./config.h -I./local -I./library/include -Wno-unused-result -DLOCALEDIR=\"/usr/share/locale\"   -Ilibrary/include -O2 -m64 -march=x86-64 -mtune=generic -flto=auto -ffat-lto-objects -MT library/numa.lo -MD -MP -MF $depbase.Tpo -c -o library/numa.lo library/numa.c &&\
mv -f $depbase.Tpo $depbase.Plo
libtool: compile:  gcc -std=gnu99 -DHAVE_CONFIG_H -I. -include ./config.h -I./local -I./library/include -Wno-unused-result "-DLOCALEDIR=\"/usr/share/locale\"" -Ilibrary/include -O2 -m64 -march=x86-64 -mtune=generic -flto=auto -ffat-lto-objects -MT library/meminfo.lo -MD -MP -MF library/.deps/meminfo.Tpo -c library/meminfo.c  -fPIC -DPIC -o library/.libs/meminfo.o
libtool: compile:  gcc -std=gnu99 -DHAVE_CONFIG_H -I. -include ./config.h -I./local -I./library/include -Wno-unused-result "-DLOCALEDIR=\"/usr/share/locale\"" -Ilibrary/include -O2 -m64 -march=x86-64 -mtune=generic -flto=auto -ffat-lto-objects -MT library/namespace.lo -MD -MP -MF library/.deps/namespace.Tpo -c library/namespace.c  -fPIC -DPIC -o library/.libs/namespace.o
depbase=`echo library/pids.lo | sed 's|[^/]*$|.deps/&|;s|\.lo$||'`;\
/bin/sh ./libtool  --tag=CC   --mode=compile gcc -std=gnu99 -DHAVE_CONFIG_H -I.  -include ./config.h -I./local -I./library/include -Wno-unused-result -DLOCALEDIR=\"/usr/share/locale\"   -Ilibrary/include -O2 -m64 -march=x86-64 -mtune=generic -flto=auto -ffat-lto-objects -MT library/pids.lo -MD -MP -MF $depbase.Tpo -c -o library/pids.lo library/pids.c &&\
mv -f $depbase.Tpo $depbase.Plo
depbase=`echo library/pwcache.lo | sed 's|[^/]*$|.deps/&|;s|\.lo$||'`;\
/bin/sh ./libtool  --tag=CC   --mode=compile gcc -std=gnu99 -DHAVE_CONFIG_H -I.  -include ./config.h -I./local -I./library/include -Wno-unused-result -DLOCALEDIR=\"/usr/share/locale\"   -Ilibrary/include -O2 -m64 -march=x86-64 -mtune=generic -flto=auto -ffat-lto-objects -MT library/pwcache.lo -MD -MP -MF $depbase.Tpo -c -o library/pwcache.lo library/pwcache.c &&\
mv -f $depbase.Tpo $depbase.Plo
libtool: compile:  gcc -std=gnu99 -DHAVE_CONFIG_H -I. -include ./config.h -I./local -I./library/include -Wno-unused-result "-DLOCALEDIR=\"/usr/share/locale\"" -Ilibrary/include -O2 -m64 -march=x86-64 -mtune=generic -flto=auto -ffat-lto-objects -MT library/numa.lo -MD -MP -MF library/.deps/numa.Tpo -c library/numa.c  -fPIC -DPIC -o library/.libs/numa.o
depbase=`echo library/readproc.lo | sed 's|[^/]*$|.deps/&|;s|\.lo$||'`;\
/bin/sh ./libtool  --tag=CC   --mode=compile gcc -std=gnu99 -DHAVE_CONFIG_H -I.  -include ./config.h -I./local -I./library/include -Wno-unused-result -DLOCALEDIR=\"/usr/share/locale\"   -Ilibrary/include -O2 -m64 -march=x86-64 -mtune=generic -flto=auto -ffat-lto-objects -MT library/readproc.lo -MD -MP -MF $depbase.Tpo -c -o library/readproc.lo library/readproc.c &&\
mv -f $depbase.Tpo $depbase.Plo
depbase=`echo library/slabinfo.lo | sed 's|[^/]*$|.deps/&|;s|\.lo$||'`;\
/bin/sh ./libtool  --tag=CC   --mode=compile gcc -std=gnu99 -DHAVE_CONFIG_H -I.  -include ./config.h -I./local -I./library/include -Wno-unused-result -DLOCALEDIR=\"/usr/share/locale\"   -Ilibrary/include -O2 -m64 -march=x86-64 -mtune=generic -flto=auto -ffat-lto-objects -MT library/slabinfo.lo -MD -MP -MF $depbase.Tpo -c -o library/slabinfo.lo library/slabinfo.c &&\
mv -f $depbase.Tpo $depbase.Plo
libtool: compile:  gcc -std=gnu99 -DHAVE_CONFIG_H -I. -include ./config.h -I./local -I./library/include -Wno-unused-result "-DLOCALEDIR=\"/usr/share/locale\"" -Ilibrary/include -O2 -m64 -march=x86-64 -mtune=generic -flto=auto -ffat-lto-objects -MT library/pids.lo -MD -MP -MF library/.deps/pids.Tpo -c library/pids.c  -fPIC -DPIC -o library/.libs/pids.o
libtool: compile:  gcc -std=gnu99 -DHAVE_CONFIG_H -I. -include ./config.h -I./local -I./library/include -Wno-unused-result "-DLOCALEDIR=\"/usr/share/locale\"" -Ilibrary/include -O2 -m64 -march=x86-64 -mtune=generic -flto=auto -ffat-lto-objects -MT library/readproc.lo -MD -MP -MF library/.deps/readproc.Tpo -c library/readproc.c  -fPIC -DPIC -o library/.libs/readproc.o
libtool: compile:  gcc -std=gnu99 -DHAVE_CONFIG_H -I. -include ./config.h -I./local -I./library/include -Wno-unused-result "-DLOCALEDIR=\"/usr/share/locale\"" -Ilibrary/include -O2 -m64 -march=x86-64 -mtune=generic -flto=auto -ffat-lto-objects -MT library/slabinfo.lo -MD -MP -MF library/.deps/slabinfo.Tpo -c library/slabinfo.c  -fPIC -DPIC -o library/.libs/slabinfo.o
libtool: compile:  gcc -std=gnu99 -DHAVE_CONFIG_H -I. -include ./config.h -I./local -I./library/include -Wno-unused-result "-DLOCALEDIR=\"/usr/share/locale\"" -Ilibrary/include -O2 -m64 -march=x86-64 -mtune=generic -flto=auto -ffat-lto-objects -MT library/pwcache.lo -MD -MP -MF library/.deps/pwcache.Tpo -c library/pwcache.c  -fPIC -DPIC -o library/.libs/pwcache.o
depbase=`echo library/stat.lo | sed 's|[^/]*$|.deps/&|;s|\.lo$||'`;\
/bin/sh ./libtool  --tag=CC   --mode=compile gcc -std=gnu99 -DHAVE_CONFIG_H -I.  -include ./config.h -I./local -I./library/include -Wno-unused-result -DLOCALEDIR=\"/usr/share/locale\"   -Ilibrary/include -O2 -m64 -march=x86-64 -mtune=generic -flto=auto -ffat-lto-objects -MT library/stat.lo -MD -MP -MF $depbase.Tpo -c -o library/stat.lo library/stat.c &&\
mv -f $depbase.Tpo $depbase.Plo
libtool: compile:  gcc -std=gnu99 -DHAVE_CONFIG_H -I. -include ./config.h -I./local -I./library/include -Wno-unused-result "-DLOCALEDIR=\"/usr/share/locale\"" -Ilibrary/include -O2 -m64 -march=x86-64 -mtune=generic -flto=auto -ffat-lto-objects -MT library/stat.lo -MD -MP -MF library/.deps/stat.Tpo -c library/stat.c  -fPIC -DPIC -o library/.libs/stat.o
depbase=`echo library/sysinfo.lo | sed 's|[^/]*$|.deps/&|;s|\.lo$||'`;\
/bin/sh ./libtool  --tag=CC   --mode=compile gcc -std=gnu99 -DHAVE_CONFIG_H -I.  -include ./config.h -I./local -I./library/include -Wno-unused-result -DLOCALEDIR=\"/usr/share/locale\"   -Ilibrary/include -O2 -m64 -march=x86-64 -mtune=generic -flto=auto -ffat-lto-objects -MT library/sysinfo.lo -MD -MP -MF $depbase.Tpo -c -o library/sysinfo.lo library/sysinfo.c &&\
mv -f $depbase.Tpo $depbase.Plo
depbase=`echo library/version.lo | sed 's|[^/]*$|.deps/&|;s|\.lo$||'`;\
/bin/sh ./libtool  --tag=CC   --mode=compile gcc -std=gnu99 -DHAVE_CONFIG_H -I.  -include ./config.h -I./local -I./library/include -Wno-unused-result -DLOCALEDIR=\"/usr/share/locale\"   -Ilibrary/include -O2 -m64 -march=x86-64 -mtune=generic -flto=auto -ffat-lto-objects -MT library/version.lo -MD -MP -MF $depbase.Tpo -c -o library/version.lo library/version.c &&\
mv -f $depbase.Tpo $depbase.Plo
libtool: compile:  gcc -std=gnu99 -DHAVE_CONFIG_H -I. -include ./config.h -I./local -I./library/include -Wno-unused-result "-DLOCALEDIR=\"/usr/share/locale\"" -Ilibrary/include -O2 -m64 -march=x86-64 -mtune=generic -flto=auto -ffat-lto-objects -MT library/sysinfo.lo -MD -MP -MF library/.deps/sysinfo.Tpo -c library/sysinfo.c  -fPIC -DPIC -o library/.libs/sysinfo.o
libtool: compile:  gcc -std=gnu99 -DHAVE_CONFIG_H -I. -include ./config.h -I./local -I./library/include -Wno-unused-result "-DLOCALEDIR=\"/usr/share/locale\"" -Ilibrary/include -O2 -m64 -march=x86-64 -mtune=generic -flto=auto -ffat-lto-objects -MT library/version.lo -MD -MP -MF library/.deps/version.Tpo -c library/version.c  -fPIC -DPIC -o library/.libs/version.o
depbase=`echo library/vmstat.lo | sed 's|[^/]*$|.deps/&|;s|\.lo$||'`;\
/bin/sh ./libtool  --tag=CC   --mode=compile gcc -std=gnu99 -DHAVE_CONFIG_H -I.  -include ./config.h -I./local -I./library/include -Wno-unused-result -DLOCALEDIR=\"/usr/share/locale\"   -Ilibrary/include -O2 -m64 -march=x86-64 -mtune=generic -flto=auto -ffat-lto-objects -MT library/vmstat.lo -MD -MP -MF $depbase.Tpo -c -o library/vmstat.lo library/vmstat.c &&\
mv -f $depbase.Tpo $depbase.Plo
depbase=`echo library/wchan.lo | sed 's|[^/]*$|.deps/&|;s|\.lo$||'`;\
/bin/sh ./libtool  --tag=CC   --mode=compile gcc -std=gnu99 -DHAVE_CONFIG_H -I.  -include ./config.h -I./local -I./library/include -Wno-unused-result -DLOCALEDIR=\"/usr/share/locale\"   -Ilibrary/include -O2 -m64 -march=x86-64 -mtune=generic -flto=auto -ffat-lto-objects -MT library/wchan.lo -MD -MP -MF $depbase.Tpo -c -o library/wchan.lo library/wchan.c &&\
mv -f $depbase.Tpo $depbase.Plo
depbase=`echo library/uptime.lo | sed 's|[^/]*$|.deps/&|;s|\.lo$||'`;\
/bin/sh ./libtool  --tag=CC   --mode=compile gcc -std=gnu99 -DHAVE_CONFIG_H -I.  -include ./config.h -I./local -I./library/include -Wno-unused-result -DLOCALEDIR=\"/usr/share/locale\"   -Ilibrary/include -O2 -m64 -march=x86-64 -mtune=generic -flto=auto -ffat-lto-objects -MT library/uptime.lo -MD -MP -MF $depbase.Tpo -c -o library/uptime.lo library/uptime.c &&\
mv -f $depbase.Tpo $depbase.Plo
libtool: compile:  gcc -std=gnu99 -DHAVE_CONFIG_H -I. -include ./config.h -I./local -I./library/include -Wno-unused-result "-DLOCALEDIR=\"/usr/share/locale\"" -Ilibrary/include -O2 -m64 -march=x86-64 -mtune=generic -flto=auto -ffat-lto-objects -MT library/vmstat.lo -MD -MP -MF library/.deps/vmstat.Tpo -c library/vmstat.c  -fPIC -DPIC -o library/.libs/vmstat.o
libtool: compile:  gcc -std=gnu99 -DHAVE_CONFIG_H -I. -include ./config.h -I./local -I./library/include -Wno-unused-result "-DLOCALEDIR=\"/usr/share/locale\"" -Ilibrary/include -O2 -m64 -march=x86-64 -mtune=generic -flto=auto -ffat-lto-objects -MT library/uptime.lo -MD -MP -MF library/.deps/uptime.Tpo -c library/uptime.c  -fPIC -DPIC -o library/.libs/uptime.o
depbase=`echo src/free.o | sed 's|[^/]*$|.deps/&|;s|\.o$||'`;\
gcc -std=gnu99 -DHAVE_CONFIG_H -I.  -include ./config.h -I./local -I./library/include -Wno-unused-result -DLOCALEDIR=\"/usr/share/locale\"   -Ilibrary/include -O2 -m64 -march=x86-64 -mtune=generic -flto=auto -ffat-lto-objects -MT src/free.o -MD -MP -MF $depbase.Tpo -c -o src/free.o src/free.c &&\
mv -f $depbase.Tpo $depbase.Po
libtool: compile:  gcc -std=gnu99 -DHAVE_CONFIG_H -I. -include ./config.h -I./local -I./library/include -Wno-unused-result "-DLOCALEDIR=\"/usr/share/locale\"" -Ilibrary/include -O2 -m64 -march=x86-64 -mtune=generic -flto=auto -ffat-lto-objects -MT library/wchan.lo -MD -MP -MF library/.deps/wchan.Tpo -c library/wchan.c  -fPIC -DPIC -o library/.libs/wchan.o
depbase=`echo src/pgrep.o | sed 's|[^/]*$|.deps/&|;s|\.o$||'`;\
gcc -std=gnu99 -DHAVE_CONFIG_H -I.  -include ./config.h -I./local -I./library/include -Wno-unused-result -DLOCALEDIR=\"/usr/share/locale\"   -Ilibrary/include -O2 -m64 -march=x86-64 -mtune=generic -flto=auto -ffat-lto-objects -MT src/pgrep.o -MD -MP -MF $depbase.Tpo -c -o src/pgrep.o src/pgrep.c &&\
mv -f $depbase.Tpo $depbase.Po
depbase=`echo src/pmap.o | sed 's|[^/]*$|.deps/&|;s|\.o$||'`;\
gcc -std=gnu99 -DHAVE_CONFIG_H -I.  -include ./config.h -I./local -I./library/include -Wno-unused-result -DLOCALEDIR=\"/usr/share/locale\"   -Ilibrary/include -O2 -m64 -march=x86-64 -mtune=generic -flto=auto -ffat-lto-objects -MT src/pmap.o -MD -MP -MF $depbase.Tpo -c -o src/pmap.o src/pmap.c &&\
mv -f $depbase.Tpo $depbase.Po
depbase=`echo src/pwdx.o | sed 's|[^/]*$|.deps/&|;s|\.o$||'`;\
gcc -std=gnu99 -DHAVE_CONFIG_H -I.  -include ./config.h -I./local -I./library/include -Wno-unused-result -DLOCALEDIR=\"/usr/share/locale\"   -Ilibrary/include -O2 -m64 -march=x86-64 -mtune=generic -flto=auto -ffat-lto-objects -MT src/pwdx.o -MD -MP -MF $depbase.Tpo -c -o src/pwdx.o src/pwdx.c &&\
mv -f $depbase.Tpo $depbase.Po
depbase=`echo src/tload.o | sed 's|[^/]*$|.deps/&|;s|\.o$||'`;\
gcc -std=gnu99 -DHAVE_CONFIG_H -I.  -include ./config.h -I./local -I./library/include -Wno-unused-result -DLOCALEDIR=\"/usr/share/locale\"   -Ilibrary/include -O2 -m64 -march=x86-64 -mtune=generic -flto=auto -ffat-lto-objects -MT src/tload.o -MD -MP -MF $depbase.Tpo -c -o src/tload.o src/tload.c &&\
mv -f $depbase.Tpo $depbase.Po
depbase=`echo src/uptime.o | sed 's|[^/]*$|.deps/&|;s|\.o$||'`;\
gcc -std=gnu99 -DHAVE_CONFIG_H -I.  -include ./config.h -I./local -I./library/include -Wno-unused-result -DLOCALEDIR=\"/usr/share/locale\"   -Ilibrary/include -O2 -m64 -march=x86-64 -mtune=generic -flto=auto -ffat-lto-objects -MT src/uptime.o -MD -MP -MF $depbase.Tpo -c -o src/uptime.o src/uptime.c &&\
mv -f $depbase.Tpo $depbase.Po
depbase=`echo src/vmstat.o | sed 's|[^/]*$|.deps/&|;s|\.o$||'`;\
gcc -std=gnu99 -DHAVE_CONFIG_H -I.  -include ./config.h -I./local -I./library/include -Wno-unused-result -DLOCALEDIR=\"/usr/share/locale\"   -Ilibrary/include -O2 -m64 -march=x86-64 -mtune=generic -flto=auto -ffat-lto-objects -MT src/vmstat.o -MD -MP -MF $depbase.Tpo -c -o src/vmstat.o src/vmstat.c &&\
mv -f $depbase.Tpo $depbase.Po
depbase=`echo src/pidof.o | sed 's|[^/]*$|.deps/&|;s|\.o$||'`;\
gcc -std=gnu99 -DHAVE_CONFIG_H -I.  -include ./config.h -I./local -I./library/include -Wno-unused-result -DLOCALEDIR=\"/usr/share/locale\"   -Ilibrary/include -O2 -m64 -march=x86-64 -mtune=generic -flto=auto -ffat-lto-objects -MT src/pidof.o -MD -MP -MF $depbase.Tpo -c -o src/pidof.o src/pidof.c &&\
mv -f $depbase.Tpo $depbase.Po
depbase=`echo src/w.o | sed 's|[^/]*$|.deps/&|;s|\.o$||'`;\
gcc -std=gnu99 -DHAVE_CONFIG_H -I.  -include ./config.h -I./local -I./library/include -Wno-unused-result -DLOCALEDIR=\"/usr/share/locale\"   -Ilibrary/include -O2 -m64 -march=x86-64 -mtune=generic -flto=auto -ffat-lto-objects -MT src/w.o -MD -MP -MF $depbase.Tpo -c -o src/w.o src/w.c &&\
mv -f $depbase.Tpo $depbase.Po
gcc -std=gnu99 -DHAVE_CONFIG_H -I.  -include ./config.h -I./local -I./library/include -Wno-unused-result -DLOCALEDIR=\"/usr/share/locale\"   -DNCURSES_WIDECHAR -O2 -m64 -march=x86-64 -mtune=generic -flto=auto -ffat-lto-objects -MT src/watch-watch.o -MD -MP -MF src/.deps/watch-watch.Tpo -c -o src/watch-watch.o `test -f 'src/watch.c' || echo './'`src/watch.c
gcc -std=gnu99 -DHAVE_CONFIG_H -I.  -include ./config.h -I./local -I./library/include -Wno-unused-result -DLOCALEDIR=\"/usr/share/locale\"   -DNCURSES_WIDECHAR -O2 -m64 -march=x86-64 -mtune=generic -flto=auto -ffat-lto-objects -MT src/top/top-top.o -MD -MP -MF src/top/.deps/top-top.Tpo -c -o src/top/top-top.o `test -f 'src/top/top.c' || echo './'`src/top/top.c
gcc -std=gnu99 -DHAVE_CONFIG_H -I.  -include ./config.h -I./local -I./library/include -Wno-unused-result -DLOCALEDIR=\"/usr/share/locale\"   -DNCURSES_WIDECHAR -O2 -m64 -march=x86-64 -mtune=generic -flto=auto -ffat-lto-objects -MT src/top/top-top_nls.o -MD -MP -MF src/top/.deps/top-top_nls.Tpo -c -o src/top/top-top_nls.o `test -f 'src/top/top_nls.c' || echo './'`src/top/top_nls.c
/bin/sh ./libtool  --tag=CC   --mode=link gcc -std=gnu99 -Ilibrary/include -O2 -m64 -march=x86-64 -mtune=generic -flto=auto -ffat-lto-objects   -o src/sysctl src/sysctl.o local/fileutils.o local/procio.o  
/bin/sh ./libtool  --tag=CC   --mode=link gcc -std=gnu99 -Ilibrary/include -O2 -m64 -march=x86-64 -mtune=generic -flto=auto -ffat-lto-objects   -o src/pwdx src/pwdx.o local/fileutils.o  
libtool: link: gcc -std=gnu99 -Ilibrary/include -O2 -m64 -march=x86-64 -mtune=generic -flto=auto -ffat-lto-objects -o src/pwdx src/pwdx.o local/fileutils.o 
libtool: link: gcc -std=gnu99 -Ilibrary/include -O2 -m64 -march=x86-64 -mtune=generic -flto=auto -ffat-lto-objects -o src/sysctl src/sysctl.o local/fileutils.o local/procio.o 
mv -f src/top/.deps/top-top_nls.Tpo src/top/.deps/top-top_nls.Po
mv -f src/.deps/watch-watch.Tpo src/.deps/watch-watch.Po
/bin/sh ./libtool  --tag=CC   --mode=link gcc -std=gnu99 -DNCURSES_WIDECHAR -O2 -m64 -march=x86-64 -mtune=generic -flto=auto -ffat-lto-objects   -o src/watch src/watch-watch.o local/src_watch-strutils.o local/src_watch-fileutils.o -lncursesw -ltinfo  
libtool: link: gcc -std=gnu99 -DNCURSES_WIDECHAR -O2 -m64 -march=x86-64 -mtune=generic -flto=auto -ffat-lto-objects -o src/watch src/watch-watch.o local/src_watch-strutils.o local/src_watch-fileutils.o  -lncursesw -ltinfo
/bin/sh ./libtool  --tag=CC   --mode=link gcc -std=gnu99 -Ilibrary/include -O2 -m64 -march=x86-64 -mtune=generic -flto=auto -ffat-lto-objects -version-info 0:2:0 -no-undefined -Wl,--version-script=./library/libproc2.sym  -o library/libproc2.la -rpath /usr/lib library/devname.lo library/diskstats.lo library/escape.lo library/meminfo.lo library/namespace.lo library/numa.lo library/pids.lo library/pwcache.lo library/readproc.lo library/slabinfo.lo library/stat.lo library/sysinfo.lo library/version.lo library/vmstat.lo library/wchan.lo library/uptime.lo    
libtool: link: gcc -std=gnu99 -shared  -fPIC -DPIC  library/.libs/devname.o library/.libs/diskstats.o library/.libs/escape.o library/.libs/meminfo.o library/.libs/namespace.o library/.libs/numa.o library/.libs/pids.o library/.libs/pwcache.o library/.libs/readproc.o library/.libs/slabinfo.o library/.libs/stat.o library/.libs/sysinfo.o library/.libs/version.o library/.libs/vmstat.o library/.libs/wchan.o library/.libs/uptime.o    -O2 -m64 -march=x86-64 -mtune=generic -flto=auto -Wl,--version-script=./library/libproc2.sym   -Wl,-soname -Wl,libproc2.so.0 -o library/.libs/libproc2.so.0.0.2
mv -f src/top/.deps/top-top.Tpo src/top/.deps/top-top.Po
libtool: link: (cd "library/.libs" && rm -f "libproc2.so.0" && ln -s "libproc2.so.0.0.2" "libproc2.so.0")
libtool: link: (cd "library/.libs" && rm -f "libproc2.so" && ln -s "libproc2.so.0.0.2" "libproc2.so")
libtool: link: ( cd "library/.libs" && rm -f "libproc2.la" && ln -s "../libproc2.la" "libproc2.la" )
/bin/sh ./libtool  --tag=CC   --mode=link gcc -std=gnu99 -Ilibrary/include -O2 -m64 -march=x86-64 -mtune=generic -flto=auto -ffat-lto-objects   -o src/ps/pscommand src/ps/display.o src/ps/global.o src/ps/help.o src/ps/output.o src/ps/parser.o src/ps/select.o src/ps/signames.o src/ps/sortformat.o src/ps/stacktrace.o local/fileutils.o local/signals.o ./library/libproc2.la  
/bin/sh ./libtool  --tag=CC   --mode=link gcc -std=gnu99 -Ilibrary/include -O2 -m64 -march=x86-64 -mtune=generic -flto=auto -ffat-lto-objects   -o src/free src/free.o local/strutils.o local/fileutils.o ./library/libproc2.la  
/bin/sh ./libtool  --tag=CC   --mode=link gcc -std=gnu99 -Ilibrary/include -O2 -m64 -march=x86-64 -mtune=generic -flto=auto -ffat-lto-objects   -o src/pgrep src/pgrep.o local/fileutils.o local/signals.o ./library/libproc2.la  
/bin/sh ./libtool  --tag=CC   --mode=link gcc -std=gnu99 -Ilibrary/include -O2 -m64 -march=x86-64 -mtune=generic -flto=auto -ffat-lto-objects   -o src/pkill src/pgrep.o local/fileutils.o local/signals.o ./library/libproc2.la  
/bin/sh ./libtool  --tag=CC   --mode=link gcc -std=gnu99 -Ilibrary/include -O2 -m64 -march=x86-64 -mtune=generic -flto=auto -ffat-lto-objects   -o src/pmap src/pmap.o local/fileutils.o ./library/libproc2.la  
/bin/sh ./libtool  --tag=CC   --mode=link gcc -std=gnu99 -Ilibrary/include -O2 -m64 -march=x86-64 -mtune=generic -flto=auto -ffat-lto-objects   -o src/tload src/tload.o local/strutils.o local/fileutils.o ./library/libproc2.la  
/bin/sh ./libtool  --tag=CC   --mode=link gcc -std=gnu99 -Ilibrary/include -O2 -m64 -march=x86-64 -mtune=generic -flto=auto -ffat-lto-objects   -o src/uptime src/uptime.o local/fileutils.o ./library/libproc2.la  
/bin/sh ./libtool  --tag=CC   --mode=link gcc -std=gnu99 -Ilibrary/include -O2 -m64 -march=x86-64 -mtune=generic -flto=auto -ffat-lto-objects   -o src/vmstat src/vmstat.o local/strutils.o local/fileutils.o ./library/libproc2.la  
libtool: link: gcc -std=gnu99 -Ilibrary/include -O2 -m64 -march=x86-64 -mtune=generic -flto=auto -ffat-lto-objects -o src/.libs/pmap src/pmap.o local/fileutils.o  ./library/.libs/libproc2.so
libtool: link: gcc -std=gnu99 -Ilibrary/include -O2 -m64 -march=x86-64 -mtune=generic -flto=auto -ffat-lto-objects -o src/.libs/tload src/tload.o local/strutils.o local/fileutils.o  ./library/.libs/libproc2.so
libtool: link: gcc -std=gnu99 -Ilibrary/include -O2 -m64 -march=x86-64 -mtune=generic -flto=auto -ffat-lto-objects -o src/.libs/vmstat src/vmstat.o local/strutils.o local/fileutils.o  ./library/.libs/libproc2.so
libtool: link: gcc -std=gnu99 -Ilibrary/include -O2 -m64 -march=x86-64 -mtune=generic -flto=auto -ffat-lto-objects -o src/.libs/free src/free.o local/strutils.o local/fileutils.o  ./library/.libs/libproc2.so
libtool: link: gcc -std=gnu99 -Ilibrary/include -O2 -m64 -march=x86-64 -mtune=generic -flto=auto -ffat-lto-objects -o src/.libs/uptime src/uptime.o local/fileutils.o  ./library/.libs/libproc2.so
libtool: link: gcc -std=gnu99 -Ilibrary/include -O2 -m64 -march=x86-64 -mtune=generic -flto=auto -ffat-lto-objects -o src/ps/.libs/pscommand src/ps/display.o src/ps/global.o src/ps/help.o src/ps/output.o src/ps/parser.o src/ps/select.o src/ps/signames.o src/ps/sortformat.o src/ps/stacktrace.o local/fileutils.o local/signals.o  ./library/.libs/libproc2.so
libtool: link: gcc -std=gnu99 -Ilibrary/include -O2 -m64 -march=x86-64 -mtune=generic -flto=auto -ffat-lto-objects -o src/.libs/pgrep src/pgrep.o local/fileutils.o local/signals.o  ./library/.libs/libproc2.so
libtool: link: gcc -std=gnu99 -Ilibrary/include -O2 -m64 -march=x86-64 -mtune=generic -flto=auto -ffat-lto-objects -o src/.libs/pkill src/pgrep.o local/fileutils.o local/signals.o  ./library/.libs/libproc2.so
/bin/sh ./libtool  --tag=CC   --mode=link gcc -std=gnu99 -Ilibrary/include -O2 -m64 -march=x86-64 -mtune=generic -flto=auto -ffat-lto-objects   -o src/pidwait src/pgrep.o local/fileutils.o local/signals.o ./library/libproc2.la  
libtool: link: gcc -std=gnu99 -Ilibrary/include -O2 -m64 -march=x86-64 -mtune=generic -flto=auto -ffat-lto-objects -o src/.libs/pidwait src/pgrep.o local/fileutils.o local/signals.o  ./library/.libs/libproc2.so
/bin/sh ./libtool  --tag=CC   --mode=link gcc -std=gnu99 -Ilibrary/include -O2 -m64 -march=x86-64 -mtune=generic -flto=auto -ffat-lto-objects   -o src/pidof src/pidof.o local/fileutils.o ./library/libproc2.la  
libtool: link: gcc -std=gnu99 -Ilibrary/include -O2 -m64 -march=x86-64 -mtune=generic -flto=auto -ffat-lto-objects -o src/.libs/pidof src/pidof.o local/fileutils.o  ./library/.libs/libproc2.so
/bin/sh ./libtool  --tag=CC   --mode=link gcc -std=gnu99 -Ilibrary/include -O2 -m64 -march=x86-64 -mtune=generic -flto=auto -ffat-lto-objects   -o src/w src/w.o local/fileutils.o ./library/libproc2.la  
/bin/sh ./libtool  --tag=CC   --mode=link gcc -std=gnu99 -DNCURSES_WIDECHAR -O2 -m64 -march=x86-64 -mtune=generic -flto=auto -ffat-lto-objects   -o src/top/top src/top/top-top.o src/top/top-top_nls.o local/src_top_top-fileutils.o local/src_top_top-signals.o  ./library/libproc2.la  -lncursesw -ltinfo  
libtool: link: gcc -std=gnu99 -Ilibrary/include -O2 -m64 -march=x86-64 -mtune=generic -flto=auto -ffat-lto-objects -o src/.libs/w src/w.o local/fileutils.o  ./library/.libs/libproc2.so
/bin/sh ./libtool  --tag=CC   --mode=link gcc -std=gnu99 -DNCURSES_WIDECHAR -O2 -m64 -march=x86-64 -mtune=generic -flto=auto -ffat-lto-objects   -o src/slabtop src/slabtop-slabtop.o local/src_slabtop-strutils.o local/src_slabtop-fileutils.o ./library/libproc2.la  -lncursesw -ltinfo 
libtool: link: gcc -std=gnu99 -DNCURSES_WIDECHAR -O2 -m64 -march=x86-64 -mtune=generic -flto=auto -ffat-lto-objects -o src/top/.libs/top src/top/top-top.o src/top/top-top_nls.o local/src_top_top-fileutils.o local/src_top_top-signals.o  ./library/.libs/libproc2.so -lncursesw -ltinfo
libtool: link: gcc -std=gnu99 -DNCURSES_WIDECHAR -O2 -m64 -march=x86-64 -mtune=generic -flto=auto -ffat-lto-objects -o src/.libs/slabtop src/slabtop-slabtop.o local/src_slabtop-strutils.o local/src_slabtop-fileutils.o  ./library/.libs/libproc2.so -lncursesw -ltinfo
/usr/bin/ld: warning: size of symbol `personality' changed from 24 in src/ps/global.o (symbol from plugin) to 4 in /tmp/ccdCelND.ltrans0.ltrans.o
/usr/bin/ld: warning: NOTE: size discrepancies can cause real problems.  Investigation is advised.
/usr/bin/ld: warning: type of symbol `personality' changed from 2 to 1 in /tmp/ccdCelND.ltrans0.ltrans.o
make[2]: Leaving directory '/home/devel/building/work/src/procps-ng-4.0.4'
make[1]: Leaving directory '/home/devel/building/work/src/procps-ng-4.0.4'
+ make DESTDIR=/home/devel/building/work/pkg install
make  install-recursive
make[1]: Entering directory '/home/devel/building/work/src/procps-ng-4.0.4'
Making install in local
make[2]: Entering directory '/home/devel/building/work/src/procps-ng-4.0.4/local'
make[3]: Entering directory '/home/devel/building/work/src/procps-ng-4.0.4/local'
make[3]: Nothing to be done for 'install-exec-am'.
make[3]: Nothing to be done for 'install-data-am'.
make[3]: Leaving directory '/home/devel/building/work/src/procps-ng-4.0.4/local'
make[2]: Leaving directory '/home/devel/building/work/src/procps-ng-4.0.4/local'
Making install in po-man
make[2]: Entering directory '/home/devel/building/work/src/procps-ng-4.0.4/po-man'
make[3]: Entering directory '/home/devel/building/work/src/procps-ng-4.0.4/po-man'
make[3]: Nothing to be done for 'install-exec-am'.
for lang in   ; do \
    files=""; \
    for trans in free.1 kill.1 pgrep.1 pidof.1 pidwait.1 pkill.1 pmap.1 procps.3 procps_misc.3 procps_pids.3 ps.1 pwdx.1 skill.1 slabtop.1 snice.1 sysctl.8 sysctl.conf.5 tload.1 top.1 uptime.1 vmstat.8 w.1 watch.1; do \
	if [ -f /home/devel/building/work/src/procps-ng-4.0.4/po-man/$lang/$trans ]; then \
	    files="$files /home/devel/building/work/src/procps-ng-4.0.4/po-man/$lang/$trans"; \
	elif [ -f ./$lang/$trans ]; then \
	    files="$files ./$lang/$trans"; \
	fi; \
    done; \
    make -C .. install-man \
            mandir="/usr/share/man/$lang" \
	    dist_man_MANS="$files"; \
done
make[3]: Leaving directory '/home/devel/building/work/src/procps-ng-4.0.4/po-man'
make[2]: Leaving directory '/home/devel/building/work/src/procps-ng-4.0.4/po-man'
Making install in po
make[2]: Entering directory '/home/devel/building/work/src/procps-ng-4.0.4/po'
if test "procps-ng" = "gettext-tools"; then \
  /bin/sh .././/mkinstalldirs /home/devel/building/work/pkg/usr/share/gettext/po; \
  for file in Makefile.in.in remove-potcdate.sin quot.sed boldquot.sed en@quot.header en@boldquot.header insert-header.sin Rules-quot   Makevars.template; do \
    /usr/bin/install -c -m 644 ./$file \
		    /home/devel/building/work/pkg/usr/share/gettext/po/$file; \
  done; \
  for file in Makevars; do \
    rm -f /home/devel/building/work/pkg/usr/share/gettext/po/$file; \
  done; \
else \
  : ; \
fi
make[2]: Leaving directory '/home/devel/building/work/src/procps-ng-4.0.4/po'
Making install in testsuite
make[2]: Entering directory '/home/devel/building/work/src/procps-ng-4.0.4/testsuite'
make[3]: Entering directory '/home/devel/building/work/src/procps-ng-4.0.4/testsuite'
make[3]: Nothing to be done for 'install-exec-am'.
make[3]: Nothing to be done for 'install-data-am'.
make[3]: Leaving directory '/home/devel/building/work/src/procps-ng-4.0.4/testsuite'
make[2]: Leaving directory '/home/devel/building/work/src/procps-ng-4.0.4/testsuite'
make[2]: Entering directory '/home/devel/building/work/src/procps-ng-4.0.4'
make[3]: Entering directory '/home/devel/building/work/src/procps-ng-4.0.4'
 /bin/mkdir -p '/home/devel/building/work/pkg/usr/lib'
 /bin/sh ./libtool   --mode=install /usr/bin/install -c   library/libproc2.la '/home/devel/building/work/pkg/usr/lib'
 /bin/mkdir -p '/home/devel/building/work/pkg/usr/share/doc/procps-ng'
 /bin/mkdir -p '/home/devel/building/work/pkg/usr/include/libproc2/'
 /usr/bin/install -c -m 644 doc/bugs.md doc/FAQ doc/libproc.supp '/home/devel/building/work/pkg/usr/share/doc/procps-ng'
 /usr/bin/install -c -m 644 library/include/diskstats.h library/include/meminfo.h library/include/misc.h library/include/pids.h library/include/slabinfo.h library/include/stat.h library/include/vmstat.h library/include/xtra-procps-debug.h '/home/devel/building/work/pkg/usr/include/libproc2/'
 /bin/mkdir -p '/home/devel/building/work/pkg/usr/share/man/man1'
 /bin/mkdir -p '/home/devel/building/work/pkg/usr/share/man/man3'
 /bin/mkdir -p '/home/devel/building/work/pkg/usr/share/man/man5'
 /bin/mkdir -p '/home/devel/building/work/pkg/usr/share/man/man8'
 /bin/mkdir -p '/home/devel/building/work/pkg/usr/lib/pkgconfig'
 /usr/bin/install -c -m 644 library/libproc2.pc '/home/devel/building/work/pkg/usr/lib/pkgconfig'
 /usr/bin/install -c -m 644 man/sysctl.conf.5 '/home/devel/building/work/pkg/usr/share/man/man5'
 /usr/bin/install -c -m 644 man/procps.3 man/procps_pids.3 man/procps_misc.3 '/home/devel/building/work/pkg/usr/share/man/man3'
 /usr/bin/install -c -m 644 man/vmstat.8 man/sysctl.8 '/home/devel/building/work/pkg/usr/share/man/man8'
 /usr/bin/install -c -m 644 man/free.1 man/pgrep.1 man/pkill.1 man/pmap.1 man/uptime.1 man/pwdx.1 man/tload.1 man/ps.1 man/pidwait.1 man/pidof.1 man/w.1 man/watch.1 man/top.1 man/slabtop.1 '/home/devel/building/work/pkg/usr/share/man/man1'
libtool: install: /usr/bin/install -c library/.libs/libproc2.so.0.0.2 /home/devel/building/work/pkg/usr/lib/libproc2.so.0.0.2
libtool: install: (cd /home/devel/building/work/pkg/usr/lib && { ln -s -f libproc2.so.0.0.2 libproc2.so.0 || { rm -f libproc2.so.0 && ln -s libproc2.so.0.0.2 libproc2.so.0; }; })
libtool: install: (cd /home/devel/building/work/pkg/usr/lib && { ln -s -f libproc2.so.0.0.2 libproc2.so || { rm -f libproc2.so && ln -s libproc2.so.0.0.2 libproc2.so; }; })
libtool: install: /usr/bin/install -c library/.libs/libproc2.lai /home/devel/building/work/pkg/usr/lib/libproc2.la
libtool: warning: remember to run 'libtool --finish /usr/lib'
 /bin/mkdir -p '/home/devel/building/work/pkg/usr/bin'
 /bin/mkdir -p '/home/devel/building/work/pkg/sbin'
  /bin/sh ./libtool   --mode=install /usr/bin/install -c src/ps/pscommand '/home/devel/building/work/pkg/usr/bin/./ps'
  /bin/sh ./libtool   --mode=install /usr/bin/install -c src/sysctl '/home/devel/building/work/pkg/sbin'
libtool: install: /usr/bin/install -c src/sysctl /home/devel/building/work/pkg/sbin/sysctl
libtool: warning: './library/libproc2.la' has not been installed in '/usr/lib'
libtool: install: /usr/bin/install -c src/ps/.libs/pscommand /home/devel/building/work/pkg/usr/bin/./ps
  /bin/sh ./libtool   --mode=install /usr/bin/install -c src/free src/pgrep src/pkill src/pmap src/pwdx src/tload src/uptime src/vmstat src/pidwait src/pidof src/w src/watch src/top/top src/slabtop '/home/devel/building/work/pkg/usr/bin'
libtool: warning: './library/libproc2.la' has not been installed in '/usr/lib'
libtool: install: /usr/bin/install -c src/.libs/free /home/devel/building/work/pkg/usr/bin/free
libtool: warning: './library/libproc2.la' has not been installed in '/usr/lib'
libtool: install: /usr/bin/install -c src/.libs/pgrep /home/devel/building/work/pkg/usr/bin/pgrep
libtool: warning: './library/libproc2.la' has not been installed in '/usr/lib'
libtool: install: /usr/bin/install -c src/.libs/pkill /home/devel/building/work/pkg/usr/bin/pkill
libtool: warning: './library/libproc2.la' has not been installed in '/usr/lib'
libtool: install: /usr/bin/install -c src/.libs/pmap /home/devel/building/work/pkg/usr/bin/pmap
libtool: install: /usr/bin/install -c src/pwdx /home/devel/building/work/pkg/usr/bin/pwdx
libtool: warning: './library/libproc2.la' has not been installed in '/usr/lib'
libtool: install: /usr/bin/install -c src/.libs/tload /home/devel/building/work/pkg/usr/bin/tload
libtool: warning: './library/libproc2.la' has not been installed in '/usr/lib'
libtool: install: /usr/bin/install -c src/.libs/uptime /home/devel/building/work/pkg/usr/bin/uptime
libtool: warning: './library/libproc2.la' has not been installed in '/usr/lib'
libtool: install: /usr/bin/install -c src/.libs/vmstat /home/devel/building/work/pkg/usr/bin/vmstat
libtool: warning: './library/libproc2.la' has not been installed in '/usr/lib'
libtool: install: /usr/bin/install -c src/.libs/pidwait /home/devel/building/work/pkg/usr/bin/pidwait
libtool: warning: './library/libproc2.la' has not been installed in '/usr/lib'
libtool: install: /usr/bin/install -c src/.libs/pidof /home/devel/building/work/pkg/usr/bin/pidof
libtool: warning: './library/libproc2.la' has not been installed in '/usr/lib'
libtool: install: /usr/bin/install -c src/.libs/w /home/devel/building/work/pkg/usr/bin/w
libtool: install: /usr/bin/install -c src/watch /home/devel/building/work/pkg/usr/bin/watch
libtool: warning: './library/libproc2.la' has not been installed in '/usr/lib'
libtool: install: /usr/bin/install -c src/top/.libs/top /home/devel/building/work/pkg/usr/bin/top
libtool: warning: './library/libproc2.la' has not been installed in '/usr/lib'
libtool: install: /usr/bin/install -c src/.libs/slabtop /home/devel/building/work/pkg/usr/bin/slabtop
make[3]: Leaving directory '/home/devel/building/work/src/procps-ng-4.0.4'
make[2]: Leaving directory '/home/devel/building/work/src/procps-ng-4.0.4'
make[1]: Leaving directory '/home/devel/building/work/src/procps-ng-4.0.4'
+ install -d /home/devel/building/work/pkg/bin /home/devel/building/work/pkg/lib /home/devel/building/work/pkg/etc
+ mv /home/devel/building/work/pkg/usr/bin/ps /home/devel/building/work/pkg/usr/bin/pidof /home/devel/building/work/pkg/bin/
+ mv /home/devel/building/work/pkg/usr/lib/libproc2.so.0 /home/devel/building/work/pkg/usr/lib/libproc2.so.0.0.2 /home/devel/building/work/pkg/lib
++ readlink /home/devel/building/work/pkg/lib/libproc2.so.0
+ ln -sf ../../lib/libproc2.so.0.0.2 /home/devel/building/work/pkg/usr/lib/libproc2.so
+ install -d /home/devel/building/work/pkg/etc/sysctl.d
+ install -m 0644 /home/devel/building/work/src/sysctl.conf /home/devel/building/work/pkg/etc/sysctl.conf
+ ln -s /etc/sysctl.conf /home/devel/building/work/pkg/etc/sysctl.d/99-sysctl.conf
+ rm -r /home/devel/building/work/pkg/usr/share/doc
+ find /home/devel/building/work/pkg -type f -name '*.la' -delete
=======> Build result:
drwxr-xr-x  0 root   root        0 May 15 19:03 bin/
-rwxr-xr-x  0 root   root   109832 May 15 19:03 bin/ps
-rwxr-xr-x  0 root   root    18672 May 15 19:03 bin/pidof
drwxr-xr-x  0 root   root        0 May 15 19:03 etc/
drwxr-xr-x  0 root   root        0 May 15 19:03 etc/sysctl.d/
-rw-r--r--  0 root   root     2879 May 15 19:03 etc/sysctl.conf
lrwxrwxrwx  0 root   root        0 May 15 19:03 etc/sysctl.d/99-sysctl.conf -> /etc/sysctl.conf
drwxr-xr-x  0 root   root        0 May 15 19:03 lib/
lrwxrwxrwx  0 root   root        0 May 15 19:03 lib/libproc2.so.0 -> libproc2.so.0.0.2
-rwxr-xr-x  0 root   root   195768 May 15 19:03 lib/libproc2.so.0.0.2
drwxr-xr-x  0 root   root        0 May 15 19:03 sbin/
-rwxr-xr-x  0 root   root    30952 May 15 19:03 sbin/sysctl
drwxr-xr-x  0 root   root        0 May 15 19:03 usr/
drwxr-xr-x  0 root   root        0 May 15 19:03 usr/lib/
drwxr-xr-x  0 root   root        0 May 15 19:03 usr/share/
drwxr-xr-x  0 root   root        0 May 15 19:03 usr/include/
drwxr-xr-x  0 root   root        0 May 15 19:03 usr/bin/
-rwxr-xr-x  0 root   root    22704 May 15 19:03 usr/bin/free
-rwxr-xr-x  0 root   root    31312 May 15 19:03 usr/bin/pgrep
-rwxr-xr-x  0 root   root    31312 May 15 19:03 usr/bin/pkill
-rwxr-xr-x  0 root   root    35208 May 15 19:03 usr/bin/pmap
-rwxr-xr-x  0 root   root    14344 May 15 19:03 usr/bin/pwdx
-rwxr-xr-x  0 root   root    14584 May 15 19:03 usr/bin/tload
-rwxr-xr-x  0 root   root    14488 May 15 19:03 usr/bin/uptime
-rwxr-xr-x  0 root   root    35600 May 15 19:03 usr/bin/vmstat
-rwxr-xr-x  0 root   root    31312 May 15 19:03 usr/bin/pidwait
-rwxr-xr-x  0 root   root    18728 May 15 19:03 usr/bin/w
-rwxr-xr-x  0 root   root    27576 May 15 19:03 usr/bin/watch
-rwxr-xr-x  0 root   root   127240 May 15 19:03 usr/bin/top
-rwxr-xr-x  0 root   root    18800 May 15 19:03 usr/bin/slabtop
drwxr-xr-x  0 root   root        0 May 15 19:03 usr/include/libproc2/
-rw-r--r--  0 root   root     4559 May 15 19:03 usr/include/libproc2/diskstats.h
-rw-r--r--  0 root   root    10100 May 15 19:03 usr/include/libproc2/meminfo.h
-rw-r--r--  0 root   root     2943 May 15 19:03 usr/include/libproc2/misc.h
-rw-r--r--  0 root   root    14042 May 15 19:03 usr/include/libproc2/pids.h
-rw-r--r--  0 root   root     4883 May 15 19:03 usr/include/libproc2/slabinfo.h
-rw-r--r--  0 root   root     6197 May 15 19:03 usr/include/libproc2/stat.h
-rw-r--r--  0 root   root    24135 May 15 19:03 usr/include/libproc2/vmstat.h
-rw-r--r--  0 root   root     6689 May 15 19:03 usr/include/libproc2/xtra-procps-debug.h
drwxr-xr-x  0 root   root        0 May 15 19:03 usr/share/man/
drwxr-xr-x  0 root   root        0 May 15 19:03 usr/share/man/man3/
drwxr-xr-x  0 root   root        0 May 15 19:03 usr/share/man/man1/
drwxr-xr-x  0 root   root        0 May 15 19:03 usr/share/man/man5/
drwxr-xr-x  0 root   root        0 May 15 19:03 usr/share/man/man8/
-rw-r--r--  0 root   root     2453 May 15 19:03 usr/share/man/man8/vmstat.8.gz
-rw-r--r--  0 root   root     2203 May 15 19:03 usr/share/man/man8/sysctl.8.gz
-rw-r--r--  0 root   root     1185 May 15 19:03 usr/share/man/man5/sysctl.conf.5.gz
-rw-r--r--  0 root   root     2007 May 15 19:03 usr/share/man/man1/free.1.gz
-rw-r--r--  0 root   root     3194 May 15 19:03 usr/share/man/man1/pgrep.1.gz
-rw-r--r--  0 root   root       45 May 15 19:03 usr/share/man/man1/pkill.1.gz
-rw-r--r--  0 root   root     1185 May 15 19:03 usr/share/man/man1/pmap.1.gz
-rw-r--r--  0 root   root     1132 May 15 19:03 usr/share/man/man1/uptime.1.gz
-rw-r--r--  0 root   root      639 May 15 19:03 usr/share/man/man1/pwdx.1.gz
-rw-r--r--  0 root   root      967 May 15 19:03 usr/share/man/man1/tload.1.gz
-rw-r--r--  0 root   root    15312 May 15 19:03 usr/share/man/man1/ps.1.gz
-rw-r--r--  0 root   root       47 May 15 19:03 usr/share/man/man1/pidwait.1.gz
-rw-r--r--  0 root   root     1252 May 15 19:03 usr/share/man/man1/pidof.1.gz
-rw-r--r--  0 root   root     1573 May 15 19:03 usr/share/man/man1/w.1.gz
-rw-r--r--  0 root   root     2666 May 15 19:03 usr/share/man/man1/watch.1.gz
-rw-r--r--  0 root   root    33816 May 15 19:03 usr/share/man/man1/top.1.gz
-rw-r--r--  0 root   root     1770 May 15 19:03 usr/share/man/man1/slabtop.1.gz
-rw-r--r--  0 root   root     2701 May 15 19:03 usr/share/man/man3/procps.3.gz
-rw-r--r--  0 root   root     3119 May 15 19:03 usr/share/man/man3/procps_pids.3.gz
-rw-r--r--  0 root   root     1938 May 15 19:03 usr/share/man/man3/procps_misc.3.gz
drwxr-xr-x  0 root   root        0 May 15 19:03 usr/lib/pkgconfig/
lrwxrwxrwx  0 root   root        0 May 15 19:03 usr/lib/libproc2.so -> ../../lib/libproc2.so.0.0.2
-rw-r--r--  0 root   root      230 May 15 19:03 usr/lib/pkgconfig/libproc2.pc
=======> Building '/home/devel/packages/procps#4.0.4-1.x86_64.pkg.tar.zst' succeeded.
prt-get: Using PKGMK_PACKAGE_DIR: /home/devel/packages
prt-get: reinstalling procps 4.0.4-1
prt-get: /usr/bin/pkgadd -u procps#4.0.4-1.x86_64.pkg.tar.zst
prt-get: build done Wed May 15 19:03:19 2024

pkgadd: rejecting etc/sysctl.conf, keeping existing version
