prt-get: updating /usr/ports/opt-x86_64/python3-packaging
prt-get: starting build Wed May 15 19:10:25 2024
=======> Building '/home/devel/packages/python3-packaging#24.0-1.x86_64.pkg.tar.zst'.
bsdtar -p -o -C /home/devel/building/work/src -xf /home/devel/sources/packaging-24.0.tar.gz
+ build
+ cd packaging-24.0
+ /usr/bin/pip3 wheel -w dist --no-cache-dir --no-build-isolation --no-deps /home/devel/building/work/src/packaging-24.0
Processing /home/devel/building/work/src/packaging-24.0
  Preparing metadata (pyproject.toml): started
  Preparing metadata (pyproject.toml): finished with status 'done'
Building wheels for collected packages: packaging
  Building wheel for packaging (pyproject.toml): started
  Building wheel for packaging (pyproject.toml): finished with status 'done'
  Created wheel for packaging: filename=packaging-24.0-py3-none-any.whl size=53488 sha256=2c2c56c00211be65a161a1a01631248e1ff29f35ac4f92f2b240b182996764d8
  Stored in directory: /tmp/pip-ephem-wheel-cache-m0pvl7mo/wheels/b8/cd/db/f676780361b836ad12a72ede73d8d31c6dfc8c2db5fa0979c7
Successfully built packaging
+ PIP_CONFIG_FILE=/dev/null
+ /usr/bin/pip3 install --root-user-action=ignore --no-warn-script-location --ignore-installed --no-deps dist/packaging-24.0-py3-none-any.whl --no-cache-dir --no-index --isolated --root=/home/devel/building/work/pkg
Processing ./dist/packaging-24.0-py3-none-any.whl
Installing collected packages: packaging
Successfully installed packaging-24.0
=======> Build result:
drwxr-xr-x  0 root   root        0 May 15 19:10 usr/
drwxr-xr-x  0 root   root        0 May 15 19:10 usr/lib/
drwxr-xr-x  0 root   root        0 May 15 19:10 usr/lib/python3.12/
drwxr-xr-x  0 root   root        0 May 15 19:10 usr/lib/python3.12/site-packages/
drwxr-xr-x  0 root   root        0 May 15 19:10 usr/lib/python3.12/site-packages/packaging/
drwxr-xr-x  0 root   root        0 May 15 19:10 usr/lib/python3.12/site-packages/packaging-24.0.dist-info/
-rw-r--r--  0 root   root      197 May 15 19:10 usr/lib/python3.12/site-packages/packaging-24.0.dist-info/LICENSE
-rw-r--r--  0 root   root    10174 May 15 19:10 usr/lib/python3.12/site-packages/packaging-24.0.dist-info/LICENSE.APACHE
-rw-r--r--  0 root   root     1344 May 15 19:10 usr/lib/python3.12/site-packages/packaging-24.0.dist-info/LICENSE.BSD
-rw-r--r--  0 root   root       81 May 15 19:10 usr/lib/python3.12/site-packages/packaging-24.0.dist-info/WHEEL
-rw-r--r--  0 root   root     3203 May 15 19:10 usr/lib/python3.12/site-packages/packaging-24.0.dist-info/METADATA
-rw-r--r--  0 root   root        4 May 15 19:10 usr/lib/python3.12/site-packages/packaging-24.0.dist-info/INSTALLER
-rw-r--r--  0 root   root      290 May 15 19:10 usr/lib/python3.12/site-packages/packaging-24.0.dist-info/direct_url.json
-rw-r--r--  0 root   root        0 May 15 19:10 usr/lib/python3.12/site-packages/packaging-24.0.dist-info/REQUESTED
-rw-r--r--  0 root   root     2661 May 15 19:10 usr/lib/python3.12/site-packages/packaging-24.0.dist-info/RECORD
-rw-r--r--  0 root   root      496 May 15 19:10 usr/lib/python3.12/site-packages/packaging/__init__.py
-rw-r--r--  0 root   root     3266 May 15 19:10 usr/lib/python3.12/site-packages/packaging/_elffile.py
-rw-r--r--  0 root   root     9590 May 15 19:10 usr/lib/python3.12/site-packages/packaging/_manylinux.py
-rw-r--r--  0 root   root     2676 May 15 19:10 usr/lib/python3.12/site-packages/packaging/_musllinux.py
-rw-r--r--  0 root   root    10347 May 15 19:10 usr/lib/python3.12/site-packages/packaging/_parser.py
-rw-r--r--  0 root   root     1431 May 15 19:10 usr/lib/python3.12/site-packages/packaging/_structures.py
-rw-r--r--  0 root   root     5292 May 15 19:10 usr/lib/python3.12/site-packages/packaging/_tokenizer.py
-rw-r--r--  0 root   root     8208 May 15 19:10 usr/lib/python3.12/site-packages/packaging/markers.py
-rw-r--r--  0 root   root    33036 May 15 19:10 usr/lib/python3.12/site-packages/packaging/metadata.py
-rw-r--r--  0 root   root        0 May 15 19:10 usr/lib/python3.12/site-packages/packaging/py.typed
-rw-r--r--  0 root   root     2933 May 15 19:10 usr/lib/python3.12/site-packages/packaging/requirements.py
-rw-r--r--  0 root   root    39784 May 15 19:10 usr/lib/python3.12/site-packages/packaging/specifiers.py
-rw-r--r--  0 root   root    18950 May 15 19:10 usr/lib/python3.12/site-packages/packaging/tags.py
-rw-r--r--  0 root   root     5268 May 15 19:10 usr/lib/python3.12/site-packages/packaging/utils.py
-rw-r--r--  0 root   root    16236 May 15 19:10 usr/lib/python3.12/site-packages/packaging/version.py
drwxr-xr-x  0 root   root        0 May 15 19:10 usr/lib/python3.12/site-packages/packaging/__pycache__/
-rw-r--r--  0 root   root      546 May 15 19:10 usr/lib/python3.12/site-packages/packaging/__pycache__/__init__.cpython-312.pyc
-rw-r--r--  0 root   root     5014 May 15 19:10 usr/lib/python3.12/site-packages/packaging/__pycache__/_elffile.cpython-312.pyc
-rw-r--r--  0 root   root     9894 May 15 19:10 usr/lib/python3.12/site-packages/packaging/__pycache__/_manylinux.cpython-312.pyc
-rw-r--r--  0 root   root     4577 May 15 19:10 usr/lib/python3.12/site-packages/packaging/__pycache__/_musllinux.cpython-312.pyc
-rw-r--r--  0 root   root    14052 May 15 19:10 usr/lib/python3.12/site-packages/packaging/__pycache__/_parser.cpython-312.pyc
-rw-r--r--  0 root   root     3229 May 15 19:10 usr/lib/python3.12/site-packages/packaging/__pycache__/_structures.cpython-312.pyc
-rw-r--r--  0 root   root     7925 May 15 19:10 usr/lib/python3.12/site-packages/packaging/__pycache__/_tokenizer.cpython-312.pyc
-rw-r--r--  0 root   root    10487 May 15 19:10 usr/lib/python3.12/site-packages/packaging/__pycache__/markers.cpython-312.pyc
-rw-r--r--  0 root   root    26933 May 15 19:10 usr/lib/python3.12/site-packages/packaging/__pycache__/metadata.cpython-312.pyc
-rw-r--r--  0 root   root     4442 May 15 19:10 usr/lib/python3.12/site-packages/packaging/__pycache__/requirements.cpython-312.pyc
-rw-r--r--  0 root   root    39539 May 15 19:10 usr/lib/python3.12/site-packages/packaging/__pycache__/specifiers.cpython-312.pyc
-rw-r--r--  0 root   root    21749 May 15 19:10 usr/lib/python3.12/site-packages/packaging/__pycache__/tags.cpython-312.pyc
-rw-r--r--  0 root   root     7272 May 15 19:10 usr/lib/python3.12/site-packages/packaging/__pycache__/utils.cpython-312.pyc
-rw-r--r--  0 root   root    19985 May 15 19:10 usr/lib/python3.12/site-packages/packaging/__pycache__/version.cpython-312.pyc
=======> Building '/home/devel/packages/python3-packaging#24.0-1.x86_64.pkg.tar.zst' succeeded.
prt-get: Using PKGMK_PACKAGE_DIR: /home/devel/packages
prt-get: reinstalling python3-packaging 24.0-1
prt-get: /usr/bin/pkgadd -u python3-packaging#24.0-1.x86_64.pkg.tar.zst
prt-get: build done Wed May 15 19:10:26 2024

