prt-get: updating /usr/ports/core-x86_64/python3-setuptools
prt-get: starting build Wed May 15 19:10:31 2024
=======> Building '/home/devel/packages/python3-setuptools#69.5.1-1.x86_64.pkg.tar.zst'.
bsdtar -p -o -C /home/devel/building/work/src -xf /home/devel/sources/setuptools-69.5.1.tar.gz
+ build
+ cd setuptools-69.5.1
+ export SETUPTOOLS_INSTALL_WINDOWS_SPECIFIC_FILES=0
+ SETUPTOOLS_INSTALL_WINDOWS_SPECIFIC_FILES=0
+ pip3 wheel -w dist --no-cache-dir --no-build-isolation --no-deps /home/devel/building/work/src/setuptools-69.5.1
Processing /home/devel/building/work/src/setuptools-69.5.1
  Preparing metadata (pyproject.toml): started
  Preparing metadata (pyproject.toml): finished with status 'done'
Building wheels for collected packages: setuptools
  Building wheel for setuptools (pyproject.toml): started
  Building wheel for setuptools (pyproject.toml): finished with status 'done'
  Created wheel for setuptools: filename=setuptools-69.5.1-py3-none-any.whl size=842701 sha256=a9b4aba00a37aa0611a9ef35aa539dbd8c8b482f19d0ec9a17c6f3a345290896
  Stored in directory: /tmp/pip-ephem-wheel-cache-matxsbva/wheels/86/11/dd/b706838a866ffa9f8a70887facd275aad9ebedc12383bc51cd
Successfully built setuptools
+ PIP_CONFIG_FILE=/dev/null
+ /usr/bin/pip3 install --root-user-action=ignore --no-warn-script-location --ignore-installed --no-deps dist/setuptools-69.5.1-py3-none-any.whl --no-cache-dir --no-index --isolated --root=/home/devel/building/work/pkg
Processing ./dist/setuptools-69.5.1-py3-none-any.whl
Installing collected packages: setuptools
Successfully installed setuptools-69.5.1
=======> Build result:
drwxr-xr-x  0 root   root        0 May 15 19:10 usr/
drwxr-xr-x  0 root   root        0 May 15 19:10 usr/lib/
drwxr-xr-x  0 root   root        0 May 15 19:10 usr/lib/python3.12/
drwxr-xr-x  0 root   root        0 May 15 19:10 usr/lib/python3.12/site-packages/
-rw-r--r--  0 root   root      151 May 15 19:10 usr/lib/python3.12/site-packages/distutils-precedence.pth
drwxr-xr-x  0 root   root        0 May 15 19:10 usr/lib/python3.12/site-packages/_distutils_hack/
drwxr-xr-x  0 root   root        0 May 15 19:10 usr/lib/python3.12/site-packages/pkg_resources/
drwxr-xr-x  0 root   root        0 May 15 19:10 usr/lib/python3.12/site-packages/setuptools/
drwxr-xr-x  0 root   root        0 May 15 19:10 usr/lib/python3.12/site-packages/setuptools-69.5.1.dist-info/
-rw-r--r--  0 root   root     1023 May 15 19:10 usr/lib/python3.12/site-packages/setuptools-69.5.1.dist-info/LICENSE
-rw-r--r--  0 root   root     6176 May 15 19:10 usr/lib/python3.12/site-packages/setuptools-69.5.1.dist-info/METADATA
-rw-r--r--  0 root   root       92 May 15 19:10 usr/lib/python3.12/site-packages/setuptools-69.5.1.dist-info/WHEEL
-rw-r--r--  0 root   root     2676 May 15 19:10 usr/lib/python3.12/site-packages/setuptools-69.5.1.dist-info/entry_points.txt
-rw-r--r--  0 root   root       46 May 15 19:10 usr/lib/python3.12/site-packages/setuptools-69.5.1.dist-info/top_level.txt
-rw-r--r--  0 root   root        4 May 15 19:10 usr/lib/python3.12/site-packages/setuptools-69.5.1.dist-info/INSTALLER
-rw-r--r--  0 root   root      296 May 15 19:10 usr/lib/python3.12/site-packages/setuptools-69.5.1.dist-info/direct_url.json
-rw-r--r--  0 root   root        0 May 15 19:10 usr/lib/python3.12/site-packages/setuptools-69.5.1.dist-info/REQUESTED
-rw-r--r--  0 root   root    40171 May 15 19:10 usr/lib/python3.12/site-packages/setuptools-69.5.1.dist-info/RECORD
-rw-r--r--  0 root   root     9545 May 15 19:10 usr/lib/python3.12/site-packages/setuptools/__init__.py
-rw-r--r--  0 root   root     9206 May 15 19:10 usr/lib/python3.12/site-packages/setuptools/_core_metadata.py
-rw-r--r--  0 root   root     2235 May 15 19:10 usr/lib/python3.12/site-packages/setuptools/_entry_points.py
-rw-r--r--  0 root   root     2433 May 15 19:10 usr/lib/python3.12/site-packages/setuptools/_imp.py
-rw-r--r--  0 root   root     1468 May 15 19:10 usr/lib/python3.12/site-packages/setuptools/_importlib.py
-rw-r--r--  0 root   root      675 May 15 19:10 usr/lib/python3.12/site-packages/setuptools/_itertools.py
-rw-r--r--  0 root   root     4567 May 15 19:10 usr/lib/python3.12/site-packages/setuptools/_normalization.py
-rw-r--r--  0 root   root     1178 May 15 19:10 usr/lib/python3.12/site-packages/setuptools/_path.py
-rw-r--r--  0 root   root     1112 May 15 19:10 usr/lib/python3.12/site-packages/setuptools/_reqs.py
-rw-r--r--  0 root   root     7331 May 15 19:10 usr/lib/python3.12/site-packages/setuptools/archive_util.py
-rw-r--r--  0 root   root    18740 May 15 19:10 usr/lib/python3.12/site-packages/setuptools/build_meta.py
-rw-r--r--  0 root   root      659 May 15 19:10 usr/lib/python3.12/site-packages/setuptools/dep_util.py
-rw-r--r--  0 root   root     5599 May 15 19:10 usr/lib/python3.12/site-packages/setuptools/depends.py
-rw-r--r--  0 root   root    21152 May 15 19:10 usr/lib/python3.12/site-packages/setuptools/discovery.py
-rw-r--r--  0 root   root    37504 May 15 19:10 usr/lib/python3.12/site-packages/setuptools/dist.py
-rw-r--r--  0 root   root     2669 May 15 19:10 usr/lib/python3.12/site-packages/setuptools/errors.py
-rw-r--r--  0 root   root     5807 May 15 19:10 usr/lib/python3.12/site-packages/setuptools/extension.py
-rw-r--r--  0 root   root     4852 May 15 19:10 usr/lib/python3.12/site-packages/setuptools/glob.py
-rw-r--r--  0 root   root     4969 May 15 19:10 usr/lib/python3.12/site-packages/setuptools/installer.py
-rw-r--r--  0 root   root      812 May 15 19:10 usr/lib/python3.12/site-packages/setuptools/launch.py
-rw-r--r--  0 root   root     1239 May 15 19:10 usr/lib/python3.12/site-packages/setuptools/logging.py
-rw-r--r--  0 root   root      190 May 15 19:10 usr/lib/python3.12/site-packages/setuptools/modified.py
-rw-r--r--  0 root   root     4303 May 15 19:10 usr/lib/python3.12/site-packages/setuptools/monkey.py
-rw-r--r--  0 root   root    47476 May 15 19:10 usr/lib/python3.12/site-packages/setuptools/msvc.py
-rw-r--r--  0 root   root     3131 May 15 19:10 usr/lib/python3.12/site-packages/setuptools/namespaces.py
-rw-r--r--  0 root   root    38376 May 15 19:10 usr/lib/python3.12/site-packages/setuptools/package_index.py
-rw-r--r--  0 root   root    14699 May 15 19:10 usr/lib/python3.12/site-packages/setuptools/sandbox.py
-rw-r--r--  0 root   root      218 May 15 19:10 usr/lib/python3.12/site-packages/setuptools/script (dev).tmpl
-rw-r--r--  0 root   root      138 May 15 19:10 usr/lib/python3.12/site-packages/setuptools/script.tmpl
-rw-r--r--  0 root   root      962 May 15 19:10 usr/lib/python3.12/site-packages/setuptools/unicode_utils.py
-rw-r--r--  0 root   root      161 May 15 19:10 usr/lib/python3.12/site-packages/setuptools/version.py
-rw-r--r--  0 root   root     3697 May 15 19:10 usr/lib/python3.12/site-packages/setuptools/warnings.py
-rw-r--r--  0 root   root     8628 May 15 19:10 usr/lib/python3.12/site-packages/setuptools/wheel.py
-rw-r--r--  0 root   root      720 May 15 19:10 usr/lib/python3.12/site-packages/setuptools/windows_support.py
drwxr-xr-x  0 root   root        0 May 15 19:10 usr/lib/python3.12/site-packages/setuptools/_distutils/
drwxr-xr-x  0 root   root        0 May 15 19:10 usr/lib/python3.12/site-packages/setuptools/_vendor/
drwxr-xr-x  0 root   root        0 May 15 19:10 usr/lib/python3.12/site-packages/setuptools/command/
drwxr-xr-x  0 root   root        0 May 15 19:10 usr/lib/python3.12/site-packages/setuptools/compat/
drwxr-xr-x  0 root   root        0 May 15 19:10 usr/lib/python3.12/site-packages/setuptools/config/
drwxr-xr-x  0 root   root        0 May 15 19:10 usr/lib/python3.12/site-packages/setuptools/extern/
drwxr-xr-x  0 root   root        0 May 15 19:10 usr/lib/python3.12/site-packages/setuptools/__pycache__/
-rw-r--r--  0 root   root    12712 May 15 19:10 usr/lib/python3.12/site-packages/setuptools/__pycache__/__init__.cpython-312.pyc
-rw-r--r--  0 root   root    12720 May 15 19:10 usr/lib/python3.12/site-packages/setuptools/__pycache__/_core_metadata.cpython-312.pyc
-rw-r--r--  0 root   root     4671 May 15 19:10 usr/lib/python3.12/site-packages/setuptools/__pycache__/_entry_points.cpython-312.pyc
-rw-r--r--  0 root   root     3569 May 15 19:10 usr/lib/python3.12/site-packages/setuptools/__pycache__/_imp.cpython-312.pyc
-rw-r--r--  0 root   root     1793 May 15 19:10 usr/lib/python3.12/site-packages/setuptools/__pycache__/_importlib.cpython-312.pyc
-rw-r--r--  0 root   root     1078 May 15 19:10 usr/lib/python3.12/site-packages/setuptools/__pycache__/_itertools.cpython-312.pyc
-rw-r--r--  0 root   root     6366 May 15 19:10 usr/lib/python3.12/site-packages/setuptools/__pycache__/_normalization.cpython-312.pyc
-rw-r--r--  0 root   root     2075 May 15 19:10 usr/lib/python3.12/site-packages/setuptools/__pycache__/_path.cpython-312.pyc
-rw-r--r--  0 root   root     1851 May 15 19:10 usr/lib/python3.12/site-packages/setuptools/__pycache__/_reqs.cpython-312.pyc
-rw-r--r--  0 root   root     9198 May 15 19:10 usr/lib/python3.12/site-packages/setuptools/__pycache__/archive_util.cpython-312.pyc
-rw-r--r--  0 root   root    23442 May 15 19:10 usr/lib/python3.12/site-packages/setuptools/__pycache__/build_meta.cpython-312.pyc
-rw-r--r--  0 root   root      869 May 15 19:10 usr/lib/python3.12/site-packages/setuptools/__pycache__/dep_util.cpython-312.pyc
-rw-r--r--  0 root   root     7455 May 15 19:10 usr/lib/python3.12/site-packages/setuptools/__pycache__/depends.cpython-312.pyc
-rw-r--r--  0 root   root    29045 May 15 19:10 usr/lib/python3.12/site-packages/setuptools/__pycache__/discovery.cpython-312.pyc
-rw-r--r--  0 root   root    45455 May 15 19:10 usr/lib/python3.12/site-packages/setuptools/__pycache__/dist.cpython-312.pyc
-rw-r--r--  0 root   root     3448 May 15 19:10 usr/lib/python3.12/site-packages/setuptools/__pycache__/errors.cpython-312.pyc
-rw-r--r--  0 root   root     6584 May 15 19:10 usr/lib/python3.12/site-packages/setuptools/__pycache__/extension.cpython-312.pyc
-rw-r--r--  0 root   root     5973 May 15 19:10 usr/lib/python3.12/site-packages/setuptools/__pycache__/glob.cpython-312.pyc
-rw-r--r--  0 root   root     6460 May 15 19:10 usr/lib/python3.12/site-packages/setuptools/__pycache__/installer.cpython-312.pyc
-rw-r--r--  0 root   root     1310 May 15 19:10 usr/lib/python3.12/site-packages/setuptools/__pycache__/launch.cpython-312.pyc
-rw-r--r--  0 root   root     2047 May 15 19:10 usr/lib/python3.12/site-packages/setuptools/__pycache__/logging.cpython-312.pyc
-rw-r--r--  0 root   root      345 May 15 19:10 usr/lib/python3.12/site-packages/setuptools/__pycache__/modified.cpython-312.pyc
-rw-r--r--  0 root   root     6001 May 15 19:10 usr/lib/python3.12/site-packages/setuptools/__pycache__/monkey.cpython-312.pyc
-rw-r--r--  0 root   root    60678 May 15 19:10 usr/lib/python3.12/site-packages/setuptools/__pycache__/msvc.cpython-312.pyc
-rw-r--r--  0 root   root     5296 May 15 19:10 usr/lib/python3.12/site-packages/setuptools/__pycache__/namespaces.cpython-312.pyc
-rw-r--r--  0 root   root    52727 May 15 19:10 usr/lib/python3.12/site-packages/setuptools/__pycache__/package_index.cpython-312.pyc
-rw-r--r--  0 root   root    24010 May 15 19:10 usr/lib/python3.12/site-packages/setuptools/__pycache__/sandbox.cpython-312.pyc
-rw-r--r--  0 root   root     1651 May 15 19:10 usr/lib/python3.12/site-packages/setuptools/__pycache__/unicode_utils.cpython-312.pyc
-rw-r--r--  0 root   root      421 May 15 19:10 usr/lib/python3.12/site-packages/setuptools/__pycache__/version.cpython-312.pyc
-rw-r--r--  0 root   root     4943 May 15 19:10 usr/lib/python3.12/site-packages/setuptools/__pycache__/warnings.cpython-312.pyc
-rw-r--r--  0 root   root    13477 May 15 19:10 usr/lib/python3.12/site-packages/setuptools/__pycache__/wheel.cpython-312.pyc
-rw-r--r--  0 root   root     1446 May 15 19:10 usr/lib/python3.12/site-packages/setuptools/__pycache__/windows_support.cpython-312.pyc
-rw-r--r--  0 root   root     2556 May 15 19:10 usr/lib/python3.12/site-packages/setuptools/extern/__init__.py
drwxr-xr-x  0 root   root        0 May 15 19:10 usr/lib/python3.12/site-packages/setuptools/extern/__pycache__/
-rw-r--r--  0 root   root     4127 May 15 19:10 usr/lib/python3.12/site-packages/setuptools/extern/__pycache__/__init__.cpython-312.pyc
-rw-r--r--  0 root   root     1499 May 15 19:10 usr/lib/python3.12/site-packages/setuptools/config/__init__.py
-rw-r--r--  0 root   root    14791 May 15 19:10 usr/lib/python3.12/site-packages/setuptools/config/_apply_pyprojecttoml.py
-rw-r--r--  0 root   root    16456 May 15 19:10 usr/lib/python3.12/site-packages/setuptools/config/expand.py
-rw-r--r--  0 root   root    17383 May 15 19:10 usr/lib/python3.12/site-packages/setuptools/config/pyprojecttoml.py
-rw-r--r--  0 root   root    25630 May 15 19:10 usr/lib/python3.12/site-packages/setuptools/config/setupcfg.py
drwxr-xr-x  0 root   root        0 May 15 19:10 usr/lib/python3.12/site-packages/setuptools/config/_validate_pyproject/
drwxr-xr-x  0 root   root        0 May 15 19:10 usr/lib/python3.12/site-packages/setuptools/config/__pycache__/
-rw-r--r--  0 root   root     2014 May 15 19:10 usr/lib/python3.12/site-packages/setuptools/config/__pycache__/__init__.cpython-312.pyc
-rw-r--r--  0 root   root    20650 May 15 19:10 usr/lib/python3.12/site-packages/setuptools/config/__pycache__/_apply_pyprojecttoml.cpython-312.pyc
-rw-r--r--  0 root   root    25000 May 15 19:10 usr/lib/python3.12/site-packages/setuptools/config/__pycache__/expand.cpython-312.pyc
-rw-r--r--  0 root   root    22622 May 15 19:10 usr/lib/python3.12/site-packages/setuptools/config/__pycache__/pyprojecttoml.cpython-312.pyc
-rw-r--r--  0 root   root    31598 May 15 19:10 usr/lib/python3.12/site-packages/setuptools/config/__pycache__/setupcfg.cpython-312.pyc
-rw-r--r--  0 root   root     1038 May 15 19:10 usr/lib/python3.12/site-packages/setuptools/config/_validate_pyproject/__init__.py
-rw-r--r--  0 root   root    11266 May 15 19:10 usr/lib/python3.12/site-packages/setuptools/config/_validate_pyproject/error_reporting.py
-rw-r--r--  0 root   root     1153 May 15 19:10 usr/lib/python3.12/site-packages/setuptools/config/_validate_pyproject/extra_validations.py
-rw-r--r--  0 root   root     1612 May 15 19:10 usr/lib/python3.12/site-packages/setuptools/config/_validate_pyproject/fastjsonschema_exceptions.py
-rw-r--r--  0 root   root   274893 May 15 19:10 usr/lib/python3.12/site-packages/setuptools/config/_validate_pyproject/fastjsonschema_validations.py
-rw-r--r--  0 root   root     9160 May 15 19:10 usr/lib/python3.12/site-packages/setuptools/config/_validate_pyproject/formats.py
drwxr-xr-x  0 root   root        0 May 15 19:10 usr/lib/python3.12/site-packages/setuptools/config/_validate_pyproject/__pycache__/
-rw-r--r--  0 root   root     1866 May 15 19:10 usr/lib/python3.12/site-packages/setuptools/config/_validate_pyproject/__pycache__/__init__.cpython-312.pyc
-rw-r--r--  0 root   root    17789 May 15 19:10 usr/lib/python3.12/site-packages/setuptools/config/_validate_pyproject/__pycache__/error_reporting.cpython-312.pyc
-rw-r--r--  0 root   root     1687 May 15 19:10 usr/lib/python3.12/site-packages/setuptools/config/_validate_pyproject/__pycache__/extra_validations.cpython-312.pyc
-rw-r--r--  0 root   root     2843 May 15 19:10 usr/lib/python3.12/site-packages/setuptools/config/_validate_pyproject/__pycache__/fastjsonschema_exceptions.cpython-312.pyc
-rw-r--r--  0 root   root   173352 May 15 19:10 usr/lib/python3.12/site-packages/setuptools/config/_validate_pyproject/__pycache__/fastjsonschema_validations.cpython-312.pyc
-rw-r--r--  0 root   root    13458 May 15 19:10 usr/lib/python3.12/site-packages/setuptools/config/_validate_pyproject/__pycache__/formats.cpython-312.pyc
-rw-r--r--  0 root   root        0 May 15 19:10 usr/lib/python3.12/site-packages/setuptools/compat/__init__.py
-rw-r--r--  0 root   root      165 May 15 19:10 usr/lib/python3.12/site-packages/setuptools/compat/py310.py
-rw-r--r--  0 root   root      330 May 15 19:10 usr/lib/python3.12/site-packages/setuptools/compat/py311.py
-rw-r--r--  0 root   root      493 May 15 19:10 usr/lib/python3.12/site-packages/setuptools/compat/py39.py
drwxr-xr-x  0 root   root        0 May 15 19:10 usr/lib/python3.12/site-packages/setuptools/compat/__pycache__/
-rw-r--r--  0 root   root      189 May 15 19:10 usr/lib/python3.12/site-packages/setuptools/compat/__pycache__/__init__.cpython-312.pyc
-rw-r--r--  0 root   root      375 May 15 19:10 usr/lib/python3.12/site-packages/setuptools/compat/__pycache__/py310.cpython-312.pyc
-rw-r--r--  0 root   root      819 May 15 19:10 usr/lib/python3.12/site-packages/setuptools/compat/__pycache__/py311.cpython-312.pyc
-rw-r--r--  0 root   root      318 May 15 19:10 usr/lib/python3.12/site-packages/setuptools/compat/__pycache__/py39.cpython-312.pyc
-rw-r--r--  0 root   root      396 May 15 19:10 usr/lib/python3.12/site-packages/setuptools/command/__init__.py
-rw-r--r--  0 root   root     4222 May 15 19:10 usr/lib/python3.12/site-packages/setuptools/command/_requirestxt.py
-rw-r--r--  0 root   root     2383 May 15 19:10 usr/lib/python3.12/site-packages/setuptools/command/alias.py
-rw-r--r--  0 root   root    16433 May 15 19:10 usr/lib/python3.12/site-packages/setuptools/command/bdist_egg.py
-rw-r--r--  0 root   root     1289 May 15 19:10 usr/lib/python3.12/site-packages/setuptools/command/bdist_rpm.py
-rw-r--r--  0 root   root     6598 May 15 19:10 usr/lib/python3.12/site-packages/setuptools/command/build.py
-rw-r--r--  0 root   root     4539 May 15 19:10 usr/lib/python3.12/site-packages/setuptools/command/build_clib.py
-rw-r--r--  0 root   root    17724 May 15 19:10 usr/lib/python3.12/site-packages/setuptools/command/build_ext.py
-rw-r--r--  0 root   root    15127 May 15 19:10 usr/lib/python3.12/site-packages/setuptools/command/build_py.py
-rw-r--r--  0 root   root     6834 May 15 19:10 usr/lib/python3.12/site-packages/setuptools/command/develop.py
-rw-r--r--  0 root   root     3507 May 15 19:10 usr/lib/python3.12/site-packages/setuptools/command/dist_info.py
-rw-r--r--  0 root   root    87138 May 15 19:10 usr/lib/python3.12/site-packages/setuptools/command/easy_install.py
-rw-r--r--  0 root   root    34488 May 15 19:10 usr/lib/python3.12/site-packages/setuptools/command/editable_wheel.py
-rw-r--r--  0 root   root    26516 May 15 19:10 usr/lib/python3.12/site-packages/setuptools/command/egg_info.py
-rw-r--r--  0 root   root     5815 May 15 19:10 usr/lib/python3.12/site-packages/setuptools/command/install.py
-rw-r--r--  0 root   root     2066 May 15 19:10 usr/lib/python3.12/site-packages/setuptools/command/install_egg_info.py
-rw-r--r--  0 root   root     3870 May 15 19:10 usr/lib/python3.12/site-packages/setuptools/command/install_lib.py
-rw-r--r--  0 root   root     2359 May 15 19:10 usr/lib/python3.12/site-packages/setuptools/command/install_scripts.py
-rw-r--r--  0 root   root      468 May 15 19:10 usr/lib/python3.12/site-packages/setuptools/command/register.py
-rw-r--r--  0 root   root     2132 May 15 19:10 usr/lib/python3.12/site-packages/setuptools/command/rotate.py
-rw-r--r--  0 root   root      657 May 15 19:10 usr/lib/python3.12/site-packages/setuptools/command/saveopts.py
-rw-r--r--  0 root   root     6811 May 15 19:10 usr/lib/python3.12/site-packages/setuptools/command/sdist.py
-rw-r--r--  0 root   root     4927 May 15 19:10 usr/lib/python3.12/site-packages/setuptools/command/setopt.py
-rw-r--r--  0 root   root     8101 May 15 19:10 usr/lib/python3.12/site-packages/setuptools/command/test.py
-rw-r--r--  0 root   root      462 May 15 19:10 usr/lib/python3.12/site-packages/setuptools/command/upload.py
-rw-r--r--  0 root   root     7821 May 15 19:10 usr/lib/python3.12/site-packages/setuptools/command/upload_docs.py
drwxr-xr-x  0 root   root        0 May 15 19:10 usr/lib/python3.12/site-packages/setuptools/command/__pycache__/
-rw-r--r--  0 root   root      649 May 15 19:10 usr/lib/python3.12/site-packages/setuptools/command/__pycache__/__init__.cpython-312.pyc
-rw-r--r--  0 root   root     6568 May 15 19:10 usr/lib/python3.12/site-packages/setuptools/command/__pycache__/_requirestxt.cpython-312.pyc
-rw-r--r--  0 root   root     3535 May 15 19:10 usr/lib/python3.12/site-packages/setuptools/command/__pycache__/alias.cpython-312.pyc
-rw-r--r--  0 root   root    23555 May 15 19:10 usr/lib/python3.12/site-packages/setuptools/command/__pycache__/bdist_egg.cpython-312.pyc
-rw-r--r--  0 root   root     1982 May 15 19:10 usr/lib/python3.12/site-packages/setuptools/command/__pycache__/bdist_rpm.cpython-312.pyc
-rw-r--r--  0 root   root     6314 May 15 19:10 usr/lib/python3.12/site-packages/setuptools/command/__pycache__/build.cpython-312.pyc
-rw-r--r--  0 root   root     3852 May 15 19:10 usr/lib/python3.12/site-packages/setuptools/command/__pycache__/build_clib.cpython-312.pyc
-rw-r--r--  0 root   root    22656 May 15 19:10 usr/lib/python3.12/site-packages/setuptools/command/__pycache__/build_ext.cpython-312.pyc
-rw-r--r--  0 root   root    22081 May 15 19:10 usr/lib/python3.12/site-packages/setuptools/command/__pycache__/build_py.cpython-312.pyc
-rw-r--r--  0 root   root    10095 May 15 19:10 usr/lib/python3.12/site-packages/setuptools/command/__pycache__/develop.cpython-312.pyc
-rw-r--r--  0 root   root     5422 May 15 19:10 usr/lib/python3.12/site-packages/setuptools/command/__pycache__/dist_info.cpython-312.pyc
-rw-r--r--  0 root   root   109818 May 15 19:10 usr/lib/python3.12/site-packages/setuptools/command/__pycache__/easy_install.cpython-312.pyc
-rw-r--r--  0 root   root    47709 May 15 19:10 usr/lib/python3.12/site-packages/setuptools/command/__pycache__/editable_wheel.cpython-312.pyc
-rw-r--r--  0 root   root    35394 May 15 19:10 usr/lib/python3.12/site-packages/setuptools/command/__pycache__/egg_info.cpython-312.pyc
-rw-r--r--  0 root   root     6869 May 15 19:10 usr/lib/python3.12/site-packages/setuptools/command/__pycache__/install.cpython-312.pyc
-rw-r--r--  0 root   root     3753 May 15 19:10 usr/lib/python3.12/site-packages/setuptools/command/__pycache__/install_egg_info.cpython-312.pyc
-rw-r--r--  0 root   root     5708 May 15 19:10 usr/lib/python3.12/site-packages/setuptools/command/__pycache__/install_lib.cpython-312.pyc
-rw-r--r--  0 root   root     3702 May 15 19:10 usr/lib/python3.12/site-packages/setuptools/command/__pycache__/install_scripts.cpython-312.pyc
-rw-r--r--  0 root   root      999 May 15 19:10 usr/lib/python3.12/site-packages/setuptools/command/__pycache__/register.cpython-312.pyc
-rw-r--r--  0 root   root     3660 May 15 19:10 usr/lib/python3.12/site-packages/setuptools/command/__pycache__/rotate.cpython-312.pyc
-rw-r--r--  0 root   root     1261 May 15 19:10 usr/lib/python3.12/site-packages/setuptools/command/__pycache__/saveopts.cpython-312.pyc
-rw-r--r--  0 root   root    11380 May 15 19:10 usr/lib/python3.12/site-packages/setuptools/command/__pycache__/sdist.cpython-312.pyc
-rw-r--r--  0 root   root     6960 May 15 19:10 usr/lib/python3.12/site-packages/setuptools/command/__pycache__/setopt.cpython-312.pyc
-rw-r--r--  0 root   root    13201 May 15 19:10 usr/lib/python3.12/site-packages/setuptools/command/__pycache__/test.cpython-312.pyc
-rw-r--r--  0 root   root      969 May 15 19:10 usr/lib/python3.12/site-packages/setuptools/command/__pycache__/upload.cpython-312.pyc
-rw-r--r--  0 root   root    11196 May 15 19:10 usr/lib/python3.12/site-packages/setuptools/command/__pycache__/upload_docs.cpython-312.pyc
-rw-r--r--  0 root   root        0 May 15 19:10 usr/lib/python3.12/site-packages/setuptools/_vendor/__init__.py
-rw-r--r--  0 root   root    15130 May 15 19:10 usr/lib/python3.12/site-packages/setuptools/_vendor/ordered_set.py
-rw-r--r--  0 root   root    87149 May 15 19:10 usr/lib/python3.12/site-packages/setuptools/_vendor/typing_extensions.py
-rw-r--r--  0 root   root     8425 May 15 19:10 usr/lib/python3.12/site-packages/setuptools/_vendor/zipp.py
drwxr-xr-x  0 root   root        0 May 15 19:10 usr/lib/python3.12/site-packages/setuptools/_vendor/backports/
drwxr-xr-x  0 root   root        0 May 15 19:10 usr/lib/python3.12/site-packages/setuptools/_vendor/importlib_metadata/
drwxr-xr-x  0 root   root        0 May 15 19:10 usr/lib/python3.12/site-packages/setuptools/_vendor/importlib_resources/
drwxr-xr-x  0 root   root        0 May 15 19:10 usr/lib/python3.12/site-packages/setuptools/_vendor/jaraco/
drwxr-xr-x  0 root   root        0 May 15 19:10 usr/lib/python3.12/site-packages/setuptools/_vendor/more_itertools/
drwxr-xr-x  0 root   root        0 May 15 19:10 usr/lib/python3.12/site-packages/setuptools/_vendor/packaging/
drwxr-xr-x  0 root   root        0 May 15 19:10 usr/lib/python3.12/site-packages/setuptools/_vendor/tomli/
drwxr-xr-x  0 root   root        0 May 15 19:10 usr/lib/python3.12/site-packages/setuptools/_vendor/__pycache__/
-rw-r--r--  0 root   root      190 May 15 19:10 usr/lib/python3.12/site-packages/setuptools/_vendor/__pycache__/__init__.cpython-312.pyc
-rw-r--r--  0 root   root    19532 May 15 19:10 usr/lib/python3.12/site-packages/setuptools/_vendor/__pycache__/ordered_set.cpython-312.pyc
-rw-r--r--  0 root   root    98132 May 15 19:10 usr/lib/python3.12/site-packages/setuptools/_vendor/__pycache__/typing_extensions.cpython-312.pyc
-rw-r--r--  0 root   root    14870 May 15 19:10 usr/lib/python3.12/site-packages/setuptools/_vendor/__pycache__/zipp.cpython-312.pyc
-rw-r--r--  0 root   root      396 May 15 19:10 usr/lib/python3.12/site-packages/setuptools/_vendor/tomli/__init__.py
-rw-r--r--  0 root   root    22633 May 15 19:10 usr/lib/python3.12/site-packages/setuptools/_vendor/tomli/_parser.py
-rw-r--r--  0 root   root     2943 May 15 19:10 usr/lib/python3.12/site-packages/setuptools/_vendor/tomli/_re.py
-rw-r--r--  0 root   root      254 May 15 19:10 usr/lib/python3.12/site-packages/setuptools/_vendor/tomli/_types.py
-rw-r--r--  0 root   root       26 May 15 19:10 usr/lib/python3.12/site-packages/setuptools/_vendor/tomli/py.typed
drwxr-xr-x  0 root   root        0 May 15 19:10 usr/lib/python3.12/site-packages/setuptools/_vendor/tomli/__pycache__/
-rw-r--r--  0 root   root      392 May 15 19:10 usr/lib/python3.12/site-packages/setuptools/_vendor/tomli/__pycache__/__init__.cpython-312.pyc
-rw-r--r--  0 root   root    26935 May 15 19:10 usr/lib/python3.12/site-packages/setuptools/_vendor/tomli/__pycache__/_parser.cpython-312.pyc
-rw-r--r--  0 root   root     3916 May 15 19:10 usr/lib/python3.12/site-packages/setuptools/_vendor/tomli/__pycache__/_re.cpython-312.pyc
-rw-r--r--  0 root   root      374 May 15 19:10 usr/lib/python3.12/site-packages/setuptools/_vendor/tomli/__pycache__/_types.cpython-312.pyc
-rw-r--r--  0 root   root      496 May 15 19:10 usr/lib/python3.12/site-packages/setuptools/_vendor/packaging/__init__.py
-rw-r--r--  0 root   root     3266 May 15 19:10 usr/lib/python3.12/site-packages/setuptools/_vendor/packaging/_elffile.py
-rw-r--r--  0 root   root     9590 May 15 19:10 usr/lib/python3.12/site-packages/setuptools/_vendor/packaging/_manylinux.py
-rw-r--r--  0 root   root     2676 May 15 19:10 usr/lib/python3.12/site-packages/setuptools/_vendor/packaging/_musllinux.py
-rw-r--r--  0 root   root    10347 May 15 19:10 usr/lib/python3.12/site-packages/setuptools/_vendor/packaging/_parser.py
-rw-r--r--  0 root   root     1431 May 15 19:10 usr/lib/python3.12/site-packages/setuptools/_vendor/packaging/_structures.py
-rw-r--r--  0 root   root     5292 May 15 19:10 usr/lib/python3.12/site-packages/setuptools/_vendor/packaging/_tokenizer.py
-rw-r--r--  0 root   root     8208 May 15 19:10 usr/lib/python3.12/site-packages/setuptools/_vendor/packaging/markers.py
-rw-r--r--  0 root   root    33036 May 15 19:10 usr/lib/python3.12/site-packages/setuptools/_vendor/packaging/metadata.py
-rw-r--r--  0 root   root        0 May 15 19:10 usr/lib/python3.12/site-packages/setuptools/_vendor/packaging/py.typed
-rw-r--r--  0 root   root     2933 May 15 19:10 usr/lib/python3.12/site-packages/setuptools/_vendor/packaging/requirements.py
-rw-r--r--  0 root   root    39784 May 15 19:10 usr/lib/python3.12/site-packages/setuptools/_vendor/packaging/specifiers.py
-rw-r--r--  0 root   root    18950 May 15 19:10 usr/lib/python3.12/site-packages/setuptools/_vendor/packaging/tags.py
-rw-r--r--  0 root   root     5268 May 15 19:10 usr/lib/python3.12/site-packages/setuptools/_vendor/packaging/utils.py
-rw-r--r--  0 root   root    16236 May 15 19:10 usr/lib/python3.12/site-packages/setuptools/_vendor/packaging/version.py
drwxr-xr-x  0 root   root        0 May 15 19:10 usr/lib/python3.12/site-packages/setuptools/_vendor/packaging/__pycache__/
-rw-r--r--  0 root   root      565 May 15 19:10 usr/lib/python3.12/site-packages/setuptools/_vendor/packaging/__pycache__/__init__.cpython-312.pyc
-rw-r--r--  0 root   root     5033 May 15 19:10 usr/lib/python3.12/site-packages/setuptools/_vendor/packaging/__pycache__/_elffile.cpython-312.pyc
-rw-r--r--  0 root   root     9913 May 15 19:10 usr/lib/python3.12/site-packages/setuptools/_vendor/packaging/__pycache__/_manylinux.cpython-312.pyc
-rw-r--r--  0 root   root     4596 May 15 19:10 usr/lib/python3.12/site-packages/setuptools/_vendor/packaging/__pycache__/_musllinux.cpython-312.pyc
-rw-r--r--  0 root   root    14071 May 15 19:10 usr/lib/python3.12/site-packages/setuptools/_vendor/packaging/__pycache__/_parser.cpython-312.pyc
-rw-r--r--  0 root   root     3248 May 15 19:10 usr/lib/python3.12/site-packages/setuptools/_vendor/packaging/__pycache__/_structures.cpython-312.pyc
-rw-r--r--  0 root   root     7944 May 15 19:10 usr/lib/python3.12/site-packages/setuptools/_vendor/packaging/__pycache__/_tokenizer.cpython-312.pyc
-rw-r--r--  0 root   root    10506 May 15 19:10 usr/lib/python3.12/site-packages/setuptools/_vendor/packaging/__pycache__/markers.cpython-312.pyc
-rw-r--r--  0 root   root    26952 May 15 19:10 usr/lib/python3.12/site-packages/setuptools/_vendor/packaging/__pycache__/metadata.cpython-312.pyc
-rw-r--r--  0 root   root     4461 May 15 19:10 usr/lib/python3.12/site-packages/setuptools/_vendor/packaging/__pycache__/requirements.cpython-312.pyc
-rw-r--r--  0 root   root    39558 May 15 19:10 usr/lib/python3.12/site-packages/setuptools/_vendor/packaging/__pycache__/specifiers.cpython-312.pyc
-rw-r--r--  0 root   root    21768 May 15 19:10 usr/lib/python3.12/site-packages/setuptools/_vendor/packaging/__pycache__/tags.cpython-312.pyc
-rw-r--r--  0 root   root     7291 May 15 19:10 usr/lib/python3.12/site-packages/setuptools/_vendor/packaging/__pycache__/utils.cpython-312.pyc
-rw-r--r--  0 root   root    20004 May 15 19:10 usr/lib/python3.12/site-packages/setuptools/_vendor/packaging/__pycache__/version.cpython-312.pyc
-rw-r--r--  0 root   root       82 May 15 19:10 usr/lib/python3.12/site-packages/setuptools/_vendor/more_itertools/__init__.py
-rw-r--r--  0 root   root       43 May 15 19:10 usr/lib/python3.12/site-packages/setuptools/_vendor/more_itertools/__init__.pyi
-rw-r--r--  0 root   root   117959 May 15 19:10 usr/lib/python3.12/site-packages/setuptools/_vendor/more_itertools/more.py
-rw-r--r--  0 root   root    14977 May 15 19:10 usr/lib/python3.12/site-packages/setuptools/_vendor/more_itertools/more.pyi
-rw-r--r--  0 root   root        0 May 15 19:10 usr/lib/python3.12/site-packages/setuptools/_vendor/more_itertools/py.typed
-rw-r--r--  0 root   root    16256 May 15 19:10 usr/lib/python3.12/site-packages/setuptools/_vendor/more_itertools/recipes.py
-rw-r--r--  0 root   root     3551 May 15 19:10 usr/lib/python3.12/site-packages/setuptools/_vendor/more_itertools/recipes.pyi
drwxr-xr-x  0 root   root        0 May 15 19:10 usr/lib/python3.12/site-packages/setuptools/_vendor/more_itertools/__pycache__/
-rw-r--r--  0 root   root      282 May 15 19:10 usr/lib/python3.12/site-packages/setuptools/_vendor/more_itertools/__pycache__/__init__.cpython-312.pyc
-rw-r--r--  0 root   root   138039 May 15 19:10 usr/lib/python3.12/site-packages/setuptools/_vendor/more_itertools/__pycache__/more.cpython-312.pyc
-rw-r--r--  0 root   root    21795 May 15 19:10 usr/lib/python3.12/site-packages/setuptools/_vendor/more_itertools/__pycache__/recipes.cpython-312.pyc
-rw-r--r--  0 root   root        0 May 15 19:10 usr/lib/python3.12/site-packages/setuptools/_vendor/jaraco/__init__.py
-rw-r--r--  0 root   root     9570 May 15 19:10 usr/lib/python3.12/site-packages/setuptools/_vendor/jaraco/context.py
drwxr-xr-x  0 root   root        0 May 15 19:10 usr/lib/python3.12/site-packages/setuptools/_vendor/jaraco/functools/
drwxr-xr-x  0 root   root        0 May 15 19:10 usr/lib/python3.12/site-packages/setuptools/_vendor/jaraco/text/
drwxr-xr-x  0 root   root        0 May 15 19:10 usr/lib/python3.12/site-packages/setuptools/_vendor/jaraco/__pycache__/
-rw-r--r--  0 root   root      197 May 15 19:10 usr/lib/python3.12/site-packages/setuptools/_vendor/jaraco/__pycache__/__init__.cpython-312.pyc
-rw-r--r--  0 root   root    14360 May 15 19:10 usr/lib/python3.12/site-packages/setuptools/_vendor/jaraco/__pycache__/context.cpython-312.pyc
-rw-r--r--  0 root   root    15517 May 15 19:10 usr/lib/python3.12/site-packages/setuptools/_vendor/jaraco/text/__init__.py
drwxr-xr-x  0 root   root        0 May 15 19:10 usr/lib/python3.12/site-packages/setuptools/_vendor/jaraco/text/__pycache__/
-rw-r--r--  0 root   root    24435 May 15 19:10 usr/lib/python3.12/site-packages/setuptools/_vendor/jaraco/text/__pycache__/__init__.cpython-312.pyc
-rw-r--r--  0 root   root    16696 May 15 19:10 usr/lib/python3.12/site-packages/setuptools/_vendor/jaraco/functools/__init__.py
-rw-r--r--  0 root   root     3982 May 15 19:10 usr/lib/python3.12/site-packages/setuptools/_vendor/jaraco/functools/__init__.pyi
-rw-r--r--  0 root   root        0 May 15 19:10 usr/lib/python3.12/site-packages/setuptools/_vendor/jaraco/functools/py.typed
drwxr-xr-x  0 root   root        0 May 15 19:10 usr/lib/python3.12/site-packages/setuptools/_vendor/jaraco/functools/__pycache__/
-rw-r--r--  0 root   root    22996 May 15 19:10 usr/lib/python3.12/site-packages/setuptools/_vendor/jaraco/functools/__pycache__/__init__.cpython-312.pyc
-rw-r--r--  0 root   root      506 May 15 19:10 usr/lib/python3.12/site-packages/setuptools/_vendor/importlib_resources/__init__.py
-rw-r--r--  0 root   root     4504 May 15 19:10 usr/lib/python3.12/site-packages/setuptools/_vendor/importlib_resources/_adapters.py
-rw-r--r--  0 root   root     5457 May 15 19:10 usr/lib/python3.12/site-packages/setuptools/_vendor/importlib_resources/_common.py
-rw-r--r--  0 root   root     2925 May 15 19:10 usr/lib/python3.12/site-packages/setuptools/_vendor/importlib_resources/_compat.py
-rw-r--r--  0 root   root      884 May 15 19:10 usr/lib/python3.12/site-packages/setuptools/_vendor/importlib_resources/_itertools.py
-rw-r--r--  0 root   root     3481 May 15 19:10 usr/lib/python3.12/site-packages/setuptools/_vendor/importlib_resources/_legacy.py
-rw-r--r--  0 root   root     5140 May 15 19:10 usr/lib/python3.12/site-packages/setuptools/_vendor/importlib_resources/abc.py
-rw-r--r--  0 root   root        0 May 15 19:10 usr/lib/python3.12/site-packages/setuptools/_vendor/importlib_resources/py.typed
-rw-r--r--  0 root   root     3581 May 15 19:10 usr/lib/python3.12/site-packages/setuptools/_vendor/importlib_resources/readers.py
-rw-r--r--  0 root   root     2576 May 15 19:10 usr/lib/python3.12/site-packages/setuptools/_vendor/importlib_resources/simple.py
drwxr-xr-x  0 root   root        0 May 15 19:10 usr/lib/python3.12/site-packages/setuptools/_vendor/importlib_resources/__pycache__/
-rw-r--r--  0 root   root      677 May 15 19:10 usr/lib/python3.12/site-packages/setuptools/_vendor/importlib_resources/__pycache__/__init__.cpython-312.pyc
-rw-r--r--  0 root   root     9722 May 15 19:10 usr/lib/python3.12/site-packages/setuptools/_vendor/importlib_resources/__pycache__/_adapters.cpython-312.pyc
-rw-r--r--  0 root   root     8771 May 15 19:10 usr/lib/python3.12/site-packages/setuptools/_vendor/importlib_resources/__pycache__/_common.cpython-312.pyc
-rw-r--r--  0 root   root     5043 May 15 19:10 usr/lib/python3.12/site-packages/setuptools/_vendor/importlib_resources/__pycache__/_compat.cpython-312.pyc
-rw-r--r--  0 root   root     1189 May 15 19:10 usr/lib/python3.12/site-packages/setuptools/_vendor/importlib_resources/__pycache__/_itertools.cpython-312.pyc
-rw-r--r--  0 root   root     5805 May 15 19:10 usr/lib/python3.12/site-packages/setuptools/_vendor/importlib_resources/__pycache__/_legacy.cpython-312.pyc
-rw-r--r--  0 root   root     8887 May 15 19:10 usr/lib/python3.12/site-packages/setuptools/_vendor/importlib_resources/__pycache__/abc.cpython-312.pyc
-rw-r--r--  0 root   root     7660 May 15 19:10 usr/lib/python3.12/site-packages/setuptools/_vendor/importlib_resources/__pycache__/readers.cpython-312.pyc
-rw-r--r--  0 root   root     5513 May 15 19:10 usr/lib/python3.12/site-packages/setuptools/_vendor/importlib_resources/__pycache__/simple.cpython-312.pyc
-rw-r--r--  0 root   root    26498 May 15 19:10 usr/lib/python3.12/site-packages/setuptools/_vendor/importlib_metadata/__init__.py
-rw-r--r--  0 root   root     2454 May 15 19:10 usr/lib/python3.12/site-packages/setuptools/_vendor/importlib_metadata/_adapters.py
-rw-r--r--  0 root   root      743 May 15 19:10 usr/lib/python3.12/site-packages/setuptools/_vendor/importlib_metadata/_collections.py
-rw-r--r--  0 root   root     1859 May 15 19:10 usr/lib/python3.12/site-packages/setuptools/_vendor/importlib_metadata/_compat.py
-rw-r--r--  0 root   root     2895 May 15 19:10 usr/lib/python3.12/site-packages/setuptools/_vendor/importlib_metadata/_functools.py
-rw-r--r--  0 root   root     2068 May 15 19:10 usr/lib/python3.12/site-packages/setuptools/_vendor/importlib_metadata/_itertools.py
-rw-r--r--  0 root   root     1165 May 15 19:10 usr/lib/python3.12/site-packages/setuptools/_vendor/importlib_metadata/_meta.py
-rw-r--r--  0 root   root     1098 May 15 19:10 usr/lib/python3.12/site-packages/setuptools/_vendor/importlib_metadata/_py39compat.py
-rw-r--r--  0 root   root     2166 May 15 19:10 usr/lib/python3.12/site-packages/setuptools/_vendor/importlib_metadata/_text.py
-rw-r--r--  0 root   root        0 May 15 19:10 usr/lib/python3.12/site-packages/setuptools/_vendor/importlib_metadata/py.typed
drwxr-xr-x  0 root   root        0 May 15 19:10 usr/lib/python3.12/site-packages/setuptools/_vendor/importlib_metadata/__pycache__/
-rw-r--r--  0 root   root    45248 May 15 19:10 usr/lib/python3.12/site-packages/setuptools/_vendor/importlib_metadata/__pycache__/__init__.cpython-312.pyc
-rw-r--r--  0 root   root     3958 May 15 19:10 usr/lib/python3.12/site-packages/setuptools/_vendor/importlib_metadata/__pycache__/_adapters.cpython-312.pyc
-rw-r--r--  0 root   root     1945 May 15 19:10 usr/lib/python3.12/site-packages/setuptools/_vendor/importlib_metadata/__pycache__/_collections.cpython-312.pyc
-rw-r--r--  0 root   root     2467 May 15 19:10 usr/lib/python3.12/site-packages/setuptools/_vendor/importlib_metadata/__pycache__/_compat.cpython-312.pyc
-rw-r--r--  0 root   root     3503 May 15 19:10 usr/lib/python3.12/site-packages/setuptools/_vendor/importlib_metadata/__pycache__/_functools.cpython-312.pyc
-rw-r--r--  0 root   root     2427 May 15 19:10 usr/lib/python3.12/site-packages/setuptools/_vendor/importlib_metadata/__pycache__/_itertools.cpython-312.pyc
-rw-r--r--  0 root   root     2711 May 15 19:10 usr/lib/python3.12/site-packages/setuptools/_vendor/importlib_metadata/__pycache__/_meta.cpython-312.pyc
-rw-r--r--  0 root   root     1659 May 15 19:10 usr/lib/python3.12/site-packages/setuptools/_vendor/importlib_metadata/__pycache__/_py39compat.cpython-312.pyc
-rw-r--r--  0 root   root     3904 May 15 19:10 usr/lib/python3.12/site-packages/setuptools/_vendor/importlib_metadata/__pycache__/_text.cpython-312.pyc
-rw-r--r--  0 root   root        0 May 15 19:10 usr/lib/python3.12/site-packages/setuptools/_vendor/backports/__init__.py
-rw-r--r--  0 root   root   106920 May 15 19:10 usr/lib/python3.12/site-packages/setuptools/_vendor/backports/tarfile.py
drwxr-xr-x  0 root   root        0 May 15 19:10 usr/lib/python3.12/site-packages/setuptools/_vendor/backports/__pycache__/
-rw-r--r--  0 root   root      200 May 15 19:10 usr/lib/python3.12/site-packages/setuptools/_vendor/backports/__pycache__/__init__.cpython-312.pyc
-rw-r--r--  0 root   root   119448 May 15 19:10 usr/lib/python3.12/site-packages/setuptools/_vendor/backports/__pycache__/tarfile.cpython-312.pyc
-rw-r--r--  0 root   root      359 May 15 19:10 usr/lib/python3.12/site-packages/setuptools/_distutils/__init__.py
-rw-r--r--  0 root   root     5440 May 15 19:10 usr/lib/python3.12/site-packages/setuptools/_distutils/_collections.py
-rw-r--r--  0 root   root     1771 May 15 19:10 usr/lib/python3.12/site-packages/setuptools/_distutils/_functools.py
-rw-r--r--  0 root   root     1453 May 15 19:10 usr/lib/python3.12/site-packages/setuptools/_distutils/_itertools.py
-rw-r--r--  0 root   root       42 May 15 19:10 usr/lib/python3.12/site-packages/setuptools/_distutils/_log.py
-rw-r--r--  0 root   root      239 May 15 19:10 usr/lib/python3.12/site-packages/setuptools/_distutils/_macos_compat.py
-rw-r--r--  0 root   root     2411 May 15 19:10 usr/lib/python3.12/site-packages/setuptools/_distutils/_modified.py
-rw-r--r--  0 root   root    19613 May 15 19:10 usr/lib/python3.12/site-packages/setuptools/_distutils/_msvccompiler.py
-rw-r--r--  0 root   root     8572 May 15 19:10 usr/lib/python3.12/site-packages/setuptools/_distutils/archive_util.py
-rw-r--r--  0 root   root    14662 May 15 19:10 usr/lib/python3.12/site-packages/setuptools/_distutils/bcppcompiler.py
-rw-r--r--  0 root   root    48645 May 15 19:10 usr/lib/python3.12/site-packages/setuptools/_distutils/ccompiler.py
-rw-r--r--  0 root   root    17801 May 15 19:10 usr/lib/python3.12/site-packages/setuptools/_distutils/cmd.py
-rw-r--r--  0 root   root     5226 May 15 19:10 usr/lib/python3.12/site-packages/setuptools/_distutils/config.py
-rw-r--r--  0 root   root     9372 May 15 19:10 usr/lib/python3.12/site-packages/setuptools/_distutils/core.py
-rw-r--r--  0 root   root    11945 May 15 19:10 usr/lib/python3.12/site-packages/setuptools/_distutils/cygwinccompiler.py
-rw-r--r--  0 root   root      139 May 15 19:10 usr/lib/python3.12/site-packages/setuptools/_distutils/debug.py
-rw-r--r--  0 root   root      349 May 15 19:10 usr/lib/python3.12/site-packages/setuptools/_distutils/dep_util.py
-rw-r--r--  0 root   root     7965 May 15 19:10 usr/lib/python3.12/site-packages/setuptools/_distutils/dir_util.py
-rw-r--r--  0 root   root    50116 May 15 19:10 usr/lib/python3.12/site-packages/setuptools/_distutils/dist.py
-rw-r--r--  0 root   root     3589 May 15 19:10 usr/lib/python3.12/site-packages/setuptools/_distutils/errors.py
-rw-r--r--  0 root   root    10197 May 15 19:10 usr/lib/python3.12/site-packages/setuptools/_distutils/extension.py
-rw-r--r--  0 root   root    17831 May 15 19:10 usr/lib/python3.12/site-packages/setuptools/_distutils/fancy_getopt.py
-rw-r--r--  0 root   root     7926 May 15 19:10 usr/lib/python3.12/site-packages/setuptools/_distutils/file_util.py
-rw-r--r--  0 root   root    13635 May 15 19:10 usr/lib/python3.12/site-packages/setuptools/_distutils/filelist.py
-rw-r--r--  0 root   root     1200 May 15 19:10 usr/lib/python3.12/site-packages/setuptools/_distutils/log.py
-rw-r--r--  0 root   root    30108 May 15 19:10 usr/lib/python3.12/site-packages/setuptools/_distutils/msvc9compiler.py
-rw-r--r--  0 root   root    23443 May 15 19:10 usr/lib/python3.12/site-packages/setuptools/_distutils/msvccompiler.py
-rw-r--r--  0 root   root      205 May 15 19:10 usr/lib/python3.12/site-packages/setuptools/_distutils/py38compat.py
-rw-r--r--  0 root   root     1964 May 15 19:10 usr/lib/python3.12/site-packages/setuptools/_distutils/py39compat.py
-rw-r--r--  0 root   root     3431 May 15 19:10 usr/lib/python3.12/site-packages/setuptools/_distutils/spawn.py
-rw-r--r--  0 root   root    18485 May 15 19:10 usr/lib/python3.12/site-packages/setuptools/_distutils/sysconfig.py
-rw-r--r--  0 root   root    12100 May 15 19:10 usr/lib/python3.12/site-packages/setuptools/_distutils/text_file.py
-rw-r--r--  0 root   root    15572 May 15 19:10 usr/lib/python3.12/site-packages/setuptools/_distutils/unixccompiler.py
-rw-r--r--  0 root   root    18120 May 15 19:10 usr/lib/python3.12/site-packages/setuptools/_distutils/util.py
-rw-r--r--  0 root   root    12648 May 15 19:10 usr/lib/python3.12/site-packages/setuptools/_distutils/version.py
-rw-r--r--  0 root   root     5205 May 15 19:10 usr/lib/python3.12/site-packages/setuptools/_distutils/versionpredicate.py
-rw-r--r--  0 root   root     6573 May 15 19:10 usr/lib/python3.12/site-packages/setuptools/_distutils/zosccompiler.py
drwxr-xr-x  0 root   root        0 May 15 19:10 usr/lib/python3.12/site-packages/setuptools/_distutils/command/
drwxr-xr-x  0 root   root        0 May 15 19:10 usr/lib/python3.12/site-packages/setuptools/_distutils/compat/
drwxr-xr-x  0 root   root        0 May 15 19:10 usr/lib/python3.12/site-packages/setuptools/_distutils/__pycache__/
-rw-r--r--  0 root   root      529 May 15 19:10 usr/lib/python3.12/site-packages/setuptools/_distutils/__pycache__/__init__.cpython-312.pyc
-rw-r--r--  0 root   root     8036 May 15 19:10 usr/lib/python3.12/site-packages/setuptools/_distutils/__pycache__/_collections.cpython-312.pyc
-rw-r--r--  0 root   root     2591 May 15 19:10 usr/lib/python3.12/site-packages/setuptools/_distutils/__pycache__/_functools.cpython-312.pyc
-rw-r--r--  0 root   root     1775 May 15 19:10 usr/lib/python3.12/site-packages/setuptools/_distutils/__pycache__/_itertools.cpython-312.pyc
-rw-r--r--  0 root   root      277 May 15 19:10 usr/lib/python3.12/site-packages/setuptools/_distutils/__pycache__/_log.cpython-312.pyc
-rw-r--r--  0 root   root      566 May 15 19:10 usr/lib/python3.12/site-packages/setuptools/_distutils/__pycache__/_macos_compat.cpython-312.pyc
-rw-r--r--  0 root   root     3885 May 15 19:10 usr/lib/python3.12/site-packages/setuptools/_distutils/__pycache__/_modified.cpython-312.pyc
-rw-r--r--  0 root   root    22439 May 15 19:10 usr/lib/python3.12/site-packages/setuptools/_distutils/__pycache__/_msvccompiler.cpython-312.pyc
-rw-r--r--  0 root   root     9762 May 15 19:10 usr/lib/python3.12/site-packages/setuptools/_distutils/__pycache__/archive_util.cpython-312.pyc
-rw-r--r--  0 root   root    11949 May 15 19:10 usr/lib/python3.12/site-packages/setuptools/_distutils/__pycache__/bcppcompiler.cpython-312.pyc
-rw-r--r--  0 root   root    44461 May 15 19:10 usr/lib/python3.12/site-packages/setuptools/_distutils/__pycache__/ccompiler.cpython-312.pyc
-rw-r--r--  0 root   root    17497 May 15 19:10 usr/lib/python3.12/site-packages/setuptools/_distutils/__pycache__/cmd.cpython-312.pyc
-rw-r--r--  0 root   root     5860 May 15 19:10 usr/lib/python3.12/site-packages/setuptools/_distutils/__pycache__/config.cpython-312.pyc
-rw-r--r--  0 root   root     9031 May 15 19:10 usr/lib/python3.12/site-packages/setuptools/_distutils/__pycache__/core.cpython-312.pyc
-rw-r--r--  0 root   root    11997 May 15 19:10 usr/lib/python3.12/site-packages/setuptools/_distutils/__pycache__/cygwinccompiler.cpython-312.pyc
-rw-r--r--  0 root   root      320 May 15 19:10 usr/lib/python3.12/site-packages/setuptools/_distutils/__pycache__/debug.cpython-312.pyc
-rw-r--r--  0 root   root      714 May 15 19:10 usr/lib/python3.12/site-packages/setuptools/_distutils/__pycache__/dep_util.cpython-312.pyc
-rw-r--r--  0 root   root     9609 May 15 19:10 usr/lib/python3.12/site-packages/setuptools/_distutils/__pycache__/dir_util.cpython-312.pyc
-rw-r--r--  0 root   root    50495 May 15 19:10 usr/lib/python3.12/site-packages/setuptools/_distutils/__pycache__/dist.cpython-312.pyc
-rw-r--r--  0 root   root     5752 May 15 19:10 usr/lib/python3.12/site-packages/setuptools/_distutils/__pycache__/errors.cpython-312.pyc
-rw-r--r--  0 root   root     9429 May 15 19:10 usr/lib/python3.12/site-packages/setuptools/_distutils/__pycache__/extension.cpython-312.pyc
-rw-r--r--  0 root   root    15631 May 15 19:10 usr/lib/python3.12/site-packages/setuptools/_distutils/__pycache__/fancy_getopt.cpython-312.pyc
-rw-r--r--  0 root   root     9509 May 15 19:10 usr/lib/python3.12/site-packages/setuptools/_distutils/__pycache__/file_util.cpython-312.pyc
-rw-r--r--  0 root   root    15757 May 15 19:10 usr/lib/python3.12/site-packages/setuptools/_distutils/__pycache__/filelist.cpython-312.pyc
-rw-r--r--  0 root   root     2615 May 15 19:10 usr/lib/python3.12/site-packages/setuptools/_distutils/__pycache__/log.cpython-312.pyc
-rw-r--r--  0 root   root    30730 May 15 19:10 usr/lib/python3.12/site-packages/setuptools/_distutils/__pycache__/msvc9compiler.cpython-312.pyc
-rw-r--r--  0 root   root    24960 May 15 19:10 usr/lib/python3.12/site-packages/setuptools/_distutils/__pycache__/msvccompiler.cpython-312.pyc
-rw-r--r--  0 root   root      534 May 15 19:10 usr/lib/python3.12/site-packages/setuptools/_distutils/__pycache__/py38compat.cpython-312.pyc
-rw-r--r--  0 root   root     2697 May 15 19:10 usr/lib/python3.12/site-packages/setuptools/_distutils/__pycache__/py39compat.cpython-312.pyc
-rw-r--r--  0 root   root     4038 May 15 19:10 usr/lib/python3.12/site-packages/setuptools/_distutils/__pycache__/spawn.cpython-312.pyc
-rw-r--r--  0 root   root    21283 May 15 19:10 usr/lib/python3.12/site-packages/setuptools/_distutils/__pycache__/sysconfig.cpython-312.pyc
-rw-r--r--  0 root   root    10785 May 15 19:10 usr/lib/python3.12/site-packages/setuptools/_distutils/__pycache__/text_file.cpython-312.pyc
-rw-r--r--  0 root   root    15222 May 15 19:10 usr/lib/python3.12/site-packages/setuptools/_distutils/__pycache__/unixccompiler.cpython-312.pyc
-rw-r--r--  0 root   root    18803 May 15 19:10 usr/lib/python3.12/site-packages/setuptools/_distutils/__pycache__/util.cpython-312.pyc
-rw-r--r--  0 root   root    10672 May 15 19:10 usr/lib/python3.12/site-packages/setuptools/_distutils/__pycache__/version.cpython-312.pyc
-rw-r--r--  0 root   root     6898 May 15 19:10 usr/lib/python3.12/site-packages/setuptools/_distutils/__pycache__/versionpredicate.cpython-312.pyc
-rw-r--r--  0 root   root     6274 May 15 19:10 usr/lib/python3.12/site-packages/setuptools/_distutils/__pycache__/zosccompiler.cpython-312.pyc
-rw-r--r--  0 root   root      417 May 15 19:10 usr/lib/python3.12/site-packages/setuptools/_distutils/compat/__init__.py
-rw-r--r--  0 root   root      567 May 15 19:10 usr/lib/python3.12/site-packages/setuptools/_distutils/compat/py38.py
drwxr-xr-x  0 root   root        0 May 15 19:10 usr/lib/python3.12/site-packages/setuptools/_distutils/compat/__pycache__/
-rw-r--r--  0 root   root     1167 May 15 19:10 usr/lib/python3.12/site-packages/setuptools/_distutils/compat/__pycache__/__init__.cpython-312.pyc
-rw-r--r--  0 root   root     1044 May 15 19:10 usr/lib/python3.12/site-packages/setuptools/_distutils/compat/__pycache__/py38.cpython-312.pyc
-rw-r--r--  0 root   root      430 May 15 19:10 usr/lib/python3.12/site-packages/setuptools/_distutils/command/__init__.py
-rw-r--r--  0 root   root     1609 May 15 19:10 usr/lib/python3.12/site-packages/setuptools/_distutils/command/_framework_compat.py
-rw-r--r--  0 root   root     5353 May 15 19:10 usr/lib/python3.12/site-packages/setuptools/_distutils/command/bdist.py
-rw-r--r--  0 root   root     4596 May 15 19:10 usr/lib/python3.12/site-packages/setuptools/_distutils/command/bdist_dumb.py
-rw-r--r--  0 root   root    21717 May 15 19:10 usr/lib/python3.12/site-packages/setuptools/_distutils/command/bdist_rpm.py
-rw-r--r--  0 root   root     5575 May 15 19:10 usr/lib/python3.12/site-packages/setuptools/_distutils/command/build.py
-rw-r--r--  0 root   root     7686 May 15 19:10 usr/lib/python3.12/site-packages/setuptools/_distutils/command/build_clib.py
-rw-r--r--  0 root   root    31793 May 15 19:10 usr/lib/python3.12/site-packages/setuptools/_distutils/command/build_ext.py
-rw-r--r--  0 root   root    16539 May 15 19:10 usr/lib/python3.12/site-packages/setuptools/_distutils/command/build_py.py
-rw-r--r--  0 root   root     5536 May 15 19:10 usr/lib/python3.12/site-packages/setuptools/_distutils/command/build_scripts.py
-rw-r--r--  0 root   root     4912 May 15 19:10 usr/lib/python3.12/site-packages/setuptools/_distutils/command/check.py
-rw-r--r--  0 root   root     2595 May 15 19:10 usr/lib/python3.12/site-packages/setuptools/_distutils/command/clean.py
-rw-r--r--  0 root   root    13007 May 15 19:10 usr/lib/python3.12/site-packages/setuptools/_distutils/command/config.py
-rw-r--r--  0 root   root    30128 May 15 19:10 usr/lib/python3.12/site-packages/setuptools/_distutils/command/install.py
-rw-r--r--  0 root   root     2757 May 15 19:10 usr/lib/python3.12/site-packages/setuptools/_distutils/command/install_data.py
-rw-r--r--  0 root   root     2788 May 15 19:10 usr/lib/python3.12/site-packages/setuptools/_distutils/command/install_egg_info.py
-rw-r--r--  0 root   root     1180 May 15 19:10 usr/lib/python3.12/site-packages/setuptools/_distutils/command/install_headers.py
-rw-r--r--  0 root   root     8408 May 15 19:10 usr/lib/python3.12/site-packages/setuptools/_distutils/command/install_lib.py
-rw-r--r--  0 root   root     1933 May 15 19:10 usr/lib/python3.12/site-packages/setuptools/_distutils/command/install_scripts.py
-rw-r--r--  0 root   root    11805 May 15 19:10 usr/lib/python3.12/site-packages/setuptools/_distutils/command/register.py
-rw-r--r--  0 root   root    19188 May 15 19:10 usr/lib/python3.12/site-packages/setuptools/_distutils/command/sdist.py
-rw-r--r--  0 root   root     7497 May 15 19:10 usr/lib/python3.12/site-packages/setuptools/_distutils/command/upload.py
drwxr-xr-x  0 root   root        0 May 15 19:10 usr/lib/python3.12/site-packages/setuptools/_distutils/command/__pycache__/
-rw-r--r--  0 root   root      530 May 15 19:10 usr/lib/python3.12/site-packages/setuptools/_distutils/command/__pycache__/__init__.cpython-312.pyc
-rw-r--r--  0 root   root     2616 May 15 19:10 usr/lib/python3.12/site-packages/setuptools/_distutils/command/__pycache__/_framework_compat.cpython-312.pyc
-rw-r--r--  0 root   root     5620 May 15 19:10 usr/lib/python3.12/site-packages/setuptools/_distutils/command/__pycache__/bdist.cpython-312.pyc
-rw-r--r--  0 root   root     5527 May 15 19:10 usr/lib/python3.12/site-packages/setuptools/_distutils/command/__pycache__/bdist_dumb.cpython-312.pyc
-rw-r--r--  0 root   root    21487 May 15 19:10 usr/lib/python3.12/site-packages/setuptools/_distutils/command/__pycache__/bdist_rpm.cpython-312.pyc
-rw-r--r--  0 root   root     5851 May 15 19:10 usr/lib/python3.12/site-packages/setuptools/_distutils/command/__pycache__/build.cpython-312.pyc
-rw-r--r--  0 root   root     7367 May 15 19:10 usr/lib/python3.12/site-packages/setuptools/_distutils/command/__pycache__/build_clib.cpython-312.pyc
-rw-r--r--  0 root   root    29401 May 15 19:10 usr/lib/python3.12/site-packages/setuptools/_distutils/command/__pycache__/build_ext.cpython-312.pyc
-rw-r--r--  0 root   root    16049 May 15 19:10 usr/lib/python3.12/site-packages/setuptools/_distutils/command/__pycache__/build_py.cpython-312.pyc
-rw-r--r--  0 root   root     7087 May 15 19:10 usr/lib/python3.12/site-packages/setuptools/_distutils/command/__pycache__/build_scripts.cpython-312.pyc
-rw-r--r--  0 root   root     6925 May 15 19:10 usr/lib/python3.12/site-packages/setuptools/_distutils/command/__pycache__/check.cpython-312.pyc
-rw-r--r--  0 root   root     3023 May 15 19:10 usr/lib/python3.12/site-packages/setuptools/_distutils/command/__pycache__/clean.cpython-312.pyc
-rw-r--r--  0 root   root    15254 May 15 19:10 usr/lib/python3.12/site-packages/setuptools/_distutils/command/__pycache__/config.cpython-312.pyc
-rw-r--r--  0 root   root    27154 May 15 19:10 usr/lib/python3.12/site-packages/setuptools/_distutils/command/__pycache__/install.cpython-312.pyc
-rw-r--r--  0 root   root     3516 May 15 19:10 usr/lib/python3.12/site-packages/setuptools/_distutils/command/__pycache__/install_data.cpython-312.pyc
-rw-r--r--  0 root   root     4896 May 15 19:10 usr/lib/python3.12/site-packages/setuptools/_distutils/command/__pycache__/install_egg_info.cpython-312.pyc
-rw-r--r--  0 root   root     2233 May 15 19:10 usr/lib/python3.12/site-packages/setuptools/_distutils/command/__pycache__/install_headers.cpython-312.pyc
-rw-r--r--  0 root   root     8119 May 15 19:10 usr/lib/python3.12/site-packages/setuptools/_distutils/command/__pycache__/install_lib.cpython-312.pyc
-rw-r--r--  0 root   root     2956 May 15 19:10 usr/lib/python3.12/site-packages/setuptools/_distutils/command/__pycache__/install_scripts.cpython-312.pyc
-rw-r--r--  0 root   root    14394 May 15 19:10 usr/lib/python3.12/site-packages/setuptools/_distutils/command/__pycache__/register.cpython-312.pyc
-rw-r--r--  0 root   root    22439 May 15 19:10 usr/lib/python3.12/site-packages/setuptools/_distutils/command/__pycache__/sdist.cpython-312.pyc
-rw-r--r--  0 root   root     9633 May 15 19:10 usr/lib/python3.12/site-packages/setuptools/_distutils/command/__pycache__/upload.cpython-312.pyc
-rw-r--r--  0 root   root   108932 May 15 19:10 usr/lib/python3.12/site-packages/pkg_resources/__init__.py
drwxr-xr-x  0 root   root        0 May 15 19:10 usr/lib/python3.12/site-packages/pkg_resources/_vendor/
drwxr-xr-x  0 root   root        0 May 15 19:10 usr/lib/python3.12/site-packages/pkg_resources/extern/
drwxr-xr-x  0 root   root        0 May 15 19:10 usr/lib/python3.12/site-packages/pkg_resources/__pycache__/
-rw-r--r--  0 root   root   146158 May 15 19:10 usr/lib/python3.12/site-packages/pkg_resources/__pycache__/__init__.cpython-312.pyc
-rw-r--r--  0 root   root     2459 May 15 19:10 usr/lib/python3.12/site-packages/pkg_resources/extern/__init__.py
drwxr-xr-x  0 root   root        0 May 15 19:10 usr/lib/python3.12/site-packages/pkg_resources/extern/__pycache__/
-rw-r--r--  0 root   root     4054 May 15 19:10 usr/lib/python3.12/site-packages/pkg_resources/extern/__pycache__/__init__.cpython-312.pyc
-rw-r--r--  0 root   root        0 May 15 19:10 usr/lib/python3.12/site-packages/pkg_resources/_vendor/__init__.py
-rw-r--r--  0 root   root    80078 May 15 19:10 usr/lib/python3.12/site-packages/pkg_resources/_vendor/typing_extensions.py
-rw-r--r--  0 root   root     8425 May 15 19:10 usr/lib/python3.12/site-packages/pkg_resources/_vendor/zipp.py
drwxr-xr-x  0 root   root        0 May 15 19:10 usr/lib/python3.12/site-packages/pkg_resources/_vendor/backports/
drwxr-xr-x  0 root   root        0 May 15 19:10 usr/lib/python3.12/site-packages/pkg_resources/_vendor/importlib_resources/
drwxr-xr-x  0 root   root        0 May 15 19:10 usr/lib/python3.12/site-packages/pkg_resources/_vendor/jaraco/
drwxr-xr-x  0 root   root        0 May 15 19:10 usr/lib/python3.12/site-packages/pkg_resources/_vendor/more_itertools/
drwxr-xr-x  0 root   root        0 May 15 19:10 usr/lib/python3.12/site-packages/pkg_resources/_vendor/packaging/
drwxr-xr-x  0 root   root        0 May 15 19:10 usr/lib/python3.12/site-packages/pkg_resources/_vendor/platformdirs/
drwxr-xr-x  0 root   root        0 May 15 19:10 usr/lib/python3.12/site-packages/pkg_resources/_vendor/__pycache__/
-rw-r--r--  0 root   root      193 May 15 19:10 usr/lib/python3.12/site-packages/pkg_resources/_vendor/__pycache__/__init__.cpython-312.pyc
-rw-r--r--  0 root   root    89831 May 15 19:10 usr/lib/python3.12/site-packages/pkg_resources/_vendor/__pycache__/typing_extensions.cpython-312.pyc
-rw-r--r--  0 root   root    14873 May 15 19:10 usr/lib/python3.12/site-packages/pkg_resources/_vendor/__pycache__/zipp.cpython-312.pyc
-rw-r--r--  0 root   root    12806 May 15 19:10 usr/lib/python3.12/site-packages/pkg_resources/_vendor/platformdirs/__init__.py
-rw-r--r--  0 root   root     1164 May 15 19:10 usr/lib/python3.12/site-packages/pkg_resources/_vendor/platformdirs/__main__.py
-rw-r--r--  0 root   root     4068 May 15 19:10 usr/lib/python3.12/site-packages/pkg_resources/_vendor/platformdirs/android.py
-rw-r--r--  0 root   root     4910 May 15 19:10 usr/lib/python3.12/site-packages/pkg_resources/_vendor/platformdirs/api.py
-rw-r--r--  0 root   root     2655 May 15 19:10 usr/lib/python3.12/site-packages/pkg_resources/_vendor/platformdirs/macos.py
-rw-r--r--  0 root   root        0 May 15 19:10 usr/lib/python3.12/site-packages/pkg_resources/_vendor/platformdirs/py.typed
-rw-r--r--  0 root   root     6911 May 15 19:10 usr/lib/python3.12/site-packages/pkg_resources/_vendor/platformdirs/unix.py
-rw-r--r--  0 root   root      160 May 15 19:10 usr/lib/python3.12/site-packages/pkg_resources/_vendor/platformdirs/version.py
-rw-r--r--  0 root   root     6596 May 15 19:10 usr/lib/python3.12/site-packages/pkg_resources/_vendor/platformdirs/windows.py
drwxr-xr-x  0 root   root        0 May 15 19:10 usr/lib/python3.12/site-packages/pkg_resources/_vendor/platformdirs/__pycache__/
-rw-r--r--  0 root   root    13210 May 15 19:10 usr/lib/python3.12/site-packages/pkg_resources/_vendor/platformdirs/__pycache__/__init__.cpython-312.pyc
-rw-r--r--  0 root   root     1798 May 15 19:10 usr/lib/python3.12/site-packages/pkg_resources/_vendor/platformdirs/__pycache__/__main__.cpython-312.pyc
-rw-r--r--  0 root   root     5795 May 15 19:10 usr/lib/python3.12/site-packages/pkg_resources/_vendor/platformdirs/__pycache__/android.cpython-312.pyc
-rw-r--r--  0 root   root     6617 May 15 19:10 usr/lib/python3.12/site-packages/pkg_resources/_vendor/platformdirs/__pycache__/api.cpython-312.pyc
-rw-r--r--  0 root   root     4241 May 15 19:10 usr/lib/python3.12/site-packages/pkg_resources/_vendor/platformdirs/__pycache__/macos.cpython-312.pyc
-rw-r--r--  0 root   root     9978 May 15 19:10 usr/lib/python3.12/site-packages/pkg_resources/_vendor/platformdirs/__pycache__/unix.cpython-312.pyc
-rw-r--r--  0 root   root      321 May 15 19:10 usr/lib/python3.12/site-packages/pkg_resources/_vendor/platformdirs/__pycache__/version.cpython-312.pyc
-rw-r--r--  0 root   root     9282 May 15 19:10 usr/lib/python3.12/site-packages/pkg_resources/_vendor/platformdirs/__pycache__/windows.cpython-312.pyc
-rw-r--r--  0 root   root      496 May 15 19:10 usr/lib/python3.12/site-packages/pkg_resources/_vendor/packaging/__init__.py
-rw-r--r--  0 root   root     3266 May 15 19:10 usr/lib/python3.12/site-packages/pkg_resources/_vendor/packaging/_elffile.py
-rw-r--r--  0 root   root     9590 May 15 19:10 usr/lib/python3.12/site-packages/pkg_resources/_vendor/packaging/_manylinux.py
-rw-r--r--  0 root   root     2676 May 15 19:10 usr/lib/python3.12/site-packages/pkg_resources/_vendor/packaging/_musllinux.py
-rw-r--r--  0 root   root    10347 May 15 19:10 usr/lib/python3.12/site-packages/pkg_resources/_vendor/packaging/_parser.py
-rw-r--r--  0 root   root     1431 May 15 19:10 usr/lib/python3.12/site-packages/pkg_resources/_vendor/packaging/_structures.py
-rw-r--r--  0 root   root     5292 May 15 19:10 usr/lib/python3.12/site-packages/pkg_resources/_vendor/packaging/_tokenizer.py
-rw-r--r--  0 root   root     8208 May 15 19:10 usr/lib/python3.12/site-packages/pkg_resources/_vendor/packaging/markers.py
-rw-r--r--  0 root   root    33036 May 15 19:10 usr/lib/python3.12/site-packages/pkg_resources/_vendor/packaging/metadata.py
-rw-r--r--  0 root   root        0 May 15 19:10 usr/lib/python3.12/site-packages/pkg_resources/_vendor/packaging/py.typed
-rw-r--r--  0 root   root     2933 May 15 19:10 usr/lib/python3.12/site-packages/pkg_resources/_vendor/packaging/requirements.py
-rw-r--r--  0 root   root    39784 May 15 19:10 usr/lib/python3.12/site-packages/pkg_resources/_vendor/packaging/specifiers.py
-rw-r--r--  0 root   root    18950 May 15 19:10 usr/lib/python3.12/site-packages/pkg_resources/_vendor/packaging/tags.py
-rw-r--r--  0 root   root     5268 May 15 19:10 usr/lib/python3.12/site-packages/pkg_resources/_vendor/packaging/utils.py
-rw-r--r--  0 root   root    16236 May 15 19:10 usr/lib/python3.12/site-packages/pkg_resources/_vendor/packaging/version.py
drwxr-xr-x  0 root   root        0 May 15 19:10 usr/lib/python3.12/site-packages/pkg_resources/_vendor/packaging/__pycache__/
-rw-r--r--  0 root   root      568 May 15 19:10 usr/lib/python3.12/site-packages/pkg_resources/_vendor/packaging/__pycache__/__init__.cpython-312.pyc
-rw-r--r--  0 root   root     5036 May 15 19:10 usr/lib/python3.12/site-packages/pkg_resources/_vendor/packaging/__pycache__/_elffile.cpython-312.pyc
-rw-r--r--  0 root   root     9916 May 15 19:10 usr/lib/python3.12/site-packages/pkg_resources/_vendor/packaging/__pycache__/_manylinux.cpython-312.pyc
-rw-r--r--  0 root   root     4599 May 15 19:10 usr/lib/python3.12/site-packages/pkg_resources/_vendor/packaging/__pycache__/_musllinux.cpython-312.pyc
-rw-r--r--  0 root   root    14074 May 15 19:10 usr/lib/python3.12/site-packages/pkg_resources/_vendor/packaging/__pycache__/_parser.cpython-312.pyc
-rw-r--r--  0 root   root     3251 May 15 19:10 usr/lib/python3.12/site-packages/pkg_resources/_vendor/packaging/__pycache__/_structures.cpython-312.pyc
-rw-r--r--  0 root   root     7947 May 15 19:10 usr/lib/python3.12/site-packages/pkg_resources/_vendor/packaging/__pycache__/_tokenizer.cpython-312.pyc
-rw-r--r--  0 root   root    10509 May 15 19:10 usr/lib/python3.12/site-packages/pkg_resources/_vendor/packaging/__pycache__/markers.cpython-312.pyc
-rw-r--r--  0 root   root    26955 May 15 19:10 usr/lib/python3.12/site-packages/pkg_resources/_vendor/packaging/__pycache__/metadata.cpython-312.pyc
-rw-r--r--  0 root   root     4464 May 15 19:10 usr/lib/python3.12/site-packages/pkg_resources/_vendor/packaging/__pycache__/requirements.cpython-312.pyc
-rw-r--r--  0 root   root    39561 May 15 19:10 usr/lib/python3.12/site-packages/pkg_resources/_vendor/packaging/__pycache__/specifiers.cpython-312.pyc
-rw-r--r--  0 root   root    21771 May 15 19:10 usr/lib/python3.12/site-packages/pkg_resources/_vendor/packaging/__pycache__/tags.cpython-312.pyc
-rw-r--r--  0 root   root     7294 May 15 19:10 usr/lib/python3.12/site-packages/pkg_resources/_vendor/packaging/__pycache__/utils.cpython-312.pyc
-rw-r--r--  0 root   root    20007 May 15 19:10 usr/lib/python3.12/site-packages/pkg_resources/_vendor/packaging/__pycache__/version.cpython-312.pyc
-rw-r--r--  0 root   root      149 May 15 19:10 usr/lib/python3.12/site-packages/pkg_resources/_vendor/more_itertools/__init__.py
-rw-r--r--  0 root   root       43 May 15 19:10 usr/lib/python3.12/site-packages/pkg_resources/_vendor/more_itertools/__init__.pyi
-rw-r--r--  0 root   root   143053 May 15 19:10 usr/lib/python3.12/site-packages/pkg_resources/_vendor/more_itertools/more.py
-rw-r--r--  0 root   root    21044 May 15 19:10 usr/lib/python3.12/site-packages/pkg_resources/_vendor/more_itertools/more.pyi
-rw-r--r--  0 root   root        0 May 15 19:10 usr/lib/python3.12/site-packages/pkg_resources/_vendor/more_itertools/py.typed
-rw-r--r--  0 root   root    27548 May 15 19:10 usr/lib/python3.12/site-packages/pkg_resources/_vendor/more_itertools/recipes.py
-rw-r--r--  0 root   root     4436 May 15 19:10 usr/lib/python3.12/site-packages/pkg_resources/_vendor/more_itertools/recipes.pyi
drwxr-xr-x  0 root   root        0 May 15 19:10 usr/lib/python3.12/site-packages/pkg_resources/_vendor/more_itertools/__pycache__/
-rw-r--r--  0 root   root      362 May 15 19:10 usr/lib/python3.12/site-packages/pkg_resources/_vendor/more_itertools/__pycache__/__init__.cpython-312.pyc
-rw-r--r--  0 root   root   167459 May 15 19:10 usr/lib/python3.12/site-packages/pkg_resources/_vendor/more_itertools/__pycache__/more.cpython-312.pyc
-rw-r--r--  0 root   root    35483 May 15 19:10 usr/lib/python3.12/site-packages/pkg_resources/_vendor/more_itertools/__pycache__/recipes.cpython-312.pyc
-rw-r--r--  0 root   root        0 May 15 19:10 usr/lib/python3.12/site-packages/pkg_resources/_vendor/jaraco/__init__.py
-rw-r--r--  0 root   root     9573 May 15 19:10 usr/lib/python3.12/site-packages/pkg_resources/_vendor/jaraco/context.py
drwxr-xr-x  0 root   root        0 May 15 19:10 usr/lib/python3.12/site-packages/pkg_resources/_vendor/jaraco/functools/
drwxr-xr-x  0 root   root        0 May 15 19:10 usr/lib/python3.12/site-packages/pkg_resources/_vendor/jaraco/text/
drwxr-xr-x  0 root   root        0 May 15 19:10 usr/lib/python3.12/site-packages/pkg_resources/_vendor/jaraco/__pycache__/
-rw-r--r--  0 root   root      200 May 15 19:10 usr/lib/python3.12/site-packages/pkg_resources/_vendor/jaraco/__pycache__/__init__.cpython-312.pyc
-rw-r--r--  0 root   root    14366 May 15 19:10 usr/lib/python3.12/site-packages/pkg_resources/_vendor/jaraco/__pycache__/context.cpython-312.pyc
-rw-r--r--  0 root   root    15526 May 15 19:10 usr/lib/python3.12/site-packages/pkg_resources/_vendor/jaraco/text/__init__.py
drwxr-xr-x  0 root   root        0 May 15 19:10 usr/lib/python3.12/site-packages/pkg_resources/_vendor/jaraco/text/__pycache__/
-rw-r--r--  0 root   root    24447 May 15 19:10 usr/lib/python3.12/site-packages/pkg_resources/_vendor/jaraco/text/__pycache__/__init__.cpython-312.pyc
-rw-r--r--  0 root   root    16705 May 15 19:10 usr/lib/python3.12/site-packages/pkg_resources/_vendor/jaraco/functools/__init__.py
-rw-r--r--  0 root   root     3982 May 15 19:10 usr/lib/python3.12/site-packages/pkg_resources/_vendor/jaraco/functools/__init__.pyi
-rw-r--r--  0 root   root        0 May 15 19:10 usr/lib/python3.12/site-packages/pkg_resources/_vendor/jaraco/functools/py.typed
drwxr-xr-x  0 root   root        0 May 15 19:10 usr/lib/python3.12/site-packages/pkg_resources/_vendor/jaraco/functools/__pycache__/
-rw-r--r--  0 root   root    23011 May 15 19:10 usr/lib/python3.12/site-packages/pkg_resources/_vendor/jaraco/functools/__pycache__/__init__.cpython-312.pyc
-rw-r--r--  0 root   root      506 May 15 19:10 usr/lib/python3.12/site-packages/pkg_resources/_vendor/importlib_resources/__init__.py
-rw-r--r--  0 root   root     4504 May 15 19:10 usr/lib/python3.12/site-packages/pkg_resources/_vendor/importlib_resources/_adapters.py
-rw-r--r--  0 root   root     5457 May 15 19:10 usr/lib/python3.12/site-packages/pkg_resources/_vendor/importlib_resources/_common.py
-rw-r--r--  0 root   root     2925 May 15 19:10 usr/lib/python3.12/site-packages/pkg_resources/_vendor/importlib_resources/_compat.py
-rw-r--r--  0 root   root      884 May 15 19:10 usr/lib/python3.12/site-packages/pkg_resources/_vendor/importlib_resources/_itertools.py
-rw-r--r--  0 root   root     3481 May 15 19:10 usr/lib/python3.12/site-packages/pkg_resources/_vendor/importlib_resources/_legacy.py
-rw-r--r--  0 root   root     5140 May 15 19:10 usr/lib/python3.12/site-packages/pkg_resources/_vendor/importlib_resources/abc.py
-rw-r--r--  0 root   root        0 May 15 19:10 usr/lib/python3.12/site-packages/pkg_resources/_vendor/importlib_resources/py.typed
-rw-r--r--  0 root   root     3581 May 15 19:10 usr/lib/python3.12/site-packages/pkg_resources/_vendor/importlib_resources/readers.py
-rw-r--r--  0 root   root     2576 May 15 19:10 usr/lib/python3.12/site-packages/pkg_resources/_vendor/importlib_resources/simple.py
drwxr-xr-x  0 root   root        0 May 15 19:10 usr/lib/python3.12/site-packages/pkg_resources/_vendor/importlib_resources/__pycache__/
-rw-r--r--  0 root   root      680 May 15 19:10 usr/lib/python3.12/site-packages/pkg_resources/_vendor/importlib_resources/__pycache__/__init__.cpython-312.pyc
-rw-r--r--  0 root   root     9725 May 15 19:10 usr/lib/python3.12/site-packages/pkg_resources/_vendor/importlib_resources/__pycache__/_adapters.cpython-312.pyc
-rw-r--r--  0 root   root     8774 May 15 19:10 usr/lib/python3.12/site-packages/pkg_resources/_vendor/importlib_resources/__pycache__/_common.cpython-312.pyc
-rw-r--r--  0 root   root     5046 May 15 19:10 usr/lib/python3.12/site-packages/pkg_resources/_vendor/importlib_resources/__pycache__/_compat.cpython-312.pyc
-rw-r--r--  0 root   root     1192 May 15 19:10 usr/lib/python3.12/site-packages/pkg_resources/_vendor/importlib_resources/__pycache__/_itertools.cpython-312.pyc
-rw-r--r--  0 root   root     5808 May 15 19:10 usr/lib/python3.12/site-packages/pkg_resources/_vendor/importlib_resources/__pycache__/_legacy.cpython-312.pyc
-rw-r--r--  0 root   root     8890 May 15 19:10 usr/lib/python3.12/site-packages/pkg_resources/_vendor/importlib_resources/__pycache__/abc.cpython-312.pyc
-rw-r--r--  0 root   root     7663 May 15 19:10 usr/lib/python3.12/site-packages/pkg_resources/_vendor/importlib_resources/__pycache__/readers.cpython-312.pyc
-rw-r--r--  0 root   root     5516 May 15 19:10 usr/lib/python3.12/site-packages/pkg_resources/_vendor/importlib_resources/__pycache__/simple.cpython-312.pyc
-rw-r--r--  0 root   root        0 May 15 19:10 usr/lib/python3.12/site-packages/pkg_resources/_vendor/backports/__init__.py
-rw-r--r--  0 root   root   106920 May 15 19:10 usr/lib/python3.12/site-packages/pkg_resources/_vendor/backports/tarfile.py
drwxr-xr-x  0 root   root        0 May 15 19:10 usr/lib/python3.12/site-packages/pkg_resources/_vendor/backports/__pycache__/
-rw-r--r--  0 root   root      203 May 15 19:10 usr/lib/python3.12/site-packages/pkg_resources/_vendor/backports/__pycache__/__init__.cpython-312.pyc
-rw-r--r--  0 root   root   119451 May 15 19:10 usr/lib/python3.12/site-packages/pkg_resources/_vendor/backports/__pycache__/tarfile.cpython-312.pyc
-rw-r--r--  0 root   root     6002 May 15 19:10 usr/lib/python3.12/site-packages/_distutils_hack/__init__.py
-rw-r--r--  0 root   root       44 May 15 19:10 usr/lib/python3.12/site-packages/_distutils_hack/override.py
drwxr-xr-x  0 root   root        0 May 15 19:10 usr/lib/python3.12/site-packages/_distutils_hack/__pycache__/
-rw-r--r--  0 root   root     9848 May 15 19:10 usr/lib/python3.12/site-packages/_distutils_hack/__pycache__/__init__.cpython-312.pyc
-rw-r--r--  0 root   root      288 May 15 19:10 usr/lib/python3.12/site-packages/_distutils_hack/__pycache__/override.cpython-312.pyc
=======> Building '/home/devel/packages/python3-setuptools#69.5.1-1.x86_64.pkg.tar.zst' succeeded.
prt-get: Using PKGMK_PACKAGE_DIR: /home/devel/packages
prt-get: reinstalling python3-setuptools 69.5.1-1
prt-get: /usr/bin/pkgadd -u python3-setuptools#69.5.1-1.x86_64.pkg.tar.zst
prt-get: build done Wed May 15 19:10:33 2024

