prt-get: updating /usr/ports/core-x86_64/python3-flit-core
prt-get: starting build Wed May 15 19:10:24 2024
=======> Building '/home/devel/packages/python3-flit-core#3.9.0-1.x86_64.pkg.tar.zst'.
bsdtar -p -o -C /home/devel/building/work/src -xf /home/devel/sources/flit_core-3.9.0.tar.gz
+ build
+ cd flit_core-3.9.0
+ pip3 wheel -w dist --no-cache-dir --no-build-isolation --no-deps /home/devel/building/work/src/flit_core-3.9.0
Processing /home/devel/building/work/src/flit_core-3.9.0
  Preparing metadata (pyproject.toml): started
  Preparing metadata (pyproject.toml): finished with status 'done'
Building wheels for collected packages: flit_core
  Building wheel for flit_core (pyproject.toml): started
  Building wheel for flit_core (pyproject.toml): finished with status 'done'
  Created wheel for flit_core: filename=flit_core-3.9.0-py3-none-any.whl size=63141 sha256=5a6505b7c8a8e611b1845ebf45884cb63cf5e6d57ffc0bebe59046f08d65a20e
  Stored in directory: /tmp/pip-ephem-wheel-cache-aualbxf6/wheels/e2/04/c2/bd46d778c2b4bb5c2da315a964aad1ecd4a3119fe9166ada36
Successfully built flit_core
+ PIP_CONFIG_FILE=/dev/null
+ /usr/bin/pip3 install --root-user-action=ignore --no-warn-script-location --ignore-installed --no-deps dist/flit_core-3.9.0-py3-none-any.whl --no-cache-dir --no-index --isolated --root=/home/devel/building/work/pkg
Processing ./dist/flit_core-3.9.0-py3-none-any.whl
Installing collected packages: flit-core
Successfully installed flit-core-3.9.0
=======> Build result:
drwxr-xr-x  0 root   root        0 May 15 19:10 usr/
drwxr-xr-x  0 root   root        0 May 15 19:10 usr/lib/
drwxr-xr-x  0 root   root        0 May 15 19:10 usr/lib/python3.12/
drwxr-xr-x  0 root   root        0 May 15 19:10 usr/lib/python3.12/site-packages/
drwxr-xr-x  0 root   root        0 May 15 19:10 usr/lib/python3.12/site-packages/flit_core/
drwxr-xr-x  0 root   root        0 May 15 19:10 usr/lib/python3.12/site-packages/flit_core-3.9.0.dist-info/
-rw-r--r--  0 root   root     1525 May 15 19:10 usr/lib/python3.12/site-packages/flit_core-3.9.0.dist-info/LICENSE
-rw-r--r--  0 root   root       81 May 15 19:10 usr/lib/python3.12/site-packages/flit_core-3.9.0.dist-info/WHEEL
-rw-r--r--  0 root   root      822 May 15 19:10 usr/lib/python3.12/site-packages/flit_core-3.9.0.dist-info/METADATA
-rw-r--r--  0 root   root        4 May 15 19:10 usr/lib/python3.12/site-packages/flit_core-3.9.0.dist-info/INSTALLER
-rw-r--r--  0 root   root      292 May 15 19:10 usr/lib/python3.12/site-packages/flit_core-3.9.0.dist-info/direct_url.json
-rw-r--r--  0 root   root        0 May 15 19:10 usr/lib/python3.12/site-packages/flit_core-3.9.0.dist-info/REQUESTED
-rw-r--r--  0 root   root    12010 May 15 19:10 usr/lib/python3.12/site-packages/flit_core-3.9.0.dist-info/RECORD
-rw-r--r--  0 root   root      224 May 15 19:10 usr/lib/python3.12/site-packages/flit_core/__init__.py
-rw-r--r--  0 root   root     3282 May 15 19:10 usr/lib/python3.12/site-packages/flit_core/buildapi.py
-rw-r--r--  0 root   root    15145 May 15 19:10 usr/lib/python3.12/site-packages/flit_core/common.py
-rw-r--r--  0 root   root    23247 May 15 19:10 usr/lib/python3.12/site-packages/flit_core/config.py
-rw-r--r--  0 root   root     7237 May 15 19:10 usr/lib/python3.12/site-packages/flit_core/sdist.py
-rw-r--r--  0 root   root     4781 May 15 19:10 usr/lib/python3.12/site-packages/flit_core/versionno.py
-rw-r--r--  0 root   root     9306 May 15 19:10 usr/lib/python3.12/site-packages/flit_core/wheel.py
drwxr-xr-x  0 root   root        0 May 15 19:10 usr/lib/python3.12/site-packages/flit_core/tests/
drwxr-xr-x  0 root   root        0 May 15 19:10 usr/lib/python3.12/site-packages/flit_core/vendor/
drwxr-xr-x  0 root   root        0 May 15 19:10 usr/lib/python3.12/site-packages/flit_core/__pycache__/
-rw-r--r--  0 root   root      423 May 15 19:10 usr/lib/python3.12/site-packages/flit_core/__pycache__/__init__.cpython-312.pyc
-rw-r--r--  0 root   root     4410 May 15 19:10 usr/lib/python3.12/site-packages/flit_core/__pycache__/buildapi.cpython-312.pyc
-rw-r--r--  0 root   root    20435 May 15 19:10 usr/lib/python3.12/site-packages/flit_core/__pycache__/common.cpython-312.pyc
-rw-r--r--  0 root   root    27722 May 15 19:10 usr/lib/python3.12/site-packages/flit_core/__pycache__/config.cpython-312.pyc
-rw-r--r--  0 root   root    11846 May 15 19:10 usr/lib/python3.12/site-packages/flit_core/__pycache__/sdist.cpython-312.pyc
-rw-r--r--  0 root   root     4749 May 15 19:10 usr/lib/python3.12/site-packages/flit_core/__pycache__/versionno.cpython-312.pyc
-rw-r--r--  0 root   root    15353 May 15 19:10 usr/lib/python3.12/site-packages/flit_core/__pycache__/wheel.cpython-312.pyc
-rw-r--r--  0 root   root      791 May 15 19:10 usr/lib/python3.12/site-packages/flit_core/vendor/README
-rw-r--r--  0 root   root        0 May 15 19:10 usr/lib/python3.12/site-packages/flit_core/vendor/__init__.py
drwxr-xr-x  0 root   root        0 May 15 19:10 usr/lib/python3.12/site-packages/flit_core/vendor/tomli/
drwxr-xr-x  0 root   root        0 May 15 19:10 usr/lib/python3.12/site-packages/flit_core/vendor/tomli-1.2.3.dist-info/
drwxr-xr-x  0 root   root        0 May 15 19:10 usr/lib/python3.12/site-packages/flit_core/vendor/__pycache__/
-rw-r--r--  0 root   root      188 May 15 19:10 usr/lib/python3.12/site-packages/flit_core/vendor/__pycache__/__init__.cpython-312.pyc
-rw-r--r--  0 root   root     1072 May 15 19:10 usr/lib/python3.12/site-packages/flit_core/vendor/tomli-1.2.3.dist-info/LICENSE
-rw-r--r--  0 root   root     9089 May 15 19:10 usr/lib/python3.12/site-packages/flit_core/vendor/tomli-1.2.3.dist-info/METADATA
-rw-r--r--  0 root   root      294 May 15 19:10 usr/lib/python3.12/site-packages/flit_core/vendor/tomli/__init__.py
-rw-r--r--  0 root   root    21649 May 15 19:10 usr/lib/python3.12/site-packages/flit_core/vendor/tomli/_parser.py
-rw-r--r--  0 root   root     2813 May 15 19:10 usr/lib/python3.12/site-packages/flit_core/vendor/tomli/_re.py
-rw-r--r--  0 root   root      126 May 15 19:10 usr/lib/python3.12/site-packages/flit_core/vendor/tomli/_types.py
-rw-r--r--  0 root   root       26 May 15 19:10 usr/lib/python3.12/site-packages/flit_core/vendor/tomli/py.typed
drwxr-xr-x  0 root   root        0 May 15 19:10 usr/lib/python3.12/site-packages/flit_core/vendor/tomli/__pycache__/
-rw-r--r--  0 root   root      422 May 15 19:10 usr/lib/python3.12/site-packages/flit_core/vendor/tomli/__pycache__/__init__.cpython-312.pyc
-rw-r--r--  0 root   root    26051 May 15 19:10 usr/lib/python3.12/site-packages/flit_core/vendor/tomli/__pycache__/_parser.cpython-312.pyc
-rw-r--r--  0 root   root     3962 May 15 19:10 usr/lib/python3.12/site-packages/flit_core/vendor/tomli/__pycache__/_re.cpython-312.pyc
-rw-r--r--  0 root   root      370 May 15 19:10 usr/lib/python3.12/site-packages/flit_core/vendor/tomli/__pycache__/_types.cpython-312.pyc
-rw-r--r--  0 root   root        0 May 15 19:10 usr/lib/python3.12/site-packages/flit_core/tests/__init__.py
-rw-r--r--  0 root   root     1552 May 15 19:10 usr/lib/python3.12/site-packages/flit_core/tests/test_build_thyself.py
-rw-r--r--  0 root   root     3934 May 15 19:10 usr/lib/python3.12/site-packages/flit_core/tests/test_buildapi.py
-rw-r--r--  0 root   root     5951 May 15 19:10 usr/lib/python3.12/site-packages/flit_core/tests/test_common.py
-rw-r--r--  0 root   root     7316 May 15 19:10 usr/lib/python3.12/site-packages/flit_core/tests/test_config.py
-rw-r--r--  0 root   root     2202 May 15 19:10 usr/lib/python3.12/site-packages/flit_core/tests/test_sdist.py
-rw-r--r--  0 root   root     1170 May 15 19:10 usr/lib/python3.12/site-packages/flit_core/tests/test_versionno.py
-rw-r--r--  0 root   root     1716 May 15 19:10 usr/lib/python3.12/site-packages/flit_core/tests/test_wheel.py
drwxr-xr-x  0 root   root        0 May 15 19:10 usr/lib/python3.12/site-packages/flit_core/tests/samples/
drwxr-xr-x  0 root   root        0 May 15 19:10 usr/lib/python3.12/site-packages/flit_core/tests/__pycache__/
-rw-r--r--  0 root   root      187 May 15 19:10 usr/lib/python3.12/site-packages/flit_core/tests/__pycache__/__init__.cpython-312.pyc
-rw-r--r--  0 root   root     3240 May 15 19:10 usr/lib/python3.12/site-packages/flit_core/tests/__pycache__/test_build_thyself.cpython-312.pyc
-rw-r--r--  0 root   root     8175 May 15 19:10 usr/lib/python3.12/site-packages/flit_core/tests/__pycache__/test_buildapi.cpython-312.pyc
-rw-r--r--  0 root   root     8994 May 15 19:10 usr/lib/python3.12/site-packages/flit_core/tests/__pycache__/test_common.cpython-312.pyc
-rw-r--r--  0 root   root    12135 May 15 19:10 usr/lib/python3.12/site-packages/flit_core/tests/__pycache__/test_config.cpython-312.pyc
-rw-r--r--  0 root   root     4075 May 15 19:10 usr/lib/python3.12/site-packages/flit_core/tests/__pycache__/test_sdist.cpython-312.pyc
-rw-r--r--  0 root   root     2077 May 15 19:10 usr/lib/python3.12/site-packages/flit_core/tests/__pycache__/test_versionno.cpython-312.pyc
-rw-r--r--  0 root   root     3212 May 15 19:10 usr/lib/python3.12/site-packages/flit_core/tests/__pycache__/test_wheel.cpython-312.pyc
-rw-r--r--  0 root   root      165 May 15 19:10 usr/lib/python3.12/site-packages/flit_core/tests/samples/EG_README.rst
-rw-r--r--  0 root   root      221 May 15 19:10 usr/lib/python3.12/site-packages/flit_core/tests/samples/bad-description-ext.toml
-rw-r--r--  0 root   root      305 May 15 19:10 usr/lib/python3.12/site-packages/flit_core/tests/samples/extras-dev-conflict.toml
-rw-r--r--  0 root   root      361 May 15 19:10 usr/lib/python3.12/site-packages/flit_core/tests/samples/extras.toml
-rw-r--r--  0 root   root       95 May 15 19:10 usr/lib/python3.12/site-packages/flit_core/tests/samples/invalid_version1.py
-rw-r--r--  0 root   root      254 May 15 19:10 usr/lib/python3.12/site-packages/flit_core/tests/samples/missing-description-file.toml
-rw-r--r--  0 root   root      299 May 15 19:10 usr/lib/python3.12/site-packages/flit_core/tests/samples/misspelled-key.toml
-rw-r--r--  0 root   root      118 May 15 19:10 usr/lib/python3.12/site-packages/flit_core/tests/samples/module1-pkg.ini
-rw-r--r--  0 root   root      288 May 15 19:10 usr/lib/python3.12/site-packages/flit_core/tests/samples/module1-pkg.toml
-rw-r--r--  0 root   root       42 May 15 19:10 usr/lib/python3.12/site-packages/flit_core/tests/samples/module1.py
-rw-r--r--  0 root   root      187 May 15 19:10 usr/lib/python3.12/site-packages/flit_core/tests/samples/module2.py
-rw-r--r--  0 root   root       80 May 15 19:10 usr/lib/python3.12/site-packages/flit_core/tests/samples/moduleunimportable.py
-rw-r--r--  0 root   root      113 May 15 19:10 usr/lib/python3.12/site-packages/flit_core/tests/samples/moduleunimportabledouble.py
-rw-r--r--  0 root   root       29 May 15 19:10 usr/lib/python3.12/site-packages/flit_core/tests/samples/my-description.rst
-rw-r--r--  0 root   root      303 May 15 19:10 usr/lib/python3.12/site-packages/flit_core/tests/samples/no_docstring-pkg.toml
-rw-r--r--  0 root   root       20 May 15 19:10 usr/lib/python3.12/site-packages/flit_core/tests/samples/no_docstring.py
-rw-r--r--  0 root   root      311 May 15 19:10 usr/lib/python3.12/site-packages/flit_core/tests/samples/package1.toml
-rw-r--r--  0 root   root      311 May 15 19:10 usr/lib/python3.12/site-packages/flit_core/tests/samples/requires-dev.toml
-rw-r--r--  0 root   root      252 May 15 19:10 usr/lib/python3.12/site-packages/flit_core/tests/samples/requires-envmark.toml
-rw-r--r--  0 root   root      299 May 15 19:10 usr/lib/python3.12/site-packages/flit_core/tests/samples/requires-extra-envmark.toml
-rw-r--r--  0 root   root      239 May 15 19:10 usr/lib/python3.12/site-packages/flit_core/tests/samples/requires-requests.toml
drwxr-xr-x  0 root   root        0 May 15 19:10 usr/lib/python3.12/site-packages/flit_core/tests/samples/conflicting_modules/
drwxr-xr-x  0 root   root        0 May 15 19:10 usr/lib/python3.12/site-packages/flit_core/tests/samples/constructed_version/
drwxr-xr-x  0 root   root        0 May 15 19:10 usr/lib/python3.12/site-packages/flit_core/tests/samples/imported_version/
drwxr-xr-x  0 root   root        0 May 15 19:10 usr/lib/python3.12/site-packages/flit_core/tests/samples/inclusion/
drwxr-xr-x  0 root   root        0 May 15 19:10 usr/lib/python3.12/site-packages/flit_core/tests/samples/normalization/
drwxr-xr-x  0 root   root        0 May 15 19:10 usr/lib/python3.12/site-packages/flit_core/tests/samples/ns1-pkg/
drwxr-xr-x  0 root   root        0 May 15 19:10 usr/lib/python3.12/site-packages/flit_core/tests/samples/package1/
drwxr-xr-x  0 root   root        0 May 15 19:10 usr/lib/python3.12/site-packages/flit_core/tests/samples/pep517/
drwxr-xr-x  0 root   root        0 May 15 19:10 usr/lib/python3.12/site-packages/flit_core/tests/samples/pep621/
drwxr-xr-x  0 root   root        0 May 15 19:10 usr/lib/python3.12/site-packages/flit_core/tests/samples/pep621_nodynamic/
drwxr-xr-x  0 root   root        0 May 15 19:10 usr/lib/python3.12/site-packages/flit_core/tests/samples/with_data_dir/
drwxr-xr-x  0 root   root        0 May 15 19:10 usr/lib/python3.12/site-packages/flit_core/tests/samples/__pycache__/
-rw-r--r--  0 root   root      313 May 15 19:10 usr/lib/python3.12/site-packages/flit_core/tests/samples/__pycache__/invalid_version1.cpython-312.pyc
-rw-r--r--  0 root   root      250 May 15 19:10 usr/lib/python3.12/site-packages/flit_core/tests/samples/__pycache__/module1.cpython-312.pyc
-rw-r--r--  0 root   root      316 May 15 19:10 usr/lib/python3.12/site-packages/flit_core/tests/samples/__pycache__/module2.cpython-312.pyc
-rw-r--r--  0 root   root      299 May 15 19:10 usr/lib/python3.12/site-packages/flit_core/tests/samples/__pycache__/moduleunimportable.cpython-312.pyc
-rw-r--r--  0 root   root      337 May 15 19:10 usr/lib/python3.12/site-packages/flit_core/tests/samples/__pycache__/moduleunimportabledouble.cpython-312.pyc
-rw-r--r--  0 root   root      223 May 15 19:10 usr/lib/python3.12/site-packages/flit_core/tests/samples/__pycache__/no_docstring.cpython-312.pyc
-rw-r--r--  0 root   root       36 May 15 19:10 usr/lib/python3.12/site-packages/flit_core/tests/samples/with_data_dir/LICENSE
-rw-r--r--  0 root   root       37 May 15 19:10 usr/lib/python3.12/site-packages/flit_core/tests/samples/with_data_dir/README.rst
-rw-r--r--  0 root   root       42 May 15 19:10 usr/lib/python3.12/site-packages/flit_core/tests/samples/with_data_dir/module1.py
-rw-r--r--  0 root   root      452 May 15 19:10 usr/lib/python3.12/site-packages/flit_core/tests/samples/with_data_dir/pyproject.toml
drwxr-xr-x  0 root   root        0 May 15 19:10 usr/lib/python3.12/site-packages/flit_core/tests/samples/with_data_dir/data/
drwxr-xr-x  0 root   root        0 May 15 19:10 usr/lib/python3.12/site-packages/flit_core/tests/samples/with_data_dir/__pycache__/
-rw-r--r--  0 root   root      264 May 15 19:10 usr/lib/python3.12/site-packages/flit_core/tests/samples/with_data_dir/__pycache__/module1.cpython-312.pyc
drwxr-xr-x  0 root   root        0 May 15 19:10 usr/lib/python3.12/site-packages/flit_core/tests/samples/with_data_dir/data/share/
drwxr-xr-x  0 root   root        0 May 15 19:10 usr/lib/python3.12/site-packages/flit_core/tests/samples/with_data_dir/data/share/man/
drwxr-xr-x  0 root   root        0 May 15 19:10 usr/lib/python3.12/site-packages/flit_core/tests/samples/with_data_dir/data/share/man/man1/
-rw-r--r--  0 root   root       44 May 15 19:10 usr/lib/python3.12/site-packages/flit_core/tests/samples/with_data_dir/data/share/man/man1/foo.1.gz
-rw-r--r--  0 root   root       37 May 15 19:10 usr/lib/python3.12/site-packages/flit_core/tests/samples/pep621_nodynamic/README.rst
-rw-r--r--  0 root   root        0 May 15 19:10 usr/lib/python3.12/site-packages/flit_core/tests/samples/pep621_nodynamic/module1.py
-rw-r--r--  0 root   root      650 May 15 19:10 usr/lib/python3.12/site-packages/flit_core/tests/samples/pep621_nodynamic/pyproject.toml
drwxr-xr-x  0 root   root        0 May 15 19:10 usr/lib/python3.12/site-packages/flit_core/tests/samples/pep621_nodynamic/__pycache__/
-rw-r--r--  0 root   root      211 May 15 19:10 usr/lib/python3.12/site-packages/flit_core/tests/samples/pep621_nodynamic/__pycache__/module1.cpython-312.pyc
-rw-r--r--  0 root   root       36 May 15 19:10 usr/lib/python3.12/site-packages/flit_core/tests/samples/pep621/LICENSE
-rw-r--r--  0 root   root       37 May 15 19:10 usr/lib/python3.12/site-packages/flit_core/tests/samples/pep621/README.rst
-rw-r--r--  0 root   root       42 May 15 19:10 usr/lib/python3.12/site-packages/flit_core/tests/samples/pep621/module1a.py
-rw-r--r--  0 root   root      694 May 15 19:10 usr/lib/python3.12/site-packages/flit_core/tests/samples/pep621/pyproject.toml
drwxr-xr-x  0 root   root        0 May 15 19:10 usr/lib/python3.12/site-packages/flit_core/tests/samples/pep621/__pycache__/
-rw-r--r--  0 root   root      258 May 15 19:10 usr/lib/python3.12/site-packages/flit_core/tests/samples/pep621/__pycache__/module1a.cpython-312.pyc
-rw-r--r--  0 root   root       36 May 15 19:10 usr/lib/python3.12/site-packages/flit_core/tests/samples/pep517/LICENSE
-rw-r--r--  0 root   root       37 May 15 19:10 usr/lib/python3.12/site-packages/flit_core/tests/samples/pep517/README.rst
-rw-r--r--  0 root   root       42 May 15 19:10 usr/lib/python3.12/site-packages/flit_core/tests/samples/pep517/module1.py
-rw-r--r--  0 root   root      380 May 15 19:10 usr/lib/python3.12/site-packages/flit_core/tests/samples/pep517/pyproject.toml
drwxr-xr-x  0 root   root        0 May 15 19:10 usr/lib/python3.12/site-packages/flit_core/tests/samples/pep517/__pycache__/
-rw-r--r--  0 root   root      257 May 15 19:10 usr/lib/python3.12/site-packages/flit_core/tests/samples/pep517/__pycache__/module1.cpython-312.pyc
-rw-r--r--  0 root   root       84 May 15 19:10 usr/lib/python3.12/site-packages/flit_core/tests/samples/package1/__init__.py
-rw-r--r--  0 root   root        6 May 15 19:10 usr/lib/python3.12/site-packages/flit_core/tests/samples/package1/foo.py
drwxr-xr-x  0 root   root        0 May 15 19:10 usr/lib/python3.12/site-packages/flit_core/tests/samples/package1/data_dir/
drwxr-xr-x  0 root   root        0 May 15 19:10 usr/lib/python3.12/site-packages/flit_core/tests/samples/package1/subpkg/
drwxr-xr-x  0 root   root        0 May 15 19:10 usr/lib/python3.12/site-packages/flit_core/tests/samples/package1/subpkg2/
drwxr-xr-x  0 root   root        0 May 15 19:10 usr/lib/python3.12/site-packages/flit_core/tests/samples/package1/__pycache__/
-rw-r--r--  0 root   root      407 May 15 19:10 usr/lib/python3.12/site-packages/flit_core/tests/samples/package1/__pycache__/__init__.cpython-312.pyc
-rw-r--r--  0 root   root      213 May 15 19:10 usr/lib/python3.12/site-packages/flit_core/tests/samples/package1/__pycache__/foo.cpython-312.pyc
-rw-r--r--  0 root   root        0 May 15 19:10 usr/lib/python3.12/site-packages/flit_core/tests/samples/package1/subpkg2/__init__.py
drwxr-xr-x  0 root   root        0 May 15 19:10 usr/lib/python3.12/site-packages/flit_core/tests/samples/package1/subpkg2/__pycache__/
-rw-r--r--  0 root   root      212 May 15 19:10 usr/lib/python3.12/site-packages/flit_core/tests/samples/package1/subpkg2/__pycache__/__init__.cpython-312.pyc
-rw-r--r--  0 root   root        0 May 15 19:10 usr/lib/python3.12/site-packages/flit_core/tests/samples/package1/subpkg/__init__.py
drwxr-xr-x  0 root   root        0 May 15 19:10 usr/lib/python3.12/site-packages/flit_core/tests/samples/package1/subpkg/sp_data_dir/
drwxr-xr-x  0 root   root        0 May 15 19:10 usr/lib/python3.12/site-packages/flit_core/tests/samples/package1/subpkg/__pycache__/
-rw-r--r--  0 root   root      211 May 15 19:10 usr/lib/python3.12/site-packages/flit_core/tests/samples/package1/subpkg/__pycache__/__init__.cpython-312.pyc
-rw-r--r--  0 root   root       18 May 15 19:10 usr/lib/python3.12/site-packages/flit_core/tests/samples/package1/subpkg/sp_data_dir/test.json
-rw-r--r--  0 root   root       35 May 15 19:10 usr/lib/python3.12/site-packages/flit_core/tests/samples/package1/data_dir/foo.sh
-rw-r--r--  0 root   root      165 May 15 19:10 usr/lib/python3.12/site-packages/flit_core/tests/samples/ns1-pkg/EG_README.rst
-rw-r--r--  0 root   root      266 May 15 19:10 usr/lib/python3.12/site-packages/flit_core/tests/samples/ns1-pkg/pyproject.toml
drwxr-xr-x  0 root   root        0 May 15 19:10 usr/lib/python3.12/site-packages/flit_core/tests/samples/ns1-pkg/ns1/
drwxr-xr-x  0 root   root        0 May 15 19:10 usr/lib/python3.12/site-packages/flit_core/tests/samples/ns1-pkg/ns1/pkg/
-rw-r--r--  0 root   root       76 May 15 19:10 usr/lib/python3.12/site-packages/flit_core/tests/samples/ns1-pkg/ns1/pkg/__init__.py
drwxr-xr-x  0 root   root        0 May 15 19:10 usr/lib/python3.12/site-packages/flit_core/tests/samples/ns1-pkg/ns1/pkg/__pycache__/
-rw-r--r--  0 root   root      304 May 15 19:10 usr/lib/python3.12/site-packages/flit_core/tests/samples/ns1-pkg/ns1/pkg/__pycache__/__init__.cpython-312.pyc
-rw-r--r--  0 root   root        0 May 15 19:10 usr/lib/python3.12/site-packages/flit_core/tests/samples/normalization/my_python_module.py
-rw-r--r--  0 root   root      334 May 15 19:10 usr/lib/python3.12/site-packages/flit_core/tests/samples/normalization/pyproject.toml
drwxr-xr-x  0 root   root        0 May 15 19:10 usr/lib/python3.12/site-packages/flit_core/tests/samples/normalization/__pycache__/
-rw-r--r--  0 root   root      217 May 15 19:10 usr/lib/python3.12/site-packages/flit_core/tests/samples/normalization/__pycache__/my_python_module.cpython-312.pyc
-rw-r--r--  0 root   root       37 May 15 19:10 usr/lib/python3.12/site-packages/flit_core/tests/samples/inclusion/module1.py
-rw-r--r--  0 root   root      239 May 15 19:10 usr/lib/python3.12/site-packages/flit_core/tests/samples/inclusion/pyproject.toml
drwxr-xr-x  0 root   root        0 May 15 19:10 usr/lib/python3.12/site-packages/flit_core/tests/samples/inclusion/LICENSES/
drwxr-xr-x  0 root   root        0 May 15 19:10 usr/lib/python3.12/site-packages/flit_core/tests/samples/inclusion/doc/
drwxr-xr-x  0 root   root        0 May 15 19:10 usr/lib/python3.12/site-packages/flit_core/tests/samples/inclusion/__pycache__/
-rw-r--r--  0 root   root      255 May 15 19:10 usr/lib/python3.12/site-packages/flit_core/tests/samples/inclusion/__pycache__/module1.cpython-312.pyc
-rw-r--r--  0 root   root       48 May 15 19:10 usr/lib/python3.12/site-packages/flit_core/tests/samples/inclusion/doc/test.rst
-rw-r--r--  0 root   root       48 May 15 19:10 usr/lib/python3.12/site-packages/flit_core/tests/samples/inclusion/doc/test.txt
drwxr-xr-x  0 root   root        0 May 15 19:10 usr/lib/python3.12/site-packages/flit_core/tests/samples/inclusion/doc/subdir/
-rw-r--r--  0 root   root       48 May 15 19:10 usr/lib/python3.12/site-packages/flit_core/tests/samples/inclusion/doc/subdir/test.txt
drwxr-xr-x  0 root   root        0 May 15 19:10 usr/lib/python3.12/site-packages/flit_core/tests/samples/inclusion/doc/subdir/subsubdir/
-rw-r--r--  0 root   root        0 May 15 19:10 usr/lib/python3.12/site-packages/flit_core/tests/samples/inclusion/doc/subdir/subsubdir/test.md
-rw-r--r--  0 root   root      100 May 15 19:10 usr/lib/python3.12/site-packages/flit_core/tests/samples/inclusion/LICENSES/README
-rw-r--r--  0 root   root      220 May 15 19:10 usr/lib/python3.12/site-packages/flit_core/tests/samples/imported_version/pyproject.toml
drwxr-xr-x  0 root   root        0 May 15 19:10 usr/lib/python3.12/site-packages/flit_core/tests/samples/imported_version/package1/
-rw-r--r--  0 root   root      138 May 15 19:10 usr/lib/python3.12/site-packages/flit_core/tests/samples/imported_version/package1/__init__.py
-rw-r--r--  0 root   root       71 May 15 19:10 usr/lib/python3.12/site-packages/flit_core/tests/samples/imported_version/package1/_version.py
drwxr-xr-x  0 root   root        0 May 15 19:10 usr/lib/python3.12/site-packages/flit_core/tests/samples/imported_version/package1/__pycache__/
-rw-r--r--  0 root   root      392 May 15 19:10 usr/lib/python3.12/site-packages/flit_core/tests/samples/imported_version/package1/__pycache__/__init__.cpython-312.pyc
-rw-r--r--  0 root   root      306 May 15 19:10 usr/lib/python3.12/site-packages/flit_core/tests/samples/imported_version/package1/__pycache__/_version.cpython-312.pyc
-rw-r--r--  0 root   root      115 May 15 19:10 usr/lib/python3.12/site-packages/flit_core/tests/samples/constructed_version/module1.py
-rw-r--r--  0 root   root      266 May 15 19:10 usr/lib/python3.12/site-packages/flit_core/tests/samples/constructed_version/pyproject.toml
drwxr-xr-x  0 root   root        0 May 15 19:10 usr/lib/python3.12/site-packages/flit_core/tests/samples/constructed_version/__pycache__/
-rw-r--r--  0 root   root      380 May 15 19:10 usr/lib/python3.12/site-packages/flit_core/tests/samples/constructed_version/__pycache__/module1.cpython-312.pyc
-rw-r--r--  0 root   root        0 May 15 19:10 usr/lib/python3.12/site-packages/flit_core/tests/samples/conflicting_modules/module1.py
-rw-r--r--  0 root   root      180 May 15 19:10 usr/lib/python3.12/site-packages/flit_core/tests/samples/conflicting_modules/pyproject.toml
drwxr-xr-x  0 root   root        0 May 15 19:10 usr/lib/python3.12/site-packages/flit_core/tests/samples/conflicting_modules/src/
drwxr-xr-x  0 root   root        0 May 15 19:10 usr/lib/python3.12/site-packages/flit_core/tests/samples/conflicting_modules/__pycache__/
-rw-r--r--  0 root   root      214 May 15 19:10 usr/lib/python3.12/site-packages/flit_core/tests/samples/conflicting_modules/__pycache__/module1.cpython-312.pyc
-rw-r--r--  0 root   root        0 May 15 19:10 usr/lib/python3.12/site-packages/flit_core/tests/samples/conflicting_modules/src/module1.py
drwxr-xr-x  0 root   root        0 May 15 19:10 usr/lib/python3.12/site-packages/flit_core/tests/samples/conflicting_modules/src/__pycache__/
-rw-r--r--  0 root   root      218 May 15 19:10 usr/lib/python3.12/site-packages/flit_core/tests/samples/conflicting_modules/src/__pycache__/module1.cpython-312.pyc
=======> Building '/home/devel/packages/python3-flit-core#3.9.0-1.x86_64.pkg.tar.zst' succeeded.
prt-get: Using PKGMK_PACKAGE_DIR: /home/devel/packages
prt-get: reinstalling python3-flit-core 3.9.0-1
prt-get: /usr/bin/pkgadd -u python3-flit-core#3.9.0-1.x86_64.pkg.tar.zst
prt-get: build done Wed May 15 19:10:25 2024

