prt-get: updating /usr/ports/core-x86_64/readline
prt-get: starting build Wed May 15 19:10:34 2024
=======> Building '/home/devel/packages/readline#8.2.10-1.x86_64.pkg.tar.zst'.
bsdtar -p -o -C /home/devel/building/work/src -xf /home/devel/sources/readline-8.2.tar.gz
cp readline_readline-8.2.7.patch.gz /home/devel/building/work/src
cp inputrc /home/devel/building/work/src
+ build
+ cd readline-8.2
+ gunzip -c /home/devel/building/work/src/readline_readline-8.2.7.patch.gz
+ patch -p0
patching file nls.c
patching file patchlevel
patching file display.c
patching file patchlevel
patching file colors.c
patching file patchlevel
patching file input.c
patching file patchlevel
patching file callback.c
patching file patchlevel
patching file input.c
Hunk #1 succeeded at 805 (offset -7 lines).
Hunk #2 succeeded at 816 (offset -7 lines).
Hunk #3 succeeded at 895 (offset -7 lines).
Hunk #4 succeeded at 938 (offset -7 lines).
patching file patchlevel
patching file display.c
Hunk #1 succeeded at 3339 (offset -3 lines).
patching file patchlevel
+ ./configure --build=x86_64-unknown-linux-musl --host=x86_64-unknown-linux-musl --prefix=/usr --disable-static --with-curses
checking build system type... x86_64-unknown-linux-musl
checking host system type... x86_64-unknown-linux-musl

Beginning configuration for readline-8.2 for x86_64-unknown-linux-musl

checking whether make sets $(MAKE)... yes
checking for x86_64-unknown-linux-musl-gcc... x86_64-unknown-linux-musl-gcc
checking whether the C compiler works... yes
checking for C compiler default output file name... a.out
checking for suffix of executables... 
checking whether we are cross compiling... no
checking for suffix of object files... o
checking whether the compiler supports GNU C... yes
checking whether x86_64-unknown-linux-musl-gcc accepts -g... yes
checking for x86_64-unknown-linux-musl-gcc option to enable C11 features... none needed
checking for stdio.h... yes
checking for stdlib.h... yes
checking for string.h... yes
checking for inttypes.h... yes
checking for stdint.h... yes
checking for strings.h... yes
checking for sys/stat.h... yes
checking for sys/types.h... yes
checking for unistd.h... yes
checking for wchar.h... yes
checking for minix/config.h... no
checking whether it is safe to define __EXTENSIONS__... yes
checking whether _XOPEN_SOURCE should be defined... no
checking how to run the C preprocessor... x86_64-unknown-linux-musl-gcc -E
checking for grep that handles long lines and -e... /usr/bin/grep
checking for egrep... /usr/bin/grep -E
checking whether x86_64-unknown-linux-musl-gcc needs -traditional... no
checking for a BSD-compatible install... /usr/bin/install -c
checking for x86_64-unknown-linux-musl-ar... x86_64-unknown-linux-musl-ar
checking for x86_64-unknown-linux-musl-ranlib... x86_64-unknown-linux-musl-ranlib
checking for an ANSI C-conforming const... yes
checking for inline... inline
checking whether char is unsigned... no
checking for working volatile... yes
checking for size_t... yes
checking for ssize_t... yes
checking whether stat file-mode macros are broken... no
checking for dirent.h that defines DIR... yes
checking for library containing opendir... none required
checking for fcntl... yes
checking for gettimeofday... yes
checking for kill... yes
checking for lstat... yes
checking for pselect... yes
checking for readlink... yes
checking for select... yes
checking for setitimer... yes
checking for fnmatch... yes
checking for memmove... yes
checking for putenv... yes
checking for setenv... yes
checking for setlocale... yes
checking for strcasecmp... yes
checking for strpbrk... yes
checking for sysconf... yes
checking for tcgetattr... yes
checking for vsnprintf... yes
checking for isascii... yes
checking for isxdigit... yes
checking for getpwent... yes
checking for getpwnam... yes
checking for getpwuid... yes
checking for uid_t in sys/types.h... yes
checking for working chown... yes
checking for working strcoll... yes
checking for fcntl.h... yes
checking for unistd.h... (cached) yes
checking for stdlib.h... (cached) yes
checking for varargs.h... no
checking for stdarg.h... yes
checking for stdbool.h... yes
checking for string.h... (cached) yes
checking for strings.h... (cached) yes
checking for limits.h... yes
checking for locale.h... yes
checking for pwd.h... yes
checking for memory.h... yes
checking for termcap.h... yes
checking for termios.h... yes
checking for termio.h... no
checking for sys/ioctl.h... yes
checking for sys/pte.h... no
checking for sys/stream.h... no
checking for sys/select.h... yes
checking for sys/time.h... yes
checking for sys/file.h... yes
checking for sys/ptem.h... no
checking for special C compiler options needed for large files... no
checking for _FILE_OFFSET_BITS value needed for large files... no
checking for type of signal functions... posix
checking if signal handlers must be reinstalled when invoked... no
checking for presence of POSIX-style sigsetjmp/siglongjmp... present
checking for lstat... yes
checking whether or not strcoll and strcmp differ... no
checking whether getpw functions are declared in pwd.h... yes
checking whether termios.h defines TIOCGWINSZ... no
checking whether sys/ioctl.h defines TIOCGWINSZ... yes
checking for inttypes.h... (cached) yes
checking for sig_atomic_t in signal.h... yes
checking for TIOCSTAT in sys/ioctl.h... no
checking for FIONREAD in sys/ioctl.h... yes
checking for speed_t in sys/types.h... no
checking for struct winsize in sys/ioctl.h and termios.h... sys/ioctl.h
checking for struct dirent.d_ino... checking for struct dirent.d_ino... yes
yes
checking for struct dirent.d_fileno... checking for struct dirent.d_fileno... yes
yes
checking for struct timeval in sys/time.h and time.h... yes
checking for libaudit.h... no
checking for x86_64-unknown-linux-musl-gcc options needed to detect all undeclared functions... none needed
checking whether AUDIT_USER_TTY is declared... yes
checking for tgetent... no
checking for tgetent in -ltermcap... no
checking for tgetent in -ltinfo... yes
checking which library has the termcap functions... using libtinfo
checking for nl_langinfo and CODESET... yes
checking for wctype.h... yes
checking for wchar.h... (cached) yes
checking for langinfo.h... yes
checking for mbstr.h... no
checking for mbrlen... yes
checking for mbscasecmp... no
checking for mbscmp... no
checking for mbsnrtowcs... yes
checking for mbsrtowcs... yes
checking for mbschr... no
checking for wcrtomb... yes
checking for wcscoll... yes
checking for wcsdup... yes
checking for wcwidth... yes
checking for wctype... yes
checking for wcswidth... yes
checking whether mbrtowc and mbstate_t are properly declared... yes
checking for iswlower... yes
checking for iswupper... yes
checking for towlower... yes
checking for towupper... yes
checking for iswctype... yes
checking for wchar_t in wchar.h... yes
checking for wctype_t in wctype.h... yes
checking for wint_t in wctype.h... yes
checking for wcwidth broken with unicode combining characters... no
checking size of wchar_t... 4
checking configuration for building shared libraries... supported
configure: creating ./config.status
config.status: creating Makefile
config.status: creating doc/Makefile
config.status: creating examples/Makefile
config.status: creating shlib/Makefile
config.status: creating readline.pc
config.status: creating history.pc
config.status: creating config.h
config.status: executing stamp-h commands
+ make -j1 V=1 SHLIB_LIBS=-lncurses
test -d shlib || mkdir shlib
( cd shlib ; make -j1 all )
make[1]: Entering directory '/home/devel/building/work/src/readline-8.2/shlib'
rm -f readline.so
x86_64-unknown-linux-musl-gcc -c -DHAVE_CONFIG_H   -I. -I.. -I..  -DRL_LIBRARY_VERSION='"8.2"' -DBRACKETED_PASTE_DEFAULT=1 -O2 -m64 -march=x86-64 -mtune=generic -flto=auto -ffat-lto-objects  -fPIC -o readline.o ../readline.c 
mv readline.o readline.so
rm -f vi_mode.so
x86_64-unknown-linux-musl-gcc -c -DHAVE_CONFIG_H   -I. -I.. -I..  -DRL_LIBRARY_VERSION='"8.2"' -DBRACKETED_PASTE_DEFAULT=1 -O2 -m64 -march=x86-64 -mtune=generic -flto=auto -ffat-lto-objects  -fPIC -o vi_mode.o ../vi_mode.c 
mv vi_mode.o vi_mode.so
rm -f funmap.so
x86_64-unknown-linux-musl-gcc -c -DHAVE_CONFIG_H   -I. -I.. -I..  -DRL_LIBRARY_VERSION='"8.2"' -DBRACKETED_PASTE_DEFAULT=1 -O2 -m64 -march=x86-64 -mtune=generic -flto=auto -ffat-lto-objects  -fPIC -o funmap.o ../funmap.c 
mv funmap.o funmap.so
rm -f keymaps.so
x86_64-unknown-linux-musl-gcc -c -DHAVE_CONFIG_H   -I. -I.. -I..  -DRL_LIBRARY_VERSION='"8.2"' -DBRACKETED_PASTE_DEFAULT=1 -O2 -m64 -march=x86-64 -mtune=generic -flto=auto -ffat-lto-objects  -fPIC -o keymaps.o ../keymaps.c 
mv keymaps.o keymaps.so
rm -f parens.so
x86_64-unknown-linux-musl-gcc -c -DHAVE_CONFIG_H   -I. -I.. -I..  -DRL_LIBRARY_VERSION='"8.2"' -DBRACKETED_PASTE_DEFAULT=1 -O2 -m64 -march=x86-64 -mtune=generic -flto=auto -ffat-lto-objects  -fPIC -o parens.o ../parens.c 
mv parens.o parens.so
rm -f search.so
x86_64-unknown-linux-musl-gcc -c -DHAVE_CONFIG_H   -I. -I.. -I..  -DRL_LIBRARY_VERSION='"8.2"' -DBRACKETED_PASTE_DEFAULT=1 -O2 -m64 -march=x86-64 -mtune=generic -flto=auto -ffat-lto-objects  -fPIC -o search.o ../search.c 
mv search.o search.so
rm -f rltty.so
x86_64-unknown-linux-musl-gcc -c -DHAVE_CONFIG_H   -I. -I.. -I..  -DRL_LIBRARY_VERSION='"8.2"' -DBRACKETED_PASTE_DEFAULT=1 -O2 -m64 -march=x86-64 -mtune=generic -flto=auto -ffat-lto-objects  -fPIC -o rltty.o ../rltty.c 
mv rltty.o rltty.so
rm -f complete.so
x86_64-unknown-linux-musl-gcc -c -DHAVE_CONFIG_H   -I. -I.. -I..  -DRL_LIBRARY_VERSION='"8.2"' -DBRACKETED_PASTE_DEFAULT=1 -O2 -m64 -march=x86-64 -mtune=generic -flto=auto -ffat-lto-objects  -fPIC -o complete.o ../complete.c 
mv complete.o complete.so
rm -f bind.so
x86_64-unknown-linux-musl-gcc -c -DHAVE_CONFIG_H   -I. -I.. -I..  -DRL_LIBRARY_VERSION='"8.2"' -DBRACKETED_PASTE_DEFAULT=1 -O2 -m64 -march=x86-64 -mtune=generic -flto=auto -ffat-lto-objects  -fPIC -o bind.o ../bind.c 
mv bind.o bind.so
rm -f isearch.so
x86_64-unknown-linux-musl-gcc -c -DHAVE_CONFIG_H   -I. -I.. -I..  -DRL_LIBRARY_VERSION='"8.2"' -DBRACKETED_PASTE_DEFAULT=1 -O2 -m64 -march=x86-64 -mtune=generic -flto=auto -ffat-lto-objects  -fPIC -o isearch.o ../isearch.c 
mv isearch.o isearch.so
rm -f display.so
x86_64-unknown-linux-musl-gcc -c -DHAVE_CONFIG_H   -I. -I.. -I..  -DRL_LIBRARY_VERSION='"8.2"' -DBRACKETED_PASTE_DEFAULT=1 -O2 -m64 -march=x86-64 -mtune=generic -flto=auto -ffat-lto-objects  -fPIC -o display.o ../display.c 
mv display.o display.so
rm -f signals.so
x86_64-unknown-linux-musl-gcc -c -DHAVE_CONFIG_H   -I. -I.. -I..  -DRL_LIBRARY_VERSION='"8.2"' -DBRACKETED_PASTE_DEFAULT=1 -O2 -m64 -march=x86-64 -mtune=generic -flto=auto -ffat-lto-objects  -fPIC -o signals.o ../signals.c 
mv signals.o signals.so
rm -f util.so
x86_64-unknown-linux-musl-gcc -c -DHAVE_CONFIG_H   -I. -I.. -I..  -DRL_LIBRARY_VERSION='"8.2"' -DBRACKETED_PASTE_DEFAULT=1 -O2 -m64 -march=x86-64 -mtune=generic -flto=auto -ffat-lto-objects  -fPIC -o util.o ../util.c 
mv util.o util.so
rm -f kill.so
x86_64-unknown-linux-musl-gcc -c -DHAVE_CONFIG_H   -I. -I.. -I..  -DRL_LIBRARY_VERSION='"8.2"' -DBRACKETED_PASTE_DEFAULT=1 -O2 -m64 -march=x86-64 -mtune=generic -flto=auto -ffat-lto-objects  -fPIC -o kill.o ../kill.c 
mv kill.o kill.so
rm -f undo.so
x86_64-unknown-linux-musl-gcc -c -DHAVE_CONFIG_H   -I. -I.. -I..  -DRL_LIBRARY_VERSION='"8.2"' -DBRACKETED_PASTE_DEFAULT=1 -O2 -m64 -march=x86-64 -mtune=generic -flto=auto -ffat-lto-objects  -fPIC -o undo.o ../undo.c 
mv undo.o undo.so
rm -f macro.so
x86_64-unknown-linux-musl-gcc -c -DHAVE_CONFIG_H   -I. -I.. -I..  -DRL_LIBRARY_VERSION='"8.2"' -DBRACKETED_PASTE_DEFAULT=1 -O2 -m64 -march=x86-64 -mtune=generic -flto=auto -ffat-lto-objects  -fPIC -o macro.o ../macro.c 
mv macro.o macro.so
rm -f input.so
x86_64-unknown-linux-musl-gcc -c -DHAVE_CONFIG_H   -I. -I.. -I..  -DRL_LIBRARY_VERSION='"8.2"' -DBRACKETED_PASTE_DEFAULT=1 -O2 -m64 -march=x86-64 -mtune=generic -flto=auto -ffat-lto-objects  -fPIC -o input.o ../input.c 
mv input.o input.so
rm -f callback.so
x86_64-unknown-linux-musl-gcc -c -DHAVE_CONFIG_H   -I. -I.. -I..  -DRL_LIBRARY_VERSION='"8.2"' -DBRACKETED_PASTE_DEFAULT=1 -O2 -m64 -march=x86-64 -mtune=generic -flto=auto -ffat-lto-objects  -fPIC -o callback.o ../callback.c 
mv callback.o callback.so
rm -f terminal.so
x86_64-unknown-linux-musl-gcc -c -DHAVE_CONFIG_H   -I. -I.. -I..  -DRL_LIBRARY_VERSION='"8.2"' -DBRACKETED_PASTE_DEFAULT=1 -O2 -m64 -march=x86-64 -mtune=generic -flto=auto -ffat-lto-objects  -fPIC -o terminal.o ../terminal.c 
mv terminal.o terminal.so
rm -f text.so
x86_64-unknown-linux-musl-gcc -c -DHAVE_CONFIG_H   -I. -I.. -I..  -DRL_LIBRARY_VERSION='"8.2"' -DBRACKETED_PASTE_DEFAULT=1 -O2 -m64 -march=x86-64 -mtune=generic -flto=auto -ffat-lto-objects  -fPIC -o text.o ../text.c 
mv text.o text.so
rm -f nls.so
x86_64-unknown-linux-musl-gcc -c -DHAVE_CONFIG_H   -I. -I.. -I..  -DRL_LIBRARY_VERSION='"8.2"' -DBRACKETED_PASTE_DEFAULT=1 -O2 -m64 -march=x86-64 -mtune=generic -flto=auto -ffat-lto-objects  -fPIC -o nls.o ../nls.c 
mv nls.o nls.so
rm -f misc.so
x86_64-unknown-linux-musl-gcc -c -DHAVE_CONFIG_H   -I. -I.. -I..  -DRL_LIBRARY_VERSION='"8.2"' -DBRACKETED_PASTE_DEFAULT=1 -O2 -m64 -march=x86-64 -mtune=generic -flto=auto -ffat-lto-objects  -fPIC -o misc.o ../misc.c 
mv misc.o misc.so
rm -f history.so
x86_64-unknown-linux-musl-gcc -c -DHAVE_CONFIG_H   -I. -I.. -I..  -DRL_LIBRARY_VERSION='"8.2"' -DBRACKETED_PASTE_DEFAULT=1 -O2 -m64 -march=x86-64 -mtune=generic -flto=auto -ffat-lto-objects  -fPIC -o history.o ../history.c 
mv history.o history.so
rm -f histexpand.so
x86_64-unknown-linux-musl-gcc -c -DHAVE_CONFIG_H   -I. -I.. -I..  -DRL_LIBRARY_VERSION='"8.2"' -DBRACKETED_PASTE_DEFAULT=1 -O2 -m64 -march=x86-64 -mtune=generic -flto=auto -ffat-lto-objects  -fPIC -o histexpand.o ../histexpand.c 
mv histexpand.o histexpand.so
rm -f histfile.so
x86_64-unknown-linux-musl-gcc -c -DHAVE_CONFIG_H   -I. -I.. -I..  -DRL_LIBRARY_VERSION='"8.2"' -DBRACKETED_PASTE_DEFAULT=1 -O2 -m64 -march=x86-64 -mtune=generic -flto=auto -ffat-lto-objects  -fPIC -o histfile.o ../histfile.c 
mv histfile.o histfile.so
rm -f histsearch.so
x86_64-unknown-linux-musl-gcc -c -DHAVE_CONFIG_H   -I. -I.. -I..  -DRL_LIBRARY_VERSION='"8.2"' -DBRACKETED_PASTE_DEFAULT=1 -O2 -m64 -march=x86-64 -mtune=generic -flto=auto -ffat-lto-objects  -fPIC -o histsearch.o ../histsearch.c 
mv histsearch.o histsearch.so
rm -f shell.so
x86_64-unknown-linux-musl-gcc -c -DHAVE_CONFIG_H   -I. -I.. -I..  -DRL_LIBRARY_VERSION='"8.2"' -DBRACKETED_PASTE_DEFAULT=1 -O2 -m64 -march=x86-64 -mtune=generic -flto=auto -ffat-lto-objects  -fPIC -o shell.o ../shell.c 
mv shell.o shell.so
rm -f mbutil.so
x86_64-unknown-linux-musl-gcc -c -DHAVE_CONFIG_H   -I. -I.. -I..  -DRL_LIBRARY_VERSION='"8.2"' -DBRACKETED_PASTE_DEFAULT=1 -O2 -m64 -march=x86-64 -mtune=generic -flto=auto -ffat-lto-objects  -fPIC -o mbutil.o ../mbutil.c 
mv mbutil.o mbutil.so
rm -f tilde.so
x86_64-unknown-linux-musl-gcc -c -DHAVE_CONFIG_H   -I. -I.. -I..  -DRL_LIBRARY_VERSION='"8.2"' -DBRACKETED_PASTE_DEFAULT=1 -O2 -m64 -march=x86-64 -mtune=generic -flto=auto -ffat-lto-objects  -fPIC -DREADLINE_LIBRARY -c -o tilde.o ../tilde.c
mv tilde.o tilde.so
rm -f colors.so
x86_64-unknown-linux-musl-gcc -c -DHAVE_CONFIG_H   -I. -I.. -I..  -DRL_LIBRARY_VERSION='"8.2"' -DBRACKETED_PASTE_DEFAULT=1 -O2 -m64 -march=x86-64 -mtune=generic -flto=auto -ffat-lto-objects  -fPIC -o colors.o ../colors.c 
mv colors.o colors.so
rm -f parse-colors.so
x86_64-unknown-linux-musl-gcc -c -DHAVE_CONFIG_H   -I. -I.. -I..  -DRL_LIBRARY_VERSION='"8.2"' -DBRACKETED_PASTE_DEFAULT=1 -O2 -m64 -march=x86-64 -mtune=generic -flto=auto -ffat-lto-objects  -fPIC -o parse-colors.o ../parse-colors.c 
mv parse-colors.o parse-colors.so
rm -f xmalloc.so
x86_64-unknown-linux-musl-gcc -c -DHAVE_CONFIG_H   -I. -I.. -I..  -DRL_LIBRARY_VERSION='"8.2"' -DBRACKETED_PASTE_DEFAULT=1 -O2 -m64 -march=x86-64 -mtune=generic -flto=auto -ffat-lto-objects  -fPIC -o xmalloc.o ../xmalloc.c 
mv xmalloc.o xmalloc.so
rm -f xfree.so
x86_64-unknown-linux-musl-gcc -c -DHAVE_CONFIG_H   -I. -I.. -I..  -DRL_LIBRARY_VERSION='"8.2"' -DBRACKETED_PASTE_DEFAULT=1 -O2 -m64 -march=x86-64 -mtune=generic -flto=auto -ffat-lto-objects  -fPIC -o xfree.o ../xfree.c 
mv xfree.o xfree.so
rm -f compat.so
x86_64-unknown-linux-musl-gcc -c -DHAVE_CONFIG_H   -I. -I.. -I..  -DRL_LIBRARY_VERSION='"8.2"' -DBRACKETED_PASTE_DEFAULT=1 -O2 -m64 -march=x86-64 -mtune=generic -flto=auto -ffat-lto-objects  -fPIC -o compat.o ../compat.c 
mv compat.o compat.so
rm -f libreadline.so.8.2
x86_64-unknown-linux-musl-gcc -shared -Wl,-soname,libreadline.so.8.2 -Wl,-rpath,/usr/lib -Wl,-soname,`basename libreadline.so.8.2 .2` -o libreadline.so.8.2 readline.so vi_mode.so funmap.so keymaps.so parens.so search.so rltty.so complete.so bind.so isearch.so display.so signals.so util.so kill.so undo.so macro.so input.so callback.so terminal.so text.so nls.so misc.so history.so histexpand.so histfile.so histsearch.so shell.so mbutil.so tilde.so colors.so parse-colors.so xmalloc.so xfree.so compat.so -lncurses
rm -f libhistory.so.8.2
x86_64-unknown-linux-musl-gcc -shared -Wl,-soname,libhistory.so.8.2 -Wl,-rpath,/usr/lib -Wl,-soname,`basename libhistory.so.8.2 .2` -o libhistory.so.8.2 history.so histexpand.so histfile.so histsearch.so shell.so mbutil.so xmalloc.so xfree.so -lncurses
make[1]: Leaving directory '/home/devel/building/work/src/readline-8.2/shlib'
+ make -j1 DESTDIR=/home/devel/building/work/pkg install
/bin/sh ./support/mkinstalldirs /home/devel/building/work/pkg/usr/include \
	/home/devel/building/work/pkg/usr/include/readline /home/devel/building/work/pkg/usr/lib \
	/home/devel/building/work/pkg/usr/share/info /home/devel/building/work/pkg/usr/share/man/man3 /home/devel/building/work/pkg/usr/share/doc/readline \
	/home/devel/building/work/pkg/usr/lib/pkgconfig
mkdir -p -- /home/devel/building/work/pkg/usr/include /home/devel/building/work/pkg/usr/include/readline /home/devel/building/work/pkg/usr/lib /home/devel/building/work/pkg/usr/share/info /home/devel/building/work/pkg/usr/share/man/man3 /home/devel/building/work/pkg/usr/share/doc/readline /home/devel/building/work/pkg/usr/lib/pkgconfig
for f in readline.h chardefs.h keymaps.h history.h tilde.h rlstdc.h rlconf.h rltypedefs.h; do \
	/usr/bin/install -c -m 644 ./$f /home/devel/building/work/pkg/usr/include/readline ; \
done
test -d shlib || mkdir shlib
( cd shlib ; make -j1 all )
make[1]: Entering directory '/home/devel/building/work/src/readline-8.2/shlib'
make[1]: Nothing to be done for 'all'.
make[1]: Leaving directory '/home/devel/building/work/src/readline-8.2/shlib'
/usr/bin/install -c -m 644 ./CHANGES ./INSTALL ./README /home/devel/building/work/pkg/usr/share/doc/readline
( if test -d doc ; then \
	cd doc && \
	make -j1 infodir=/usr/share/info DESTDIR=/home/devel/building/work/pkg install; \
  fi )
make[1]: Entering directory '/home/devel/building/work/src/readline-8.2/doc'
/bin/sh ../support/mkdirs /home/devel/building/work/pkg/usr/share/info /home/devel/building/work/pkg/usr/share/man/man3
if test -n "" ; then \
	/bin/sh ../support/mkdirs /home/devel/building/work/pkg ; \
fi
if test -f readline.info; then \
	/usr/bin/install -c -m 644 readline.info /home/devel/building/work/pkg/usr/share/info/readline.info; \
else \
	/usr/bin/install -c -m 644 ./readline.info /home/devel/building/work/pkg/usr/share/info/readline.info; \
fi
if test -f rluserman.info; then \
	/usr/bin/install -c -m 644 rluserman.info /home/devel/building/work/pkg/usr/share/info/rluserman.info; \
else \
	/usr/bin/install -c -m 644 ./rluserman.info /home/devel/building/work/pkg/usr/share/info/rluserman.info; \
fi
if test -f history.info; then \
	/usr/bin/install -c -m 644 history.info /home/devel/building/work/pkg/usr/share/info/history.info; \
else \
	/usr/bin/install -c -m 644 ./history.info /home/devel/building/work/pkg/usr/share/info/history.info; \
fi
if /bin/sh -c 'install-info --version' >/dev/null 2>&1; then \
	install-info --dir-file=/home/devel/building/work/pkg/usr/share/info/dir \
		/home/devel/building/work/pkg/usr/share/info/readline.info ; \
	install-info --dir-file=/home/devel/building/work/pkg/usr/share/info/dir \
		/home/devel/building/work/pkg/usr/share/info/history.info ; \
	install-info --dir-file=/home/devel/building/work/pkg/usr/share/info/dir \
		/home/devel/building/work/pkg/usr/share/info/rluserman.info ; \
else true; fi
/usr/bin/install -c -m 644 ./readline.3 /home/devel/building/work/pkg/usr/share/man/man3/readline.3
/usr/bin/install -c -m 644 ./history.3 /home/devel/building/work/pkg/usr/share/man/man3/history.3
if test -n "" ; then \
	if test -f readline.html; then \
		/usr/bin/install -c -m 644 readline.html /home/devel/building/work/pkg/readline.html; \
	else \
		/usr/bin/install -c -m 644 ./readline.html /home/devel/building/work/pkg/readline.html; \
	fi ; \
	if test -f history.html; then \
		/usr/bin/install -c -m 644 history.html /home/devel/building/work/pkg/history.html; \
	else \
		/usr/bin/install -c -m 644 ./history.html /home/devel/building/work/pkg/history.html; \
	fi ; \
	if test -f rluserman.html; then \
		/usr/bin/install -c -m 644 rluserman.html /home/devel/building/work/pkg/rluserman.html; \
	else \
		/usr/bin/install -c -m 644 ./rluserman.html /home/devel/building/work/pkg/rluserman.html; \
	fi ; \
fi
make[1]: Leaving directory '/home/devel/building/work/src/readline-8.2/doc'
/usr/bin/install -c -m 644 /home/devel/building/work/src/readline-8.2/readline.pc /home/devel/building/work/pkg/usr/lib/pkgconfig/readline.pc
/usr/bin/install -c -m 644 /home/devel/building/work/src/readline-8.2/history.pc /home/devel/building/work/pkg/usr/lib/pkgconfig/history.pc
( cd shlib ; make -j1 DESTDIR=/home/devel/building/work/pkg install )
make[1]: Entering directory '/home/devel/building/work/src/readline-8.2/shlib'
/bin/sh ../support/mkdirs /home/devel/building/work/pkg/usr/lib
/bin/sh ../support/mkdirs /home/devel/building/work/pkg/usr/bin
mkdir /home/devel/building/work/pkg/usr/bin
/bin/sh ../support/shlib-install -O linux-musl -V unknown -d /home/devel/building/work/pkg/usr/lib -b /home/devel/building/work/pkg/usr/bin -i "/usr/bin/install -c -m 644" libhistory.so.8.2
/bin/sh ../support/shlib-install -O linux-musl -V unknown -d /home/devel/building/work/pkg/usr/lib -b /home/devel/building/work/pkg/usr/bin -i "/usr/bin/install -c -m 644" libreadline.so.8.2
install: you may need to run ldconfig
make[1]: Leaving directory '/home/devel/building/work/src/readline-8.2/shlib'
+ install -d /home/devel/building/work/pkg/lib
+ mv /home/devel/building/work/pkg/usr/lib/libhistory.so.8 /home/devel/building/work/pkg/usr/lib/libhistory.so.8.2 /home/devel/building/work/pkg/usr/lib/libreadline.so.8 /home/devel/building/work/pkg/usr/lib/libreadline.so.8.2 /home/devel/building/work/pkg/lib
+ ln -sf ../../lib/libhistory.so.8.2 /home/devel/building/work/pkg/usr/lib/libhistory.so
+ ln -sf ../../lib/libreadline.so.8.2 /home/devel/building/work/pkg/usr/lib/libreadline.so
+ install -D -m 644 /home/devel/building/work/src/inputrc /home/devel/building/work/pkg/etc/inputrc
+ rm -r /home/devel/building/work/pkg/usr/share/doc /home/devel/building/work/pkg/usr/share/info
=======> Build result:
drwxr-xr-x  0 root   root        0 May 15 19:10 etc/
-rw-r--r--  0 root   root      443 May 15 19:10 etc/inputrc
drwxr-xr-x  0 root   root        0 May 15 19:10 lib/
lrwxrwxrwx  0 root   root        0 May 15 19:10 lib/libhistory.so.8 -> libhistory.so.8.2
-rwxr-xr-x  0 root   root    51536 May 15 19:10 lib/libhistory.so.8.2
lrwxrwxrwx  0 root   root        0 May 15 19:10 lib/libreadline.so.8 -> libreadline.so.8.2
-rwxr-xr-x  0 root   root   346232 May 15 19:10 lib/libreadline.so.8.2
drwxr-xr-x  0 root   root        0 May 15 19:10 usr/
drwxr-xr-x  0 root   root        0 May 15 19:10 usr/include/
drwxr-xr-x  0 root   root        0 May 15 19:10 usr/lib/
drwxr-xr-x  0 root   root        0 May 15 19:10 usr/share/
drwxr-xr-x  0 root   root        0 May 15 19:10 usr/bin/
drwxr-xr-x  0 root   root        0 May 15 19:10 usr/share/man/
drwxr-xr-x  0 root   root        0 May 15 19:10 usr/share/man/man3/
-rw-r--r--  0 root   root    15820 May 15 19:10 usr/share/man/man3/readline.3.gz
-rw-r--r--  0 root   root     7791 May 15 19:10 usr/share/man/man3/history.3.gz
drwxr-xr-x  0 root   root        0 May 15 19:10 usr/lib/pkgconfig/
lrwxrwxrwx  0 root   root        0 May 15 19:10 usr/lib/libhistory.so -> ../../lib/libhistory.so.8.2
lrwxrwxrwx  0 root   root        0 May 15 19:10 usr/lib/libreadline.so -> ../../lib/libreadline.so.8.2
-rw-r--r--  0 root   root      311 May 15 19:10 usr/lib/pkgconfig/readline.pc
-rw-r--r--  0 root   root      297 May 15 19:10 usr/lib/pkgconfig/history.pc
drwxr-xr-x  0 root   root        0 May 15 19:10 usr/include/readline/
-rw-r--r--  0 root   root    38147 May 15 19:10 usr/include/readline/readline.h
-rw-r--r--  0 root   root     4694 May 15 19:10 usr/include/readline/chardefs.h
-rw-r--r--  0 root   root     3201 May 15 19:10 usr/include/readline/keymaps.h
-rw-r--r--  0 root   root    10663 May 15 19:10 usr/include/readline/history.h
-rw-r--r--  0 root   root     2652 May 15 19:10 usr/include/readline/tilde.h
-rw-r--r--  0 root   root     1835 May 15 19:10 usr/include/readline/rlstdc.h
-rw-r--r--  0 root   root     2829 May 15 19:10 usr/include/readline/rlconf.h
-rw-r--r--  0 root   root     3021 May 15 19:10 usr/include/readline/rltypedefs.h
=======> Building '/home/devel/packages/readline#8.2.10-1.x86_64.pkg.tar.zst' succeeded.
prt-get: Using PKGMK_PACKAGE_DIR: /home/devel/packages
prt-get: reinstalling readline 8.2.10-1
prt-get: /usr/bin/pkgadd -u readline#8.2.10-1.x86_64.pkg.tar.zst
prt-get: build done Wed May 15 19:10:47 2024

