prt-get: updating /usr/ports/core-x86_64/rhash
prt-get: starting build Wed May 15 19:10:47 2024
=======> Building '/home/devel/packages/rhash#1.4.4-1.x86_64.pkg.tar.zst'.
bsdtar -p -o -C /home/devel/building/work/src -xf /home/devel/sources/rhash-1.4.4.tar.gz
+ build
+ cd RHash-1.4.4
+ ./configure --prefix=/usr --sysconfdir=/etc --enable-openssl --disable-openssl-runtime
Checking for sources ... RHash 1.4.4 
Checking for target OS ... Linux 
Checking for cc version ... gcc 14.1.0 
Checking for linker support for --version-script ... yes 
Checking for gettext ... found 
Checking for OpenSSL ... found 
Writing config.mak
Writing librhash/config.mak
Writing dist/librhash.pc
+ make V=1
cc -c -DUSE_GETTEXT -O2 -DNDEBUG -pipe -ffunction-sections -fdata-sections -fomit-frame-pointer -Wall -W -Wstrict-prototypes -Wnested-externs -Winline -Wpointer-arith -Wbad-function-cast -Wmissing-prototypes -Wmissing-declarations -Wdeclaration-after-statement  calc_sums.c -o calc_sums.o
cc -c -DUSE_GETTEXT -O2 -DNDEBUG -pipe -ffunction-sections -fdata-sections -fomit-frame-pointer -Wall -W -Wstrict-prototypes -Wnested-externs -Winline -Wpointer-arith -Wbad-function-cast -Wmissing-prototypes -Wmissing-declarations -Wdeclaration-after-statement  hash_print.c -o hash_print.o
cc -c -DUSE_GETTEXT -O2 -DNDEBUG -pipe -ffunction-sections -fdata-sections -fomit-frame-pointer -Wall -W -Wstrict-prototypes -Wnested-externs -Winline -Wpointer-arith -Wbad-function-cast -Wmissing-prototypes -Wmissing-declarations -Wdeclaration-after-statement  common_func.c -o common_func.o
cc -c -DUSE_GETTEXT -O2 -DNDEBUG -pipe -ffunction-sections -fdata-sections -fomit-frame-pointer -Wall -W -Wstrict-prototypes -Wnested-externs -Winline -Wpointer-arith -Wbad-function-cast -Wmissing-prototypes -Wmissing-declarations -Wdeclaration-after-statement  hash_update.c -o hash_update.o
cc -c -DUSE_GETTEXT -O2 -DNDEBUG -pipe -ffunction-sections -fdata-sections -fomit-frame-pointer -Wall -W -Wstrict-prototypes -Wnested-externs -Winline -Wpointer-arith -Wbad-function-cast -Wmissing-prototypes -Wmissing-declarations -Wdeclaration-after-statement  file.c -o file.o
cc -c -DUSE_GETTEXT -O2 -DNDEBUG -pipe -ffunction-sections -fdata-sections -fomit-frame-pointer -Wall -W -Wstrict-prototypes -Wnested-externs -Winline -Wpointer-arith -Wbad-function-cast -Wmissing-prototypes -Wmissing-declarations -Wdeclaration-after-statement  file_mask.c -o file_mask.o
cc -c -DUSE_GETTEXT -O2 -DNDEBUG -pipe -ffunction-sections -fdata-sections -fomit-frame-pointer -Wall -W -Wstrict-prototypes -Wnested-externs -Winline -Wpointer-arith -Wbad-function-cast -Wmissing-prototypes -Wmissing-declarations -Wdeclaration-after-statement  file_set.c -o file_set.o
cc -c -DUSE_GETTEXT -O2 -DNDEBUG -pipe -ffunction-sections -fdata-sections -fomit-frame-pointer -Wall -W -Wstrict-prototypes -Wnested-externs -Winline -Wpointer-arith -Wbad-function-cast -Wmissing-prototypes -Wmissing-declarations -Wdeclaration-after-statement  find_file.c -o find_file.o
cc -c -DUSE_GETTEXT -O2 -DNDEBUG -pipe -ffunction-sections -fdata-sections -fomit-frame-pointer -Wall -W -Wstrict-prototypes -Wnested-externs -Winline -Wpointer-arith -Wbad-function-cast -Wmissing-prototypes -Wmissing-declarations -Wdeclaration-after-statement  hash_check.c -o hash_check.o
cc -c -DUSE_GETTEXT -O2 -DNDEBUG -pipe -ffunction-sections -fdata-sections -fomit-frame-pointer -Wall -W -Wstrict-prototypes -Wnested-externs -Winline -Wpointer-arith -Wbad-function-cast -Wmissing-prototypes -Wmissing-declarations -Wdeclaration-after-statement  output.c -o output.o
cc -c -DUSE_GETTEXT -O2 -DNDEBUG -pipe -ffunction-sections -fdata-sections -fomit-frame-pointer -Wall -W -Wstrict-prototypes -Wnested-externs -Winline -Wpointer-arith -Wbad-function-cast -Wmissing-prototypes -Wmissing-declarations -Wdeclaration-after-statement  -DSYSCONFDIR=\"/etc\" parse_cmdline.c -o parse_cmdline.o
cc -c -DUSE_GETTEXT -O2 -DNDEBUG -pipe -ffunction-sections -fdata-sections -fomit-frame-pointer -Wall -W -Wstrict-prototypes -Wnested-externs -Winline -Wpointer-arith -Wbad-function-cast -Wmissing-prototypes -Wmissing-declarations -Wdeclaration-after-statement  -DLOCALEDIR=\"/usr/share/locale\" rhash_main.c -o rhash_main.o
cc -c -DUSE_GETTEXT -O2 -DNDEBUG -pipe -ffunction-sections -fdata-sections -fomit-frame-pointer -Wall -W -Wstrict-prototypes -Wnested-externs -Winline -Wpointer-arith -Wbad-function-cast -Wmissing-prototypes -Wmissing-declarations -Wdeclaration-after-statement  win_utils.c -o win_utils.o
cd librhash && make lib-shared
make[1]: Entering directory '/home/devel/building/work/src/RHash-1.4.4/librhash'
sed -ne '1s/.*/{ global:/p; s/^RHASH_API.* \(rhash_[a-z0-9_]*\)(.*/  \1;/p; $s/.*/local: *; };/p' \
  rhash.h rhash_torrent.h | grep -v "rhash_wfile" > exports.sym
test "xlibrhash.so.1" != "xlibrhash.so.1.4.4" && \
  rm -f librhash.so.1 && \
  ln -s librhash.so.1.4.4 librhash.so.1
rm -f librhash.so
ln -s librhash.so.1 librhash.so
cc -DUSE_OPENSSL -O2 -DNDEBUG -pipe -ffunction-sections -fdata-sections -fomit-frame-pointer -Wall -W -Wstrict-prototypes -Wnested-externs -Winline -Wpointer-arith -Wbad-function-cast -Wmissing-prototypes -Wmissing-declarations -Wdeclaration-after-statement  -fpic -DRHASH_XVERSION=0x01040400 algorithms.c byte_order.c plug_openssl.c rhash.c rhash_torrent.c aich.c blake2b.c blake2s.c crc32.c ed2k.c edonr.c hex.c md4.c md5.c sha1.c sha256.c sha512.c sha3.c ripemd-160.c gost12.c gost94.c has160.c snefru.c tiger.c tiger_sbox.c tth.c torrent.c util.c whirlpool.c whirlpool_sbox.c   -lcrypto -shared -Wl,--version-script,exports.sym,-soname,librhash.so.1 -o librhash.so.1.4.4
plug_openssl.c: In function 'wrapMD4_Final':
plug_openssl.c:108:1: warning: 'MD4_Final' is deprecated: Since OpenSSL 3.0 [-Wdeprecated-declarations]
  108 | WRAP_FINAL(MD4, MD4_CTX)
      | ^~~~~~~~~~
In file included from plug_openssl.c:24:
/usr/include/openssl/md4.h:52:27: note: declared here
   52 | OSSL_DEPRECATEDIN_3_0 int MD4_Final(unsigned char *md, MD4_CTX *c);
      |                           ^~~~~~~~~
plug_openssl.c: In function 'wrapMD5_Final':
plug_openssl.c:111:1: warning: 'MD5_Final' is deprecated: Since OpenSSL 3.0 [-Wdeprecated-declarations]
  111 | WRAP_FINAL(MD5, MD5_CTX)
      | ^~~~~~~~~~
In file included from plug_openssl.c:31:
/usr/include/openssl/md5.h:51:27: note: declared here
   51 | OSSL_DEPRECATEDIN_3_0 int MD5_Final(unsigned char *md, MD5_CTX *c);
      |                           ^~~~~~~~~
plug_openssl.c: In function 'wrapSHA1_Final':
plug_openssl.c:114:1: warning: 'SHA1_Final' is deprecated: Since OpenSSL 3.0 [-Wdeprecated-declarations]
  114 | WRAP_FINAL(SHA1, SHA_CTX)
      | ^~~~~~~~~~
In file included from plug_openssl.c:38:
/usr/include/openssl/sha.h:51:27: note: declared here
   51 | OSSL_DEPRECATEDIN_3_0 int SHA1_Final(unsigned char *md, SHA_CTX *c);
      |                           ^~~~~~~~~~
plug_openssl.c: In function 'wrapSHA224_Final':
plug_openssl.c:115:1: warning: 'SHA224_Final' is deprecated: Since OpenSSL 3.0 [-Wdeprecated-declarations]
  115 | WRAP_FINAL(SHA224, SHA256_CTX)
      | ^~~~~~~~~~
/usr/include/openssl/sha.h:72:27: note: declared here
   72 | OSSL_DEPRECATEDIN_3_0 int SHA224_Final(unsigned char *md, SHA256_CTX *c);
      |                           ^~~~~~~~~~~~
plug_openssl.c: In function 'wrapSHA256_Final':
plug_openssl.c:116:1: warning: 'SHA256_Final' is deprecated: Since OpenSSL 3.0 [-Wdeprecated-declarations]
  116 | WRAP_FINAL(SHA256, SHA256_CTX)
      | ^~~~~~~~~~
/usr/include/openssl/sha.h:76:27: note: declared here
   76 | OSSL_DEPRECATEDIN_3_0 int SHA256_Final(unsigned char *md, SHA256_CTX *c);
      |                           ^~~~~~~~~~~~
plug_openssl.c: In function 'wrapSHA384_Final':
plug_openssl.c:117:1: warning: 'SHA384_Final' is deprecated: Since OpenSSL 3.0 [-Wdeprecated-declarations]
  117 | WRAP_FINAL(SHA384, SHA512_CTX)
      | ^~~~~~~~~~
/usr/include/openssl/sha.h:123:27: note: declared here
  123 | OSSL_DEPRECATEDIN_3_0 int SHA384_Final(unsigned char *md, SHA512_CTX *c);
      |                           ^~~~~~~~~~~~
plug_openssl.c: In function 'wrapSHA512_Final':
plug_openssl.c:118:1: warning: 'SHA512_Final' is deprecated: Since OpenSSL 3.0 [-Wdeprecated-declarations]
  118 | WRAP_FINAL(SHA512, SHA512_CTX)
      | ^~~~~~~~~~
/usr/include/openssl/sha.h:127:27: note: declared here
  127 | OSSL_DEPRECATEDIN_3_0 int SHA512_Final(unsigned char *md, SHA512_CTX *c);
      |                           ^~~~~~~~~~~~
plug_openssl.c: In function 'wrapRIPEMD160_Final':
plug_openssl.c:121:1: warning: 'RIPEMD160_Final' is deprecated: Since OpenSSL 3.0 [-Wdeprecated-declarations]
  121 | WRAP_FINAL(RIPEMD160, RIPEMD160_CTX)
      | ^~~~~~~~~~
In file included from plug_openssl.c:46:
/usr/include/openssl/ripemd.h:48:27: note: declared here
   48 | OSSL_DEPRECATEDIN_3_0 int RIPEMD160_Final(unsigned char *md, RIPEMD160_CTX *c);
      |                           ^~~~~~~~~~~~~~~
plug_openssl.c: In function 'wrapWHIRLPOOL_Final':
plug_openssl.c:129:9: warning: 'WHIRLPOOL_Final' is deprecated: Since OpenSSL 3.0 [-Wdeprecated-declarations]
  129 |         CALL_FINAL(WHIRLPOOL, NULL, ctx);
      |         ^~~~~~~~~~
In file included from plug_openssl.c:53:
/usr/include/openssl/whrlpool.h:52:27: note: declared here
   52 | OSSL_DEPRECATEDIN_3_0 int WHIRLPOOL_Final(unsigned char *md, WHIRLPOOL_CTX *c);
      |                           ^~~~~~~~~~~~~~~
plug_openssl.c: At top level:
plug_openssl.c:142:9: warning: 'MD4_Init' is deprecated: Since OpenSSL 3.0 [-Wdeprecated-declarations]
  142 |         { &info_md4, sizeof(MD4_CTX), offsetof(MD4_CTX, A), HASH_INFO_METHODS(MD4) }, /* 128 bit */
      |         ^
/usr/include/openssl/md4.h:50:27: note: declared here
   50 | OSSL_DEPRECATEDIN_3_0 int MD4_Init(MD4_CTX *c);
      |                           ^~~~~~~~
plug_openssl.c:142:9: warning: 'MD4_Update' is deprecated: Since OpenSSL 3.0 [-Wdeprecated-declarations]
  142 |         { &info_md4, sizeof(MD4_CTX), offsetof(MD4_CTX, A), HASH_INFO_METHODS(MD4) }, /* 128 bit */
      |         ^
/usr/include/openssl/md4.h:51:27: note: declared here
   51 | OSSL_DEPRECATEDIN_3_0 int MD4_Update(MD4_CTX *c, const void *data, size_t len);
      |                           ^~~~~~~~~~
plug_openssl.c:147:9: warning: 'MD5_Init' is deprecated: Since OpenSSL 3.0 [-Wdeprecated-declarations]
  147 |         { &info_md5, sizeof(MD5_CTX), offsetof(MD5_CTX, A), HASH_INFO_METHODS(MD5) }, /* 128 bit */
      |         ^
/usr/include/openssl/md5.h:49:27: note: declared here
   49 | OSSL_DEPRECATEDIN_3_0 int MD5_Init(MD5_CTX *c);
      |                           ^~~~~~~~
plug_openssl.c:147:9: warning: 'MD5_Update' is deprecated: Since OpenSSL 3.0 [-Wdeprecated-declarations]
  147 |         { &info_md5, sizeof(MD5_CTX), offsetof(MD5_CTX, A), HASH_INFO_METHODS(MD5) }, /* 128 bit */
      |         ^
/usr/include/openssl/md5.h:50:27: note: declared here
   50 | OSSL_DEPRECATEDIN_3_0 int MD5_Update(MD5_CTX *c, const void *data, size_t len);
      |                           ^~~~~~~~~~
plug_openssl.c:152:9: warning: 'SHA1_Init' is deprecated: Since OpenSSL 3.0 [-Wdeprecated-declarations]
  152 |         { &info_sha1, sizeof(SHA_CTX), offsetof(SHA_CTX, h0),  HASH_INFO_METHODS(SHA1) }, /* 160 bit */
      |         ^
/usr/include/openssl/sha.h:49:27: note: declared here
   49 | OSSL_DEPRECATEDIN_3_0 int SHA1_Init(SHA_CTX *c);
      |                           ^~~~~~~~~
plug_openssl.c:152:9: warning: 'SHA1_Update' is deprecated: Since OpenSSL 3.0 [-Wdeprecated-declarations]
  152 |         { &info_sha1, sizeof(SHA_CTX), offsetof(SHA_CTX, h0),  HASH_INFO_METHODS(SHA1) }, /* 160 bit */
      |         ^
/usr/include/openssl/sha.h:50:27: note: declared here
   50 | OSSL_DEPRECATEDIN_3_0 int SHA1_Update(SHA_CTX *c, const void *data, size_t len);
      |                           ^~~~~~~~~~~
plug_openssl.c:153:9: warning: 'SHA224_Init' is deprecated: Since OpenSSL 3.0 [-Wdeprecated-declarations]
  153 |         { &info_sha224, sizeof(SHA256_CTX), offsetof(SHA256_CTX, h), HASH_INFO_METHODS(SHA224) }, /* 224 bit */
      |         ^
/usr/include/openssl/sha.h:69:27: note: declared here
   69 | OSSL_DEPRECATEDIN_3_0 int SHA224_Init(SHA256_CTX *c);
      |                           ^~~~~~~~~~~
plug_openssl.c:153:9: warning: 'SHA224_Update' is deprecated: Since OpenSSL 3.0 [-Wdeprecated-declarations]
  153 |         { &info_sha224, sizeof(SHA256_CTX), offsetof(SHA256_CTX, h), HASH_INFO_METHODS(SHA224) }, /* 224 bit */
      |         ^
/usr/include/openssl/sha.h:70:27: note: declared here
   70 | OSSL_DEPRECATEDIN_3_0 int SHA224_Update(SHA256_CTX *c,
      |                           ^~~~~~~~~~~~~
plug_openssl.c:154:9: warning: 'SHA256_Init' is deprecated: Since OpenSSL 3.0 [-Wdeprecated-declarations]
  154 |         { &info_sha256, sizeof(SHA256_CTX), offsetof(SHA256_CTX, h), HASH_INFO_METHODS(SHA256) }, /* 256 bit */
      |         ^
/usr/include/openssl/sha.h:73:27: note: declared here
   73 | OSSL_DEPRECATEDIN_3_0 int SHA256_Init(SHA256_CTX *c);
      |                           ^~~~~~~~~~~
plug_openssl.c:154:9: warning: 'SHA256_Update' is deprecated: Since OpenSSL 3.0 [-Wdeprecated-declarations]
  154 |         { &info_sha256, sizeof(SHA256_CTX), offsetof(SHA256_CTX, h), HASH_INFO_METHODS(SHA256) }, /* 256 bit */
      |         ^
/usr/include/openssl/sha.h:74:27: note: declared here
   74 | OSSL_DEPRECATEDIN_3_0 int SHA256_Update(SHA256_CTX *c,
      |                           ^~~~~~~~~~~~~
plug_openssl.c:155:9: warning: 'SHA384_Init' is deprecated: Since OpenSSL 3.0 [-Wdeprecated-declarations]
  155 |         { &info_sha384, sizeof(SHA512_CTX), offsetof(SHA512_CTX, h), HASH_INFO_METHODS(SHA384) }, /* 384 bit */
      |         ^
/usr/include/openssl/sha.h:120:27: note: declared here
  120 | OSSL_DEPRECATEDIN_3_0 int SHA384_Init(SHA512_CTX *c);
      |                           ^~~~~~~~~~~
plug_openssl.c:155:9: warning: 'SHA384_Update' is deprecated: Since OpenSSL 3.0 [-Wdeprecated-declarations]
  155 |         { &info_sha384, sizeof(SHA512_CTX), offsetof(SHA512_CTX, h), HASH_INFO_METHODS(SHA384) }, /* 384 bit */
      |         ^
/usr/include/openssl/sha.h:121:27: note: declared here
  121 | OSSL_DEPRECATEDIN_3_0 int SHA384_Update(SHA512_CTX *c,
      |                           ^~~~~~~~~~~~~
plug_openssl.c:156:9: warning: 'SHA512_Init' is deprecated: Since OpenSSL 3.0 [-Wdeprecated-declarations]
  156 |         { &info_sha512, sizeof(SHA512_CTX), offsetof(SHA512_CTX, h), HASH_INFO_METHODS(SHA512) }, /* 512 bit */
      |         ^
/usr/include/openssl/sha.h:124:27: note: declared here
  124 | OSSL_DEPRECATEDIN_3_0 int SHA512_Init(SHA512_CTX *c);
      |                           ^~~~~~~~~~~
plug_openssl.c:156:9: warning: 'SHA512_Update' is deprecated: Since OpenSSL 3.0 [-Wdeprecated-declarations]
  156 |         { &info_sha512, sizeof(SHA512_CTX), offsetof(SHA512_CTX, h), HASH_INFO_METHODS(SHA512) }, /* 512 bit */
      |         ^
/usr/include/openssl/sha.h:125:27: note: declared here
  125 | OSSL_DEPRECATEDIN_3_0 int SHA512_Update(SHA512_CTX *c,
      |                           ^~~~~~~~~~~~~
plug_openssl.c:161:9: warning: 'RIPEMD160_Init' is deprecated: Since OpenSSL 3.0 [-Wdeprecated-declarations]
  161 |         { &info_rmd160, sizeof(RIPEMD160_CTX), offsetof(RIPEMD160_CTX, A), HASH_INFO_METHODS(RIPEMD160) }, /* 160 bit */
      |         ^
/usr/include/openssl/ripemd.h:45:27: note: declared here
   45 | OSSL_DEPRECATEDIN_3_0 int RIPEMD160_Init(RIPEMD160_CTX *c);
      |                           ^~~~~~~~~~~~~~
plug_openssl.c:161:9: warning: 'RIPEMD160_Update' is deprecated: Since OpenSSL 3.0 [-Wdeprecated-declarations]
  161 |         { &info_rmd160, sizeof(RIPEMD160_CTX), offsetof(RIPEMD160_CTX, A), HASH_INFO_METHODS(RIPEMD160) }, /* 160 bit */
      |         ^
/usr/include/openssl/ripemd.h:46:27: note: declared here
   46 | OSSL_DEPRECATEDIN_3_0 int RIPEMD160_Update(RIPEMD160_CTX *c, const void *data,
      |                           ^~~~~~~~~~~~~~~~
plug_openssl.c:166:9: warning: 'WHIRLPOOL_Init' is deprecated: Since OpenSSL 3.0 [-Wdeprecated-declarations]
  166 |         { &info_ossl_whirlpool, sizeof(WHIRLPOOL_CTX), offsetof(WHIRLPOOL_CTX, H.c), HASH_INFO_METHODS(WHIRLPOOL) }, /* 512 bit */
      |         ^
/usr/include/openssl/whrlpool.h:47:27: note: declared here
   47 | OSSL_DEPRECATEDIN_3_0 int WHIRLPOOL_Init(WHIRLPOOL_CTX *c);
      |                           ^~~~~~~~~~~~~~
plug_openssl.c:166:9: warning: 'WHIRLPOOL_Update' is deprecated: Since OpenSSL 3.0 [-Wdeprecated-declarations]
  166 |         { &info_ossl_whirlpool, sizeof(WHIRLPOOL_CTX), offsetof(WHIRLPOOL_CTX, H.c), HASH_INFO_METHODS(WHIRLPOOL) }, /* 512 bit */
      |         ^
/usr/include/openssl/whrlpool.h:48:27: note: declared here
   48 | OSSL_DEPRECATEDIN_3_0 int WHIRLPOOL_Update(WHIRLPOOL_CTX *c,
      |                           ^~~~~~~~~~~~~~~~
make[1]: Leaving directory '/home/devel/building/work/src/RHash-1.4.4/librhash'
cc calc_sums.o hash_print.o common_func.o hash_update.o file.o file_mask.o file_set.o find_file.o hash_check.o output.o parse_cmdline.o rhash_main.o win_utils.o librhash/librhash.so.1.4.4   -o rhash
+ make test-shared
make: Nothing to be done for 'test-shared'.
+ make DESTDIR=/home/devel/building/work/pkg install-lib-headers install-lib-shared install-lib-so-link install
cd librhash && make install-lib-headers
make[1]: Entering directory '/home/devel/building/work/src/RHash-1.4.4/librhash'
install -d /home/devel/building/work/pkg/usr/include
install -m 644 rhash.h rhash_torrent.h /home/devel/building/work/pkg/usr/include/
cd librhash && make install-lib-shared
cd librhash && make install-so-link
make[1]: Leaving directory '/home/devel/building/work/src/RHash-1.4.4/librhash'
make install-binary
install -d /home/devel/building/work/pkg/usr/share/man/man1
install -d /home/devel/building/work/pkg/etc
install -d /home/devel/building/work/pkg/usr/bin
install -m 644 dist/rhash.1 /home/devel/building/work/pkg/usr/share/man/man1/rhash.1
make[1]: Entering directory '/home/devel/building/work/src/RHash-1.4.4/librhash'
install -d /home/devel/building/work/pkg/usr/lib
tr -d \\r < dist/rhashrc.sample > rc.tmp && install -m 644 rc.tmp /home/devel/building/work/pkg/etc/rhashrc
rm -f /home/devel/building/work/pkg/usr/lib/librhash.so
install -m 755 rhash /home/devel/building/work/pkg/usr/bin/rhash
make[1]: Entering directory '/home/devel/building/work/src/RHash-1.4.4'
install -d /home/devel/building/work/pkg/usr/bin
ln -s librhash.so.1 /home/devel/building/work/pkg/usr/lib/librhash.so
cd /home/devel/building/work/pkg/usr/bin && for f in sfv-hash has160-hash gost12-256-hash gost12-512-hash edonr256-hash edonr512-hash tiger-hash tth-hash whirlpool-hash ed2k-link magnet-link; do ln -sf rhash $f; done
rm -f rc.tmp
make[1]: Leaving directory '/home/devel/building/work/src/RHash-1.4.4/librhash'
install -m 755 rhash /home/devel/building/work/pkg/usr/bin/rhash
make[1]: Entering directory '/home/devel/building/work/src/RHash-1.4.4/librhash'
install -d /home/devel/building/work/pkg/usr/lib
make[1]: Leaving directory '/home/devel/building/work/src/RHash-1.4.4'
install -m 755 librhash.so.1.4.4 /home/devel/building/work/pkg/usr/lib/
test "xlibrhash.so.1" != "xlibrhash.so.1.4.4" && \
  rm -f /home/devel/building/work/pkg/usr/lib/librhash.so.1 && \
  ln -s librhash.so.1.4.4 /home/devel/building/work/pkg/usr/lib/librhash.so.1
make[1]: Leaving directory '/home/devel/building/work/src/RHash-1.4.4/librhash'
cd /home/devel/building/work/pkg/usr/share/man/man1 && for f in sfv-hash has160-hash gost12-256-hash gost12-512-hash edonr256-hash edonr512-hash tiger-hash tth-hash whirlpool-hash ed2k-link magnet-link; do ln -sf rhash.1 $f.1; done
=======> Build result:
drwxr-xr-x  0 root   root        0 May 15 19:10 etc/
-rw-r--r--  0 root   root      523 May 15 19:10 etc/rhashrc
drwxr-xr-x  0 root   root        0 May 15 19:10 usr/
drwxr-xr-x  0 root   root        0 May 15 19:10 usr/include/
drwxr-xr-x  0 root   root        0 May 15 19:10 usr/share/
drwxr-xr-x  0 root   root        0 May 15 19:10 usr/bin/
drwxr-xr-x  0 root   root        0 May 15 19:10 usr/lib/
lrwxrwxrwx  0 root   root        0 May 15 19:10 usr/lib/librhash.so -> librhash.so.1
-rwxr-xr-x  0 root   root   214608 May 15 19:10 usr/lib/librhash.so.1.4.4
lrwxrwxrwx  0 root   root        0 May 15 19:10 usr/lib/librhash.so.1 -> librhash.so.1.4.4
lrwxrwxrwx  0 root   root        0 May 15 19:10 usr/bin/sfv-hash -> rhash
-rwxr-xr-x  0 root   root    88368 May 15 19:10 usr/bin/rhash
lrwxrwxrwx  0 root   root        0 May 15 19:10 usr/bin/has160-hash -> rhash
lrwxrwxrwx  0 root   root        0 May 15 19:10 usr/bin/gost12-256-hash -> rhash
lrwxrwxrwx  0 root   root        0 May 15 19:10 usr/bin/gost12-512-hash -> rhash
lrwxrwxrwx  0 root   root        0 May 15 19:10 usr/bin/edonr256-hash -> rhash
lrwxrwxrwx  0 root   root        0 May 15 19:10 usr/bin/edonr512-hash -> rhash
lrwxrwxrwx  0 root   root        0 May 15 19:10 usr/bin/tiger-hash -> rhash
lrwxrwxrwx  0 root   root        0 May 15 19:10 usr/bin/tth-hash -> rhash
lrwxrwxrwx  0 root   root        0 May 15 19:10 usr/bin/whirlpool-hash -> rhash
lrwxrwxrwx  0 root   root        0 May 15 19:10 usr/bin/ed2k-link -> rhash
lrwxrwxrwx  0 root   root        0 May 15 19:10 usr/bin/magnet-link -> rhash
drwxr-xr-x  0 root   root        0 May 15 19:10 usr/share/man/
drwxr-xr-x  0 root   root        0 May 15 19:10 usr/share/man/man1/
-rw-r--r--  0 root   root     5029 May 15 19:10 usr/share/man/man1/rhash.1.gz
lrwxrwxrwx  0 root   root        0 May 15 19:10 usr/share/man/man1/sfv-hash.1.gz -> rhash.1.gz
lrwxrwxrwx  0 root   root        0 May 15 19:10 usr/share/man/man1/has160-hash.1.gz -> rhash.1.gz
lrwxrwxrwx  0 root   root        0 May 15 19:10 usr/share/man/man1/gost12-256-hash.1.gz -> rhash.1.gz
lrwxrwxrwx  0 root   root        0 May 15 19:10 usr/share/man/man1/gost12-512-hash.1.gz -> rhash.1.gz
lrwxrwxrwx  0 root   root        0 May 15 19:10 usr/share/man/man1/edonr256-hash.1.gz -> rhash.1.gz
lrwxrwxrwx  0 root   root        0 May 15 19:10 usr/share/man/man1/edonr512-hash.1.gz -> rhash.1.gz
lrwxrwxrwx  0 root   root        0 May 15 19:10 usr/share/man/man1/tiger-hash.1.gz -> rhash.1.gz
lrwxrwxrwx  0 root   root        0 May 15 19:10 usr/share/man/man1/tth-hash.1.gz -> rhash.1.gz
lrwxrwxrwx  0 root   root        0 May 15 19:10 usr/share/man/man1/whirlpool-hash.1.gz -> rhash.1.gz
lrwxrwxrwx  0 root   root        0 May 15 19:10 usr/share/man/man1/ed2k-link.1.gz -> rhash.1.gz
lrwxrwxrwx  0 root   root        0 May 15 19:10 usr/share/man/man1/magnet-link.1.gz -> rhash.1.gz
-rw-r--r--  0 root   root    16934 May 15 19:10 usr/include/rhash.h
-rw-r--r--  0 root   root     3072 May 15 19:10 usr/include/rhash_torrent.h
=======> Building '/home/devel/packages/rhash#1.4.4-1.x86_64.pkg.tar.zst' succeeded.
prt-get: Using PKGMK_PACKAGE_DIR: /home/devel/packages
prt-get: reinstalling rhash 1.4.4-1
prt-get: /usr/bin/pkgadd -u rhash#1.4.4-1.x86_64.pkg.tar.zst
prt-get: build done Wed May 15 19:10:51 2024

