prt-get: updating /usr/ports/core-x86_64/zlib
prt-get: starting build Wed Jul 26 10:25:51 2023
=======> Building '/home/devel/packages/zlib#1.2.13-3.x86_64.pkg.tar.xz'.
bsdtar -p -o -C /home/devel/building/work/src -xf /home/devel/sources/zlib-1.2.13.tar.gz
+ build
+ cd zlib-1.2.13
+ CFLAGS+=' -fPIE'
+ CXXFLAGS+=' -fPIE'
+ ./configure --prefix=/usr --sharedlibdir=/lib
Using x86_64-unknown-linux-gnu-ar
Using x86_64-unknown-linux-gnu-ranlib
Using x86_64-unknown-linux-gnu-nm
Checking for x86_64-unknown-linux-gnu-gcc...
Checking for shared library support...
Building shared library libz.so.1.2.13 with x86_64-unknown-linux-gnu-gcc.
Checking for size_t... Yes.
Checking for off64_t... Yes.
Checking for fseeko... Yes.
Checking for strerror... Yes.
Checking for unistd.h... Yes.
Checking for stdarg.h... Yes.
Checking whether to use vs[n]printf() or s[n]printf()... using vs[n]printf().
Checking for vsnprintf() in stdio.h... Yes.
Checking for return value of vsnprintf()... Yes.
Checking for attribute(visibility) support... Yes.
+ make V=1
x86_64-unknown-linux-gnu-gcc -O2 -m64 -march=x86-64 -mtune=generic -flto=auto -ffat-lto-objects -fPIE -D_LARGEFILE64_SOURCE=1 -DHAVE_HIDDEN -I. -c -o example.o test/example.c
x86_64-unknown-linux-gnu-gcc -O2 -m64 -march=x86-64 -mtune=generic -flto=auto -ffat-lto-objects -fPIE -D_LARGEFILE64_SOURCE=1 -DHAVE_HIDDEN  -c -o adler32.o adler32.c
x86_64-unknown-linux-gnu-gcc -O2 -m64 -march=x86-64 -mtune=generic -flto=auto -ffat-lto-objects -fPIE -D_LARGEFILE64_SOURCE=1 -DHAVE_HIDDEN  -c -o crc32.o crc32.c
x86_64-unknown-linux-gnu-gcc -O2 -m64 -march=x86-64 -mtune=generic -flto=auto -ffat-lto-objects -fPIE -D_LARGEFILE64_SOURCE=1 -DHAVE_HIDDEN  -c -o deflate.o deflate.c
x86_64-unknown-linux-gnu-gcc -O2 -m64 -march=x86-64 -mtune=generic -flto=auto -ffat-lto-objects -fPIE -D_LARGEFILE64_SOURCE=1 -DHAVE_HIDDEN  -c -o infback.o infback.c
x86_64-unknown-linux-gnu-gcc -O2 -m64 -march=x86-64 -mtune=generic -flto=auto -ffat-lto-objects -fPIE -D_LARGEFILE64_SOURCE=1 -DHAVE_HIDDEN  -c -o inffast.o inffast.c
x86_64-unknown-linux-gnu-gcc -O2 -m64 -march=x86-64 -mtune=generic -flto=auto -ffat-lto-objects -fPIE -D_LARGEFILE64_SOURCE=1 -DHAVE_HIDDEN  -c -o inflate.o inflate.c
x86_64-unknown-linux-gnu-gcc -O2 -m64 -march=x86-64 -mtune=generic -flto=auto -ffat-lto-objects -fPIE -D_LARGEFILE64_SOURCE=1 -DHAVE_HIDDEN  -c -o inftrees.o inftrees.c
x86_64-unknown-linux-gnu-gcc -O2 -m64 -march=x86-64 -mtune=generic -flto=auto -ffat-lto-objects -fPIE -D_LARGEFILE64_SOURCE=1 -DHAVE_HIDDEN  -c -o trees.o trees.c
x86_64-unknown-linux-gnu-gcc -O2 -m64 -march=x86-64 -mtune=generic -flto=auto -ffat-lto-objects -fPIE -D_LARGEFILE64_SOURCE=1 -DHAVE_HIDDEN  -c -o zutil.o zutil.c
x86_64-unknown-linux-gnu-gcc -O2 -m64 -march=x86-64 -mtune=generic -flto=auto -ffat-lto-objects -fPIE -D_LARGEFILE64_SOURCE=1 -DHAVE_HIDDEN  -c -o compress.o compress.c
x86_64-unknown-linux-gnu-gcc -O2 -m64 -march=x86-64 -mtune=generic -flto=auto -ffat-lto-objects -fPIE -D_LARGEFILE64_SOURCE=1 -DHAVE_HIDDEN  -c -o uncompr.o uncompr.c
x86_64-unknown-linux-gnu-gcc -O2 -m64 -march=x86-64 -mtune=generic -flto=auto -ffat-lto-objects -fPIE -D_LARGEFILE64_SOURCE=1 -DHAVE_HIDDEN  -c -o gzclose.o gzclose.c
x86_64-unknown-linux-gnu-gcc -O2 -m64 -march=x86-64 -mtune=generic -flto=auto -ffat-lto-objects -fPIE -D_LARGEFILE64_SOURCE=1 -DHAVE_HIDDEN  -c -o gzlib.o gzlib.c
x86_64-unknown-linux-gnu-gcc -O2 -m64 -march=x86-64 -mtune=generic -flto=auto -ffat-lto-objects -fPIE -D_LARGEFILE64_SOURCE=1 -DHAVE_HIDDEN  -c -o gzread.o gzread.c
x86_64-unknown-linux-gnu-gcc -O2 -m64 -march=x86-64 -mtune=generic -flto=auto -ffat-lto-objects -fPIE -D_LARGEFILE64_SOURCE=1 -DHAVE_HIDDEN  -c -o gzwrite.o gzwrite.c
x86_64-unknown-linux-gnu-gcc -O2 -m64 -march=x86-64 -mtune=generic -flto=auto -ffat-lto-objects -fPIE -D_LARGEFILE64_SOURCE=1 -DHAVE_HIDDEN -I. -c -o minigzip.o test/minigzip.c
x86_64-unknown-linux-gnu-gcc -O2 -m64 -march=x86-64 -mtune=generic -flto=auto -ffat-lto-objects -fPIE -fPIC -D_LARGEFILE64_SOURCE=1 -DHAVE_HIDDEN  -DPIC -c -o objs/adler32.o adler32.c
x86_64-unknown-linux-gnu-gcc -O2 -m64 -march=x86-64 -mtune=generic -flto=auto -ffat-lto-objects -fPIE -fPIC -D_LARGEFILE64_SOURCE=1 -DHAVE_HIDDEN  -DPIC -c -o objs/crc32.o crc32.c
x86_64-unknown-linux-gnu-gcc -O2 -m64 -march=x86-64 -mtune=generic -flto=auto -ffat-lto-objects -fPIE -fPIC -D_LARGEFILE64_SOURCE=1 -DHAVE_HIDDEN  -DPIC -c -o objs/deflate.o deflate.c
x86_64-unknown-linux-gnu-gcc -O2 -m64 -march=x86-64 -mtune=generic -flto=auto -ffat-lto-objects -fPIE -fPIC -D_LARGEFILE64_SOURCE=1 -DHAVE_HIDDEN  -DPIC -c -o objs/infback.o infback.c
x86_64-unknown-linux-gnu-gcc -O2 -m64 -march=x86-64 -mtune=generic -flto=auto -ffat-lto-objects -fPIE -fPIC -D_LARGEFILE64_SOURCE=1 -DHAVE_HIDDEN  -DPIC -c -o objs/inffast.o inffast.c
x86_64-unknown-linux-gnu-gcc -O2 -m64 -march=x86-64 -mtune=generic -flto=auto -ffat-lto-objects -fPIE -fPIC -D_LARGEFILE64_SOURCE=1 -DHAVE_HIDDEN  -DPIC -c -o objs/inflate.o inflate.c
x86_64-unknown-linux-gnu-gcc -O2 -m64 -march=x86-64 -mtune=generic -flto=auto -ffat-lto-objects -fPIE -fPIC -D_LARGEFILE64_SOURCE=1 -DHAVE_HIDDEN  -DPIC -c -o objs/inftrees.o inftrees.c
x86_64-unknown-linux-gnu-gcc -O2 -m64 -march=x86-64 -mtune=generic -flto=auto -ffat-lto-objects -fPIE -fPIC -D_LARGEFILE64_SOURCE=1 -DHAVE_HIDDEN  -DPIC -c -o objs/trees.o trees.c
x86_64-unknown-linux-gnu-gcc -O2 -m64 -march=x86-64 -mtune=generic -flto=auto -ffat-lto-objects -fPIE -fPIC -D_LARGEFILE64_SOURCE=1 -DHAVE_HIDDEN  -DPIC -c -o objs/zutil.o zutil.c
x86_64-unknown-linux-gnu-gcc -O2 -m64 -march=x86-64 -mtune=generic -flto=auto -ffat-lto-objects -fPIE -fPIC -D_LARGEFILE64_SOURCE=1 -DHAVE_HIDDEN  -DPIC -c -o objs/compress.o compress.c
x86_64-unknown-linux-gnu-gcc -O2 -m64 -march=x86-64 -mtune=generic -flto=auto -ffat-lto-objects -fPIE -fPIC -D_LARGEFILE64_SOURCE=1 -DHAVE_HIDDEN  -DPIC -c -o objs/uncompr.o uncompr.c
x86_64-unknown-linux-gnu-gcc -O2 -m64 -march=x86-64 -mtune=generic -flto=auto -ffat-lto-objects -fPIE -fPIC -D_LARGEFILE64_SOURCE=1 -DHAVE_HIDDEN  -DPIC -c -o objs/gzclose.o gzclose.c
x86_64-unknown-linux-gnu-gcc -O2 -m64 -march=x86-64 -mtune=generic -flto=auto -ffat-lto-objects -fPIE -fPIC -D_LARGEFILE64_SOURCE=1 -DHAVE_HIDDEN  -DPIC -c -o objs/gzlib.o gzlib.c
x86_64-unknown-linux-gnu-gcc -O2 -m64 -march=x86-64 -mtune=generic -flto=auto -ffat-lto-objects -fPIE -D_LARGEFILE64_SOURCE=1 -DHAVE_HIDDEN -I. -D_FILE_OFFSET_BITS=64 -c -o example64.o test/example.c
x86_64-unknown-linux-gnu-gcc -O2 -m64 -march=x86-64 -mtune=generic -flto=auto -ffat-lto-objects -fPIE -fPIC -D_LARGEFILE64_SOURCE=1 -DHAVE_HIDDEN  -DPIC -c -o objs/gzwrite.o gzwrite.c
x86_64-unknown-linux-gnu-gcc -O2 -m64 -march=x86-64 -mtune=generic -flto=auto -ffat-lto-objects -fPIE -D_LARGEFILE64_SOURCE=1 -DHAVE_HIDDEN -I. -D_FILE_OFFSET_BITS=64 -c -o minigzip64.o test/minigzip.c
x86_64-unknown-linux-gnu-gcc -O2 -m64 -march=x86-64 -mtune=generic -flto=auto -ffat-lto-objects -fPIE -fPIC -D_LARGEFILE64_SOURCE=1 -DHAVE_HIDDEN  -DPIC -c -o objs/gzread.o gzread.c
x86_64-unknown-linux-gnu-ar rc libz.a adler32.o crc32.o deflate.o infback.o inffast.o inflate.o inftrees.o trees.o zutil.o compress.o uncompr.o gzclose.o gzlib.o gzread.o gzwrite.o 
x86_64-unknown-linux-gnu-gcc -O2 -m64 -march=x86-64 -mtune=generic -flto=auto -ffat-lto-objects -fPIE -D_LARGEFILE64_SOURCE=1 -DHAVE_HIDDEN -o example example.o  -L. libz.a
x86_64-unknown-linux-gnu-gcc -O2 -m64 -march=x86-64 -mtune=generic -flto=auto -ffat-lto-objects -fPIE -D_LARGEFILE64_SOURCE=1 -DHAVE_HIDDEN -o minigzip minigzip.o  -L. libz.a
x86_64-unknown-linux-gnu-gcc -O2 -m64 -march=x86-64 -mtune=generic -flto=auto -ffat-lto-objects -fPIE -D_LARGEFILE64_SOURCE=1 -DHAVE_HIDDEN -o minigzip64 minigzip64.o  -L. libz.a
x86_64-unknown-linux-gnu-gcc -O2 -m64 -march=x86-64 -mtune=generic -flto=auto -ffat-lto-objects -fPIE -D_LARGEFILE64_SOURCE=1 -DHAVE_HIDDEN -o example64 example64.o  -L. libz.a
x86_64-unknown-linux-gnu-gcc -shared -Wl,-soname,libz.so.1,--version-script,zlib.map -O2 -m64 -march=x86-64 -mtune=generic -flto=auto -ffat-lto-objects -fPIE -fPIC -D_LARGEFILE64_SOURCE=1 -DHAVE_HIDDEN -o libz.so.1.2.13 adler32.lo crc32.lo deflate.lo infback.lo inffast.lo inflate.lo inftrees.lo trees.lo zutil.lo compress.lo uncompr.lo gzclose.lo gzlib.lo gzread.lo gzwrite.lo  -lc 
rm -f libz.so libz.so.1
ln -s libz.so.1.2.13 libz.so
ln -s libz.so.1.2.13 libz.so.1
x86_64-unknown-linux-gnu-gcc -O2 -m64 -march=x86-64 -mtune=generic -flto=auto -ffat-lto-objects -fPIE -D_LARGEFILE64_SOURCE=1 -DHAVE_HIDDEN -o examplesh example.o  -L. libz.so.1.2.13
x86_64-unknown-linux-gnu-gcc -O2 -m64 -march=x86-64 -mtune=generic -flto=auto -ffat-lto-objects -fPIE -D_LARGEFILE64_SOURCE=1 -DHAVE_HIDDEN -o minigzipsh minigzip.o  -L. libz.so.1.2.13
+ make DESTDIR=/home/devel/building/work/pkg install
rm -f /home/devel/building/work/pkg/usr/lib/libz.a
cp libz.a /home/devel/building/work/pkg/usr/lib
chmod 644 /home/devel/building/work/pkg/usr/lib/libz.a
cp libz.so.1.2.13 /home/devel/building/work/pkg/lib
chmod 755 /home/devel/building/work/pkg/lib/libz.so.1.2.13
rm -f /home/devel/building/work/pkg/usr/share/man/man3/zlib.3
cp zlib.3 /home/devel/building/work/pkg/usr/share/man/man3
chmod 644 /home/devel/building/work/pkg/usr/share/man/man3/zlib.3
rm -f /home/devel/building/work/pkg/usr/lib/pkgconfig/zlib.pc
cp zlib.pc /home/devel/building/work/pkg/usr/lib/pkgconfig
chmod 644 /home/devel/building/work/pkg/usr/lib/pkgconfig/zlib.pc
rm -f /home/devel/building/work/pkg/usr/include/zlib.h /home/devel/building/work/pkg/usr/include/zconf.h
cp zlib.h zconf.h /home/devel/building/work/pkg/usr/include
chmod 644 /home/devel/building/work/pkg/usr/include/zlib.h /home/devel/building/work/pkg/usr/include/zconf.h
+ ln -sf ../../lib/libz.so.1.2.13 /home/devel/building/work/pkg/usr/lib/libz.so
+ rm /home/devel/building/work/pkg/lib/libz.so
=======> Build result:
drwxr-xr-x  0 root   root        0 Jul 26 10:25 lib/
lrwxrwxrwx  0 root   root        0 Jul 26 10:25 lib/libz.so.1 -> libz.so.1.2.13
-rwxr-xr-x  0 root   root   100848 Jul 26 10:25 lib/libz.so.1.2.13
drwxr-xr-x  0 root   root        0 Jul 26 10:25 usr/
drwxr-xr-x  0 root   root        0 Jul 26 10:25 usr/include/
drwxr-xr-x  0 root   root        0 Jul 26 10:25 usr/share/
drwxr-xr-x  0 root   root        0 Jul 26 10:25 usr/lib/
lrwxrwxrwx  0 root   root        0 Jul 26 10:25 usr/lib/libz.so -> ../../lib/libz.so.1.2.13
-rw-r--r--  0 root   root   550502 Jul 26 10:25 usr/lib/libz.a
drwxr-xr-x  0 root   root        0 Jul 26 10:25 usr/lib/pkgconfig/
-rw-r--r--  0 root   root      248 Jul 26 10:25 usr/lib/pkgconfig/zlib.pc
drwxr-xr-x  0 root   root        0 Jul 26 10:25 usr/share/man/
drwxr-xr-x  0 root   root        0 Jul 26 10:25 usr/share/man/man3/
-rw-r--r--  0 root   root     2099 Jul 26 10:25 usr/share/man/man3/zlib.3.gz
-rw-r--r--  0 root   root    16589 Jul 26 10:25 usr/include/zconf.h
-rw-r--r--  0 root   root    97323 Jul 26 10:25 usr/include/zlib.h
=======> Building '/home/devel/packages/zlib#1.2.13-3.x86_64.pkg.tar.xz' succeeded.
prt-get: Using PKGMK_PACKAGE_DIR: /home/devel/packages
prt-get: reinstalling zlib 1.2.13-3
prt-get: /usr/bin/pkgadd -u zlib#1.2.13-3.x86_64.pkg.tar.xz
prt-get: build done Wed Jul 26 10:25:54 2023

